[100%] Built target tmrdriver
-- Install configuration: ""
-- Up-to-date: /home/omron/Omron_TM_ROS2/install/tmrlib/share/tmrlib/environment/library_path.sh
-- Up-to-date: /home/omron/Omron_TM_ROS2/install/tmrlib/share/tmrlib/environment/library_path.dsv
-- Up-to-date: /home/omron/Omron_TM_ROS2/install/tmrlib/include
-- Up-to-date: /home/omron/Omron_TM_ROS2/install/tmrlib/include/tmr
-- Up-to-date: /home/omron/Omron_TM_ROS2/install/tmrlib/include/tmr/tmr_driver.h
-- Up-to-date: /home/omron/Omron_TM_ROS2/install/tmrlib/include/tmr/tmr_print.h
-- Up-to-date: /home/omron/Omron_TM_ROS2/install/tmrlib/include/tmr/tmr_data_table.h
-- Up-to-date: /home/omron/Omron_TM_ROS2/install/tmrlib/include/tmr/tmr_communication.h
-- Up-to-date: /home/omron/Omron_TM_ROS2/install/tmrlib/include/tmr/tmr_robot_state.h
-- Up-to-date: /home/omron/Omron_TM_ROS2/install/tmrlib/include/tmr/tmr_command.h
-- Up-to-date: /home/omron/Omron_TM_ROS2/install/tmrlib/include/tmr/tmr_tmsvr_communication.h
-- Up-to-date: /home/omron/Omron_TM_ROS2/install/tmrlib/include/tmr/tmr_tmpacket.h
-- Up-to-date: /home/omron/Omron_TM_ROS2/install/tmrlib/include/tmr/tmr_tmsct_communication.h
-- Up-to-date: /home/omron/Omron_TM_ROS2/install/tmrlib/lib/libtmrdriver.a
-- Up-to-date: /home/omron/Omron_TM_ROS2/install/tmrlib/share/ament_index/resource_index/package_run_dependencies/tmrlib
-- Up-to-date: /home/omron/Omron_TM_ROS2/install/tmrlib/share/ament_index/resource_index/parent_prefix_path/tmrlib
-- Up-to-date: /home/omron/Omron_TM_ROS2/install/tmrlib/share/tmrlib/environment/ament_prefix_path.sh
-- Up-to-date: /home/omron/Omron_TM_ROS2/install/tmrlib/share/tmrlib/environment/ament_prefix_path.dsv
-- Up-to-date: /home/omron/Omron_TM_ROS2/install/tmrlib/share/tmrlib/environment/path.sh
-- Up-to-date: /home/omron/Omron_TM_ROS2/install/tmrlib/share/tmrlib/environment/path.dsv
-- Up-to-date: /home/omron/Omron_TM_ROS2/install/tmrlib/share/tmrlib/local_setup.bash
-- Up-to-date: /home/omron/Omron_TM_ROS2/install/tmrlib/share/tmrlib/local_setup.sh
-- Up-to-date: /home/omron/Omron_TM_ROS2/install/tmrlib/share/tmrlib/local_setup.zsh
-- Up-to-date: /home/omron/Omron_TM_ROS2/install/tmrlib/share/tmrlib/local_setup.dsv
-- Installing: /home/omron/Omron_TM_ROS2/install/tmrlib/share/tmrlib/package.dsv
-- Up-to-date: /home/omron/Omron_TM_ROS2/install/tmrlib/share/ament_index/resource_index/packages/tmrlib
-- Up-to-date: /home/omron/Omron_TM_ROS2/install/tmrlib/share/tmrlib/cmake/export_tmrdriverExport.cmake
-- Up-to-date: /home/omron/Omron_TM_ROS2/install/tmrlib/share/tmrlib/cmake/export_tmrdriverExport-noconfig.cmake
-- Up-to-date: /home/omron/Omron_TM_ROS2/install/tmrlib/share/tmrlib/cmake/ament_cmake_export_targets-extras.cmake
-- Up-to-date: /home/omron/Omron_TM_ROS2/install/tmrlib/share/tmrlib/cmake/tmrlibConfig.cmake
-- Up-to-date: /home/omron/Omron_TM_ROS2/install/tmrlib/share/tmrlib/cmake/tmrlibConfig-version.cmake
-- Up-to-date: /home/omron/Omron_TM_ROS2/install/tmrlib/share/tmrlib/package.xml
