[0.097s] Invoking command in '/home/omron/Omron_TM_ROS2/build/tmrlib': CMAKE_PREFIX_PATH=${CMAKE_PREFIX_PATH}:/home/omron/Omron_TM_ROS2/install/tmr_mod_urdf:/home/omron/Omron_TM_ROS2/install/tm_get_status:/home/omron/Omron_TM_ROS2/install/rviz_tm:/home/omron/Omron_TM_ROS2/install/pickplace:/opt/ros/foxy /usr/bin/cmake --build /home/omron/Omron_TM_ROS2/build/tmrlib -- -j8 -l8
[0.933s] [100%] Built target tmrdriver
[0.942s] Invoked command in '/home/omron/Omron_TM_ROS2/build/tmrlib' returned '0': CMAKE_PREFIX_PATH=${CMAKE_PREFIX_PATH}:/home/omron/Omron_TM_ROS2/install/tmr_mod_urdf:/home/omron/Omron_TM_ROS2/install/tm_get_status:/home/omron/Omron_TM_ROS2/install/rviz_tm:/home/omron/Omron_TM_ROS2/install/pickplace:/opt/ros/foxy /usr/bin/cmake --build /home/omron/Omron_TM_ROS2/build/tmrlib -- -j8 -l8
[1.032s] Invoking command in '/home/omron/Omron_TM_ROS2/build/tmrlib': CMAKE_PREFIX_PATH=${CMAKE_PREFIX_PATH}:/home/omron/Omron_TM_ROS2/install/tmr_mod_urdf:/home/omron/Omron_TM_ROS2/install/tm_get_status:/home/omron/Omron_TM_ROS2/install/rviz_tm:/home/omron/Omron_TM_ROS2/install/pickplace:/opt/ros/foxy /usr/bin/cmake --install /home/omron/Omron_TM_ROS2/build/tmrlib
[1.051s] -- Install configuration: ""
[1.052s] -- Up-to-date: /home/omron/Omron_TM_ROS2/install/tmrlib/share/tmrlib/environment/library_path.sh
[1.053s] -- Up-to-date: /home/omron/Omron_TM_ROS2/install/tmrlib/share/tmrlib/environment/library_path.dsv
[1.053s] -- Up-to-date: /home/omron/Omron_TM_ROS2/install/tmrlib/include
[1.053s] -- Up-to-date: /home/omron/Omron_TM_ROS2/install/tmrlib/include/tmr
[1.054s] -- Up-to-date: /home/omron/Omron_TM_ROS2/install/tmrlib/include/tmr/tmr_driver.h
[1.054s] -- Up-to-date: /home/omron/Omron_TM_ROS2/install/tmrlib/include/tmr/tmr_print.h
[1.054s] -- Up-to-date: /home/omron/Omron_TM_ROS2/install/tmrlib/include/tmr/tmr_data_table.h
[1.055s] -- Up-to-date: /home/omron/Omron_TM_ROS2/install/tmrlib/include/tmr/tmr_communication.h
[1.055s] -- Up-to-date: /home/omron/Omron_TM_ROS2/install/tmrlib/include/tmr/tmr_robot_state.h
[1.055s] -- Up-to-date: /home/omron/Omron_TM_ROS2/install/tmrlib/include/tmr/tmr_command.h
[1.055s] -- Up-to-date: /home/omron/Omron_TM_ROS2/install/tmrlib/include/tmr/tmr_tmsvr_communication.h
[1.055s] -- Up-to-date: /home/omron/Omron_TM_ROS2/install/tmrlib/include/tmr/tmr_tmpacket.h
[1.056s] -- Up-to-date: /home/omron/Omron_TM_ROS2/install/tmrlib/include/tmr/tmr_tmsct_communication.h
[1.056s] -- Up-to-date: /home/omron/Omron_TM_ROS2/install/tmrlib/lib/libtmrdriver.a
[1.056s] -- Up-to-date: /home/omron/Omron_TM_ROS2/install/tmrlib/share/ament_index/resource_index/package_run_dependencies/tmrlib
[1.059s] -- Up-to-date: /home/omron/Omron_TM_ROS2/install/tmrlib/share/ament_index/resource_index/parent_prefix_path/tmrlib
[1.059s] -- Up-to-date: /home/omron/Omron_TM_ROS2/install/tmrlib/share/tmrlib/environment/ament_prefix_path.sh
[1.060s] -- Up-to-date: /home/omron/Omron_TM_ROS2/install/tmrlib/share/tmrlib/environment/ament_prefix_path.dsv
[1.060s] -- Up-to-date: /home/omron/Omron_TM_ROS2/install/tmrlib/share/tmrlib/environment/path.sh
[1.061s] -- Up-to-date: /home/omron/Omron_TM_ROS2/install/tmrlib/share/tmrlib/environment/path.dsv
[1.061s] -- Up-to-date: /home/omron/Omron_TM_ROS2/install/tmrlib/share/tmrlib/local_setup.bash
[1.062s] -- Up-to-date: /home/omron/Omron_TM_ROS2/install/tmrlib/share/tmrlib/local_setup.sh
[1.063s] -- Up-to-date: /home/omron/Omron_TM_ROS2/install/tmrlib/share/tmrlib/local_setup.zsh
[1.064s] -- Up-to-date: /home/omron/Omron_TM_ROS2/install/tmrlib/share/tmrlib/local_setup.dsv
[1.064s] -- Installing: /home/omron/Omron_TM_ROS2/install/tmrlib/share/tmrlib/package.dsv
[1.066s] -- Up-to-date: /home/omron/Omron_TM_ROS2/install/tmrlib/share/ament_index/resource_index/packages/tmrlib
[1.066s] -- Up-to-date: /home/omron/Omron_TM_ROS2/install/tmrlib/share/tmrlib/cmake/export_tmrdriverExport.cmake
[1.066s] -- Up-to-date: /home/omron/Omron_TM_ROS2/install/tmrlib/share/tmrlib/cmake/export_tmrdriverExport-noconfig.cmake
[1.066s] -- Up-to-date: /home/omron/Omron_TM_ROS2/install/tmrlib/share/tmrlib/cmake/ament_cmake_export_targets-extras.cmake
[1.067s] -- Up-to-date: /home/omron/Omron_TM_ROS2/install/tmrlib/share/tmrlib/cmake/tmrlibConfig.cmake
[1.067s] -- Up-to-date: /home/omron/Omron_TM_ROS2/install/tmrlib/share/tmrlib/cmake/tmrlibConfig-version.cmake
[1.067s] -- Up-to-date: /home/omron/Omron_TM_ROS2/install/tmrlib/share/tmrlib/package.xml
[1.099s] Invoked command in '/home/omron/Omron_TM_ROS2/build/tmrlib' returned '0': CMAKE_PREFIX_PATH=${CMAKE_PREFIX_PATH}:/home/omron/Omron_TM_ROS2/install/tmr_mod_urdf:/home/omron/Omron_TM_ROS2/install/tm_get_status:/home/omron/Omron_TM_ROS2/install/rviz_tm:/home/omron/Omron_TM_ROS2/install/pickplace:/opt/ros/foxy /usr/bin/cmake --install /home/omron/Omron_TM_ROS2/build/tmrlib
