-- Found ament_cmake: 0.9.8 (/opt/ros/foxy/share/ament_cmake/cmake)
-- Using PYTHON_EXECUTABLE: /usr/bin/python3
-- Override CMake install command with custom implementation using symlinks instead of copying resources
-- Found rclcpp: 2.3.1 (/opt/ros/foxy/share/rclcpp/cmake)
-- Using all available rosidl_typesupport_c: rosidl_typesupport_fastrtps_c;rosidl_typesupport_introspection_c
-- Found rosidl_adapter: 1.2.1 (/opt/ros/foxy/share/rosidl_adapter/cmake)
-- Using all available rosidl_typesupport_cpp: rosidl_typesupport_fastrtps_cpp;rosidl_typesupport_introspection_cpp
-- Found rmw_implementation_cmake: 1.0.3 (/opt/ros/foxy/share/rmw_implementation_cmake/cmake)
-- Using RMW implementation 'rmw_fastrtps_cpp' as default
-- Found sensor_msgs: 2.0.4 (/opt/ros/foxy/share/sensor_msgs/cmake)
-- Found trajectory_msgs: 2.0.4 (/opt/ros/foxy/share/trajectory_msgs/cmake)
-- Found control_msgs: 2.5.0 (/opt/ros/foxy/share/control_msgs/cmake)
-- Found rclcpp_action: 2.3.1 (/opt/ros/foxy/share/rclcpp_action/cmake)
-- Found tmr_msgs: 1.0.0 (/home/gy/Omron_TM_ROS2/install/tmr_msgs/share/tmr_msgs/cmake)
-- Found tmrlib: 1.0.0 (/home/gy/Omron_TM_ROS2/install/tmrlib/share/tmrlib/cmake)
-- Found ament_lint_auto: 0.9.6 (/opt/ros/foxy/share/ament_lint_auto/cmake)
-- Added test 'copyright' to check source files copyright and LICENSE
-- Added test 'cppcheck' to perform static code analysis on C / C++ code
-- Configured cppcheck include dirs: /home/gy/Omron_TM_ROS2/tmr_driver/include
-- Configured cppcheck exclude dirs and/or files: 
-- Added test 'cpplint' to check C / C++ code against the Google style
-- Configured cpplint exclude dirs and/or files: 
-- Added test 'flake8' to check Python code syntax and style conventions
-- Added test 'lint_cmake' to check CMake code style
-- Added test 'pep257' to check Python code against some of the style conventions in PEP 257
-- Added test 'uncrustify' to check C / C++ code style
-- Configured uncrustify additional arguments: 
-- Added test 'xmllint' to check XML markup files
-- Configuring done
-- Generating done
-- Build files have been written to: /home/gy/Omron_TM_ROS2/build/tmr_driver
[35m[1mScanning dependencies of target tmr_driver[0m
[ 25%] [32mBuilding CXX object CMakeFiles/tmr_driver.dir/src/tmr_ros2_composition.cpp.o[0m
[ 50%] [32mBuilding CXX object CMakeFiles/tmr_driver.dir/src/tmr_ros2_svr.cpp.o[0m
[ 75%] [32mBuilding CXX object CMakeFiles/tmr_driver.dir/src/tmr_ros2_sct.cpp.o[0m
[100%] [32m[1mLinking CXX executable tmr_driver[0m
[100%] Built target tmr_driver
-- Install configuration: ""
-- Execute custom install script
-- Up-to-date symlink: /home/gy/Omron_TM_ROS2/install/tmr_driver/lib/tmr_driver/tmr_driver
-- Up-to-date symlink: /home/gy/Omron_TM_ROS2/install/tmr_driver/share/tmr_driver/launch/tmr_bringup.launch.py
-- Up-to-date symlink: /home/gy/Omron_TM_ROS2/install/tmr_driver/share/tmr_driver/launch/tmr_bringup.py
-- Up-to-date symlink: /home/gy/Omron_TM_ROS2/install/tmr_driver/share/ament_index/resource_index/package_run_dependencies/tmr_driver
-- Up-to-date symlink: /home/gy/Omron_TM_ROS2/install/tmr_driver/share/ament_index/resource_index/parent_prefix_path/tmr_driver
-- Up-to-date symlink: /home/gy/Omron_TM_ROS2/install/tmr_driver/share/tmr_driver/environment/ament_prefix_path.sh
-- Up-to-date symlink: /home/gy/Omron_TM_ROS2/install/tmr_driver/share/tmr_driver/environment/ament_prefix_path.dsv
-- Up-to-date symlink: /home/gy/Omron_TM_ROS2/install/tmr_driver/share/tmr_driver/environment/path.sh
-- Up-to-date symlink: /home/gy/Omron_TM_ROS2/install/tmr_driver/share/tmr_driver/environment/path.dsv
-- Up-to-date symlink: /home/gy/Omron_TM_ROS2/install/tmr_driver/share/tmr_driver/local_setup.bash
-- Up-to-date symlink: /home/gy/Omron_TM_ROS2/install/tmr_driver/share/tmr_driver/local_setup.sh
-- Up-to-date symlink: /home/gy/Omron_TM_ROS2/install/tmr_driver/share/tmr_driver/local_setup.zsh
-- Up-to-date symlink: /home/gy/Omron_TM_ROS2/install/tmr_driver/share/tmr_driver/local_setup.dsv
-- Symlinking: /home/gy/Omron_TM_ROS2/install/tmr_driver/share/tmr_driver/package.dsv
-- Up-to-date symlink: /home/gy/Omron_TM_ROS2/install/tmr_driver/share/ament_index/resource_index/packages/tmr_driver
-- Up-to-date symlink: /home/gy/Omron_TM_ROS2/install/tmr_driver/share/tmr_driver/cmake/tmr_driverConfig.cmake
-- Up-to-date symlink: /home/gy/Omron_TM_ROS2/install/tmr_driver/share/tmr_driver/cmake/tmr_driverConfig-version.cmake
-- Up-to-date symlink: /home/gy/Omron_TM_ROS2/install/tmr_driver/share/tmr_driver/package.xml
