[0.055s] Invoking command in '/home/gy/Omron_TM_ROS2/build/tmr_driver': AMENT_PREFIX_PATH=/home/gy/Omron_TM_ROS2/install/tmrlib:/home/gy/Omron_TM_ROS2/install/tmr_msgs:${AMENT_PREFIX_PATH} CMAKE_PREFIX_PATH=/home/gy/Omron_TM_ROS2/install/tmrlib:/home/gy/Omron_TM_ROS2/install/tmr_msgs:/opt/ros/foxy LD_LIBRARY_PATH=/home/gy/Omron_TM_ROS2/install/tmrlib/lib:/home/gy/Omron_TM_ROS2/install/tmr_msgs/lib:${LD_LIBRARY_PATH} PYTHONPATH=/home/gy/Omron_TM_ROS2/install/tmr_msgs/lib/python3.8/site-packages:${PYTHONPATH} /usr/bin/cmake /home/gy/Omron_TM_ROS2/tmr_driver -DCMAKE_INSTALL_PREFIX=/home/gy/Omron_TM_ROS2/install/tmr_driver
[0.075s] -- Found ament_cmake: 0.9.8 (/opt/ros/foxy/share/ament_cmake/cmake)
[0.110s] -- Using PYTHON_EXECUTABLE: /usr/bin/python3
[0.309s] -- Override CMake install command with custom implementation using symlinks instead of copying resources
[0.320s] -- Found rclcpp: 2.3.1 (/opt/ros/foxy/share/rclcpp/cmake)
[0.356s] -- Using all available rosidl_typesupport_c: rosidl_typesupport_fastrtps_c;rosidl_typesupport_introspection_c
[0.360s] -- Found rosidl_adapter: 1.2.1 (/opt/ros/foxy/share/rosidl_adapter/cmake)
[0.470s] -- Using all available rosidl_typesupport_cpp: rosidl_typesupport_fastrtps_cpp;rosidl_typesupport_introspection_cpp
[0.529s] -- Found rmw_implementation_cmake: 1.0.3 (/opt/ros/foxy/share/rmw_implementation_cmake/cmake)
[0.529s] -- Using RMW implementation 'rmw_fastrtps_cpp' as default
[0.694s] -- Found sensor_msgs: 2.0.4 (/opt/ros/foxy/share/sensor_msgs/cmake)
[0.856s] -- Found trajectory_msgs: 2.0.4 (/opt/ros/foxy/share/trajectory_msgs/cmake)
[1.454s] -- Found control_msgs: 2.5.0 (/opt/ros/foxy/share/control_msgs/cmake)
[1.852s] -- Found rclcpp_action: 2.3.1 (/opt/ros/foxy/share/rclcpp_action/cmake)
[2.101s] -- Found tmr_msgs: 1.0.0 (/home/gy/Omron_TM_ROS2/install/tmr_msgs/share/tmr_msgs/cmake)
[2.140s] -- Found tmrlib: 1.0.0 (/home/gy/Omron_TM_ROS2/install/tmrlib/share/tmrlib/cmake)
[2.142s] -- Found ament_lint_auto: 0.9.6 (/opt/ros/foxy/share/ament_lint_auto/cmake)
[2.241s] -- Added test 'copyright' to check source files copyright and LICENSE
[2.243s] -- Added test 'cppcheck' to perform static code analysis on C / C++ code
[2.243s] -- Configured cppcheck include dirs: /home/gy/Omron_TM_ROS2/tmr_driver/include
[2.243s] -- Configured cppcheck exclude dirs and/or files: 
[2.245s] -- Added test 'cpplint' to check C / C++ code against the Google style
[2.245s] -- Configured cpplint exclude dirs and/or files: 
[2.246s] -- Added test 'flake8' to check Python code syntax and style conventions
[2.246s] -- Added test 'lint_cmake' to check CMake code style
[2.248s] -- Added test 'pep257' to check Python code against some of the style conventions in PEP 257
[2.248s] -- Added test 'uncrustify' to check C / C++ code style
[2.248s] -- Configured uncrustify additional arguments: 
[2.250s] -- Added test 'xmllint' to check XML markup files
[2.256s] -- Configuring done
[2.297s] -- Generating done
[2.302s] -- Build files have been written to: /home/gy/Omron_TM_ROS2/build/tmr_driver
[2.319s] Invoked command in '/home/gy/Omron_TM_ROS2/build/tmr_driver' returned '0': AMENT_PREFIX_PATH=/home/gy/Omron_TM_ROS2/install/tmrlib:/home/gy/Omron_TM_ROS2/install/tmr_msgs:${AMENT_PREFIX_PATH} CMAKE_PREFIX_PATH=/home/gy/Omron_TM_ROS2/install/tmrlib:/home/gy/Omron_TM_ROS2/install/tmr_msgs:/opt/ros/foxy LD_LIBRARY_PATH=/home/gy/Omron_TM_ROS2/install/tmrlib/lib:/home/gy/Omron_TM_ROS2/install/tmr_msgs/lib:${LD_LIBRARY_PATH} PYTHONPATH=/home/gy/Omron_TM_ROS2/install/tmr_msgs/lib/python3.8/site-packages:${PYTHONPATH} /usr/bin/cmake /home/gy/Omron_TM_ROS2/tmr_driver -DCMAKE_INSTALL_PREFIX=/home/gy/Omron_TM_ROS2/install/tmr_driver
[2.322s] Invoking command in '/home/gy/Omron_TM_ROS2/build/tmr_driver': AMENT_PREFIX_PATH=/home/gy/Omron_TM_ROS2/install/tmrlib:/home/gy/Omron_TM_ROS2/install/tmr_msgs:${AMENT_PREFIX_PATH} CMAKE_PREFIX_PATH=/home/gy/Omron_TM_ROS2/install/tmrlib:/home/gy/Omron_TM_ROS2/install/tmr_msgs:/opt/ros/foxy LD_LIBRARY_PATH=/home/gy/Omron_TM_ROS2/install/tmrlib/lib:/home/gy/Omron_TM_ROS2/install/tmr_msgs/lib:${LD_LIBRARY_PATH} PYTHONPATH=/home/gy/Omron_TM_ROS2/install/tmr_msgs/lib/python3.8/site-packages:${PYTHONPATH} /usr/bin/cmake --build /home/gy/Omron_TM_ROS2/build/tmr_driver -- -j4 -l4
[2.624s] [35m[1mScanning dependencies of target tmr_driver[0m
[2.786s] [ 25%] [32mBuilding CXX object CMakeFiles/tmr_driver.dir/src/tmr_ros2_composition.cpp.o[0m
[6.173s] [ 50%] [32mBuilding CXX object CMakeFiles/tmr_driver.dir/src/tmr_ros2_svr.cpp.o[0m
[13.465s] [ 75%] [32mBuilding CXX object CMakeFiles/tmr_driver.dir/src/tmr_ros2_sct.cpp.o[0m
[22.642s] [100%] [32m[1mLinking CXX executable tmr_driver[0m
[23.802s] [100%] Built target tmr_driver
[23.823s] Invoked command in '/home/gy/Omron_TM_ROS2/build/tmr_driver' returned '0': AMENT_PREFIX_PATH=/home/gy/Omron_TM_ROS2/install/tmrlib:/home/gy/Omron_TM_ROS2/install/tmr_msgs:${AMENT_PREFIX_PATH} CMAKE_PREFIX_PATH=/home/gy/Omron_TM_ROS2/install/tmrlib:/home/gy/Omron_TM_ROS2/install/tmr_msgs:/opt/ros/foxy LD_LIBRARY_PATH=/home/gy/Omron_TM_ROS2/install/tmrlib/lib:/home/gy/Omron_TM_ROS2/install/tmr_msgs/lib:${LD_LIBRARY_PATH} PYTHONPATH=/home/gy/Omron_TM_ROS2/install/tmr_msgs/lib/python3.8/site-packages:${PYTHONPATH} /usr/bin/cmake --build /home/gy/Omron_TM_ROS2/build/tmr_driver -- -j4 -l4
[23.883s] Invoking command in '/home/gy/Omron_TM_ROS2/build/tmr_driver': AMENT_PREFIX_PATH=/home/gy/Omron_TM_ROS2/install/tmrlib:/home/gy/Omron_TM_ROS2/install/tmr_msgs:${AMENT_PREFIX_PATH} CMAKE_PREFIX_PATH=/home/gy/Omron_TM_ROS2/install/tmrlib:/home/gy/Omron_TM_ROS2/install/tmr_msgs:/opt/ros/foxy LD_LIBRARY_PATH=/home/gy/Omron_TM_ROS2/install/tmrlib/lib:/home/gy/Omron_TM_ROS2/install/tmr_msgs/lib:${LD_LIBRARY_PATH} PYTHONPATH=/home/gy/Omron_TM_ROS2/install/tmr_msgs/lib/python3.8/site-packages:${PYTHONPATH} /usr/bin/cmake --install /home/gy/Omron_TM_ROS2/build/tmr_driver
[23.895s] -- Install configuration: ""
[23.896s] -- Execute custom install script
[23.896s] -- Up-to-date symlink: /home/gy/Omron_TM_ROS2/install/tmr_driver/lib/tmr_driver/tmr_driver
[23.897s] -- Up-to-date symlink: /home/gy/Omron_TM_ROS2/install/tmr_driver/share/tmr_driver/launch/tmr_bringup.launch.py
[23.897s] -- Up-to-date symlink: /home/gy/Omron_TM_ROS2/install/tmr_driver/share/tmr_driver/launch/tmr_bringup.py
[23.897s] -- Up-to-date symlink: /home/gy/Omron_TM_ROS2/install/tmr_driver/share/ament_index/resource_index/package_run_dependencies/tmr_driver
[23.898s] -- Up-to-date symlink: /home/gy/Omron_TM_ROS2/install/tmr_driver/share/ament_index/resource_index/parent_prefix_path/tmr_driver
[23.898s] -- Up-to-date symlink: /home/gy/Omron_TM_ROS2/install/tmr_driver/share/tmr_driver/environment/ament_prefix_path.sh
[23.898s] -- Up-to-date symlink: /home/gy/Omron_TM_ROS2/install/tmr_driver/share/tmr_driver/environment/ament_prefix_path.dsv
[23.899s] -- Up-to-date symlink: /home/gy/Omron_TM_ROS2/install/tmr_driver/share/tmr_driver/environment/path.sh
[23.899s] -- Up-to-date symlink: /home/gy/Omron_TM_ROS2/install/tmr_driver/share/tmr_driver/environment/path.dsv
[23.899s] -- Up-to-date symlink: /home/gy/Omron_TM_ROS2/install/tmr_driver/share/tmr_driver/local_setup.bash
[23.900s] -- Up-to-date symlink: /home/gy/Omron_TM_ROS2/install/tmr_driver/share/tmr_driver/local_setup.sh
[23.900s] -- Up-to-date symlink: /home/gy/Omron_TM_ROS2/install/tmr_driver/share/tmr_driver/local_setup.zsh
[23.900s] -- Up-to-date symlink: /home/gy/Omron_TM_ROS2/install/tmr_driver/share/tmr_driver/local_setup.dsv
[23.901s] -- Symlinking: /home/gy/Omron_TM_ROS2/install/tmr_driver/share/tmr_driver/package.dsv
[23.913s] -- Up-to-date symlink: /home/gy/Omron_TM_ROS2/install/tmr_driver/share/ament_index/resource_index/packages/tmr_driver
[23.913s] -- Up-to-date symlink: /home/gy/Omron_TM_ROS2/install/tmr_driver/share/tmr_driver/cmake/tmr_driverConfig.cmake
[23.913s] -- Up-to-date symlink: /home/gy/Omron_TM_ROS2/install/tmr_driver/share/tmr_driver/cmake/tmr_driverConfig-version.cmake
[23.913s] -- Up-to-date symlink: /home/gy/Omron_TM_ROS2/install/tmr_driver/share/tmr_driver/package.xml
[23.922s] Invoked command in '/home/gy/Omron_TM_ROS2/build/tmr_driver' returned '0': AMENT_PREFIX_PATH=/home/gy/Omron_TM_ROS2/install/tmrlib:/home/gy/Omron_TM_ROS2/install/tmr_msgs:${AMENT_PREFIX_PATH} CMAKE_PREFIX_PATH=/home/gy/Omron_TM_ROS2/install/tmrlib:/home/gy/Omron_TM_ROS2/install/tmr_msgs:/opt/ros/foxy LD_LIBRARY_PATH=/home/gy/Omron_TM_ROS2/install/tmrlib/lib:/home/gy/Omron_TM_ROS2/install/tmr_msgs/lib:${LD_LIBRARY_PATH} PYTHONPATH=/home/gy/Omron_TM_ROS2/install/tmr_msgs/lib/python3.8/site-packages:${PYTHONPATH} /usr/bin/cmake --install /home/gy/Omron_TM_ROS2/build/tmr_driver
