[0.047s] Invoking command in '/home/gy/Omron_TM_ROS2/build/techman_robot_msgs': CMAKE_PREFIX_PATH=${CMAKE_PREFIX_PATH}:/home/gy/Omron_TM_ROS2/install/tmr_mod_urdf:/home/gy/Omron_TM_ROS2/install/tm_get_status:/opt/ros/foxy /usr/bin/cmake --build /home/gy/Omron_TM_ROS2/build/techman_robot_msgs -- -j3 -l3
[0.082s] CMake Error: The current CMakeCache.txt directory /home/gy/Omron_TM_ROS2/build/techman_robot_msgs/CMakeCache.txt is different than the directory /home/gy/tmr_ros2/build/techman_robot_msgs where CMakeCache.txt was created. This may result in binaries being created in the wrong place. If you are not sure, reedit the CMakeCache.txt
[0.195s] [  9%] Built target techman_robot_msgs__rosidl_generator_c
[0.207s] [ 12%] Built target techman_robot_msgs__cpp
[0.252s] [ 22%] Built target techman_robot_msgs__rosidl_typesupport_c
[0.289s] [ 32%] Built target techman_robot_msgs__rosidl_typesupport_introspection_c
[0.297s] [ 41%] Built target techman_robot_msgs__rosidl_typesupport_introspection_cpp
[0.337s] [ 51%] Built target techman_robot_msgs__rosidl_typesupport_fastrtps_cpp
[0.363s] [ 61%] Built target techman_robot_msgs__rosidl_typesupport_cpp
[0.440s] [ 70%] Built target techman_robot_msgs__rosidl_typesupport_fastrtps_c
[0.520s] [ 70%] Built target techman_robot_msgs
[0.563s] [ 74%] Built target techman_robot_msgs__py
[0.656s] [ 80%] Built target techman_robot_msgs__python
[0.761s] [ 87%] Built target techman_robot_msgs__rosidl_typesupport_introspection_c__pyext
[0.775s] [ 93%] Built target techman_robot_msgs__rosidl_typesupport_fastrtps_c__pyext
[0.786s] [100%] Built target techman_robot_msgs__rosidl_typesupport_c__pyext
[0.829s] Invoked command in '/home/gy/Omron_TM_ROS2/build/techman_robot_msgs' returned '0': CMAKE_PREFIX_PATH=${CMAKE_PREFIX_PATH}:/home/gy/Omron_TM_ROS2/install/tmr_mod_urdf:/home/gy/Omron_TM_ROS2/install/tm_get_status:/opt/ros/foxy /usr/bin/cmake --build /home/gy/Omron_TM_ROS2/build/techman_robot_msgs -- -j3 -l3
[1.147s] Invoking command in '/home/gy/Omron_TM_ROS2/build/techman_robot_msgs': CMAKE_PREFIX_PATH=${CMAKE_PREFIX_PATH}:/home/gy/Omron_TM_ROS2/install/tmr_mod_urdf:/home/gy/Omron_TM_ROS2/install/tm_get_status:/opt/ros/foxy /usr/bin/cmake --install /home/gy/Omron_TM_ROS2/build/techman_robot_msgs
[1.168s] -- Install configuration: ""
[1.168s] -- Up-to-date: /home/gy/tmr_ros2/install/techman_robot_msgs/share/ament_index/resource_index/rosidl_interfaces/techman_robot_msgs
[1.168s] -- Up-to-date: /home/gy/tmr_ros2/install/techman_robot_msgs/include/techman_robot_msgs
[1.168s] -- Up-to-date: /home/gy/tmr_ros2/install/techman_robot_msgs/include/techman_robot_msgs/srv
[1.169s] -- Up-to-date: /home/gy/tmr_ros2/install/techman_robot_msgs/include/techman_robot_msgs/srv/detail
[1.169s] -- Up-to-date: /home/gy/tmr_ros2/install/techman_robot_msgs/include/techman_robot_msgs/srv/detail/techman_robot_command__type_support.h
[1.169s] -- Up-to-date: /home/gy/tmr_ros2/install/techman_robot_msgs/include/techman_robot_msgs/srv/detail/techman_robot_command__functions.h
[1.169s] -- Up-to-date: /home/gy/tmr_ros2/install/techman_robot_msgs/include/techman_robot_msgs/srv/detail/techman_robot_command__functions.c
[1.169s] -- Up-to-date: /home/gy/tmr_ros2/install/techman_robot_msgs/include/techman_robot_msgs/srv/detail/techman_robot_command__struct.h
[1.169s] -- Up-to-date: /home/gy/tmr_ros2/install/techman_robot_msgs/include/techman_robot_msgs/srv/techman_robot_command.h
[1.169s] -- Up-to-date: /home/gy/tmr_ros2/install/techman_robot_msgs/include/techman_robot_msgs/msg
[1.170s] -- Up-to-date: /home/gy/tmr_ros2/install/techman_robot_msgs/include/techman_robot_msgs/msg/rosidl_generator_c__visibility_control.h
[1.170s] -- Up-to-date: /home/gy/tmr_ros2/install/techman_robot_msgs/share/techman_robot_msgs/environment/library_path.sh
[1.170s] -- Up-to-date: /home/gy/tmr_ros2/install/techman_robot_msgs/share/techman_robot_msgs/environment/library_path.dsv
[1.170s] -- Up-to-date: /home/gy/tmr_ros2/install/techman_robot_msgs/lib/libtechman_robot_msgs__rosidl_generator_c.so
[1.170s] -- Up-to-date: /home/gy/tmr_ros2/install/techman_robot_msgs/include/techman_robot_msgs
[1.171s] -- Up-to-date: /home/gy/tmr_ros2/install/techman_robot_msgs/include/techman_robot_msgs/srv
[1.171s] -- Up-to-date: /home/gy/tmr_ros2/install/techman_robot_msgs/include/techman_robot_msgs/srv/detail
[1.171s] -- Up-to-date: /home/gy/tmr_ros2/install/techman_robot_msgs/include/techman_robot_msgs/srv/detail/techman_robot_command__rosidl_typesupport_fastrtps_c.h
[1.171s] -- Up-to-date: /home/gy/tmr_ros2/install/techman_robot_msgs/include/techman_robot_msgs/msg
[1.171s] -- Up-to-date: /home/gy/tmr_ros2/install/techman_robot_msgs/include/techman_robot_msgs/msg/rosidl_typesupport_fastrtps_c__visibility_control.h
[1.171s] -- Up-to-date: /home/gy/tmr_ros2/install/techman_robot_msgs/lib/libtechman_robot_msgs__rosidl_typesupport_fastrtps_c.so
[1.172s] -- Up-to-date: /home/gy/tmr_ros2/install/techman_robot_msgs/include/techman_robot_msgs
[1.172s] -- Up-to-date: /home/gy/tmr_ros2/install/techman_robot_msgs/include/techman_robot_msgs/srv
[1.172s] -- Up-to-date: /home/gy/tmr_ros2/install/techman_robot_msgs/include/techman_robot_msgs/srv/detail
[1.172s] -- Up-to-date: /home/gy/tmr_ros2/install/techman_robot_msgs/include/techman_robot_msgs/srv/detail/techman_robot_command__rosidl_typesupport_fastrtps_cpp.hpp
[1.172s] -- Up-to-date: /home/gy/tmr_ros2/install/techman_robot_msgs/include/techman_robot_msgs/srv/detail/dds_fastrtps
[1.172s] -- Up-to-date: /home/gy/tmr_ros2/install/techman_robot_msgs/include/techman_robot_msgs/msg
[1.172s] -- Up-to-date: /home/gy/tmr_ros2/install/techman_robot_msgs/include/techman_robot_msgs/msg/rosidl_typesupport_fastrtps_cpp__visibility_control.h
[1.179s] -- Up-to-date: /home/gy/tmr_ros2/install/techman_robot_msgs/lib/libtechman_robot_msgs__rosidl_typesupport_fastrtps_cpp.so
[1.180s] -- Up-to-date: /home/gy/tmr_ros2/install/techman_robot_msgs/include/techman_robot_msgs
[1.180s] -- Up-to-date: /home/gy/tmr_ros2/install/techman_robot_msgs/include/techman_robot_msgs/srv
[1.180s] -- Up-to-date: /home/gy/tmr_ros2/install/techman_robot_msgs/include/techman_robot_msgs/srv/detail
[1.180s] -- Up-to-date: /home/gy/tmr_ros2/install/techman_robot_msgs/include/techman_robot_msgs/srv/detail/techman_robot_command__rosidl_typesupport_introspection_c.h
[1.180s] -- Up-to-date: /home/gy/tmr_ros2/install/techman_robot_msgs/include/techman_robot_msgs/srv/detail/techman_robot_command__type_support.c
[1.180s] -- Up-to-date: /home/gy/tmr_ros2/install/techman_robot_msgs/include/techman_robot_msgs/msg
[1.181s] -- Up-to-date: /home/gy/tmr_ros2/install/techman_robot_msgs/include/techman_robot_msgs/msg/rosidl_typesupport_introspection_c__visibility_control.h
[1.181s] -- Up-to-date: /home/gy/tmr_ros2/install/techman_robot_msgs/lib/libtechman_robot_msgs__rosidl_typesupport_introspection_c.so
[1.181s] -- Up-to-date: /home/gy/tmr_ros2/install/techman_robot_msgs/lib/libtechman_robot_msgs__rosidl_typesupport_c.so
[1.181s] -- Up-to-date: /home/gy/tmr_ros2/install/techman_robot_msgs/include/techman_robot_msgs
[1.181s] -- Up-to-date: /home/gy/tmr_ros2/install/techman_robot_msgs/include/techman_robot_msgs/srv
[1.182s] -- Up-to-date: /home/gy/tmr_ros2/install/techman_robot_msgs/include/techman_robot_msgs/srv/detail
[1.182s] -- Up-to-date: /home/gy/tmr_ros2/install/techman_robot_msgs/include/techman_robot_msgs/srv/detail/techman_robot_command__builder.hpp
[1.182s] -- Up-to-date: /home/gy/tmr_ros2/install/techman_robot_msgs/include/techman_robot_msgs/srv/detail/techman_robot_command__traits.hpp
[1.183s] -- Up-to-date: /home/gy/tmr_ros2/install/techman_robot_msgs/include/techman_robot_msgs/srv/detail/techman_robot_command__struct.hpp
[1.183s] -- Up-to-date: /home/gy/tmr_ros2/install/techman_robot_msgs/include/techman_robot_msgs/srv/techman_robot_command.hpp
[1.183s] -- Up-to-date: /home/gy/tmr_ros2/install/techman_robot_msgs/include/techman_robot_msgs
[1.183s] -- Up-to-date: /home/gy/tmr_ros2/install/techman_robot_msgs/include/techman_robot_msgs/srv
[1.183s] -- Up-to-date: /home/gy/tmr_ros2/install/techman_robot_msgs/include/techman_robot_msgs/srv/detail
[1.183s] -- Up-to-date: /home/gy/tmr_ros2/install/techman_robot_msgs/include/techman_robot_msgs/srv/detail/techman_robot_command__rosidl_typesupport_introspection_cpp.hpp
[1.184s] -- Up-to-date: /home/gy/tmr_ros2/install/techman_robot_msgs/include/techman_robot_msgs/srv/detail/techman_robot_command__type_support.cpp
[1.184s] -- Up-to-date: /home/gy/tmr_ros2/install/techman_robot_msgs/lib/libtechman_robot_msgs__rosidl_typesupport_introspection_cpp.so
[1.184s] -- Up-to-date: /home/gy/tmr_ros2/install/techman_robot_msgs/lib/libtechman_robot_msgs__rosidl_typesupport_cpp.so
[1.184s] -- Up-to-date: /home/gy/tmr_ros2/install/techman_robot_msgs/share/techman_robot_msgs/environment/pythonpath.sh
[1.184s] -- Up-to-date: /home/gy/tmr_ros2/install/techman_robot_msgs/share/techman_robot_msgs/environment/pythonpath.dsv
[1.184s] -- Up-to-date: /home/gy/tmr_ros2/install/techman_robot_msgs/lib/python3.8/site-packages/techman_robot_msgs/__init__.py
[1.282s] -- Up-to-date: /home/gy/tmr_ros2/install/techman_robot_msgs/lib/python3.8/site-packages/techman_robot_msgs/srv
[1.285s] -- Up-to-date: /home/gy/tmr_ros2/install/techman_robot_msgs/lib/python3.8/site-packages/techman_robot_msgs/srv/__init__.py
[1.285s] -- Up-to-date: /home/gy/tmr_ros2/install/techman_robot_msgs/lib/python3.8/site-packages/techman_robot_msgs/srv/_techman_robot_command_s.c
[1.285s] -- Up-to-date: /home/gy/tmr_ros2/install/techman_robot_msgs/lib/python3.8/site-packages/techman_robot_msgs/srv/_techman_robot_command.py
[1.286s] -- Up-to-date: /home/gy/tmr_ros2/install/techman_robot_msgs/lib/python3.8/site-packages/techman_robot_msgs/techman_robot_msgs_s__rosidl_typesupport_fastrtps_c.cpython-38-x86_64-linux-gnu.so
[1.286s] -- Up-to-date: /home/gy/tmr_ros2/install/techman_robot_msgs/lib/python3.8/site-packages/techman_robot_msgs/techman_robot_msgs_s__rosidl_typesupport_introspection_c.cpython-38-x86_64-linux-gnu.so
[1.287s] -- Up-to-date: /home/gy/tmr_ros2/install/techman_robot_msgs/lib/python3.8/site-packages/techman_robot_msgs/techman_robot_msgs_s__rosidl_typesupport_c.cpython-38-x86_64-linux-gnu.so
[1.287s] -- Up-to-date: /home/gy/tmr_ros2/install/techman_robot_msgs/lib/libtechman_robot_msgs__python.so
[1.288s] -- Up-to-date: /home/gy/tmr_ros2/install/techman_robot_msgs/share/techman_robot_msgs/srv/TechmanRobotCommand.idl
[1.288s] -- Up-to-date: /home/gy/tmr_ros2/install/techman_robot_msgs/share/techman_robot_msgs/srv/TechmanRobotCommand.srv
[1.288s] -- Up-to-date: /home/gy/tmr_ros2/install/techman_robot_msgs/share/techman_robot_msgs/srv/TechmanRobotCommand_Request.msg
[1.288s] -- Up-to-date: /home/gy/tmr_ros2/install/techman_robot_msgs/share/techman_robot_msgs/srv/TechmanRobotCommand_Response.msg
[1.288s] -- Up-to-date: /home/gy/tmr_ros2/install/techman_robot_msgs/share/ament_index/resource_index/package_run_dependencies/techman_robot_msgs
[1.288s] -- Up-to-date: /home/gy/tmr_ros2/install/techman_robot_msgs/share/ament_index/resource_index/parent_prefix_path/techman_robot_msgs
[1.289s] -- Up-to-date: /home/gy/tmr_ros2/install/techman_robot_msgs/share/techman_robot_msgs/environment/ament_prefix_path.sh
[1.291s] -- Up-to-date: /home/gy/tmr_ros2/install/techman_robot_msgs/share/techman_robot_msgs/environment/ament_prefix_path.dsv
[1.292s] -- Up-to-date: /home/gy/tmr_ros2/install/techman_robot_msgs/share/techman_robot_msgs/environment/path.sh
[1.292s] -- Up-to-date: /home/gy/tmr_ros2/install/techman_robot_msgs/share/techman_robot_msgs/environment/path.dsv
[1.292s] -- Up-to-date: /home/gy/tmr_ros2/install/techman_robot_msgs/share/techman_robot_msgs/local_setup.bash
[1.292s] -- Up-to-date: /home/gy/tmr_ros2/install/techman_robot_msgs/share/techman_robot_msgs/local_setup.sh
[1.292s] -- Up-to-date: /home/gy/tmr_ros2/install/techman_robot_msgs/share/techman_robot_msgs/local_setup.zsh
[1.292s] -- Up-to-date: /home/gy/tmr_ros2/install/techman_robot_msgs/share/techman_robot_msgs/local_setup.dsv
[1.292s] -- Up-to-date: /home/gy/tmr_ros2/install/techman_robot_msgs/share/techman_robot_msgs/package.dsv
[1.293s] -- Up-to-date: /home/gy/tmr_ros2/install/techman_robot_msgs/share/ament_index/resource_index/packages/techman_robot_msgs
[1.293s] -- Up-to-date: /home/gy/tmr_ros2/install/techman_robot_msgs/share/techman_robot_msgs/cmake/techman_robot_msgs__rosidl_generator_cExport.cmake
[1.293s] -- Up-to-date: /home/gy/tmr_ros2/install/techman_robot_msgs/share/techman_robot_msgs/cmake/techman_robot_msgs__rosidl_generator_cExport-noconfig.cmake
[1.294s] -- Up-to-date: /home/gy/tmr_ros2/install/techman_robot_msgs/share/techman_robot_msgs/cmake/techman_robot_msgs__rosidl_typesupport_introspection_cExport.cmake
[1.294s] -- Up-to-date: /home/gy/tmr_ros2/install/techman_robot_msgs/share/techman_robot_msgs/cmake/techman_robot_msgs__rosidl_typesupport_introspection_cExport-noconfig.cmake
[1.294s] -- Up-to-date: /home/gy/tmr_ros2/install/techman_robot_msgs/share/techman_robot_msgs/cmake/techman_robot_msgs__rosidl_typesupport_cExport.cmake
[1.294s] -- Up-to-date: /home/gy/tmr_ros2/install/techman_robot_msgs/share/techman_robot_msgs/cmake/techman_robot_msgs__rosidl_typesupport_cExport-noconfig.cmake
[1.295s] -- Up-to-date: /home/gy/tmr_ros2/install/techman_robot_msgs/share/techman_robot_msgs/cmake/techman_robot_msgs__rosidl_generator_cppExport.cmake
[1.295s] -- Up-to-date: /home/gy/tmr_ros2/install/techman_robot_msgs/share/techman_robot_msgs/cmake/techman_robot_msgs__rosidl_typesupport_introspection_cppExport.cmake
[1.295s] -- Up-to-date: /home/gy/tmr_ros2/install/techman_robot_msgs/share/techman_robot_msgs/cmake/techman_robot_msgs__rosidl_typesupport_introspection_cppExport-noconfig.cmake
[1.295s] -- Up-to-date: /home/gy/tmr_ros2/install/techman_robot_msgs/share/techman_robot_msgs/cmake/techman_robot_msgs__rosidl_typesupport_cppExport.cmake
[1.295s] -- Up-to-date: /home/gy/tmr_ros2/install/techman_robot_msgs/share/techman_robot_msgs/cmake/techman_robot_msgs__rosidl_typesupport_cppExport-noconfig.cmake
[1.295s] -- Up-to-date: /home/gy/tmr_ros2/install/techman_robot_msgs/share/techman_robot_msgs/cmake/rosidl_cmake-extras.cmake
[1.296s] -- Up-to-date: /home/gy/tmr_ros2/install/techman_robot_msgs/share/techman_robot_msgs/cmake/ament_cmake_export_dependencies-extras.cmake
[1.296s] -- Up-to-date: /home/gy/tmr_ros2/install/techman_robot_msgs/share/techman_robot_msgs/cmake/ament_cmake_export_libraries-extras.cmake
[1.296s] -- Up-to-date: /home/gy/tmr_ros2/install/techman_robot_msgs/share/techman_robot_msgs/cmake/ament_cmake_export_targets-extras.cmake
[1.296s] -- Up-to-date: /home/gy/tmr_ros2/install/techman_robot_msgs/share/techman_robot_msgs/cmake/ament_cmake_export_include_directories-extras.cmake
[1.296s] -- Up-to-date: /home/gy/tmr_ros2/install/techman_robot_msgs/share/techman_robot_msgs/cmake/rosidl_cmake_export_typesupport_libraries-extras.cmake
[1.296s] -- Up-to-date: /home/gy/tmr_ros2/install/techman_robot_msgs/share/techman_robot_msgs/cmake/rosidl_cmake_export_typesupport_targets-extras.cmake
[1.299s] -- Up-to-date: /home/gy/tmr_ros2/install/techman_robot_msgs/share/techman_robot_msgs/cmake/techman_robot_msgsConfig.cmake
[1.301s] -- Up-to-date: /home/gy/tmr_ros2/install/techman_robot_msgs/share/techman_robot_msgs/cmake/techman_robot_msgsConfig-version.cmake
[1.301s] -- Up-to-date: /home/gy/tmr_ros2/install/techman_robot_msgs/share/techman_robot_msgs/package.xml
[1.305s] Invoked command in '/home/gy/Omron_TM_ROS2/build/techman_robot_msgs' returned '0': CMAKE_PREFIX_PATH=${CMAKE_PREFIX_PATH}:/home/gy/Omron_TM_ROS2/install/tmr_mod_urdf:/home/gy/Omron_TM_ROS2/install/tm_get_status:/opt/ros/foxy /usr/bin/cmake --install /home/gy/Omron_TM_ROS2/build/techman_robot_msgs
