[0.494s] Invoking command in '/home/gy/Omron_TM_ROS2/pickplace': PYTHONPATH=/home/gy/Omron_TM_ROS2/install/pickplace/lib/python3.8/site-packages:${PYTHONPATH} /usr/bin/python3 setup.py egg_info --egg-base ../build/pickplace build --build-base /home/gy/Omron_TM_ROS2/build/pickplace/build install --prefix /home/gy/Omron_TM_ROS2/install/pickplace --record /home/gy/Omron_TM_ROS2/build/pickplace/install.log --single-version-externally-managed
[0.891s] running egg_info
[0.893s] writing ../build/pickplace/pickplace.egg-info/PKG-INFO
[0.894s] writing dependency_links to ../build/pickplace/pickplace.egg-info/dependency_links.txt
[0.894s] writing entry points to ../build/pickplace/pickplace.egg-info/entry_points.txt
[0.894s] writing requirements to ../build/pickplace/pickplace.egg-info/requires.txt
[0.895s] writing top-level names to ../build/pickplace/pickplace.egg-info/top_level.txt
[0.965s] reading manifest file '../build/pickplace/pickplace.egg-info/SOURCES.txt'
[0.967s] writing manifest file '../build/pickplace/pickplace.egg-info/SOURCES.txt'
[0.970s] running build
[0.970s] running build_py
[0.970s] copying pickplace/initialise.py -> /home/gy/Omron_TM_ROS2/build/pickplace/build/lib/pickplace
[0.970s] running install
[0.970s] running install_lib
[0.971s] copying /home/gy/Omron_TM_ROS2/build/pickplace/build/lib/pickplace/initialise.py -> /home/gy/Omron_TM_ROS2/install/pickplace/lib/python3.8/site-packages/pickplace
[0.972s] byte-compiling /home/gy/Omron_TM_ROS2/install/pickplace/lib/python3.8/site-packages/pickplace/initialise.py to initialise.cpython-38.pyc
[0.977s] running install_data
[0.980s] running install_egg_info
[0.983s] removing '/home/gy/Omron_TM_ROS2/install/pickplace/lib/python3.8/site-packages/pickplace-0.0.0-py3.8.egg-info' (and everything under it)
[0.984s] Copying ../build/pickplace/pickplace.egg-info to /home/gy/Omron_TM_ROS2/install/pickplace/lib/python3.8/site-packages/pickplace-0.0.0-py3.8.egg-info
[0.987s] running install_scripts
[1.018s] Installing initialise script to /home/gy/Omron_TM_ROS2/install/pickplace/lib/pickplace
[1.019s] Installing pickplace script to /home/gy/Omron_TM_ROS2/install/pickplace/lib/pickplace
[1.019s] writing list of installed files to '/home/gy/Omron_TM_ROS2/build/pickplace/install.log'
[1.056s] Invoked command in '/home/gy/Omron_TM_ROS2/pickplace' returned '0': PYTHONPATH=/home/gy/Omron_TM_ROS2/install/pickplace/lib/python3.8/site-packages:${PYTHONPATH} /usr/bin/python3 setup.py egg_info --egg-base ../build/pickplace build --build-base /home/gy/Omron_TM_ROS2/build/pickplace/build install --prefix /home/gy/Omron_TM_ROS2/install/pickplace --record /home/gy/Omron_TM_ROS2/build/pickplace/install.log --single-version-externally-managed
