[0.081s] Invoking command in '/home/gy/Omron_TM_ROS2/build/ui_for_debug_and_demo': AMENT_PREFIX_PATH=/home/gy/Omron_TM_ROS2/install/tm_msgs:${AMENT_PREFIX_PATH} CMAKE_PREFIX_PATH=/home/gy/Omron_TM_ROS2/install/tm_msgs:/opt/ros/foxy LD_LIBRARY_PATH=/home/gy/Omron_TM_ROS2/install/tm_msgs/lib:${LD_LIBRARY_PATH} PYTHONPATH=/home/gy/Omron_TM_ROS2/install/tm_msgs/lib/python3.8/site-packages:${PYTHONPATH} /usr/bin/cmake /home/gy/Omron_TM_ROS2/ui_for_debug_and_demo -DCMAKE_INSTALL_PREFIX=/home/gy/Omron_TM_ROS2/install/ui_for_debug_and_demo
[0.117s] -- Found ament_cmake: 0.9.8 (/opt/ros/foxy/share/ament_cmake/cmake)
[0.166s] -- Using PYTHON_EXECUTABLE: /usr/bin/python3
[0.455s] -- Override CMake install command with custom implementation using symlinks instead of copying resources
[0.455s] -- Found rclcpp: 2.3.1 (/opt/ros/foxy/share/rclcpp/cmake)
[0.525s] -- Using all available rosidl_typesupport_c: rosidl_typesupport_fastrtps_c;rosidl_typesupport_introspection_c
[0.529s] -- Found rosidl_adapter: 1.2.1 (/opt/ros/foxy/share/rosidl_adapter/cmake)
[0.678s] -- Using all available rosidl_typesupport_cpp: rosidl_typesupport_fastrtps_cpp;rosidl_typesupport_introspection_cpp
[0.757s] -- Found rmw_implementation_cmake: 1.0.3 (/opt/ros/foxy/share/rmw_implementation_cmake/cmake)
[0.759s] -- Using RMW implementation 'rmw_fastrtps_cpp' as default
[1.253s] -- Found rclcpp_action: 2.3.1 (/opt/ros/foxy/share/rclcpp_action/cmake)
[1.356s] -- Found ament_index_cpp: 1.0.2 (/opt/ros/foxy/share/ament_index_cpp/cmake)
[1.359s] -- Found tm_msgs: 1.0.0 (/home/gy/Omron_TM_ROS2/install/tm_msgs/share/tm_msgs/cmake)
[1.405s] -- Found ament_lint_auto: 0.9.6 (/opt/ros/foxy/share/ament_lint_auto/cmake)
[1.515s] -- Added test 'copyright' to check source files copyright and LICENSE
[1.516s] -- Added test 'cppcheck' to perform static code analysis on C / C++ code
[1.517s] -- Configured cppcheck include dirs: 
[1.522s] -- Configured cppcheck exclude dirs and/or files: 
[1.526s] -- Added test 'cpplint' to check C / C++ code against the Google style
[1.527s] -- Configured cpplint exclude dirs and/or files: 
[1.528s] -- Added test 'lint_cmake' to check CMake code style
[1.535s] -- Added test 'uncrustify' to check C / C++ code style
[1.535s] -- Configured uncrustify additional arguments: 
[1.535s] -- Added test 'xmllint' to check XML markup files
[1.546s] -- Configuring done
[1.935s] -- Generating done
[1.939s] -- Build files have been written to: /home/gy/Omron_TM_ROS2/build/ui_for_debug_and_demo
[1.958s] Invoked command in '/home/gy/Omron_TM_ROS2/build/ui_for_debug_and_demo' returned '0': AMENT_PREFIX_PATH=/home/gy/Omron_TM_ROS2/install/tm_msgs:${AMENT_PREFIX_PATH} CMAKE_PREFIX_PATH=/home/gy/Omron_TM_ROS2/install/tm_msgs:/opt/ros/foxy LD_LIBRARY_PATH=/home/gy/Omron_TM_ROS2/install/tm_msgs/lib:${LD_LIBRARY_PATH} PYTHONPATH=/home/gy/Omron_TM_ROS2/install/tm_msgs/lib/python3.8/site-packages:${PYTHONPATH} /usr/bin/cmake /home/gy/Omron_TM_ROS2/ui_for_debug_and_demo -DCMAKE_INSTALL_PREFIX=/home/gy/Omron_TM_ROS2/install/ui_for_debug_and_demo
[1.959s] Invoking command in '/home/gy/Omron_TM_ROS2/build/ui_for_debug_and_demo': AMENT_PREFIX_PATH=/home/gy/Omron_TM_ROS2/install/tm_msgs:${AMENT_PREFIX_PATH} CMAKE_PREFIX_PATH=/home/gy/Omron_TM_ROS2/install/tm_msgs:/opt/ros/foxy LD_LIBRARY_PATH=/home/gy/Omron_TM_ROS2/install/tm_msgs/lib:${LD_LIBRARY_PATH} PYTHONPATH=/home/gy/Omron_TM_ROS2/install/tm_msgs/lib/python3.8/site-packages:${PYTHONPATH} /usr/bin/cmake --build /home/gy/Omron_TM_ROS2/build/ui_for_debug_and_demo -- -j4 -l4
[2.057s] [ 14%] [34m[1mAutomatic MOC and UIC for target robot_ui[0m
[3.075s] [ 14%] Built target robot_ui_autogen
[3.094s] [ 28%] [34m[1mGenerating ui_tm_ros_driver_windows.h[0m
[3.175s] [35m[1mScanning dependencies of target robot_ui[0m
[3.291s] [ 42%] [32mBuilding CXX object CMakeFiles/robot_ui.dir/robot_ui_autogen/mocs_compilation.cpp.o[0m
[6.958s] [ 57%] [32mBuilding CXX object CMakeFiles/robot_ui.dir/src/tm_ros_driver_windows.cpp.o[0m
[11.122s] [ 71%] [32mBuilding CXX object CMakeFiles/robot_ui.dir/src/ros_page.cpp.o[0m
[24.022s] [ 85%] [32mBuilding CXX object CMakeFiles/robot_ui.dir/src/main.cpp.o[0m
[26.838s] [100%] [32m[1mLinking CXX executable robot_ui[0m
[28.199s] [100%] Built target robot_ui
[28.212s] Invoked command in '/home/gy/Omron_TM_ROS2/build/ui_for_debug_and_demo' returned '0': AMENT_PREFIX_PATH=/home/gy/Omron_TM_ROS2/install/tm_msgs:${AMENT_PREFIX_PATH} CMAKE_PREFIX_PATH=/home/gy/Omron_TM_ROS2/install/tm_msgs:/opt/ros/foxy LD_LIBRARY_PATH=/home/gy/Omron_TM_ROS2/install/tm_msgs/lib:${LD_LIBRARY_PATH} PYTHONPATH=/home/gy/Omron_TM_ROS2/install/tm_msgs/lib/python3.8/site-packages:${PYTHONPATH} /usr/bin/cmake --build /home/gy/Omron_TM_ROS2/build/ui_for_debug_and_demo -- -j4 -l4
[28.252s] Invoking command in '/home/gy/Omron_TM_ROS2/build/ui_for_debug_and_demo': AMENT_PREFIX_PATH=/home/gy/Omron_TM_ROS2/install/tm_msgs:${AMENT_PREFIX_PATH} CMAKE_PREFIX_PATH=/home/gy/Omron_TM_ROS2/install/tm_msgs:/opt/ros/foxy LD_LIBRARY_PATH=/home/gy/Omron_TM_ROS2/install/tm_msgs/lib:${LD_LIBRARY_PATH} PYTHONPATH=/home/gy/Omron_TM_ROS2/install/tm_msgs/lib/python3.8/site-packages:${PYTHONPATH} /usr/bin/cmake --install /home/gy/Omron_TM_ROS2/build/ui_for_debug_and_demo
[28.263s] -- Install configuration: ""
[28.263s] -- Execute custom install script
[28.264s] -- Up-to-date symlink: /home/gy/Omron_TM_ROS2/install/ui_for_debug_and_demo/lib/ui_for_debug_and_demo/robot_ui
[28.264s] -- Up-to-date symlink: /home/gy/Omron_TM_ROS2/install/ui_for_debug_and_demo/share/ament_index/resource_index/package_run_dependencies/ui_for_debug_and_demo
[28.264s] -- Up-to-date symlink: /home/gy/Omron_TM_ROS2/install/ui_for_debug_and_demo/share/ament_index/resource_index/parent_prefix_path/ui_for_debug_and_demo
[28.265s] -- Up-to-date symlink: /home/gy/Omron_TM_ROS2/install/ui_for_debug_and_demo/share/ui_for_debug_and_demo/environment/ament_prefix_path.sh
[28.265s] -- Up-to-date symlink: /home/gy/Omron_TM_ROS2/install/ui_for_debug_and_demo/share/ui_for_debug_and_demo/environment/ament_prefix_path.dsv
[28.265s] -- Up-to-date symlink: /home/gy/Omron_TM_ROS2/install/ui_for_debug_and_demo/share/ui_for_debug_and_demo/environment/path.sh
[28.266s] -- Up-to-date symlink: /home/gy/Omron_TM_ROS2/install/ui_for_debug_and_demo/share/ui_for_debug_and_demo/environment/path.dsv
[28.266s] -- Up-to-date symlink: /home/gy/Omron_TM_ROS2/install/ui_for_debug_and_demo/share/ui_for_debug_and_demo/local_setup.bash
[28.266s] -- Up-to-date symlink: /home/gy/Omron_TM_ROS2/install/ui_for_debug_and_demo/share/ui_for_debug_and_demo/local_setup.sh
[28.266s] -- Up-to-date symlink: /home/gy/Omron_TM_ROS2/install/ui_for_debug_and_demo/share/ui_for_debug_and_demo/local_setup.zsh
[28.267s] -- Up-to-date symlink: /home/gy/Omron_TM_ROS2/install/ui_for_debug_and_demo/share/ui_for_debug_and_demo/local_setup.dsv
[28.267s] -- Symlinking: /home/gy/Omron_TM_ROS2/install/ui_for_debug_and_demo/share/ui_for_debug_and_demo/package.dsv
[28.279s] -- Up-to-date symlink: /home/gy/Omron_TM_ROS2/install/ui_for_debug_and_demo/share/ament_index/resource_index/packages/ui_for_debug_and_demo
[28.279s] -- Up-to-date symlink: /home/gy/Omron_TM_ROS2/install/ui_for_debug_and_demo/share/ui_for_debug_and_demo/cmake/ui_for_debug_and_demoConfig.cmake
[28.279s] -- Up-to-date symlink: /home/gy/Omron_TM_ROS2/install/ui_for_debug_and_demo/share/ui_for_debug_and_demo/cmake/ui_for_debug_and_demoConfig-version.cmake
[28.279s] -- Up-to-date symlink: /home/gy/Omron_TM_ROS2/install/ui_for_debug_and_demo/share/ui_for_debug_and_demo/package.xml
[28.283s] Invoked command in '/home/gy/Omron_TM_ROS2/build/ui_for_debug_and_demo' returned '0': AMENT_PREFIX_PATH=/home/gy/Omron_TM_ROS2/install/tm_msgs:${AMENT_PREFIX_PATH} CMAKE_PREFIX_PATH=/home/gy/Omron_TM_ROS2/install/tm_msgs:/opt/ros/foxy LD_LIBRARY_PATH=/home/gy/Omron_TM_ROS2/install/tm_msgs/lib:${LD_LIBRARY_PATH} PYTHONPATH=/home/gy/Omron_TM_ROS2/install/tm_msgs/lib/python3.8/site-packages:${PYTHONPATH} /usr/bin/cmake --install /home/gy/Omron_TM_ROS2/build/ui_for_debug_and_demo
