[0.104s] Invoking command in '/home/omron/Omron_TM_ROS2/build/tm_msgs': CMAKE_PREFIX_PATH=${CMAKE_PREFIX_PATH}:/home/omron/Omron_TM_ROS2/install/tmr_mod_urdf:/home/omron/Omron_TM_ROS2/install/tm_get_status:/home/omron/Omron_TM_ROS2/install/rviz_tm:/home/omron/Omron_TM_ROS2/install/pickplace:/opt/ros/foxy /usr/bin/cmake --build /home/omron/Omron_TM_ROS2/build/tm_msgs -- -j8 -l8
[0.966s] [  0%] Built target tm_msgs__cpp
[0.967s] [ 12%] Built target tm_msgs__rosidl_generator_c
[0.968s] [ 24%] Built target tm_msgs__rosidl_typesupport_introspection_cpp
[0.968s] [ 35%] Built target tm_msgs__rosidl_typesupport_fastrtps_cpp
[0.969s] [ 47%] Built target tm_msgs__rosidl_typesupport_c
[0.969s] [ 59%] Built target tm_msgs__rosidl_typesupport_introspection_c
[0.969s] [ 71%] Built target tm_msgs__rosidl_typesupport_cpp
[0.970s] [ 83%] Built target tm_msgs__rosidl_typesupport_fastrtps_c
[0.970s] [ 83%] Built target tm_msgs
[0.970s] [ 84%] Built target tm_msgs__py
[0.971s] [ 95%] Built target tm_msgs__python
[0.971s] [ 96%] Built target tm_msgs__rosidl_typesupport_c__pyext
[0.971s] [100%] Built target tm_msgs__rosidl_typesupport_fastrtps_c__pyext
[0.973s] [ 99%] Built target tm_msgs__rosidl_typesupport_introspection_c__pyext
[0.987s] Invoked command in '/home/omron/Omron_TM_ROS2/build/tm_msgs' returned '0': CMAKE_PREFIX_PATH=${CMAKE_PREFIX_PATH}:/home/omron/Omron_TM_ROS2/install/tmr_mod_urdf:/home/omron/Omron_TM_ROS2/install/tm_get_status:/home/omron/Omron_TM_ROS2/install/rviz_tm:/home/omron/Omron_TM_ROS2/install/pickplace:/opt/ros/foxy /usr/bin/cmake --build /home/omron/Omron_TM_ROS2/build/tm_msgs -- -j8 -l8
[1.721s] Invoking command in '/home/omron/Omron_TM_ROS2/build/tm_msgs': CMAKE_PREFIX_PATH=${CMAKE_PREFIX_PATH}:/home/omron/Omron_TM_ROS2/install/tmr_mod_urdf:/home/omron/Omron_TM_ROS2/install/tm_get_status:/home/omron/Omron_TM_ROS2/install/rviz_tm:/home/omron/Omron_TM_ROS2/install/pickplace:/opt/ros/foxy /usr/bin/cmake --install /home/omron/Omron_TM_ROS2/build/tm_msgs
[1.778s] -- Install configuration: ""
[1.780s] -- Up-to-date: /home/omron/Omron_TM_ROS2/install/tm_msgs/share/ament_index/resource_index/rosidl_interfaces/tm_msgs
[1.786s] -- Up-to-date: /home/omron/Omron_TM_ROS2/install/tm_msgs/include/tm_msgs
[1.786s] -- Up-to-date: /home/omron/Omron_TM_ROS2/install/tm_msgs/include/tm_msgs/msg
[1.786s] -- Up-to-date: /home/omron/Omron_TM_ROS2/install/tm_msgs/include/tm_msgs/msg/sta_response.h
[1.787s] -- Up-to-date: /home/omron/Omron_TM_ROS2/install/tm_msgs/include/tm_msgs/msg/svr_response.h
[1.787s] -- Up-to-date: /home/omron/Omron_TM_ROS2/install/tm_msgs/include/tm_msgs/msg/sct_response.h
[1.787s] -- Up-to-date: /home/omron/Omron_TM_ROS2/install/tm_msgs/include/tm_msgs/msg/feedback_state.h
[1.787s] -- Up-to-date: /home/omron/Omron_TM_ROS2/install/tm_msgs/include/tm_msgs/msg/detail
[1.787s] -- Up-to-date: /home/omron/Omron_TM_ROS2/install/tm_msgs/include/tm_msgs/msg/detail/sta_response__functions.h
[1.787s] -- Up-to-date: /home/omron/Omron_TM_ROS2/install/tm_msgs/include/tm_msgs/msg/detail/sct_response__type_support.h
[1.788s] -- Up-to-date: /home/omron/Omron_TM_ROS2/install/tm_msgs/include/tm_msgs/msg/detail/svr_response__struct.h
[1.788s] -- Up-to-date: /home/omron/Omron_TM_ROS2/install/tm_msgs/include/tm_msgs/msg/detail/svr_response__functions.h
[1.788s] -- Up-to-date: /home/omron/Omron_TM_ROS2/install/tm_msgs/include/tm_msgs/msg/detail/sct_response__struct.h
[1.788s] -- Up-to-date: /home/omron/Omron_TM_ROS2/install/tm_msgs/include/tm_msgs/msg/detail/sta_response__type_support.h
[1.788s] -- Up-to-date: /home/omron/Omron_TM_ROS2/install/tm_msgs/include/tm_msgs/msg/detail/feedback_state__functions.c
[1.788s] -- Up-to-date: /home/omron/Omron_TM_ROS2/install/tm_msgs/include/tm_msgs/msg/detail/feedback_state__functions.h
[1.788s] -- Up-to-date: /home/omron/Omron_TM_ROS2/install/tm_msgs/include/tm_msgs/msg/detail/svr_response__functions.c
[1.788s] -- Up-to-date: /home/omron/Omron_TM_ROS2/install/tm_msgs/include/tm_msgs/msg/detail/sct_response__functions.c
[1.789s] -- Up-to-date: /home/omron/Omron_TM_ROS2/install/tm_msgs/include/tm_msgs/msg/detail/sta_response__functions.c
[1.789s] -- Up-to-date: /home/omron/Omron_TM_ROS2/install/tm_msgs/include/tm_msgs/msg/detail/feedback_state__struct.h
[1.789s] -- Up-to-date: /home/omron/Omron_TM_ROS2/install/tm_msgs/include/tm_msgs/msg/detail/sct_response__functions.h
[1.789s] -- Up-to-date: /home/omron/Omron_TM_ROS2/install/tm_msgs/include/tm_msgs/msg/detail/sta_response__struct.h
[1.789s] -- Up-to-date: /home/omron/Omron_TM_ROS2/install/tm_msgs/include/tm_msgs/msg/detail/feedback_state__type_support.h
[1.789s] -- Up-to-date: /home/omron/Omron_TM_ROS2/install/tm_msgs/include/tm_msgs/msg/detail/svr_response__type_support.h
[1.789s] -- Up-to-date: /home/omron/Omron_TM_ROS2/install/tm_msgs/include/tm_msgs/msg/rosidl_generator_c__visibility_control.h
[1.789s] -- Up-to-date: /home/omron/Omron_TM_ROS2/install/tm_msgs/include/tm_msgs/srv
[1.790s] -- Up-to-date: /home/omron/Omron_TM_ROS2/install/tm_msgs/include/tm_msgs/srv/set_positions.h
[1.790s] -- Up-to-date: /home/omron/Omron_TM_ROS2/install/tm_msgs/include/tm_msgs/srv/write_item.h
[1.790s] -- Up-to-date: /home/omron/Omron_TM_ROS2/install/tm_msgs/include/tm_msgs/srv/ask_sta.h
[1.790s] -- Up-to-date: /home/omron/Omron_TM_ROS2/install/tm_msgs/include/tm_msgs/srv/send_script.h
[1.790s] -- Up-to-date: /home/omron/Omron_TM_ROS2/install/tm_msgs/include/tm_msgs/srv/ask_item.h
[1.790s] -- Up-to-date: /home/omron/Omron_TM_ROS2/install/tm_msgs/include/tm_msgs/srv/set_io.h
[1.790s] -- Up-to-date: /home/omron/Omron_TM_ROS2/install/tm_msgs/include/tm_msgs/srv/set_event.h
[1.790s] -- Up-to-date: /home/omron/Omron_TM_ROS2/install/tm_msgs/include/tm_msgs/srv/detail
[1.791s] -- Up-to-date: /home/omron/Omron_TM_ROS2/install/tm_msgs/include/tm_msgs/srv/detail/connect_tm__struct.h
[1.791s] -- Up-to-date: /home/omron/Omron_TM_ROS2/install/tm_msgs/include/tm_msgs/srv/detail/ask_item__functions.c
[1.791s] -- Up-to-date: /home/omron/Omron_TM_ROS2/install/tm_msgs/include/tm_msgs/srv/detail/send_script__type_support.h
[1.791s] -- Up-to-date: /home/omron/Omron_TM_ROS2/install/tm_msgs/include/tm_msgs/srv/detail/set_event__struct.h
[1.791s] -- Up-to-date: /home/omron/Omron_TM_ROS2/install/tm_msgs/include/tm_msgs/srv/detail/set_io__type_support.h
[1.861s] -- Up-to-date: /home/omron/Omron_TM_ROS2/install/tm_msgs/include/tm_msgs/srv/detail/set_io__struct.h
[1.861s] -- Up-to-date: /home/omron/Omron_TM_ROS2/install/tm_msgs/include/tm_msgs/srv/detail/write_item__functions.c
[1.861s] -- Up-to-date: /home/omron/Omron_TM_ROS2/install/tm_msgs/include/tm_msgs/srv/detail/ask_item__type_support.h
[1.861s] -- Up-to-date: /home/omron/Omron_TM_ROS2/install/tm_msgs/include/tm_msgs/srv/detail/ask_sta__struct.h
[1.861s] -- Up-to-date: /home/omron/Omron_TM_ROS2/install/tm_msgs/include/tm_msgs/srv/detail/ask_sta__functions.h
[1.861s] -- Up-to-date: /home/omron/Omron_TM_ROS2/install/tm_msgs/include/tm_msgs/srv/detail/set_positions__type_support.h
[1.861s] -- Up-to-date: /home/omron/Omron_TM_ROS2/install/tm_msgs/include/tm_msgs/srv/detail/connect_tm__type_support.h
[1.861s] -- Up-to-date: /home/omron/Omron_TM_ROS2/install/tm_msgs/include/tm_msgs/srv/detail/set_positions__struct.h
[1.861s] -- Up-to-date: /home/omron/Omron_TM_ROS2/install/tm_msgs/include/tm_msgs/srv/detail/connect_tm__functions.c
[1.861s] -- Up-to-date: /home/omron/Omron_TM_ROS2/install/tm_msgs/include/tm_msgs/srv/detail/ask_sta__functions.c
[1.862s] -- Up-to-date: /home/omron/Omron_TM_ROS2/install/tm_msgs/include/tm_msgs/srv/detail/ask_item__functions.h
[1.862s] -- Up-to-date: /home/omron/Omron_TM_ROS2/install/tm_msgs/include/tm_msgs/srv/detail/set_io__functions.h
[1.862s] -- Up-to-date: /home/omron/Omron_TM_ROS2/install/tm_msgs/include/tm_msgs/srv/detail/set_positions__functions.c
[1.862s] -- Up-to-date: /home/omron/Omron_TM_ROS2/install/tm_msgs/include/tm_msgs/srv/detail/set_event__functions.c
[1.862s] -- Up-to-date: /home/omron/Omron_TM_ROS2/install/tm_msgs/include/tm_msgs/srv/detail/set_positions__functions.h
[1.862s] -- Up-to-date: /home/omron/Omron_TM_ROS2/install/tm_msgs/include/tm_msgs/srv/detail/set_event__functions.h
[1.862s] -- Up-to-date: /home/omron/Omron_TM_ROS2/install/tm_msgs/include/tm_msgs/srv/detail/ask_item__struct.h
[1.862s] -- Up-to-date: /home/omron/Omron_TM_ROS2/install/tm_msgs/include/tm_msgs/srv/detail/send_script__struct.h
[1.862s] -- Up-to-date: /home/omron/Omron_TM_ROS2/install/tm_msgs/include/tm_msgs/srv/detail/write_item__functions.h
[1.862s] -- Up-to-date: /home/omron/Omron_TM_ROS2/install/tm_msgs/include/tm_msgs/srv/detail/ask_sta__type_support.h
[1.862s] -- Up-to-date: /home/omron/Omron_TM_ROS2/install/tm_msgs/include/tm_msgs/srv/detail/set_io__functions.c
[1.862s] -- Up-to-date: /home/omron/Omron_TM_ROS2/install/tm_msgs/include/tm_msgs/srv/detail/send_script__functions.c
[1.862s] -- Up-to-date: /home/omron/Omron_TM_ROS2/install/tm_msgs/include/tm_msgs/srv/detail/write_item__struct.h
[1.862s] -- Up-to-date: /home/omron/Omron_TM_ROS2/install/tm_msgs/include/tm_msgs/srv/detail/set_event__type_support.h
[1.863s] -- Up-to-date: /home/omron/Omron_TM_ROS2/install/tm_msgs/include/tm_msgs/srv/detail/send_script__functions.h
[1.863s] -- Up-to-date: /home/omron/Omron_TM_ROS2/install/tm_msgs/include/tm_msgs/srv/detail/write_item__type_support.h
[1.863s] -- Up-to-date: /home/omron/Omron_TM_ROS2/install/tm_msgs/include/tm_msgs/srv/detail/connect_tm__functions.h
[1.863s] -- Up-to-date: /home/omron/Omron_TM_ROS2/install/tm_msgs/include/tm_msgs/srv/connect_tm.h
[1.863s] -- Up-to-date: /home/omron/Omron_TM_ROS2/install/tm_msgs/share/tm_msgs/environment/library_path.sh
[1.863s] -- Up-to-date: /home/omron/Omron_TM_ROS2/install/tm_msgs/share/tm_msgs/environment/library_path.dsv
[1.863s] -- Up-to-date: /home/omron/Omron_TM_ROS2/install/tm_msgs/lib/libtm_msgs__rosidl_generator_c.so
[1.863s] -- Up-to-date: /home/omron/Omron_TM_ROS2/install/tm_msgs/include/tm_msgs
[1.863s] -- Up-to-date: /home/omron/Omron_TM_ROS2/install/tm_msgs/include/tm_msgs/msg
[1.863s] -- Up-to-date: /home/omron/Omron_TM_ROS2/install/tm_msgs/include/tm_msgs/msg/rosidl_typesupport_fastrtps_c__visibility_control.h
[1.863s] -- Up-to-date: /home/omron/Omron_TM_ROS2/install/tm_msgs/include/tm_msgs/msg/detail
[1.863s] -- Up-to-date: /home/omron/Omron_TM_ROS2/install/tm_msgs/include/tm_msgs/msg/detail/sct_response__rosidl_typesupport_fastrtps_c.h
[1.864s] -- Up-to-date: /home/omron/Omron_TM_ROS2/install/tm_msgs/include/tm_msgs/msg/detail/feedback_state__rosidl_typesupport_fastrtps_c.h
[1.864s] -- Up-to-date: /home/omron/Omron_TM_ROS2/install/tm_msgs/include/tm_msgs/msg/detail/sta_response__rosidl_typesupport_fastrtps_c.h
[1.864s] -- Up-to-date: /home/omron/Omron_TM_ROS2/install/tm_msgs/include/tm_msgs/msg/detail/svr_response__rosidl_typesupport_fastrtps_c.h
[1.864s] -- Up-to-date: /home/omron/Omron_TM_ROS2/install/tm_msgs/include/tm_msgs/srv
[1.864s] -- Up-to-date: /home/omron/Omron_TM_ROS2/install/tm_msgs/include/tm_msgs/srv/detail
[1.864s] -- Up-to-date: /home/omron/Omron_TM_ROS2/install/tm_msgs/include/tm_msgs/srv/detail/set_event__rosidl_typesupport_fastrtps_c.h
[1.864s] -- Up-to-date: /home/omron/Omron_TM_ROS2/install/tm_msgs/include/tm_msgs/srv/detail/send_script__rosidl_typesupport_fastrtps_c.h
[1.864s] -- Up-to-date: /home/omron/Omron_TM_ROS2/install/tm_msgs/include/tm_msgs/srv/detail/set_io__rosidl_typesupport_fastrtps_c.h
[1.864s] -- Up-to-date: /home/omron/Omron_TM_ROS2/install/tm_msgs/include/tm_msgs/srv/detail/connect_tm__rosidl_typesupport_fastrtps_c.h
[1.864s] -- Up-to-date: /home/omron/Omron_TM_ROS2/install/tm_msgs/include/tm_msgs/srv/detail/set_positions__rosidl_typesupport_fastrtps_c.h
[1.864s] -- Up-to-date: /home/omron/Omron_TM_ROS2/install/tm_msgs/include/tm_msgs/srv/detail/ask_sta__rosidl_typesupport_fastrtps_c.h
[1.864s] -- Up-to-date: /home/omron/Omron_TM_ROS2/install/tm_msgs/include/tm_msgs/srv/detail/ask_item__rosidl_typesupport_fastrtps_c.h
[1.864s] -- Up-to-date: /home/omron/Omron_TM_ROS2/install/tm_msgs/include/tm_msgs/srv/detail/write_item__rosidl_typesupport_fastrtps_c.h
[1.864s] -- Up-to-date: /home/omron/Omron_TM_ROS2/install/tm_msgs/lib/libtm_msgs__rosidl_typesupport_fastrtps_c.so
[1.864s] -- Up-to-date: /home/omron/Omron_TM_ROS2/install/tm_msgs/include/tm_msgs
[1.865s] -- Up-to-date: /home/omron/Omron_TM_ROS2/install/tm_msgs/include/tm_msgs/msg
[1.865s] -- Up-to-date: /home/omron/Omron_TM_ROS2/install/tm_msgs/include/tm_msgs/msg/rosidl_typesupport_fastrtps_cpp__visibility_control.h
[1.865s] -- Up-to-date: /home/omron/Omron_TM_ROS2/install/tm_msgs/include/tm_msgs/msg/detail
[1.865s] -- Up-to-date: /home/omron/Omron_TM_ROS2/install/tm_msgs/include/tm_msgs/msg/detail/svr_response__rosidl_typesupport_fastrtps_cpp.hpp
[1.865s] -- Up-to-date: /home/omron/Omron_TM_ROS2/install/tm_msgs/include/tm_msgs/msg/detail/sta_response__rosidl_typesupport_fastrtps_cpp.hpp
[1.865s] -- Up-to-date: /home/omron/Omron_TM_ROS2/install/tm_msgs/include/tm_msgs/msg/detail/dds_fastrtps
[1.865s] -- Up-to-date: /home/omron/Omron_TM_ROS2/install/tm_msgs/include/tm_msgs/msg/detail/feedback_state__rosidl_typesupport_fastrtps_cpp.hpp
[1.865s] -- Up-to-date: /home/omron/Omron_TM_ROS2/install/tm_msgs/include/tm_msgs/msg/detail/sct_response__rosidl_typesupport_fastrtps_cpp.hpp
[1.865s] -- Up-to-date: /home/omron/Omron_TM_ROS2/install/tm_msgs/include/tm_msgs/srv
[1.865s] -- Up-to-date: /home/omron/Omron_TM_ROS2/install/tm_msgs/include/tm_msgs/srv/detail
[1.866s] -- Up-to-date: /home/omron/Omron_TM_ROS2/install/tm_msgs/include/tm_msgs/srv/detail/connect_tm__rosidl_typesupport_fastrtps_cpp.hpp
[1.866s] -- Up-to-date: /home/omron/Omron_TM_ROS2/install/tm_msgs/include/tm_msgs/srv/detail/dds_fastrtps
[1.866s] -- Up-to-date: /home/omron/Omron_TM_ROS2/install/tm_msgs/include/tm_msgs/srv/detail/set_io__rosidl_typesupport_fastrtps_cpp.hpp
[1.866s] -- Up-to-date: /home/omron/Omron_TM_ROS2/install/tm_msgs/include/tm_msgs/srv/detail/set_positions__rosidl_typesupport_fastrtps_cpp.hpp
[1.866s] -- Up-to-date: /home/omron/Omron_TM_ROS2/install/tm_msgs/include/tm_msgs/srv/detail/ask_sta__rosidl_typesupport_fastrtps_cpp.hpp
[1.866s] -- Up-to-date: /home/omron/Omron_TM_ROS2/install/tm_msgs/include/tm_msgs/srv/detail/set_event__rosidl_typesupport_fastrtps_cpp.hpp
[1.866s] -- Up-to-date: /home/omron/Omron_TM_ROS2/install/tm_msgs/include/tm_msgs/srv/detail/write_item__rosidl_typesupport_fastrtps_cpp.hpp
[1.866s] -- Up-to-date: /home/omron/Omron_TM_ROS2/install/tm_msgs/include/tm_msgs/srv/detail/ask_item__rosidl_typesupport_fastrtps_cpp.hpp
[1.866s] -- Up-to-date: /home/omron/Omron_TM_ROS2/install/tm_msgs/include/tm_msgs/srv/detail/send_script__rosidl_typesupport_fastrtps_cpp.hpp
[1.866s] -- Up-to-date: /home/omron/Omron_TM_ROS2/install/tm_msgs/lib/libtm_msgs__rosidl_typesupport_fastrtps_cpp.so
[1.866s] -- Up-to-date: /home/omron/Omron_TM_ROS2/install/tm_msgs/include/tm_msgs
[1.866s] -- Up-to-date: /home/omron/Omron_TM_ROS2/install/tm_msgs/include/tm_msgs/msg
[1.866s] -- Up-to-date: /home/omron/Omron_TM_ROS2/install/tm_msgs/include/tm_msgs/msg/rosidl_typesupport_introspection_c__visibility_control.h
[1.867s] -- Up-to-date: /home/omron/Omron_TM_ROS2/install/tm_msgs/include/tm_msgs/msg/detail
[1.867s] -- Up-to-date: /home/omron/Omron_TM_ROS2/install/tm_msgs/include/tm_msgs/msg/detail/feedback_state__rosidl_typesupport_introspection_c.h
[1.867s] -- Up-to-date: /home/omron/Omron_TM_ROS2/install/tm_msgs/include/tm_msgs/msg/detail/feedback_state__type_support.c
[1.867s] -- Up-to-date: /home/omron/Omron_TM_ROS2/install/tm_msgs/include/tm_msgs/msg/detail/sta_response__rosidl_typesupport_introspection_c.h
[1.867s] -- Up-to-date: /home/omron/Omron_TM_ROS2/install/tm_msgs/include/tm_msgs/msg/detail/sta_response__type_support.c
[1.867s] -- Up-to-date: /home/omron/Omron_TM_ROS2/install/tm_msgs/include/tm_msgs/msg/detail/sct_response__type_support.c
[1.867s] -- Up-to-date: /home/omron/Omron_TM_ROS2/install/tm_msgs/include/tm_msgs/msg/detail/svr_response__type_support.c
[1.867s] -- Up-to-date: /home/omron/Omron_TM_ROS2/install/tm_msgs/include/tm_msgs/msg/detail/sct_response__rosidl_typesupport_introspection_c.h
[1.867s] -- Up-to-date: /home/omron/Omron_TM_ROS2/install/tm_msgs/include/tm_msgs/msg/detail/svr_response__rosidl_typesupport_introspection_c.h
[1.867s] -- Up-to-date: /home/omron/Omron_TM_ROS2/install/tm_msgs/include/tm_msgs/srv
[1.867s] -- Up-to-date: /home/omron/Omron_TM_ROS2/install/tm_msgs/include/tm_msgs/srv/detail
[1.867s] -- Up-to-date: /home/omron/Omron_TM_ROS2/install/tm_msgs/include/tm_msgs/srv/detail/set_positions__type_support.c
[1.867s] -- Up-to-date: /home/omron/Omron_TM_ROS2/install/tm_msgs/include/tm_msgs/srv/detail/send_script__type_support.c
[1.867s] -- Up-to-date: /home/omron/Omron_TM_ROS2/install/tm_msgs/include/tm_msgs/srv/detail/connect_tm__type_support.c
[1.867s] -- Up-to-date: /home/omron/Omron_TM_ROS2/install/tm_msgs/include/tm_msgs/srv/detail/set_event__rosidl_typesupport_introspection_c.h
[1.868s] -- Up-to-date: /home/omron/Omron_TM_ROS2/install/tm_msgs/include/tm_msgs/srv/detail/set_io__rosidl_typesupport_introspection_c.h
[1.868s] -- Up-to-date: /home/omron/Omron_TM_ROS2/install/tm_msgs/include/tm_msgs/srv/detail/set_positions__rosidl_typesupport_introspection_c.h
[1.868s] -- Up-to-date: /home/omron/Omron_TM_ROS2/install/tm_msgs/include/tm_msgs/srv/detail/send_script__rosidl_typesupport_introspection_c.h
[1.868s] -- Up-to-date: /home/omron/Omron_TM_ROS2/install/tm_msgs/include/tm_msgs/srv/detail/set_event__type_support.c
[1.868s] -- Up-to-date: /home/omron/Omron_TM_ROS2/install/tm_msgs/include/tm_msgs/srv/detail/ask_sta__type_support.c
[1.868s] -- Up-to-date: /home/omron/Omron_TM_ROS2/install/tm_msgs/include/tm_msgs/srv/detail/write_item__type_support.c
[1.868s] -- Up-to-date: /home/omron/Omron_TM_ROS2/install/tm_msgs/include/tm_msgs/srv/detail/connect_tm__rosidl_typesupport_introspection_c.h
[1.868s] -- Up-to-date: /home/omron/Omron_TM_ROS2/install/tm_msgs/include/tm_msgs/srv/detail/ask_sta__rosidl_typesupport_introspection_c.h
[1.868s] -- Up-to-date: /home/omron/Omron_TM_ROS2/install/tm_msgs/include/tm_msgs/srv/detail/ask_item__type_support.c
[1.868s] -- Up-to-date: /home/omron/Omron_TM_ROS2/install/tm_msgs/include/tm_msgs/srv/detail/write_item__rosidl_typesupport_introspection_c.h
[1.868s] -- Up-to-date: /home/omron/Omron_TM_ROS2/install/tm_msgs/include/tm_msgs/srv/detail/set_io__type_support.c
[1.868s] -- Up-to-date: /home/omron/Omron_TM_ROS2/install/tm_msgs/include/tm_msgs/srv/detail/ask_item__rosidl_typesupport_introspection_c.h
[1.868s] -- Up-to-date: /home/omron/Omron_TM_ROS2/install/tm_msgs/lib/libtm_msgs__rosidl_typesupport_introspection_c.so
[1.869s] -- Up-to-date: /home/omron/Omron_TM_ROS2/install/tm_msgs/lib/libtm_msgs__rosidl_typesupport_c.so
[1.869s] -- Up-to-date: /home/omron/Omron_TM_ROS2/install/tm_msgs/include/tm_msgs
[1.869s] -- Up-to-date: /home/omron/Omron_TM_ROS2/install/tm_msgs/include/tm_msgs/msg
[1.869s] -- Up-to-date: /home/omron/Omron_TM_ROS2/install/tm_msgs/include/tm_msgs/msg/sct_response.hpp
[1.869s] -- Up-to-date: /home/omron/Omron_TM_ROS2/install/tm_msgs/include/tm_msgs/msg/sta_response.hpp
[1.869s] -- Up-to-date: /home/omron/Omron_TM_ROS2/install/tm_msgs/include/tm_msgs/msg/svr_response.hpp
[1.869s] -- Up-to-date: /home/omron/Omron_TM_ROS2/install/tm_msgs/include/tm_msgs/msg/feedback_state.hpp
[1.869s] -- Up-to-date: /home/omron/Omron_TM_ROS2/install/tm_msgs/include/tm_msgs/msg/detail
[1.869s] -- Up-to-date: /home/omron/Omron_TM_ROS2/install/tm_msgs/include/tm_msgs/msg/detail/svr_response__builder.hpp
[1.869s] -- Up-to-date: /home/omron/Omron_TM_ROS2/install/tm_msgs/include/tm_msgs/msg/detail/svr_response__traits.hpp
[1.869s] -- Up-to-date: /home/omron/Omron_TM_ROS2/install/tm_msgs/include/tm_msgs/msg/detail/svr_response__struct.hpp
[1.869s] -- Up-to-date: /home/omron/Omron_TM_ROS2/install/tm_msgs/include/tm_msgs/msg/detail/sta_response__builder.hpp
[1.869s] -- Up-to-date: /home/omron/Omron_TM_ROS2/install/tm_msgs/include/tm_msgs/msg/detail/sct_response__traits.hpp
[1.869s] -- Up-to-date: /home/omron/Omron_TM_ROS2/install/tm_msgs/include/tm_msgs/msg/detail/feedback_state__builder.hpp
[1.870s] -- Up-to-date: /home/omron/Omron_TM_ROS2/install/tm_msgs/include/tm_msgs/msg/detail/feedback_state__struct.hpp
[1.870s] -- Up-to-date: /home/omron/Omron_TM_ROS2/install/tm_msgs/include/tm_msgs/msg/detail/sta_response__traits.hpp
[1.870s] -- Up-to-date: /home/omron/Omron_TM_ROS2/install/tm_msgs/include/tm_msgs/msg/detail/feedback_state__traits.hpp
[1.870s] -- Up-to-date: /home/omron/Omron_TM_ROS2/install/tm_msgs/include/tm_msgs/msg/detail/sct_response__builder.hpp
[1.870s] -- Up-to-date: /home/omron/Omron_TM_ROS2/install/tm_msgs/include/tm_msgs/msg/detail/sta_response__struct.hpp
[1.870s] -- Up-to-date: /home/omron/Omron_TM_ROS2/install/tm_msgs/include/tm_msgs/msg/detail/sct_response__struct.hpp
[1.870s] -- Up-to-date: /home/omron/Omron_TM_ROS2/install/tm_msgs/include/tm_msgs/srv
[1.870s] -- Up-to-date: /home/omron/Omron_TM_ROS2/install/tm_msgs/include/tm_msgs/srv/set_positions.hpp
[1.870s] -- Up-to-date: /home/omron/Omron_TM_ROS2/install/tm_msgs/include/tm_msgs/srv/ask_sta.hpp
[1.870s] -- Up-to-date: /home/omron/Omron_TM_ROS2/install/tm_msgs/include/tm_msgs/srv/connect_tm.hpp
[1.870s] -- Up-to-date: /home/omron/Omron_TM_ROS2/install/tm_msgs/include/tm_msgs/srv/ask_item.hpp
[1.870s] -- Up-to-date: /home/omron/Omron_TM_ROS2/install/tm_msgs/include/tm_msgs/srv/set_event.hpp
[1.870s] -- Up-to-date: /home/omron/Omron_TM_ROS2/install/tm_msgs/include/tm_msgs/srv/detail
[1.871s] -- Up-to-date: /home/omron/Omron_TM_ROS2/install/tm_msgs/include/tm_msgs/srv/detail/ask_item__struct.hpp
[1.871s] -- Up-to-date: /home/omron/Omron_TM_ROS2/install/tm_msgs/include/tm_msgs/srv/detail/ask_item__traits.hpp
[1.871s] -- Up-to-date: /home/omron/Omron_TM_ROS2/install/tm_msgs/include/tm_msgs/srv/detail/ask_sta__struct.hpp
[1.871s] -- Up-to-date: /home/omron/Omron_TM_ROS2/install/tm_msgs/include/tm_msgs/srv/detail/write_item__builder.hpp
[1.871s] -- Up-to-date: /home/omron/Omron_TM_ROS2/install/tm_msgs/include/tm_msgs/srv/detail/ask_item__builder.hpp
[1.871s] -- Up-to-date: /home/omron/Omron_TM_ROS2/install/tm_msgs/include/tm_msgs/srv/detail/ask_sta__traits.hpp
[1.871s] -- Up-to-date: /home/omron/Omron_TM_ROS2/install/tm_msgs/include/tm_msgs/srv/detail/write_item__traits.hpp
[1.871s] -- Up-to-date: /home/omron/Omron_TM_ROS2/install/tm_msgs/include/tm_msgs/srv/detail/set_io__struct.hpp
[1.872s] -- Up-to-date: /home/omron/Omron_TM_ROS2/install/tm_msgs/include/tm_msgs/srv/detail/set_positions__traits.hpp
[1.872s] -- Up-to-date: /home/omron/Omron_TM_ROS2/install/tm_msgs/include/tm_msgs/srv/detail/set_io__traits.hpp
[1.872s] -- Up-to-date: /home/omron/Omron_TM_ROS2/install/tm_msgs/include/tm_msgs/srv/detail/send_script__struct.hpp
[1.872s] -- Up-to-date: /home/omron/Omron_TM_ROS2/install/tm_msgs/include/tm_msgs/srv/detail/set_io__builder.hpp
[1.872s] -- Up-to-date: /home/omron/Omron_TM_ROS2/install/tm_msgs/include/tm_msgs/srv/detail/send_script__builder.hpp
[1.872s] -- Up-to-date: /home/omron/Omron_TM_ROS2/install/tm_msgs/include/tm_msgs/srv/detail/set_positions__builder.hpp
[1.872s] -- Up-to-date: /home/omron/Omron_TM_ROS2/install/tm_msgs/include/tm_msgs/srv/detail/set_positions__struct.hpp
[1.872s] -- Up-to-date: /home/omron/Omron_TM_ROS2/install/tm_msgs/include/tm_msgs/srv/detail/connect_tm__traits.hpp
[1.872s] -- Up-to-date: /home/omron/Omron_TM_ROS2/install/tm_msgs/include/tm_msgs/srv/detail/connect_tm__builder.hpp
[1.873s] -- Up-to-date: /home/omron/Omron_TM_ROS2/install/tm_msgs/include/tm_msgs/srv/detail/send_script__traits.hpp
[1.873s] -- Up-to-date: /home/omron/Omron_TM_ROS2/install/tm_msgs/include/tm_msgs/srv/detail/ask_sta__builder.hpp
[1.873s] -- Up-to-date: /home/omron/Omron_TM_ROS2/install/tm_msgs/include/tm_msgs/srv/detail/set_event__traits.hpp
[1.873s] -- Up-to-date: /home/omron/Omron_TM_ROS2/install/tm_msgs/include/tm_msgs/srv/detail/set_event__builder.hpp
[1.873s] -- Up-to-date: /home/omron/Omron_TM_ROS2/install/tm_msgs/include/tm_msgs/srv/detail/set_event__struct.hpp
[1.874s] -- Up-to-date: /home/omron/Omron_TM_ROS2/install/tm_msgs/include/tm_msgs/srv/detail/connect_tm__struct.hpp
[1.876s] -- Up-to-date: /home/omron/Omron_TM_ROS2/install/tm_msgs/include/tm_msgs/srv/detail/write_item__struct.hpp
[1.876s] -- Up-to-date: /home/omron/Omron_TM_ROS2/install/tm_msgs/include/tm_msgs/srv/set_io.hpp
[1.876s] -- Up-to-date: /home/omron/Omron_TM_ROS2/install/tm_msgs/include/tm_msgs/srv/send_script.hpp
[1.876s] -- Up-to-date: /home/omron/Omron_TM_ROS2/install/tm_msgs/include/tm_msgs/srv/write_item.hpp
[1.876s] -- Up-to-date: /home/omron/Omron_TM_ROS2/install/tm_msgs/include/tm_msgs
[1.876s] -- Up-to-date: /home/omron/Omron_TM_ROS2/install/tm_msgs/include/tm_msgs/msg
[1.877s] -- Up-to-date: /home/omron/Omron_TM_ROS2/install/tm_msgs/include/tm_msgs/msg/detail
[1.877s] -- Up-to-date: /home/omron/Omron_TM_ROS2/install/tm_msgs/include/tm_msgs/msg/detail/feedback_state__rosidl_typesupport_introspection_cpp.hpp
[1.877s] -- Up-to-date: /home/omron/Omron_TM_ROS2/install/tm_msgs/include/tm_msgs/msg/detail/svr_response__type_support.cpp
[1.877s] -- Up-to-date: /home/omron/Omron_TM_ROS2/install/tm_msgs/include/tm_msgs/msg/detail/sta_response__type_support.cpp
[1.877s] -- Up-to-date: /home/omron/Omron_TM_ROS2/install/tm_msgs/include/tm_msgs/msg/detail/sta_response__rosidl_typesupport_introspection_cpp.hpp
[1.877s] -- Up-to-date: /home/omron/Omron_TM_ROS2/install/tm_msgs/include/tm_msgs/msg/detail/sct_response__type_support.cpp
[1.877s] -- Up-to-date: /home/omron/Omron_TM_ROS2/install/tm_msgs/include/tm_msgs/msg/detail/sct_response__rosidl_typesupport_introspection_cpp.hpp
[1.877s] -- Up-to-date: /home/omron/Omron_TM_ROS2/install/tm_msgs/include/tm_msgs/msg/detail/svr_response__rosidl_typesupport_introspection_cpp.hpp
[1.877s] -- Up-to-date: /home/omron/Omron_TM_ROS2/install/tm_msgs/include/tm_msgs/msg/detail/feedback_state__type_support.cpp
[1.878s] -- Up-to-date: /home/omron/Omron_TM_ROS2/install/tm_msgs/include/tm_msgs/srv
[1.878s] -- Up-to-date: /home/omron/Omron_TM_ROS2/install/tm_msgs/include/tm_msgs/srv/detail
[1.878s] -- Up-to-date: /home/omron/Omron_TM_ROS2/install/tm_msgs/include/tm_msgs/srv/detail/ask_item__rosidl_typesupport_introspection_cpp.hpp
[1.878s] -- Up-to-date: /home/omron/Omron_TM_ROS2/install/tm_msgs/include/tm_msgs/srv/detail/ask_sta__type_support.cpp
[1.878s] -- Up-to-date: /home/omron/Omron_TM_ROS2/install/tm_msgs/include/tm_msgs/srv/detail/set_event__type_support.cpp
[1.878s] -- Up-to-date: /home/omron/Omron_TM_ROS2/install/tm_msgs/include/tm_msgs/srv/detail/ask_item__type_support.cpp
[1.878s] -- Up-to-date: /home/omron/Omron_TM_ROS2/install/tm_msgs/include/tm_msgs/srv/detail/ask_sta__rosidl_typesupport_introspection_cpp.hpp
[1.878s] -- Up-to-date: /home/omron/Omron_TM_ROS2/install/tm_msgs/include/tm_msgs/srv/detail/write_item__rosidl_typesupport_introspection_cpp.hpp
[1.878s] -- Up-to-date: /home/omron/Omron_TM_ROS2/install/tm_msgs/include/tm_msgs/srv/detail/set_positions__rosidl_typesupport_introspection_cpp.hpp
[1.879s] -- Up-to-date: /home/omron/Omron_TM_ROS2/install/tm_msgs/include/tm_msgs/srv/detail/connect_tm__type_support.cpp
[1.879s] -- Up-to-date: /home/omron/Omron_TM_ROS2/install/tm_msgs/include/tm_msgs/srv/detail/connect_tm__rosidl_typesupport_introspection_cpp.hpp
[1.879s] -- Up-to-date: /home/omron/Omron_TM_ROS2/install/tm_msgs/include/tm_msgs/srv/detail/set_io__type_support.cpp
[1.879s] -- Up-to-date: /home/omron/Omron_TM_ROS2/install/tm_msgs/include/tm_msgs/srv/detail/send_script__type_support.cpp
[1.879s] -- Up-to-date: /home/omron/Omron_TM_ROS2/install/tm_msgs/include/tm_msgs/srv/detail/send_script__rosidl_typesupport_introspection_cpp.hpp
[1.879s] -- Up-to-date: /home/omron/Omron_TM_ROS2/install/tm_msgs/include/tm_msgs/srv/detail/write_item__type_support.cpp
[1.879s] -- Up-to-date: /home/omron/Omron_TM_ROS2/install/tm_msgs/include/tm_msgs/srv/detail/set_io__rosidl_typesupport_introspection_cpp.hpp
[1.879s] -- Up-to-date: /home/omron/Omron_TM_ROS2/install/tm_msgs/include/tm_msgs/srv/detail/set_positions__type_support.cpp
[1.879s] -- Up-to-date: /home/omron/Omron_TM_ROS2/install/tm_msgs/include/tm_msgs/srv/detail/set_event__rosidl_typesupport_introspection_cpp.hpp
[1.880s] -- Up-to-date: /home/omron/Omron_TM_ROS2/install/tm_msgs/lib/libtm_msgs__rosidl_typesupport_introspection_cpp.so
[1.880s] -- Up-to-date: /home/omron/Omron_TM_ROS2/install/tm_msgs/lib/libtm_msgs__rosidl_typesupport_cpp.so
[1.880s] -- Up-to-date: /home/omron/Omron_TM_ROS2/install/tm_msgs/share/tm_msgs/environment/pythonpath.sh
[1.880s] -- Up-to-date: /home/omron/Omron_TM_ROS2/install/tm_msgs/share/tm_msgs/environment/pythonpath.dsv
[1.880s] -- Up-to-date: /home/omron/Omron_TM_ROS2/install/tm_msgs/lib/python3.8/site-packages/tm_msgs/__init__.py
[1.925s] -- Up-to-date: /home/omron/Omron_TM_ROS2/install/tm_msgs/lib/python3.8/site-packages/tm_msgs/msg
[1.925s] -- Up-to-date: /home/omron/Omron_TM_ROS2/install/tm_msgs/lib/python3.8/site-packages/tm_msgs/msg/_sct_response_s.c
[1.925s] -- Up-to-date: /home/omron/Omron_TM_ROS2/install/tm_msgs/lib/python3.8/site-packages/tm_msgs/msg/_sct_response.py
[1.925s] -- Up-to-date: /home/omron/Omron_TM_ROS2/install/tm_msgs/lib/python3.8/site-packages/tm_msgs/msg/_sta_response.py
[1.926s] -- Up-to-date: /home/omron/Omron_TM_ROS2/install/tm_msgs/lib/python3.8/site-packages/tm_msgs/msg/_feedback_state.py
[1.926s] -- Up-to-date: /home/omron/Omron_TM_ROS2/install/tm_msgs/lib/python3.8/site-packages/tm_msgs/msg/_svr_response.py
[1.926s] -- Up-to-date: /home/omron/Omron_TM_ROS2/install/tm_msgs/lib/python3.8/site-packages/tm_msgs/msg/_svr_response_s.c
[1.926s] -- Up-to-date: /home/omron/Omron_TM_ROS2/install/tm_msgs/lib/python3.8/site-packages/tm_msgs/msg/__init__.py
[1.926s] -- Up-to-date: /home/omron/Omron_TM_ROS2/install/tm_msgs/lib/python3.8/site-packages/tm_msgs/msg/_feedback_state_s.c
[1.926s] -- Up-to-date: /home/omron/Omron_TM_ROS2/install/tm_msgs/lib/python3.8/site-packages/tm_msgs/msg/_sta_response_s.c
[1.926s] -- Up-to-date: /home/omron/Omron_TM_ROS2/install/tm_msgs/lib/python3.8/site-packages/tm_msgs/srv
[1.926s] -- Up-to-date: /home/omron/Omron_TM_ROS2/install/tm_msgs/lib/python3.8/site-packages/tm_msgs/srv/_write_item_s.c
[1.926s] -- Up-to-date: /home/omron/Omron_TM_ROS2/install/tm_msgs/lib/python3.8/site-packages/tm_msgs/srv/_write_item.py
[1.926s] -- Up-to-date: /home/omron/Omron_TM_ROS2/install/tm_msgs/lib/python3.8/site-packages/tm_msgs/srv/_set_event_s.c
[1.927s] -- Up-to-date: /home/omron/Omron_TM_ROS2/install/tm_msgs/lib/python3.8/site-packages/tm_msgs/srv/_set_positions.py
[1.927s] -- Up-to-date: /home/omron/Omron_TM_ROS2/install/tm_msgs/lib/python3.8/site-packages/tm_msgs/srv/_connect_tm_s.c
[1.927s] -- Up-to-date: /home/omron/Omron_TM_ROS2/install/tm_msgs/lib/python3.8/site-packages/tm_msgs/srv/_send_script_s.c
[1.927s] -- Up-to-date: /home/omron/Omron_TM_ROS2/install/tm_msgs/lib/python3.8/site-packages/tm_msgs/srv/_ask_item_s.c
[1.927s] -- Up-to-date: /home/omron/Omron_TM_ROS2/install/tm_msgs/lib/python3.8/site-packages/tm_msgs/srv/_set_io.py
[1.927s] -- Up-to-date: /home/omron/Omron_TM_ROS2/install/tm_msgs/lib/python3.8/site-packages/tm_msgs/srv/_set_event.py
[1.927s] -- Up-to-date: /home/omron/Omron_TM_ROS2/install/tm_msgs/lib/python3.8/site-packages/tm_msgs/srv/__init__.py
[1.927s] -- Up-to-date: /home/omron/Omron_TM_ROS2/install/tm_msgs/lib/python3.8/site-packages/tm_msgs/srv/_connect_tm.py
[1.928s] -- Up-to-date: /home/omron/Omron_TM_ROS2/install/tm_msgs/lib/python3.8/site-packages/tm_msgs/srv/_ask_item.py
[1.928s] -- Up-to-date: /home/omron/Omron_TM_ROS2/install/tm_msgs/lib/python3.8/site-packages/tm_msgs/srv/_send_script.py
[1.928s] -- Up-to-date: /home/omron/Omron_TM_ROS2/install/tm_msgs/lib/python3.8/site-packages/tm_msgs/srv/_ask_sta.py
[1.928s] -- Up-to-date: /home/omron/Omron_TM_ROS2/install/tm_msgs/lib/python3.8/site-packages/tm_msgs/srv/_set_io_s.c
[1.928s] -- Up-to-date: /home/omron/Omron_TM_ROS2/install/tm_msgs/lib/python3.8/site-packages/tm_msgs/srv/_ask_sta_s.c
[1.928s] -- Up-to-date: /home/omron/Omron_TM_ROS2/install/tm_msgs/lib/python3.8/site-packages/tm_msgs/srv/_set_positions_s.c
[1.928s] -- Up-to-date: /home/omron/Omron_TM_ROS2/install/tm_msgs/lib/python3.8/site-packages/tm_msgs/tm_msgs_s__rosidl_typesupport_fastrtps_c.cpython-38-x86_64-linux-gnu.so
[1.928s] -- Up-to-date: /home/omron/Omron_TM_ROS2/install/tm_msgs/lib/python3.8/site-packages/tm_msgs/tm_msgs_s__rosidl_typesupport_introspection_c.cpython-38-x86_64-linux-gnu.so
[1.928s] -- Up-to-date: /home/omron/Omron_TM_ROS2/install/tm_msgs/lib/python3.8/site-packages/tm_msgs/tm_msgs_s__rosidl_typesupport_c.cpython-38-x86_64-linux-gnu.so
[1.928s] -- Up-to-date: /home/omron/Omron_TM_ROS2/install/tm_msgs/lib/libtm_msgs__python.so
[1.929s] -- Up-to-date: /home/omron/Omron_TM_ROS2/install/tm_msgs/share/tm_msgs/msg/FeedbackState.idl
[1.929s] -- Up-to-date: /home/omron/Omron_TM_ROS2/install/tm_msgs/share/tm_msgs/msg/SvrResponse.idl
[1.929s] -- Up-to-date: /home/omron/Omron_TM_ROS2/install/tm_msgs/share/tm_msgs/msg/SctResponse.idl
[1.929s] -- Up-to-date: /home/omron/Omron_TM_ROS2/install/tm_msgs/share/tm_msgs/msg/StaResponse.idl
[1.929s] -- Up-to-date: /home/omron/Omron_TM_ROS2/install/tm_msgs/share/tm_msgs/srv/ConnectTM.idl
[1.929s] -- Up-to-date: /home/omron/Omron_TM_ROS2/install/tm_msgs/share/tm_msgs/srv/WriteItem.idl
[1.929s] -- Up-to-date: /home/omron/Omron_TM_ROS2/install/tm_msgs/share/tm_msgs/srv/AskItem.idl
[1.929s] -- Up-to-date: /home/omron/Omron_TM_ROS2/install/tm_msgs/share/tm_msgs/srv/SendScript.idl
[1.929s] -- Up-to-date: /home/omron/Omron_TM_ROS2/install/tm_msgs/share/tm_msgs/srv/SetEvent.idl
[1.929s] -- Up-to-date: /home/omron/Omron_TM_ROS2/install/tm_msgs/share/tm_msgs/srv/SetIO.idl
[1.929s] -- Up-to-date: /home/omron/Omron_TM_ROS2/install/tm_msgs/share/tm_msgs/srv/SetPositions.idl
[1.929s] -- Up-to-date: /home/omron/Omron_TM_ROS2/install/tm_msgs/share/tm_msgs/srv/AskSta.idl
[1.929s] -- Up-to-date: /home/omron/Omron_TM_ROS2/install/tm_msgs/share/tm_msgs/msg/FeedbackState.msg
[1.930s] -- Up-to-date: /home/omron/Omron_TM_ROS2/install/tm_msgs/share/tm_msgs/msg/SvrResponse.msg
[1.930s] -- Up-to-date: /home/omron/Omron_TM_ROS2/install/tm_msgs/share/tm_msgs/msg/SctResponse.msg
[1.930s] -- Up-to-date: /home/omron/Omron_TM_ROS2/install/tm_msgs/share/tm_msgs/msg/StaResponse.msg
[1.930s] -- Up-to-date: /home/omron/Omron_TM_ROS2/install/tm_msgs/share/tm_msgs/srv/ConnectTM.srv
[1.930s] -- Up-to-date: /home/omron/Omron_TM_ROS2/install/tm_msgs/share/tm_msgs/srv/ConnectTM_Request.msg
[1.930s] -- Up-to-date: /home/omron/Omron_TM_ROS2/install/tm_msgs/share/tm_msgs/srv/ConnectTM_Response.msg
[1.930s] -- Up-to-date: /home/omron/Omron_TM_ROS2/install/tm_msgs/share/tm_msgs/srv/WriteItem.srv
[1.930s] -- Up-to-date: /home/omron/Omron_TM_ROS2/install/tm_msgs/share/tm_msgs/srv/WriteItem_Request.msg
[1.930s] -- Up-to-date: /home/omron/Omron_TM_ROS2/install/tm_msgs/share/tm_msgs/srv/WriteItem_Response.msg
[1.930s] -- Up-to-date: /home/omron/Omron_TM_ROS2/install/tm_msgs/share/tm_msgs/srv/AskItem.srv
[1.931s] -- Up-to-date: /home/omron/Omron_TM_ROS2/install/tm_msgs/share/tm_msgs/srv/AskItem_Request.msg
[1.931s] -- Up-to-date: /home/omron/Omron_TM_ROS2/install/tm_msgs/share/tm_msgs/srv/AskItem_Response.msg
[1.931s] -- Up-to-date: /home/omron/Omron_TM_ROS2/install/tm_msgs/share/tm_msgs/srv/SendScript.srv
[1.931s] -- Up-to-date: /home/omron/Omron_TM_ROS2/install/tm_msgs/share/tm_msgs/srv/SendScript_Request.msg
[1.931s] -- Up-to-date: /home/omron/Omron_TM_ROS2/install/tm_msgs/share/tm_msgs/srv/SendScript_Response.msg
[1.931s] -- Up-to-date: /home/omron/Omron_TM_ROS2/install/tm_msgs/share/tm_msgs/srv/SetEvent.srv
[1.931s] -- Up-to-date: /home/omron/Omron_TM_ROS2/install/tm_msgs/share/tm_msgs/srv/SetEvent_Request.msg
[1.931s] -- Up-to-date: /home/omron/Omron_TM_ROS2/install/tm_msgs/share/tm_msgs/srv/SetEvent_Response.msg
[1.931s] -- Up-to-date: /home/omron/Omron_TM_ROS2/install/tm_msgs/share/tm_msgs/srv/SetIO.srv
[1.931s] -- Up-to-date: /home/omron/Omron_TM_ROS2/install/tm_msgs/share/tm_msgs/srv/SetIO_Request.msg
[1.932s] -- Up-to-date: /home/omron/Omron_TM_ROS2/install/tm_msgs/share/tm_msgs/srv/SetIO_Response.msg
[1.932s] -- Up-to-date: /home/omron/Omron_TM_ROS2/install/tm_msgs/share/tm_msgs/srv/SetPositions.srv
[1.932s] -- Up-to-date: /home/omron/Omron_TM_ROS2/install/tm_msgs/share/tm_msgs/srv/SetPositions_Request.msg
[1.932s] -- Up-to-date: /home/omron/Omron_TM_ROS2/install/tm_msgs/share/tm_msgs/srv/SetPositions_Response.msg
[1.932s] -- Up-to-date: /home/omron/Omron_TM_ROS2/install/tm_msgs/share/tm_msgs/srv/AskSta.srv
[1.932s] -- Up-to-date: /home/omron/Omron_TM_ROS2/install/tm_msgs/share/tm_msgs/srv/AskSta_Request.msg
[1.932s] -- Up-to-date: /home/omron/Omron_TM_ROS2/install/tm_msgs/share/tm_msgs/srv/AskSta_Response.msg
[1.932s] -- Up-to-date: /home/omron/Omron_TM_ROS2/install/tm_msgs/share/ament_index/resource_index/package_run_dependencies/tm_msgs
[1.932s] -- Up-to-date: /home/omron/Omron_TM_ROS2/install/tm_msgs/share/ament_index/resource_index/parent_prefix_path/tm_msgs
[1.932s] -- Up-to-date: /home/omron/Omron_TM_ROS2/install/tm_msgs/share/tm_msgs/environment/ament_prefix_path.sh
[1.932s] -- Up-to-date: /home/omron/Omron_TM_ROS2/install/tm_msgs/share/tm_msgs/environment/ament_prefix_path.dsv
[1.932s] -- Up-to-date: /home/omron/Omron_TM_ROS2/install/tm_msgs/share/tm_msgs/environment/path.sh
[1.933s] -- Up-to-date: /home/omron/Omron_TM_ROS2/install/tm_msgs/share/tm_msgs/environment/path.dsv
[1.933s] -- Up-to-date: /home/omron/Omron_TM_ROS2/install/tm_msgs/share/tm_msgs/local_setup.bash
[1.933s] -- Up-to-date: /home/omron/Omron_TM_ROS2/install/tm_msgs/share/tm_msgs/local_setup.sh
[1.933s] -- Up-to-date: /home/omron/Omron_TM_ROS2/install/tm_msgs/share/tm_msgs/local_setup.zsh
[1.933s] -- Up-to-date: /home/omron/Omron_TM_ROS2/install/tm_msgs/share/tm_msgs/local_setup.dsv
[1.933s] -- Installing: /home/omron/Omron_TM_ROS2/install/tm_msgs/share/tm_msgs/package.dsv
[1.933s] -- Up-to-date: /home/omron/Omron_TM_ROS2/install/tm_msgs/share/ament_index/resource_index/packages/tm_msgs
[1.933s] -- Up-to-date: /home/omron/Omron_TM_ROS2/install/tm_msgs/share/tm_msgs/cmake/tm_msgs__rosidl_generator_cExport.cmake
[1.933s] -- Up-to-date: /home/omron/Omron_TM_ROS2/install/tm_msgs/share/tm_msgs/cmake/tm_msgs__rosidl_generator_cExport-noconfig.cmake
[1.933s] -- Up-to-date: /home/omron/Omron_TM_ROS2/install/tm_msgs/share/tm_msgs/cmake/tm_msgs__rosidl_typesupport_introspection_cExport.cmake
[1.933s] -- Up-to-date: /home/omron/Omron_TM_ROS2/install/tm_msgs/share/tm_msgs/cmake/tm_msgs__rosidl_typesupport_introspection_cExport-noconfig.cmake
[1.933s] -- Up-to-date: /home/omron/Omron_TM_ROS2/install/tm_msgs/share/tm_msgs/cmake/tm_msgs__rosidl_typesupport_cExport.cmake
[1.934s] -- Up-to-date: /home/omron/Omron_TM_ROS2/install/tm_msgs/share/tm_msgs/cmake/tm_msgs__rosidl_typesupport_cExport-noconfig.cmake
[1.934s] -- Up-to-date: /home/omron/Omron_TM_ROS2/install/tm_msgs/share/tm_msgs/cmake/tm_msgs__rosidl_generator_cppExport.cmake
[1.934s] -- Up-to-date: /home/omron/Omron_TM_ROS2/install/tm_msgs/share/tm_msgs/cmake/tm_msgs__rosidl_typesupport_introspection_cppExport.cmake
[1.934s] -- Up-to-date: /home/omron/Omron_TM_ROS2/install/tm_msgs/share/tm_msgs/cmake/tm_msgs__rosidl_typesupport_introspection_cppExport-noconfig.cmake
[1.934s] -- Up-to-date: /home/omron/Omron_TM_ROS2/install/tm_msgs/share/tm_msgs/cmake/tm_msgs__rosidl_typesupport_cppExport.cmake
[1.934s] -- Up-to-date: /home/omron/Omron_TM_ROS2/install/tm_msgs/share/tm_msgs/cmake/tm_msgs__rosidl_typesupport_cppExport-noconfig.cmake
[1.934s] -- Up-to-date: /home/omron/Omron_TM_ROS2/install/tm_msgs/share/tm_msgs/cmake/rosidl_cmake-extras.cmake
[1.934s] -- Up-to-date: /home/omron/Omron_TM_ROS2/install/tm_msgs/share/tm_msgs/cmake/ament_cmake_export_dependencies-extras.cmake
[1.934s] -- Up-to-date: /home/omron/Omron_TM_ROS2/install/tm_msgs/share/tm_msgs/cmake/ament_cmake_export_libraries-extras.cmake
[1.934s] -- Up-to-date: /home/omron/Omron_TM_ROS2/install/tm_msgs/share/tm_msgs/cmake/ament_cmake_export_targets-extras.cmake
[1.934s] -- Up-to-date: /home/omron/Omron_TM_ROS2/install/tm_msgs/share/tm_msgs/cmake/ament_cmake_export_include_directories-extras.cmake
[1.934s] -- Up-to-date: /home/omron/Omron_TM_ROS2/install/tm_msgs/share/tm_msgs/cmake/rosidl_cmake_export_typesupport_libraries-extras.cmake
[1.934s] -- Up-to-date: /home/omron/Omron_TM_ROS2/install/tm_msgs/share/tm_msgs/cmake/rosidl_cmake_export_typesupport_targets-extras.cmake
[1.935s] -- Up-to-date: /home/omron/Omron_TM_ROS2/install/tm_msgs/share/tm_msgs/cmake/tm_msgsConfig.cmake
[1.935s] -- Up-to-date: /home/omron/Omron_TM_ROS2/install/tm_msgs/share/tm_msgs/cmake/tm_msgsConfig-version.cmake
[1.935s] -- Up-to-date: /home/omron/Omron_TM_ROS2/install/tm_msgs/share/tm_msgs/package.xml
[1.951s] Invoked command in '/home/omron/Omron_TM_ROS2/build/tm_msgs' returned '0': CMAKE_PREFIX_PATH=${CMAKE_PREFIX_PATH}:/home/omron/Omron_TM_ROS2/install/tmr_mod_urdf:/home/omron/Omron_TM_ROS2/install/tm_get_status:/home/omron/Omron_TM_ROS2/install/rviz_tm:/home/omron/Omron_TM_ROS2/install/pickplace:/opt/ros/foxy /usr/bin/cmake --install /home/omron/Omron_TM_ROS2/build/tm_msgs
