[0.065s] Invoking command in '/home/gy/tmr_ros2/build/tmr_msgs': CMAKE_PREFIX_PATH=${CMAKE_PREFIX_PATH}:/home/gy/tmr_ros2/install/tmr_mod_urdf:/home/gy/tmr_ros2/install/tm_get_status:/opt/ros/foxy /usr/bin/cmake --build /home/gy/tmr_ros2/build/tmr_msgs -- -j3 -l3
[0.358s] [  0%] Built target tmr_msgs__cpp
[0.358s] [ 12%] Built target tmr_msgs__rosidl_generator_c
[0.425s] [ 24%] Built target tmr_msgs__rosidl_typesupport_c
[0.476s] [ 36%] Built target tmr_msgs__rosidl_typesupport_introspection_c
[0.495s] [ 48%] Built target tmr_msgs__rosidl_typesupport_introspection_cpp
[0.568s] [ 59%] Built target tmr_msgs__rosidl_typesupport_fastrtps_cpp
[0.577s] [ 71%] Built target tmr_msgs__rosidl_typesupport_cpp
[0.639s] [ 83%] Built target tmr_msgs__rosidl_typesupport_fastrtps_c
[0.714s] [ 83%] Built target tmr_msgs
[0.768s] [ 84%] Built target tmr_msgs__py
[0.873s] [ 95%] Built target tmr_msgs__python
[0.945s] [ 96%] Built target tmr_msgs__rosidl_typesupport_c__pyext
[0.960s] [ 98%] Built target tmr_msgs__rosidl_typesupport_introspection_c__pyext
[0.986s] [100%] Built target tmr_msgs__rosidl_typesupport_fastrtps_c__pyext
[1.034s] Invoked command in '/home/gy/tmr_ros2/build/tmr_msgs' returned '0': CMAKE_PREFIX_PATH=${CMAKE_PREFIX_PATH}:/home/gy/tmr_ros2/install/tmr_mod_urdf:/home/gy/tmr_ros2/install/tm_get_status:/opt/ros/foxy /usr/bin/cmake --build /home/gy/tmr_ros2/build/tmr_msgs -- -j3 -l3
[1.998s] Invoking command in '/home/gy/tmr_ros2/build/tmr_msgs': CMAKE_PREFIX_PATH=${CMAKE_PREFIX_PATH}:/home/gy/tmr_ros2/install/tmr_mod_urdf:/home/gy/tmr_ros2/install/tm_get_status:/opt/ros/foxy /usr/bin/cmake --install /home/gy/tmr_ros2/build/tmr_msgs
[2.048s] -- Install configuration: ""
[2.048s] -- Up-to-date: /home/gy/tmr_ros2/install/tmr_msgs/share/ament_index/resource_index/rosidl_interfaces/tmr_msgs
[2.049s] -- Up-to-date: /home/gy/tmr_ros2/install/tmr_msgs/include/tmr_msgs
[2.049s] -- Up-to-date: /home/gy/tmr_ros2/install/tmr_msgs/include/tmr_msgs/srv
[2.049s] -- Up-to-date: /home/gy/tmr_ros2/install/tmr_msgs/include/tmr_msgs/srv/detail
[2.049s] -- Up-to-date: /home/gy/tmr_ros2/install/tmr_msgs/include/tmr_msgs/srv/detail/set_io__type_support.h
[2.049s] -- Up-to-date: /home/gy/tmr_ros2/install/tmr_msgs/include/tmr_msgs/srv/detail/set_positions__functions.h
[2.050s] -- Up-to-date: /home/gy/tmr_ros2/install/tmr_msgs/include/tmr_msgs/srv/detail/ask_sta__functions.h
[2.050s] -- Up-to-date: /home/gy/tmr_ros2/install/tmr_msgs/include/tmr_msgs/srv/detail/set_positions__functions.c
[2.050s] -- Up-to-date: /home/gy/tmr_ros2/install/tmr_msgs/include/tmr_msgs/srv/detail/set_io__functions.h
[2.050s] -- Up-to-date: /home/gy/tmr_ros2/install/tmr_msgs/include/tmr_msgs/srv/detail/send_script__type_support.h
[2.051s] -- Up-to-date: /home/gy/tmr_ros2/install/tmr_msgs/include/tmr_msgs/srv/detail/send_script__struct.h
[2.051s] -- Up-to-date: /home/gy/tmr_ros2/install/tmr_msgs/include/tmr_msgs/srv/detail/set_event__struct.h
[2.051s] -- Up-to-date: /home/gy/tmr_ros2/install/tmr_msgs/include/tmr_msgs/srv/detail/set_event__functions.h
[2.052s] -- Up-to-date: /home/gy/tmr_ros2/install/tmr_msgs/include/tmr_msgs/srv/detail/set_event__type_support.h
[2.052s] -- Up-to-date: /home/gy/tmr_ros2/install/tmr_msgs/include/tmr_msgs/srv/detail/connect_tm__functions.c
[2.052s] -- Up-to-date: /home/gy/tmr_ros2/install/tmr_msgs/include/tmr_msgs/srv/detail/ask_sta__struct.h
[2.052s] -- Up-to-date: /home/gy/tmr_ros2/install/tmr_msgs/include/tmr_msgs/srv/detail/set_io__struct.h
[2.053s] -- Up-to-date: /home/gy/tmr_ros2/install/tmr_msgs/include/tmr_msgs/srv/detail/send_script__functions.h
[2.053s] -- Up-to-date: /home/gy/tmr_ros2/install/tmr_msgs/include/tmr_msgs/srv/detail/set_positions__type_support.h
[2.053s] -- Up-to-date: /home/gy/tmr_ros2/install/tmr_msgs/include/tmr_msgs/srv/detail/set_io__functions.c
[2.053s] -- Up-to-date: /home/gy/tmr_ros2/install/tmr_msgs/include/tmr_msgs/srv/detail/ask_sta__functions.c
[2.054s] -- Up-to-date: /home/gy/tmr_ros2/install/tmr_msgs/include/tmr_msgs/srv/detail/ask_item__functions.c
[2.054s] -- Up-to-date: /home/gy/tmr_ros2/install/tmr_msgs/include/tmr_msgs/srv/detail/write_item__functions.h
[2.055s] -- Up-to-date: /home/gy/tmr_ros2/install/tmr_msgs/include/tmr_msgs/srv/detail/connect_tm__type_support.h
[2.055s] -- Up-to-date: /home/gy/tmr_ros2/install/tmr_msgs/include/tmr_msgs/srv/detail/send_script__functions.c
[2.055s] -- Up-to-date: /home/gy/tmr_ros2/install/tmr_msgs/include/tmr_msgs/srv/detail/ask_item__type_support.h
[2.056s] -- Up-to-date: /home/gy/tmr_ros2/install/tmr_msgs/include/tmr_msgs/srv/detail/set_positions__struct.h
[2.056s] -- Up-to-date: /home/gy/tmr_ros2/install/tmr_msgs/include/tmr_msgs/srv/detail/write_item__functions.c
[2.056s] -- Up-to-date: /home/gy/tmr_ros2/install/tmr_msgs/include/tmr_msgs/srv/detail/write_item__struct.h
[2.056s] -- Up-to-date: /home/gy/tmr_ros2/install/tmr_msgs/include/tmr_msgs/srv/detail/connect_tm__struct.h
[2.056s] -- Up-to-date: /home/gy/tmr_ros2/install/tmr_msgs/include/tmr_msgs/srv/detail/ask_item__functions.h
[2.056s] -- Up-to-date: /home/gy/tmr_ros2/install/tmr_msgs/include/tmr_msgs/srv/detail/set_event__functions.c
[2.057s] -- Up-to-date: /home/gy/tmr_ros2/install/tmr_msgs/include/tmr_msgs/srv/detail/connect_tm__functions.h
[2.057s] -- Up-to-date: /home/gy/tmr_ros2/install/tmr_msgs/include/tmr_msgs/srv/detail/ask_item__struct.h
[2.057s] -- Up-to-date: /home/gy/tmr_ros2/install/tmr_msgs/include/tmr_msgs/srv/detail/write_item__type_support.h
[2.057s] -- Up-to-date: /home/gy/tmr_ros2/install/tmr_msgs/include/tmr_msgs/srv/detail/ask_sta__type_support.h
[2.057s] -- Up-to-date: /home/gy/tmr_ros2/install/tmr_msgs/include/tmr_msgs/srv/connect_tm.h
[2.057s] -- Up-to-date: /home/gy/tmr_ros2/install/tmr_msgs/include/tmr_msgs/srv/ask_item.h
[2.057s] -- Up-to-date: /home/gy/tmr_ros2/install/tmr_msgs/include/tmr_msgs/srv/write_item.h
[2.057s] -- Up-to-date: /home/gy/tmr_ros2/install/tmr_msgs/include/tmr_msgs/srv/set_io.h
[2.058s] -- Up-to-date: /home/gy/tmr_ros2/install/tmr_msgs/include/tmr_msgs/srv/set_positions.h
[2.063s] -- Up-to-date: /home/gy/tmr_ros2/install/tmr_msgs/include/tmr_msgs/srv/send_script.h
[2.063s] -- Up-to-date: /home/gy/tmr_ros2/install/tmr_msgs/include/tmr_msgs/srv/ask_sta.h
[2.063s] -- Up-to-date: /home/gy/tmr_ros2/install/tmr_msgs/include/tmr_msgs/srv/set_event.h
[2.063s] -- Up-to-date: /home/gy/tmr_ros2/install/tmr_msgs/include/tmr_msgs/msg
[2.063s] -- Up-to-date: /home/gy/tmr_ros2/install/tmr_msgs/include/tmr_msgs/msg/detail
[2.064s] -- Up-to-date: /home/gy/tmr_ros2/install/tmr_msgs/include/tmr_msgs/msg/detail/feedback_state__type_support.h
[2.064s] -- Up-to-date: /home/gy/tmr_ros2/install/tmr_msgs/include/tmr_msgs/msg/detail/feedback_state__functions.h
[2.064s] -- Up-to-date: /home/gy/tmr_ros2/install/tmr_msgs/include/tmr_msgs/msg/detail/svr_response__type_support.h
[2.065s] -- Up-to-date: /home/gy/tmr_ros2/install/tmr_msgs/include/tmr_msgs/msg/detail/sta_response__functions.c
[2.065s] -- Up-to-date: /home/gy/tmr_ros2/install/tmr_msgs/include/tmr_msgs/msg/detail/sta_response__type_support.h
[2.065s] -- Up-to-date: /home/gy/tmr_ros2/install/tmr_msgs/include/tmr_msgs/msg/detail/sct_response__functions.c
[2.065s] -- Up-to-date: /home/gy/tmr_ros2/install/tmr_msgs/include/tmr_msgs/msg/detail/feedback_state__functions.c
[2.066s] -- Up-to-date: /home/gy/tmr_ros2/install/tmr_msgs/include/tmr_msgs/msg/detail/sct_response__type_support.h
[2.066s] -- Up-to-date: /home/gy/tmr_ros2/install/tmr_msgs/include/tmr_msgs/msg/detail/svr_response__struct.h
[2.066s] -- Up-to-date: /home/gy/tmr_ros2/install/tmr_msgs/include/tmr_msgs/msg/detail/svr_response__functions.h
[2.066s] -- Up-to-date: /home/gy/tmr_ros2/install/tmr_msgs/include/tmr_msgs/msg/detail/sct_response__functions.h
[2.066s] -- Up-to-date: /home/gy/tmr_ros2/install/tmr_msgs/include/tmr_msgs/msg/detail/feedback_state__struct.h
[2.066s] -- Up-to-date: /home/gy/tmr_ros2/install/tmr_msgs/include/tmr_msgs/msg/detail/sta_response__functions.h
[2.066s] -- Up-to-date: /home/gy/tmr_ros2/install/tmr_msgs/include/tmr_msgs/msg/detail/svr_response__functions.c
[2.067s] -- Up-to-date: /home/gy/tmr_ros2/install/tmr_msgs/include/tmr_msgs/msg/detail/sta_response__struct.h
[2.067s] -- Up-to-date: /home/gy/tmr_ros2/install/tmr_msgs/include/tmr_msgs/msg/detail/sct_response__struct.h
[2.067s] -- Up-to-date: /home/gy/tmr_ros2/install/tmr_msgs/include/tmr_msgs/msg/svr_response.h
[2.067s] -- Up-to-date: /home/gy/tmr_ros2/install/tmr_msgs/include/tmr_msgs/msg/feedback_state.h
[2.067s] -- Up-to-date: /home/gy/tmr_ros2/install/tmr_msgs/include/tmr_msgs/msg/sct_response.h
[2.067s] -- Up-to-date: /home/gy/tmr_ros2/install/tmr_msgs/include/tmr_msgs/msg/rosidl_generator_c__visibility_control.h
[2.067s] -- Up-to-date: /home/gy/tmr_ros2/install/tmr_msgs/include/tmr_msgs/msg/sta_response.h
[2.067s] -- Up-to-date: /home/gy/tmr_ros2/install/tmr_msgs/share/tmr_msgs/environment/library_path.sh
[2.068s] -- Up-to-date: /home/gy/tmr_ros2/install/tmr_msgs/share/tmr_msgs/environment/library_path.dsv
[2.068s] -- Up-to-date: /home/gy/tmr_ros2/install/tmr_msgs/lib/libtmr_msgs__rosidl_generator_c.so
[2.068s] -- Up-to-date: /home/gy/tmr_ros2/install/tmr_msgs/include/tmr_msgs
[2.068s] -- Up-to-date: /home/gy/tmr_ros2/install/tmr_msgs/include/tmr_msgs/srv
[2.068s] -- Up-to-date: /home/gy/tmr_ros2/install/tmr_msgs/include/tmr_msgs/srv/detail
[2.068s] -- Up-to-date: /home/gy/tmr_ros2/install/tmr_msgs/include/tmr_msgs/srv/detail/connect_tm__rosidl_typesupport_fastrtps_c.h
[2.068s] -- Up-to-date: /home/gy/tmr_ros2/install/tmr_msgs/include/tmr_msgs/srv/detail/set_event__rosidl_typesupport_fastrtps_c.h
[2.068s] -- Up-to-date: /home/gy/tmr_ros2/install/tmr_msgs/include/tmr_msgs/srv/detail/set_io__rosidl_typesupport_fastrtps_c.h
[2.069s] -- Up-to-date: /home/gy/tmr_ros2/install/tmr_msgs/include/tmr_msgs/srv/detail/ask_sta__rosidl_typesupport_fastrtps_c.h
[2.069s] -- Up-to-date: /home/gy/tmr_ros2/install/tmr_msgs/include/tmr_msgs/srv/detail/set_positions__rosidl_typesupport_fastrtps_c.h
[2.069s] -- Up-to-date: /home/gy/tmr_ros2/install/tmr_msgs/include/tmr_msgs/srv/detail/send_script__rosidl_typesupport_fastrtps_c.h
[2.069s] -- Up-to-date: /home/gy/tmr_ros2/install/tmr_msgs/include/tmr_msgs/srv/detail/ask_item__rosidl_typesupport_fastrtps_c.h
[2.069s] -- Up-to-date: /home/gy/tmr_ros2/install/tmr_msgs/include/tmr_msgs/srv/detail/write_item__rosidl_typesupport_fastrtps_c.h
[2.072s] -- Up-to-date: /home/gy/tmr_ros2/install/tmr_msgs/include/tmr_msgs/msg
[2.073s] -- Up-to-date: /home/gy/tmr_ros2/install/tmr_msgs/include/tmr_msgs/msg/detail
[2.073s] -- Up-to-date: /home/gy/tmr_ros2/install/tmr_msgs/include/tmr_msgs/msg/detail/sct_response__rosidl_typesupport_fastrtps_c.h
[2.073s] -- Up-to-date: /home/gy/tmr_ros2/install/tmr_msgs/include/tmr_msgs/msg/detail/sta_response__rosidl_typesupport_fastrtps_c.h
[2.077s] -- Up-to-date: /home/gy/tmr_ros2/install/tmr_msgs/include/tmr_msgs/msg/detail/feedback_state__rosidl_typesupport_fastrtps_c.h
[2.077s] -- Up-to-date: /home/gy/tmr_ros2/install/tmr_msgs/include/tmr_msgs/msg/detail/svr_response__rosidl_typesupport_fastrtps_c.h
[2.077s] -- Up-to-date: /home/gy/tmr_ros2/install/tmr_msgs/include/tmr_msgs/msg/rosidl_typesupport_fastrtps_c__visibility_control.h
[2.077s] -- Up-to-date: /home/gy/tmr_ros2/install/tmr_msgs/lib/libtmr_msgs__rosidl_typesupport_fastrtps_c.so
[2.078s] -- Up-to-date: /home/gy/tmr_ros2/install/tmr_msgs/include/tmr_msgs
[2.078s] -- Up-to-date: /home/gy/tmr_ros2/install/tmr_msgs/include/tmr_msgs/srv
[2.078s] -- Up-to-date: /home/gy/tmr_ros2/install/tmr_msgs/include/tmr_msgs/srv/detail
[2.078s] -- Up-to-date: /home/gy/tmr_ros2/install/tmr_msgs/include/tmr_msgs/srv/detail/connect_tm__rosidl_typesupport_fastrtps_cpp.hpp
[2.078s] -- Up-to-date: /home/gy/tmr_ros2/install/tmr_msgs/include/tmr_msgs/srv/detail/set_io__rosidl_typesupport_fastrtps_cpp.hpp
[2.078s] -- Up-to-date: /home/gy/tmr_ros2/install/tmr_msgs/include/tmr_msgs/srv/detail/ask_sta__rosidl_typesupport_fastrtps_cpp.hpp
[2.078s] -- Up-to-date: /home/gy/tmr_ros2/install/tmr_msgs/include/tmr_msgs/srv/detail/write_item__rosidl_typesupport_fastrtps_cpp.hpp
[2.079s] -- Up-to-date: /home/gy/tmr_ros2/install/tmr_msgs/include/tmr_msgs/srv/detail/send_script__rosidl_typesupport_fastrtps_cpp.hpp
[2.079s] -- Up-to-date: /home/gy/tmr_ros2/install/tmr_msgs/include/tmr_msgs/srv/detail/set_event__rosidl_typesupport_fastrtps_cpp.hpp
[2.079s] -- Up-to-date: /home/gy/tmr_ros2/install/tmr_msgs/include/tmr_msgs/srv/detail/ask_item__rosidl_typesupport_fastrtps_cpp.hpp
[2.079s] -- Up-to-date: /home/gy/tmr_ros2/install/tmr_msgs/include/tmr_msgs/srv/detail/dds_fastrtps
[2.080s] -- Up-to-date: /home/gy/tmr_ros2/install/tmr_msgs/include/tmr_msgs/srv/detail/set_positions__rosidl_typesupport_fastrtps_cpp.hpp
[2.080s] -- Up-to-date: /home/gy/tmr_ros2/install/tmr_msgs/include/tmr_msgs/msg
[2.080s] -- Up-to-date: /home/gy/tmr_ros2/install/tmr_msgs/include/tmr_msgs/msg/detail
[2.080s] -- Up-to-date: /home/gy/tmr_ros2/install/tmr_msgs/include/tmr_msgs/msg/detail/sct_response__rosidl_typesupport_fastrtps_cpp.hpp
[2.080s] -- Up-to-date: /home/gy/tmr_ros2/install/tmr_msgs/include/tmr_msgs/msg/detail/svr_response__rosidl_typesupport_fastrtps_cpp.hpp
[2.080s] -- Up-to-date: /home/gy/tmr_ros2/install/tmr_msgs/include/tmr_msgs/msg/detail/sta_response__rosidl_typesupport_fastrtps_cpp.hpp
[2.080s] -- Up-to-date: /home/gy/tmr_ros2/install/tmr_msgs/include/tmr_msgs/msg/detail/feedback_state__rosidl_typesupport_fastrtps_cpp.hpp
[2.080s] -- Up-to-date: /home/gy/tmr_ros2/install/tmr_msgs/include/tmr_msgs/msg/detail/dds_fastrtps
[2.080s] -- Up-to-date: /home/gy/tmr_ros2/install/tmr_msgs/include/tmr_msgs/msg/rosidl_typesupport_fastrtps_cpp__visibility_control.h
[2.081s] -- Up-to-date: /home/gy/tmr_ros2/install/tmr_msgs/lib/libtmr_msgs__rosidl_typesupport_fastrtps_cpp.so
[2.081s] -- Up-to-date: /home/gy/tmr_ros2/install/tmr_msgs/include/tmr_msgs
[2.081s] -- Up-to-date: /home/gy/tmr_ros2/install/tmr_msgs/include/tmr_msgs/srv
[2.081s] -- Up-to-date: /home/gy/tmr_ros2/install/tmr_msgs/include/tmr_msgs/srv/detail
[2.081s] -- Up-to-date: /home/gy/tmr_ros2/install/tmr_msgs/include/tmr_msgs/srv/detail/write_item__type_support.c
[2.081s] -- Up-to-date: /home/gy/tmr_ros2/install/tmr_msgs/include/tmr_msgs/srv/detail/ask_item__rosidl_typesupport_introspection_c.h
[2.081s] -- Up-to-date: /home/gy/tmr_ros2/install/tmr_msgs/include/tmr_msgs/srv/detail/set_io__rosidl_typesupport_introspection_c.h
[2.081s] -- Up-to-date: /home/gy/tmr_ros2/install/tmr_msgs/include/tmr_msgs/srv/detail/send_script__type_support.c
[2.082s] -- Up-to-date: /home/gy/tmr_ros2/install/tmr_msgs/include/tmr_msgs/srv/detail/ask_sta__rosidl_typesupport_introspection_c.h
[2.083s] -- Up-to-date: /home/gy/tmr_ros2/install/tmr_msgs/include/tmr_msgs/srv/detail/ask_item__type_support.c
[2.084s] -- Up-to-date: /home/gy/tmr_ros2/install/tmr_msgs/include/tmr_msgs/srv/detail/set_positions__type_support.c
[2.084s] -- Up-to-date: /home/gy/tmr_ros2/install/tmr_msgs/include/tmr_msgs/srv/detail/send_script__rosidl_typesupport_introspection_c.h
[2.084s] -- Up-to-date: /home/gy/tmr_ros2/install/tmr_msgs/include/tmr_msgs/srv/detail/set_positions__rosidl_typesupport_introspection_c.h
[2.084s] -- Up-to-date: /home/gy/tmr_ros2/install/tmr_msgs/include/tmr_msgs/srv/detail/connect_tm__type_support.c
[2.084s] -- Up-to-date: /home/gy/tmr_ros2/install/tmr_msgs/include/tmr_msgs/srv/detail/connect_tm__rosidl_typesupport_introspection_c.h
[2.084s] -- Up-to-date: /home/gy/tmr_ros2/install/tmr_msgs/include/tmr_msgs/srv/detail/set_event__type_support.c
[2.084s] -- Up-to-date: /home/gy/tmr_ros2/install/tmr_msgs/include/tmr_msgs/srv/detail/write_item__rosidl_typesupport_introspection_c.h
[2.085s] -- Up-to-date: /home/gy/tmr_ros2/install/tmr_msgs/include/tmr_msgs/srv/detail/ask_sta__type_support.c
[2.085s] -- Up-to-date: /home/gy/tmr_ros2/install/tmr_msgs/include/tmr_msgs/srv/detail/set_io__type_support.c
[2.085s] -- Up-to-date: /home/gy/tmr_ros2/install/tmr_msgs/include/tmr_msgs/srv/detail/set_event__rosidl_typesupport_introspection_c.h
[2.085s] -- Up-to-date: /home/gy/tmr_ros2/install/tmr_msgs/include/tmr_msgs/msg
[2.085s] -- Up-to-date: /home/gy/tmr_ros2/install/tmr_msgs/include/tmr_msgs/msg/detail
[2.085s] -- Up-to-date: /home/gy/tmr_ros2/install/tmr_msgs/include/tmr_msgs/msg/detail/sct_response__type_support.c
[2.086s] -- Up-to-date: /home/gy/tmr_ros2/install/tmr_msgs/include/tmr_msgs/msg/detail/feedback_state__rosidl_typesupport_introspection_c.h
[2.086s] -- Up-to-date: /home/gy/tmr_ros2/install/tmr_msgs/include/tmr_msgs/msg/detail/svr_response__type_support.c
[2.086s] -- Up-to-date: /home/gy/tmr_ros2/install/tmr_msgs/include/tmr_msgs/msg/detail/sct_response__rosidl_typesupport_introspection_c.h
[2.086s] -- Up-to-date: /home/gy/tmr_ros2/install/tmr_msgs/include/tmr_msgs/msg/detail/sta_response__type_support.c
[2.086s] -- Up-to-date: /home/gy/tmr_ros2/install/tmr_msgs/include/tmr_msgs/msg/detail/svr_response__rosidl_typesupport_introspection_c.h
[2.086s] -- Up-to-date: /home/gy/tmr_ros2/install/tmr_msgs/include/tmr_msgs/msg/detail/feedback_state__type_support.c
[2.086s] -- Up-to-date: /home/gy/tmr_ros2/install/tmr_msgs/include/tmr_msgs/msg/detail/sta_response__rosidl_typesupport_introspection_c.h
[2.087s] -- Up-to-date: /home/gy/tmr_ros2/install/tmr_msgs/include/tmr_msgs/msg/rosidl_typesupport_introspection_c__visibility_control.h
[2.087s] -- Up-to-date: /home/gy/tmr_ros2/install/tmr_msgs/lib/libtmr_msgs__rosidl_typesupport_introspection_c.so
[2.087s] -- Up-to-date: /home/gy/tmr_ros2/install/tmr_msgs/lib/libtmr_msgs__rosidl_typesupport_c.so
[2.087s] -- Up-to-date: /home/gy/tmr_ros2/install/tmr_msgs/include/tmr_msgs
[2.087s] -- Up-to-date: /home/gy/tmr_ros2/install/tmr_msgs/include/tmr_msgs/srv
[2.087s] -- Up-to-date: /home/gy/tmr_ros2/install/tmr_msgs/include/tmr_msgs/srv/detail
[2.087s] -- Up-to-date: /home/gy/tmr_ros2/install/tmr_msgs/include/tmr_msgs/srv/detail/set_positions__struct.hpp
[2.087s] -- Up-to-date: /home/gy/tmr_ros2/install/tmr_msgs/include/tmr_msgs/srv/detail/set_positions__traits.hpp
[2.088s] -- Up-to-date: /home/gy/tmr_ros2/install/tmr_msgs/include/tmr_msgs/srv/detail/send_script__builder.hpp
[2.088s] -- Up-to-date: /home/gy/tmr_ros2/install/tmr_msgs/include/tmr_msgs/srv/detail/connect_tm__struct.hpp
[2.088s] -- Up-to-date: /home/gy/tmr_ros2/install/tmr_msgs/include/tmr_msgs/srv/detail/connect_tm__traits.hpp
[2.088s] -- Up-to-date: /home/gy/tmr_ros2/install/tmr_msgs/include/tmr_msgs/srv/detail/ask_sta__struct.hpp
[2.088s] -- Up-to-date: /home/gy/tmr_ros2/install/tmr_msgs/include/tmr_msgs/srv/detail/write_item__builder.hpp
[2.088s] -- Up-to-date: /home/gy/tmr_ros2/install/tmr_msgs/include/tmr_msgs/srv/detail/send_script__struct.hpp
[2.088s] -- Up-to-date: /home/gy/tmr_ros2/install/tmr_msgs/include/tmr_msgs/srv/detail/send_script__traits.hpp
[2.089s] -- Up-to-date: /home/gy/tmr_ros2/install/tmr_msgs/include/tmr_msgs/srv/detail/write_item__traits.hpp
[2.089s] -- Up-to-date: /home/gy/tmr_ros2/install/tmr_msgs/include/tmr_msgs/srv/detail/ask_sta__builder.hpp
[2.089s] -- Up-to-date: /home/gy/tmr_ros2/install/tmr_msgs/include/tmr_msgs/srv/detail/set_positions__builder.hpp
[2.089s] -- Up-to-date: /home/gy/tmr_ros2/install/tmr_msgs/include/tmr_msgs/srv/detail/connect_tm__builder.hpp
[2.089s] -- Up-to-date: /home/gy/tmr_ros2/install/tmr_msgs/include/tmr_msgs/srv/detail/set_io__builder.hpp
[2.089s] -- Up-to-date: /home/gy/tmr_ros2/install/tmr_msgs/include/tmr_msgs/srv/detail/ask_item__struct.hpp
[2.089s] -- Up-to-date: /home/gy/tmr_ros2/install/tmr_msgs/include/tmr_msgs/srv/detail/set_io__traits.hpp
[2.089s] -- Up-to-date: /home/gy/tmr_ros2/install/tmr_msgs/include/tmr_msgs/srv/detail/ask_item__builder.hpp
[2.090s] -- Up-to-date: /home/gy/tmr_ros2/install/tmr_msgs/include/tmr_msgs/srv/detail/write_item__struct.hpp
[2.090s] -- Up-to-date: /home/gy/tmr_ros2/install/tmr_msgs/include/tmr_msgs/srv/detail/set_event__struct.hpp
[2.090s] -- Up-to-date: /home/gy/tmr_ros2/install/tmr_msgs/include/tmr_msgs/srv/detail/set_event__builder.hpp
[2.090s] -- Up-to-date: /home/gy/tmr_ros2/install/tmr_msgs/include/tmr_msgs/srv/detail/set_event__traits.hpp
[2.090s] -- Up-to-date: /home/gy/tmr_ros2/install/tmr_msgs/include/tmr_msgs/srv/detail/set_io__struct.hpp
[2.090s] -- Up-to-date: /home/gy/tmr_ros2/install/tmr_msgs/include/tmr_msgs/srv/detail/ask_sta__traits.hpp
[2.090s] -- Up-to-date: /home/gy/tmr_ros2/install/tmr_msgs/include/tmr_msgs/srv/detail/ask_item__traits.hpp
[2.091s] -- Up-to-date: /home/gy/tmr_ros2/install/tmr_msgs/include/tmr_msgs/srv/ask_item.hpp
[2.091s] -- Up-to-date: /home/gy/tmr_ros2/install/tmr_msgs/include/tmr_msgs/srv/write_item.hpp
[2.091s] -- Up-to-date: /home/gy/tmr_ros2/install/tmr_msgs/include/tmr_msgs/srv/send_script.hpp
[2.091s] -- Up-to-date: /home/gy/tmr_ros2/install/tmr_msgs/include/tmr_msgs/srv/set_io.hpp
[2.091s] -- Up-to-date: /home/gy/tmr_ros2/install/tmr_msgs/include/tmr_msgs/srv/connect_tm.hpp
[2.091s] -- Up-to-date: /home/gy/tmr_ros2/install/tmr_msgs/include/tmr_msgs/srv/set_event.hpp
[2.091s] -- Up-to-date: /home/gy/tmr_ros2/install/tmr_msgs/include/tmr_msgs/srv/set_positions.hpp
[2.091s] -- Up-to-date: /home/gy/tmr_ros2/install/tmr_msgs/include/tmr_msgs/srv/ask_sta.hpp
[2.092s] -- Up-to-date: /home/gy/tmr_ros2/install/tmr_msgs/include/tmr_msgs/msg
[2.092s] -- Up-to-date: /home/gy/tmr_ros2/install/tmr_msgs/include/tmr_msgs/msg/detail
[2.092s] -- Up-to-date: /home/gy/tmr_ros2/install/tmr_msgs/include/tmr_msgs/msg/detail/sct_response__traits.hpp
[2.092s] -- Up-to-date: /home/gy/tmr_ros2/install/tmr_msgs/include/tmr_msgs/msg/detail/svr_response__traits.hpp
[2.092s] -- Up-to-date: /home/gy/tmr_ros2/install/tmr_msgs/include/tmr_msgs/msg/detail/feedback_state__builder.hpp
[2.092s] -- Up-to-date: /home/gy/tmr_ros2/install/tmr_msgs/include/tmr_msgs/msg/detail/sta_response__builder.hpp
[2.092s] -- Up-to-date: /home/gy/tmr_ros2/install/tmr_msgs/include/tmr_msgs/msg/detail/feedback_state__struct.hpp
[2.092s] -- Up-to-date: /home/gy/tmr_ros2/install/tmr_msgs/include/tmr_msgs/msg/detail/sct_response__struct.hpp
[2.093s] -- Up-to-date: /home/gy/tmr_ros2/install/tmr_msgs/include/tmr_msgs/msg/detail/sct_response__builder.hpp
[2.093s] -- Up-to-date: /home/gy/tmr_ros2/install/tmr_msgs/include/tmr_msgs/msg/detail/feedback_state__traits.hpp
[2.093s] -- Up-to-date: /home/gy/tmr_ros2/install/tmr_msgs/include/tmr_msgs/msg/detail/sta_response__struct.hpp
[2.093s] -- Up-to-date: /home/gy/tmr_ros2/install/tmr_msgs/include/tmr_msgs/msg/detail/svr_response__struct.hpp
[2.093s] -- Up-to-date: /home/gy/tmr_ros2/install/tmr_msgs/include/tmr_msgs/msg/detail/svr_response__builder.hpp
[2.093s] -- Up-to-date: /home/gy/tmr_ros2/install/tmr_msgs/include/tmr_msgs/msg/detail/sta_response__traits.hpp
[2.093s] -- Up-to-date: /home/gy/tmr_ros2/install/tmr_msgs/include/tmr_msgs/msg/svr_response.hpp
[2.093s] -- Up-to-date: /home/gy/tmr_ros2/install/tmr_msgs/include/tmr_msgs/msg/sta_response.hpp
[2.094s] -- Up-to-date: /home/gy/tmr_ros2/install/tmr_msgs/include/tmr_msgs/msg/sct_response.hpp
[2.094s] -- Up-to-date: /home/gy/tmr_ros2/install/tmr_msgs/include/tmr_msgs/msg/feedback_state.hpp
[2.094s] -- Up-to-date: /home/gy/tmr_ros2/install/tmr_msgs/include/tmr_msgs
[2.096s] -- Up-to-date: /home/gy/tmr_ros2/install/tmr_msgs/include/tmr_msgs/srv
[2.096s] -- Up-to-date: /home/gy/tmr_ros2/install/tmr_msgs/include/tmr_msgs/srv/detail
[2.097s] -- Up-to-date: /home/gy/tmr_ros2/install/tmr_msgs/include/tmr_msgs/srv/detail/send_script__type_support.cpp
[2.097s] -- Up-to-date: /home/gy/tmr_ros2/install/tmr_msgs/include/tmr_msgs/srv/detail/set_positions__type_support.cpp
[2.097s] -- Up-to-date: /home/gy/tmr_ros2/install/tmr_msgs/include/tmr_msgs/srv/detail/connect_tm__rosidl_typesupport_introspection_cpp.hpp
[2.097s] -- Up-to-date: /home/gy/tmr_ros2/install/tmr_msgs/include/tmr_msgs/srv/detail/set_event__rosidl_typesupport_introspection_cpp.hpp
[2.097s] -- Up-to-date: /home/gy/tmr_ros2/install/tmr_msgs/include/tmr_msgs/srv/detail/write_item__type_support.cpp
[2.097s] -- Up-to-date: /home/gy/tmr_ros2/install/tmr_msgs/include/tmr_msgs/srv/detail/send_script__rosidl_typesupport_introspection_cpp.hpp
[2.097s] -- Up-to-date: /home/gy/tmr_ros2/install/tmr_msgs/include/tmr_msgs/srv/detail/ask_item__type_support.cpp
[2.097s] -- Up-to-date: /home/gy/tmr_ros2/install/tmr_msgs/include/tmr_msgs/srv/detail/set_io__type_support.cpp
[2.098s] -- Up-to-date: /home/gy/tmr_ros2/install/tmr_msgs/include/tmr_msgs/srv/detail/write_item__rosidl_typesupport_introspection_cpp.hpp
[2.098s] -- Up-to-date: /home/gy/tmr_ros2/install/tmr_msgs/include/tmr_msgs/srv/detail/set_positions__rosidl_typesupport_introspection_cpp.hpp
[2.098s] -- Up-to-date: /home/gy/tmr_ros2/install/tmr_msgs/include/tmr_msgs/srv/detail/set_event__type_support.cpp
[2.098s] -- Up-to-date: /home/gy/tmr_ros2/install/tmr_msgs/include/tmr_msgs/srv/detail/ask_sta__rosidl_typesupport_introspection_cpp.hpp
[2.098s] -- Up-to-date: /home/gy/tmr_ros2/install/tmr_msgs/include/tmr_msgs/srv/detail/ask_item__rosidl_typesupport_introspection_cpp.hpp
[2.098s] -- Up-to-date: /home/gy/tmr_ros2/install/tmr_msgs/include/tmr_msgs/srv/detail/ask_sta__type_support.cpp
[2.099s] -- Up-to-date: /home/gy/tmr_ros2/install/tmr_msgs/include/tmr_msgs/srv/detail/set_io__rosidl_typesupport_introspection_cpp.hpp
[2.099s] -- Up-to-date: /home/gy/tmr_ros2/install/tmr_msgs/include/tmr_msgs/srv/detail/connect_tm__type_support.cpp
[2.099s] -- Up-to-date: /home/gy/tmr_ros2/install/tmr_msgs/include/tmr_msgs/msg
[2.099s] -- Up-to-date: /home/gy/tmr_ros2/install/tmr_msgs/include/tmr_msgs/msg/detail
[2.099s] -- Up-to-date: /home/gy/tmr_ros2/install/tmr_msgs/include/tmr_msgs/msg/detail/feedback_state__rosidl_typesupport_introspection_cpp.hpp
[2.099s] -- Up-to-date: /home/gy/tmr_ros2/install/tmr_msgs/include/tmr_msgs/msg/detail/sct_response__type_support.cpp
[2.099s] -- Up-to-date: /home/gy/tmr_ros2/install/tmr_msgs/include/tmr_msgs/msg/detail/feedback_state__type_support.cpp
[2.100s] -- Up-to-date: /home/gy/tmr_ros2/install/tmr_msgs/include/tmr_msgs/msg/detail/sta_response__rosidl_typesupport_introspection_cpp.hpp
[2.100s] -- Up-to-date: /home/gy/tmr_ros2/install/tmr_msgs/include/tmr_msgs/msg/detail/sct_response__rosidl_typesupport_introspection_cpp.hpp
[2.100s] -- Up-to-date: /home/gy/tmr_ros2/install/tmr_msgs/include/tmr_msgs/msg/detail/svr_response__type_support.cpp
[2.100s] -- Up-to-date: /home/gy/tmr_ros2/install/tmr_msgs/include/tmr_msgs/msg/detail/svr_response__rosidl_typesupport_introspection_cpp.hpp
[2.100s] -- Up-to-date: /home/gy/tmr_ros2/install/tmr_msgs/include/tmr_msgs/msg/detail/sta_response__type_support.cpp
[2.100s] -- Up-to-date: /home/gy/tmr_ros2/install/tmr_msgs/lib/libtmr_msgs__rosidl_typesupport_introspection_cpp.so
[2.100s] -- Up-to-date: /home/gy/tmr_ros2/install/tmr_msgs/lib/libtmr_msgs__rosidl_typesupport_cpp.so
[2.100s] -- Up-to-date: /home/gy/tmr_ros2/install/tmr_msgs/share/tmr_msgs/environment/pythonpath.sh
[2.101s] -- Up-to-date: /home/gy/tmr_ros2/install/tmr_msgs/share/tmr_msgs/environment/pythonpath.dsv
[2.101s] -- Up-to-date: /home/gy/tmr_ros2/install/tmr_msgs/lib/python3.8/site-packages/tmr_msgs/__init__.py
[2.204s] -- Up-to-date: /home/gy/tmr_ros2/install/tmr_msgs/lib/python3.8/site-packages/tmr_msgs/msg
[2.204s] -- Up-to-date: /home/gy/tmr_ros2/install/tmr_msgs/lib/python3.8/site-packages/tmr_msgs/msg/_sct_response_s.c
[2.204s] -- Up-to-date: /home/gy/tmr_ros2/install/tmr_msgs/lib/python3.8/site-packages/tmr_msgs/msg/_sct_response.py
[2.204s] -- Up-to-date: /home/gy/tmr_ros2/install/tmr_msgs/lib/python3.8/site-packages/tmr_msgs/msg/_svr_response_s.c
[2.204s] -- Up-to-date: /home/gy/tmr_ros2/install/tmr_msgs/lib/python3.8/site-packages/tmr_msgs/msg/_feedback_state.py
[2.205s] -- Up-to-date: /home/gy/tmr_ros2/install/tmr_msgs/lib/python3.8/site-packages/tmr_msgs/msg/_feedback_state_s.c
[2.205s] -- Up-to-date: /home/gy/tmr_ros2/install/tmr_msgs/lib/python3.8/site-packages/tmr_msgs/msg/__init__.py
[2.205s] -- Up-to-date: /home/gy/tmr_ros2/install/tmr_msgs/lib/python3.8/site-packages/tmr_msgs/msg/_sta_response.py
[2.205s] -- Up-to-date: /home/gy/tmr_ros2/install/tmr_msgs/lib/python3.8/site-packages/tmr_msgs/msg/_svr_response.py
[2.205s] -- Up-to-date: /home/gy/tmr_ros2/install/tmr_msgs/lib/python3.8/site-packages/tmr_msgs/msg/_sta_response_s.c
[2.205s] -- Up-to-date: /home/gy/tmr_ros2/install/tmr_msgs/lib/python3.8/site-packages/tmr_msgs/srv
[2.206s] -- Up-to-date: /home/gy/tmr_ros2/install/tmr_msgs/lib/python3.8/site-packages/tmr_msgs/srv/_write_item_s.c
[2.206s] -- Up-to-date: /home/gy/tmr_ros2/install/tmr_msgs/lib/python3.8/site-packages/tmr_msgs/srv/_set_event.py
[2.206s] -- Up-to-date: /home/gy/tmr_ros2/install/tmr_msgs/lib/python3.8/site-packages/tmr_msgs/srv/_write_item.py
[2.206s] -- Up-to-date: /home/gy/tmr_ros2/install/tmr_msgs/lib/python3.8/site-packages/tmr_msgs/srv/_connect_tm.py
[2.206s] -- Up-to-date: /home/gy/tmr_ros2/install/tmr_msgs/lib/python3.8/site-packages/tmr_msgs/srv/_send_script_s.c
[2.207s] -- Up-to-date: /home/gy/tmr_ros2/install/tmr_msgs/lib/python3.8/site-packages/tmr_msgs/srv/_set_event_s.c
[2.207s] -- Up-to-date: /home/gy/tmr_ros2/install/tmr_msgs/lib/python3.8/site-packages/tmr_msgs/srv/_set_positions.py
[2.207s] -- Up-to-date: /home/gy/tmr_ros2/install/tmr_msgs/lib/python3.8/site-packages/tmr_msgs/srv/__init__.py
[2.207s] -- Up-to-date: /home/gy/tmr_ros2/install/tmr_msgs/lib/python3.8/site-packages/tmr_msgs/srv/_ask_item_s.c
[2.207s] -- Up-to-date: /home/gy/tmr_ros2/install/tmr_msgs/lib/python3.8/site-packages/tmr_msgs/srv/_set_io.py
[2.207s] -- Up-to-date: /home/gy/tmr_ros2/install/tmr_msgs/lib/python3.8/site-packages/tmr_msgs/srv/_connect_tm_s.c
[2.207s] -- Up-to-date: /home/gy/tmr_ros2/install/tmr_msgs/lib/python3.8/site-packages/tmr_msgs/srv/_send_script.py
[2.207s] -- Up-to-date: /home/gy/tmr_ros2/install/tmr_msgs/lib/python3.8/site-packages/tmr_msgs/srv/_set_positions_s.c
[2.208s] -- Up-to-date: /home/gy/tmr_ros2/install/tmr_msgs/lib/python3.8/site-packages/tmr_msgs/srv/_set_io_s.c
[2.208s] -- Up-to-date: /home/gy/tmr_ros2/install/tmr_msgs/lib/python3.8/site-packages/tmr_msgs/srv/_ask_sta.py
[2.208s] -- Up-to-date: /home/gy/tmr_ros2/install/tmr_msgs/lib/python3.8/site-packages/tmr_msgs/srv/_ask_sta_s.c
[2.208s] -- Up-to-date: /home/gy/tmr_ros2/install/tmr_msgs/lib/python3.8/site-packages/tmr_msgs/srv/_ask_item.py
[2.208s] -- Up-to-date: /home/gy/tmr_ros2/install/tmr_msgs/lib/python3.8/site-packages/tmr_msgs/tmr_msgs_s__rosidl_typesupport_fastrtps_c.cpython-38-x86_64-linux-gnu.so
[2.208s] -- Up-to-date: /home/gy/tmr_ros2/install/tmr_msgs/lib/python3.8/site-packages/tmr_msgs/tmr_msgs_s__rosidl_typesupport_introspection_c.cpython-38-x86_64-linux-gnu.so
[2.208s] -- Up-to-date: /home/gy/tmr_ros2/install/tmr_msgs/lib/python3.8/site-packages/tmr_msgs/tmr_msgs_s__rosidl_typesupport_c.cpython-38-x86_64-linux-gnu.so
[2.214s] -- Up-to-date: /home/gy/tmr_ros2/install/tmr_msgs/lib/libtmr_msgs__python.so
[2.214s] -- Up-to-date: /home/gy/tmr_ros2/install/tmr_msgs/share/tmr_msgs/msg/FeedbackState.idl
[2.215s] -- Up-to-date: /home/gy/tmr_ros2/install/tmr_msgs/share/tmr_msgs/msg/SvrResponse.idl
[2.215s] -- Up-to-date: /home/gy/tmr_ros2/install/tmr_msgs/share/tmr_msgs/msg/SctResponse.idl
[2.215s] -- Up-to-date: /home/gy/tmr_ros2/install/tmr_msgs/share/tmr_msgs/msg/StaResponse.idl
[2.215s] -- Up-to-date: /home/gy/tmr_ros2/install/tmr_msgs/share/tmr_msgs/srv/ConnectTM.idl
[2.216s] -- Up-to-date: /home/gy/tmr_ros2/install/tmr_msgs/share/tmr_msgs/srv/WriteItem.idl
[2.216s] -- Up-to-date: /home/gy/tmr_ros2/install/tmr_msgs/share/tmr_msgs/srv/AskItem.idl
[2.217s] -- Up-to-date: /home/gy/tmr_ros2/install/tmr_msgs/share/tmr_msgs/srv/SendScript.idl
[2.217s] -- Up-to-date: /home/gy/tmr_ros2/install/tmr_msgs/share/tmr_msgs/srv/SetEvent.idl
[2.217s] -- Up-to-date: /home/gy/tmr_ros2/install/tmr_msgs/share/tmr_msgs/srv/SetIO.idl
[2.217s] -- Up-to-date: /home/gy/tmr_ros2/install/tmr_msgs/share/tmr_msgs/srv/SetPositions.idl
[2.222s] -- Up-to-date: /home/gy/tmr_ros2/install/tmr_msgs/share/tmr_msgs/srv/AskSta.idl
[2.223s] -- Up-to-date: /home/gy/tmr_ros2/install/tmr_msgs/share/tmr_msgs/msg/FeedbackState.msg
[2.223s] -- Up-to-date: /home/gy/tmr_ros2/install/tmr_msgs/share/tmr_msgs/msg/SvrResponse.msg
[2.223s] -- Up-to-date: /home/gy/tmr_ros2/install/tmr_msgs/share/tmr_msgs/msg/SctResponse.msg
[2.224s] -- Up-to-date: /home/gy/tmr_ros2/install/tmr_msgs/share/tmr_msgs/msg/StaResponse.msg
[2.224s] -- Up-to-date: /home/gy/tmr_ros2/install/tmr_msgs/share/tmr_msgs/srv/ConnectTM.srv
[2.224s] -- Up-to-date: /home/gy/tmr_ros2/install/tmr_msgs/share/tmr_msgs/srv/ConnectTM_Request.msg
[2.225s] -- Up-to-date: /home/gy/tmr_ros2/install/tmr_msgs/share/tmr_msgs/srv/ConnectTM_Response.msg
[2.225s] -- Up-to-date: /home/gy/tmr_ros2/install/tmr_msgs/share/tmr_msgs/srv/WriteItem.srv
[2.225s] -- Up-to-date: /home/gy/tmr_ros2/install/tmr_msgs/share/tmr_msgs/srv/WriteItem_Request.msg
[2.226s] -- Up-to-date: /home/gy/tmr_ros2/install/tmr_msgs/share/tmr_msgs/srv/WriteItem_Response.msg
[2.226s] -- Up-to-date: /home/gy/tmr_ros2/install/tmr_msgs/share/tmr_msgs/srv/AskItem.srv
[2.226s] -- Up-to-date: /home/gy/tmr_ros2/install/tmr_msgs/share/tmr_msgs/srv/AskItem_Request.msg
[2.227s] -- Up-to-date: /home/gy/tmr_ros2/install/tmr_msgs/share/tmr_msgs/srv/AskItem_Response.msg
[2.227s] -- Up-to-date: /home/gy/tmr_ros2/install/tmr_msgs/share/tmr_msgs/srv/SendScript.srv
[2.227s] -- Up-to-date: /home/gy/tmr_ros2/install/tmr_msgs/share/tmr_msgs/srv/SendScript_Request.msg
[2.233s] -- Up-to-date: /home/gy/tmr_ros2/install/tmr_msgs/share/tmr_msgs/srv/SendScript_Response.msg
[2.233s] -- Up-to-date: /home/gy/tmr_ros2/install/tmr_msgs/share/tmr_msgs/srv/SetEvent.srv
[2.234s] -- Up-to-date: /home/gy/tmr_ros2/install/tmr_msgs/share/tmr_msgs/srv/SetEvent_Request.msg
[2.235s] -- Up-to-date: /home/gy/tmr_ros2/install/tmr_msgs/share/tmr_msgs/srv/SetEvent_Response.msg
[2.235s] -- Up-to-date: /home/gy/tmr_ros2/install/tmr_msgs/share/tmr_msgs/srv/SetIO.srv
[2.235s] -- Up-to-date: /home/gy/tmr_ros2/install/tmr_msgs/share/tmr_msgs/srv/SetIO_Request.msg
[2.236s] -- Up-to-date: /home/gy/tmr_ros2/install/tmr_msgs/share/tmr_msgs/srv/SetIO_Response.msg
[2.236s] -- Up-to-date: /home/gy/tmr_ros2/install/tmr_msgs/share/tmr_msgs/srv/SetPositions.srv
[2.236s] -- Up-to-date: /home/gy/tmr_ros2/install/tmr_msgs/share/tmr_msgs/srv/SetPositions_Request.msg
[2.238s] -- Up-to-date: /home/gy/tmr_ros2/install/tmr_msgs/share/tmr_msgs/srv/SetPositions_Response.msg
[2.238s] -- Up-to-date: /home/gy/tmr_ros2/install/tmr_msgs/share/tmr_msgs/srv/AskSta.srv
[2.238s] -- Up-to-date: /home/gy/tmr_ros2/install/tmr_msgs/share/tmr_msgs/srv/AskSta_Request.msg
[2.238s] -- Up-to-date: /home/gy/tmr_ros2/install/tmr_msgs/share/tmr_msgs/srv/AskSta_Response.msg
[2.238s] -- Up-to-date: /home/gy/tmr_ros2/install/tmr_msgs/share/ament_index/resource_index/package_run_dependencies/tmr_msgs
[2.250s] -- Up-to-date: /home/gy/tmr_ros2/install/tmr_msgs/share/ament_index/resource_index/parent_prefix_path/tmr_msgs
[2.250s] -- Up-to-date: /home/gy/tmr_ros2/install/tmr_msgs/share/tmr_msgs/environment/ament_prefix_path.sh
[2.250s] -- Up-to-date: /home/gy/tmr_ros2/install/tmr_msgs/share/tmr_msgs/environment/ament_prefix_path.dsv
[2.251s] -- Up-to-date: /home/gy/tmr_ros2/install/tmr_msgs/share/tmr_msgs/environment/path.sh
[2.251s] -- Up-to-date: /home/gy/tmr_ros2/install/tmr_msgs/share/tmr_msgs/environment/path.dsv
[2.251s] -- Up-to-date: /home/gy/tmr_ros2/install/tmr_msgs/share/tmr_msgs/local_setup.bash
[2.258s] -- Up-to-date: /home/gy/tmr_ros2/install/tmr_msgs/share/tmr_msgs/local_setup.sh
[2.258s] -- Up-to-date: /home/gy/tmr_ros2/install/tmr_msgs/share/tmr_msgs/local_setup.zsh
[2.258s] -- Up-to-date: /home/gy/tmr_ros2/install/tmr_msgs/share/tmr_msgs/local_setup.dsv
[2.258s] -- Installing: /home/gy/tmr_ros2/install/tmr_msgs/share/tmr_msgs/package.dsv
[2.259s] -- Up-to-date: /home/gy/tmr_ros2/install/tmr_msgs/share/ament_index/resource_index/packages/tmr_msgs
[2.264s] -- Up-to-date: /home/gy/tmr_ros2/install/tmr_msgs/share/tmr_msgs/cmake/tmr_msgs__rosidl_generator_cExport.cmake
[2.264s] -- Up-to-date: /home/gy/tmr_ros2/install/tmr_msgs/share/tmr_msgs/cmake/tmr_msgs__rosidl_generator_cExport-noconfig.cmake
[2.268s] -- Up-to-date: /home/gy/tmr_ros2/install/tmr_msgs/share/tmr_msgs/cmake/tmr_msgs__rosidl_typesupport_introspection_cExport.cmake
[2.268s] -- Up-to-date: /home/gy/tmr_ros2/install/tmr_msgs/share/tmr_msgs/cmake/tmr_msgs__rosidl_typesupport_introspection_cExport-noconfig.cmake
[2.269s] -- Up-to-date: /home/gy/tmr_ros2/install/tmr_msgs/share/tmr_msgs/cmake/tmr_msgs__rosidl_typesupport_cExport.cmake
[2.270s] -- Up-to-date: /home/gy/tmr_ros2/install/tmr_msgs/share/tmr_msgs/cmake/tmr_msgs__rosidl_typesupport_cExport-noconfig.cmake
[2.271s] -- Up-to-date: /home/gy/tmr_ros2/install/tmr_msgs/share/tmr_msgs/cmake/tmr_msgs__rosidl_generator_cppExport.cmake
[2.275s] -- Up-to-date: /home/gy/tmr_ros2/install/tmr_msgs/share/tmr_msgs/cmake/tmr_msgs__rosidl_typesupport_introspection_cppExport.cmake
[2.275s] -- Up-to-date: /home/gy/tmr_ros2/install/tmr_msgs/share/tmr_msgs/cmake/tmr_msgs__rosidl_typesupport_introspection_cppExport-noconfig.cmake
[2.278s] -- Up-to-date: /home/gy/tmr_ros2/install/tmr_msgs/share/tmr_msgs/cmake/tmr_msgs__rosidl_typesupport_cppExport.cmake
[2.279s] -- Up-to-date: /home/gy/tmr_ros2/install/tmr_msgs/share/tmr_msgs/cmake/tmr_msgs__rosidl_typesupport_cppExport-noconfig.cmake
[2.279s] -- Up-to-date: /home/gy/tmr_ros2/install/tmr_msgs/share/tmr_msgs/cmake/rosidl_cmake-extras.cmake
[2.279s] -- Up-to-date: /home/gy/tmr_ros2/install/tmr_msgs/share/tmr_msgs/cmake/ament_cmake_export_dependencies-extras.cmake
[2.279s] -- Up-to-date: /home/gy/tmr_ros2/install/tmr_msgs/share/tmr_msgs/cmake/ament_cmake_export_libraries-extras.cmake
[2.280s] -- Up-to-date: /home/gy/tmr_ros2/install/tmr_msgs/share/tmr_msgs/cmake/ament_cmake_export_targets-extras.cmake
[2.282s] -- Up-to-date: /home/gy/tmr_ros2/install/tmr_msgs/share/tmr_msgs/cmake/ament_cmake_export_include_directories-extras.cmake
[2.282s] -- Up-to-date: /home/gy/tmr_ros2/install/tmr_msgs/share/tmr_msgs/cmake/rosidl_cmake_export_typesupport_libraries-extras.cmake
[2.283s] -- Up-to-date: /home/gy/tmr_ros2/install/tmr_msgs/share/tmr_msgs/cmake/rosidl_cmake_export_typesupport_targets-extras.cmake
[2.283s] -- Up-to-date: /home/gy/tmr_ros2/install/tmr_msgs/share/tmr_msgs/cmake/tmr_msgsConfig.cmake
[2.283s] -- Up-to-date: /home/gy/tmr_ros2/install/tmr_msgs/share/tmr_msgs/cmake/tmr_msgsConfig-version.cmake
[2.283s] -- Up-to-date: /home/gy/tmr_ros2/install/tmr_msgs/share/tmr_msgs/package.xml
[2.731s] Invoked command in '/home/gy/tmr_ros2/build/tmr_msgs' returned '0': CMAKE_PREFIX_PATH=${CMAKE_PREFIX_PATH}:/home/gy/tmr_ros2/install/tmr_mod_urdf:/home/gy/tmr_ros2/install/tm_get_status:/opt/ros/foxy /usr/bin/cmake --install /home/gy/tmr_ros2/build/tmr_msgs
