[0.506s] Invoking command in '/home/gy/Omron_TM_ROS2/src/pickplace': PYTHONPATH=/home/gy/Omron_TM_ROS2/src/install/pickplace/lib/python3.8/site-packages:${PYTHONPATH} /usr/bin/python3 setup.py egg_info --egg-base ../build/pickplace build --build-base /home/gy/Omron_TM_ROS2/src/build/pickplace/build install --prefix /home/gy/Omron_TM_ROS2/src/install/pickplace --record /home/gy/Omron_TM_ROS2/src/build/pickplace/install.log --single-version-externally-managed
[0.940s] running egg_info
[0.942s] writing ../build/pickplace/pickplace.egg-info/PKG-INFO
[0.942s] writing dependency_links to ../build/pickplace/pickplace.egg-info/dependency_links.txt
[0.943s] writing entry points to ../build/pickplace/pickplace.egg-info/entry_points.txt
[0.943s] writing requirements to ../build/pickplace/pickplace.egg-info/requires.txt
[0.944s] writing top-level names to ../build/pickplace/pickplace.egg-info/top_level.txt
[1.014s] reading manifest file '../build/pickplace/pickplace.egg-info/SOURCES.txt'
[1.016s] writing manifest file '../build/pickplace/pickplace.egg-info/SOURCES.txt'
[1.016s] running build
[1.017s] running build_py
[1.017s] running install
[1.019s] running install_lib
[1.023s] running install_data
[1.024s] running install_egg_info
[1.028s] removing '/home/gy/Omron_TM_ROS2/src/install/pickplace/lib/python3.8/site-packages/pickplace-0.0.0-py3.8.egg-info' (and everything under it)
[1.031s] Copying ../build/pickplace/pickplace.egg-info to /home/gy/Omron_TM_ROS2/src/install/pickplace/lib/python3.8/site-packages/pickplace-0.0.0-py3.8.egg-info
[1.032s] running install_scripts
[1.065s] Installing pickplace script to /home/gy/Omron_TM_ROS2/src/install/pickplace/lib/pickplace
[1.066s] writing list of installed files to '/home/gy/Omron_TM_ROS2/src/build/pickplace/install.log'
[1.100s] Invoked command in '/home/gy/Omron_TM_ROS2/src/pickplace' returned '0': PYTHONPATH=/home/gy/Omron_TM_ROS2/src/install/pickplace/lib/python3.8/site-packages:${PYTHONPATH} /usr/bin/python3 setup.py egg_info --egg-base ../build/pickplace build --build-base /home/gy/Omron_TM_ROS2/src/build/pickplace/build install --prefix /home/gy/Omron_TM_ROS2/src/install/pickplace --record /home/gy/Omron_TM_ROS2/src/build/pickplace/install.log --single-version-externally-managed
