[0.062s] Invoking command in '/home/gy/Omron_TM_ROS2/build/techman_robot_msgs': CMAKE_PREFIX_PATH=${CMAKE_PREFIX_PATH}:/home/gy/Omron_TM_ROS2/install/tmr_mod_urdf:/home/gy/Omron_TM_ROS2/install/tm_get_status:/home/gy/Omron_TM_ROS2/install/rviz_tm:/home/gy/Omron_TM_ROS2/install/pickplace:/opt/ros/foxy /usr/bin/cmake --build /home/gy/Omron_TM_ROS2/build/techman_robot_msgs -- -j3 -l3
[0.249s] [  3%] Built target techman_robot_msgs__cpp
[0.249s] [ 12%] Built target techman_robot_msgs__rosidl_generator_c
[0.343s] [ 22%] Built target techman_robot_msgs__rosidl_typesupport_c
[0.387s] [ 32%] Built target techman_robot_msgs__rosidl_typesupport_introspection_c
[0.451s] [ 41%] Built target techman_robot_msgs__rosidl_typesupport_cpp
[0.451s] [ 51%] Built target techman_robot_msgs__rosidl_typesupport_introspection_cpp
[0.528s] [ 61%] Built target techman_robot_msgs__rosidl_typesupport_fastrtps_cpp
[0.663s] [ 70%] Built target techman_robot_msgs__rosidl_typesupport_fastrtps_c
[0.747s] [ 70%] Built target techman_robot_msgs
[0.799s] [ 74%] Built target techman_robot_msgs__py
[0.913s] [ 80%] Built target techman_robot_msgs__python
[1.016s] [ 87%] Built target techman_robot_msgs__rosidl_typesupport_c__pyext
[1.018s] [ 93%] Built target techman_robot_msgs__rosidl_typesupport_introspection_c__pyext
[1.045s] [100%] Built target techman_robot_msgs__rosidl_typesupport_fastrtps_c__pyext
[1.111s] Invoked command in '/home/gy/Omron_TM_ROS2/build/techman_robot_msgs' returned '0': CMAKE_PREFIX_PATH=${CMAKE_PREFIX_PATH}:/home/gy/Omron_TM_ROS2/install/tmr_mod_urdf:/home/gy/Omron_TM_ROS2/install/tm_get_status:/home/gy/Omron_TM_ROS2/install/rviz_tm:/home/gy/Omron_TM_ROS2/install/pickplace:/opt/ros/foxy /usr/bin/cmake --build /home/gy/Omron_TM_ROS2/build/techman_robot_msgs -- -j3 -l3
[1.370s] Invoking command in '/home/gy/Omron_TM_ROS2/build/techman_robot_msgs': CMAKE_PREFIX_PATH=${CMAKE_PREFIX_PATH}:/home/gy/Omron_TM_ROS2/install/tmr_mod_urdf:/home/gy/Omron_TM_ROS2/install/tm_get_status:/home/gy/Omron_TM_ROS2/install/rviz_tm:/home/gy/Omron_TM_ROS2/install/pickplace:/opt/ros/foxy /usr/bin/cmake --install /home/gy/Omron_TM_ROS2/build/techman_robot_msgs
[1.385s] -- Install configuration: ""
[1.386s] -- Execute custom install script
[1.386s] -- Up-to-date symlink: /home/gy/Omron_TM_ROS2/install/techman_robot_msgs/share/ament_index/resource_index/rosidl_interfaces/techman_robot_msgs
[1.386s] -- Up-to-date symlink: /home/gy/Omron_TM_ROS2/install/techman_robot_msgs/include/techman_robot_msgs/msg/rosidl_generator_c__visibility_control.h
[1.387s] -- Up-to-date symlink: /home/gy/Omron_TM_ROS2/install/techman_robot_msgs/include/techman_robot_msgs/srv/detail/techman_robot_command__functions.h
[1.388s] -- Up-to-date symlink: /home/gy/Omron_TM_ROS2/install/techman_robot_msgs/include/techman_robot_msgs/srv/detail/techman_robot_command__struct.h
[1.388s] -- Up-to-date symlink: /home/gy/Omron_TM_ROS2/install/techman_robot_msgs/include/techman_robot_msgs/srv/detail/techman_robot_command__type_support.h
[1.390s] -- Up-to-date symlink: /home/gy/Omron_TM_ROS2/install/techman_robot_msgs/include/techman_robot_msgs/srv/techman_robot_command.h
[1.390s] -- Up-to-date symlink: /home/gy/Omron_TM_ROS2/install/techman_robot_msgs/share/techman_robot_msgs/environment/library_path.sh
[1.390s] -- Up-to-date symlink: /home/gy/Omron_TM_ROS2/install/techman_robot_msgs/share/techman_robot_msgs/environment/library_path.dsv
[1.390s] -- Up-to-date symlink: /home/gy/Omron_TM_ROS2/install/techman_robot_msgs/include/techman_robot_msgs/msg/rosidl_typesupport_fastrtps_c__visibility_control.h
[1.391s] -- Up-to-date symlink: /home/gy/Omron_TM_ROS2/install/techman_robot_msgs/include/techman_robot_msgs/srv/detail/techman_robot_command__rosidl_typesupport_fastrtps_c.h
[1.392s] -- Up-to-date symlink: /home/gy/Omron_TM_ROS2/install/techman_robot_msgs/lib/libtechman_robot_msgs__rosidl_typesupport_fastrtps_c.so
[1.392s] -- Up-to-date symlink: /home/gy/Omron_TM_ROS2/install/techman_robot_msgs/include/techman_robot_msgs/msg/rosidl_typesupport_fastrtps_cpp__visibility_control.h
[1.399s] -- Up-to-date symlink: /home/gy/Omron_TM_ROS2/install/techman_robot_msgs/include/techman_robot_msgs/srv/detail/techman_robot_command__rosidl_typesupport_fastrtps_cpp.hpp
[1.399s] -- Up-to-date symlink: /home/gy/Omron_TM_ROS2/install/techman_robot_msgs/lib/libtechman_robot_msgs__rosidl_typesupport_fastrtps_cpp.so
[1.399s] -- Up-to-date symlink: /home/gy/Omron_TM_ROS2/install/techman_robot_msgs/include/techman_robot_msgs/msg/rosidl_typesupport_introspection_c__visibility_control.h
[1.399s] -- Up-to-date symlink: /home/gy/Omron_TM_ROS2/install/techman_robot_msgs/include/techman_robot_msgs/srv/detail/techman_robot_command__rosidl_typesupport_introspection_c.h
[1.400s] -- Up-to-date symlink: /home/gy/Omron_TM_ROS2/install/techman_robot_msgs/include/techman_robot_msgs/srv/detail/techman_robot_command__builder.hpp
[1.400s] -- Up-to-date symlink: /home/gy/Omron_TM_ROS2/install/techman_robot_msgs/include/techman_robot_msgs/srv/detail/techman_robot_command__struct.hpp
[1.400s] -- Up-to-date symlink: /home/gy/Omron_TM_ROS2/install/techman_robot_msgs/include/techman_robot_msgs/srv/detail/techman_robot_command__traits.hpp
[1.402s] -- Up-to-date symlink: /home/gy/Omron_TM_ROS2/install/techman_robot_msgs/include/techman_robot_msgs/srv/techman_robot_command.hpp
[1.402s] -- Up-to-date symlink: /home/gy/Omron_TM_ROS2/install/techman_robot_msgs/include/techman_robot_msgs/srv/detail/techman_robot_command__rosidl_typesupport_introspection_cpp.hpp
[1.421s] -- Up-to-date symlink: /home/gy/Omron_TM_ROS2/install/techman_robot_msgs/share/techman_robot_msgs/environment/pythonpath.sh
[1.422s] -- Up-to-date symlink: /home/gy/Omron_TM_ROS2/install/techman_robot_msgs/share/techman_robot_msgs/environment/pythonpath.dsv
[1.422s] -- Up-to-date symlink: /home/gy/Omron_TM_ROS2/install/techman_robot_msgs/lib/python3.8/site-packages/techman_robot_msgs/__init__.py
[1.422s] -- Up-to-date symlink: /home/gy/Omron_TM_ROS2/install/techman_robot_msgs/lib/python3.8/site-packages/techman_robot_msgs/srv/__init__.py
[1.423s] -- Up-to-date symlink: /home/gy/Omron_TM_ROS2/install/techman_robot_msgs/lib/python3.8/site-packages/techman_robot_msgs/srv/_techman_robot_command.py
[1.426s] -- Up-to-date symlink: /home/gy/Omron_TM_ROS2/install/techman_robot_msgs/lib/python3.8/site-packages/techman_robot_msgs/techman_robot_msgs_s__rosidl_typesupport_fastrtps_c.cpython-38-x86_64-linux-gnu.so
[1.430s] -- Up-to-date symlink: /home/gy/Omron_TM_ROS2/install/techman_robot_msgs/lib/python3.8/site-packages/techman_robot_msgs/techman_robot_msgs_s__rosidl_typesupport_introspection_c.cpython-38-x86_64-linux-gnu.so
[1.432s] -- Up-to-date symlink: /home/gy/Omron_TM_ROS2/install/techman_robot_msgs/lib/python3.8/site-packages/techman_robot_msgs/techman_robot_msgs_s__rosidl_typesupport_c.cpython-38-x86_64-linux-gnu.so
[1.432s] -- Up-to-date symlink: /home/gy/Omron_TM_ROS2/install/techman_robot_msgs/lib/libtechman_robot_msgs__python.so
[1.432s] -- Up-to-date symlink: /home/gy/Omron_TM_ROS2/install/techman_robot_msgs/share/techman_robot_msgs/srv/TechmanRobotCommand.idl
[1.436s] -- Up-to-date symlink: /home/gy/Omron_TM_ROS2/install/techman_robot_msgs/share/techman_robot_msgs/srv/TechmanRobotCommand.srv
[1.436s] -- Up-to-date symlink: /home/gy/Omron_TM_ROS2/install/techman_robot_msgs/share/techman_robot_msgs/srv/TechmanRobotCommand_Request.msg
[1.439s] -- Up-to-date symlink: /home/gy/Omron_TM_ROS2/install/techman_robot_msgs/share/techman_robot_msgs/srv/TechmanRobotCommand_Response.msg
[1.439s] -- Up-to-date symlink: /home/gy/Omron_TM_ROS2/install/techman_robot_msgs/share/ament_index/resource_index/package_run_dependencies/techman_robot_msgs
[1.440s] -- Up-to-date symlink: /home/gy/Omron_TM_ROS2/install/techman_robot_msgs/share/ament_index/resource_index/parent_prefix_path/techman_robot_msgs
[1.441s] -- Up-to-date symlink: /home/gy/Omron_TM_ROS2/install/techman_robot_msgs/share/techman_robot_msgs/environment/ament_prefix_path.sh
[1.441s] -- Up-to-date symlink: /home/gy/Omron_TM_ROS2/install/techman_robot_msgs/share/techman_robot_msgs/environment/ament_prefix_path.dsv
[1.443s] -- Up-to-date symlink: /home/gy/Omron_TM_ROS2/install/techman_robot_msgs/share/techman_robot_msgs/environment/path.sh
[1.444s] -- Up-to-date symlink: /home/gy/Omron_TM_ROS2/install/techman_robot_msgs/share/techman_robot_msgs/environment/path.dsv
[1.446s] -- Up-to-date symlink: /home/gy/Omron_TM_ROS2/install/techman_robot_msgs/share/techman_robot_msgs/local_setup.bash
[1.447s] -- Up-to-date symlink: /home/gy/Omron_TM_ROS2/install/techman_robot_msgs/share/techman_robot_msgs/local_setup.sh
[1.447s] -- Up-to-date symlink: /home/gy/Omron_TM_ROS2/install/techman_robot_msgs/share/techman_robot_msgs/local_setup.zsh
[1.448s] -- Up-to-date symlink: /home/gy/Omron_TM_ROS2/install/techman_robot_msgs/share/techman_robot_msgs/local_setup.dsv
[1.449s] -- Symlinking: /home/gy/Omron_TM_ROS2/install/techman_robot_msgs/share/techman_robot_msgs/package.dsv
[1.486s] -- Up-to-date symlink: /home/gy/Omron_TM_ROS2/install/techman_robot_msgs/share/ament_index/resource_index/packages/techman_robot_msgs
[1.486s] -- Up-to-date symlink: /home/gy/Omron_TM_ROS2/install/techman_robot_msgs/share/techman_robot_msgs/cmake/rosidl_cmake-extras.cmake
[1.487s] -- Up-to-date symlink: /home/gy/Omron_TM_ROS2/install/techman_robot_msgs/share/techman_robot_msgs/cmake/ament_cmake_export_dependencies-extras.cmake
[1.487s] -- Up-to-date symlink: /home/gy/Omron_TM_ROS2/install/techman_robot_msgs/share/techman_robot_msgs/cmake/ament_cmake_export_libraries-extras.cmake
[1.488s] -- Up-to-date symlink: /home/gy/Omron_TM_ROS2/install/techman_robot_msgs/share/techman_robot_msgs/cmake/ament_cmake_export_targets-extras.cmake
[1.489s] -- Up-to-date symlink: /home/gy/Omron_TM_ROS2/install/techman_robot_msgs/share/techman_robot_msgs/cmake/ament_cmake_export_include_directories-extras.cmake
[1.490s] -- Up-to-date symlink: /home/gy/Omron_TM_ROS2/install/techman_robot_msgs/share/techman_robot_msgs/cmake/rosidl_cmake_export_typesupport_libraries-extras.cmake
[1.490s] -- Up-to-date symlink: /home/gy/Omron_TM_ROS2/install/techman_robot_msgs/share/techman_robot_msgs/cmake/rosidl_cmake_export_typesupport_targets-extras.cmake
[1.491s] -- Up-to-date symlink: /home/gy/Omron_TM_ROS2/install/techman_robot_msgs/share/techman_robot_msgs/cmake/techman_robot_msgsConfig.cmake
[1.492s] -- Up-to-date symlink: /home/gy/Omron_TM_ROS2/install/techman_robot_msgs/share/techman_robot_msgs/cmake/techman_robot_msgsConfig-version.cmake
[1.492s] -- Up-to-date symlink: /home/gy/Omron_TM_ROS2/install/techman_robot_msgs/share/techman_robot_msgs/package.xml
[1.493s] -- Up-to-date: /home/gy/Omron_TM_ROS2/install/techman_robot_msgs/lib/libtechman_robot_msgs__rosidl_generator_c.so
[1.495s] -- Up-to-date: /home/gy/Omron_TM_ROS2/install/techman_robot_msgs/lib/libtechman_robot_msgs__rosidl_typesupport_introspection_c.so
[1.496s] -- Up-to-date: /home/gy/Omron_TM_ROS2/install/techman_robot_msgs/lib/libtechman_robot_msgs__rosidl_typesupport_c.so
[1.496s] -- Up-to-date: /home/gy/Omron_TM_ROS2/install/techman_robot_msgs/lib/libtechman_robot_msgs__rosidl_typesupport_introspection_cpp.so
[1.496s] -- Up-to-date: /home/gy/Omron_TM_ROS2/install/techman_robot_msgs/lib/libtechman_robot_msgs__rosidl_typesupport_cpp.so
[1.647s] -- Up-to-date: /home/gy/Omron_TM_ROS2/install/techman_robot_msgs/share/techman_robot_msgs/cmake/techman_robot_msgs__rosidl_generator_cExport.cmake
[1.647s] -- Up-to-date: /home/gy/Omron_TM_ROS2/install/techman_robot_msgs/share/techman_robot_msgs/cmake/techman_robot_msgs__rosidl_generator_cExport-noconfig.cmake
[1.647s] -- Up-to-date: /home/gy/Omron_TM_ROS2/install/techman_robot_msgs/share/techman_robot_msgs/cmake/techman_robot_msgs__rosidl_typesupport_introspection_cExport.cmake
[1.647s] -- Up-to-date: /home/gy/Omron_TM_ROS2/install/techman_robot_msgs/share/techman_robot_msgs/cmake/techman_robot_msgs__rosidl_typesupport_introspection_cExport-noconfig.cmake
[1.648s] -- Up-to-date: /home/gy/Omron_TM_ROS2/install/techman_robot_msgs/share/techman_robot_msgs/cmake/techman_robot_msgs__rosidl_typesupport_cExport.cmake
[1.648s] -- Up-to-date: /home/gy/Omron_TM_ROS2/install/techman_robot_msgs/share/techman_robot_msgs/cmake/techman_robot_msgs__rosidl_typesupport_cExport-noconfig.cmake
[1.648s] -- Up-to-date: /home/gy/Omron_TM_ROS2/install/techman_robot_msgs/share/techman_robot_msgs/cmake/techman_robot_msgs__rosidl_generator_cppExport.cmake
[1.656s] -- Up-to-date: /home/gy/Omron_TM_ROS2/install/techman_robot_msgs/share/techman_robot_msgs/cmake/techman_robot_msgs__rosidl_typesupport_introspection_cppExport.cmake
[1.658s] -- Up-to-date: /home/gy/Omron_TM_ROS2/install/techman_robot_msgs/share/techman_robot_msgs/cmake/techman_robot_msgs__rosidl_typesupport_introspection_cppExport-noconfig.cmake
[1.658s] -- Up-to-date: /home/gy/Omron_TM_ROS2/install/techman_robot_msgs/share/techman_robot_msgs/cmake/techman_robot_msgs__rosidl_typesupport_cppExport.cmake
[1.658s] -- Up-to-date: /home/gy/Omron_TM_ROS2/install/techman_robot_msgs/share/techman_robot_msgs/cmake/techman_robot_msgs__rosidl_typesupport_cppExport-noconfig.cmake
[1.673s] Invoked command in '/home/gy/Omron_TM_ROS2/build/techman_robot_msgs' returned '0': CMAKE_PREFIX_PATH=${CMAKE_PREFIX_PATH}:/home/gy/Omron_TM_ROS2/install/tmr_mod_urdf:/home/gy/Omron_TM_ROS2/install/tm_get_status:/home/gy/Omron_TM_ROS2/install/rviz_tm:/home/gy/Omron_TM_ROS2/install/pickplace:/opt/ros/foxy /usr/bin/cmake --install /home/gy/Omron_TM_ROS2/build/techman_robot_msgs
