[0.095s] Invoking command in '/home/gy/Omron_TM_ROS2/build/tmr_msgs': CMAKE_PREFIX_PATH=${CMAKE_PREFIX_PATH}:/home/gy/tmdriver_ws/install/tmr_mod_urdf:/home/gy/tmdriver_ws/install/tm_get_status:/opt/ros/foxy /usr/bin/cmake --build /home/gy/Omron_TM_ROS2/build/tmr_msgs -- -j3 -l3
[0.164s] CMake Error: The current CMakeCache.txt directory /home/gy/Omron_TM_ROS2/build/tmr_msgs/CMakeCache.txt is different than the directory /home/gy/tmr_ros2/build/tmr_msgs where CMakeCache.txt was created. This may result in binaries being created in the wrong place. If you are not sure, reedit the CMakeCache.txt
[0.343s] -- Found ament_cmake: 0.9.8 (/opt/ros/foxy/share/ament_cmake/cmake)
[0.386s] -- Found PythonInterp: /usr/bin/python3 (found suitable version "3.8.5", minimum required is "3") 
[0.386s] -- Using PYTHON_EXECUTABLE: /usr/bin/python3
[0.864s] -- Found std_msgs: 2.0.3 (/opt/ros/foxy/share/std_msgs/cmake)
[1.105s] -- Using all available rosidl_typesupport_c: rosidl_typesupport_fastrtps_c;rosidl_typesupport_introspection_c
[1.114s] -- Found rosidl_adapter: 1.2.0 (/opt/ros/foxy/share/rosidl_adapter/cmake)
[1.598s] -- Using all available rosidl_typesupport_cpp: rosidl_typesupport_fastrtps_cpp;rosidl_typesupport_introspection_cpp
[1.827s] -- Found rosidl_default_generators: 1.0.0 (/opt/ros/foxy/share/rosidl_default_generators/cmake)
[2.005s] -- Found PythonInterp: /usr/bin/python3 (found version "3.8.5") 
[2.963s] -- Found ament_cmake_ros: 0.9.1 (/opt/ros/foxy/share/ament_cmake_ros/cmake)
[3.527s] -- Using all available rosidl_typesupport_c: rosidl_typesupport_fastrtps_c;rosidl_typesupport_introspection_c
[3.735s] -- Using all available rosidl_typesupport_cpp: rosidl_typesupport_fastrtps_cpp;rosidl_typesupport_introspection_cpp
[3.789s] -- Found PythonInterp: /usr/bin/python3 (found suitable version "3.8.5", minimum required is "3.5") 
[3.789s] -- Found python_cmake_module: 0.8.0 (/opt/ros/foxy/share/python_cmake_module/cmake)
[3.833s] -- Using PYTHON_EXECUTABLE: /usr/bin/python3
[3.833s] -- Using PYTHON_INCLUDE_DIRS: /usr/include/python3.8
[3.833s] -- Using PYTHON_LIBRARIES: /usr/lib/x86_64-linux-gnu/libpython3.8.so
[4.366s] -- Configuring done
[6.580s] -- Generating done
[6.586s] -- Build files have been written to: /home/gy/tmr_ros2/build/tmr_msgs
[6.911s] [  0%] Built target tmr_msgs__cpp
[7.171s] [  0%] [32mBuilding CXX object CMakeFiles/tmr_msgs__rosidl_typesupport_introspection_cpp.dir/rosidl_typesupport_introspection_cpp/tmr_msgs/msg/detail/feedback_state__type_support.cpp.o[0m
[7.253s] [  1%] [32mBuilding C object CMakeFiles/tmr_msgs__rosidl_generator_c.dir/rosidl_generator_c/tmr_msgs/msg/detail/feedback_state__functions.c.o[0m
[7.392s] [  2%] [32mBuilding CXX object CMakeFiles/tmr_msgs__rosidl_typesupport_fastrtps_cpp.dir/rosidl_typesupport_fastrtps_cpp/tmr_msgs/msg/detail/dds_fastrtps/feedback_state__type_support.cpp.o[0m
[11.475s] [  3%] [32mBuilding CXX object CMakeFiles/tmr_msgs__rosidl_typesupport_introspection_cpp.dir/rosidl_typesupport_introspection_cpp/tmr_msgs/msg/detail/svr_response__type_support.cpp.o[0m
[11.477s] [  4%] [32mBuilding C object CMakeFiles/tmr_msgs__rosidl_generator_c.dir/rosidl_generator_c/tmr_msgs/msg/detail/svr_response__functions.c.o[0m
[11.563s] [  5%] [32mBuilding CXX object CMakeFiles/tmr_msgs__rosidl_typesupport_fastrtps_cpp.dir/rosidl_typesupport_fastrtps_cpp/tmr_msgs/msg/detail/dds_fastrtps/svr_response__type_support.cpp.o[0m
[11.629s] [  5%] [32mBuilding C object CMakeFiles/tmr_msgs__rosidl_generator_c.dir/rosidl_generator_c/tmr_msgs/msg/detail/sct_response__functions.c.o[0m
[11.846s] [  6%] [32mBuilding C object CMakeFiles/tmr_msgs__rosidl_generator_c.dir/rosidl_generator_c/tmr_msgs/msg/detail/sta_response__functions.c.o[0m
[12.017s] [  7%] [32mBuilding C object CMakeFiles/tmr_msgs__rosidl_generator_c.dir/rosidl_generator_c/tmr_msgs/srv/detail/connect_tm__functions.c.o[0m
[12.279s] [  8%] [32mBuilding C object CMakeFiles/tmr_msgs__rosidl_generator_c.dir/rosidl_generator_c/tmr_msgs/srv/detail/write_item__functions.c.o[0m
[12.610s] [  9%] [32mBuilding C object CMakeFiles/tmr_msgs__rosidl_generator_c.dir/rosidl_generator_c/tmr_msgs/srv/detail/ask_item__functions.c.o[0m
[12.850s] [ 10%] [32mBuilding CXX object CMakeFiles/tmr_msgs__rosidl_typesupport_introspection_cpp.dir/rosidl_typesupport_introspection_cpp/tmr_msgs/msg/detail/sct_response__type_support.cpp.o[0m
[12.996s] [ 11%] [32mBuilding C object CMakeFiles/tmr_msgs__rosidl_generator_c.dir/rosidl_generator_c/tmr_msgs/srv/detail/send_script__functions.c.o[0m
[13.329s] [ 12%] [32mBuilding C object CMakeFiles/tmr_msgs__rosidl_generator_c.dir/rosidl_generator_c/tmr_msgs/srv/detail/set_event__functions.c.o[0m
[13.590s] [ 12%] [32mBuilding C object CMakeFiles/tmr_msgs__rosidl_generator_c.dir/rosidl_generator_c/tmr_msgs/srv/detail/set_io__functions.c.o[0m
[13.864s] [ 13%] [32mBuilding C object CMakeFiles/tmr_msgs__rosidl_generator_c.dir/rosidl_generator_c/tmr_msgs/srv/detail/set_positions__functions.c.o[0m
[13.972s] [ 14%] [32mBuilding CXX object CMakeFiles/tmr_msgs__rosidl_typesupport_fastrtps_cpp.dir/rosidl_typesupport_fastrtps_cpp/tmr_msgs/msg/detail/dds_fastrtps/sct_response__type_support.cpp.o[0m
[14.193s] [ 15%] [32mBuilding C object CMakeFiles/tmr_msgs__rosidl_generator_c.dir/rosidl_generator_c/tmr_msgs/srv/detail/ask_sta__functions.c.o[0m
[14.512s] [ 16%] [32mBuilding CXX object CMakeFiles/tmr_msgs__rosidl_typesupport_introspection_cpp.dir/rosidl_typesupport_introspection_cpp/tmr_msgs/msg/detail/sta_response__type_support.cpp.o[0m
[14.554s] [ 17%] [32m[1mLinking C shared library libtmr_msgs__rosidl_generator_c.so[0m
[14.961s] [ 18%] Built target tmr_msgs__rosidl_generator_c
[15.202s] [ 19%] [32mBuilding CXX object CMakeFiles/tmr_msgs__rosidl_typesupport_cpp.dir/rosidl_typesupport_cpp/tmr_msgs/msg/feedback_state__type_support.cpp.o[0m
[15.648s] [ 20%] [32mBuilding CXX object CMakeFiles/tmr_msgs__rosidl_typesupport_introspection_cpp.dir/rosidl_typesupport_introspection_cpp/tmr_msgs/srv/detail/connect_tm__type_support.cpp.o[0m
[15.784s] [ 21%] [32mBuilding CXX object CMakeFiles/tmr_msgs__rosidl_typesupport_fastrtps_cpp.dir/rosidl_typesupport_fastrtps_cpp/tmr_msgs/msg/detail/dds_fastrtps/sta_response__type_support.cpp.o[0m
[16.351s] [ 22%] [32mBuilding CXX object CMakeFiles/tmr_msgs__rosidl_typesupport_cpp.dir/rosidl_typesupport_cpp/tmr_msgs/msg/svr_response__type_support.cpp.o[0m
[17.075s] [ 23%] [32mBuilding CXX object CMakeFiles/tmr_msgs__rosidl_typesupport_introspection_cpp.dir/rosidl_typesupport_introspection_cpp/tmr_msgs/srv/detail/write_item__type_support.cpp.o[0m
[17.848s] [ 24%] [32mBuilding CXX object CMakeFiles/tmr_msgs__rosidl_typesupport_cpp.dir/rosidl_typesupport_cpp/tmr_msgs/msg/sct_response__type_support.cpp.o[0m
[18.247s] [ 25%] [32mBuilding CXX object CMakeFiles/tmr_msgs__rosidl_typesupport_fastrtps_cpp.dir/rosidl_typesupport_fastrtps_cpp/tmr_msgs/srv/detail/dds_fastrtps/connect_tm__type_support.cpp.o[0m
[18.717s] [ 25%] [32mBuilding CXX object CMakeFiles/tmr_msgs__rosidl_typesupport_introspection_cpp.dir/rosidl_typesupport_introspection_cpp/tmr_msgs/srv/detail/ask_item__type_support.cpp.o[0m
[19.786s] [ 26%] [32mBuilding CXX object CMakeFiles/tmr_msgs__rosidl_typesupport_cpp.dir/rosidl_typesupport_cpp/tmr_msgs/msg/sta_response__type_support.cpp.o[0m
[20.425s] [ 26%] [32mBuilding CXX object CMakeFiles/tmr_msgs__rosidl_typesupport_fastrtps_cpp.dir/rosidl_typesupport_fastrtps_cpp/tmr_msgs/srv/detail/dds_fastrtps/write_item__type_support.cpp.o[0m
[20.453s] [ 27%] [32mBuilding CXX object CMakeFiles/tmr_msgs__rosidl_typesupport_introspection_cpp.dir/rosidl_typesupport_introspection_cpp/tmr_msgs/srv/detail/send_script__type_support.cpp.o[0m
[20.803s] [ 27%] [32mBuilding CXX object CMakeFiles/tmr_msgs__rosidl_typesupport_cpp.dir/rosidl_typesupport_cpp/tmr_msgs/srv/connect_tm__type_support.cpp.o[0m
[21.531s] [ 28%] [32mBuilding CXX object CMakeFiles/tmr_msgs__rosidl_typesupport_introspection_cpp.dir/rosidl_typesupport_introspection_cpp/tmr_msgs/srv/detail/set_event__type_support.cpp.o[0m
[22.065s] [ 29%] [32mBuilding CXX object CMakeFiles/tmr_msgs__rosidl_typesupport_fastrtps_cpp.dir/rosidl_typesupport_fastrtps_cpp/tmr_msgs/srv/detail/dds_fastrtps/ask_item__type_support.cpp.o[0m
[22.240s] [ 30%] [32mBuilding CXX object CMakeFiles/tmr_msgs__rosidl_typesupport_cpp.dir/rosidl_typesupport_cpp/tmr_msgs/srv/write_item__type_support.cpp.o[0m
[22.948s] [ 31%] [32mBuilding CXX object CMakeFiles/tmr_msgs__rosidl_typesupport_introspection_cpp.dir/rosidl_typesupport_introspection_cpp/tmr_msgs/srv/detail/set_io__type_support.cpp.o[0m
[23.530s] [ 32%] [32mBuilding CXX object CMakeFiles/tmr_msgs__rosidl_typesupport_cpp.dir/rosidl_typesupport_cpp/tmr_msgs/srv/ask_item__type_support.cpp.o[0m
[23.902s] [ 33%] [32mBuilding CXX object CMakeFiles/tmr_msgs__rosidl_typesupport_fastrtps_cpp.dir/rosidl_typesupport_fastrtps_cpp/tmr_msgs/srv/detail/dds_fastrtps/send_script__type_support.cpp.o[0m
[24.142s] [ 34%] [32mBuilding CXX object CMakeFiles/tmr_msgs__rosidl_typesupport_introspection_cpp.dir/rosidl_typesupport_introspection_cpp/tmr_msgs/srv/detail/set_positions__type_support.cpp.o[0m
[24.561s] [ 35%] [32mBuilding CXX object CMakeFiles/tmr_msgs__rosidl_typesupport_cpp.dir/rosidl_typesupport_cpp/tmr_msgs/srv/send_script__type_support.cpp.o[0m
[25.720s] [ 36%] [32mBuilding CXX object CMakeFiles/tmr_msgs__rosidl_typesupport_cpp.dir/rosidl_typesupport_cpp/tmr_msgs/srv/set_event__type_support.cpp.o[0m
[25.796s] [ 37%] [32mBuilding CXX object CMakeFiles/tmr_msgs__rosidl_typesupport_introspection_cpp.dir/rosidl_typesupport_introspection_cpp/tmr_msgs/srv/detail/ask_sta__type_support.cpp.o[0m
[26.041s] [ 38%] [32mBuilding CXX object CMakeFiles/tmr_msgs__rosidl_typesupport_fastrtps_cpp.dir/rosidl_typesupport_fastrtps_cpp/tmr_msgs/srv/detail/dds_fastrtps/set_event__type_support.cpp.o[0m
[26.707s] [ 39%] [32mBuilding CXX object CMakeFiles/tmr_msgs__rosidl_typesupport_cpp.dir/rosidl_typesupport_cpp/tmr_msgs/srv/set_io__type_support.cpp.o[0m
[26.905s] [ 40%] [32m[1mLinking CXX shared library libtmr_msgs__rosidl_typesupport_introspection_cpp.so[0m
[27.376s] [ 41%] Built target tmr_msgs__rosidl_typesupport_introspection_cpp
[27.677s] [ 42%] [32mBuilding C object CMakeFiles/tmr_msgs__rosidl_typesupport_introspection_c.dir/rosidl_typesupport_introspection_c/tmr_msgs/msg/detail/feedback_state__type_support.c.o[0m
[27.921s] [ 43%] [32mBuilding C object CMakeFiles/tmr_msgs__rosidl_typesupport_introspection_c.dir/rosidl_typesupport_introspection_c/tmr_msgs/msg/detail/svr_response__type_support.c.o[0m
[28.040s] [ 43%] [32mBuilding CXX object CMakeFiles/tmr_msgs__rosidl_typesupport_cpp.dir/rosidl_typesupport_cpp/tmr_msgs/srv/set_positions__type_support.cpp.o[0m
[28.129s] [ 44%] [32mBuilding C object CMakeFiles/tmr_msgs__rosidl_typesupport_introspection_c.dir/rosidl_typesupport_introspection_c/tmr_msgs/msg/detail/sct_response__type_support.c.o[0m
[28.301s] [ 45%] [32mBuilding CXX object CMakeFiles/tmr_msgs__rosidl_typesupport_fastrtps_cpp.dir/rosidl_typesupport_fastrtps_cpp/tmr_msgs/srv/detail/dds_fastrtps/set_io__type_support.cpp.o[0m
[28.315s] [ 45%] [32mBuilding C object CMakeFiles/tmr_msgs__rosidl_typesupport_introspection_c.dir/rosidl_typesupport_introspection_c/tmr_msgs/msg/detail/sta_response__type_support.c.o[0m
[28.537s] [ 46%] [32mBuilding C object CMakeFiles/tmr_msgs__rosidl_typesupport_introspection_c.dir/rosidl_typesupport_introspection_c/tmr_msgs/srv/detail/connect_tm__type_support.c.o[0m
[28.699s] [ 47%] [32mBuilding C object CMakeFiles/tmr_msgs__rosidl_typesupport_introspection_c.dir/rosidl_typesupport_introspection_c/tmr_msgs/srv/detail/write_item__type_support.c.o[0m
[28.914s] [ 48%] [32mBuilding C object CMakeFiles/tmr_msgs__rosidl_typesupport_introspection_c.dir/rosidl_typesupport_introspection_c/tmr_msgs/srv/detail/ask_item__type_support.c.o[0m
[29.166s] [ 49%] [32mBuilding C object CMakeFiles/tmr_msgs__rosidl_typesupport_introspection_c.dir/rosidl_typesupport_introspection_c/tmr_msgs/srv/detail/send_script__type_support.c.o[0m
[29.589s] [ 50%] [32mBuilding C object CMakeFiles/tmr_msgs__rosidl_typesupport_introspection_c.dir/rosidl_typesupport_introspection_c/tmr_msgs/srv/detail/set_event__type_support.c.o[0m
[29.892s] [ 51%] [32mBuilding C object CMakeFiles/tmr_msgs__rosidl_typesupport_introspection_c.dir/rosidl_typesupport_introspection_c/tmr_msgs/srv/detail/set_io__type_support.c.o[0m
[30.040s] [ 51%] [32mBuilding C object CMakeFiles/tmr_msgs__rosidl_typesupport_introspection_c.dir/rosidl_typesupport_introspection_c/tmr_msgs/srv/detail/set_positions__type_support.c.o[0m
[30.054s] [ 52%] [32mBuilding CXX object CMakeFiles/tmr_msgs__rosidl_typesupport_cpp.dir/rosidl_typesupport_cpp/tmr_msgs/srv/ask_sta__type_support.cpp.o[0m
[30.246s] [ 53%] [32mBuilding C object CMakeFiles/tmr_msgs__rosidl_typesupport_introspection_c.dir/rosidl_typesupport_introspection_c/tmr_msgs/srv/detail/ask_sta__type_support.c.o[0m
[30.436s] [ 54%] [32m[1mLinking C shared library libtmr_msgs__rosidl_typesupport_introspection_c.so[0m
[30.632s] [ 55%] Built target tmr_msgs__rosidl_typesupport_introspection_c
[30.709s] [ 56%] [32mBuilding CXX object CMakeFiles/tmr_msgs__rosidl_typesupport_fastrtps_cpp.dir/rosidl_typesupport_fastrtps_cpp/tmr_msgs/srv/detail/dds_fastrtps/set_positions__type_support.cpp.o[0m
[30.880s] [ 57%] [32m[1mLinking CXX shared library libtmr_msgs__rosidl_typesupport_cpp.so[0m
[31.032s] [ 58%] Built target tmr_msgs__rosidl_typesupport_cpp
[31.862s] [ 58%] [32mBuilding CXX object CMakeFiles/tmr_msgs__rosidl_typesupport_fastrtps_cpp.dir/rosidl_typesupport_fastrtps_cpp/tmr_msgs/srv/detail/dds_fastrtps/ask_sta__type_support.cpp.o[0m
[32.694s] [ 59%] [32m[1mLinking CXX shared library libtmr_msgs__rosidl_typesupport_fastrtps_cpp.so[0m
[32.913s] [ 59%] Built target tmr_msgs__rosidl_typesupport_fastrtps_cpp
[33.049s] [ 60%] [32mBuilding CXX object CMakeFiles/tmr_msgs__rosidl_typesupport_c.dir/rosidl_typesupport_c/tmr_msgs/msg/feedback_state__type_support.cpp.o[0m
[33.142s] [ 60%] [32mBuilding CXX object CMakeFiles/tmr_msgs__rosidl_typesupport_c.dir/rosidl_typesupport_c/tmr_msgs/msg/svr_response__type_support.cpp.o[0m
[33.219s] [ 61%] [32mBuilding CXX object CMakeFiles/tmr_msgs__rosidl_typesupport_c.dir/rosidl_typesupport_c/tmr_msgs/msg/sct_response__type_support.cpp.o[0m
[33.300s] [ 62%] [32mBuilding CXX object CMakeFiles/tmr_msgs__rosidl_typesupport_c.dir/rosidl_typesupport_c/tmr_msgs/msg/sta_response__type_support.cpp.o[0m
[33.394s] [ 63%] [32mBuilding CXX object CMakeFiles/tmr_msgs__rosidl_typesupport_c.dir/rosidl_typesupport_c/tmr_msgs/srv/connect_tm__type_support.cpp.o[0m
[33.476s] [ 64%] [32mBuilding CXX object CMakeFiles/tmr_msgs__rosidl_typesupport_c.dir/rosidl_typesupport_c/tmr_msgs/srv/write_item__type_support.cpp.o[0m
[33.557s] [ 65%] [32mBuilding CXX object CMakeFiles/tmr_msgs__rosidl_typesupport_c.dir/rosidl_typesupport_c/tmr_msgs/srv/ask_item__type_support.cpp.o[0m
[33.640s] [ 65%] [32mBuilding CXX object CMakeFiles/tmr_msgs__rosidl_typesupport_c.dir/rosidl_typesupport_c/tmr_msgs/srv/send_script__type_support.cpp.o[0m
[33.716s] [ 66%] [32mBuilding CXX object CMakeFiles/tmr_msgs__rosidl_typesupport_c.dir/rosidl_typesupport_c/tmr_msgs/srv/set_event__type_support.cpp.o[0m
[33.806s] [ 67%] [32mBuilding CXX object CMakeFiles/tmr_msgs__rosidl_typesupport_c.dir/rosidl_typesupport_c/tmr_msgs/srv/set_io__type_support.cpp.o[0m
[33.879s] [ 68%] [32mBuilding CXX object CMakeFiles/tmr_msgs__rosidl_typesupport_c.dir/rosidl_typesupport_c/tmr_msgs/srv/set_positions__type_support.cpp.o[0m
[33.997s] [ 69%] [32mBuilding CXX object CMakeFiles/tmr_msgs__rosidl_typesupport_c.dir/rosidl_typesupport_c/tmr_msgs/srv/ask_sta__type_support.cpp.o[0m
[34.101s] [ 70%] [32m[1mLinking CXX shared library libtmr_msgs__rosidl_typesupport_c.so[0m
[34.205s] [ 71%] Built target tmr_msgs__rosidl_typesupport_c
[34.390s] [ 72%] [32mBuilding CXX object CMakeFiles/tmr_msgs__rosidl_typesupport_fastrtps_c.dir/rosidl_typesupport_fastrtps_c/tmr_msgs/msg/detail/feedback_state__type_support_c.cpp.o[0m
[35.133s] [ 72%] [32mBuilding CXX object CMakeFiles/tmr_msgs__rosidl_typesupport_fastrtps_c.dir/rosidl_typesupport_fastrtps_c/tmr_msgs/msg/detail/sct_response__type_support_c.cpp.o[0m
[35.849s] [ 73%] [32mBuilding CXX object CMakeFiles/tmr_msgs__rosidl_typesupport_fastrtps_c.dir/rosidl_typesupport_fastrtps_c/tmr_msgs/msg/detail/sta_response__type_support_c.cpp.o[0m
[36.570s] [ 74%] [32mBuilding CXX object CMakeFiles/tmr_msgs__rosidl_typesupport_fastrtps_c.dir/rosidl_typesupport_fastrtps_c/tmr_msgs/srv/detail/connect_tm__type_support_c.cpp.o[0m
[37.306s] [ 75%] [32mBuilding CXX object CMakeFiles/tmr_msgs__rosidl_typesupport_fastrtps_c.dir/rosidl_typesupport_fastrtps_c/tmr_msgs/srv/detail/write_item__type_support_c.cpp.o[0m
[38.054s] [ 76%] [32mBuilding CXX object CMakeFiles/tmr_msgs__rosidl_typesupport_fastrtps_c.dir/rosidl_typesupport_fastrtps_c/tmr_msgs/srv/detail/ask_item__type_support_c.cpp.o[0m
[38.787s] [ 77%] [32mBuilding CXX object CMakeFiles/tmr_msgs__rosidl_typesupport_fastrtps_c.dir/rosidl_typesupport_fastrtps_c/tmr_msgs/srv/detail/send_script__type_support_c.cpp.o[0m
[39.557s] [ 77%] [32mBuilding CXX object CMakeFiles/tmr_msgs__rosidl_typesupport_fastrtps_c.dir/rosidl_typesupport_fastrtps_c/tmr_msgs/srv/detail/set_event__type_support_c.cpp.o[0m
[40.395s] [ 78%] [32mBuilding CXX object CMakeFiles/tmr_msgs__rosidl_typesupport_fastrtps_c.dir/rosidl_typesupport_fastrtps_c/tmr_msgs/srv/detail/set_io__type_support_c.cpp.o[0m
[41.044s] [ 79%] [32mBuilding CXX object CMakeFiles/tmr_msgs__rosidl_typesupport_fastrtps_c.dir/rosidl_typesupport_fastrtps_c/tmr_msgs/srv/detail/set_positions__type_support_c.cpp.o[0m
[41.744s] [ 80%] [32mBuilding CXX object CMakeFiles/tmr_msgs__rosidl_typesupport_fastrtps_c.dir/rosidl_typesupport_fastrtps_c/tmr_msgs/srv/detail/ask_sta__type_support_c.cpp.o[0m
[42.446s] [ 81%] [32mBuilding CXX object CMakeFiles/tmr_msgs__rosidl_typesupport_fastrtps_c.dir/rosidl_typesupport_fastrtps_c/tmr_msgs/msg/detail/svr_response__type_support_c.cpp.o[0m
[43.131s] [ 82%] [32m[1mLinking CXX shared library libtmr_msgs__rosidl_typesupport_fastrtps_c.so[0m
[43.368s] [ 83%] Built target tmr_msgs__rosidl_typesupport_fastrtps_c
[43.433s] [ 83%] Built target tmr_msgs
[43.483s] [ 84%] Built target tmr_msgs__py
[43.590s] [ 85%] [32mBuilding C object CMakeFiles/tmr_msgs__python.dir/rosidl_generator_py/tmr_msgs/msg/_feedback_state_s.c.o[0m
[43.956s] [ 86%] [32mBuilding C object CMakeFiles/tmr_msgs__python.dir/rosidl_generator_py/tmr_msgs/msg/_sct_response_s.c.o[0m
[44.123s] [ 87%] [32mBuilding C object CMakeFiles/tmr_msgs__python.dir/rosidl_generator_py/tmr_msgs/msg/_sta_response_s.c.o[0m
[44.294s] [ 87%] [32mBuilding C object CMakeFiles/tmr_msgs__python.dir/rosidl_generator_py/tmr_msgs/srv/_connect_tm_s.c.o[0m
[44.486s] [ 88%] [32mBuilding C object CMakeFiles/tmr_msgs__python.dir/rosidl_generator_py/tmr_msgs/srv/_write_item_s.c.o[0m
[44.666s] [ 89%] [32mBuilding C object CMakeFiles/tmr_msgs__python.dir/rosidl_generator_py/tmr_msgs/srv/_ask_item_s.c.o[0m
[44.856s] [ 90%] [32mBuilding C object CMakeFiles/tmr_msgs__python.dir/rosidl_generator_py/tmr_msgs/srv/_send_script_s.c.o[0m
[45.041s] [ 91%] [32mBuilding C object CMakeFiles/tmr_msgs__python.dir/rosidl_generator_py/tmr_msgs/srv/_set_event_s.c.o[0m
[45.251s] [ 92%] [32mBuilding C object CMakeFiles/tmr_msgs__python.dir/rosidl_generator_py/tmr_msgs/srv/_set_io_s.c.o[0m
[45.453s] [ 92%] [32mBuilding C object CMakeFiles/tmr_msgs__python.dir/rosidl_generator_py/tmr_msgs/srv/_set_positions_s.c.o[0m
[45.630s] [ 93%] [32mBuilding C object CMakeFiles/tmr_msgs__python.dir/rosidl_generator_py/tmr_msgs/srv/_ask_sta_s.c.o[0m
[45.813s] [ 94%] [32mBuilding C object CMakeFiles/tmr_msgs__python.dir/rosidl_generator_py/tmr_msgs/msg/_svr_response_s.c.o[0m
[45.998s] [ 95%] [32m[1mLinking C shared library rosidl_generator_py/tmr_msgs/libtmr_msgs__python.so[0m
[46.118s] [ 95%] Built target tmr_msgs__python
[46.172s] [ 95%] [32mBuilding C object CMakeFiles/tmr_msgs__rosidl_typesupport_c__pyext.dir/rosidl_generator_py/tmr_msgs/_tmr_msgs_s.ep.rosidl_typesupport_c.c.o[0m
[46.462s] [ 96%] [32m[1mLinking C shared library rosidl_generator_py/tmr_msgs/tmr_msgs_s__rosidl_typesupport_c.cpython-38-x86_64-linux-gnu.so[0m
[46.542s] [ 96%] Built target tmr_msgs__rosidl_typesupport_c__pyext
[46.623s] [ 97%] [32mBuilding C object CMakeFiles/tmr_msgs__rosidl_typesupport_introspection_c__pyext.dir/rosidl_generator_py/tmr_msgs/_tmr_msgs_s.ep.rosidl_typesupport_introspection_c.c.o[0m
[46.919s] [ 98%] [32m[1mLinking C shared library rosidl_generator_py/tmr_msgs/tmr_msgs_s__rosidl_typesupport_introspection_c.cpython-38-x86_64-linux-gnu.so[0m
[47.001s] [ 98%] Built target tmr_msgs__rosidl_typesupport_introspection_c__pyext
[47.079s] [ 99%] [32mBuilding C object CMakeFiles/tmr_msgs__rosidl_typesupport_fastrtps_c__pyext.dir/rosidl_generator_py/tmr_msgs/_tmr_msgs_s.ep.rosidl_typesupport_fastrtps_c.c.o[0m
[47.389s] [100%] [32m[1mLinking CXX shared library rosidl_generator_py/tmr_msgs/tmr_msgs_s__rosidl_typesupport_fastrtps_c.cpython-38-x86_64-linux-gnu.so[0m
[47.538s] [100%] Built target tmr_msgs__rosidl_typesupport_fastrtps_c__pyext
[47.634s] Invoked command in '/home/gy/Omron_TM_ROS2/build/tmr_msgs' returned '0': CMAKE_PREFIX_PATH=${CMAKE_PREFIX_PATH}:/home/gy/tmdriver_ws/install/tmr_mod_urdf:/home/gy/tmdriver_ws/install/tm_get_status:/opt/ros/foxy /usr/bin/cmake --build /home/gy/Omron_TM_ROS2/build/tmr_msgs -- -j3 -l3
[48.077s] Invoking command in '/home/gy/Omron_TM_ROS2/build/tmr_msgs': CMAKE_PREFIX_PATH=${CMAKE_PREFIX_PATH}:/home/gy/tmdriver_ws/install/tmr_mod_urdf:/home/gy/tmdriver_ws/install/tm_get_status:/opt/ros/foxy /usr/bin/cmake --install /home/gy/Omron_TM_ROS2/build/tmr_msgs
[48.133s] -- Install configuration: ""
[48.157s] -- Up-to-date: /home/gy/tmr_ros2/install/tmr_msgs/share/ament_index/resource_index/rosidl_interfaces/tmr_msgs
[48.157s] -- Up-to-date: /home/gy/tmr_ros2/install/tmr_msgs/include/tmr_msgs
[48.176s] -- Up-to-date: /home/gy/tmr_ros2/install/tmr_msgs/include/tmr_msgs/srv
[48.177s] -- Up-to-date: /home/gy/tmr_ros2/install/tmr_msgs/include/tmr_msgs/srv/detail
[48.178s] -- Up-to-date: /home/gy/tmr_ros2/install/tmr_msgs/include/tmr_msgs/srv/detail/set_io__type_support.h
[48.180s] -- Up-to-date: /home/gy/tmr_ros2/install/tmr_msgs/include/tmr_msgs/srv/detail/set_positions__functions.h
[48.180s] -- Up-to-date: /home/gy/tmr_ros2/install/tmr_msgs/include/tmr_msgs/srv/detail/ask_sta__functions.h
[48.181s] -- Up-to-date: /home/gy/tmr_ros2/install/tmr_msgs/include/tmr_msgs/srv/detail/set_positions__functions.c
[48.181s] -- Up-to-date: /home/gy/tmr_ros2/install/tmr_msgs/include/tmr_msgs/srv/detail/set_io__functions.h
[48.182s] -- Up-to-date: /home/gy/tmr_ros2/install/tmr_msgs/include/tmr_msgs/srv/detail/send_script__type_support.h
[48.182s] -- Up-to-date: /home/gy/tmr_ros2/install/tmr_msgs/include/tmr_msgs/srv/detail/send_script__struct.h
[48.182s] -- Up-to-date: /home/gy/tmr_ros2/install/tmr_msgs/include/tmr_msgs/srv/detail/set_event__struct.h
[48.182s] -- Up-to-date: /home/gy/tmr_ros2/install/tmr_msgs/include/tmr_msgs/srv/detail/set_event__functions.h
[48.185s] -- Up-to-date: /home/gy/tmr_ros2/install/tmr_msgs/include/tmr_msgs/srv/detail/set_event__type_support.h
[48.185s] -- Up-to-date: /home/gy/tmr_ros2/install/tmr_msgs/include/tmr_msgs/srv/detail/connect_tm__functions.c
[48.186s] -- Up-to-date: /home/gy/tmr_ros2/install/tmr_msgs/include/tmr_msgs/srv/detail/ask_sta__struct.h
[48.186s] -- Up-to-date: /home/gy/tmr_ros2/install/tmr_msgs/include/tmr_msgs/srv/detail/set_io__struct.h
[48.186s] -- Up-to-date: /home/gy/tmr_ros2/install/tmr_msgs/include/tmr_msgs/srv/detail/send_script__functions.h
[48.186s] -- Up-to-date: /home/gy/tmr_ros2/install/tmr_msgs/include/tmr_msgs/srv/detail/set_positions__type_support.h
[48.186s] -- Up-to-date: /home/gy/tmr_ros2/install/tmr_msgs/include/tmr_msgs/srv/detail/set_io__functions.c
[48.186s] -- Up-to-date: /home/gy/tmr_ros2/install/tmr_msgs/include/tmr_msgs/srv/detail/ask_sta__functions.c
[48.186s] -- Up-to-date: /home/gy/tmr_ros2/install/tmr_msgs/include/tmr_msgs/srv/detail/ask_item__functions.c
[48.186s] -- Up-to-date: /home/gy/tmr_ros2/install/tmr_msgs/include/tmr_msgs/srv/detail/write_item__functions.h
[48.187s] -- Up-to-date: /home/gy/tmr_ros2/install/tmr_msgs/include/tmr_msgs/srv/detail/connect_tm__type_support.h
[48.187s] -- Up-to-date: /home/gy/tmr_ros2/install/tmr_msgs/include/tmr_msgs/srv/detail/send_script__functions.c
[48.187s] -- Up-to-date: /home/gy/tmr_ros2/install/tmr_msgs/include/tmr_msgs/srv/detail/ask_item__type_support.h
[48.187s] -- Up-to-date: /home/gy/tmr_ros2/install/tmr_msgs/include/tmr_msgs/srv/detail/set_positions__struct.h
[48.187s] -- Up-to-date: /home/gy/tmr_ros2/install/tmr_msgs/include/tmr_msgs/srv/detail/write_item__functions.c
[48.187s] -- Up-to-date: /home/gy/tmr_ros2/install/tmr_msgs/include/tmr_msgs/srv/detail/write_item__struct.h
[48.187s] -- Up-to-date: /home/gy/tmr_ros2/install/tmr_msgs/include/tmr_msgs/srv/detail/connect_tm__struct.h
[48.188s] -- Up-to-date: /home/gy/tmr_ros2/install/tmr_msgs/include/tmr_msgs/srv/detail/ask_item__functions.h
[48.188s] -- Up-to-date: /home/gy/tmr_ros2/install/tmr_msgs/include/tmr_msgs/srv/detail/set_event__functions.c
[48.188s] -- Up-to-date: /home/gy/tmr_ros2/install/tmr_msgs/include/tmr_msgs/srv/detail/connect_tm__functions.h
[48.188s] -- Up-to-date: /home/gy/tmr_ros2/install/tmr_msgs/include/tmr_msgs/srv/detail/ask_item__struct.h
[48.188s] -- Up-to-date: /home/gy/tmr_ros2/install/tmr_msgs/include/tmr_msgs/srv/detail/write_item__type_support.h
[48.188s] -- Up-to-date: /home/gy/tmr_ros2/install/tmr_msgs/include/tmr_msgs/srv/detail/ask_sta__type_support.h
[48.188s] -- Up-to-date: /home/gy/tmr_ros2/install/tmr_msgs/include/tmr_msgs/srv/connect_tm.h
[48.188s] -- Up-to-date: /home/gy/tmr_ros2/install/tmr_msgs/include/tmr_msgs/srv/ask_item.h
[48.189s] -- Up-to-date: /home/gy/tmr_ros2/install/tmr_msgs/include/tmr_msgs/srv/write_item.h
[48.189s] -- Up-to-date: /home/gy/tmr_ros2/install/tmr_msgs/include/tmr_msgs/srv/set_io.h
[48.189s] -- Up-to-date: /home/gy/tmr_ros2/install/tmr_msgs/include/tmr_msgs/srv/set_positions.h
[48.189s] -- Up-to-date: /home/gy/tmr_ros2/install/tmr_msgs/include/tmr_msgs/srv/send_script.h
[48.189s] -- Up-to-date: /home/gy/tmr_ros2/install/tmr_msgs/include/tmr_msgs/srv/ask_sta.h
[48.189s] -- Up-to-date: /home/gy/tmr_ros2/install/tmr_msgs/include/tmr_msgs/srv/set_event.h
[48.189s] -- Up-to-date: /home/gy/tmr_ros2/install/tmr_msgs/include/tmr_msgs/msg
[48.189s] -- Up-to-date: /home/gy/tmr_ros2/install/tmr_msgs/include/tmr_msgs/msg/detail
[48.190s] -- Up-to-date: /home/gy/tmr_ros2/install/tmr_msgs/include/tmr_msgs/msg/detail/feedback_state__type_support.h
[48.190s] -- Up-to-date: /home/gy/tmr_ros2/install/tmr_msgs/include/tmr_msgs/msg/detail/feedback_state__functions.h
[48.190s] -- Up-to-date: /home/gy/tmr_ros2/install/tmr_msgs/include/tmr_msgs/msg/detail/svr_response__type_support.h
[48.190s] -- Up-to-date: /home/gy/tmr_ros2/install/tmr_msgs/include/tmr_msgs/msg/detail/sta_response__functions.c
[48.190s] -- Up-to-date: /home/gy/tmr_ros2/install/tmr_msgs/include/tmr_msgs/msg/detail/sta_response__type_support.h
[48.190s] -- Up-to-date: /home/gy/tmr_ros2/install/tmr_msgs/include/tmr_msgs/msg/detail/sct_response__functions.c
[48.190s] -- Up-to-date: /home/gy/tmr_ros2/install/tmr_msgs/include/tmr_msgs/msg/detail/feedback_state__functions.c
[48.190s] -- Up-to-date: /home/gy/tmr_ros2/install/tmr_msgs/include/tmr_msgs/msg/detail/sct_response__type_support.h
[48.191s] -- Up-to-date: /home/gy/tmr_ros2/install/tmr_msgs/include/tmr_msgs/msg/detail/svr_response__struct.h
[48.191s] -- Up-to-date: /home/gy/tmr_ros2/install/tmr_msgs/include/tmr_msgs/msg/detail/svr_response__functions.h
[48.191s] -- Up-to-date: /home/gy/tmr_ros2/install/tmr_msgs/include/tmr_msgs/msg/detail/sct_response__functions.h
[48.191s] -- Up-to-date: /home/gy/tmr_ros2/install/tmr_msgs/include/tmr_msgs/msg/detail/feedback_state__struct.h
[48.191s] -- Up-to-date: /home/gy/tmr_ros2/install/tmr_msgs/include/tmr_msgs/msg/detail/sta_response__functions.h
[48.191s] -- Up-to-date: /home/gy/tmr_ros2/install/tmr_msgs/include/tmr_msgs/msg/detail/svr_response__functions.c
[48.191s] -- Up-to-date: /home/gy/tmr_ros2/install/tmr_msgs/include/tmr_msgs/msg/detail/sta_response__struct.h
[48.192s] -- Up-to-date: /home/gy/tmr_ros2/install/tmr_msgs/include/tmr_msgs/msg/detail/sct_response__struct.h
[48.192s] -- Up-to-date: /home/gy/tmr_ros2/install/tmr_msgs/include/tmr_msgs/msg/svr_response.h
[48.192s] -- Up-to-date: /home/gy/tmr_ros2/install/tmr_msgs/include/tmr_msgs/msg/feedback_state.h
[48.192s] -- Up-to-date: /home/gy/tmr_ros2/install/tmr_msgs/include/tmr_msgs/msg/sct_response.h
[48.192s] -- Up-to-date: /home/gy/tmr_ros2/install/tmr_msgs/include/tmr_msgs/msg/rosidl_generator_c__visibility_control.h
[48.192s] -- Up-to-date: /home/gy/tmr_ros2/install/tmr_msgs/include/tmr_msgs/msg/sta_response.h
[48.192s] -- Up-to-date: /home/gy/tmr_ros2/install/tmr_msgs/share/tmr_msgs/environment/library_path.sh
[48.192s] -- Installing: /home/gy/tmr_ros2/install/tmr_msgs/share/tmr_msgs/environment/library_path.dsv
[48.272s] -- Up-to-date: /home/gy/tmr_ros2/install/tmr_msgs/lib/libtmr_msgs__rosidl_generator_c.so
[48.272s] -- Up-to-date: /home/gy/tmr_ros2/install/tmr_msgs/include/tmr_msgs
[48.272s] -- Up-to-date: /home/gy/tmr_ros2/install/tmr_msgs/include/tmr_msgs/srv
[48.272s] -- Up-to-date: /home/gy/tmr_ros2/install/tmr_msgs/include/tmr_msgs/srv/detail
[48.272s] -- Up-to-date: /home/gy/tmr_ros2/install/tmr_msgs/include/tmr_msgs/srv/detail/connect_tm__rosidl_typesupport_fastrtps_c.h
[48.273s] -- Up-to-date: /home/gy/tmr_ros2/install/tmr_msgs/include/tmr_msgs/srv/detail/set_event__rosidl_typesupport_fastrtps_c.h
[48.273s] -- Up-to-date: /home/gy/tmr_ros2/install/tmr_msgs/include/tmr_msgs/srv/detail/set_io__rosidl_typesupport_fastrtps_c.h
[48.273s] -- Up-to-date: /home/gy/tmr_ros2/install/tmr_msgs/include/tmr_msgs/srv/detail/ask_sta__rosidl_typesupport_fastrtps_c.h
[48.273s] -- Up-to-date: /home/gy/tmr_ros2/install/tmr_msgs/include/tmr_msgs/srv/detail/set_positions__rosidl_typesupport_fastrtps_c.h
[48.273s] -- Up-to-date: /home/gy/tmr_ros2/install/tmr_msgs/include/tmr_msgs/srv/detail/send_script__rosidl_typesupport_fastrtps_c.h
[48.273s] -- Up-to-date: /home/gy/tmr_ros2/install/tmr_msgs/include/tmr_msgs/srv/detail/ask_item__rosidl_typesupport_fastrtps_c.h
[48.273s] -- Up-to-date: /home/gy/tmr_ros2/install/tmr_msgs/include/tmr_msgs/srv/detail/write_item__rosidl_typesupport_fastrtps_c.h
[48.273s] -- Up-to-date: /home/gy/tmr_ros2/install/tmr_msgs/include/tmr_msgs/msg
[48.274s] -- Up-to-date: /home/gy/tmr_ros2/install/tmr_msgs/include/tmr_msgs/msg/detail
[48.274s] -- Up-to-date: /home/gy/tmr_ros2/install/tmr_msgs/include/tmr_msgs/msg/detail/sct_response__rosidl_typesupport_fastrtps_c.h
[48.274s] -- Up-to-date: /home/gy/tmr_ros2/install/tmr_msgs/include/tmr_msgs/msg/detail/sta_response__rosidl_typesupport_fastrtps_c.h
[48.274s] -- Up-to-date: /home/gy/tmr_ros2/install/tmr_msgs/include/tmr_msgs/msg/detail/feedback_state__rosidl_typesupport_fastrtps_c.h
[48.274s] -- Up-to-date: /home/gy/tmr_ros2/install/tmr_msgs/include/tmr_msgs/msg/detail/svr_response__rosidl_typesupport_fastrtps_c.h
[48.274s] -- Up-to-date: /home/gy/tmr_ros2/install/tmr_msgs/include/tmr_msgs/msg/rosidl_typesupport_fastrtps_c__visibility_control.h
[48.326s] -- Up-to-date: /home/gy/tmr_ros2/install/tmr_msgs/lib/libtmr_msgs__rosidl_typesupport_fastrtps_c.so
[48.326s] -- Up-to-date: /home/gy/tmr_ros2/install/tmr_msgs/include/tmr_msgs
[48.326s] -- Up-to-date: /home/gy/tmr_ros2/install/tmr_msgs/include/tmr_msgs/srv
[48.326s] -- Up-to-date: /home/gy/tmr_ros2/install/tmr_msgs/include/tmr_msgs/srv/detail
[48.327s] -- Up-to-date: /home/gy/tmr_ros2/install/tmr_msgs/include/tmr_msgs/srv/detail/connect_tm__rosidl_typesupport_fastrtps_cpp.hpp
[48.327s] -- Up-to-date: /home/gy/tmr_ros2/install/tmr_msgs/include/tmr_msgs/srv/detail/set_io__rosidl_typesupport_fastrtps_cpp.hpp
[48.327s] -- Up-to-date: /home/gy/tmr_ros2/install/tmr_msgs/include/tmr_msgs/srv/detail/ask_sta__rosidl_typesupport_fastrtps_cpp.hpp
[48.327s] -- Up-to-date: /home/gy/tmr_ros2/install/tmr_msgs/include/tmr_msgs/srv/detail/write_item__rosidl_typesupport_fastrtps_cpp.hpp
[48.327s] -- Up-to-date: /home/gy/tmr_ros2/install/tmr_msgs/include/tmr_msgs/srv/detail/send_script__rosidl_typesupport_fastrtps_cpp.hpp
[48.328s] -- Up-to-date: /home/gy/tmr_ros2/install/tmr_msgs/include/tmr_msgs/srv/detail/set_event__rosidl_typesupport_fastrtps_cpp.hpp
[48.328s] -- Up-to-date: /home/gy/tmr_ros2/install/tmr_msgs/include/tmr_msgs/srv/detail/ask_item__rosidl_typesupport_fastrtps_cpp.hpp
[48.328s] -- Up-to-date: /home/gy/tmr_ros2/install/tmr_msgs/include/tmr_msgs/srv/detail/dds_fastrtps
[48.328s] -- Up-to-date: /home/gy/tmr_ros2/install/tmr_msgs/include/tmr_msgs/srv/detail/set_positions__rosidl_typesupport_fastrtps_cpp.hpp
[48.328s] -- Up-to-date: /home/gy/tmr_ros2/install/tmr_msgs/include/tmr_msgs/msg
[48.328s] -- Up-to-date: /home/gy/tmr_ros2/install/tmr_msgs/include/tmr_msgs/msg/detail
[48.328s] -- Up-to-date: /home/gy/tmr_ros2/install/tmr_msgs/include/tmr_msgs/msg/detail/sct_response__rosidl_typesupport_fastrtps_cpp.hpp
[48.329s] -- Up-to-date: /home/gy/tmr_ros2/install/tmr_msgs/include/tmr_msgs/msg/detail/svr_response__rosidl_typesupport_fastrtps_cpp.hpp
[48.329s] -- Up-to-date: /home/gy/tmr_ros2/install/tmr_msgs/include/tmr_msgs/msg/detail/sta_response__rosidl_typesupport_fastrtps_cpp.hpp
[48.329s] -- Up-to-date: /home/gy/tmr_ros2/install/tmr_msgs/include/tmr_msgs/msg/detail/feedback_state__rosidl_typesupport_fastrtps_cpp.hpp
[48.329s] -- Up-to-date: /home/gy/tmr_ros2/install/tmr_msgs/include/tmr_msgs/msg/detail/dds_fastrtps
[48.329s] -- Up-to-date: /home/gy/tmr_ros2/install/tmr_msgs/include/tmr_msgs/msg/rosidl_typesupport_fastrtps_cpp__visibility_control.h
[48.404s] -- Up-to-date: /home/gy/tmr_ros2/install/tmr_msgs/lib/libtmr_msgs__rosidl_typesupport_fastrtps_cpp.so
[48.405s] -- Up-to-date: /home/gy/tmr_ros2/install/tmr_msgs/include/tmr_msgs
[48.405s] -- Up-to-date: /home/gy/tmr_ros2/install/tmr_msgs/include/tmr_msgs/srv
[48.406s] -- Up-to-date: /home/gy/tmr_ros2/install/tmr_msgs/include/tmr_msgs/srv/detail
[48.406s] -- Up-to-date: /home/gy/tmr_ros2/install/tmr_msgs/include/tmr_msgs/srv/detail/write_item__type_support.c
[48.407s] -- Up-to-date: /home/gy/tmr_ros2/install/tmr_msgs/include/tmr_msgs/srv/detail/ask_item__rosidl_typesupport_introspection_c.h
[48.407s] -- Up-to-date: /home/gy/tmr_ros2/install/tmr_msgs/include/tmr_msgs/srv/detail/set_io__rosidl_typesupport_introspection_c.h
[48.407s] -- Up-to-date: /home/gy/tmr_ros2/install/tmr_msgs/include/tmr_msgs/srv/detail/send_script__type_support.c
[48.408s] -- Up-to-date: /home/gy/tmr_ros2/install/tmr_msgs/include/tmr_msgs/srv/detail/ask_sta__rosidl_typesupport_introspection_c.h
[48.408s] -- Up-to-date: /home/gy/tmr_ros2/install/tmr_msgs/include/tmr_msgs/srv/detail/ask_item__type_support.c
[48.410s] -- Up-to-date: /home/gy/tmr_ros2/install/tmr_msgs/include/tmr_msgs/srv/detail/set_positions__type_support.c
[48.411s] -- Up-to-date: /home/gy/tmr_ros2/install/tmr_msgs/include/tmr_msgs/srv/detail/send_script__rosidl_typesupport_introspection_c.h
[48.411s] -- Up-to-date: /home/gy/tmr_ros2/install/tmr_msgs/include/tmr_msgs/srv/detail/set_positions__rosidl_typesupport_introspection_c.h
[48.411s] -- Up-to-date: /home/gy/tmr_ros2/install/tmr_msgs/include/tmr_msgs/srv/detail/connect_tm__type_support.c
[48.411s] -- Up-to-date: /home/gy/tmr_ros2/install/tmr_msgs/include/tmr_msgs/srv/detail/connect_tm__rosidl_typesupport_introspection_c.h
[48.412s] -- Up-to-date: /home/gy/tmr_ros2/install/tmr_msgs/include/tmr_msgs/srv/detail/set_event__type_support.c
[48.412s] -- Up-to-date: /home/gy/tmr_ros2/install/tmr_msgs/include/tmr_msgs/srv/detail/write_item__rosidl_typesupport_introspection_c.h
[48.412s] -- Up-to-date: /home/gy/tmr_ros2/install/tmr_msgs/include/tmr_msgs/srv/detail/ask_sta__type_support.c
[48.412s] -- Up-to-date: /home/gy/tmr_ros2/install/tmr_msgs/include/tmr_msgs/srv/detail/set_io__type_support.c
[48.413s] -- Up-to-date: /home/gy/tmr_ros2/install/tmr_msgs/include/tmr_msgs/srv/detail/set_event__rosidl_typesupport_introspection_c.h
[48.413s] -- Up-to-date: /home/gy/tmr_ros2/install/tmr_msgs/include/tmr_msgs/msg
[48.413s] -- Up-to-date: /home/gy/tmr_ros2/install/tmr_msgs/include/tmr_msgs/msg/detail
[48.413s] -- Up-to-date: /home/gy/tmr_ros2/install/tmr_msgs/include/tmr_msgs/msg/detail/sct_response__type_support.c
[48.413s] -- Up-to-date: /home/gy/tmr_ros2/install/tmr_msgs/include/tmr_msgs/msg/detail/feedback_state__rosidl_typesupport_introspection_c.h
[48.413s] -- Up-to-date: /home/gy/tmr_ros2/install/tmr_msgs/include/tmr_msgs/msg/detail/svr_response__type_support.c
[48.413s] -- Up-to-date: /home/gy/tmr_ros2/install/tmr_msgs/include/tmr_msgs/msg/detail/sct_response__rosidl_typesupport_introspection_c.h
[48.413s] -- Up-to-date: /home/gy/tmr_ros2/install/tmr_msgs/include/tmr_msgs/msg/detail/sta_response__type_support.c
[48.414s] -- Up-to-date: /home/gy/tmr_ros2/install/tmr_msgs/include/tmr_msgs/msg/detail/svr_response__rosidl_typesupport_introspection_c.h
[48.414s] -- Up-to-date: /home/gy/tmr_ros2/install/tmr_msgs/include/tmr_msgs/msg/detail/feedback_state__type_support.c
[48.414s] -- Up-to-date: /home/gy/tmr_ros2/install/tmr_msgs/include/tmr_msgs/msg/detail/sta_response__rosidl_typesupport_introspection_c.h
[48.414s] -- Up-to-date: /home/gy/tmr_ros2/install/tmr_msgs/include/tmr_msgs/msg/rosidl_typesupport_introspection_c__visibility_control.h
[48.449s] -- Up-to-date: /home/gy/tmr_ros2/install/tmr_msgs/lib/libtmr_msgs__rosidl_typesupport_introspection_c.so
[48.484s] -- Up-to-date: /home/gy/tmr_ros2/install/tmr_msgs/lib/libtmr_msgs__rosidl_typesupport_c.so
[48.485s] -- Up-to-date: /home/gy/tmr_ros2/install/tmr_msgs/include/tmr_msgs
[48.486s] -- Up-to-date: /home/gy/tmr_ros2/install/tmr_msgs/include/tmr_msgs/srv
[48.486s] -- Up-to-date: /home/gy/tmr_ros2/install/tmr_msgs/include/tmr_msgs/srv/detail
[48.487s] -- Up-to-date: /home/gy/tmr_ros2/install/tmr_msgs/include/tmr_msgs/srv/detail/set_positions__struct.hpp
[48.487s] -- Up-to-date: /home/gy/tmr_ros2/install/tmr_msgs/include/tmr_msgs/srv/detail/set_positions__traits.hpp
[48.488s] -- Up-to-date: /home/gy/tmr_ros2/install/tmr_msgs/include/tmr_msgs/srv/detail/send_script__builder.hpp
[48.488s] -- Up-to-date: /home/gy/tmr_ros2/install/tmr_msgs/include/tmr_msgs/srv/detail/connect_tm__struct.hpp
[48.488s] -- Up-to-date: /home/gy/tmr_ros2/install/tmr_msgs/include/tmr_msgs/srv/detail/connect_tm__traits.hpp
[48.488s] -- Up-to-date: /home/gy/tmr_ros2/install/tmr_msgs/include/tmr_msgs/srv/detail/ask_sta__struct.hpp
[48.488s] -- Up-to-date: /home/gy/tmr_ros2/install/tmr_msgs/include/tmr_msgs/srv/detail/write_item__builder.hpp
[48.489s] -- Up-to-date: /home/gy/tmr_ros2/install/tmr_msgs/include/tmr_msgs/srv/detail/send_script__struct.hpp
[48.489s] -- Up-to-date: /home/gy/tmr_ros2/install/tmr_msgs/include/tmr_msgs/srv/detail/send_script__traits.hpp
[48.489s] -- Up-to-date: /home/gy/tmr_ros2/install/tmr_msgs/include/tmr_msgs/srv/detail/write_item__traits.hpp
[48.489s] -- Up-to-date: /home/gy/tmr_ros2/install/tmr_msgs/include/tmr_msgs/srv/detail/ask_sta__builder.hpp
[48.489s] -- Up-to-date: /home/gy/tmr_ros2/install/tmr_msgs/include/tmr_msgs/srv/detail/set_positions__builder.hpp
[48.490s] -- Up-to-date: /home/gy/tmr_ros2/install/tmr_msgs/include/tmr_msgs/srv/detail/connect_tm__builder.hpp
[48.490s] -- Up-to-date: /home/gy/tmr_ros2/install/tmr_msgs/include/tmr_msgs/srv/detail/set_io__builder.hpp
[48.491s] -- Up-to-date: /home/gy/tmr_ros2/install/tmr_msgs/include/tmr_msgs/srv/detail/ask_item__struct.hpp
[48.491s] -- Up-to-date: /home/gy/tmr_ros2/install/tmr_msgs/include/tmr_msgs/srv/detail/set_io__traits.hpp
[48.492s] -- Up-to-date: /home/gy/tmr_ros2/install/tmr_msgs/include/tmr_msgs/srv/detail/ask_item__builder.hpp
[48.492s] -- Up-to-date: /home/gy/tmr_ros2/install/tmr_msgs/include/tmr_msgs/srv/detail/write_item__struct.hpp
[48.492s] -- Up-to-date: /home/gy/tmr_ros2/install/tmr_msgs/include/tmr_msgs/srv/detail/set_event__struct.hpp
[48.492s] -- Up-to-date: /home/gy/tmr_ros2/install/tmr_msgs/include/tmr_msgs/srv/detail/set_event__builder.hpp
[48.492s] -- Up-to-date: /home/gy/tmr_ros2/install/tmr_msgs/include/tmr_msgs/srv/detail/set_event__traits.hpp
[48.492s] -- Up-to-date: /home/gy/tmr_ros2/install/tmr_msgs/include/tmr_msgs/srv/detail/set_io__struct.hpp
[48.492s] -- Up-to-date: /home/gy/tmr_ros2/install/tmr_msgs/include/tmr_msgs/srv/detail/ask_sta__traits.hpp
[48.493s] -- Up-to-date: /home/gy/tmr_ros2/install/tmr_msgs/include/tmr_msgs/srv/detail/ask_item__traits.hpp
[48.493s] -- Up-to-date: /home/gy/tmr_ros2/install/tmr_msgs/include/tmr_msgs/srv/ask_item.hpp
[48.493s] -- Up-to-date: /home/gy/tmr_ros2/install/tmr_msgs/include/tmr_msgs/srv/write_item.hpp
[48.493s] -- Up-to-date: /home/gy/tmr_ros2/install/tmr_msgs/include/tmr_msgs/srv/send_script.hpp
[48.493s] -- Up-to-date: /home/gy/tmr_ros2/install/tmr_msgs/include/tmr_msgs/srv/set_io.hpp
[48.493s] -- Up-to-date: /home/gy/tmr_ros2/install/tmr_msgs/include/tmr_msgs/srv/connect_tm.hpp
[48.493s] -- Up-to-date: /home/gy/tmr_ros2/install/tmr_msgs/include/tmr_msgs/srv/set_event.hpp
[48.494s] -- Up-to-date: /home/gy/tmr_ros2/install/tmr_msgs/include/tmr_msgs/srv/set_positions.hpp
[48.494s] -- Up-to-date: /home/gy/tmr_ros2/install/tmr_msgs/include/tmr_msgs/srv/ask_sta.hpp
[48.494s] -- Up-to-date: /home/gy/tmr_ros2/install/tmr_msgs/include/tmr_msgs/msg
[48.494s] -- Up-to-date: /home/gy/tmr_ros2/install/tmr_msgs/include/tmr_msgs/msg/detail
[48.494s] -- Up-to-date: /home/gy/tmr_ros2/install/tmr_msgs/include/tmr_msgs/msg/detail/sct_response__traits.hpp
[48.494s] -- Up-to-date: /home/gy/tmr_ros2/install/tmr_msgs/include/tmr_msgs/msg/detail/svr_response__traits.hpp
[48.494s] -- Up-to-date: /home/gy/tmr_ros2/install/tmr_msgs/include/tmr_msgs/msg/detail/feedback_state__builder.hpp
[48.495s] -- Up-to-date: /home/gy/tmr_ros2/install/tmr_msgs/include/tmr_msgs/msg/detail/sta_response__builder.hpp
[48.495s] -- Up-to-date: /home/gy/tmr_ros2/install/tmr_msgs/include/tmr_msgs/msg/detail/feedback_state__struct.hpp
[48.495s] -- Up-to-date: /home/gy/tmr_ros2/install/tmr_msgs/include/tmr_msgs/msg/detail/sct_response__struct.hpp
[48.495s] -- Up-to-date: /home/gy/tmr_ros2/install/tmr_msgs/include/tmr_msgs/msg/detail/sct_response__builder.hpp
[48.495s] -- Up-to-date: /home/gy/tmr_ros2/install/tmr_msgs/include/tmr_msgs/msg/detail/feedback_state__traits.hpp
[48.495s] -- Up-to-date: /home/gy/tmr_ros2/install/tmr_msgs/include/tmr_msgs/msg/detail/sta_response__struct.hpp
[48.495s] -- Up-to-date: /home/gy/tmr_ros2/install/tmr_msgs/include/tmr_msgs/msg/detail/svr_response__struct.hpp
[48.495s] -- Up-to-date: /home/gy/tmr_ros2/install/tmr_msgs/include/tmr_msgs/msg/detail/svr_response__builder.hpp
[48.496s] -- Up-to-date: /home/gy/tmr_ros2/install/tmr_msgs/include/tmr_msgs/msg/detail/sta_response__traits.hpp
[48.496s] -- Up-to-date: /home/gy/tmr_ros2/install/tmr_msgs/include/tmr_msgs/msg/svr_response.hpp
[48.496s] -- Up-to-date: /home/gy/tmr_ros2/install/tmr_msgs/include/tmr_msgs/msg/sta_response.hpp
[48.496s] -- Up-to-date: /home/gy/tmr_ros2/install/tmr_msgs/include/tmr_msgs/msg/sct_response.hpp
[48.496s] -- Up-to-date: /home/gy/tmr_ros2/install/tmr_msgs/include/tmr_msgs/msg/feedback_state.hpp
[48.496s] -- Up-to-date: /home/gy/tmr_ros2/install/tmr_msgs/include/tmr_msgs
[48.496s] -- Up-to-date: /home/gy/tmr_ros2/install/tmr_msgs/include/tmr_msgs/srv
[48.496s] -- Up-to-date: /home/gy/tmr_ros2/install/tmr_msgs/include/tmr_msgs/srv/detail
[48.497s] -- Up-to-date: /home/gy/tmr_ros2/install/tmr_msgs/include/tmr_msgs/srv/detail/send_script__type_support.cpp
[48.497s] -- Up-to-date: /home/gy/tmr_ros2/install/tmr_msgs/include/tmr_msgs/srv/detail/set_positions__type_support.cpp
[48.497s] -- Up-to-date: /home/gy/tmr_ros2/install/tmr_msgs/include/tmr_msgs/srv/detail/connect_tm__rosidl_typesupport_introspection_cpp.hpp
[48.497s] -- Up-to-date: /home/gy/tmr_ros2/install/tmr_msgs/include/tmr_msgs/srv/detail/set_event__rosidl_typesupport_introspection_cpp.hpp
[48.497s] -- Up-to-date: /home/gy/tmr_ros2/install/tmr_msgs/include/tmr_msgs/srv/detail/write_item__type_support.cpp
[48.497s] -- Up-to-date: /home/gy/tmr_ros2/install/tmr_msgs/include/tmr_msgs/srv/detail/send_script__rosidl_typesupport_introspection_cpp.hpp
[48.497s] -- Up-to-date: /home/gy/tmr_ros2/install/tmr_msgs/include/tmr_msgs/srv/detail/ask_item__type_support.cpp
[48.497s] -- Up-to-date: /home/gy/tmr_ros2/install/tmr_msgs/include/tmr_msgs/srv/detail/set_io__type_support.cpp
[48.498s] -- Up-to-date: /home/gy/tmr_ros2/install/tmr_msgs/include/tmr_msgs/srv/detail/write_item__rosidl_typesupport_introspection_cpp.hpp
[48.498s] -- Up-to-date: /home/gy/tmr_ros2/install/tmr_msgs/include/tmr_msgs/srv/detail/set_positions__rosidl_typesupport_introspection_cpp.hpp
[48.498s] -- Up-to-date: /home/gy/tmr_ros2/install/tmr_msgs/include/tmr_msgs/srv/detail/set_event__type_support.cpp
[48.498s] -- Up-to-date: /home/gy/tmr_ros2/install/tmr_msgs/include/tmr_msgs/srv/detail/ask_sta__rosidl_typesupport_introspection_cpp.hpp
[48.498s] -- Up-to-date: /home/gy/tmr_ros2/install/tmr_msgs/include/tmr_msgs/srv/detail/ask_item__rosidl_typesupport_introspection_cpp.hpp
[48.498s] -- Up-to-date: /home/gy/tmr_ros2/install/tmr_msgs/include/tmr_msgs/srv/detail/ask_sta__type_support.cpp
[48.498s] -- Up-to-date: /home/gy/tmr_ros2/install/tmr_msgs/include/tmr_msgs/srv/detail/set_io__rosidl_typesupport_introspection_cpp.hpp
[48.498s] -- Up-to-date: /home/gy/tmr_ros2/install/tmr_msgs/include/tmr_msgs/srv/detail/connect_tm__type_support.cpp
[48.499s] -- Up-to-date: /home/gy/tmr_ros2/install/tmr_msgs/include/tmr_msgs/msg
[48.499s] -- Up-to-date: /home/gy/tmr_ros2/install/tmr_msgs/include/tmr_msgs/msg/detail
[48.499s] -- Up-to-date: /home/gy/tmr_ros2/install/tmr_msgs/include/tmr_msgs/msg/detail/feedback_state__rosidl_typesupport_introspection_cpp.hpp
[48.499s] -- Up-to-date: /home/gy/tmr_ros2/install/tmr_msgs/include/tmr_msgs/msg/detail/sct_response__type_support.cpp
[48.499s] -- Up-to-date: /home/gy/tmr_ros2/install/tmr_msgs/include/tmr_msgs/msg/detail/feedback_state__type_support.cpp
[48.499s] -- Up-to-date: /home/gy/tmr_ros2/install/tmr_msgs/include/tmr_msgs/msg/detail/sta_response__rosidl_typesupport_introspection_cpp.hpp
[48.499s] -- Up-to-date: /home/gy/tmr_ros2/install/tmr_msgs/include/tmr_msgs/msg/detail/sct_response__rosidl_typesupport_introspection_cpp.hpp
[48.499s] -- Up-to-date: /home/gy/tmr_ros2/install/tmr_msgs/include/tmr_msgs/msg/detail/svr_response__type_support.cpp
[48.500s] -- Up-to-date: /home/gy/tmr_ros2/install/tmr_msgs/include/tmr_msgs/msg/detail/svr_response__rosidl_typesupport_introspection_cpp.hpp
[48.500s] -- Up-to-date: /home/gy/tmr_ros2/install/tmr_msgs/include/tmr_msgs/msg/detail/sta_response__type_support.cpp
[48.573s] -- Up-to-date: /home/gy/tmr_ros2/install/tmr_msgs/lib/libtmr_msgs__rosidl_typesupport_introspection_cpp.so
[48.581s] -- Up-to-date: /home/gy/tmr_ros2/install/tmr_msgs/lib/libtmr_msgs__rosidl_typesupport_cpp.so
[48.581s] -- Up-to-date: /home/gy/tmr_ros2/install/tmr_msgs/share/tmr_msgs/environment/pythonpath.sh
[48.581s] -- Installing: /home/gy/tmr_ros2/install/tmr_msgs/share/tmr_msgs/environment/pythonpath.dsv
[48.587s] -- Installing: /home/gy/tmr_ros2/install/tmr_msgs/lib/python3.8/site-packages/tmr_msgs/__init__.py
[48.653s] Compiling '/home/gy/tmr_ros2/install/tmr_msgs/lib/python3.8/site-packages/tmr_msgs/__init__.py'...
[48.671s] -- Up-to-date: /home/gy/tmr_ros2/install/tmr_msgs/lib/python3.8/site-packages/tmr_msgs/msg
[48.673s] -- Up-to-date: /home/gy/tmr_ros2/install/tmr_msgs/lib/python3.8/site-packages/tmr_msgs/msg/_sct_response_s.c
[48.673s] -- Up-to-date: /home/gy/tmr_ros2/install/tmr_msgs/lib/python3.8/site-packages/tmr_msgs/msg/_sct_response.py
[48.674s] -- Up-to-date: /home/gy/tmr_ros2/install/tmr_msgs/lib/python3.8/site-packages/tmr_msgs/msg/_svr_response_s.c
[48.674s] -- Up-to-date: /home/gy/tmr_ros2/install/tmr_msgs/lib/python3.8/site-packages/tmr_msgs/msg/_feedback_state.py
[48.674s] -- Up-to-date: /home/gy/tmr_ros2/install/tmr_msgs/lib/python3.8/site-packages/tmr_msgs/msg/_feedback_state_s.c
[48.674s] -- Up-to-date: /home/gy/tmr_ros2/install/tmr_msgs/lib/python3.8/site-packages/tmr_msgs/msg/__init__.py
[48.675s] -- Up-to-date: /home/gy/tmr_ros2/install/tmr_msgs/lib/python3.8/site-packages/tmr_msgs/msg/_sta_response.py
[48.675s] -- Up-to-date: /home/gy/tmr_ros2/install/tmr_msgs/lib/python3.8/site-packages/tmr_msgs/msg/_svr_response.py
[48.676s] -- Up-to-date: /home/gy/tmr_ros2/install/tmr_msgs/lib/python3.8/site-packages/tmr_msgs/msg/_sta_response_s.c
[48.676s] -- Up-to-date: /home/gy/tmr_ros2/install/tmr_msgs/lib/python3.8/site-packages/tmr_msgs/srv
[48.680s] -- Up-to-date: /home/gy/tmr_ros2/install/tmr_msgs/lib/python3.8/site-packages/tmr_msgs/srv/_write_item_s.c
[48.680s] -- Up-to-date: /home/gy/tmr_ros2/install/tmr_msgs/lib/python3.8/site-packages/tmr_msgs/srv/_set_event.py
[48.684s] -- Up-to-date: /home/gy/tmr_ros2/install/tmr_msgs/lib/python3.8/site-packages/tmr_msgs/srv/_write_item.py
[48.685s] -- Up-to-date: /home/gy/tmr_ros2/install/tmr_msgs/lib/python3.8/site-packages/tmr_msgs/srv/_connect_tm.py
[48.685s] -- Up-to-date: /home/gy/tmr_ros2/install/tmr_msgs/lib/python3.8/site-packages/tmr_msgs/srv/_send_script_s.c
[48.685s] -- Up-to-date: /home/gy/tmr_ros2/install/tmr_msgs/lib/python3.8/site-packages/tmr_msgs/srv/_set_event_s.c
[48.685s] -- Up-to-date: /home/gy/tmr_ros2/install/tmr_msgs/lib/python3.8/site-packages/tmr_msgs/srv/_set_positions.py
[48.685s] -- Up-to-date: /home/gy/tmr_ros2/install/tmr_msgs/lib/python3.8/site-packages/tmr_msgs/srv/__init__.py
[48.685s] -- Up-to-date: /home/gy/tmr_ros2/install/tmr_msgs/lib/python3.8/site-packages/tmr_msgs/srv/_ask_item_s.c
[48.685s] -- Up-to-date: /home/gy/tmr_ros2/install/tmr_msgs/lib/python3.8/site-packages/tmr_msgs/srv/_set_io.py
[48.686s] -- Up-to-date: /home/gy/tmr_ros2/install/tmr_msgs/lib/python3.8/site-packages/tmr_msgs/srv/_connect_tm_s.c
[48.686s] -- Up-to-date: /home/gy/tmr_ros2/install/tmr_msgs/lib/python3.8/site-packages/tmr_msgs/srv/_send_script.py
[48.686s] -- Up-to-date: /home/gy/tmr_ros2/install/tmr_msgs/lib/python3.8/site-packages/tmr_msgs/srv/_set_positions_s.c
[48.686s] -- Up-to-date: /home/gy/tmr_ros2/install/tmr_msgs/lib/python3.8/site-packages/tmr_msgs/srv/_set_io_s.c
[48.686s] -- Up-to-date: /home/gy/tmr_ros2/install/tmr_msgs/lib/python3.8/site-packages/tmr_msgs/srv/_ask_sta.py
[48.686s] -- Up-to-date: /home/gy/tmr_ros2/install/tmr_msgs/lib/python3.8/site-packages/tmr_msgs/srv/_ask_sta_s.c
[48.686s] -- Up-to-date: /home/gy/tmr_ros2/install/tmr_msgs/lib/python3.8/site-packages/tmr_msgs/srv/_ask_item.py
[48.690s] -- Up-to-date: /home/gy/tmr_ros2/install/tmr_msgs/lib/python3.8/site-packages/tmr_msgs/tmr_msgs_s__rosidl_typesupport_fastrtps_c.cpython-38-x86_64-linux-gnu.so
[48.696s] -- Up-to-date: /home/gy/tmr_ros2/install/tmr_msgs/lib/python3.8/site-packages/tmr_msgs/tmr_msgs_s__rosidl_typesupport_introspection_c.cpython-38-x86_64-linux-gnu.so
[48.711s] -- Up-to-date: /home/gy/tmr_ros2/install/tmr_msgs/lib/python3.8/site-packages/tmr_msgs/tmr_msgs_s__rosidl_typesupport_c.cpython-38-x86_64-linux-gnu.so
[48.717s] -- Up-to-date: /home/gy/tmr_ros2/install/tmr_msgs/lib/libtmr_msgs__python.so
[48.719s] -- Up-to-date: /home/gy/tmr_ros2/install/tmr_msgs/share/tmr_msgs/msg/FeedbackState.idl
[48.720s] -- Up-to-date: /home/gy/tmr_ros2/install/tmr_msgs/share/tmr_msgs/msg/SvrResponse.idl
[48.720s] -- Up-to-date: /home/gy/tmr_ros2/install/tmr_msgs/share/tmr_msgs/msg/SctResponse.idl
[48.720s] -- Up-to-date: /home/gy/tmr_ros2/install/tmr_msgs/share/tmr_msgs/msg/StaResponse.idl
[48.722s] -- Up-to-date: /home/gy/tmr_ros2/install/tmr_msgs/share/tmr_msgs/srv/ConnectTM.idl
[48.722s] -- Up-to-date: /home/gy/tmr_ros2/install/tmr_msgs/share/tmr_msgs/srv/WriteItem.idl
[48.722s] -- Up-to-date: /home/gy/tmr_ros2/install/tmr_msgs/share/tmr_msgs/srv/AskItem.idl
[48.723s] -- Up-to-date: /home/gy/tmr_ros2/install/tmr_msgs/share/tmr_msgs/srv/SendScript.idl
[48.723s] -- Up-to-date: /home/gy/tmr_ros2/install/tmr_msgs/share/tmr_msgs/srv/SetEvent.idl
[48.723s] -- Up-to-date: /home/gy/tmr_ros2/install/tmr_msgs/share/tmr_msgs/srv/SetIO.idl
[48.723s] -- Up-to-date: /home/gy/tmr_ros2/install/tmr_msgs/share/tmr_msgs/srv/SetPositions.idl
[48.724s] -- Up-to-date: /home/gy/tmr_ros2/install/tmr_msgs/share/tmr_msgs/srv/AskSta.idl
[48.724s] -- Up-to-date: /home/gy/tmr_ros2/install/tmr_msgs/share/tmr_msgs/msg/FeedbackState.msg
[48.724s] -- Up-to-date: /home/gy/tmr_ros2/install/tmr_msgs/share/tmr_msgs/msg/SvrResponse.msg
[48.724s] -- Up-to-date: /home/gy/tmr_ros2/install/tmr_msgs/share/tmr_msgs/msg/SctResponse.msg
[48.725s] -- Up-to-date: /home/gy/tmr_ros2/install/tmr_msgs/share/tmr_msgs/msg/StaResponse.msg
[48.725s] -- Up-to-date: /home/gy/tmr_ros2/install/tmr_msgs/share/tmr_msgs/srv/ConnectTM.srv
[48.725s] -- Up-to-date: /home/gy/tmr_ros2/install/tmr_msgs/share/tmr_msgs/srv/ConnectTM_Request.msg
[48.726s] -- Up-to-date: /home/gy/tmr_ros2/install/tmr_msgs/share/tmr_msgs/srv/ConnectTM_Response.msg
[48.726s] -- Up-to-date: /home/gy/tmr_ros2/install/tmr_msgs/share/tmr_msgs/srv/WriteItem.srv
[48.726s] -- Up-to-date: /home/gy/tmr_ros2/install/tmr_msgs/share/tmr_msgs/srv/WriteItem_Request.msg
[48.726s] -- Up-to-date: /home/gy/tmr_ros2/install/tmr_msgs/share/tmr_msgs/srv/WriteItem_Response.msg
[48.726s] -- Up-to-date: /home/gy/tmr_ros2/install/tmr_msgs/share/tmr_msgs/srv/AskItem.srv
[48.726s] -- Up-to-date: /home/gy/tmr_ros2/install/tmr_msgs/share/tmr_msgs/srv/AskItem_Request.msg
[48.727s] -- Up-to-date: /home/gy/tmr_ros2/install/tmr_msgs/share/tmr_msgs/srv/AskItem_Response.msg
[48.727s] -- Up-to-date: /home/gy/tmr_ros2/install/tmr_msgs/share/tmr_msgs/srv/SendScript.srv
[48.727s] -- Up-to-date: /home/gy/tmr_ros2/install/tmr_msgs/share/tmr_msgs/srv/SendScript_Request.msg
[48.727s] -- Up-to-date: /home/gy/tmr_ros2/install/tmr_msgs/share/tmr_msgs/srv/SendScript_Response.msg
[48.727s] -- Up-to-date: /home/gy/tmr_ros2/install/tmr_msgs/share/tmr_msgs/srv/SetEvent.srv
[48.727s] -- Up-to-date: /home/gy/tmr_ros2/install/tmr_msgs/share/tmr_msgs/srv/SetEvent_Request.msg
[48.728s] -- Up-to-date: /home/gy/tmr_ros2/install/tmr_msgs/share/tmr_msgs/srv/SetEvent_Response.msg
[48.728s] -- Up-to-date: /home/gy/tmr_ros2/install/tmr_msgs/share/tmr_msgs/srv/SetIO.srv
[48.728s] -- Up-to-date: /home/gy/tmr_ros2/install/tmr_msgs/share/tmr_msgs/srv/SetIO_Request.msg
[48.728s] -- Up-to-date: /home/gy/tmr_ros2/install/tmr_msgs/share/tmr_msgs/srv/SetIO_Response.msg
[48.728s] -- Up-to-date: /home/gy/tmr_ros2/install/tmr_msgs/share/tmr_msgs/srv/SetPositions.srv
[48.728s] -- Up-to-date: /home/gy/tmr_ros2/install/tmr_msgs/share/tmr_msgs/srv/SetPositions_Request.msg
[48.728s] -- Up-to-date: /home/gy/tmr_ros2/install/tmr_msgs/share/tmr_msgs/srv/SetPositions_Response.msg
[48.728s] -- Up-to-date: /home/gy/tmr_ros2/install/tmr_msgs/share/tmr_msgs/srv/AskSta.srv
[48.729s] -- Up-to-date: /home/gy/tmr_ros2/install/tmr_msgs/share/tmr_msgs/srv/AskSta_Request.msg
[48.729s] -- Up-to-date: /home/gy/tmr_ros2/install/tmr_msgs/share/tmr_msgs/srv/AskSta_Response.msg
[48.732s] -- Up-to-date: /home/gy/tmr_ros2/install/tmr_msgs/share/ament_index/resource_index/package_run_dependencies/tmr_msgs
[48.735s] -- Up-to-date: /home/gy/tmr_ros2/install/tmr_msgs/share/ament_index/resource_index/parent_prefix_path/tmr_msgs
[48.735s] -- Up-to-date: /home/gy/tmr_ros2/install/tmr_msgs/share/tmr_msgs/environment/ament_prefix_path.sh
[48.736s] -- Installing: /home/gy/tmr_ros2/install/tmr_msgs/share/tmr_msgs/environment/ament_prefix_path.dsv
[48.736s] -- Up-to-date: /home/gy/tmr_ros2/install/tmr_msgs/share/tmr_msgs/environment/path.sh
[48.736s] -- Installing: /home/gy/tmr_ros2/install/tmr_msgs/share/tmr_msgs/environment/path.dsv
[48.736s] -- Up-to-date: /home/gy/tmr_ros2/install/tmr_msgs/share/tmr_msgs/local_setup.bash
[48.736s] -- Up-to-date: /home/gy/tmr_ros2/install/tmr_msgs/share/tmr_msgs/local_setup.sh
[48.737s] -- Up-to-date: /home/gy/tmr_ros2/install/tmr_msgs/share/tmr_msgs/local_setup.zsh
[48.737s] -- Installing: /home/gy/tmr_ros2/install/tmr_msgs/share/tmr_msgs/local_setup.dsv
[48.737s] -- Installing: /home/gy/tmr_ros2/install/tmr_msgs/share/tmr_msgs/package.dsv
[48.742s] -- Up-to-date: /home/gy/tmr_ros2/install/tmr_msgs/share/ament_index/resource_index/packages/tmr_msgs
[48.757s] -- Up-to-date: /home/gy/tmr_ros2/install/tmr_msgs/share/tmr_msgs/cmake/tmr_msgs__rosidl_generator_cExport.cmake
[48.757s] -- Installing: /home/gy/tmr_ros2/install/tmr_msgs/share/tmr_msgs/cmake/tmr_msgs__rosidl_generator_cExport-noconfig.cmake
[48.765s] -- Up-to-date: /home/gy/tmr_ros2/install/tmr_msgs/share/tmr_msgs/cmake/tmr_msgs__rosidl_typesupport_introspection_cExport.cmake
[48.766s] -- Installing: /home/gy/tmr_ros2/install/tmr_msgs/share/tmr_msgs/cmake/tmr_msgs__rosidl_typesupport_introspection_cExport-noconfig.cmake
[48.769s] -- Up-to-date: /home/gy/tmr_ros2/install/tmr_msgs/share/tmr_msgs/cmake/tmr_msgs__rosidl_typesupport_cExport.cmake
[48.769s] -- Installing: /home/gy/tmr_ros2/install/tmr_msgs/share/tmr_msgs/cmake/tmr_msgs__rosidl_typesupport_cExport-noconfig.cmake
[48.771s] -- Up-to-date: /home/gy/tmr_ros2/install/tmr_msgs/share/tmr_msgs/cmake/tmr_msgs__rosidl_generator_cppExport.cmake
[48.772s] -- Up-to-date: /home/gy/tmr_ros2/install/tmr_msgs/share/tmr_msgs/cmake/tmr_msgs__rosidl_typesupport_introspection_cppExport.cmake
[48.773s] -- Installing: /home/gy/tmr_ros2/install/tmr_msgs/share/tmr_msgs/cmake/tmr_msgs__rosidl_typesupport_introspection_cppExport-noconfig.cmake
[48.784s] -- Up-to-date: /home/gy/tmr_ros2/install/tmr_msgs/share/tmr_msgs/cmake/tmr_msgs__rosidl_typesupport_cppExport.cmake
[48.785s] -- Installing: /home/gy/tmr_ros2/install/tmr_msgs/share/tmr_msgs/cmake/tmr_msgs__rosidl_typesupport_cppExport-noconfig.cmake
[48.786s] -- Up-to-date: /home/gy/tmr_ros2/install/tmr_msgs/share/tmr_msgs/cmake/rosidl_cmake-extras.cmake
[48.786s] -- Up-to-date: /home/gy/tmr_ros2/install/tmr_msgs/share/tmr_msgs/cmake/ament_cmake_export_dependencies-extras.cmake
[48.787s] -- Up-to-date: /home/gy/tmr_ros2/install/tmr_msgs/share/tmr_msgs/cmake/ament_cmake_export_libraries-extras.cmake
[48.787s] -- Up-to-date: /home/gy/tmr_ros2/install/tmr_msgs/share/tmr_msgs/cmake/ament_cmake_export_targets-extras.cmake
[48.787s] -- Up-to-date: /home/gy/tmr_ros2/install/tmr_msgs/share/tmr_msgs/cmake/ament_cmake_export_include_directories-extras.cmake
[48.788s] -- Up-to-date: /home/gy/tmr_ros2/install/tmr_msgs/share/tmr_msgs/cmake/rosidl_cmake_export_typesupport_libraries-extras.cmake
[48.788s] -- Up-to-date: /home/gy/tmr_ros2/install/tmr_msgs/share/tmr_msgs/cmake/rosidl_cmake_export_typesupport_targets-extras.cmake
[48.789s] -- Up-to-date: /home/gy/tmr_ros2/install/tmr_msgs/share/tmr_msgs/cmake/tmr_msgsConfig.cmake
[48.789s] -- Up-to-date: /home/gy/tmr_ros2/install/tmr_msgs/share/tmr_msgs/cmake/tmr_msgsConfig-version.cmake
[48.790s] -- Up-to-date: /home/gy/tmr_ros2/install/tmr_msgs/share/tmr_msgs/package.xml
[48.798s] Invoked command in '/home/gy/Omron_TM_ROS2/build/tmr_msgs' returned '0': CMAKE_PREFIX_PATH=${CMAKE_PREFIX_PATH}:/home/gy/tmdriver_ws/install/tmr_mod_urdf:/home/gy/tmdriver_ws/install/tm_get_status:/opt/ros/foxy /usr/bin/cmake --install /home/gy/Omron_TM_ROS2/build/tmr_msgs
