[1.147s] DEBUG:colcon:Command line arguments: ['/usr/bin/colcon', 'list', '-p', '--base-paths', '/home/gy/Omron_TM_ROS2']
[1.147s] DEBUG:colcon:Parsed command line arguments: Namespace(base_paths=['/home/gy/Omron_TM_ROS2'], build_base='build', ignore_user_meta=False, log_base=None, log_level=None, main=<bound method ListVerb.main of <colcon_package_information.verb.list.ListVerb object at 0x7f9a4aa0ec40>>, metas=['./colcon.meta'], names_only=False, packages_above=None, packages_above_and_dependencies=None, packages_above_depth=None, packages_end=None, packages_ignore=None, packages_ignore_regex=None, packages_select=None, packages_select_build_failed=False, packages_select_by_dep=None, packages_select_regex=None, packages_select_test_failures=False, packages_skip=None, packages_skip_build_finished=False, packages_skip_by_dep=None, packages_skip_regex=None, packages_skip_test_passed=False, packages_skip_up_to=None, packages_start=None, packages_up_to=None, packages_up_to_regex=None, paths=None, paths_only=True, topological_graph=False, topological_graph_density=False, topological_graph_dot=False, topological_graph_dot_cluster=False, topological_graph_dot_include_skipped=False, topological_graph_legend=False, topological_order=False, verb_extension=<colcon_package_information.verb.list.ListVerb object at 0x7f9a4aa0ec40>, verb_name='list', verb_parser=<colcon_defaults.argument_parser.defaults.DefaultArgumentsDecorator object at 0x7f9a4a90c5e0>)
[4.624s] Level 1:colcon.colcon_core.package_discovery:discover_packages(colcon_meta) check parameters
[4.625s] Level 1:colcon.colcon_core.package_discovery:discover_packages(recursive) check parameters
[4.625s] Level 1:colcon.colcon_core.package_discovery:discover_packages(ignore) check parameters
[4.625s] Level 1:colcon.colcon_core.package_discovery:discover_packages(path) check parameters
[4.625s] Level 1:colcon.colcon_core.package_discovery:discover_packages(recursive) discover
[4.625s] INFO:colcon.colcon_core.package_discovery:Crawling recursively for packages in '/home/gy/Omron_TM_ROS2'
[4.625s] Level 1:colcon.colcon_core.package_identification:_identify(/home/gy/Omron_TM_ROS2) by extensions ['ignore', 'ignore_ament_install']
[4.626s] Level 1:colcon.colcon_core.package_identification:_identify(/home/gy/Omron_TM_ROS2) by extension 'ignore'
[4.626s] Level 1:colcon.colcon_core.package_identification:_identify(/home/gy/Omron_TM_ROS2) by extension 'ignore_ament_install'
[4.626s] Level 1:colcon.colcon_core.package_identification:_identify(/home/gy/Omron_TM_ROS2) by extensions ['colcon_pkg']
[4.626s] Level 1:colcon.colcon_core.package_identification:_identify(/home/gy/Omron_TM_ROS2) by extension 'colcon_pkg'
[4.626s] Level 1:colcon.colcon_core.package_identification:_identify(/home/gy/Omron_TM_ROS2) by extensions ['colcon_meta']
[4.626s] Level 1:colcon.colcon_core.package_identification:_identify(/home/gy/Omron_TM_ROS2) by extension 'colcon_meta'
[4.626s] Level 1:colcon.colcon_core.package_identification:_identify(/home/gy/Omron_TM_ROS2) by extensions ['ros']
[4.626s] Level 1:colcon.colcon_core.package_identification:_identify(/home/gy/Omron_TM_ROS2) by extension 'ros'
[4.869s] Level 1:colcon.colcon_core.package_identification:_identify(/home/gy/Omron_TM_ROS2) by extensions ['cmake', 'python']
[4.870s] Level 1:colcon.colcon_core.package_identification:_identify(/home/gy/Omron_TM_ROS2) by extension 'cmake'
[4.870s] Level 1:colcon.colcon_core.package_identification:_identify(/home/gy/Omron_TM_ROS2) by extension 'python'
[4.870s] Level 1:colcon.colcon_core.package_identification:_identify(/home/gy/Omron_TM_ROS2) by extensions ['python_setup_py']
[4.870s] Level 1:colcon.colcon_core.package_identification:_identify(/home/gy/Omron_TM_ROS2) by extension 'python_setup_py'
[4.870s] Level 1:colcon.colcon_core.package_identification:_identify(/home/gy/Omron_TM_ROS2/build) by extensions ['ignore', 'ignore_ament_install']
[4.871s] Level 1:colcon.colcon_core.package_identification:_identify(/home/gy/Omron_TM_ROS2/build) by extension 'ignore'
[4.871s] Level 1:colcon.colcon_core.package_identification:_identify(/home/gy/Omron_TM_ROS2/build) ignored
[4.871s] Level 1:colcon.colcon_core.package_identification:_identify(/home/gy/Omron_TM_ROS2/custom_package) by extensions ['ignore', 'ignore_ament_install']
[4.871s] Level 1:colcon.colcon_core.package_identification:_identify(/home/gy/Omron_TM_ROS2/custom_package) by extension 'ignore'
[4.871s] Level 1:colcon.colcon_core.package_identification:_identify(/home/gy/Omron_TM_ROS2/custom_package) by extension 'ignore_ament_install'
[4.871s] Level 1:colcon.colcon_core.package_identification:_identify(/home/gy/Omron_TM_ROS2/custom_package) by extensions ['colcon_pkg']
[4.871s] Level 1:colcon.colcon_core.package_identification:_identify(/home/gy/Omron_TM_ROS2/custom_package) by extension 'colcon_pkg'
[4.872s] Level 1:colcon.colcon_core.package_identification:_identify(/home/gy/Omron_TM_ROS2/custom_package) by extensions ['colcon_meta']
[4.872s] Level 1:colcon.colcon_core.package_identification:_identify(/home/gy/Omron_TM_ROS2/custom_package) by extension 'colcon_meta'
[4.872s] Level 1:colcon.colcon_core.package_identification:_identify(/home/gy/Omron_TM_ROS2/custom_package) by extensions ['ros']
[4.872s] Level 1:colcon.colcon_core.package_identification:_identify(/home/gy/Omron_TM_ROS2/custom_package) by extension 'ros'
[4.996s] DEBUG:colcon.colcon_core.package_identification:Package '/home/gy/Omron_TM_ROS2/custom_package' with type 'ros.ament_cmake' and name 'custom_package'
[4.996s] Level 1:colcon.colcon_core.package_identification:_identify(/home/gy/Omron_TM_ROS2/demo) by extensions ['ignore', 'ignore_ament_install']
[4.996s] Level 1:colcon.colcon_core.package_identification:_identify(/home/gy/Omron_TM_ROS2/demo) by extension 'ignore'
[4.997s] Level 1:colcon.colcon_core.package_identification:_identify(/home/gy/Omron_TM_ROS2/demo) by extension 'ignore_ament_install'
[4.997s] Level 1:colcon.colcon_core.package_identification:_identify(/home/gy/Omron_TM_ROS2/demo) by extensions ['colcon_pkg']
[4.997s] Level 1:colcon.colcon_core.package_identification:_identify(/home/gy/Omron_TM_ROS2/demo) by extension 'colcon_pkg'
[4.997s] Level 1:colcon.colcon_core.package_identification:_identify(/home/gy/Omron_TM_ROS2/demo) by extensions ['colcon_meta']
[4.997s] Level 1:colcon.colcon_core.package_identification:_identify(/home/gy/Omron_TM_ROS2/demo) by extension 'colcon_meta'
[4.997s] Level 1:colcon.colcon_core.package_identification:_identify(/home/gy/Omron_TM_ROS2/demo) by extensions ['ros']
[4.997s] Level 1:colcon.colcon_core.package_identification:_identify(/home/gy/Omron_TM_ROS2/demo) by extension 'ros'
[4.999s] DEBUG:colcon.colcon_core.package_identification:Package '/home/gy/Omron_TM_ROS2/demo' with type 'ros.ament_cmake' and name 'demo'
[5.000s] Level 1:colcon.colcon_core.package_identification:_identify(/home/gy/Omron_TM_ROS2/figures) by extensions ['ignore', 'ignore_ament_install']
[5.000s] Level 1:colcon.colcon_core.package_identification:_identify(/home/gy/Omron_TM_ROS2/figures) by extension 'ignore'
[5.000s] Level 1:colcon.colcon_core.package_identification:_identify(/home/gy/Omron_TM_ROS2/figures) by extension 'ignore_ament_install'
[5.000s] Level 1:colcon.colcon_core.package_identification:_identify(/home/gy/Omron_TM_ROS2/figures) by extensions ['colcon_pkg']
[5.000s] Level 1:colcon.colcon_core.package_identification:_identify(/home/gy/Omron_TM_ROS2/figures) by extension 'colcon_pkg'
[5.000s] Level 1:colcon.colcon_core.package_identification:_identify(/home/gy/Omron_TM_ROS2/figures) by extensions ['colcon_meta']
[5.000s] Level 1:colcon.colcon_core.package_identification:_identify(/home/gy/Omron_TM_ROS2/figures) by extension 'colcon_meta'
[5.001s] Level 1:colcon.colcon_core.package_identification:_identify(/home/gy/Omron_TM_ROS2/figures) by extensions ['ros']
[5.001s] Level 1:colcon.colcon_core.package_identification:_identify(/home/gy/Omron_TM_ROS2/figures) by extension 'ros'
[5.001s] Level 1:colcon.colcon_core.package_identification:_identify(/home/gy/Omron_TM_ROS2/figures) by extensions ['cmake', 'python']
[5.001s] Level 1:colcon.colcon_core.package_identification:_identify(/home/gy/Omron_TM_ROS2/figures) by extension 'cmake'
[5.001s] Level 1:colcon.colcon_core.package_identification:_identify(/home/gy/Omron_TM_ROS2/figures) by extension 'python'
[5.001s] Level 1:colcon.colcon_core.package_identification:_identify(/home/gy/Omron_TM_ROS2/figures) by extensions ['python_setup_py']
[5.001s] Level 1:colcon.colcon_core.package_identification:_identify(/home/gy/Omron_TM_ROS2/figures) by extension 'python_setup_py'
[5.001s] Level 1:colcon.colcon_core.package_identification:_identify(/home/gy/Omron_TM_ROS2/install) by extensions ['ignore', 'ignore_ament_install']
[5.001s] Level 1:colcon.colcon_core.package_identification:_identify(/home/gy/Omron_TM_ROS2/install) by extension 'ignore'
[5.001s] Level 1:colcon.colcon_core.package_identification:_identify(/home/gy/Omron_TM_ROS2/install) ignored
[5.002s] Level 1:colcon.colcon_core.package_identification:_identify(/home/gy/Omron_TM_ROS2/launch) by extensions ['ignore', 'ignore_ament_install']
[5.002s] Level 1:colcon.colcon_core.package_identification:_identify(/home/gy/Omron_TM_ROS2/launch) by extension 'ignore'
[5.002s] Level 1:colcon.colcon_core.package_identification:_identify(/home/gy/Omron_TM_ROS2/launch) by extension 'ignore_ament_install'
[5.002s] Level 1:colcon.colcon_core.package_identification:_identify(/home/gy/Omron_TM_ROS2/launch) by extensions ['colcon_pkg']
[5.002s] Level 1:colcon.colcon_core.package_identification:_identify(/home/gy/Omron_TM_ROS2/launch) by extension 'colcon_pkg'
[5.002s] Level 1:colcon.colcon_core.package_identification:_identify(/home/gy/Omron_TM_ROS2/launch) by extensions ['colcon_meta']
[5.002s] Level 1:colcon.colcon_core.package_identification:_identify(/home/gy/Omron_TM_ROS2/launch) by extension 'colcon_meta'
[5.002s] Level 1:colcon.colcon_core.package_identification:_identify(/home/gy/Omron_TM_ROS2/launch) by extensions ['ros']
[5.002s] Level 1:colcon.colcon_core.package_identification:_identify(/home/gy/Omron_TM_ROS2/launch) by extension 'ros'
[5.003s] Level 1:colcon.colcon_core.package_identification:_identify(/home/gy/Omron_TM_ROS2/launch) by extensions ['cmake', 'python']
[5.003s] Level 1:colcon.colcon_core.package_identification:_identify(/home/gy/Omron_TM_ROS2/launch) by extension 'cmake'
[5.003s] Level 1:colcon.colcon_core.package_identification:_identify(/home/gy/Omron_TM_ROS2/launch) by extension 'python'
[5.003s] Level 1:colcon.colcon_core.package_identification:_identify(/home/gy/Omron_TM_ROS2/launch) by extensions ['python_setup_py']
[5.003s] Level 1:colcon.colcon_core.package_identification:_identify(/home/gy/Omron_TM_ROS2/launch) by extension 'python_setup_py'
[5.003s] Level 1:colcon.colcon_core.package_identification:_identify(/home/gy/Omron_TM_ROS2/log) by extensions ['ignore', 'ignore_ament_install']
[5.003s] Level 1:colcon.colcon_core.package_identification:_identify(/home/gy/Omron_TM_ROS2/log) by extension 'ignore'
[5.003s] Level 1:colcon.colcon_core.package_identification:_identify(/home/gy/Omron_TM_ROS2/log) ignored
[5.004s] Level 1:colcon.colcon_core.package_identification:_identify(/home/gy/Omron_TM_ROS2/scripts) by extensions ['ignore', 'ignore_ament_install']
[5.004s] Level 1:colcon.colcon_core.package_identification:_identify(/home/gy/Omron_TM_ROS2/scripts) by extension 'ignore'
[5.004s] Level 1:colcon.colcon_core.package_identification:_identify(/home/gy/Omron_TM_ROS2/scripts) by extension 'ignore_ament_install'
[5.004s] Level 1:colcon.colcon_core.package_identification:_identify(/home/gy/Omron_TM_ROS2/scripts) by extensions ['colcon_pkg']
[5.004s] Level 1:colcon.colcon_core.package_identification:_identify(/home/gy/Omron_TM_ROS2/scripts) by extension 'colcon_pkg'
[5.004s] Level 1:colcon.colcon_core.package_identification:_identify(/home/gy/Omron_TM_ROS2/scripts) by extensions ['colcon_meta']
[5.004s] Level 1:colcon.colcon_core.package_identification:_identify(/home/gy/Omron_TM_ROS2/scripts) by extension 'colcon_meta'
[5.004s] Level 1:colcon.colcon_core.package_identification:_identify(/home/gy/Omron_TM_ROS2/scripts) by extensions ['ros']
[5.004s] Level 1:colcon.colcon_core.package_identification:_identify(/home/gy/Omron_TM_ROS2/scripts) by extension 'ros'
[5.004s] Level 1:colcon.colcon_core.package_identification:_identify(/home/gy/Omron_TM_ROS2/scripts) by extensions ['cmake', 'python']
[5.004s] Level 1:colcon.colcon_core.package_identification:_identify(/home/gy/Omron_TM_ROS2/scripts) by extension 'cmake'
[5.005s] Level 1:colcon.colcon_core.package_identification:_identify(/home/gy/Omron_TM_ROS2/scripts) by extension 'python'
[5.005s] Level 1:colcon.colcon_core.package_identification:_identify(/home/gy/Omron_TM_ROS2/scripts) by extensions ['python_setup_py']
[5.005s] Level 1:colcon.colcon_core.package_identification:_identify(/home/gy/Omron_TM_ROS2/scripts) by extension 'python_setup_py'
[5.005s] Level 1:colcon.colcon_core.package_identification:_identify(/home/gy/Omron_TM_ROS2/scripts/PickPlace) by extensions ['ignore', 'ignore_ament_install']
[5.005s] Level 1:colcon.colcon_core.package_identification:_identify(/home/gy/Omron_TM_ROS2/scripts/PickPlace) by extension 'ignore'
[5.005s] Level 1:colcon.colcon_core.package_identification:_identify(/home/gy/Omron_TM_ROS2/scripts/PickPlace) by extension 'ignore_ament_install'
[5.005s] Level 1:colcon.colcon_core.package_identification:_identify(/home/gy/Omron_TM_ROS2/scripts/PickPlace) by extensions ['colcon_pkg']
[5.005s] Level 1:colcon.colcon_core.package_identification:_identify(/home/gy/Omron_TM_ROS2/scripts/PickPlace) by extension 'colcon_pkg'
[5.006s] Level 1:colcon.colcon_core.package_identification:_identify(/home/gy/Omron_TM_ROS2/scripts/PickPlace) by extensions ['colcon_meta']
[5.006s] Level 1:colcon.colcon_core.package_identification:_identify(/home/gy/Omron_TM_ROS2/scripts/PickPlace) by extension 'colcon_meta'
[5.006s] Level 1:colcon.colcon_core.package_identification:_identify(/home/gy/Omron_TM_ROS2/scripts/PickPlace) by extensions ['ros']
[5.006s] Level 1:colcon.colcon_core.package_identification:_identify(/home/gy/Omron_TM_ROS2/scripts/PickPlace) by extension 'ros'
[5.006s] Level 1:colcon.colcon_core.package_identification:_identify(/home/gy/Omron_TM_ROS2/scripts/PickPlace) by extensions ['cmake', 'python']
[5.006s] Level 1:colcon.colcon_core.package_identification:_identify(/home/gy/Omron_TM_ROS2/scripts/PickPlace) by extension 'cmake'
[5.006s] Level 1:colcon.colcon_core.package_identification:_identify(/home/gy/Omron_TM_ROS2/scripts/PickPlace) by extension 'python'
[5.006s] Level 1:colcon.colcon_core.package_identification:_identify(/home/gy/Omron_TM_ROS2/scripts/PickPlace) by extensions ['python_setup_py']
[5.006s] Level 1:colcon.colcon_core.package_identification:_identify(/home/gy/Omron_TM_ROS2/scripts/PickPlace) by extension 'python_setup_py'
[5.006s] Level 1:colcon.colcon_core.package_identification:_identify(/home/gy/Omron_TM_ROS2/techman_robot_get_status) by extensions ['ignore', 'ignore_ament_install']
[5.007s] Level 1:colcon.colcon_core.package_identification:_identify(/home/gy/Omron_TM_ROS2/techman_robot_get_status) by extension 'ignore'
[5.007s] Level 1:colcon.colcon_core.package_identification:_identify(/home/gy/Omron_TM_ROS2/techman_robot_get_status) by extension 'ignore_ament_install'
[5.007s] Level 1:colcon.colcon_core.package_identification:_identify(/home/gy/Omron_TM_ROS2/techman_robot_get_status) by extensions ['colcon_pkg']
[5.007s] Level 1:colcon.colcon_core.package_identification:_identify(/home/gy/Omron_TM_ROS2/techman_robot_get_status) by extension 'colcon_pkg'
[5.007s] Level 1:colcon.colcon_core.package_identification:_identify(/home/gy/Omron_TM_ROS2/techman_robot_get_status) by extensions ['colcon_meta']
[5.007s] Level 1:colcon.colcon_core.package_identification:_identify(/home/gy/Omron_TM_ROS2/techman_robot_get_status) by extension 'colcon_meta'
[5.008s] Level 1:colcon.colcon_core.package_identification:_identify(/home/gy/Omron_TM_ROS2/techman_robot_get_status) by extensions ['ros']
[5.008s] Level 1:colcon.colcon_core.package_identification:_identify(/home/gy/Omron_TM_ROS2/techman_robot_get_status) by extension 'ros'
[5.009s] DEBUG:colcon.colcon_core.package_identification:Package '/home/gy/Omron_TM_ROS2/techman_robot_get_status' with type 'ros.ament_python' and name 'tm_get_status'
[5.010s] Level 1:colcon.colcon_core.package_identification:_identify(/home/gy/Omron_TM_ROS2/techman_robot_msgs) by extensions ['ignore', 'ignore_ament_install']
[5.010s] Level 1:colcon.colcon_core.package_identification:_identify(/home/gy/Omron_TM_ROS2/techman_robot_msgs) by extension 'ignore'
[5.010s] Level 1:colcon.colcon_core.package_identification:_identify(/home/gy/Omron_TM_ROS2/techman_robot_msgs) by extension 'ignore_ament_install'
[5.010s] Level 1:colcon.colcon_core.package_identification:_identify(/home/gy/Omron_TM_ROS2/techman_robot_msgs) by extensions ['colcon_pkg']
[5.010s] Level 1:colcon.colcon_core.package_identification:_identify(/home/gy/Omron_TM_ROS2/techman_robot_msgs) by extension 'colcon_pkg'
[5.010s] Level 1:colcon.colcon_core.package_identification:_identify(/home/gy/Omron_TM_ROS2/techman_robot_msgs) by extensions ['colcon_meta']
[5.010s] Level 1:colcon.colcon_core.package_identification:_identify(/home/gy/Omron_TM_ROS2/techman_robot_msgs) by extension 'colcon_meta'
[5.010s] Level 1:colcon.colcon_core.package_identification:_identify(/home/gy/Omron_TM_ROS2/techman_robot_msgs) by extensions ['ros']
[5.010s] Level 1:colcon.colcon_core.package_identification:_identify(/home/gy/Omron_TM_ROS2/techman_robot_msgs) by extension 'ros'
[5.012s] DEBUG:colcon.colcon_core.package_identification:Package '/home/gy/Omron_TM_ROS2/techman_robot_msgs' with type 'ros.ament_cmake' and name 'techman_robot_msgs'
[5.012s] Level 1:colcon.colcon_core.package_identification:_identify(/home/gy/Omron_TM_ROS2/tm_driver) by extensions ['ignore', 'ignore_ament_install']
[5.012s] Level 1:colcon.colcon_core.package_identification:_identify(/home/gy/Omron_TM_ROS2/tm_driver) by extension 'ignore'
[5.012s] Level 1:colcon.colcon_core.package_identification:_identify(/home/gy/Omron_TM_ROS2/tm_driver) by extension 'ignore_ament_install'
[5.012s] Level 1:colcon.colcon_core.package_identification:_identify(/home/gy/Omron_TM_ROS2/tm_driver) by extensions ['colcon_pkg']
[5.012s] Level 1:colcon.colcon_core.package_identification:_identify(/home/gy/Omron_TM_ROS2/tm_driver) by extension 'colcon_pkg'
[5.012s] Level 1:colcon.colcon_core.package_identification:_identify(/home/gy/Omron_TM_ROS2/tm_driver) by extensions ['colcon_meta']
[5.013s] Level 1:colcon.colcon_core.package_identification:_identify(/home/gy/Omron_TM_ROS2/tm_driver) by extension 'colcon_meta'
[5.013s] Level 1:colcon.colcon_core.package_identification:_identify(/home/gy/Omron_TM_ROS2/tm_driver) by extensions ['ros']
[5.013s] Level 1:colcon.colcon_core.package_identification:_identify(/home/gy/Omron_TM_ROS2/tm_driver) by extension 'ros'
[5.014s] DEBUG:colcon.colcon_core.package_identification:Package '/home/gy/Omron_TM_ROS2/tm_driver' with type 'ros.ament_cmake' and name 'tm_driver'
[5.014s] Level 1:colcon.colcon_core.package_identification:_identify(/home/gy/Omron_TM_ROS2/tm_msgs) by extensions ['ignore', 'ignore_ament_install']
[5.015s] Level 1:colcon.colcon_core.package_identification:_identify(/home/gy/Omron_TM_ROS2/tm_msgs) by extension 'ignore'
[5.015s] Level 1:colcon.colcon_core.package_identification:_identify(/home/gy/Omron_TM_ROS2/tm_msgs) by extension 'ignore_ament_install'
[5.015s] Level 1:colcon.colcon_core.package_identification:_identify(/home/gy/Omron_TM_ROS2/tm_msgs) by extensions ['colcon_pkg']
[5.015s] Level 1:colcon.colcon_core.package_identification:_identify(/home/gy/Omron_TM_ROS2/tm_msgs) by extension 'colcon_pkg'
[5.015s] Level 1:colcon.colcon_core.package_identification:_identify(/home/gy/Omron_TM_ROS2/tm_msgs) by extensions ['colcon_meta']
[5.015s] Level 1:colcon.colcon_core.package_identification:_identify(/home/gy/Omron_TM_ROS2/tm_msgs) by extension 'colcon_meta'
[5.015s] Level 1:colcon.colcon_core.package_identification:_identify(/home/gy/Omron_TM_ROS2/tm_msgs) by extensions ['ros']
[5.015s] Level 1:colcon.colcon_core.package_identification:_identify(/home/gy/Omron_TM_ROS2/tm_msgs) by extension 'ros'
[5.016s] DEBUG:colcon.colcon_core.package_identification:Package '/home/gy/Omron_TM_ROS2/tm_msgs' with type 'ros.ament_cmake' and name 'tm_msgs'
[5.017s] Level 1:colcon.colcon_core.package_identification:_identify(/home/gy/Omron_TM_ROS2/tmr_description) by extensions ['ignore', 'ignore_ament_install']
[5.017s] Level 1:colcon.colcon_core.package_identification:_identify(/home/gy/Omron_TM_ROS2/tmr_description) by extension 'ignore'
[5.017s] Level 1:colcon.colcon_core.package_identification:_identify(/home/gy/Omron_TM_ROS2/tmr_description) by extension 'ignore_ament_install'
[5.017s] Level 1:colcon.colcon_core.package_identification:_identify(/home/gy/Omron_TM_ROS2/tmr_description) by extensions ['colcon_pkg']
[5.017s] Level 1:colcon.colcon_core.package_identification:_identify(/home/gy/Omron_TM_ROS2/tmr_description) by extension 'colcon_pkg'
[5.017s] Level 1:colcon.colcon_core.package_identification:_identify(/home/gy/Omron_TM_ROS2/tmr_description) by extensions ['colcon_meta']
[5.017s] Level 1:colcon.colcon_core.package_identification:_identify(/home/gy/Omron_TM_ROS2/tmr_description) by extension 'colcon_meta'
[5.017s] Level 1:colcon.colcon_core.package_identification:_identify(/home/gy/Omron_TM_ROS2/tmr_description) by extensions ['ros']
[5.017s] Level 1:colcon.colcon_core.package_identification:_identify(/home/gy/Omron_TM_ROS2/tmr_description) by extension 'ros'
[5.018s] DEBUG:colcon.colcon_core.package_identification:Package '/home/gy/Omron_TM_ROS2/tmr_description' with type 'ros.ament_cmake' and name 'tmr_description'
[5.019s] Level 1:colcon.colcon_core.package_identification:_identify(/home/gy/Omron_TM_ROS2/tmr_driver) by extensions ['ignore', 'ignore_ament_install']
[5.019s] Level 1:colcon.colcon_core.package_identification:_identify(/home/gy/Omron_TM_ROS2/tmr_driver) by extension 'ignore'
[5.019s] Level 1:colcon.colcon_core.package_identification:_identify(/home/gy/Omron_TM_ROS2/tmr_driver) by extension 'ignore_ament_install'
[5.019s] Level 1:colcon.colcon_core.package_identification:_identify(/home/gy/Omron_TM_ROS2/tmr_driver) by extensions ['colcon_pkg']
[5.019s] Level 1:colcon.colcon_core.package_identification:_identify(/home/gy/Omron_TM_ROS2/tmr_driver) by extension 'colcon_pkg'
[5.019s] Level 1:colcon.colcon_core.package_identification:_identify(/home/gy/Omron_TM_ROS2/tmr_driver) by extensions ['colcon_meta']
[5.019s] Level 1:colcon.colcon_core.package_identification:_identify(/home/gy/Omron_TM_ROS2/tmr_driver) by extension 'colcon_meta'
[5.019s] Level 1:colcon.colcon_core.package_identification:_identify(/home/gy/Omron_TM_ROS2/tmr_driver) by extensions ['ros']
[5.019s] Level 1:colcon.colcon_core.package_identification:_identify(/home/gy/Omron_TM_ROS2/tmr_driver) by extension 'ros'
[5.021s] DEBUG:colcon.colcon_core.package_identification:Package '/home/gy/Omron_TM_ROS2/tmr_driver' with type 'ros.ament_cmake' and name 'tmr_driver'
[5.021s] Level 1:colcon.colcon_core.package_identification:_identify(/home/gy/Omron_TM_ROS2/tmr_mod_urdf) by extensions ['ignore', 'ignore_ament_install']
[5.021s] Level 1:colcon.colcon_core.package_identification:_identify(/home/gy/Omron_TM_ROS2/tmr_mod_urdf) by extension 'ignore'
[5.021s] Level 1:colcon.colcon_core.package_identification:_identify(/home/gy/Omron_TM_ROS2/tmr_mod_urdf) by extension 'ignore_ament_install'
[5.022s] Level 1:colcon.colcon_core.package_identification:_identify(/home/gy/Omron_TM_ROS2/tmr_mod_urdf) by extensions ['colcon_pkg']
[5.022s] Level 1:colcon.colcon_core.package_identification:_identify(/home/gy/Omron_TM_ROS2/tmr_mod_urdf) by extension 'colcon_pkg'
[5.022s] Level 1:colcon.colcon_core.package_identification:_identify(/home/gy/Omron_TM_ROS2/tmr_mod_urdf) by extensions ['colcon_meta']
[5.022s] Level 1:colcon.colcon_core.package_identification:_identify(/home/gy/Omron_TM_ROS2/tmr_mod_urdf) by extension 'colcon_meta'
[5.022s] Level 1:colcon.colcon_core.package_identification:_identify(/home/gy/Omron_TM_ROS2/tmr_mod_urdf) by extensions ['ros']
[5.022s] Level 1:colcon.colcon_core.package_identification:_identify(/home/gy/Omron_TM_ROS2/tmr_mod_urdf) by extension 'ros'
[5.023s] DEBUG:colcon.colcon_core.package_identification:Package '/home/gy/Omron_TM_ROS2/tmr_mod_urdf' with type 'ros.ament_python' and name 'tmr_mod_urdf'
[5.023s] Level 1:colcon.colcon_core.package_identification:_identify(/home/gy/Omron_TM_ROS2/tmr_moveit_config_tm5-900) by extensions ['ignore', 'ignore_ament_install']
[5.023s] Level 1:colcon.colcon_core.package_identification:_identify(/home/gy/Omron_TM_ROS2/tmr_moveit_config_tm5-900) by extension 'ignore'
[5.024s] Level 1:colcon.colcon_core.package_identification:_identify(/home/gy/Omron_TM_ROS2/tmr_moveit_config_tm5-900) by extension 'ignore_ament_install'
[5.024s] Level 1:colcon.colcon_core.package_identification:_identify(/home/gy/Omron_TM_ROS2/tmr_moveit_config_tm5-900) by extensions ['colcon_pkg']
[5.024s] Level 1:colcon.colcon_core.package_identification:_identify(/home/gy/Omron_TM_ROS2/tmr_moveit_config_tm5-900) by extension 'colcon_pkg'
[5.024s] Level 1:colcon.colcon_core.package_identification:_identify(/home/gy/Omron_TM_ROS2/tmr_moveit_config_tm5-900) by extensions ['colcon_meta']
[5.024s] Level 1:colcon.colcon_core.package_identification:_identify(/home/gy/Omron_TM_ROS2/tmr_moveit_config_tm5-900) by extension 'colcon_meta'
[5.024s] Level 1:colcon.colcon_core.package_identification:_identify(/home/gy/Omron_TM_ROS2/tmr_moveit_config_tm5-900) by extensions ['ros']
[5.024s] Level 1:colcon.colcon_core.package_identification:_identify(/home/gy/Omron_TM_ROS2/tmr_moveit_config_tm5-900) by extension 'ros'
[5.025s] DEBUG:colcon.colcon_core.package_identification:Package '/home/gy/Omron_TM_ROS2/tmr_moveit_config_tm5-900' with type 'ros.ament_cmake' and name 'tmr_moveit_config_tm5-900'
[5.026s] Level 1:colcon.colcon_core.package_identification:_identify(/home/gy/Omron_TM_ROS2/tmr_moveit_cpp_demo) by extensions ['ignore', 'ignore_ament_install']
[5.026s] Level 1:colcon.colcon_core.package_identification:_identify(/home/gy/Omron_TM_ROS2/tmr_moveit_cpp_demo) by extension 'ignore'
[5.026s] Level 1:colcon.colcon_core.package_identification:_identify(/home/gy/Omron_TM_ROS2/tmr_moveit_cpp_demo) by extension 'ignore_ament_install'
[5.026s] Level 1:colcon.colcon_core.package_identification:_identify(/home/gy/Omron_TM_ROS2/tmr_moveit_cpp_demo) by extensions ['colcon_pkg']
[5.026s] Level 1:colcon.colcon_core.package_identification:_identify(/home/gy/Omron_TM_ROS2/tmr_moveit_cpp_demo) by extension 'colcon_pkg'
[5.026s] Level 1:colcon.colcon_core.package_identification:_identify(/home/gy/Omron_TM_ROS2/tmr_moveit_cpp_demo) by extensions ['colcon_meta']
[5.026s] Level 1:colcon.colcon_core.package_identification:_identify(/home/gy/Omron_TM_ROS2/tmr_moveit_cpp_demo) by extension 'colcon_meta'
[5.027s] Level 1:colcon.colcon_core.package_identification:_identify(/home/gy/Omron_TM_ROS2/tmr_moveit_cpp_demo) by extensions ['ros']
[5.027s] Level 1:colcon.colcon_core.package_identification:_identify(/home/gy/Omron_TM_ROS2/tmr_moveit_cpp_demo) by extension 'ros'
[5.028s] DEBUG:colcon.colcon_core.package_identification:Package '/home/gy/Omron_TM_ROS2/tmr_moveit_cpp_demo' with type 'ros.ament_cmake' and name 'tmr_moveit_cpp_demo'
[5.029s] Level 1:colcon.colcon_core.package_identification:_identify(/home/gy/Omron_TM_ROS2/tmr_msgs) by extensions ['ignore', 'ignore_ament_install']
[5.030s] Level 1:colcon.colcon_core.package_identification:_identify(/home/gy/Omron_TM_ROS2/tmr_msgs) by extension 'ignore'
[5.030s] Level 1:colcon.colcon_core.package_identification:_identify(/home/gy/Omron_TM_ROS2/tmr_msgs) by extension 'ignore_ament_install'
[5.031s] Level 1:colcon.colcon_core.package_identification:_identify(/home/gy/Omron_TM_ROS2/tmr_msgs) by extensions ['colcon_pkg']
[5.031s] Level 1:colcon.colcon_core.package_identification:_identify(/home/gy/Omron_TM_ROS2/tmr_msgs) by extension 'colcon_pkg'
[5.031s] Level 1:colcon.colcon_core.package_identification:_identify(/home/gy/Omron_TM_ROS2/tmr_msgs) by extensions ['colcon_meta']
[5.031s] Level 1:colcon.colcon_core.package_identification:_identify(/home/gy/Omron_TM_ROS2/tmr_msgs) by extension 'colcon_meta'
[5.031s] Level 1:colcon.colcon_core.package_identification:_identify(/home/gy/Omron_TM_ROS2/tmr_msgs) by extensions ['ros']
[5.031s] Level 1:colcon.colcon_core.package_identification:_identify(/home/gy/Omron_TM_ROS2/tmr_msgs) by extension 'ros'
[5.033s] DEBUG:colcon.colcon_core.package_identification:Package '/home/gy/Omron_TM_ROS2/tmr_msgs' with type 'ros.ament_cmake' and name 'tmr_msgs'
[5.033s] Level 1:colcon.colcon_core.package_identification:_identify(/home/gy/Omron_TM_ROS2/tmrlib) by extensions ['ignore', 'ignore_ament_install']
[5.033s] Level 1:colcon.colcon_core.package_identification:_identify(/home/gy/Omron_TM_ROS2/tmrlib) by extension 'ignore'
[5.033s] Level 1:colcon.colcon_core.package_identification:_identify(/home/gy/Omron_TM_ROS2/tmrlib) by extension 'ignore_ament_install'
[5.033s] Level 1:colcon.colcon_core.package_identification:_identify(/home/gy/Omron_TM_ROS2/tmrlib) by extensions ['colcon_pkg']
[5.034s] Level 1:colcon.colcon_core.package_identification:_identify(/home/gy/Omron_TM_ROS2/tmrlib) by extension 'colcon_pkg'
[5.034s] Level 1:colcon.colcon_core.package_identification:_identify(/home/gy/Omron_TM_ROS2/tmrlib) by extensions ['colcon_meta']
[5.034s] Level 1:colcon.colcon_core.package_identification:_identify(/home/gy/Omron_TM_ROS2/tmrlib) by extension 'colcon_meta'
[5.034s] Level 1:colcon.colcon_core.package_identification:_identify(/home/gy/Omron_TM_ROS2/tmrlib) by extensions ['ros']
[5.034s] Level 1:colcon.colcon_core.package_identification:_identify(/home/gy/Omron_TM_ROS2/tmrlib) by extension 'ros'
[5.035s] DEBUG:colcon.colcon_core.package_identification:Package '/home/gy/Omron_TM_ROS2/tmrlib' with type 'ros.ament_cmake' and name 'tmrlib'
[5.035s] Level 1:colcon.colcon_core.package_identification:_identify(/home/gy/Omron_TM_ROS2/ui_for_debug_and_demo) by extensions ['ignore', 'ignore_ament_install']
[5.036s] Level 1:colcon.colcon_core.package_identification:_identify(/home/gy/Omron_TM_ROS2/ui_for_debug_and_demo) by extension 'ignore'
[5.036s] Level 1:colcon.colcon_core.package_identification:_identify(/home/gy/Omron_TM_ROS2/ui_for_debug_and_demo) by extension 'ignore_ament_install'
[5.036s] Level 1:colcon.colcon_core.package_identification:_identify(/home/gy/Omron_TM_ROS2/ui_for_debug_and_demo) by extensions ['colcon_pkg']
[5.036s] Level 1:colcon.colcon_core.package_identification:_identify(/home/gy/Omron_TM_ROS2/ui_for_debug_and_demo) by extension 'colcon_pkg'
[5.036s] Level 1:colcon.colcon_core.package_identification:_identify(/home/gy/Omron_TM_ROS2/ui_for_debug_and_demo) by extensions ['colcon_meta']
[5.036s] Level 1:colcon.colcon_core.package_identification:_identify(/home/gy/Omron_TM_ROS2/ui_for_debug_and_demo) by extension 'colcon_meta'
[5.036s] Level 1:colcon.colcon_core.package_identification:_identify(/home/gy/Omron_TM_ROS2/ui_for_debug_and_demo) by extensions ['ros']
[5.036s] Level 1:colcon.colcon_core.package_identification:_identify(/home/gy/Omron_TM_ROS2/ui_for_debug_and_demo) by extension 'ros'
[5.038s] DEBUG:colcon.colcon_core.package_identification:Package '/home/gy/Omron_TM_ROS2/ui_for_debug_and_demo' with type 'ros.ament_cmake' and name 'ui_for_debug_and_demo'
[5.038s] Level 1:colcon.colcon_core.package_discovery:discover_packages(recursive) using defaults
