[0.471s] DEBUG:colcon:Command line arguments: ['/usr/bin/colcon', 'list', '-p', '--base-paths', '/home/gy/Omron_TM_ROS2']
[0.472s] DEBUG:colcon:Parsed command line arguments: Namespace(base_paths=['/home/gy/Omron_TM_ROS2'], build_base='build', ignore_user_meta=False, log_base=None, log_level=None, main=<bound method ListVerb.main of <colcon_package_information.verb.list.ListVerb object at 0x7f0f98b53b20>>, metas=['./colcon.meta'], names_only=False, packages_above=None, packages_above_and_dependencies=None, packages_above_depth=None, packages_end=None, packages_ignore=None, packages_ignore_regex=None, packages_select=None, packages_select_build_failed=False, packages_select_by_dep=None, packages_select_regex=None, packages_select_test_failures=False, packages_skip=None, packages_skip_build_finished=False, packages_skip_by_dep=None, packages_skip_regex=None, packages_skip_test_passed=False, packages_skip_up_to=None, packages_start=None, packages_up_to=None, packages_up_to_regex=None, paths=None, paths_only=True, topological_graph=False, topological_graph_density=False, topological_graph_dot=False, topological_graph_dot_cluster=False, topological_graph_dot_include_skipped=False, topological_graph_legend=False, topological_order=False, verb_extension=<colcon_package_information.verb.list.ListVerb object at 0x7f0f98b53b20>, verb_name='list', verb_parser=<colcon_defaults.argument_parser.defaults.DefaultArgumentsDecorator object at 0x7f0f989f1a60>)
[1.089s] Level 1:colcon.colcon_core.package_discovery:discover_packages(colcon_meta) check parameters
[1.090s] Level 1:colcon.colcon_core.package_discovery:discover_packages(recursive) check parameters
[1.090s] Level 1:colcon.colcon_core.package_discovery:discover_packages(ignore) check parameters
[1.090s] Level 1:colcon.colcon_core.package_discovery:discover_packages(path) check parameters
[1.091s] Level 1:colcon.colcon_core.package_discovery:discover_packages(recursive) discover
[1.092s] INFO:colcon.colcon_core.package_discovery:Crawling recursively for packages in '/home/gy/Omron_TM_ROS2'
[1.092s] Level 1:colcon.colcon_core.package_identification:_identify(/home/gy/Omron_TM_ROS2) by extensions ['ignore', 'ignore_ament_install']
[1.093s] Level 1:colcon.colcon_core.package_identification:_identify(/home/gy/Omron_TM_ROS2) by extension 'ignore'
[1.094s] Level 1:colcon.colcon_core.package_identification:_identify(/home/gy/Omron_TM_ROS2) by extension 'ignore_ament_install'
[1.094s] Level 1:colcon.colcon_core.package_identification:_identify(/home/gy/Omron_TM_ROS2) by extensions ['colcon_pkg']
[1.095s] Level 1:colcon.colcon_core.package_identification:_identify(/home/gy/Omron_TM_ROS2) by extension 'colcon_pkg'
[1.096s] Level 1:colcon.colcon_core.package_identification:_identify(/home/gy/Omron_TM_ROS2) by extensions ['colcon_meta']
[1.097s] Level 1:colcon.colcon_core.package_identification:_identify(/home/gy/Omron_TM_ROS2) by extension 'colcon_meta'
[1.097s] Level 1:colcon.colcon_core.package_identification:_identify(/home/gy/Omron_TM_ROS2) by extensions ['ros']
[1.098s] Level 1:colcon.colcon_core.package_identification:_identify(/home/gy/Omron_TM_ROS2) by extension 'ros'
[1.123s] Level 1:colcon.colcon_core.package_identification:_identify(/home/gy/Omron_TM_ROS2) by extensions ['cmake', 'python']
[1.124s] Level 1:colcon.colcon_core.package_identification:_identify(/home/gy/Omron_TM_ROS2) by extension 'cmake'
[1.124s] Level 1:colcon.colcon_core.package_identification:_identify(/home/gy/Omron_TM_ROS2) by extension 'python'
[1.124s] Level 1:colcon.colcon_core.package_identification:_identify(/home/gy/Omron_TM_ROS2) by extensions ['python_setup_py']
[1.124s] Level 1:colcon.colcon_core.package_identification:_identify(/home/gy/Omron_TM_ROS2) by extension 'python_setup_py'
[1.125s] Level 1:colcon.colcon_core.package_identification:_identify(/home/gy/Omron_TM_ROS2/build) by extensions ['ignore', 'ignore_ament_install']
[1.125s] Level 1:colcon.colcon_core.package_identification:_identify(/home/gy/Omron_TM_ROS2/build) by extension 'ignore'
[1.126s] Level 1:colcon.colcon_core.package_identification:_identify(/home/gy/Omron_TM_ROS2/build) ignored
[1.126s] Level 1:colcon.colcon_core.package_identification:_identify(/home/gy/Omron_TM_ROS2/custom_package) by extensions ['ignore', 'ignore_ament_install']
[1.126s] Level 1:colcon.colcon_core.package_identification:_identify(/home/gy/Omron_TM_ROS2/custom_package) by extension 'ignore'
[1.127s] Level 1:colcon.colcon_core.package_identification:_identify(/home/gy/Omron_TM_ROS2/custom_package) by extension 'ignore_ament_install'
[1.128s] Level 1:colcon.colcon_core.package_identification:_identify(/home/gy/Omron_TM_ROS2/custom_package) by extensions ['colcon_pkg']
[1.128s] Level 1:colcon.colcon_core.package_identification:_identify(/home/gy/Omron_TM_ROS2/custom_package) by extension 'colcon_pkg'
[1.128s] Level 1:colcon.colcon_core.package_identification:_identify(/home/gy/Omron_TM_ROS2/custom_package) by extensions ['colcon_meta']
[1.129s] Level 1:colcon.colcon_core.package_identification:_identify(/home/gy/Omron_TM_ROS2/custom_package) by extension 'colcon_meta'
[1.129s] Level 1:colcon.colcon_core.package_identification:_identify(/home/gy/Omron_TM_ROS2/custom_package) by extensions ['ros']
[1.129s] Level 1:colcon.colcon_core.package_identification:_identify(/home/gy/Omron_TM_ROS2/custom_package) by extension 'ros'
[1.134s] DEBUG:colcon.colcon_core.package_identification:Package '/home/gy/Omron_TM_ROS2/custom_package' with type 'ros.ament_cmake' and name 'custom_package'
[1.134s] Level 1:colcon.colcon_core.package_identification:_identify(/home/gy/Omron_TM_ROS2/demo) by extensions ['ignore', 'ignore_ament_install']
[1.134s] Level 1:colcon.colcon_core.package_identification:_identify(/home/gy/Omron_TM_ROS2/demo) by extension 'ignore'
[1.134s] Level 1:colcon.colcon_core.package_identification:_identify(/home/gy/Omron_TM_ROS2/demo) by extension 'ignore_ament_install'
[1.135s] Level 1:colcon.colcon_core.package_identification:_identify(/home/gy/Omron_TM_ROS2/demo) by extensions ['colcon_pkg']
[1.135s] Level 1:colcon.colcon_core.package_identification:_identify(/home/gy/Omron_TM_ROS2/demo) by extension 'colcon_pkg'
[1.135s] Level 1:colcon.colcon_core.package_identification:_identify(/home/gy/Omron_TM_ROS2/demo) by extensions ['colcon_meta']
[1.135s] Level 1:colcon.colcon_core.package_identification:_identify(/home/gy/Omron_TM_ROS2/demo) by extension 'colcon_meta'
[1.135s] Level 1:colcon.colcon_core.package_identification:_identify(/home/gy/Omron_TM_ROS2/demo) by extensions ['ros']
[1.135s] Level 1:colcon.colcon_core.package_identification:_identify(/home/gy/Omron_TM_ROS2/demo) by extension 'ros'
[1.138s] DEBUG:colcon.colcon_core.package_identification:Package '/home/gy/Omron_TM_ROS2/demo' with type 'ros.ament_cmake' and name 'demo'
[1.139s] Level 1:colcon.colcon_core.package_identification:_identify(/home/gy/Omron_TM_ROS2/docs) by extensions ['ignore', 'ignore_ament_install']
[1.140s] Level 1:colcon.colcon_core.package_identification:_identify(/home/gy/Omron_TM_ROS2/docs) by extension 'ignore'
[1.140s] Level 1:colcon.colcon_core.package_identification:_identify(/home/gy/Omron_TM_ROS2/docs) by extension 'ignore_ament_install'
[1.140s] Level 1:colcon.colcon_core.package_identification:_identify(/home/gy/Omron_TM_ROS2/docs) by extensions ['colcon_pkg']
[1.140s] Level 1:colcon.colcon_core.package_identification:_identify(/home/gy/Omron_TM_ROS2/docs) by extension 'colcon_pkg'
[1.140s] Level 1:colcon.colcon_core.package_identification:_identify(/home/gy/Omron_TM_ROS2/docs) by extensions ['colcon_meta']
[1.140s] Level 1:colcon.colcon_core.package_identification:_identify(/home/gy/Omron_TM_ROS2/docs) by extension 'colcon_meta'
[1.140s] Level 1:colcon.colcon_core.package_identification:_identify(/home/gy/Omron_TM_ROS2/docs) by extensions ['ros']
[1.140s] Level 1:colcon.colcon_core.package_identification:_identify(/home/gy/Omron_TM_ROS2/docs) by extension 'ros'
[1.141s] Level 1:colcon.colcon_core.package_identification:_identify(/home/gy/Omron_TM_ROS2/docs) by extensions ['cmake', 'python']
[1.141s] Level 1:colcon.colcon_core.package_identification:_identify(/home/gy/Omron_TM_ROS2/docs) by extension 'cmake'
[1.141s] Level 1:colcon.colcon_core.package_identification:_identify(/home/gy/Omron_TM_ROS2/docs) by extension 'python'
[1.141s] Level 1:colcon.colcon_core.package_identification:_identify(/home/gy/Omron_TM_ROS2/docs) by extensions ['python_setup_py']
[1.141s] Level 1:colcon.colcon_core.package_identification:_identify(/home/gy/Omron_TM_ROS2/docs) by extension 'python_setup_py'
[1.141s] Level 1:colcon.colcon_core.package_identification:_identify(/home/gy/Omron_TM_ROS2/docs/images) by extensions ['ignore', 'ignore_ament_install']
[1.141s] Level 1:colcon.colcon_core.package_identification:_identify(/home/gy/Omron_TM_ROS2/docs/images) by extension 'ignore'
[1.141s] Level 1:colcon.colcon_core.package_identification:_identify(/home/gy/Omron_TM_ROS2/docs/images) by extension 'ignore_ament_install'
[1.142s] Level 1:colcon.colcon_core.package_identification:_identify(/home/gy/Omron_TM_ROS2/docs/images) by extensions ['colcon_pkg']
[1.142s] Level 1:colcon.colcon_core.package_identification:_identify(/home/gy/Omron_TM_ROS2/docs/images) by extension 'colcon_pkg'
[1.142s] Level 1:colcon.colcon_core.package_identification:_identify(/home/gy/Omron_TM_ROS2/docs/images) by extensions ['colcon_meta']
[1.142s] Level 1:colcon.colcon_core.package_identification:_identify(/home/gy/Omron_TM_ROS2/docs/images) by extension 'colcon_meta'
[1.142s] Level 1:colcon.colcon_core.package_identification:_identify(/home/gy/Omron_TM_ROS2/docs/images) by extensions ['ros']
[1.142s] Level 1:colcon.colcon_core.package_identification:_identify(/home/gy/Omron_TM_ROS2/docs/images) by extension 'ros'
[1.142s] Level 1:colcon.colcon_core.package_identification:_identify(/home/gy/Omron_TM_ROS2/docs/images) by extensions ['cmake', 'python']
[1.142s] Level 1:colcon.colcon_core.package_identification:_identify(/home/gy/Omron_TM_ROS2/docs/images) by extension 'cmake'
[1.142s] Level 1:colcon.colcon_core.package_identification:_identify(/home/gy/Omron_TM_ROS2/docs/images) by extension 'python'
[1.142s] Level 1:colcon.colcon_core.package_identification:_identify(/home/gy/Omron_TM_ROS2/docs/images) by extensions ['python_setup_py']
[1.142s] Level 1:colcon.colcon_core.package_identification:_identify(/home/gy/Omron_TM_ROS2/docs/images) by extension 'python_setup_py'
[1.143s] Level 1:colcon.colcon_core.package_identification:_identify(/home/gy/Omron_TM_ROS2/figures) by extensions ['ignore', 'ignore_ament_install']
[1.143s] Level 1:colcon.colcon_core.package_identification:_identify(/home/gy/Omron_TM_ROS2/figures) by extension 'ignore'
[1.144s] Level 1:colcon.colcon_core.package_identification:_identify(/home/gy/Omron_TM_ROS2/figures) by extension 'ignore_ament_install'
[1.144s] Level 1:colcon.colcon_core.package_identification:_identify(/home/gy/Omron_TM_ROS2/figures) by extensions ['colcon_pkg']
[1.144s] Level 1:colcon.colcon_core.package_identification:_identify(/home/gy/Omron_TM_ROS2/figures) by extension 'colcon_pkg'
[1.144s] Level 1:colcon.colcon_core.package_identification:_identify(/home/gy/Omron_TM_ROS2/figures) by extensions ['colcon_meta']
[1.144s] Level 1:colcon.colcon_core.package_identification:_identify(/home/gy/Omron_TM_ROS2/figures) by extension 'colcon_meta'
[1.144s] Level 1:colcon.colcon_core.package_identification:_identify(/home/gy/Omron_TM_ROS2/figures) by extensions ['ros']
[1.145s] Level 1:colcon.colcon_core.package_identification:_identify(/home/gy/Omron_TM_ROS2/figures) by extension 'ros'
[1.145s] Level 1:colcon.colcon_core.package_identification:_identify(/home/gy/Omron_TM_ROS2/figures) by extensions ['cmake', 'python']
[1.145s] Level 1:colcon.colcon_core.package_identification:_identify(/home/gy/Omron_TM_ROS2/figures) by extension 'cmake'
[1.145s] Level 1:colcon.colcon_core.package_identification:_identify(/home/gy/Omron_TM_ROS2/figures) by extension 'python'
[1.145s] Level 1:colcon.colcon_core.package_identification:_identify(/home/gy/Omron_TM_ROS2/figures) by extensions ['python_setup_py']
[1.145s] Level 1:colcon.colcon_core.package_identification:_identify(/home/gy/Omron_TM_ROS2/figures) by extension 'python_setup_py'
[1.146s] Level 1:colcon.colcon_core.package_identification:_identify(/home/gy/Omron_TM_ROS2/install) by extensions ['ignore', 'ignore_ament_install']
[1.146s] Level 1:colcon.colcon_core.package_identification:_identify(/home/gy/Omron_TM_ROS2/install) by extension 'ignore'
[1.146s] Level 1:colcon.colcon_core.package_identification:_identify(/home/gy/Omron_TM_ROS2/install) ignored
[1.146s] Level 1:colcon.colcon_core.package_identification:_identify(/home/gy/Omron_TM_ROS2/log) by extensions ['ignore', 'ignore_ament_install']
[1.147s] Level 1:colcon.colcon_core.package_identification:_identify(/home/gy/Omron_TM_ROS2/log) by extension 'ignore'
[1.147s] Level 1:colcon.colcon_core.package_identification:_identify(/home/gy/Omron_TM_ROS2/log) ignored
[1.147s] Level 1:colcon.colcon_core.package_identification:_identify(/home/gy/Omron_TM_ROS2/scripts) by extensions ['ignore', 'ignore_ament_install']
[1.147s] Level 1:colcon.colcon_core.package_identification:_identify(/home/gy/Omron_TM_ROS2/scripts) by extension 'ignore'
[1.147s] Level 1:colcon.colcon_core.package_identification:_identify(/home/gy/Omron_TM_ROS2/scripts) by extension 'ignore_ament_install'
[1.147s] Level 1:colcon.colcon_core.package_identification:_identify(/home/gy/Omron_TM_ROS2/scripts) by extensions ['colcon_pkg']
[1.147s] Level 1:colcon.colcon_core.package_identification:_identify(/home/gy/Omron_TM_ROS2/scripts) by extension 'colcon_pkg'
[1.147s] Level 1:colcon.colcon_core.package_identification:_identify(/home/gy/Omron_TM_ROS2/scripts) by extensions ['colcon_meta']
[1.147s] Level 1:colcon.colcon_core.package_identification:_identify(/home/gy/Omron_TM_ROS2/scripts) by extension 'colcon_meta'
[1.148s] Level 1:colcon.colcon_core.package_identification:_identify(/home/gy/Omron_TM_ROS2/scripts) by extensions ['ros']
[1.148s] Level 1:colcon.colcon_core.package_identification:_identify(/home/gy/Omron_TM_ROS2/scripts) by extension 'ros'
[1.148s] Level 1:colcon.colcon_core.package_identification:_identify(/home/gy/Omron_TM_ROS2/scripts) by extensions ['cmake', 'python']
[1.148s] Level 1:colcon.colcon_core.package_identification:_identify(/home/gy/Omron_TM_ROS2/scripts) by extension 'cmake'
[1.148s] Level 1:colcon.colcon_core.package_identification:_identify(/home/gy/Omron_TM_ROS2/scripts) by extension 'python'
[1.148s] Level 1:colcon.colcon_core.package_identification:_identify(/home/gy/Omron_TM_ROS2/scripts) by extensions ['python_setup_py']
[1.148s] Level 1:colcon.colcon_core.package_identification:_identify(/home/gy/Omron_TM_ROS2/scripts) by extension 'python_setup_py'
[1.148s] Level 1:colcon.colcon_core.package_identification:_identify(/home/gy/Omron_TM_ROS2/scripts/NewPPP) by extensions ['ignore', 'ignore_ament_install']
[1.148s] Level 1:colcon.colcon_core.package_identification:_identify(/home/gy/Omron_TM_ROS2/scripts/NewPPP) by extension 'ignore'
[1.149s] Level 1:colcon.colcon_core.package_identification:_identify(/home/gy/Omron_TM_ROS2/scripts/NewPPP) by extension 'ignore_ament_install'
[1.149s] Level 1:colcon.colcon_core.package_identification:_identify(/home/gy/Omron_TM_ROS2/scripts/NewPPP) by extensions ['colcon_pkg']
[1.149s] Level 1:colcon.colcon_core.package_identification:_identify(/home/gy/Omron_TM_ROS2/scripts/NewPPP) by extension 'colcon_pkg'
[1.149s] Level 1:colcon.colcon_core.package_identification:_identify(/home/gy/Omron_TM_ROS2/scripts/NewPPP) by extensions ['colcon_meta']
[1.149s] Level 1:colcon.colcon_core.package_identification:_identify(/home/gy/Omron_TM_ROS2/scripts/NewPPP) by extension 'colcon_meta'
[1.149s] Level 1:colcon.colcon_core.package_identification:_identify(/home/gy/Omron_TM_ROS2/scripts/NewPPP) by extensions ['ros']
[1.149s] Level 1:colcon.colcon_core.package_identification:_identify(/home/gy/Omron_TM_ROS2/scripts/NewPPP) by extension 'ros'
[1.149s] Level 1:colcon.colcon_core.package_identification:_identify(/home/gy/Omron_TM_ROS2/scripts/NewPPP) by extensions ['cmake', 'python']
[1.149s] Level 1:colcon.colcon_core.package_identification:_identify(/home/gy/Omron_TM_ROS2/scripts/NewPPP) by extension 'cmake'
[1.149s] Level 1:colcon.colcon_core.package_identification:_identify(/home/gy/Omron_TM_ROS2/scripts/NewPPP) by extension 'python'
[1.149s] Level 1:colcon.colcon_core.package_identification:_identify(/home/gy/Omron_TM_ROS2/scripts/NewPPP) by extensions ['python_setup_py']
[1.149s] Level 1:colcon.colcon_core.package_identification:_identify(/home/gy/Omron_TM_ROS2/scripts/NewPPP) by extension 'python_setup_py'
[1.150s] Level 1:colcon.colcon_core.package_identification:_identify(/home/gy/Omron_TM_ROS2/scripts/NewPPP/__pycache__) by extensions ['ignore', 'ignore_ament_install']
[1.150s] Level 1:colcon.colcon_core.package_identification:_identify(/home/gy/Omron_TM_ROS2/scripts/NewPPP/__pycache__) by extension 'ignore'
[1.150s] Level 1:colcon.colcon_core.package_identification:_identify(/home/gy/Omron_TM_ROS2/scripts/NewPPP/__pycache__) by extension 'ignore_ament_install'
[1.150s] Level 1:colcon.colcon_core.package_identification:_identify(/home/gy/Omron_TM_ROS2/scripts/NewPPP/__pycache__) by extensions ['colcon_pkg']
[1.150s] Level 1:colcon.colcon_core.package_identification:_identify(/home/gy/Omron_TM_ROS2/scripts/NewPPP/__pycache__) by extension 'colcon_pkg'
[1.150s] Level 1:colcon.colcon_core.package_identification:_identify(/home/gy/Omron_TM_ROS2/scripts/NewPPP/__pycache__) by extensions ['colcon_meta']
[1.150s] Level 1:colcon.colcon_core.package_identification:_identify(/home/gy/Omron_TM_ROS2/scripts/NewPPP/__pycache__) by extension 'colcon_meta'
[1.151s] Level 1:colcon.colcon_core.package_identification:_identify(/home/gy/Omron_TM_ROS2/scripts/NewPPP/__pycache__) by extensions ['ros']
[1.151s] Level 1:colcon.colcon_core.package_identification:_identify(/home/gy/Omron_TM_ROS2/scripts/NewPPP/__pycache__) by extension 'ros'
[1.151s] Level 1:colcon.colcon_core.package_identification:_identify(/home/gy/Omron_TM_ROS2/scripts/NewPPP/__pycache__) by extensions ['cmake', 'python']
[1.151s] Level 1:colcon.colcon_core.package_identification:_identify(/home/gy/Omron_TM_ROS2/scripts/NewPPP/__pycache__) by extension 'cmake'
[1.151s] Level 1:colcon.colcon_core.package_identification:_identify(/home/gy/Omron_TM_ROS2/scripts/NewPPP/__pycache__) by extension 'python'
[1.151s] Level 1:colcon.colcon_core.package_identification:_identify(/home/gy/Omron_TM_ROS2/scripts/NewPPP/__pycache__) by extensions ['python_setup_py']
[1.151s] Level 1:colcon.colcon_core.package_identification:_identify(/home/gy/Omron_TM_ROS2/scripts/NewPPP/__pycache__) by extension 'python_setup_py'
[1.152s] Level 1:colcon.colcon_core.package_identification:_identify(/home/gy/Omron_TM_ROS2/scripts/NewPPP/libraries) by extensions ['ignore', 'ignore_ament_install']
[1.152s] Level 1:colcon.colcon_core.package_identification:_identify(/home/gy/Omron_TM_ROS2/scripts/NewPPP/libraries) by extension 'ignore'
[1.152s] Level 1:colcon.colcon_core.package_identification:_identify(/home/gy/Omron_TM_ROS2/scripts/NewPPP/libraries) by extension 'ignore_ament_install'
[1.152s] Level 1:colcon.colcon_core.package_identification:_identify(/home/gy/Omron_TM_ROS2/scripts/NewPPP/libraries) by extensions ['colcon_pkg']
[1.152s] Level 1:colcon.colcon_core.package_identification:_identify(/home/gy/Omron_TM_ROS2/scripts/NewPPP/libraries) by extension 'colcon_pkg'
[1.152s] Level 1:colcon.colcon_core.package_identification:_identify(/home/gy/Omron_TM_ROS2/scripts/NewPPP/libraries) by extensions ['colcon_meta']
[1.152s] Level 1:colcon.colcon_core.package_identification:_identify(/home/gy/Omron_TM_ROS2/scripts/NewPPP/libraries) by extension 'colcon_meta'
[1.152s] Level 1:colcon.colcon_core.package_identification:_identify(/home/gy/Omron_TM_ROS2/scripts/NewPPP/libraries) by extensions ['ros']
[1.152s] Level 1:colcon.colcon_core.package_identification:_identify(/home/gy/Omron_TM_ROS2/scripts/NewPPP/libraries) by extension 'ros'
[1.152s] Level 1:colcon.colcon_core.package_identification:_identify(/home/gy/Omron_TM_ROS2/scripts/NewPPP/libraries) by extensions ['cmake', 'python']
[1.152s] Level 1:colcon.colcon_core.package_identification:_identify(/home/gy/Omron_TM_ROS2/scripts/NewPPP/libraries) by extension 'cmake'
[1.153s] Level 1:colcon.colcon_core.package_identification:_identify(/home/gy/Omron_TM_ROS2/scripts/NewPPP/libraries) by extension 'python'
[1.153s] Level 1:colcon.colcon_core.package_identification:_identify(/home/gy/Omron_TM_ROS2/scripts/NewPPP/libraries) by extensions ['python_setup_py']
[1.153s] Level 1:colcon.colcon_core.package_identification:_identify(/home/gy/Omron_TM_ROS2/scripts/NewPPP/libraries) by extension 'python_setup_py'
[1.153s] Level 1:colcon.colcon_core.package_identification:_identify(/home/gy/Omron_TM_ROS2/scripts/NewPPP/libraries/__pycache__) by extensions ['ignore', 'ignore_ament_install']
[1.153s] Level 1:colcon.colcon_core.package_identification:_identify(/home/gy/Omron_TM_ROS2/scripts/NewPPP/libraries/__pycache__) by extension 'ignore'
[1.153s] Level 1:colcon.colcon_core.package_identification:_identify(/home/gy/Omron_TM_ROS2/scripts/NewPPP/libraries/__pycache__) by extension 'ignore_ament_install'
[1.153s] Level 1:colcon.colcon_core.package_identification:_identify(/home/gy/Omron_TM_ROS2/scripts/NewPPP/libraries/__pycache__) by extensions ['colcon_pkg']
[1.153s] Level 1:colcon.colcon_core.package_identification:_identify(/home/gy/Omron_TM_ROS2/scripts/NewPPP/libraries/__pycache__) by extension 'colcon_pkg'
[1.153s] Level 1:colcon.colcon_core.package_identification:_identify(/home/gy/Omron_TM_ROS2/scripts/NewPPP/libraries/__pycache__) by extensions ['colcon_meta']
[1.154s] Level 1:colcon.colcon_core.package_identification:_identify(/home/gy/Omron_TM_ROS2/scripts/NewPPP/libraries/__pycache__) by extension 'colcon_meta'
[1.154s] Level 1:colcon.colcon_core.package_identification:_identify(/home/gy/Omron_TM_ROS2/scripts/NewPPP/libraries/__pycache__) by extensions ['ros']
[1.154s] Level 1:colcon.colcon_core.package_identification:_identify(/home/gy/Omron_TM_ROS2/scripts/NewPPP/libraries/__pycache__) by extension 'ros'
[1.154s] Level 1:colcon.colcon_core.package_identification:_identify(/home/gy/Omron_TM_ROS2/scripts/NewPPP/libraries/__pycache__) by extensions ['cmake', 'python']
[1.154s] Level 1:colcon.colcon_core.package_identification:_identify(/home/gy/Omron_TM_ROS2/scripts/NewPPP/libraries/__pycache__) by extension 'cmake'
[1.154s] Level 1:colcon.colcon_core.package_identification:_identify(/home/gy/Omron_TM_ROS2/scripts/NewPPP/libraries/__pycache__) by extension 'python'
[1.154s] Level 1:colcon.colcon_core.package_identification:_identify(/home/gy/Omron_TM_ROS2/scripts/NewPPP/libraries/__pycache__) by extensions ['python_setup_py']
[1.154s] Level 1:colcon.colcon_core.package_identification:_identify(/home/gy/Omron_TM_ROS2/scripts/NewPPP/libraries/__pycache__) by extension 'python_setup_py'
[1.154s] Level 1:colcon.colcon_core.package_identification:_identify(/home/gy/Omron_TM_ROS2/scripts/NotUsed) by extensions ['ignore', 'ignore_ament_install']
[1.155s] Level 1:colcon.colcon_core.package_identification:_identify(/home/gy/Omron_TM_ROS2/scripts/NotUsed) by extension 'ignore'
[1.155s] Level 1:colcon.colcon_core.package_identification:_identify(/home/gy/Omron_TM_ROS2/scripts/NotUsed) by extension 'ignore_ament_install'
[1.155s] Level 1:colcon.colcon_core.package_identification:_identify(/home/gy/Omron_TM_ROS2/scripts/NotUsed) by extensions ['colcon_pkg']
[1.155s] Level 1:colcon.colcon_core.package_identification:_identify(/home/gy/Omron_TM_ROS2/scripts/NotUsed) by extension 'colcon_pkg'
[1.155s] Level 1:colcon.colcon_core.package_identification:_identify(/home/gy/Omron_TM_ROS2/scripts/NotUsed) by extensions ['colcon_meta']
[1.155s] Level 1:colcon.colcon_core.package_identification:_identify(/home/gy/Omron_TM_ROS2/scripts/NotUsed) by extension 'colcon_meta'
[1.155s] Level 1:colcon.colcon_core.package_identification:_identify(/home/gy/Omron_TM_ROS2/scripts/NotUsed) by extensions ['ros']
[1.155s] Level 1:colcon.colcon_core.package_identification:_identify(/home/gy/Omron_TM_ROS2/scripts/NotUsed) by extension 'ros'
[1.155s] Level 1:colcon.colcon_core.package_identification:_identify(/home/gy/Omron_TM_ROS2/scripts/NotUsed) by extensions ['cmake', 'python']
[1.155s] Level 1:colcon.colcon_core.package_identification:_identify(/home/gy/Omron_TM_ROS2/scripts/NotUsed) by extension 'cmake'
[1.156s] Level 1:colcon.colcon_core.package_identification:_identify(/home/gy/Omron_TM_ROS2/scripts/NotUsed) by extension 'python'
[1.156s] Level 1:colcon.colcon_core.package_identification:_identify(/home/gy/Omron_TM_ROS2/scripts/NotUsed) by extensions ['python_setup_py']
[1.156s] Level 1:colcon.colcon_core.package_identification:_identify(/home/gy/Omron_TM_ROS2/scripts/NotUsed) by extension 'python_setup_py'
[1.156s] Level 1:colcon.colcon_core.package_identification:_identify(/home/gy/Omron_TM_ROS2/scripts/Vive) by extensions ['ignore', 'ignore_ament_install']
[1.156s] Level 1:colcon.colcon_core.package_identification:_identify(/home/gy/Omron_TM_ROS2/scripts/Vive) by extension 'ignore'
[1.156s] Level 1:colcon.colcon_core.package_identification:_identify(/home/gy/Omron_TM_ROS2/scripts/Vive) by extension 'ignore_ament_install'
[1.156s] Level 1:colcon.colcon_core.package_identification:_identify(/home/gy/Omron_TM_ROS2/scripts/Vive) by extensions ['colcon_pkg']
[1.156s] Level 1:colcon.colcon_core.package_identification:_identify(/home/gy/Omron_TM_ROS2/scripts/Vive) by extension 'colcon_pkg'
[1.156s] Level 1:colcon.colcon_core.package_identification:_identify(/home/gy/Omron_TM_ROS2/scripts/Vive) by extensions ['colcon_meta']
[1.156s] Level 1:colcon.colcon_core.package_identification:_identify(/home/gy/Omron_TM_ROS2/scripts/Vive) by extension 'colcon_meta'
[1.157s] Level 1:colcon.colcon_core.package_identification:_identify(/home/gy/Omron_TM_ROS2/scripts/Vive) by extensions ['ros']
[1.157s] Level 1:colcon.colcon_core.package_identification:_identify(/home/gy/Omron_TM_ROS2/scripts/Vive) by extension 'ros'
[1.157s] Level 1:colcon.colcon_core.package_identification:_identify(/home/gy/Omron_TM_ROS2/scripts/Vive) by extensions ['cmake', 'python']
[1.157s] Level 1:colcon.colcon_core.package_identification:_identify(/home/gy/Omron_TM_ROS2/scripts/Vive) by extension 'cmake'
[1.157s] Level 1:colcon.colcon_core.package_identification:_identify(/home/gy/Omron_TM_ROS2/scripts/Vive) by extension 'python'
[1.157s] Level 1:colcon.colcon_core.package_identification:_identify(/home/gy/Omron_TM_ROS2/scripts/Vive) by extensions ['python_setup_py']
[1.157s] Level 1:colcon.colcon_core.package_identification:_identify(/home/gy/Omron_TM_ROS2/scripts/Vive) by extension 'python_setup_py'
[1.157s] Level 1:colcon.colcon_core.package_identification:_identify(/home/gy/Omron_TM_ROS2/scripts/Vive/libraries) by extensions ['ignore', 'ignore_ament_install']
[1.157s] Level 1:colcon.colcon_core.package_identification:_identify(/home/gy/Omron_TM_ROS2/scripts/Vive/libraries) by extension 'ignore'
[1.158s] Level 1:colcon.colcon_core.package_identification:_identify(/home/gy/Omron_TM_ROS2/scripts/Vive/libraries) by extension 'ignore_ament_install'
[1.158s] Level 1:colcon.colcon_core.package_identification:_identify(/home/gy/Omron_TM_ROS2/scripts/Vive/libraries) by extensions ['colcon_pkg']
[1.158s] Level 1:colcon.colcon_core.package_identification:_identify(/home/gy/Omron_TM_ROS2/scripts/Vive/libraries) by extension 'colcon_pkg'
[1.158s] Level 1:colcon.colcon_core.package_identification:_identify(/home/gy/Omron_TM_ROS2/scripts/Vive/libraries) by extensions ['colcon_meta']
[1.158s] Level 1:colcon.colcon_core.package_identification:_identify(/home/gy/Omron_TM_ROS2/scripts/Vive/libraries) by extension 'colcon_meta'
[1.158s] Level 1:colcon.colcon_core.package_identification:_identify(/home/gy/Omron_TM_ROS2/scripts/Vive/libraries) by extensions ['ros']
[1.158s] Level 1:colcon.colcon_core.package_identification:_identify(/home/gy/Omron_TM_ROS2/scripts/Vive/libraries) by extension 'ros'
[1.158s] Level 1:colcon.colcon_core.package_identification:_identify(/home/gy/Omron_TM_ROS2/scripts/Vive/libraries) by extensions ['cmake', 'python']
[1.158s] Level 1:colcon.colcon_core.package_identification:_identify(/home/gy/Omron_TM_ROS2/scripts/Vive/libraries) by extension 'cmake'
[1.158s] Level 1:colcon.colcon_core.package_identification:_identify(/home/gy/Omron_TM_ROS2/scripts/Vive/libraries) by extension 'python'
[1.159s] Level 1:colcon.colcon_core.package_identification:_identify(/home/gy/Omron_TM_ROS2/scripts/Vive/libraries) by extensions ['python_setup_py']
[1.159s] Level 1:colcon.colcon_core.package_identification:_identify(/home/gy/Omron_TM_ROS2/scripts/Vive/libraries) by extension 'python_setup_py'
[1.159s] Level 1:colcon.colcon_core.package_identification:_identify(/home/gy/Omron_TM_ROS2/scripts/Vive/libraries/__pycache__) by extensions ['ignore', 'ignore_ament_install']
[1.159s] Level 1:colcon.colcon_core.package_identification:_identify(/home/gy/Omron_TM_ROS2/scripts/Vive/libraries/__pycache__) by extension 'ignore'
[1.159s] Level 1:colcon.colcon_core.package_identification:_identify(/home/gy/Omron_TM_ROS2/scripts/Vive/libraries/__pycache__) by extension 'ignore_ament_install'
[1.159s] Level 1:colcon.colcon_core.package_identification:_identify(/home/gy/Omron_TM_ROS2/scripts/Vive/libraries/__pycache__) by extensions ['colcon_pkg']
[1.159s] Level 1:colcon.colcon_core.package_identification:_identify(/home/gy/Omron_TM_ROS2/scripts/Vive/libraries/__pycache__) by extension 'colcon_pkg'
[1.160s] Level 1:colcon.colcon_core.package_identification:_identify(/home/gy/Omron_TM_ROS2/scripts/Vive/libraries/__pycache__) by extensions ['colcon_meta']
[1.160s] Level 1:colcon.colcon_core.package_identification:_identify(/home/gy/Omron_TM_ROS2/scripts/Vive/libraries/__pycache__) by extension 'colcon_meta'
[1.160s] Level 1:colcon.colcon_core.package_identification:_identify(/home/gy/Omron_TM_ROS2/scripts/Vive/libraries/__pycache__) by extensions ['ros']
[1.160s] Level 1:colcon.colcon_core.package_identification:_identify(/home/gy/Omron_TM_ROS2/scripts/Vive/libraries/__pycache__) by extension 'ros'
[1.160s] Level 1:colcon.colcon_core.package_identification:_identify(/home/gy/Omron_TM_ROS2/scripts/Vive/libraries/__pycache__) by extensions ['cmake', 'python']
[1.160s] Level 1:colcon.colcon_core.package_identification:_identify(/home/gy/Omron_TM_ROS2/scripts/Vive/libraries/__pycache__) by extension 'cmake'
[1.160s] Level 1:colcon.colcon_core.package_identification:_identify(/home/gy/Omron_TM_ROS2/scripts/Vive/libraries/__pycache__) by extension 'python'
[1.160s] Level 1:colcon.colcon_core.package_identification:_identify(/home/gy/Omron_TM_ROS2/scripts/Vive/libraries/__pycache__) by extensions ['python_setup_py']
[1.161s] Level 1:colcon.colcon_core.package_identification:_identify(/home/gy/Omron_TM_ROS2/scripts/Vive/libraries/__pycache__) by extension 'python_setup_py'
[1.161s] Level 1:colcon.colcon_core.package_identification:_identify(/home/gy/Omron_TM_ROS2/techman_robot_get_status) by extensions ['ignore', 'ignore_ament_install']
[1.161s] Level 1:colcon.colcon_core.package_identification:_identify(/home/gy/Omron_TM_ROS2/techman_robot_get_status) by extension 'ignore'
[1.161s] Level 1:colcon.colcon_core.package_identification:_identify(/home/gy/Omron_TM_ROS2/techman_robot_get_status) by extension 'ignore_ament_install'
[1.161s] Level 1:colcon.colcon_core.package_identification:_identify(/home/gy/Omron_TM_ROS2/techman_robot_get_status) by extensions ['colcon_pkg']
[1.161s] Level 1:colcon.colcon_core.package_identification:_identify(/home/gy/Omron_TM_ROS2/techman_robot_get_status) by extension 'colcon_pkg'
[1.161s] Level 1:colcon.colcon_core.package_identification:_identify(/home/gy/Omron_TM_ROS2/techman_robot_get_status) by extensions ['colcon_meta']
[1.161s] Level 1:colcon.colcon_core.package_identification:_identify(/home/gy/Omron_TM_ROS2/techman_robot_get_status) by extension 'colcon_meta'
[1.162s] Level 1:colcon.colcon_core.package_identification:_identify(/home/gy/Omron_TM_ROS2/techman_robot_get_status) by extensions ['ros']
[1.162s] Level 1:colcon.colcon_core.package_identification:_identify(/home/gy/Omron_TM_ROS2/techman_robot_get_status) by extension 'ros'
[1.164s] DEBUG:colcon.colcon_core.package_identification:Package '/home/gy/Omron_TM_ROS2/techman_robot_get_status' with type 'ros.ament_python' and name 'tm_get_status'
[1.164s] Level 1:colcon.colcon_core.package_identification:_identify(/home/gy/Omron_TM_ROS2/techman_robot_msgs) by extensions ['ignore', 'ignore_ament_install']
[1.164s] Level 1:colcon.colcon_core.package_identification:_identify(/home/gy/Omron_TM_ROS2/techman_robot_msgs) by extension 'ignore'
[1.164s] Level 1:colcon.colcon_core.package_identification:_identify(/home/gy/Omron_TM_ROS2/techman_robot_msgs) by extension 'ignore_ament_install'
[1.164s] Level 1:colcon.colcon_core.package_identification:_identify(/home/gy/Omron_TM_ROS2/techman_robot_msgs) by extensions ['colcon_pkg']
[1.164s] Level 1:colcon.colcon_core.package_identification:_identify(/home/gy/Omron_TM_ROS2/techman_robot_msgs) by extension 'colcon_pkg'
[1.164s] Level 1:colcon.colcon_core.package_identification:_identify(/home/gy/Omron_TM_ROS2/techman_robot_msgs) by extensions ['colcon_meta']
[1.164s] Level 1:colcon.colcon_core.package_identification:_identify(/home/gy/Omron_TM_ROS2/techman_robot_msgs) by extension 'colcon_meta'
[1.165s] Level 1:colcon.colcon_core.package_identification:_identify(/home/gy/Omron_TM_ROS2/techman_robot_msgs) by extensions ['ros']
[1.165s] Level 1:colcon.colcon_core.package_identification:_identify(/home/gy/Omron_TM_ROS2/techman_robot_msgs) by extension 'ros'
[1.165s] DEBUG:colcon.colcon_core.package_identification:Package '/home/gy/Omron_TM_ROS2/techman_robot_msgs' with type 'ros.ament_cmake' and name 'techman_robot_msgs'
[1.166s] Level 1:colcon.colcon_core.package_identification:_identify(/home/gy/Omron_TM_ROS2/tm_driver) by extensions ['ignore', 'ignore_ament_install']
[1.166s] Level 1:colcon.colcon_core.package_identification:_identify(/home/gy/Omron_TM_ROS2/tm_driver) by extension 'ignore'
[1.166s] Level 1:colcon.colcon_core.package_identification:_identify(/home/gy/Omron_TM_ROS2/tm_driver) by extension 'ignore_ament_install'
[1.166s] Level 1:colcon.colcon_core.package_identification:_identify(/home/gy/Omron_TM_ROS2/tm_driver) by extensions ['colcon_pkg']
[1.166s] Level 1:colcon.colcon_core.package_identification:_identify(/home/gy/Omron_TM_ROS2/tm_driver) by extension 'colcon_pkg'
[1.167s] Level 1:colcon.colcon_core.package_identification:_identify(/home/gy/Omron_TM_ROS2/tm_driver) by extensions ['colcon_meta']
[1.167s] Level 1:colcon.colcon_core.package_identification:_identify(/home/gy/Omron_TM_ROS2/tm_driver) by extension 'colcon_meta'
[1.167s] Level 1:colcon.colcon_core.package_identification:_identify(/home/gy/Omron_TM_ROS2/tm_driver) by extensions ['ros']
[1.167s] Level 1:colcon.colcon_core.package_identification:_identify(/home/gy/Omron_TM_ROS2/tm_driver) by extension 'ros'
[1.168s] DEBUG:colcon.colcon_core.package_identification:Package '/home/gy/Omron_TM_ROS2/tm_driver' with type 'ros.ament_cmake' and name 'tm_driver'
[1.168s] Level 1:colcon.colcon_core.package_identification:_identify(/home/gy/Omron_TM_ROS2/tm_msgs) by extensions ['ignore', 'ignore_ament_install']
[1.169s] Level 1:colcon.colcon_core.package_identification:_identify(/home/gy/Omron_TM_ROS2/tm_msgs) by extension 'ignore'
[1.169s] Level 1:colcon.colcon_core.package_identification:_identify(/home/gy/Omron_TM_ROS2/tm_msgs) by extension 'ignore_ament_install'
[1.169s] Level 1:colcon.colcon_core.package_identification:_identify(/home/gy/Omron_TM_ROS2/tm_msgs) by extensions ['colcon_pkg']
[1.169s] Level 1:colcon.colcon_core.package_identification:_identify(/home/gy/Omron_TM_ROS2/tm_msgs) by extension 'colcon_pkg'
[1.169s] Level 1:colcon.colcon_core.package_identification:_identify(/home/gy/Omron_TM_ROS2/tm_msgs) by extensions ['colcon_meta']
[1.169s] Level 1:colcon.colcon_core.package_identification:_identify(/home/gy/Omron_TM_ROS2/tm_msgs) by extension 'colcon_meta'
[1.169s] Level 1:colcon.colcon_core.package_identification:_identify(/home/gy/Omron_TM_ROS2/tm_msgs) by extensions ['ros']
[1.169s] Level 1:colcon.colcon_core.package_identification:_identify(/home/gy/Omron_TM_ROS2/tm_msgs) by extension 'ros'
[1.170s] DEBUG:colcon.colcon_core.package_identification:Package '/home/gy/Omron_TM_ROS2/tm_msgs' with type 'ros.ament_cmake' and name 'tm_msgs'
[1.171s] Level 1:colcon.colcon_core.package_identification:_identify(/home/gy/Omron_TM_ROS2/tmr_description) by extensions ['ignore', 'ignore_ament_install']
[1.171s] Level 1:colcon.colcon_core.package_identification:_identify(/home/gy/Omron_TM_ROS2/tmr_description) by extension 'ignore'
[1.171s] Level 1:colcon.colcon_core.package_identification:_identify(/home/gy/Omron_TM_ROS2/tmr_description) by extension 'ignore_ament_install'
[1.171s] Level 1:colcon.colcon_core.package_identification:_identify(/home/gy/Omron_TM_ROS2/tmr_description) by extensions ['colcon_pkg']
[1.171s] Level 1:colcon.colcon_core.package_identification:_identify(/home/gy/Omron_TM_ROS2/tmr_description) by extension 'colcon_pkg'
[1.171s] Level 1:colcon.colcon_core.package_identification:_identify(/home/gy/Omron_TM_ROS2/tmr_description) by extensions ['colcon_meta']
[1.171s] Level 1:colcon.colcon_core.package_identification:_identify(/home/gy/Omron_TM_ROS2/tmr_description) by extension 'colcon_meta'
[1.171s] Level 1:colcon.colcon_core.package_identification:_identify(/home/gy/Omron_TM_ROS2/tmr_description) by extensions ['ros']
[1.172s] Level 1:colcon.colcon_core.package_identification:_identify(/home/gy/Omron_TM_ROS2/tmr_description) by extension 'ros'
[1.173s] DEBUG:colcon.colcon_core.package_identification:Package '/home/gy/Omron_TM_ROS2/tmr_description' with type 'ros.ament_cmake' and name 'tmr_description'
[1.173s] Level 1:colcon.colcon_core.package_identification:_identify(/home/gy/Omron_TM_ROS2/tmr_driver) by extensions ['ignore', 'ignore_ament_install']
[1.173s] Level 1:colcon.colcon_core.package_identification:_identify(/home/gy/Omron_TM_ROS2/tmr_driver) by extension 'ignore'
[1.173s] Level 1:colcon.colcon_core.package_identification:_identify(/home/gy/Omron_TM_ROS2/tmr_driver) by extension 'ignore_ament_install'
[1.173s] Level 1:colcon.colcon_core.package_identification:_identify(/home/gy/Omron_TM_ROS2/tmr_driver) by extensions ['colcon_pkg']
[1.173s] Level 1:colcon.colcon_core.package_identification:_identify(/home/gy/Omron_TM_ROS2/tmr_driver) by extension 'colcon_pkg'
[1.173s] Level 1:colcon.colcon_core.package_identification:_identify(/home/gy/Omron_TM_ROS2/tmr_driver) by extensions ['colcon_meta']
[1.173s] Level 1:colcon.colcon_core.package_identification:_identify(/home/gy/Omron_TM_ROS2/tmr_driver) by extension 'colcon_meta'
[1.173s] Level 1:colcon.colcon_core.package_identification:_identify(/home/gy/Omron_TM_ROS2/tmr_driver) by extensions ['ros']
[1.173s] Level 1:colcon.colcon_core.package_identification:_identify(/home/gy/Omron_TM_ROS2/tmr_driver) by extension 'ros'
[1.175s] DEBUG:colcon.colcon_core.package_identification:Package '/home/gy/Omron_TM_ROS2/tmr_driver' with type 'ros.ament_cmake' and name 'tmr_driver'
[1.175s] Level 1:colcon.colcon_core.package_identification:_identify(/home/gy/Omron_TM_ROS2/tmr_mod_urdf) by extensions ['ignore', 'ignore_ament_install']
[1.175s] Level 1:colcon.colcon_core.package_identification:_identify(/home/gy/Omron_TM_ROS2/tmr_mod_urdf) by extension 'ignore'
[1.175s] Level 1:colcon.colcon_core.package_identification:_identify(/home/gy/Omron_TM_ROS2/tmr_mod_urdf) by extension 'ignore_ament_install'
[1.175s] Level 1:colcon.colcon_core.package_identification:_identify(/home/gy/Omron_TM_ROS2/tmr_mod_urdf) by extensions ['colcon_pkg']
[1.176s] Level 1:colcon.colcon_core.package_identification:_identify(/home/gy/Omron_TM_ROS2/tmr_mod_urdf) by extension 'colcon_pkg'
[1.176s] Level 1:colcon.colcon_core.package_identification:_identify(/home/gy/Omron_TM_ROS2/tmr_mod_urdf) by extensions ['colcon_meta']
[1.176s] Level 1:colcon.colcon_core.package_identification:_identify(/home/gy/Omron_TM_ROS2/tmr_mod_urdf) by extension 'colcon_meta'
[1.176s] Level 1:colcon.colcon_core.package_identification:_identify(/home/gy/Omron_TM_ROS2/tmr_mod_urdf) by extensions ['ros']
[1.176s] Level 1:colcon.colcon_core.package_identification:_identify(/home/gy/Omron_TM_ROS2/tmr_mod_urdf) by extension 'ros'
[1.177s] DEBUG:colcon.colcon_core.package_identification:Package '/home/gy/Omron_TM_ROS2/tmr_mod_urdf' with type 'ros.ament_python' and name 'tmr_mod_urdf'
[1.178s] Level 1:colcon.colcon_core.package_identification:_identify(/home/gy/Omron_TM_ROS2/tmr_moveit_config_tm5-900) by extensions ['ignore', 'ignore_ament_install']
[1.178s] Level 1:colcon.colcon_core.package_identification:_identify(/home/gy/Omron_TM_ROS2/tmr_moveit_config_tm5-900) by extension 'ignore'
[1.178s] Level 1:colcon.colcon_core.package_identification:_identify(/home/gy/Omron_TM_ROS2/tmr_moveit_config_tm5-900) by extension 'ignore_ament_install'
[1.178s] Level 1:colcon.colcon_core.package_identification:_identify(/home/gy/Omron_TM_ROS2/tmr_moveit_config_tm5-900) by extensions ['colcon_pkg']
[1.178s] Level 1:colcon.colcon_core.package_identification:_identify(/home/gy/Omron_TM_ROS2/tmr_moveit_config_tm5-900) by extension 'colcon_pkg'
[1.178s] Level 1:colcon.colcon_core.package_identification:_identify(/home/gy/Omron_TM_ROS2/tmr_moveit_config_tm5-900) by extensions ['colcon_meta']
[1.178s] Level 1:colcon.colcon_core.package_identification:_identify(/home/gy/Omron_TM_ROS2/tmr_moveit_config_tm5-900) by extension 'colcon_meta'
[1.178s] Level 1:colcon.colcon_core.package_identification:_identify(/home/gy/Omron_TM_ROS2/tmr_moveit_config_tm5-900) by extensions ['ros']
[1.179s] Level 1:colcon.colcon_core.package_identification:_identify(/home/gy/Omron_TM_ROS2/tmr_moveit_config_tm5-900) by extension 'ros'
[1.180s] DEBUG:colcon.colcon_core.package_identification:Package '/home/gy/Omron_TM_ROS2/tmr_moveit_config_tm5-900' with type 'ros.ament_cmake' and name 'tmr_moveit_config_tm5-900'
[1.181s] Level 1:colcon.colcon_core.package_identification:_identify(/home/gy/Omron_TM_ROS2/tmr_moveit_cpp_demo) by extensions ['ignore', 'ignore_ament_install']
[1.181s] Level 1:colcon.colcon_core.package_identification:_identify(/home/gy/Omron_TM_ROS2/tmr_moveit_cpp_demo) by extension 'ignore'
[1.181s] Level 1:colcon.colcon_core.package_identification:_identify(/home/gy/Omron_TM_ROS2/tmr_moveit_cpp_demo) by extension 'ignore_ament_install'
[1.181s] Level 1:colcon.colcon_core.package_identification:_identify(/home/gy/Omron_TM_ROS2/tmr_moveit_cpp_demo) by extensions ['colcon_pkg']
[1.181s] Level 1:colcon.colcon_core.package_identification:_identify(/home/gy/Omron_TM_ROS2/tmr_moveit_cpp_demo) by extension 'colcon_pkg'
[1.181s] Level 1:colcon.colcon_core.package_identification:_identify(/home/gy/Omron_TM_ROS2/tmr_moveit_cpp_demo) by extensions ['colcon_meta']
[1.181s] Level 1:colcon.colcon_core.package_identification:_identify(/home/gy/Omron_TM_ROS2/tmr_moveit_cpp_demo) by extension 'colcon_meta'
[1.181s] Level 1:colcon.colcon_core.package_identification:_identify(/home/gy/Omron_TM_ROS2/tmr_moveit_cpp_demo) by extensions ['ros']
[1.181s] Level 1:colcon.colcon_core.package_identification:_identify(/home/gy/Omron_TM_ROS2/tmr_moveit_cpp_demo) by extension 'ros'
[1.183s] DEBUG:colcon.colcon_core.package_identification:Package '/home/gy/Omron_TM_ROS2/tmr_moveit_cpp_demo' with type 'ros.ament_cmake' and name 'tmr_moveit_cpp_demo'
[1.183s] Level 1:colcon.colcon_core.package_identification:_identify(/home/gy/Omron_TM_ROS2/tmr_msgs) by extensions ['ignore', 'ignore_ament_install']
[1.183s] Level 1:colcon.colcon_core.package_identification:_identify(/home/gy/Omron_TM_ROS2/tmr_msgs) by extension 'ignore'
[1.183s] Level 1:colcon.colcon_core.package_identification:_identify(/home/gy/Omron_TM_ROS2/tmr_msgs) by extension 'ignore_ament_install'
[1.184s] Level 1:colcon.colcon_core.package_identification:_identify(/home/gy/Omron_TM_ROS2/tmr_msgs) by extensions ['colcon_pkg']
[1.184s] Level 1:colcon.colcon_core.package_identification:_identify(/home/gy/Omron_TM_ROS2/tmr_msgs) by extension 'colcon_pkg'
[1.184s] Level 1:colcon.colcon_core.package_identification:_identify(/home/gy/Omron_TM_ROS2/tmr_msgs) by extensions ['colcon_meta']
[1.184s] Level 1:colcon.colcon_core.package_identification:_identify(/home/gy/Omron_TM_ROS2/tmr_msgs) by extension 'colcon_meta'
[1.184s] Level 1:colcon.colcon_core.package_identification:_identify(/home/gy/Omron_TM_ROS2/tmr_msgs) by extensions ['ros']
[1.184s] Level 1:colcon.colcon_core.package_identification:_identify(/home/gy/Omron_TM_ROS2/tmr_msgs) by extension 'ros'
[1.185s] DEBUG:colcon.colcon_core.package_identification:Package '/home/gy/Omron_TM_ROS2/tmr_msgs' with type 'ros.ament_cmake' and name 'tmr_msgs'
[1.185s] Level 1:colcon.colcon_core.package_identification:_identify(/home/gy/Omron_TM_ROS2/tmrlib) by extensions ['ignore', 'ignore_ament_install']
[1.186s] Level 1:colcon.colcon_core.package_identification:_identify(/home/gy/Omron_TM_ROS2/tmrlib) by extension 'ignore'
[1.186s] Level 1:colcon.colcon_core.package_identification:_identify(/home/gy/Omron_TM_ROS2/tmrlib) by extension 'ignore_ament_install'
[1.186s] Level 1:colcon.colcon_core.package_identification:_identify(/home/gy/Omron_TM_ROS2/tmrlib) by extensions ['colcon_pkg']
[1.186s] Level 1:colcon.colcon_core.package_identification:_identify(/home/gy/Omron_TM_ROS2/tmrlib) by extension 'colcon_pkg'
[1.186s] Level 1:colcon.colcon_core.package_identification:_identify(/home/gy/Omron_TM_ROS2/tmrlib) by extensions ['colcon_meta']
[1.186s] Level 1:colcon.colcon_core.package_identification:_identify(/home/gy/Omron_TM_ROS2/tmrlib) by extension 'colcon_meta'
[1.186s] Level 1:colcon.colcon_core.package_identification:_identify(/home/gy/Omron_TM_ROS2/tmrlib) by extensions ['ros']
[1.186s] Level 1:colcon.colcon_core.package_identification:_identify(/home/gy/Omron_TM_ROS2/tmrlib) by extension 'ros'
[1.187s] DEBUG:colcon.colcon_core.package_identification:Package '/home/gy/Omron_TM_ROS2/tmrlib' with type 'ros.ament_cmake' and name 'tmrlib'
[1.187s] Level 1:colcon.colcon_core.package_identification:_identify(/home/gy/Omron_TM_ROS2/ui_for_debug_and_demo) by extensions ['ignore', 'ignore_ament_install']
[1.188s] Level 1:colcon.colcon_core.package_identification:_identify(/home/gy/Omron_TM_ROS2/ui_for_debug_and_demo) by extension 'ignore'
[1.188s] Level 1:colcon.colcon_core.package_identification:_identify(/home/gy/Omron_TM_ROS2/ui_for_debug_and_demo) by extension 'ignore_ament_install'
[1.188s] Level 1:colcon.colcon_core.package_identification:_identify(/home/gy/Omron_TM_ROS2/ui_for_debug_and_demo) by extensions ['colcon_pkg']
[1.188s] Level 1:colcon.colcon_core.package_identification:_identify(/home/gy/Omron_TM_ROS2/ui_for_debug_and_demo) by extension 'colcon_pkg'
[1.188s] Level 1:colcon.colcon_core.package_identification:_identify(/home/gy/Omron_TM_ROS2/ui_for_debug_and_demo) by extensions ['colcon_meta']
[1.188s] Level 1:colcon.colcon_core.package_identification:_identify(/home/gy/Omron_TM_ROS2/ui_for_debug_and_demo) by extension 'colcon_meta'
[1.188s] Level 1:colcon.colcon_core.package_identification:_identify(/home/gy/Omron_TM_ROS2/ui_for_debug_and_demo) by extensions ['ros']
[1.188s] Level 1:colcon.colcon_core.package_identification:_identify(/home/gy/Omron_TM_ROS2/ui_for_debug_and_demo) by extension 'ros'
[1.190s] DEBUG:colcon.colcon_core.package_identification:Package '/home/gy/Omron_TM_ROS2/ui_for_debug_and_demo' with type 'ros.ament_cmake' and name 'ui_for_debug_and_demo'
[1.190s] Level 1:colcon.colcon_core.package_discovery:discover_packages(recursive) using defaults
