[0.737s] Invoking command in '/home/gy/Omron_TM_ROS2/pickplace': PYTHONPATH=/home/gy/Omron_TM_ROS2/install/pickplace/lib/python3.8/site-packages:${PYTHONPATH} /usr/bin/python3 setup.py egg_info --egg-base ../build/pickplace build --build-base /home/gy/Omron_TM_ROS2/build/pickplace/build install --prefix /home/gy/Omron_TM_ROS2/install/pickplace --record /home/gy/Omron_TM_ROS2/build/pickplace/install.log --single-version-externally-managed
[1.283s] running egg_info
[1.284s] writing ../build/pickplace/pickplace.egg-info/PKG-INFO
[1.284s] writing dependency_links to ../build/pickplace/pickplace.egg-info/dependency_links.txt
[1.284s] writing entry points to ../build/pickplace/pickplace.egg-info/entry_points.txt
[1.286s] writing requirements to ../build/pickplace/pickplace.egg-info/requires.txt
[1.286s] writing top-level names to ../build/pickplace/pickplace.egg-info/top_level.txt
[1.372s] reading manifest file '../build/pickplace/pickplace.egg-info/SOURCES.txt'
[1.377s] writing manifest file '../build/pickplace/pickplace.egg-info/SOURCES.txt'
[1.377s] running build
[1.378s] running build_py
[1.382s] running install
[1.385s] running install_lib
[1.387s] running install_data
[1.388s] running install_egg_info
[1.395s] removing '/home/gy/Omron_TM_ROS2/install/pickplace/lib/python3.8/site-packages/pickplace-0.0.0-py3.8.egg-info' (and everything under it)
[1.395s] Copying ../build/pickplace/pickplace.egg-info to /home/gy/Omron_TM_ROS2/install/pickplace/lib/python3.8/site-packages/pickplace-0.0.0-py3.8.egg-info
[1.402s] running install_scripts
[1.442s] Installing pickplace script to /home/gy/Omron_TM_ROS2/install/pickplace/lib/pickplace
[1.443s] Installing teach_setup script to /home/gy/Omron_TM_ROS2/install/pickplace/lib/pickplace
[1.443s] writing list of installed files to '/home/gy/Omron_TM_ROS2/build/pickplace/install.log'
[1.502s] Invoked command in '/home/gy/Omron_TM_ROS2/pickplace' returned '0': PYTHONPATH=/home/gy/Omron_TM_ROS2/install/pickplace/lib/python3.8/site-packages:${PYTHONPATH} /usr/bin/python3 setup.py egg_info --egg-base ../build/pickplace build --build-base /home/gy/Omron_TM_ROS2/build/pickplace/build install --prefix /home/gy/Omron_TM_ROS2/install/pickplace --record /home/gy/Omron_TM_ROS2/build/pickplace/install.log --single-version-externally-managed
