[0.017s] Invoking command in '/home/gy/tmr_ros2/build/tmr_msgs': CMAKE_PREFIX_PATH=/opt/ros/foxy /usr/bin/cmake /home/gy/tmr_ros2/tmr_msgs -DCMAKE_INSTALL_PREFIX=/home/gy/tmr_ros2/install/tmr_msgs
[0.145s] -- The C compiler identification is GNU 9.3.0
[0.266s] -- The CXX compiler identification is GNU 9.3.0
[0.277s] -- Check for working C compiler: /usr/bin/cc
[0.396s] -- Check for working C compiler: /usr/bin/cc -- works
[0.397s] -- Detecting C compiler ABI info
[0.551s] -- Detecting C compiler ABI info - done
[0.609s] -- Detecting C compile features
[0.609s] -- Detecting C compile features - done
[0.626s] -- Check for working CXX compiler: /usr/bin/c++
[0.782s] -- Check for working CXX compiler: /usr/bin/c++ -- works
[0.784s] -- Detecting CXX compiler ABI info
[1.021s] -- Detecting CXX compiler ABI info - done
[1.060s] -- Detecting CXX compile features
[1.061s] -- Detecting CXX compile features - done
[1.064s] -- Found ament_cmake: 0.9.8 (/opt/ros/foxy/share/ament_cmake/cmake)
[1.113s] -- Found PythonInterp: /usr/bin/python3 (found suitable version "3.8.5", minimum required is "3") 
[1.117s] -- Using PYTHON_EXECUTABLE: /usr/bin/python3
[1.625s] -- Found std_msgs: 2.0.3 (/opt/ros/foxy/share/std_msgs/cmake)
[1.725s] -- Using all available rosidl_typesupport_c: rosidl_typesupport_fastrtps_c;rosidl_typesupport_introspection_c
[1.745s] -- Found rosidl_adapter: 1.2.0 (/opt/ros/foxy/share/rosidl_adapter/cmake)
[2.043s] -- Found OpenSSL: /usr/lib/x86_64-linux-gnu/libcrypto.so (found version "1.1.1f")  
[2.148s] -- Found FastRTPS: /opt/ros/foxy/include  
[2.351s] -- Using all available rosidl_typesupport_cpp: rosidl_typesupport_fastrtps_cpp;rosidl_typesupport_introspection_cpp
[2.464s] -- Found rosidl_default_generators: 1.0.0 (/opt/ros/foxy/share/rosidl_default_generators/cmake)
[2.530s] -- Found PythonInterp: /usr/bin/python3 (found version "3.8.5") 
[3.327s] -- Found ament_cmake_ros: 0.9.1 (/opt/ros/foxy/share/ament_cmake_ros/cmake)
[3.861s] -- Using all available rosidl_typesupport_c: rosidl_typesupport_fastrtps_c;rosidl_typesupport_introspection_c
[4.161s] -- Using all available rosidl_typesupport_cpp: rosidl_typesupport_fastrtps_cpp;rosidl_typesupport_introspection_cpp
[4.203s] -- Found PythonInterp: /usr/bin/python3 (found suitable version "3.8.5", minimum required is "3.5") 
[4.205s] -- Found python_cmake_module: 0.8.0 (/opt/ros/foxy/share/python_cmake_module/cmake)
[4.255s] -- Found PythonLibs: /usr/lib/x86_64-linux-gnu/libpython3.8.so (found suitable version "3.8.5", minimum required is "3.5") 
[4.255s] -- Using PYTHON_EXECUTABLE: /usr/bin/python3
[4.256s] -- Using PYTHON_INCLUDE_DIRS: /usr/include/python3.8
[4.256s] -- Using PYTHON_LIBRARIES: /usr/lib/x86_64-linux-gnu/libpython3.8.so
[4.325s] -- Found PythonExtra: .so  
[4.685s] -- Configuring done
[5.183s] -- Generating done
[5.205s] -- Build files have been written to: /home/gy/tmr_ros2/build/tmr_msgs
[5.232s] Invoked command in '/home/gy/tmr_ros2/build/tmr_msgs' returned '0': CMAKE_PREFIX_PATH=/opt/ros/foxy /usr/bin/cmake /home/gy/tmr_ros2/tmr_msgs -DCMAKE_INSTALL_PREFIX=/home/gy/tmr_ros2/install/tmr_msgs
[5.242s] Invoking command in '/home/gy/tmr_ros2/build/tmr_msgs': CMAKE_PREFIX_PATH=/opt/ros/foxy /usr/bin/cmake --build /home/gy/tmr_ros2/build/tmr_msgs -- -j3 -l3
[5.508s] [  1%] [34m[1mGenerating C code for ROS interfaces[0m
[5.508s] [35m[1mScanning dependencies of target tmr_msgs__cpp[0m
[5.552s] [  1%] [34m[1mGenerating C++ code for ROS interfaces[0m
[16.608s] [35m[1mScanning dependencies of target tmr_msgs__rosidl_generator_c[0m
[16.661s] [  1%] Built target tmr_msgs__cpp
[16.723s] [  1%] [34m[1mGenerating C++ type support for eProsima Fast-RTPS[0m
[16.741s] [  2%] [34m[1mGenerating C++ introspection for ROS interfaces[0m
[16.853s] [  3%] [32mBuilding C object CMakeFiles/tmr_msgs__rosidl_generator_c.dir/rosidl_generator_c/tmr_msgs/msg/detail/feedback_state__functions.c.o[0m
[17.133s] [  4%] [32mBuilding C object CMakeFiles/tmr_msgs__rosidl_generator_c.dir/rosidl_generator_c/tmr_msgs/msg/detail/svr_response__functions.c.o[0m
[17.409s] [  4%] [32mBuilding C object CMakeFiles/tmr_msgs__rosidl_generator_c.dir/rosidl_generator_c/tmr_msgs/msg/detail/sct_response__functions.c.o[0m
[17.656s] [  5%] [32mBuilding C object CMakeFiles/tmr_msgs__rosidl_generator_c.dir/rosidl_generator_c/tmr_msgs/msg/detail/sta_response__functions.c.o[0m
[17.961s] [  6%] [32mBuilding C object CMakeFiles/tmr_msgs__rosidl_generator_c.dir/rosidl_generator_c/tmr_msgs/srv/detail/connect_tm__functions.c.o[0m
[18.315s] [  7%] [32mBuilding C object CMakeFiles/tmr_msgs__rosidl_generator_c.dir/rosidl_generator_c/tmr_msgs/srv/detail/write_item__functions.c.o[0m
[18.656s] [  8%] [32mBuilding C object CMakeFiles/tmr_msgs__rosidl_generator_c.dir/rosidl_generator_c/tmr_msgs/srv/detail/ask_item__functions.c.o[0m
[18.977s] [  9%] [32mBuilding C object CMakeFiles/tmr_msgs__rosidl_generator_c.dir/rosidl_generator_c/tmr_msgs/srv/detail/send_script__functions.c.o[0m
[19.247s] [ 10%] [32mBuilding C object CMakeFiles/tmr_msgs__rosidl_generator_c.dir/rosidl_generator_c/tmr_msgs/srv/detail/set_event__functions.c.o[0m
[19.563s] [ 10%] [32mBuilding C object CMakeFiles/tmr_msgs__rosidl_generator_c.dir/rosidl_generator_c/tmr_msgs/srv/detail/set_io__functions.c.o[0m
[19.837s] [ 11%] [32mBuilding C object CMakeFiles/tmr_msgs__rosidl_generator_c.dir/rosidl_generator_c/tmr_msgs/srv/detail/set_positions__functions.c.o[0m
[20.119s] [ 12%] [32mBuilding C object CMakeFiles/tmr_msgs__rosidl_generator_c.dir/rosidl_generator_c/tmr_msgs/srv/detail/ask_sta__functions.c.o[0m
[20.468s] [ 13%] [32m[1mLinking C shared library libtmr_msgs__rosidl_generator_c.so[0m
[20.779s] [ 13%] Built target tmr_msgs__rosidl_generator_c
[20.866s] [ 14%] [34m[1mGenerating C++ type support dispatch for ROS interfaces[0m
[27.208s] [35m[1mScanning dependencies of target tmr_msgs__rosidl_typesupport_introspection_cpp[0m
[27.409s] [ 14%] [32mBuilding CXX object CMakeFiles/tmr_msgs__rosidl_typesupport_introspection_cpp.dir/rosidl_typesupport_introspection_cpp/tmr_msgs/msg/detail/feedback_state__type_support.cpp.o[0m
[27.709s] [35m[1mScanning dependencies of target tmr_msgs__rosidl_typesupport_fastrtps_cpp[0m
[27.929s] [ 15%] [32mBuilding CXX object CMakeFiles/tmr_msgs__rosidl_typesupport_fastrtps_cpp.dir/rosidl_typesupport_fastrtps_cpp/tmr_msgs/msg/detail/dds_fastrtps/feedback_state__type_support.cpp.o[0m
[29.614s] [35m[1mScanning dependencies of target tmr_msgs__rosidl_typesupport_cpp[0m
[29.721s] [ 16%] [32mBuilding CXX object CMakeFiles/tmr_msgs__rosidl_typesupport_cpp.dir/rosidl_typesupport_cpp/tmr_msgs/msg/feedback_state__type_support.cpp.o[0m
[30.437s] [ 17%] [32mBuilding CXX object CMakeFiles/tmr_msgs__rosidl_typesupport_introspection_cpp.dir/rosidl_typesupport_introspection_cpp/tmr_msgs/msg/detail/svr_response__type_support.cpp.o[0m
[31.371s] [ 18%] [32mBuilding CXX object CMakeFiles/tmr_msgs__rosidl_typesupport_cpp.dir/rosidl_typesupport_cpp/tmr_msgs/msg/svr_response__type_support.cpp.o[0m
[31.623s] [ 19%] [32mBuilding CXX object CMakeFiles/tmr_msgs__rosidl_typesupport_fastrtps_cpp.dir/rosidl_typesupport_fastrtps_cpp/tmr_msgs/msg/detail/dds_fastrtps/svr_response__type_support.cpp.o[0m
[32.209s] [ 20%] [32mBuilding CXX object CMakeFiles/tmr_msgs__rosidl_typesupport_introspection_cpp.dir/rosidl_typesupport_introspection_cpp/tmr_msgs/msg/detail/sct_response__type_support.cpp.o[0m
[33.156s] [ 21%] [32mBuilding CXX object CMakeFiles/tmr_msgs__rosidl_typesupport_cpp.dir/rosidl_typesupport_cpp/tmr_msgs/msg/sct_response__type_support.cpp.o[0m
[33.810s] [ 22%] [32mBuilding CXX object CMakeFiles/tmr_msgs__rosidl_typesupport_fastrtps_cpp.dir/rosidl_typesupport_fastrtps_cpp/tmr_msgs/msg/detail/dds_fastrtps/sct_response__type_support.cpp.o[0m
[34.067s] [ 23%] [32mBuilding CXX object CMakeFiles/tmr_msgs__rosidl_typesupport_introspection_cpp.dir/rosidl_typesupport_introspection_cpp/tmr_msgs/msg/detail/sta_response__type_support.cpp.o[0m
[34.737s] [ 24%] [32mBuilding CXX object CMakeFiles/tmr_msgs__rosidl_typesupport_cpp.dir/rosidl_typesupport_cpp/tmr_msgs/msg/sta_response__type_support.cpp.o[0m
[35.690s] [ 25%] [32mBuilding CXX object CMakeFiles/tmr_msgs__rosidl_typesupport_introspection_cpp.dir/rosidl_typesupport_introspection_cpp/tmr_msgs/srv/detail/connect_tm__type_support.cpp.o[0m
[36.609s] [ 25%] [32mBuilding CXX object CMakeFiles/tmr_msgs__rosidl_typesupport_cpp.dir/rosidl_typesupport_cpp/tmr_msgs/srv/connect_tm__type_support.cpp.o[0m
[36.621s] [ 26%] [32mBuilding CXX object CMakeFiles/tmr_msgs__rosidl_typesupport_fastrtps_cpp.dir/rosidl_typesupport_fastrtps_cpp/tmr_msgs/msg/detail/dds_fastrtps/sta_response__type_support.cpp.o[0m
[37.246s] [ 27%] [32mBuilding CXX object CMakeFiles/tmr_msgs__rosidl_typesupport_introspection_cpp.dir/rosidl_typesupport_introspection_cpp/tmr_msgs/srv/detail/write_item__type_support.cpp.o[0m
[38.059s] [ 28%] [32mBuilding CXX object CMakeFiles/tmr_msgs__rosidl_typesupport_cpp.dir/rosidl_typesupport_cpp/tmr_msgs/srv/write_item__type_support.cpp.o[0m
[38.931s] [ 28%] [32mBuilding CXX object CMakeFiles/tmr_msgs__rosidl_typesupport_introspection_cpp.dir/rosidl_typesupport_introspection_cpp/tmr_msgs/srv/detail/ask_item__type_support.cpp.o[0m
[39.197s] [ 29%] [32mBuilding CXX object CMakeFiles/tmr_msgs__rosidl_typesupport_fastrtps_cpp.dir/rosidl_typesupport_fastrtps_cpp/tmr_msgs/srv/detail/dds_fastrtps/connect_tm__type_support.cpp.o[0m
[39.340s] [ 30%] [32mBuilding CXX object CMakeFiles/tmr_msgs__rosidl_typesupport_cpp.dir/rosidl_typesupport_cpp/tmr_msgs/srv/ask_item__type_support.cpp.o[0m
[40.452s] [ 31%] [32mBuilding CXX object CMakeFiles/tmr_msgs__rosidl_typesupport_introspection_cpp.dir/rosidl_typesupport_introspection_cpp/tmr_msgs/srv/detail/send_script__type_support.cpp.o[0m
[41.172s] [ 32%] [32mBuilding CXX object CMakeFiles/tmr_msgs__rosidl_typesupport_cpp.dir/rosidl_typesupport_cpp/tmr_msgs/srv/send_script__type_support.cpp.o[0m
[41.496s] [ 33%] [32mBuilding CXX object CMakeFiles/tmr_msgs__rosidl_typesupport_introspection_cpp.dir/rosidl_typesupport_introspection_cpp/tmr_msgs/srv/detail/set_event__type_support.cpp.o[0m
[42.180s] [ 33%] [32mBuilding CXX object CMakeFiles/tmr_msgs__rosidl_typesupport_fastrtps_cpp.dir/rosidl_typesupport_fastrtps_cpp/tmr_msgs/srv/detail/dds_fastrtps/write_item__type_support.cpp.o[0m
[43.430s] [ 34%] [32mBuilding CXX object CMakeFiles/tmr_msgs__rosidl_typesupport_cpp.dir/rosidl_typesupport_cpp/tmr_msgs/srv/set_event__type_support.cpp.o[0m
[43.947s] [ 35%] [32mBuilding CXX object CMakeFiles/tmr_msgs__rosidl_typesupport_introspection_cpp.dir/rosidl_typesupport_introspection_cpp/tmr_msgs/srv/detail/set_io__type_support.cpp.o[0m
[44.782s] [ 36%] [32mBuilding CXX object CMakeFiles/tmr_msgs__rosidl_typesupport_cpp.dir/rosidl_typesupport_cpp/tmr_msgs/srv/set_io__type_support.cpp.o[0m
[44.960s] [ 37%] [32mBuilding CXX object CMakeFiles/tmr_msgs__rosidl_typesupport_fastrtps_cpp.dir/rosidl_typesupport_fastrtps_cpp/tmr_msgs/srv/detail/dds_fastrtps/ask_item__type_support.cpp.o[0m
[45.603s] [ 38%] [32mBuilding CXX object CMakeFiles/tmr_msgs__rosidl_typesupport_introspection_cpp.dir/rosidl_typesupport_introspection_cpp/tmr_msgs/srv/detail/set_positions__type_support.cpp.o[0m
[46.590s] [ 38%] [32mBuilding CXX object CMakeFiles/tmr_msgs__rosidl_typesupport_cpp.dir/rosidl_typesupport_cpp/tmr_msgs/srv/set_positions__type_support.cpp.o[0m
[47.324s] [ 39%] [32mBuilding CXX object CMakeFiles/tmr_msgs__rosidl_typesupport_fastrtps_cpp.dir/rosidl_typesupport_fastrtps_cpp/tmr_msgs/srv/detail/dds_fastrtps/send_script__type_support.cpp.o[0m
[47.818s] [ 40%] [32mBuilding CXX object CMakeFiles/tmr_msgs__rosidl_typesupport_introspection_cpp.dir/rosidl_typesupport_introspection_cpp/tmr_msgs/srv/detail/ask_sta__type_support.cpp.o[0m
[48.203s] [ 41%] [32mBuilding CXX object CMakeFiles/tmr_msgs__rosidl_typesupport_cpp.dir/rosidl_typesupport_cpp/tmr_msgs/srv/ask_sta__type_support.cpp.o[0m
[49.781s] [ 42%] [32m[1mLinking CXX shared library libtmr_msgs__rosidl_typesupport_introspection_cpp.so[0m
[49.848s] [ 43%] [32m[1mLinking CXX shared library libtmr_msgs__rosidl_typesupport_cpp.so[0m
[50.098s] [ 43%] Built target tmr_msgs__rosidl_typesupport_cpp
[50.193s] [ 44%] [32mBuilding CXX object CMakeFiles/tmr_msgs__rosidl_typesupport_fastrtps_cpp.dir/rosidl_typesupport_fastrtps_cpp/tmr_msgs/srv/detail/dds_fastrtps/set_event__type_support.cpp.o[0m
[50.300s] [ 44%] Built target tmr_msgs__rosidl_typesupport_introspection_cpp
[51.534s] [ 45%] [32mBuilding CXX object CMakeFiles/tmr_msgs__rosidl_typesupport_fastrtps_cpp.dir/rosidl_typesupport_fastrtps_cpp/tmr_msgs/srv/detail/dds_fastrtps/set_io__type_support.cpp.o[0m
[52.544s] [ 46%] [32mBuilding CXX object CMakeFiles/tmr_msgs__rosidl_typesupport_fastrtps_cpp.dir/rosidl_typesupport_fastrtps_cpp/tmr_msgs/srv/detail/dds_fastrtps/set_positions__type_support.cpp.o[0m
[53.544s] [ 46%] [32mBuilding CXX object CMakeFiles/tmr_msgs__rosidl_typesupport_fastrtps_cpp.dir/rosidl_typesupport_fastrtps_cpp/tmr_msgs/srv/detail/dds_fastrtps/ask_sta__type_support.cpp.o[0m
[54.855s] [ 47%] [32m[1mLinking CXX shared library libtmr_msgs__rosidl_typesupport_fastrtps_cpp.so[0m
[55.163s] [ 47%] Built target tmr_msgs__rosidl_typesupport_fastrtps_cpp
[55.209s] [ 48%] [34m[1mGenerating C type support dispatch for ROS interfaces[0m
[58.062s] [35m[1mScanning dependencies of target tmr_msgs__rosidl_typesupport_c[0m
[58.116s] [ 49%] [32mBuilding CXX object CMakeFiles/tmr_msgs__rosidl_typesupport_c.dir/rosidl_typesupport_c/tmr_msgs/msg/feedback_state__type_support.cpp.o[0m
[58.200s] [ 49%] [32mBuilding CXX object CMakeFiles/tmr_msgs__rosidl_typesupport_c.dir/rosidl_typesupport_c/tmr_msgs/msg/svr_response__type_support.cpp.o[0m
[58.324s] [ 50%] [32mBuilding CXX object CMakeFiles/tmr_msgs__rosidl_typesupport_c.dir/rosidl_typesupport_c/tmr_msgs/msg/sct_response__type_support.cpp.o[0m
[58.426s] [ 51%] [32mBuilding CXX object CMakeFiles/tmr_msgs__rosidl_typesupport_c.dir/rosidl_typesupport_c/tmr_msgs/msg/sta_response__type_support.cpp.o[0m
[58.489s] [ 52%] [32mBuilding CXX object CMakeFiles/tmr_msgs__rosidl_typesupport_c.dir/rosidl_typesupport_c/tmr_msgs/srv/connect_tm__type_support.cpp.o[0m
[58.548s] [ 53%] [32mBuilding CXX object CMakeFiles/tmr_msgs__rosidl_typesupport_c.dir/rosidl_typesupport_c/tmr_msgs/srv/write_item__type_support.cpp.o[0m
[58.680s] [ 54%] [32mBuilding CXX object CMakeFiles/tmr_msgs__rosidl_typesupport_c.dir/rosidl_typesupport_c/tmr_msgs/srv/ask_item__type_support.cpp.o[0m
[58.846s] [ 54%] [32mBuilding CXX object CMakeFiles/tmr_msgs__rosidl_typesupport_c.dir/rosidl_typesupport_c/tmr_msgs/srv/send_script__type_support.cpp.o[0m
[58.933s] [ 55%] [32mBuilding CXX object CMakeFiles/tmr_msgs__rosidl_typesupport_c.dir/rosidl_typesupport_c/tmr_msgs/srv/set_event__type_support.cpp.o[0m
[59.033s] [ 56%] [32mBuilding CXX object CMakeFiles/tmr_msgs__rosidl_typesupport_c.dir/rosidl_typesupport_c/tmr_msgs/srv/set_io__type_support.cpp.o[0m
[59.103s] [ 57%] [32mBuilding CXX object CMakeFiles/tmr_msgs__rosidl_typesupport_c.dir/rosidl_typesupport_c/tmr_msgs/srv/set_positions__type_support.cpp.o[0m
[59.169s] [ 58%] [32mBuilding CXX object CMakeFiles/tmr_msgs__rosidl_typesupport_c.dir/rosidl_typesupport_c/tmr_msgs/srv/ask_sta__type_support.cpp.o[0m
[59.237s] [ 59%] [32m[1mLinking CXX shared library libtmr_msgs__rosidl_typesupport_c.so[0m
[59.385s] [ 59%] Built target tmr_msgs__rosidl_typesupport_c
[59.433s] [ 60%] [34m[1mGenerating C type support for eProsima Fast-RTPS[0m
[63.150s] [35m[1mScanning dependencies of target tmr_msgs__rosidl_typesupport_fastrtps_c[0m
[63.266s] [ 61%] [32mBuilding CXX object CMakeFiles/tmr_msgs__rosidl_typesupport_fastrtps_c.dir/rosidl_typesupport_fastrtps_c/tmr_msgs/msg/detail/feedback_state__type_support_c.cpp.o[0m
[64.316s] [ 62%] [32mBuilding CXX object CMakeFiles/tmr_msgs__rosidl_typesupport_fastrtps_c.dir/rosidl_typesupport_fastrtps_c/tmr_msgs/msg/detail/svr_response__type_support_c.cpp.o[0m
[65.462s] [ 62%] [32mBuilding CXX object CMakeFiles/tmr_msgs__rosidl_typesupport_fastrtps_c.dir/rosidl_typesupport_fastrtps_c/tmr_msgs/msg/detail/sct_response__type_support_c.cpp.o[0m
[66.412s] [ 63%] [32mBuilding CXX object CMakeFiles/tmr_msgs__rosidl_typesupport_fastrtps_c.dir/rosidl_typesupport_fastrtps_c/tmr_msgs/msg/detail/sta_response__type_support_c.cpp.o[0m
[67.566s] [ 64%] [32mBuilding CXX object CMakeFiles/tmr_msgs__rosidl_typesupport_fastrtps_c.dir/rosidl_typesupport_fastrtps_c/tmr_msgs/srv/detail/connect_tm__type_support_c.cpp.o[0m
[68.444s] [ 65%] [32mBuilding CXX object CMakeFiles/tmr_msgs__rosidl_typesupport_fastrtps_c.dir/rosidl_typesupport_fastrtps_c/tmr_msgs/srv/detail/write_item__type_support_c.cpp.o[0m
[69.213s] [ 66%] [32mBuilding CXX object CMakeFiles/tmr_msgs__rosidl_typesupport_fastrtps_c.dir/rosidl_typesupport_fastrtps_c/tmr_msgs/srv/detail/ask_item__type_support_c.cpp.o[0m
[70.214s] [ 67%] [32mBuilding CXX object CMakeFiles/tmr_msgs__rosidl_typesupport_fastrtps_c.dir/rosidl_typesupport_fastrtps_c/tmr_msgs/srv/detail/send_script__type_support_c.cpp.o[0m
[71.169s] [ 67%] [32mBuilding CXX object CMakeFiles/tmr_msgs__rosidl_typesupport_fastrtps_c.dir/rosidl_typesupport_fastrtps_c/tmr_msgs/srv/detail/set_event__type_support_c.cpp.o[0m
[72.211s] [ 68%] [32mBuilding CXX object CMakeFiles/tmr_msgs__rosidl_typesupport_fastrtps_c.dir/rosidl_typesupport_fastrtps_c/tmr_msgs/srv/detail/set_io__type_support_c.cpp.o[0m
[72.943s] [ 69%] [32mBuilding CXX object CMakeFiles/tmr_msgs__rosidl_typesupport_fastrtps_c.dir/rosidl_typesupport_fastrtps_c/tmr_msgs/srv/detail/set_positions__type_support_c.cpp.o[0m
[74.041s] [ 70%] [32mBuilding CXX object CMakeFiles/tmr_msgs__rosidl_typesupport_fastrtps_c.dir/rosidl_typesupport_fastrtps_c/tmr_msgs/srv/detail/ask_sta__type_support_c.cpp.o[0m
[74.761s] [ 71%] [32m[1mLinking CXX shared library libtmr_msgs__rosidl_typesupport_fastrtps_c.so[0m
[74.951s] [ 71%] Built target tmr_msgs__rosidl_typesupport_fastrtps_c
[74.972s] [ 72%] [34m[1mGenerating C introspection for ROS interfaces[0m
[79.464s] [35m[1mScanning dependencies of target tmr_msgs__rosidl_typesupport_introspection_c[0m
[79.538s] [ 73%] [32mBuilding C object CMakeFiles/tmr_msgs__rosidl_typesupport_introspection_c.dir/rosidl_typesupport_introspection_c/tmr_msgs/msg/detail/feedback_state__type_support.c.o[0m
[79.638s] [ 74%] [32mBuilding C object CMakeFiles/tmr_msgs__rosidl_typesupport_introspection_c.dir/rosidl_typesupport_introspection_c/tmr_msgs/msg/detail/sct_response__type_support.c.o[0m
[79.749s] [ 74%] [32mBuilding C object CMakeFiles/tmr_msgs__rosidl_typesupport_introspection_c.dir/rosidl_typesupport_introspection_c/tmr_msgs/msg/detail/sta_response__type_support.c.o[0m
[79.892s] [ 75%] [32mBuilding C object CMakeFiles/tmr_msgs__rosidl_typesupport_introspection_c.dir/rosidl_typesupport_introspection_c/tmr_msgs/srv/detail/connect_tm__type_support.c.o[0m
[80.071s] [ 76%] [32mBuilding C object CMakeFiles/tmr_msgs__rosidl_typesupport_introspection_c.dir/rosidl_typesupport_introspection_c/tmr_msgs/srv/detail/write_item__type_support.c.o[0m
[80.243s] [ 77%] [32mBuilding C object CMakeFiles/tmr_msgs__rosidl_typesupport_introspection_c.dir/rosidl_typesupport_introspection_c/tmr_msgs/srv/detail/ask_item__type_support.c.o[0m
[80.359s] [ 78%] [32mBuilding C object CMakeFiles/tmr_msgs__rosidl_typesupport_introspection_c.dir/rosidl_typesupport_introspection_c/tmr_msgs/srv/detail/send_script__type_support.c.o[0m
[80.488s] [ 79%] [32mBuilding C object CMakeFiles/tmr_msgs__rosidl_typesupport_introspection_c.dir/rosidl_typesupport_introspection_c/tmr_msgs/srv/detail/set_event__type_support.c.o[0m
[80.593s] [ 80%] [32mBuilding C object CMakeFiles/tmr_msgs__rosidl_typesupport_introspection_c.dir/rosidl_typesupport_introspection_c/tmr_msgs/srv/detail/set_io__type_support.c.o[0m
[80.672s] [ 80%] [32mBuilding C object CMakeFiles/tmr_msgs__rosidl_typesupport_introspection_c.dir/rosidl_typesupport_introspection_c/tmr_msgs/srv/detail/set_positions__type_support.c.o[0m
[80.747s] [ 81%] [32mBuilding C object CMakeFiles/tmr_msgs__rosidl_typesupport_introspection_c.dir/rosidl_typesupport_introspection_c/tmr_msgs/srv/detail/ask_sta__type_support.c.o[0m
[80.807s] [ 82%] [32mBuilding C object CMakeFiles/tmr_msgs__rosidl_typesupport_introspection_c.dir/rosidl_typesupport_introspection_c/tmr_msgs/msg/detail/svr_response__type_support.c.o[0m
[80.886s] [ 83%] [32m[1mLinking C shared library libtmr_msgs__rosidl_typesupport_introspection_c.so[0m
[80.949s] [ 83%] Built target tmr_msgs__rosidl_typesupport_introspection_c
[80.964s] [35m[1mScanning dependencies of target tmr_msgs[0m
[80.996s] [ 83%] Built target tmr_msgs
[81.051s] [35m[1mScanning dependencies of target tmr_msgs__py[0m
[81.094s] [ 84%] [34m[1mGenerating Python code for ROS interfaces[0m
[92.161s] [ 84%] Built target tmr_msgs__py
[92.185s] [35m[1mScanning dependencies of target tmr_msgs__python[0m
[92.281s] [ 85%] [32mBuilding C object CMakeFiles/tmr_msgs__python.dir/rosidl_generator_py/tmr_msgs/msg/_feedback_state_s.c.o[0m
[92.653s] [ 86%] [32mBuilding C object CMakeFiles/tmr_msgs__python.dir/rosidl_generator_py/tmr_msgs/msg/_sct_response_s.c.o[0m
[93.042s] [ 87%] [32mBuilding C object CMakeFiles/tmr_msgs__python.dir/rosidl_generator_py/tmr_msgs/msg/_sta_response_s.c.o[0m
[93.256s] [ 87%] [32mBuilding C object CMakeFiles/tmr_msgs__python.dir/rosidl_generator_py/tmr_msgs/srv/_connect_tm_s.c.o[0m
[93.458s] [ 88%] [32mBuilding C object CMakeFiles/tmr_msgs__python.dir/rosidl_generator_py/tmr_msgs/srv/_write_item_s.c.o[0m
[93.673s] [ 89%] [32mBuilding C object CMakeFiles/tmr_msgs__python.dir/rosidl_generator_py/tmr_msgs/srv/_ask_item_s.c.o[0m
[93.904s] [ 90%] [32mBuilding C object CMakeFiles/tmr_msgs__python.dir/rosidl_generator_py/tmr_msgs/srv/_send_script_s.c.o[0m
[94.120s] [ 91%] [32mBuilding C object CMakeFiles/tmr_msgs__python.dir/rosidl_generator_py/tmr_msgs/srv/_set_event_s.c.o[0m
[94.329s] [ 92%] [32mBuilding C object CMakeFiles/tmr_msgs__python.dir/rosidl_generator_py/tmr_msgs/srv/_set_io_s.c.o[0m
[94.532s] [ 92%] [32mBuilding C object CMakeFiles/tmr_msgs__python.dir/rosidl_generator_py/tmr_msgs/srv/_set_positions_s.c.o[0m
[94.737s] [ 93%] [32mBuilding C object CMakeFiles/tmr_msgs__python.dir/rosidl_generator_py/tmr_msgs/srv/_ask_sta_s.c.o[0m
[94.921s] [ 94%] [32mBuilding C object CMakeFiles/tmr_msgs__python.dir/rosidl_generator_py/tmr_msgs/msg/_svr_response_s.c.o[0m
[95.085s] [ 95%] [32m[1mLinking C shared library rosidl_generator_py/tmr_msgs/libtmr_msgs__python.so[0m
[95.158s] [ 95%] Built target tmr_msgs__python
[95.180s] [35m[1mScanning dependencies of target tmr_msgs__rosidl_typesupport_c__pyext[0m
[95.219s] [ 95%] [32mBuilding C object CMakeFiles/tmr_msgs__rosidl_typesupport_c__pyext.dir/rosidl_generator_py/tmr_msgs/_tmr_msgs_s.ep.rosidl_typesupport_c.c.o[0m
[95.588s] [ 96%] [32m[1mLinking C shared library rosidl_generator_py/tmr_msgs/tmr_msgs_s__rosidl_typesupport_c.cpython-38-x86_64-linux-gnu.so[0m
[95.650s] [ 96%] Built target tmr_msgs__rosidl_typesupport_c__pyext
[95.666s] [35m[1mScanning dependencies of target tmr_msgs__rosidl_typesupport_introspection_c__pyext[0m
[95.768s] [ 97%] [32mBuilding C object CMakeFiles/tmr_msgs__rosidl_typesupport_introspection_c__pyext.dir/rosidl_generator_py/tmr_msgs/_tmr_msgs_s.ep.rosidl_typesupport_introspection_c.c.o[0m
[96.231s] [ 98%] [32m[1mLinking C shared library rosidl_generator_py/tmr_msgs/tmr_msgs_s__rosidl_typesupport_introspection_c.cpython-38-x86_64-linux-gnu.so[0m
[96.331s] [ 98%] Built target tmr_msgs__rosidl_typesupport_introspection_c__pyext
[96.354s] [35m[1mScanning dependencies of target tmr_msgs__rosidl_typesupport_fastrtps_c__pyext[0m
[96.479s] [ 99%] [32mBuilding C object CMakeFiles/tmr_msgs__rosidl_typesupport_fastrtps_c__pyext.dir/rosidl_generator_py/tmr_msgs/_tmr_msgs_s.ep.rosidl_typesupport_fastrtps_c.c.o[0m
[97.055s] [100%] [32m[1mLinking CXX shared library rosidl_generator_py/tmr_msgs/tmr_msgs_s__rosidl_typesupport_fastrtps_c.cpython-38-x86_64-linux-gnu.so[0m
[97.224s] [100%] Built target tmr_msgs__rosidl_typesupport_fastrtps_c__pyext
[97.270s] Invoked command in '/home/gy/tmr_ros2/build/tmr_msgs' returned '0': CMAKE_PREFIX_PATH=/opt/ros/foxy /usr/bin/cmake --build /home/gy/tmr_ros2/build/tmr_msgs -- -j3 -l3
[98.326s] Invoking command in '/home/gy/tmr_ros2/build/tmr_msgs': CMAKE_PREFIX_PATH=/opt/ros/foxy /usr/bin/cmake --install /home/gy/tmr_ros2/build/tmr_msgs
[98.344s] -- Install configuration: ""
[98.349s] -- Installing: /home/gy/tmr_ros2/install/tmr_msgs/share/ament_index/resource_index/rosidl_interfaces/tmr_msgs
[98.350s] -- Installing: /home/gy/tmr_ros2/install/tmr_msgs/include/tmr_msgs
[98.350s] -- Installing: /home/gy/tmr_ros2/install/tmr_msgs/include/tmr_msgs/srv
[98.352s] -- Installing: /home/gy/tmr_ros2/install/tmr_msgs/include/tmr_msgs/srv/detail
[98.352s] -- Installing: /home/gy/tmr_ros2/install/tmr_msgs/include/tmr_msgs/srv/detail/set_io__type_support.h
[98.352s] -- Installing: /home/gy/tmr_ros2/install/tmr_msgs/include/tmr_msgs/srv/detail/set_positions__functions.h
[98.352s] -- Installing: /home/gy/tmr_ros2/install/tmr_msgs/include/tmr_msgs/srv/detail/ask_sta__functions.h
[98.353s] -- Installing: /home/gy/tmr_ros2/install/tmr_msgs/include/tmr_msgs/srv/detail/set_positions__functions.c
[98.353s] -- Installing: /home/gy/tmr_ros2/install/tmr_msgs/include/tmr_msgs/srv/detail/set_io__functions.h
[98.354s] -- Installing: /home/gy/tmr_ros2/install/tmr_msgs/include/tmr_msgs/srv/detail/send_script__type_support.h
[98.354s] -- Installing: /home/gy/tmr_ros2/install/tmr_msgs/include/tmr_msgs/srv/detail/send_script__struct.h
[98.354s] -- Installing: /home/gy/tmr_ros2/install/tmr_msgs/include/tmr_msgs/srv/detail/set_event__struct.h
[98.354s] -- Installing: /home/gy/tmr_ros2/install/tmr_msgs/include/tmr_msgs/srv/detail/set_event__functions.h
[98.355s] -- Installing: /home/gy/tmr_ros2/install/tmr_msgs/include/tmr_msgs/srv/detail/set_event__type_support.h
[98.355s] -- Installing: /home/gy/tmr_ros2/install/tmr_msgs/include/tmr_msgs/srv/detail/connect_tm__functions.c
[98.355s] -- Installing: /home/gy/tmr_ros2/install/tmr_msgs/include/tmr_msgs/srv/detail/ask_sta__struct.h
[98.356s] -- Installing: /home/gy/tmr_ros2/install/tmr_msgs/include/tmr_msgs/srv/detail/set_io__struct.h
[98.356s] -- Installing: /home/gy/tmr_ros2/install/tmr_msgs/include/tmr_msgs/srv/detail/send_script__functions.h
[98.356s] -- Installing: /home/gy/tmr_ros2/install/tmr_msgs/include/tmr_msgs/srv/detail/set_positions__type_support.h
[98.356s] -- Installing: /home/gy/tmr_ros2/install/tmr_msgs/include/tmr_msgs/srv/detail/set_io__functions.c
[98.357s] -- Installing: /home/gy/tmr_ros2/install/tmr_msgs/include/tmr_msgs/srv/detail/ask_sta__functions.c
[98.357s] -- Installing: /home/gy/tmr_ros2/install/tmr_msgs/include/tmr_msgs/srv/detail/ask_item__functions.c
[98.357s] -- Installing: /home/gy/tmr_ros2/install/tmr_msgs/include/tmr_msgs/srv/detail/write_item__functions.h
[98.357s] -- Installing: /home/gy/tmr_ros2/install/tmr_msgs/include/tmr_msgs/srv/detail/connect_tm__type_support.h
[98.357s] -- Installing: /home/gy/tmr_ros2/install/tmr_msgs/include/tmr_msgs/srv/detail/send_script__functions.c
[98.357s] -- Installing: /home/gy/tmr_ros2/install/tmr_msgs/include/tmr_msgs/srv/detail/ask_item__type_support.h
[98.358s] -- Installing: /home/gy/tmr_ros2/install/tmr_msgs/include/tmr_msgs/srv/detail/set_positions__struct.h
[98.358s] -- Installing: /home/gy/tmr_ros2/install/tmr_msgs/include/tmr_msgs/srv/detail/write_item__functions.c
[98.358s] -- Installing: /home/gy/tmr_ros2/install/tmr_msgs/include/tmr_msgs/srv/detail/write_item__struct.h
[98.358s] -- Installing: /home/gy/tmr_ros2/install/tmr_msgs/include/tmr_msgs/srv/detail/connect_tm__struct.h
[98.358s] -- Installing: /home/gy/tmr_ros2/install/tmr_msgs/include/tmr_msgs/srv/detail/ask_item__functions.h
[98.358s] -- Installing: /home/gy/tmr_ros2/install/tmr_msgs/include/tmr_msgs/srv/detail/set_event__functions.c
[98.358s] -- Installing: /home/gy/tmr_ros2/install/tmr_msgs/include/tmr_msgs/srv/detail/connect_tm__functions.h
[98.359s] -- Installing: /home/gy/tmr_ros2/install/tmr_msgs/include/tmr_msgs/srv/detail/ask_item__struct.h
[98.363s] -- Installing: /home/gy/tmr_ros2/install/tmr_msgs/include/tmr_msgs/srv/detail/write_item__type_support.h
[98.363s] -- Installing: /home/gy/tmr_ros2/install/tmr_msgs/include/tmr_msgs/srv/detail/ask_sta__type_support.h
[98.369s] -- Installing: /home/gy/tmr_ros2/install/tmr_msgs/include/tmr_msgs/srv/connect_tm.h
[98.370s] -- Installing: /home/gy/tmr_ros2/install/tmr_msgs/include/tmr_msgs/srv/ask_item.h
[98.370s] -- Installing: /home/gy/tmr_ros2/install/tmr_msgs/include/tmr_msgs/srv/write_item.h
[98.370s] -- Installing: /home/gy/tmr_ros2/install/tmr_msgs/include/tmr_msgs/srv/set_io.h
[98.370s] -- Installing: /home/gy/tmr_ros2/install/tmr_msgs/include/tmr_msgs/srv/set_positions.h
[98.370s] -- Installing: /home/gy/tmr_ros2/install/tmr_msgs/include/tmr_msgs/srv/send_script.h
[98.370s] -- Installing: /home/gy/tmr_ros2/install/tmr_msgs/include/tmr_msgs/srv/ask_sta.h
[98.370s] -- Installing: /home/gy/tmr_ros2/install/tmr_msgs/include/tmr_msgs/srv/set_event.h
[98.371s] -- Installing: /home/gy/tmr_ros2/install/tmr_msgs/include/tmr_msgs/msg
[98.371s] -- Installing: /home/gy/tmr_ros2/install/tmr_msgs/include/tmr_msgs/msg/detail
[98.371s] -- Installing: /home/gy/tmr_ros2/install/tmr_msgs/include/tmr_msgs/msg/detail/feedback_state__type_support.h
[98.371s] -- Installing: /home/gy/tmr_ros2/install/tmr_msgs/include/tmr_msgs/msg/detail/feedback_state__functions.h
[98.371s] -- Installing: /home/gy/tmr_ros2/install/tmr_msgs/include/tmr_msgs/msg/detail/svr_response__type_support.h
[98.371s] -- Installing: /home/gy/tmr_ros2/install/tmr_msgs/include/tmr_msgs/msg/detail/sta_response__functions.c
[98.377s] -- Installing: /home/gy/tmr_ros2/install/tmr_msgs/include/tmr_msgs/msg/detail/sta_response__type_support.h
[98.378s] -- Installing: /home/gy/tmr_ros2/install/tmr_msgs/include/tmr_msgs/msg/detail/sct_response__functions.c
[98.378s] -- Installing: /home/gy/tmr_ros2/install/tmr_msgs/include/tmr_msgs/msg/detail/feedback_state__functions.c
[98.378s] -- Installing: /home/gy/tmr_ros2/install/tmr_msgs/include/tmr_msgs/msg/detail/sct_response__type_support.h
[98.378s] -- Installing: /home/gy/tmr_ros2/install/tmr_msgs/include/tmr_msgs/msg/detail/svr_response__struct.h
[98.378s] -- Installing: /home/gy/tmr_ros2/install/tmr_msgs/include/tmr_msgs/msg/detail/svr_response__functions.h
[98.378s] -- Installing: /home/gy/tmr_ros2/install/tmr_msgs/include/tmr_msgs/msg/detail/sct_response__functions.h
[98.378s] -- Installing: /home/gy/tmr_ros2/install/tmr_msgs/include/tmr_msgs/msg/detail/feedback_state__struct.h
[98.379s] -- Installing: /home/gy/tmr_ros2/install/tmr_msgs/include/tmr_msgs/msg/detail/sta_response__functions.h
[98.379s] -- Installing: /home/gy/tmr_ros2/install/tmr_msgs/include/tmr_msgs/msg/detail/svr_response__functions.c
[98.379s] -- Installing: /home/gy/tmr_ros2/install/tmr_msgs/include/tmr_msgs/msg/detail/sta_response__struct.h
[98.379s] -- Installing: /home/gy/tmr_ros2/install/tmr_msgs/include/tmr_msgs/msg/detail/sct_response__struct.h
[98.379s] -- Installing: /home/gy/tmr_ros2/install/tmr_msgs/include/tmr_msgs/msg/svr_response.h
[98.379s] -- Installing: /home/gy/tmr_ros2/install/tmr_msgs/include/tmr_msgs/msg/feedback_state.h
[98.379s] -- Installing: /home/gy/tmr_ros2/install/tmr_msgs/include/tmr_msgs/msg/sct_response.h
[98.379s] -- Installing: /home/gy/tmr_ros2/install/tmr_msgs/include/tmr_msgs/msg/rosidl_generator_c__visibility_control.h
[98.380s] -- Installing: /home/gy/tmr_ros2/install/tmr_msgs/include/tmr_msgs/msg/sta_response.h
[98.380s] -- Installing: /home/gy/tmr_ros2/install/tmr_msgs/share/tmr_msgs/environment/library_path.sh
[98.380s] -- Installing: /home/gy/tmr_ros2/install/tmr_msgs/share/tmr_msgs/environment/library_path.dsv
[98.380s] -- Installing: /home/gy/tmr_ros2/install/tmr_msgs/lib/libtmr_msgs__rosidl_generator_c.so
[98.380s] -- Set runtime path of "/home/gy/tmr_ros2/install/tmr_msgs/lib/libtmr_msgs__rosidl_generator_c.so" to ""
[98.380s] -- Up-to-date: /home/gy/tmr_ros2/install/tmr_msgs/include/tmr_msgs
[98.380s] -- Up-to-date: /home/gy/tmr_ros2/install/tmr_msgs/include/tmr_msgs/srv
[98.394s] -- Up-to-date: /home/gy/tmr_ros2/install/tmr_msgs/include/tmr_msgs/srv/detail
[98.394s] -- Installing: /home/gy/tmr_ros2/install/tmr_msgs/include/tmr_msgs/srv/detail/connect_tm__rosidl_typesupport_fastrtps_c.h
[98.395s] -- Installing: /home/gy/tmr_ros2/install/tmr_msgs/include/tmr_msgs/srv/detail/set_event__rosidl_typesupport_fastrtps_c.h
[98.395s] -- Installing: /home/gy/tmr_ros2/install/tmr_msgs/include/tmr_msgs/srv/detail/set_io__rosidl_typesupport_fastrtps_c.h
[98.395s] -- Installing: /home/gy/tmr_ros2/install/tmr_msgs/include/tmr_msgs/srv/detail/ask_sta__rosidl_typesupport_fastrtps_c.h
[98.395s] -- Installing: /home/gy/tmr_ros2/install/tmr_msgs/include/tmr_msgs/srv/detail/set_positions__rosidl_typesupport_fastrtps_c.h
[98.395s] -- Installing: /home/gy/tmr_ros2/install/tmr_msgs/include/tmr_msgs/srv/detail/send_script__rosidl_typesupport_fastrtps_c.h
[98.395s] -- Installing: /home/gy/tmr_ros2/install/tmr_msgs/include/tmr_msgs/srv/detail/ask_item__rosidl_typesupport_fastrtps_c.h
[98.395s] -- Installing: /home/gy/tmr_ros2/install/tmr_msgs/include/tmr_msgs/srv/detail/write_item__rosidl_typesupport_fastrtps_c.h
[98.396s] -- Up-to-date: /home/gy/tmr_ros2/install/tmr_msgs/include/tmr_msgs/msg
[98.396s] -- Up-to-date: /home/gy/tmr_ros2/install/tmr_msgs/include/tmr_msgs/msg/detail
[98.396s] -- Installing: /home/gy/tmr_ros2/install/tmr_msgs/include/tmr_msgs/msg/detail/sct_response__rosidl_typesupport_fastrtps_c.h
[98.396s] -- Installing: /home/gy/tmr_ros2/install/tmr_msgs/include/tmr_msgs/msg/detail/sta_response__rosidl_typesupport_fastrtps_c.h
[98.396s] -- Installing: /home/gy/tmr_ros2/install/tmr_msgs/include/tmr_msgs/msg/detail/feedback_state__rosidl_typesupport_fastrtps_c.h
[98.396s] -- Installing: /home/gy/tmr_ros2/install/tmr_msgs/include/tmr_msgs/msg/detail/svr_response__rosidl_typesupport_fastrtps_c.h
[98.396s] -- Installing: /home/gy/tmr_ros2/install/tmr_msgs/include/tmr_msgs/msg/rosidl_typesupport_fastrtps_c__visibility_control.h
[98.396s] -- Installing: /home/gy/tmr_ros2/install/tmr_msgs/lib/libtmr_msgs__rosidl_typesupport_fastrtps_c.so
[98.405s] -- Set runtime path of "/home/gy/tmr_ros2/install/tmr_msgs/lib/libtmr_msgs__rosidl_typesupport_fastrtps_c.so" to ""
[98.406s] -- Up-to-date: /home/gy/tmr_ros2/install/tmr_msgs/include/tmr_msgs
[98.406s] -- Up-to-date: /home/gy/tmr_ros2/install/tmr_msgs/include/tmr_msgs/srv
[98.406s] -- Up-to-date: /home/gy/tmr_ros2/install/tmr_msgs/include/tmr_msgs/srv/detail
[98.406s] -- Installing: /home/gy/tmr_ros2/install/tmr_msgs/include/tmr_msgs/srv/detail/connect_tm__rosidl_typesupport_fastrtps_cpp.hpp
[98.406s] -- Installing: /home/gy/tmr_ros2/install/tmr_msgs/include/tmr_msgs/srv/detail/set_io__rosidl_typesupport_fastrtps_cpp.hpp
[98.407s] -- Installing: /home/gy/tmr_ros2/install/tmr_msgs/include/tmr_msgs/srv/detail/ask_sta__rosidl_typesupport_fastrtps_cpp.hpp
[98.413s] -- Installing: /home/gy/tmr_ros2/install/tmr_msgs/include/tmr_msgs/srv/detail/write_item__rosidl_typesupport_fastrtps_cpp.hpp
[98.413s] -- Installing: /home/gy/tmr_ros2/install/tmr_msgs/include/tmr_msgs/srv/detail/send_script__rosidl_typesupport_fastrtps_cpp.hpp
[98.414s] -- Installing: /home/gy/tmr_ros2/install/tmr_msgs/include/tmr_msgs/srv/detail/set_event__rosidl_typesupport_fastrtps_cpp.hpp
[98.414s] -- Installing: /home/gy/tmr_ros2/install/tmr_msgs/include/tmr_msgs/srv/detail/ask_item__rosidl_typesupport_fastrtps_cpp.hpp
[98.414s] -- Installing: /home/gy/tmr_ros2/install/tmr_msgs/include/tmr_msgs/srv/detail/dds_fastrtps
[98.414s] -- Installing: /home/gy/tmr_ros2/install/tmr_msgs/include/tmr_msgs/srv/detail/set_positions__rosidl_typesupport_fastrtps_cpp.hpp
[98.414s] -- Up-to-date: /home/gy/tmr_ros2/install/tmr_msgs/include/tmr_msgs/msg
[98.415s] -- Up-to-date: /home/gy/tmr_ros2/install/tmr_msgs/include/tmr_msgs/msg/detail
[98.415s] -- Installing: /home/gy/tmr_ros2/install/tmr_msgs/include/tmr_msgs/msg/detail/sct_response__rosidl_typesupport_fastrtps_cpp.hpp
[98.415s] -- Installing: /home/gy/tmr_ros2/install/tmr_msgs/include/tmr_msgs/msg/detail/svr_response__rosidl_typesupport_fastrtps_cpp.hpp
[98.415s] -- Installing: /home/gy/tmr_ros2/install/tmr_msgs/include/tmr_msgs/msg/detail/sta_response__rosidl_typesupport_fastrtps_cpp.hpp
[98.415s] -- Installing: /home/gy/tmr_ros2/install/tmr_msgs/include/tmr_msgs/msg/detail/feedback_state__rosidl_typesupport_fastrtps_cpp.hpp
[98.415s] -- Installing: /home/gy/tmr_ros2/install/tmr_msgs/include/tmr_msgs/msg/detail/dds_fastrtps
[98.415s] -- Installing: /home/gy/tmr_ros2/install/tmr_msgs/include/tmr_msgs/msg/rosidl_typesupport_fastrtps_cpp__visibility_control.h
[98.416s] -- Installing: /home/gy/tmr_ros2/install/tmr_msgs/lib/libtmr_msgs__rosidl_typesupport_fastrtps_cpp.so
[98.416s] -- Set runtime path of "/home/gy/tmr_ros2/install/tmr_msgs/lib/libtmr_msgs__rosidl_typesupport_fastrtps_cpp.so" to ""
[98.416s] -- Up-to-date: /home/gy/tmr_ros2/install/tmr_msgs/include/tmr_msgs
[98.416s] -- Up-to-date: /home/gy/tmr_ros2/install/tmr_msgs/include/tmr_msgs/srv
[98.416s] -- Up-to-date: /home/gy/tmr_ros2/install/tmr_msgs/include/tmr_msgs/srv/detail
[98.416s] -- Installing: /home/gy/tmr_ros2/install/tmr_msgs/include/tmr_msgs/srv/detail/write_item__type_support.c
[98.416s] -- Installing: /home/gy/tmr_ros2/install/tmr_msgs/include/tmr_msgs/srv/detail/ask_item__rosidl_typesupport_introspection_c.h
[98.416s] -- Installing: /home/gy/tmr_ros2/install/tmr_msgs/include/tmr_msgs/srv/detail/set_io__rosidl_typesupport_introspection_c.h
[98.426s] -- Installing: /home/gy/tmr_ros2/install/tmr_msgs/include/tmr_msgs/srv/detail/send_script__type_support.c
[98.426s] -- Installing: /home/gy/tmr_ros2/install/tmr_msgs/include/tmr_msgs/srv/detail/ask_sta__rosidl_typesupport_introspection_c.h
[98.426s] -- Installing: /home/gy/tmr_ros2/install/tmr_msgs/include/tmr_msgs/srv/detail/ask_item__type_support.c
[98.426s] -- Installing: /home/gy/tmr_ros2/install/tmr_msgs/include/tmr_msgs/srv/detail/set_positions__type_support.c
[98.426s] -- Installing: /home/gy/tmr_ros2/install/tmr_msgs/include/tmr_msgs/srv/detail/send_script__rosidl_typesupport_introspection_c.h
[98.427s] -- Installing: /home/gy/tmr_ros2/install/tmr_msgs/include/tmr_msgs/srv/detail/set_positions__rosidl_typesupport_introspection_c.h
[98.427s] -- Installing: /home/gy/tmr_ros2/install/tmr_msgs/include/tmr_msgs/srv/detail/connect_tm__type_support.c
[98.427s] -- Installing: /home/gy/tmr_ros2/install/tmr_msgs/include/tmr_msgs/srv/detail/connect_tm__rosidl_typesupport_introspection_c.h
[98.427s] -- Installing: /home/gy/tmr_ros2/install/tmr_msgs/include/tmr_msgs/srv/detail/set_event__type_support.c
[98.427s] -- Installing: /home/gy/tmr_ros2/install/tmr_msgs/include/tmr_msgs/srv/detail/write_item__rosidl_typesupport_introspection_c.h
[98.427s] -- Installing: /home/gy/tmr_ros2/install/tmr_msgs/include/tmr_msgs/srv/detail/ask_sta__type_support.c
[98.428s] -- Installing: /home/gy/tmr_ros2/install/tmr_msgs/include/tmr_msgs/srv/detail/set_io__type_support.c
[98.428s] -- Installing: /home/gy/tmr_ros2/install/tmr_msgs/include/tmr_msgs/srv/detail/set_event__rosidl_typesupport_introspection_c.h
[98.428s] -- Up-to-date: /home/gy/tmr_ros2/install/tmr_msgs/include/tmr_msgs/msg
[98.428s] -- Up-to-date: /home/gy/tmr_ros2/install/tmr_msgs/include/tmr_msgs/msg/detail
[98.428s] -- Installing: /home/gy/tmr_ros2/install/tmr_msgs/include/tmr_msgs/msg/detail/sct_response__type_support.c
[98.428s] -- Installing: /home/gy/tmr_ros2/install/tmr_msgs/include/tmr_msgs/msg/detail/feedback_state__rosidl_typesupport_introspection_c.h
[98.428s] -- Installing: /home/gy/tmr_ros2/install/tmr_msgs/include/tmr_msgs/msg/detail/svr_response__type_support.c
[98.437s] -- Installing: /home/gy/tmr_ros2/install/tmr_msgs/include/tmr_msgs/msg/detail/sct_response__rosidl_typesupport_introspection_c.h
[98.438s] -- Installing: /home/gy/tmr_ros2/install/tmr_msgs/include/tmr_msgs/msg/detail/sta_response__type_support.c
[98.438s] -- Installing: /home/gy/tmr_ros2/install/tmr_msgs/include/tmr_msgs/msg/detail/svr_response__rosidl_typesupport_introspection_c.h
[98.438s] -- Installing: /home/gy/tmr_ros2/install/tmr_msgs/include/tmr_msgs/msg/detail/feedback_state__type_support.c
[98.438s] -- Installing: /home/gy/tmr_ros2/install/tmr_msgs/include/tmr_msgs/msg/detail/sta_response__rosidl_typesupport_introspection_c.h
[98.438s] -- Installing: /home/gy/tmr_ros2/install/tmr_msgs/include/tmr_msgs/msg/rosidl_typesupport_introspection_c__visibility_control.h
[98.438s] -- Installing: /home/gy/tmr_ros2/install/tmr_msgs/lib/libtmr_msgs__rosidl_typesupport_introspection_c.so
[98.438s] -- Set runtime path of "/home/gy/tmr_ros2/install/tmr_msgs/lib/libtmr_msgs__rosidl_typesupport_introspection_c.so" to ""
[98.438s] -- Installing: /home/gy/tmr_ros2/install/tmr_msgs/lib/libtmr_msgs__rosidl_typesupport_c.so
[98.439s] -- Set runtime path of "/home/gy/tmr_ros2/install/tmr_msgs/lib/libtmr_msgs__rosidl_typesupport_c.so" to ""
[98.439s] -- Up-to-date: /home/gy/tmr_ros2/install/tmr_msgs/include/tmr_msgs
[98.439s] -- Up-to-date: /home/gy/tmr_ros2/install/tmr_msgs/include/tmr_msgs/srv
[98.439s] -- Up-to-date: /home/gy/tmr_ros2/install/tmr_msgs/include/tmr_msgs/srv/detail
[98.439s] -- Installing: /home/gy/tmr_ros2/install/tmr_msgs/include/tmr_msgs/srv/detail/set_positions__struct.hpp
[98.439s] -- Installing: /home/gy/tmr_ros2/install/tmr_msgs/include/tmr_msgs/srv/detail/set_positions__traits.hpp
[98.439s] -- Installing: /home/gy/tmr_ros2/install/tmr_msgs/include/tmr_msgs/srv/detail/send_script__builder.hpp
[98.440s] -- Installing: /home/gy/tmr_ros2/install/tmr_msgs/include/tmr_msgs/srv/detail/connect_tm__struct.hpp
[98.440s] -- Installing: /home/gy/tmr_ros2/install/tmr_msgs/include/tmr_msgs/srv/detail/connect_tm__traits.hpp
[98.440s] -- Installing: /home/gy/tmr_ros2/install/tmr_msgs/include/tmr_msgs/srv/detail/ask_sta__struct.hpp
[98.440s] -- Installing: /home/gy/tmr_ros2/install/tmr_msgs/include/tmr_msgs/srv/detail/write_item__builder.hpp
[98.440s] -- Installing: /home/gy/tmr_ros2/install/tmr_msgs/include/tmr_msgs/srv/detail/send_script__struct.hpp
[98.440s] -- Installing: /home/gy/tmr_ros2/install/tmr_msgs/include/tmr_msgs/srv/detail/send_script__traits.hpp
[98.440s] -- Installing: /home/gy/tmr_ros2/install/tmr_msgs/include/tmr_msgs/srv/detail/write_item__traits.hpp
[98.440s] -- Installing: /home/gy/tmr_ros2/install/tmr_msgs/include/tmr_msgs/srv/detail/ask_sta__builder.hpp
[98.447s] -- Installing: /home/gy/tmr_ros2/install/tmr_msgs/include/tmr_msgs/srv/detail/set_positions__builder.hpp
[98.447s] -- Installing: /home/gy/tmr_ros2/install/tmr_msgs/include/tmr_msgs/srv/detail/connect_tm__builder.hpp
[98.447s] -- Installing: /home/gy/tmr_ros2/install/tmr_msgs/include/tmr_msgs/srv/detail/set_io__builder.hpp
[98.447s] -- Installing: /home/gy/tmr_ros2/install/tmr_msgs/include/tmr_msgs/srv/detail/ask_item__struct.hpp
[98.447s] -- Installing: /home/gy/tmr_ros2/install/tmr_msgs/include/tmr_msgs/srv/detail/set_io__traits.hpp
[98.447s] -- Installing: /home/gy/tmr_ros2/install/tmr_msgs/include/tmr_msgs/srv/detail/ask_item__builder.hpp
[98.447s] -- Installing: /home/gy/tmr_ros2/install/tmr_msgs/include/tmr_msgs/srv/detail/write_item__struct.hpp
[98.447s] -- Installing: /home/gy/tmr_ros2/install/tmr_msgs/include/tmr_msgs/srv/detail/set_event__struct.hpp
[98.447s] -- Installing: /home/gy/tmr_ros2/install/tmr_msgs/include/tmr_msgs/srv/detail/set_event__builder.hpp
[98.448s] -- Installing: /home/gy/tmr_ros2/install/tmr_msgs/include/tmr_msgs/srv/detail/set_event__traits.hpp
[98.448s] -- Installing: /home/gy/tmr_ros2/install/tmr_msgs/include/tmr_msgs/srv/detail/set_io__struct.hpp
[98.448s] -- Installing: /home/gy/tmr_ros2/install/tmr_msgs/include/tmr_msgs/srv/detail/ask_sta__traits.hpp
[98.448s] -- Installing: /home/gy/tmr_ros2/install/tmr_msgs/include/tmr_msgs/srv/detail/ask_item__traits.hpp
[98.448s] -- Installing: /home/gy/tmr_ros2/install/tmr_msgs/include/tmr_msgs/srv/ask_item.hpp
[98.448s] -- Installing: /home/gy/tmr_ros2/install/tmr_msgs/include/tmr_msgs/srv/write_item.hpp
[98.449s] -- Installing: /home/gy/tmr_ros2/install/tmr_msgs/include/tmr_msgs/srv/send_script.hpp
[98.457s] -- Installing: /home/gy/tmr_ros2/install/tmr_msgs/include/tmr_msgs/srv/set_io.hpp
[98.458s] -- Installing: /home/gy/tmr_ros2/install/tmr_msgs/include/tmr_msgs/srv/connect_tm.hpp
[98.458s] -- Installing: /home/gy/tmr_ros2/install/tmr_msgs/include/tmr_msgs/srv/set_event.hpp
[98.458s] -- Installing: /home/gy/tmr_ros2/install/tmr_msgs/include/tmr_msgs/srv/set_positions.hpp
[98.458s] -- Installing: /home/gy/tmr_ros2/install/tmr_msgs/include/tmr_msgs/srv/ask_sta.hpp
[98.458s] -- Up-to-date: /home/gy/tmr_ros2/install/tmr_msgs/include/tmr_msgs/msg
[98.458s] -- Up-to-date: /home/gy/tmr_ros2/install/tmr_msgs/include/tmr_msgs/msg/detail
[98.459s] -- Installing: /home/gy/tmr_ros2/install/tmr_msgs/include/tmr_msgs/msg/detail/sct_response__traits.hpp
[98.459s] -- Installing: /home/gy/tmr_ros2/install/tmr_msgs/include/tmr_msgs/msg/detail/svr_response__traits.hpp
[98.459s] -- Installing: /home/gy/tmr_ros2/install/tmr_msgs/include/tmr_msgs/msg/detail/feedback_state__builder.hpp
[98.459s] -- Installing: /home/gy/tmr_ros2/install/tmr_msgs/include/tmr_msgs/msg/detail/sta_response__builder.hpp
[98.459s] -- Installing: /home/gy/tmr_ros2/install/tmr_msgs/include/tmr_msgs/msg/detail/feedback_state__struct.hpp
[98.459s] -- Installing: /home/gy/tmr_ros2/install/tmr_msgs/include/tmr_msgs/msg/detail/sct_response__struct.hpp
[98.460s] -- Installing: /home/gy/tmr_ros2/install/tmr_msgs/include/tmr_msgs/msg/detail/sct_response__builder.hpp
[98.460s] -- Installing: /home/gy/tmr_ros2/install/tmr_msgs/include/tmr_msgs/msg/detail/feedback_state__traits.hpp
[98.460s] -- Installing: /home/gy/tmr_ros2/install/tmr_msgs/include/tmr_msgs/msg/detail/sta_response__struct.hpp
[98.460s] -- Installing: /home/gy/tmr_ros2/install/tmr_msgs/include/tmr_msgs/msg/detail/svr_response__struct.hpp
[98.460s] -- Installing: /home/gy/tmr_ros2/install/tmr_msgs/include/tmr_msgs/msg/detail/svr_response__builder.hpp
[98.460s] -- Installing: /home/gy/tmr_ros2/install/tmr_msgs/include/tmr_msgs/msg/detail/sta_response__traits.hpp
[98.461s] -- Installing: /home/gy/tmr_ros2/install/tmr_msgs/include/tmr_msgs/msg/svr_response.hpp
[98.467s] -- Installing: /home/gy/tmr_ros2/install/tmr_msgs/include/tmr_msgs/msg/sta_response.hpp
[98.468s] -- Installing: /home/gy/tmr_ros2/install/tmr_msgs/include/tmr_msgs/msg/sct_response.hpp
[98.468s] -- Installing: /home/gy/tmr_ros2/install/tmr_msgs/include/tmr_msgs/msg/feedback_state.hpp
[98.468s] -- Up-to-date: /home/gy/tmr_ros2/install/tmr_msgs/include/tmr_msgs
[98.468s] -- Up-to-date: /home/gy/tmr_ros2/install/tmr_msgs/include/tmr_msgs/srv
[98.468s] -- Up-to-date: /home/gy/tmr_ros2/install/tmr_msgs/include/tmr_msgs/srv/detail
[98.468s] -- Installing: /home/gy/tmr_ros2/install/tmr_msgs/include/tmr_msgs/srv/detail/send_script__type_support.cpp
[98.469s] -- Installing: /home/gy/tmr_ros2/install/tmr_msgs/include/tmr_msgs/srv/detail/set_positions__type_support.cpp
[98.469s] -- Installing: /home/gy/tmr_ros2/install/tmr_msgs/include/tmr_msgs/srv/detail/connect_tm__rosidl_typesupport_introspection_cpp.hpp
[98.469s] -- Installing: /home/gy/tmr_ros2/install/tmr_msgs/include/tmr_msgs/srv/detail/set_event__rosidl_typesupport_introspection_cpp.hpp
[98.469s] -- Installing: /home/gy/tmr_ros2/install/tmr_msgs/include/tmr_msgs/srv/detail/write_item__type_support.cpp
[98.469s] -- Installing: /home/gy/tmr_ros2/install/tmr_msgs/include/tmr_msgs/srv/detail/send_script__rosidl_typesupport_introspection_cpp.hpp
[98.469s] -- Installing: /home/gy/tmr_ros2/install/tmr_msgs/include/tmr_msgs/srv/detail/ask_item__type_support.cpp
[98.469s] -- Installing: /home/gy/tmr_ros2/install/tmr_msgs/include/tmr_msgs/srv/detail/set_io__type_support.cpp
[98.470s] -- Installing: /home/gy/tmr_ros2/install/tmr_msgs/include/tmr_msgs/srv/detail/write_item__rosidl_typesupport_introspection_cpp.hpp
[98.470s] -- Installing: /home/gy/tmr_ros2/install/tmr_msgs/include/tmr_msgs/srv/detail/set_positions__rosidl_typesupport_introspection_cpp.hpp
[98.470s] -- Installing: /home/gy/tmr_ros2/install/tmr_msgs/include/tmr_msgs/srv/detail/set_event__type_support.cpp
[98.470s] -- Installing: /home/gy/tmr_ros2/install/tmr_msgs/include/tmr_msgs/srv/detail/ask_sta__rosidl_typesupport_introspection_cpp.hpp
[98.470s] -- Installing: /home/gy/tmr_ros2/install/tmr_msgs/include/tmr_msgs/srv/detail/ask_item__rosidl_typesupport_introspection_cpp.hpp
[98.470s] -- Installing: /home/gy/tmr_ros2/install/tmr_msgs/include/tmr_msgs/srv/detail/ask_sta__type_support.cpp
[98.470s] -- Installing: /home/gy/tmr_ros2/install/tmr_msgs/include/tmr_msgs/srv/detail/set_io__rosidl_typesupport_introspection_cpp.hpp
[98.471s] -- Installing: /home/gy/tmr_ros2/install/tmr_msgs/include/tmr_msgs/srv/detail/connect_tm__type_support.cpp
[98.471s] -- Up-to-date: /home/gy/tmr_ros2/install/tmr_msgs/include/tmr_msgs/msg
[98.471s] -- Up-to-date: /home/gy/tmr_ros2/install/tmr_msgs/include/tmr_msgs/msg/detail
[98.471s] -- Installing: /home/gy/tmr_ros2/install/tmr_msgs/include/tmr_msgs/msg/detail/feedback_state__rosidl_typesupport_introspection_cpp.hpp
[98.471s] -- Installing: /home/gy/tmr_ros2/install/tmr_msgs/include/tmr_msgs/msg/detail/sct_response__type_support.cpp
[98.471s] -- Installing: /home/gy/tmr_ros2/install/tmr_msgs/include/tmr_msgs/msg/detail/feedback_state__type_support.cpp
[98.471s] -- Installing: /home/gy/tmr_ros2/install/tmr_msgs/include/tmr_msgs/msg/detail/sta_response__rosidl_typesupport_introspection_cpp.hpp
[98.471s] -- Installing: /home/gy/tmr_ros2/install/tmr_msgs/include/tmr_msgs/msg/detail/sct_response__rosidl_typesupport_introspection_cpp.hpp
[98.472s] -- Installing: /home/gy/tmr_ros2/install/tmr_msgs/include/tmr_msgs/msg/detail/svr_response__type_support.cpp
[98.472s] -- Installing: /home/gy/tmr_ros2/install/tmr_msgs/include/tmr_msgs/msg/detail/svr_response__rosidl_typesupport_introspection_cpp.hpp
[98.472s] -- Installing: /home/gy/tmr_ros2/install/tmr_msgs/include/tmr_msgs/msg/detail/sta_response__type_support.cpp
[98.472s] -- Installing: /home/gy/tmr_ros2/install/tmr_msgs/lib/libtmr_msgs__rosidl_typesupport_introspection_cpp.so
[98.473s] -- Set runtime path of "/home/gy/tmr_ros2/install/tmr_msgs/lib/libtmr_msgs__rosidl_typesupport_introspection_cpp.so" to ""
[98.473s] -- Installing: /home/gy/tmr_ros2/install/tmr_msgs/lib/libtmr_msgs__rosidl_typesupport_cpp.so
[98.473s] -- Set runtime path of "/home/gy/tmr_ros2/install/tmr_msgs/lib/libtmr_msgs__rosidl_typesupport_cpp.so" to ""
[98.473s] -- Installing: /home/gy/tmr_ros2/install/tmr_msgs/share/tmr_msgs/environment/pythonpath.sh
[98.473s] -- Installing: /home/gy/tmr_ros2/install/tmr_msgs/share/tmr_msgs/environment/pythonpath.dsv
[98.473s] -- Installing: /home/gy/tmr_ros2/install/tmr_msgs/lib/python3.8/site-packages/tmr_msgs/__init__.py
[98.501s] Compiling '/home/gy/tmr_ros2/install/tmr_msgs/lib/python3.8/site-packages/tmr_msgs/__init__.py'...
[98.509s] -- Installing: /home/gy/tmr_ros2/install/tmr_msgs/lib/python3.8/site-packages/tmr_msgs/msg
[98.509s] -- Installing: /home/gy/tmr_ros2/install/tmr_msgs/lib/python3.8/site-packages/tmr_msgs/msg/_sct_response_s.c
[98.509s] -- Installing: /home/gy/tmr_ros2/install/tmr_msgs/lib/python3.8/site-packages/tmr_msgs/msg/_sct_response.py
[98.510s] -- Installing: /home/gy/tmr_ros2/install/tmr_msgs/lib/python3.8/site-packages/tmr_msgs/msg/_svr_response_s.c
[98.510s] -- Installing: /home/gy/tmr_ros2/install/tmr_msgs/lib/python3.8/site-packages/tmr_msgs/msg/_feedback_state.py
[98.510s] -- Installing: /home/gy/tmr_ros2/install/tmr_msgs/lib/python3.8/site-packages/tmr_msgs/msg/_feedback_state_s.c
[98.510s] -- Installing: /home/gy/tmr_ros2/install/tmr_msgs/lib/python3.8/site-packages/tmr_msgs/msg/__init__.py
[98.511s] -- Installing: /home/gy/tmr_ros2/install/tmr_msgs/lib/python3.8/site-packages/tmr_msgs/msg/_sta_response.py
[98.511s] -- Installing: /home/gy/tmr_ros2/install/tmr_msgs/lib/python3.8/site-packages/tmr_msgs/msg/_svr_response.py
[98.511s] -- Installing: /home/gy/tmr_ros2/install/tmr_msgs/lib/python3.8/site-packages/tmr_msgs/msg/_sta_response_s.c
[98.516s] -- Installing: /home/gy/tmr_ros2/install/tmr_msgs/lib/python3.8/site-packages/tmr_msgs/srv
[98.516s] -- Installing: /home/gy/tmr_ros2/install/tmr_msgs/lib/python3.8/site-packages/tmr_msgs/srv/_write_item_s.c
[98.516s] -- Installing: /home/gy/tmr_ros2/install/tmr_msgs/lib/python3.8/site-packages/tmr_msgs/srv/_set_event.py
[98.516s] -- Installing: /home/gy/tmr_ros2/install/tmr_msgs/lib/python3.8/site-packages/tmr_msgs/srv/_write_item.py
[98.516s] -- Installing: /home/gy/tmr_ros2/install/tmr_msgs/lib/python3.8/site-packages/tmr_msgs/srv/_connect_tm.py
[98.517s] -- Installing: /home/gy/tmr_ros2/install/tmr_msgs/lib/python3.8/site-packages/tmr_msgs/srv/_send_script_s.c
[98.517s] -- Installing: /home/gy/tmr_ros2/install/tmr_msgs/lib/python3.8/site-packages/tmr_msgs/srv/_set_event_s.c
[98.517s] -- Installing: /home/gy/tmr_ros2/install/tmr_msgs/lib/python3.8/site-packages/tmr_msgs/srv/_set_positions.py
[98.517s] -- Installing: /home/gy/tmr_ros2/install/tmr_msgs/lib/python3.8/site-packages/tmr_msgs/srv/__init__.py
[98.517s] -- Installing: /home/gy/tmr_ros2/install/tmr_msgs/lib/python3.8/site-packages/tmr_msgs/srv/_ask_item_s.c
[98.517s] -- Installing: /home/gy/tmr_ros2/install/tmr_msgs/lib/python3.8/site-packages/tmr_msgs/srv/_set_io.py
[98.518s] -- Installing: /home/gy/tmr_ros2/install/tmr_msgs/lib/python3.8/site-packages/tmr_msgs/srv/_connect_tm_s.c
[98.518s] -- Installing: /home/gy/tmr_ros2/install/tmr_msgs/lib/python3.8/site-packages/tmr_msgs/srv/_send_script.py
[98.523s] -- Installing: /home/gy/tmr_ros2/install/tmr_msgs/lib/python3.8/site-packages/tmr_msgs/srv/_set_positions_s.c
[98.523s] -- Installing: /home/gy/tmr_ros2/install/tmr_msgs/lib/python3.8/site-packages/tmr_msgs/srv/_set_io_s.c
[98.524s] -- Installing: /home/gy/tmr_ros2/install/tmr_msgs/lib/python3.8/site-packages/tmr_msgs/srv/_ask_sta.py
[98.524s] -- Installing: /home/gy/tmr_ros2/install/tmr_msgs/lib/python3.8/site-packages/tmr_msgs/srv/_ask_sta_s.c
[98.524s] -- Installing: /home/gy/tmr_ros2/install/tmr_msgs/lib/python3.8/site-packages/tmr_msgs/srv/_ask_item.py
[98.524s] -- Installing: /home/gy/tmr_ros2/install/tmr_msgs/lib/python3.8/site-packages/tmr_msgs/tmr_msgs_s__rosidl_typesupport_fastrtps_c.cpython-38-x86_64-linux-gnu.so
[98.524s] -- Set runtime path of "/home/gy/tmr_ros2/install/tmr_msgs/lib/python3.8/site-packages/tmr_msgs/tmr_msgs_s__rosidl_typesupport_fastrtps_c.cpython-38-x86_64-linux-gnu.so" to ""
[98.525s] -- Installing: /home/gy/tmr_ros2/install/tmr_msgs/lib/python3.8/site-packages/tmr_msgs/tmr_msgs_s__rosidl_typesupport_introspection_c.cpython-38-x86_64-linux-gnu.so
[98.525s] -- Set runtime path of "/home/gy/tmr_ros2/install/tmr_msgs/lib/python3.8/site-packages/tmr_msgs/tmr_msgs_s__rosidl_typesupport_introspection_c.cpython-38-x86_64-linux-gnu.so" to ""
[98.525s] -- Installing: /home/gy/tmr_ros2/install/tmr_msgs/lib/python3.8/site-packages/tmr_msgs/tmr_msgs_s__rosidl_typesupport_c.cpython-38-x86_64-linux-gnu.so
[98.530s] -- Set runtime path of "/home/gy/tmr_ros2/install/tmr_msgs/lib/python3.8/site-packages/tmr_msgs/tmr_msgs_s__rosidl_typesupport_c.cpython-38-x86_64-linux-gnu.so" to ""
[98.530s] -- Installing: /home/gy/tmr_ros2/install/tmr_msgs/lib/libtmr_msgs__python.so
[98.530s] -- Set runtime path of "/home/gy/tmr_ros2/install/tmr_msgs/lib/libtmr_msgs__python.so" to ""
[98.530s] -- Installing: /home/gy/tmr_ros2/install/tmr_msgs/share/tmr_msgs/msg/FeedbackState.idl
[98.531s] -- Installing: /home/gy/tmr_ros2/install/tmr_msgs/share/tmr_msgs/msg/SvrResponse.idl
[98.531s] -- Installing: /home/gy/tmr_ros2/install/tmr_msgs/share/tmr_msgs/msg/SctResponse.idl
[98.531s] -- Installing: /home/gy/tmr_ros2/install/tmr_msgs/share/tmr_msgs/msg/StaResponse.idl
[98.531s] -- Installing: /home/gy/tmr_ros2/install/tmr_msgs/share/tmr_msgs/srv/ConnectTM.idl
[98.531s] -- Installing: /home/gy/tmr_ros2/install/tmr_msgs/share/tmr_msgs/srv/WriteItem.idl
[98.537s] -- Installing: /home/gy/tmr_ros2/install/tmr_msgs/share/tmr_msgs/srv/AskItem.idl
[98.538s] -- Installing: /home/gy/tmr_ros2/install/tmr_msgs/share/tmr_msgs/srv/SendScript.idl
[98.538s] -- Installing: /home/gy/tmr_ros2/install/tmr_msgs/share/tmr_msgs/srv/SetEvent.idl
[98.538s] -- Installing: /home/gy/tmr_ros2/install/tmr_msgs/share/tmr_msgs/srv/SetIO.idl
[98.538s] -- Installing: /home/gy/tmr_ros2/install/tmr_msgs/share/tmr_msgs/srv/SetPositions.idl
[98.538s] -- Installing: /home/gy/tmr_ros2/install/tmr_msgs/share/tmr_msgs/srv/AskSta.idl
[98.538s] -- Installing: /home/gy/tmr_ros2/install/tmr_msgs/share/tmr_msgs/msg/FeedbackState.msg
[98.538s] -- Installing: /home/gy/tmr_ros2/install/tmr_msgs/share/tmr_msgs/msg/SvrResponse.msg
[98.538s] -- Installing: /home/gy/tmr_ros2/install/tmr_msgs/share/tmr_msgs/msg/SctResponse.msg
[98.539s] -- Installing: /home/gy/tmr_ros2/install/tmr_msgs/share/tmr_msgs/msg/StaResponse.msg
[98.539s] -- Installing: /home/gy/tmr_ros2/install/tmr_msgs/share/tmr_msgs/srv/ConnectTM.srv
[98.539s] -- Installing: /home/gy/tmr_ros2/install/tmr_msgs/share/tmr_msgs/srv/ConnectTM_Request.msg
[98.539s] -- Installing: /home/gy/tmr_ros2/install/tmr_msgs/share/tmr_msgs/srv/ConnectTM_Response.msg
[98.539s] -- Installing: /home/gy/tmr_ros2/install/tmr_msgs/share/tmr_msgs/srv/WriteItem.srv
[98.539s] -- Installing: /home/gy/tmr_ros2/install/tmr_msgs/share/tmr_msgs/srv/WriteItem_Request.msg
[98.539s] -- Installing: /home/gy/tmr_ros2/install/tmr_msgs/share/tmr_msgs/srv/WriteItem_Response.msg
[98.540s] -- Installing: /home/gy/tmr_ros2/install/tmr_msgs/share/tmr_msgs/srv/AskItem.srv
[98.540s] -- Installing: /home/gy/tmr_ros2/install/tmr_msgs/share/tmr_msgs/srv/AskItem_Request.msg
[98.540s] -- Installing: /home/gy/tmr_ros2/install/tmr_msgs/share/tmr_msgs/srv/AskItem_Response.msg
[98.540s] -- Installing: /home/gy/tmr_ros2/install/tmr_msgs/share/tmr_msgs/srv/SendScript.srv
[98.540s] -- Installing: /home/gy/tmr_ros2/install/tmr_msgs/share/tmr_msgs/srv/SendScript_Request.msg
[98.540s] -- Installing: /home/gy/tmr_ros2/install/tmr_msgs/share/tmr_msgs/srv/SendScript_Response.msg
[98.540s] -- Installing: /home/gy/tmr_ros2/install/tmr_msgs/share/tmr_msgs/srv/SetEvent.srv
[98.540s] -- Installing: /home/gy/tmr_ros2/install/tmr_msgs/share/tmr_msgs/srv/SetEvent_Request.msg
[98.541s] -- Installing: /home/gy/tmr_ros2/install/tmr_msgs/share/tmr_msgs/srv/SetEvent_Response.msg
[98.541s] -- Installing: /home/gy/tmr_ros2/install/tmr_msgs/share/tmr_msgs/srv/SetIO.srv
[98.541s] -- Installing: /home/gy/tmr_ros2/install/tmr_msgs/share/tmr_msgs/srv/SetIO_Request.msg
[98.541s] -- Installing: /home/gy/tmr_ros2/install/tmr_msgs/share/tmr_msgs/srv/SetIO_Response.msg
[98.541s] -- Installing: /home/gy/tmr_ros2/install/tmr_msgs/share/tmr_msgs/srv/SetPositions.srv
[98.541s] -- Installing: /home/gy/tmr_ros2/install/tmr_msgs/share/tmr_msgs/srv/SetPositions_Request.msg
[98.542s] -- Installing: /home/gy/tmr_ros2/install/tmr_msgs/share/tmr_msgs/srv/SetPositions_Response.msg
[98.542s] -- Installing: /home/gy/tmr_ros2/install/tmr_msgs/share/tmr_msgs/srv/AskSta.srv
[98.542s] -- Installing: /home/gy/tmr_ros2/install/tmr_msgs/share/tmr_msgs/srv/AskSta_Request.msg
[98.542s] -- Installing: /home/gy/tmr_ros2/install/tmr_msgs/share/tmr_msgs/srv/AskSta_Response.msg
[98.542s] -- Installing: /home/gy/tmr_ros2/install/tmr_msgs/share/ament_index/resource_index/package_run_dependencies/tmr_msgs
[98.542s] -- Installing: /home/gy/tmr_ros2/install/tmr_msgs/share/ament_index/resource_index/parent_prefix_path/tmr_msgs
[98.542s] -- Installing: /home/gy/tmr_ros2/install/tmr_msgs/share/tmr_msgs/environment/ament_prefix_path.sh
[98.542s] -- Installing: /home/gy/tmr_ros2/install/tmr_msgs/share/tmr_msgs/environment/ament_prefix_path.dsv
[98.543s] -- Installing: /home/gy/tmr_ros2/install/tmr_msgs/share/tmr_msgs/environment/path.sh
[98.543s] -- Installing: /home/gy/tmr_ros2/install/tmr_msgs/share/tmr_msgs/environment/path.dsv
[98.543s] -- Installing: /home/gy/tmr_ros2/install/tmr_msgs/share/tmr_msgs/local_setup.bash
[98.543s] -- Installing: /home/gy/tmr_ros2/install/tmr_msgs/share/tmr_msgs/local_setup.sh
[98.543s] -- Installing: /home/gy/tmr_ros2/install/tmr_msgs/share/tmr_msgs/local_setup.zsh
[98.543s] -- Installing: /home/gy/tmr_ros2/install/tmr_msgs/share/tmr_msgs/local_setup.dsv
[98.543s] -- Installing: /home/gy/tmr_ros2/install/tmr_msgs/share/tmr_msgs/package.dsv
[98.543s] -- Installing: /home/gy/tmr_ros2/install/tmr_msgs/share/ament_index/resource_index/packages/tmr_msgs
[98.544s] -- Installing: /home/gy/tmr_ros2/install/tmr_msgs/share/tmr_msgs/cmake/tmr_msgs__rosidl_generator_cExport.cmake
[98.544s] -- Installing: /home/gy/tmr_ros2/install/tmr_msgs/share/tmr_msgs/cmake/tmr_msgs__rosidl_generator_cExport-noconfig.cmake
[98.554s] -- Installing: /home/gy/tmr_ros2/install/tmr_msgs/share/tmr_msgs/cmake/tmr_msgs__rosidl_typesupport_introspection_cExport.cmake
[98.554s] -- Installing: /home/gy/tmr_ros2/install/tmr_msgs/share/tmr_msgs/cmake/tmr_msgs__rosidl_typesupport_introspection_cExport-noconfig.cmake
[98.555s] -- Installing: /home/gy/tmr_ros2/install/tmr_msgs/share/tmr_msgs/cmake/tmr_msgs__rosidl_typesupport_cExport.cmake
[98.555s] -- Installing: /home/gy/tmr_ros2/install/tmr_msgs/share/tmr_msgs/cmake/tmr_msgs__rosidl_typesupport_cExport-noconfig.cmake
[98.555s] -- Installing: /home/gy/tmr_ros2/install/tmr_msgs/share/tmr_msgs/cmake/tmr_msgs__rosidl_generator_cppExport.cmake
[98.555s] -- Installing: /home/gy/tmr_ros2/install/tmr_msgs/share/tmr_msgs/cmake/tmr_msgs__rosidl_typesupport_introspection_cppExport.cmake
[98.555s] -- Installing: /home/gy/tmr_ros2/install/tmr_msgs/share/tmr_msgs/cmake/tmr_msgs__rosidl_typesupport_introspection_cppExport-noconfig.cmake
[98.555s] -- Installing: /home/gy/tmr_ros2/install/tmr_msgs/share/tmr_msgs/cmake/tmr_msgs__rosidl_typesupport_cppExport.cmake
[98.555s] -- Installing: /home/gy/tmr_ros2/install/tmr_msgs/share/tmr_msgs/cmake/tmr_msgs__rosidl_typesupport_cppExport-noconfig.cmake
[98.555s] -- Installing: /home/gy/tmr_ros2/install/tmr_msgs/share/tmr_msgs/cmake/rosidl_cmake-extras.cmake
[98.556s] -- Installing: /home/gy/tmr_ros2/install/tmr_msgs/share/tmr_msgs/cmake/ament_cmake_export_dependencies-extras.cmake
[98.556s] -- Installing: /home/gy/tmr_ros2/install/tmr_msgs/share/tmr_msgs/cmake/ament_cmake_export_libraries-extras.cmake
[98.556s] -- Installing: /home/gy/tmr_ros2/install/tmr_msgs/share/tmr_msgs/cmake/ament_cmake_export_targets-extras.cmake
[98.556s] -- Installing: /home/gy/tmr_ros2/install/tmr_msgs/share/tmr_msgs/cmake/ament_cmake_export_include_directories-extras.cmake
[98.556s] -- Installing: /home/gy/tmr_ros2/install/tmr_msgs/share/tmr_msgs/cmake/rosidl_cmake_export_typesupport_libraries-extras.cmake
[98.556s] -- Installing: /home/gy/tmr_ros2/install/tmr_msgs/share/tmr_msgs/cmake/rosidl_cmake_export_typesupport_targets-extras.cmake
[98.556s] -- Installing: /home/gy/tmr_ros2/install/tmr_msgs/share/tmr_msgs/cmake/tmr_msgsConfig.cmake
[98.556s] -- Installing: /home/gy/tmr_ros2/install/tmr_msgs/share/tmr_msgs/cmake/tmr_msgsConfig-version.cmake
[98.557s] -- Installing: /home/gy/tmr_ros2/install/tmr_msgs/share/tmr_msgs/package.xml
[98.557s] Invoked command in '/home/gy/tmr_ros2/build/tmr_msgs' returned '0': CMAKE_PREFIX_PATH=/opt/ros/foxy /usr/bin/cmake --install /home/gy/tmr_ros2/build/tmr_msgs
