[0.623s] Invoking command in '/home/gy/Omron_TM_ROS2/build/tm_models': CMAKE_PREFIX_PATH=/home/gy/Omron_TM_ROS2/install/tmr_mod_urdf:/home/gy/Omron_TM_ROS2/install/tm_get_status:/home/gy/Omron_TM_ROS2/install/rviz_tm:/home/gy/Omron_TM_ROS2/install/pickplace:/opt/ros/foxy:${CMAKE_PREFIX_PATH} /usr/bin/cmake --build /home/gy/Omron_TM_ROS2/build/tm_models -- -j3 -l3
[0.771s] Invoked command in '/home/gy/Omron_TM_ROS2/build/tm_models' returned '0': CMAKE_PREFIX_PATH=/home/gy/Omron_TM_ROS2/install/tmr_mod_urdf:/home/gy/Omron_TM_ROS2/install/tm_get_status:/home/gy/Omron_TM_ROS2/install/rviz_tm:/home/gy/Omron_TM_ROS2/install/pickplace:/opt/ros/foxy:${CMAKE_PREFIX_PATH} /usr/bin/cmake --build /home/gy/Omron_TM_ROS2/build/tm_models -- -j3 -l3
[1.298s] Invoking command in '/home/gy/Omron_TM_ROS2/build/tm_models': CMAKE_PREFIX_PATH=/home/gy/Omron_TM_ROS2/install/tmr_mod_urdf:/home/gy/Omron_TM_ROS2/install/tm_get_status:/home/gy/Omron_TM_ROS2/install/rviz_tm:/home/gy/Omron_TM_ROS2/install/pickplace:/opt/ros/foxy:${CMAKE_PREFIX_PATH} /usr/bin/cmake --install /home/gy/Omron_TM_ROS2/build/tm_models
[1.335s] -- Install configuration: ""
[1.337s] -- Up-to-date: /home/gy/Omron_TM_ROS2/install/tm_models/share/ament_index/resource_index/package_run_dependencies/tm_models
[1.337s] -- Up-to-date: /home/gy/Omron_TM_ROS2/install/tm_models/share/ament_index/resource_index/parent_prefix_path/tm_models
[1.346s] -- Up-to-date: /home/gy/Omron_TM_ROS2/install/tm_models/share/tm_models/environment/ament_prefix_path.sh
[1.346s] -- Up-to-date: /home/gy/Omron_TM_ROS2/install/tm_models/share/tm_models/environment/ament_prefix_path.dsv
[1.348s] -- Up-to-date: /home/gy/Omron_TM_ROS2/install/tm_models/share/tm_models/environment/path.sh
[1.348s] -- Up-to-date: /home/gy/Omron_TM_ROS2/install/tm_models/share/tm_models/environment/path.dsv
[1.348s] -- Up-to-date: /home/gy/Omron_TM_ROS2/install/tm_models/share/tm_models/local_setup.bash
[1.348s] -- Up-to-date: /home/gy/Omron_TM_ROS2/install/tm_models/share/tm_models/local_setup.sh
[1.348s] -- Up-to-date: /home/gy/Omron_TM_ROS2/install/tm_models/share/tm_models/local_setup.zsh
[1.348s] -- Up-to-date: /home/gy/Omron_TM_ROS2/install/tm_models/share/tm_models/local_setup.dsv
[1.349s] -- Installing: /home/gy/Omron_TM_ROS2/install/tm_models/share/tm_models/package.dsv
[1.349s] -- Up-to-date: /home/gy/Omron_TM_ROS2/install/tm_models/share/ament_index/resource_index/packages/tm_models
[1.349s] -- Up-to-date: /home/gy/Omron_TM_ROS2/install/tm_models/share/tm_models/cmake/tm_modelsConfig.cmake
[1.349s] -- Up-to-date: /home/gy/Omron_TM_ROS2/install/tm_models/share/tm_models/cmake/tm_modelsConfig-version.cmake
[1.349s] -- Up-to-date: /home/gy/Omron_TM_ROS2/install/tm_models/share/tm_models/package.xml
[1.349s] -- Up-to-date: /home/gy/Omron_TM_ROS2/install/tm_models/share/tm_models/launch
[1.349s] -- Up-to-date: /home/gy/Omron_TM_ROS2/install/tm_models/share/tm_models/launch/view_robot.rviz
[1.350s] -- Up-to-date: /home/gy/Omron_TM_ROS2/install/tm_models/share/tm_models/launch/view_tm12.launch
[1.350s] -- Up-to-date: /home/gy/Omron_TM_ROS2/install/tm_models/share/tm_models/launch/tm12_upload.launch
[1.350s] -- Up-to-date: /home/gy/Omron_TM_ROS2/install/tm_models/share/tm_models/urdf
[1.350s] -- Up-to-date: /home/gy/Omron_TM_ROS2/install/tm_models/share/tm_models/urdf/log
[1.350s] -- Up-to-date: /home/gy/Omron_TM_ROS2/install/tm_models/share/tm_models/urdf/log/build_2021-04-20_14-45-09
[1.350s] -- Up-to-date: /home/gy/Omron_TM_ROS2/install/tm_models/share/tm_models/urdf/log/build_2021-04-20_14-45-09/events.log
[1.358s] -- Up-to-date: /home/gy/Omron_TM_ROS2/install/tm_models/share/tm_models/urdf/log/build_2021-04-20_14-45-09/logger_all.log
[1.358s] -- Up-to-date: /home/gy/Omron_TM_ROS2/install/tm_models/share/tm_models/urdf/log/build_2021-04-20_09-21-56
[1.358s] -- Up-to-date: /home/gy/Omron_TM_ROS2/install/tm_models/share/tm_models/urdf/log/build_2021-04-20_09-21-56/events.log
[1.359s] -- Up-to-date: /home/gy/Omron_TM_ROS2/install/tm_models/share/tm_models/urdf/log/build_2021-04-20_09-21-56/logger_all.log
[1.359s] -- Up-to-date: /home/gy/Omron_TM_ROS2/install/tm_models/share/tm_models/urdf/log/COLCON_IGNORE
[1.359s] -- Up-to-date: /home/gy/Omron_TM_ROS2/install/tm_models/share/tm_models/urdf/log/latest
[1.359s] -- Up-to-date: /home/gy/Omron_TM_ROS2/install/tm_models/share/tm_models/urdf/log/latest_build
[1.359s] -- Up-to-date: /home/gy/Omron_TM_ROS2/install/tm_models/share/tm_models/urdf/tm5_700_robot.urdf.xacro
[1.359s] -- Up-to-date: /home/gy/Omron_TM_ROS2/install/tm_models/share/tm_models/urdf/tm.transmission.xacro
[1.359s] -- Up-to-date: /home/gy/Omron_TM_ROS2/install/tm_models/share/tm_models/urdf/tm12.urdf.xacro
[1.360s] -- Up-to-date: /home/gy/Omron_TM_ROS2/install/tm_models/share/tm_models/urdf/common.gazebo.xacro
[1.360s] -- Up-to-date: /home/gy/Omron_TM_ROS2/install/tm_models/share/tm_models/urdf/tm5_900_simple.urdf
[1.360s] -- Up-to-date: /home/gy/Omron_TM_ROS2/install/tm_models/share/tm_models/urdf/tm5_700.urdf.xacro
[1.360s] -- Up-to-date: /home/gy/Omron_TM_ROS2/install/tm_models/share/tm_models/urdf/tm12_robot.urdf.xacro
[1.361s] -- Up-to-date: /home/gy/Omron_TM_ROS2/install/tm_models/share/tm_models/urdf/install
[1.361s] -- Up-to-date: /home/gy/Omron_TM_ROS2/install/tm_models/share/tm_models/urdf/install/local_setup.bash
[1.361s] -- Up-to-date: /home/gy/Omron_TM_ROS2/install/tm_models/share/tm_models/urdf/install/setup.zsh
[1.361s] -- Up-to-date: /home/gy/Omron_TM_ROS2/install/tm_models/share/tm_models/urdf/install/setup.ps1
[1.362s] -- Up-to-date: /home/gy/Omron_TM_ROS2/install/tm_models/share/tm_models/urdf/install/.colcon_install_layout
[1.362s] -- Up-to-date: /home/gy/Omron_TM_ROS2/install/tm_models/share/tm_models/urdf/install/_local_setup_util_sh.py
[1.362s] -- Up-to-date: /home/gy/Omron_TM_ROS2/install/tm_models/share/tm_models/urdf/install/_local_setup_util_ps1.py
[1.362s] -- Up-to-date: /home/gy/Omron_TM_ROS2/install/tm_models/share/tm_models/urdf/install/local_setup.ps1
[1.362s] -- Up-to-date: /home/gy/Omron_TM_ROS2/install/tm_models/share/tm_models/urdf/install/local_setup.sh
[1.362s] -- Up-to-date: /home/gy/Omron_TM_ROS2/install/tm_models/share/tm_models/urdf/install/COLCON_IGNORE
[1.362s] -- Up-to-date: /home/gy/Omron_TM_ROS2/install/tm_models/share/tm_models/urdf/install/setup.sh
[1.362s] -- Up-to-date: /home/gy/Omron_TM_ROS2/install/tm_models/share/tm_models/urdf/install/setup.bash
[1.362s] -- Up-to-date: /home/gy/Omron_TM_ROS2/install/tm_models/share/tm_models/urdf/install/local_setup.zsh
[1.362s] -- Up-to-date: /home/gy/Omron_TM_ROS2/install/tm_models/share/tm_models/urdf/tm5_900.urdf.xacro
[1.362s] -- Up-to-date: /home/gy/Omron_TM_ROS2/install/tm_models/share/tm_models/urdf/tm.gazebo.xacro
[1.362s] -- Up-to-date: /home/gy/Omron_TM_ROS2/install/tm_models/share/tm_models/urdf/build
[1.362s] -- Up-to-date: /home/gy/Omron_TM_ROS2/install/tm_models/share/tm_models/urdf/build/.built_by
[1.363s] -- Up-to-date: /home/gy/Omron_TM_ROS2/install/tm_models/share/tm_models/urdf/build/COLCON_IGNORE
[1.363s] -- Up-to-date: /home/gy/Omron_TM_ROS2/install/tm_models/share/tm_models/urdf/tm5_900_robot.urdf.xacro
[1.363s] -- Up-to-date: /home/gy/Omron_TM_ROS2/install/tm_models/share/tm_models/meshes
[1.363s] -- Up-to-date: /home/gy/Omron_TM_ROS2/install/tm_models/share/tm_models/meshes/tm12_1300
[1.363s] -- Up-to-date: /home/gy/Omron_TM_ROS2/install/tm_models/share/tm_models/meshes/tm12_1300/visual
[1.363s] -- Up-to-date: /home/gy/Omron_TM_ROS2/install/tm_models/share/tm_models/meshes/tm12_1300/visual/tm12_arm2.obj
[1.363s] -- Up-to-date: /home/gy/Omron_TM_ROS2/install/tm_models/share/tm_models/meshes/tm12_1300/visual/tm12_base.stl
[1.363s] -- Up-to-date: /home/gy/Omron_TM_ROS2/install/tm_models/share/tm_models/meshes/tm12_1300/visual/tm_100w_02.mtl
[1.364s] -- Up-to-date: /home/gy/Omron_TM_ROS2/install/tm_models/share/tm_models/meshes/tm12_1300/visual/tm12_arm2.stl
[1.364s] -- Up-to-date: /home/gy/Omron_TM_ROS2/install/tm_models/share/tm_models/meshes/tm12_1300/visual/tm_100w_01.mtl
[1.364s] -- Up-to-date: /home/gy/Omron_TM_ROS2/install/tm_models/share/tm_models/meshes/tm12_1300/visual/tm_750w_01.stl
[1.364s] -- Up-to-date: /home/gy/Omron_TM_ROS2/install/tm_models/share/tm_models/meshes/tm12_1300/visual/tm_100w_02.stl
[1.364s] -- Up-to-date: /home/gy/Omron_TM_ROS2/install/tm_models/share/tm_models/meshes/tm12_1300/visual/tm12_arm1.mtl
[1.364s] -- Up-to-date: /home/gy/Omron_TM_ROS2/install/tm_models/share/tm_models/meshes/tm12_1300/visual/tm12_arm2.mtl
[1.365s] -- Up-to-date: /home/gy/Omron_TM_ROS2/install/tm_models/share/tm_models/meshes/tm12_1300/visual/tm_100w_01.obj
[1.365s] -- Up-to-date: /home/gy/Omron_TM_ROS2/install/tm_models/share/tm_models/meshes/tm12_1300/visual/tm_100w_02.obj
[1.365s] -- Up-to-date: /home/gy/Omron_TM_ROS2/install/tm_models/share/tm_models/meshes/tm12_1300/visual/tm_ee.stl
[1.365s] -- Up-to-date: /home/gy/Omron_TM_ROS2/install/tm_models/share/tm_models/meshes/tm12_1300/visual/tm_750w_01.obj
[1.365s] -- Up-to-date: /home/gy/Omron_TM_ROS2/install/tm_models/share/tm_models/meshes/tm12_1300/visual/tm_ee.mtl
[1.365s] -- Up-to-date: /home/gy/Omron_TM_ROS2/install/tm_models/share/tm_models/meshes/tm12_1300/visual/tm_750w_01.mtl
[1.365s] -- Up-to-date: /home/gy/Omron_TM_ROS2/install/tm_models/share/tm_models/meshes/tm12_1300/visual/tm_100w_01.stl
[1.366s] -- Up-to-date: /home/gy/Omron_TM_ROS2/install/tm_models/share/tm_models/meshes/tm12_1300/visual/tm12_base.obj
[1.373s] -- Up-to-date: /home/gy/Omron_TM_ROS2/install/tm_models/share/tm_models/meshes/tm12_1300/visual/tm_ee.obj
[1.373s] -- Up-to-date: /home/gy/Omron_TM_ROS2/install/tm_models/share/tm_models/meshes/tm12_1300/visual/tm12_base.mtl
[1.373s] -- Up-to-date: /home/gy/Omron_TM_ROS2/install/tm_models/share/tm_models/meshes/tm12_1300/visual/tm12_arm1.stl
[1.374s] -- Up-to-date: /home/gy/Omron_TM_ROS2/install/tm_models/share/tm_models/meshes/tm12_1300/visual/tm12_arm1.obj
[1.374s] -- Up-to-date: /home/gy/Omron_TM_ROS2/install/tm_models/share/tm_models/meshes/tm12_1300/collision
[1.374s] -- Up-to-date: /home/gy/Omron_TM_ROS2/install/tm_models/share/tm_models/meshes/tm12_1300/collision/tm_100w_02_c.STL
[1.380s] -- Up-to-date: /home/gy/Omron_TM_ROS2/install/tm_models/share/tm_models/meshes/tm12_1300/collision/tm_400w_01_c.STL
[1.381s] -- Up-to-date: /home/gy/Omron_TM_ROS2/install/tm_models/share/tm_models/meshes/tm12_1300/collision/tm12_arm1_c.STL
[1.381s] -- Up-to-date: /home/gy/Omron_TM_ROS2/install/tm_models/share/tm_models/meshes/tm12_1300/collision/tm_100w_02_c.stl
[1.381s] -- Up-to-date: /home/gy/Omron_TM_ROS2/install/tm_models/share/tm_models/meshes/tm12_1300/collision/tm_750w_01_c.STL
[1.381s] -- Up-to-date: /home/gy/Omron_TM_ROS2/install/tm_models/share/tm_models/meshes/tm12_1300/collision/tm_100w_01_c.STL
[1.381s] -- Up-to-date: /home/gy/Omron_TM_ROS2/install/tm_models/share/tm_models/meshes/tm12_1300/collision/tm_ee_c.stl
[1.381s] -- Up-to-date: /home/gy/Omron_TM_ROS2/install/tm_models/share/tm_models/meshes/tm12_1300/collision/tm12_arm2_c.STL
[1.381s] -- Up-to-date: /home/gy/Omron_TM_ROS2/install/tm_models/share/tm_models/meshes/tm12_1300/collision/tm12_base_c.STL
[1.381s] -- Up-to-date: /home/gy/Omron_TM_ROS2/install/tm_models/share/tm_models/meshes/tm5_700
[1.382s] -- Up-to-date: /home/gy/Omron_TM_ROS2/install/tm_models/share/tm_models/meshes/tm5_700/visual
[1.382s] -- Up-to-date: /home/gy/Omron_TM_ROS2/install/tm_models/share/tm_models/meshes/tm5_700/visual/tm5_700_arm1.obj
[1.382s] -- Up-to-date: /home/gy/Omron_TM_ROS2/install/tm_models/share/tm_models/meshes/tm5_700/visual/tm5_700_arm1.mtl
[1.382s] -- Up-to-date: /home/gy/Omron_TM_ROS2/install/tm_models/share/tm_models/meshes/tm5_700/visual/tm5_700_arm2.obj
[1.382s] -- Up-to-date: /home/gy/Omron_TM_ROS2/install/tm_models/share/tm_models/meshes/tm5_700/visual/tm5_700_arm2.mtl
[1.386s] -- Up-to-date: /home/gy/Omron_TM_ROS2/install/tm_models/share/tm_models/meshes/tm5_700/visual/tm5_700_arm1.stl
[1.386s] -- Up-to-date: /home/gy/Omron_TM_ROS2/install/tm_models/share/tm_models/meshes/tm5_700/visual/tm5_700_arm2.stl
[1.386s] -- Up-to-date: /home/gy/Omron_TM_ROS2/install/tm_models/share/tm_models/meshes/tm5_700/collision
[1.387s] -- Up-to-date: /home/gy/Omron_TM_ROS2/install/tm_models/share/tm_models/meshes/tm5_700/collision/tm5_700_arm1_c.STL
[1.387s] -- Up-to-date: /home/gy/Omron_TM_ROS2/install/tm_models/share/tm_models/meshes/tm5_700/collision/tm5_700_arm2_c.STL
[1.387s] -- Up-to-date: /home/gy/Omron_TM_ROS2/install/tm_models/share/tm_models/meshes/tm5_900
[1.387s] -- Up-to-date: /home/gy/Omron_TM_ROS2/install/tm_models/share/tm_models/meshes/tm5_900/visual
[1.387s] -- Up-to-date: /home/gy/Omron_TM_ROS2/install/tm_models/share/tm_models/meshes/tm5_900/visual/tm5_900_arm1.obj
[1.387s] -- Up-to-date: /home/gy/Omron_TM_ROS2/install/tm_models/share/tm_models/meshes/tm5_900/visual/tm_100w_02.mtl
[1.387s] -- Up-to-date: /home/gy/Omron_TM_ROS2/install/tm_models/share/tm_models/meshes/tm5_900/visual/tm5_base.obj
[1.387s] -- Up-to-date: /home/gy/Omron_TM_ROS2/install/tm_models/share/tm_models/meshes/tm5_900/visual/tm_100w_01.mtl
[1.388s] -- Up-to-date: /home/gy/Omron_TM_ROS2/install/tm_models/share/tm_models/meshes/tm5_900/visual/tm_100w_02.stl
[1.388s] -- Up-to-date: /home/gy/Omron_TM_ROS2/install/tm_models/share/tm_models/meshes/tm5_900/visual/tm5_900_arm1.mtl
[1.388s] -- Up-to-date: /home/gy/Omron_TM_ROS2/install/tm_models/share/tm_models/meshes/tm5_900/visual/tm5_900_arm2.obj
[1.388s] -- Up-to-date: /home/gy/Omron_TM_ROS2/install/tm_models/share/tm_models/meshes/tm5_900/visual/tm5_900_arm2.stl
[1.388s] -- Up-to-date: /home/gy/Omron_TM_ROS2/install/tm_models/share/tm_models/meshes/tm5_900/visual/tm_100w_01.obj
[1.388s] -- Up-to-date: /home/gy/Omron_TM_ROS2/install/tm_models/share/tm_models/meshes/tm5_900/visual/tm5_base.mtl
[1.388s] -- Up-to-date: /home/gy/Omron_TM_ROS2/install/tm_models/share/tm_models/meshes/tm5_900/visual/tm5_base.stl
[1.388s] -- Up-to-date: /home/gy/Omron_TM_ROS2/install/tm_models/share/tm_models/meshes/tm5_900/visual/tm5_900_arm1.stl
[1.388s] -- Up-to-date: /home/gy/Omron_TM_ROS2/install/tm_models/share/tm_models/meshes/tm5_900/visual/tm_100w_02.obj
[1.389s] -- Up-to-date: /home/gy/Omron_TM_ROS2/install/tm_models/share/tm_models/meshes/tm5_900/visual/tm_ee.stl
[1.389s] -- Up-to-date: /home/gy/Omron_TM_ROS2/install/tm_models/share/tm_models/meshes/tm5_900/visual/tm_400w_01.stl
[1.389s] -- Up-to-date: /home/gy/Omron_TM_ROS2/install/tm_models/share/tm_models/meshes/tm5_900/visual/tm_400w_01.obj
[1.389s] -- Up-to-date: /home/gy/Omron_TM_ROS2/install/tm_models/share/tm_models/meshes/tm5_900/visual/tm_400w_01.mtl
[1.389s] -- Up-to-date: /home/gy/Omron_TM_ROS2/install/tm_models/share/tm_models/meshes/tm5_900/visual/tm_ee.mtl
[1.389s] -- Up-to-date: /home/gy/Omron_TM_ROS2/install/tm_models/share/tm_models/meshes/tm5_900/visual/tm_100w_01.stl
[1.389s] -- Up-to-date: /home/gy/Omron_TM_ROS2/install/tm_models/share/tm_models/meshes/tm5_900/visual/tm_ee.obj
[1.389s] -- Up-to-date: /home/gy/Omron_TM_ROS2/install/tm_models/share/tm_models/meshes/tm5_900/visual/tm5_900_arm2.mtl
[1.390s] -- Up-to-date: /home/gy/Omron_TM_ROS2/install/tm_models/share/tm_models/meshes/tm5_900/collision
[1.390s] -- Up-to-date: /home/gy/Omron_TM_ROS2/install/tm_models/share/tm_models/meshes/tm5_900/collision/tm_100w_02_c.STL
[1.390s] -- Up-to-date: /home/gy/Omron_TM_ROS2/install/tm_models/share/tm_models/meshes/tm5_900/collision/tm_400w_01_c.STL
[1.398s] -- Up-to-date: /home/gy/Omron_TM_ROS2/install/tm_models/share/tm_models/meshes/tm5_900/collision/tm_100w_02_c.stl
[1.398s] -- Up-to-date: /home/gy/Omron_TM_ROS2/install/tm_models/share/tm_models/meshes/tm5_900/collision/tm_100w_01_c.STL
[1.398s] -- Up-to-date: /home/gy/Omron_TM_ROS2/install/tm_models/share/tm_models/meshes/tm5_900/collision/tm5_900_arm2_c.STL
[1.398s] -- Up-to-date: /home/gy/Omron_TM_ROS2/install/tm_models/share/tm_models/meshes/tm5_900/collision/tm_ee_c.stl
[1.398s] -- Up-to-date: /home/gy/Omron_TM_ROS2/install/tm_models/share/tm_models/meshes/tm5_900/collision/tm5_900_arm1_c.STL
[1.399s] -- Up-to-date: /home/gy/Omron_TM_ROS2/install/tm_models/share/tm_models/meshes/tm5_900/collision/tm5_base_c.STL
[1.427s] Invoked command in '/home/gy/Omron_TM_ROS2/build/tm_models' returned '0': CMAKE_PREFIX_PATH=/home/gy/Omron_TM_ROS2/install/tmr_mod_urdf:/home/gy/Omron_TM_ROS2/install/tm_get_status:/home/gy/Omron_TM_ROS2/install/rviz_tm:/home/gy/Omron_TM_ROS2/install/pickplace:/opt/ros/foxy:${CMAKE_PREFIX_PATH} /usr/bin/cmake --install /home/gy/Omron_TM_ROS2/build/tm_models
