[0.049s] Invoking command in '/home/gy/Omron_TM_ROS2/build/tmr_moveit_cpp_demo': CMAKE_PREFIX_PATH=${CMAKE_PREFIX_PATH}:/home/gy/Omron_TM_ROS2/install/tmr_mod_urdf:/home/gy/Omron_TM_ROS2/install/tm_get_status:/home/gy/Omron_TM_ROS2/install/pickplace:/opt/ros/foxy /usr/bin/cmake /home/gy/Omron_TM_ROS2/tmr_moveit_cpp_demo -DCMAKE_INSTALL_PREFIX=/home/gy/Omron_TM_ROS2/install/tmr_moveit_cpp_demo
[0.358s] -- The C compiler identification is GNU 9.3.0
[0.652s] -- The CXX compiler identification is GNU 9.3.0
[0.679s] -- Check for working C compiler: /usr/bin/cc
[1.025s] -- Check for working C compiler: /usr/bin/cc -- works
[1.027s] -- Detecting C compiler ABI info
[1.306s] -- Detecting C compiler ABI info - done
[1.358s] -- Detecting C compile features
[1.367s] -- Detecting C compile features - done
[1.372s] -- Check for working CXX compiler: /usr/bin/c++
[1.703s] -- Check for working CXX compiler: /usr/bin/c++ -- works
[1.705s] -- Detecting CXX compiler ABI info
[1.975s] -- Detecting CXX compiler ABI info - done
[2.033s] -- Detecting CXX compile features
[2.033s] -- Detecting CXX compile features - done
[2.056s] -- Found ament_cmake: 0.9.8 (/opt/ros/foxy/share/ament_cmake/cmake)
[2.163s] -- Found PythonInterp: /usr/bin/python3 (found suitable version "3.8.5", minimum required is "3") 
[2.163s] -- Using PYTHON_EXECUTABLE: /usr/bin/python3
[3.097s] -- Found rosidl_default_runtime: 1.0.0 (/opt/ros/foxy/share/rosidl_default_runtime/cmake)
[3.220s] -- Using all available rosidl_typesupport_c: rosidl_typesupport_fastrtps_c;rosidl_typesupport_introspection_c
[3.258s] -- Found rosidl_adapter: 1.2.0 (/opt/ros/foxy/share/rosidl_adapter/cmake)
[3.645s] -- Found OpenSSL: /usr/lib/x86_64-linux-gnu/libcrypto.so (found version "1.1.1f")  
[3.768s] -- Found FastRTPS: /opt/ros/foxy/include  
[4.058s] -- Using all available rosidl_typesupport_cpp: rosidl_typesupport_fastrtps_cpp;rosidl_typesupport_introspection_cpp
[4.359s] -- Found Boost: /usr/lib/x86_64-linux-gnu/cmake/Boost-1.71.0/BoostConfig.cmake (found version "1.71.0") found components: system 
[4.619s] -- Configuring done
[4.629s] -- Generating done
[4.640s] -- Build files have been written to: /home/gy/Omron_TM_ROS2/build/tmr_moveit_cpp_demo
[4.669s] Invoked command in '/home/gy/Omron_TM_ROS2/build/tmr_moveit_cpp_demo' returned '0': CMAKE_PREFIX_PATH=${CMAKE_PREFIX_PATH}:/home/gy/Omron_TM_ROS2/install/tmr_mod_urdf:/home/gy/Omron_TM_ROS2/install/tm_get_status:/home/gy/Omron_TM_ROS2/install/pickplace:/opt/ros/foxy /usr/bin/cmake /home/gy/Omron_TM_ROS2/tmr_moveit_cpp_demo -DCMAKE_INSTALL_PREFIX=/home/gy/Omron_TM_ROS2/install/tmr_moveit_cpp_demo
[4.676s] Invoking command in '/home/gy/Omron_TM_ROS2/build/tmr_moveit_cpp_demo': CMAKE_PREFIX_PATH=${CMAKE_PREFIX_PATH}:/home/gy/Omron_TM_ROS2/install/tmr_mod_urdf:/home/gy/Omron_TM_ROS2/install/tm_get_status:/home/gy/Omron_TM_ROS2/install/pickplace:/opt/ros/foxy /usr/bin/cmake --build /home/gy/Omron_TM_ROS2/build/tmr_moveit_cpp_demo -- -j3 -l3
[4.848s] Invoked command in '/home/gy/Omron_TM_ROS2/build/tmr_moveit_cpp_demo' returned '0': CMAKE_PREFIX_PATH=${CMAKE_PREFIX_PATH}:/home/gy/Omron_TM_ROS2/install/tmr_mod_urdf:/home/gy/Omron_TM_ROS2/install/tm_get_status:/home/gy/Omron_TM_ROS2/install/pickplace:/opt/ros/foxy /usr/bin/cmake --build /home/gy/Omron_TM_ROS2/build/tmr_moveit_cpp_demo -- -j3 -l3
[5.049s] Invoking command in '/home/gy/Omron_TM_ROS2/build/tmr_moveit_cpp_demo': CMAKE_PREFIX_PATH=${CMAKE_PREFIX_PATH}:/home/gy/Omron_TM_ROS2/install/tmr_mod_urdf:/home/gy/Omron_TM_ROS2/install/tm_get_status:/home/gy/Omron_TM_ROS2/install/pickplace:/opt/ros/foxy /usr/bin/cmake --install /home/gy/Omron_TM_ROS2/build/tmr_moveit_cpp_demo
[5.085s] -- Install configuration: ""
[5.086s] -- Up-to-date: /home/gy/Omron_TM_ROS2/install/tmr_moveit_cpp_demo/share/tmr_moveit_cpp_demo/launch
[5.086s] -- Up-to-date: /home/gy/Omron_TM_ROS2/install/tmr_moveit_cpp_demo/share/tmr_moveit_cpp_demo/launch/run_moveit_cpp.rviz
[5.086s] -- Up-to-date: /home/gy/Omron_TM_ROS2/install/tmr_moveit_cpp_demo/share/tmr_moveit_cpp_demo/launch/run_moveit_cpp.launch.py
[5.087s] -- Up-to-date: /home/gy/Omron_TM_ROS2/install/tmr_moveit_cpp_demo/share/tmr_moveit_cpp_demo/config
[5.088s] -- Up-to-date: /home/gy/Omron_TM_ROS2/install/tmr_moveit_cpp_demo/share/tmr_moveit_cpp_demo/config/moveit_cpp.yaml
[5.088s] -- Up-to-date: /home/gy/Omron_TM_ROS2/install/tmr_moveit_cpp_demo/share/tmr_moveit_cpp_demo/config/controllers.yaml
[5.088s] -- Up-to-date: /home/gy/Omron_TM_ROS2/install/tmr_moveit_cpp_demo/share/ament_index/resource_index/package_run_dependencies/tmr_moveit_cpp_demo
[5.089s] -- Installing: /home/gy/Omron_TM_ROS2/install/tmr_moveit_cpp_demo/share/ament_index/resource_index/parent_prefix_path/tmr_moveit_cpp_demo
[5.089s] -- Up-to-date: /home/gy/Omron_TM_ROS2/install/tmr_moveit_cpp_demo/share/tmr_moveit_cpp_demo/environment/ament_prefix_path.sh
[5.090s] -- Installing: /home/gy/Omron_TM_ROS2/install/tmr_moveit_cpp_demo/share/tmr_moveit_cpp_demo/environment/ament_prefix_path.dsv
[5.090s] -- Up-to-date: /home/gy/Omron_TM_ROS2/install/tmr_moveit_cpp_demo/share/tmr_moveit_cpp_demo/environment/path.sh
[5.090s] -- Installing: /home/gy/Omron_TM_ROS2/install/tmr_moveit_cpp_demo/share/tmr_moveit_cpp_demo/environment/path.dsv
[5.091s] -- Up-to-date: /home/gy/Omron_TM_ROS2/install/tmr_moveit_cpp_demo/share/tmr_moveit_cpp_demo/local_setup.bash
[5.091s] -- Installing: /home/gy/Omron_TM_ROS2/install/tmr_moveit_cpp_demo/share/tmr_moveit_cpp_demo/local_setup.sh
[5.092s] -- Up-to-date: /home/gy/Omron_TM_ROS2/install/tmr_moveit_cpp_demo/share/tmr_moveit_cpp_demo/local_setup.zsh
[5.092s] -- Installing: /home/gy/Omron_TM_ROS2/install/tmr_moveit_cpp_demo/share/tmr_moveit_cpp_demo/local_setup.dsv
[5.093s] -- Installing: /home/gy/Omron_TM_ROS2/install/tmr_moveit_cpp_demo/share/tmr_moveit_cpp_demo/package.dsv
[5.093s] -- Up-to-date: /home/gy/Omron_TM_ROS2/install/tmr_moveit_cpp_demo/share/ament_index/resource_index/packages/tmr_moveit_cpp_demo
[5.094s] -- Up-to-date: /home/gy/Omron_TM_ROS2/install/tmr_moveit_cpp_demo/share/tmr_moveit_cpp_demo/cmake/tmr_moveit_cpp_demoConfig.cmake
[5.094s] -- Up-to-date: /home/gy/Omron_TM_ROS2/install/tmr_moveit_cpp_demo/share/tmr_moveit_cpp_demo/cmake/tmr_moveit_cpp_demoConfig-version.cmake
[5.094s] -- Up-to-date: /home/gy/Omron_TM_ROS2/install/tmr_moveit_cpp_demo/share/tmr_moveit_cpp_demo/package.xml
[5.106s] Invoked command in '/home/gy/Omron_TM_ROS2/build/tmr_moveit_cpp_demo' returned '0': CMAKE_PREFIX_PATH=${CMAKE_PREFIX_PATH}:/home/gy/Omron_TM_ROS2/install/tmr_mod_urdf:/home/gy/Omron_TM_ROS2/install/tm_get_status:/home/gy/Omron_TM_ROS2/install/pickplace:/opt/ros/foxy /usr/bin/cmake --install /home/gy/Omron_TM_ROS2/build/tmr_moveit_cpp_demo
