[0.036s] Invoking command in '/home/omron/Omron_TM_ROS2/build/tm_models': CMAKE_PREFIX_PATH=${CMAKE_PREFIX_PATH}:/home/omron/Omron_TM_ROS2/install/tmr_mod_urdf:/home/omron/Omron_TM_ROS2/install/tm_get_status:/home/omron/Omron_TM_ROS2/install/rviz_tm:/home/omron/Omron_TM_ROS2/install/pickplace:/opt/ros/foxy /usr/bin/cmake --build /home/omron/Omron_TM_ROS2/build/tm_models -- -j8 -l8
[0.150s] Invoked command in '/home/omron/Omron_TM_ROS2/build/tm_models' returned '0': CMAKE_PREFIX_PATH=${CMAKE_PREFIX_PATH}:/home/omron/Omron_TM_ROS2/install/tmr_mod_urdf:/home/omron/Omron_TM_ROS2/install/tm_get_status:/home/omron/Omron_TM_ROS2/install/rviz_tm:/home/omron/Omron_TM_ROS2/install/pickplace:/opt/ros/foxy /usr/bin/cmake --build /home/omron/Omron_TM_ROS2/build/tm_models -- -j8 -l8
[0.506s] Invoking command in '/home/omron/Omron_TM_ROS2/build/tm_models': CMAKE_PREFIX_PATH=${CMAKE_PREFIX_PATH}:/home/omron/Omron_TM_ROS2/install/tmr_mod_urdf:/home/omron/Omron_TM_ROS2/install/tm_get_status:/home/omron/Omron_TM_ROS2/install/rviz_tm:/home/omron/Omron_TM_ROS2/install/pickplace:/opt/ros/foxy /usr/bin/cmake --install /home/omron/Omron_TM_ROS2/build/tm_models
[0.625s] -- Install configuration: ""
[0.626s] -- Up-to-date: /home/omron/Omron_TM_ROS2/install/tm_models/share/ament_index/resource_index/package_run_dependencies/tm_models
[0.626s] -- Up-to-date: /home/omron/Omron_TM_ROS2/install/tm_models/share/ament_index/resource_index/parent_prefix_path/tm_models
[0.626s] -- Up-to-date: /home/omron/Omron_TM_ROS2/install/tm_models/share/tm_models/environment/ament_prefix_path.sh
[0.626s] -- Up-to-date: /home/omron/Omron_TM_ROS2/install/tm_models/share/tm_models/environment/ament_prefix_path.dsv
[0.626s] -- Up-to-date: /home/omron/Omron_TM_ROS2/install/tm_models/share/tm_models/environment/path.sh
[0.626s] -- Up-to-date: /home/omron/Omron_TM_ROS2/install/tm_models/share/tm_models/environment/path.dsv
[0.627s] -- Up-to-date: /home/omron/Omron_TM_ROS2/install/tm_models/share/tm_models/local_setup.bash
[0.627s] -- Up-to-date: /home/omron/Omron_TM_ROS2/install/tm_models/share/tm_models/local_setup.sh
[0.627s] -- Up-to-date: /home/omron/Omron_TM_ROS2/install/tm_models/share/tm_models/local_setup.zsh
[0.627s] -- Up-to-date: /home/omron/Omron_TM_ROS2/install/tm_models/share/tm_models/local_setup.dsv
[0.627s] -- Up-to-date: /home/omron/Omron_TM_ROS2/install/tm_models/share/tm_models/package.dsv
[0.627s] -- Up-to-date: /home/omron/Omron_TM_ROS2/install/tm_models/share/ament_index/resource_index/packages/tm_models
[0.628s] -- Up-to-date: /home/omron/Omron_TM_ROS2/install/tm_models/share/tm_models/cmake/tm_modelsConfig.cmake
[0.628s] -- Up-to-date: /home/omron/Omron_TM_ROS2/install/tm_models/share/tm_models/cmake/tm_modelsConfig-version.cmake
[0.633s] -- Up-to-date: /home/omron/Omron_TM_ROS2/install/tm_models/share/tm_models/package.xml
[0.634s] -- Up-to-date: /home/omron/Omron_TM_ROS2/install/tm_models/share/tm_models/launch
[0.634s] -- Up-to-date: /home/omron/Omron_TM_ROS2/install/tm_models/share/tm_models/launch/view_robot.rviz
[0.636s] -- Up-to-date: /home/omron/Omron_TM_ROS2/install/tm_models/share/tm_models/launch/view_tm12.launch
[0.636s] -- Up-to-date: /home/omron/Omron_TM_ROS2/install/tm_models/share/tm_models/launch/tm12_upload.launch
[0.636s] -- Up-to-date: /home/omron/Omron_TM_ROS2/install/tm_models/share/tm_models/urdf
[0.637s] -- Up-to-date: /home/omron/Omron_TM_ROS2/install/tm_models/share/tm_models/urdf/tm12_robot.urdf.xacro
[0.637s] -- Up-to-date: /home/omron/Omron_TM_ROS2/install/tm_models/share/tm_models/urdf/tm5_700_robot.urdf.xacro
[0.637s] -- Up-to-date: /home/omron/Omron_TM_ROS2/install/tm_models/share/tm_models/urdf/tm5_700.urdf.xacro
[0.637s] -- Up-to-date: /home/omron/Omron_TM_ROS2/install/tm_models/share/tm_models/urdf/tm12.urdf.xacro
[0.637s] -- Up-to-date: /home/omron/Omron_TM_ROS2/install/tm_models/share/tm_models/urdf/common.gazebo.xacro
[0.637s] -- Up-to-date: /home/omron/Omron_TM_ROS2/install/tm_models/share/tm_models/urdf/tm5_900_simple.urdf
[0.637s] -- Up-to-date: /home/omron/Omron_TM_ROS2/install/tm_models/share/tm_models/urdf/install
[0.637s] -- Up-to-date: /home/omron/Omron_TM_ROS2/install/tm_models/share/tm_models/urdf/install/setup.bash
[0.637s] -- Up-to-date: /home/omron/Omron_TM_ROS2/install/tm_models/share/tm_models/urdf/install/local_setup.ps1
[0.637s] -- Up-to-date: /home/omron/Omron_TM_ROS2/install/tm_models/share/tm_models/urdf/install/local_setup.zsh
[0.637s] -- Up-to-date: /home/omron/Omron_TM_ROS2/install/tm_models/share/tm_models/urdf/install/setup.sh
[0.637s] -- Up-to-date: /home/omron/Omron_TM_ROS2/install/tm_models/share/tm_models/urdf/install/COLCON_IGNORE
[0.637s] -- Up-to-date: /home/omron/Omron_TM_ROS2/install/tm_models/share/tm_models/urdf/install/setup.zsh
[0.638s] -- Up-to-date: /home/omron/Omron_TM_ROS2/install/tm_models/share/tm_models/urdf/install/_local_setup_util_ps1.py
[0.638s] -- Up-to-date: /home/omron/Omron_TM_ROS2/install/tm_models/share/tm_models/urdf/install/setup.ps1
[0.638s] -- Up-to-date: /home/omron/Omron_TM_ROS2/install/tm_models/share/tm_models/urdf/install/_local_setup_util_sh.py
[0.638s] -- Up-to-date: /home/omron/Omron_TM_ROS2/install/tm_models/share/tm_models/urdf/install/local_setup.sh
[0.638s] -- Up-to-date: /home/omron/Omron_TM_ROS2/install/tm_models/share/tm_models/urdf/install/local_setup.bash
[0.638s] -- Up-to-date: /home/omron/Omron_TM_ROS2/install/tm_models/share/tm_models/urdf/install/.colcon_install_layout
[0.638s] -- Up-to-date: /home/omron/Omron_TM_ROS2/install/tm_models/share/tm_models/urdf/tm5_900_robot.urdf.xacro
[0.658s] -- Up-to-date: /home/omron/Omron_TM_ROS2/install/tm_models/share/tm_models/urdf/tm5_900.urdf.xacro
[0.658s] -- Up-to-date: /home/omron/Omron_TM_ROS2/install/tm_models/share/tm_models/urdf/build
[0.658s] -- Up-to-date: /home/omron/Omron_TM_ROS2/install/tm_models/share/tm_models/urdf/build/.built_by
[0.658s] -- Up-to-date: /home/omron/Omron_TM_ROS2/install/tm_models/share/tm_models/urdf/build/COLCON_IGNORE
[0.658s] -- Up-to-date: /home/omron/Omron_TM_ROS2/install/tm_models/share/tm_models/urdf/log
[0.658s] -- Up-to-date: /home/omron/Omron_TM_ROS2/install/tm_models/share/tm_models/urdf/log/COLCON_IGNORE
[0.658s] -- Up-to-date: /home/omron/Omron_TM_ROS2/install/tm_models/share/tm_models/urdf/log/build_2021-04-20_09-21-56
[0.658s] -- Up-to-date: /home/omron/Omron_TM_ROS2/install/tm_models/share/tm_models/urdf/log/build_2021-04-20_09-21-56/logger_all.log
[0.658s] -- Up-to-date: /home/omron/Omron_TM_ROS2/install/tm_models/share/tm_models/urdf/log/build_2021-04-20_09-21-56/events.log
[0.659s] -- Up-to-date: /home/omron/Omron_TM_ROS2/install/tm_models/share/tm_models/urdf/log/build_2021-04-20_16-49-20
[0.659s] -- Up-to-date: /home/omron/Omron_TM_ROS2/install/tm_models/share/tm_models/urdf/log/build_2021-04-20_16-49-20/logger_all.log
[0.659s] -- Up-to-date: /home/omron/Omron_TM_ROS2/install/tm_models/share/tm_models/urdf/log/build_2021-04-20_16-49-20/events.log
[0.659s] -- Up-to-date: /home/omron/Omron_TM_ROS2/install/tm_models/share/tm_models/urdf/log/build_2021-04-20_14-45-09
[0.659s] -- Up-to-date: /home/omron/Omron_TM_ROS2/install/tm_models/share/tm_models/urdf/log/build_2021-04-20_14-45-09/logger_all.log
[0.659s] -- Up-to-date: /home/omron/Omron_TM_ROS2/install/tm_models/share/tm_models/urdf/log/build_2021-04-20_14-45-09/events.log
[0.659s] -- Up-to-date: /home/omron/Omron_TM_ROS2/install/tm_models/share/tm_models/urdf/log/latest
[0.659s] -- Up-to-date: /home/omron/Omron_TM_ROS2/install/tm_models/share/tm_models/urdf/log/latest_build
[0.659s] -- Up-to-date: /home/omron/Omron_TM_ROS2/install/tm_models/share/tm_models/urdf/tm12.urdf
[0.660s] -- Up-to-date: /home/omron/Omron_TM_ROS2/install/tm_models/share/tm_models/urdf/tm.transmission.xacro
[0.660s] -- Up-to-date: /home/omron/Omron_TM_ROS2/install/tm_models/share/tm_models/urdf/tm.gazebo.xacro
[0.660s] -- Up-to-date: /home/omron/Omron_TM_ROS2/install/tm_models/share/tm_models/meshes
[0.660s] -- Up-to-date: /home/omron/Omron_TM_ROS2/install/tm_models/share/tm_models/meshes/tm5_700
[0.660s] -- Up-to-date: /home/omron/Omron_TM_ROS2/install/tm_models/share/tm_models/meshes/tm5_700/collision
[0.660s] -- Up-to-date: /home/omron/Omron_TM_ROS2/install/tm_models/share/tm_models/meshes/tm5_700/collision/tm5_700_arm1_c.STL
[0.660s] -- Up-to-date: /home/omron/Omron_TM_ROS2/install/tm_models/share/tm_models/meshes/tm5_700/collision/tm5_700_arm2_c.STL
[0.660s] -- Up-to-date: /home/omron/Omron_TM_ROS2/install/tm_models/share/tm_models/meshes/tm5_700/visual
[0.661s] -- Up-to-date: /home/omron/Omron_TM_ROS2/install/tm_models/share/tm_models/meshes/tm5_700/visual/tm5_700_arm2.mtl
[0.662s] -- Up-to-date: /home/omron/Omron_TM_ROS2/install/tm_models/share/tm_models/meshes/tm5_700/visual/tm5_700_arm1.mtl
[0.663s] -- Up-to-date: /home/omron/Omron_TM_ROS2/install/tm_models/share/tm_models/meshes/tm5_700/visual/tm5_700_arm1.stl
[0.663s] -- Up-to-date: /home/omron/Omron_TM_ROS2/install/tm_models/share/tm_models/meshes/tm5_700/visual/tm5_700_arm2.stl
[0.663s] -- Up-to-date: /home/omron/Omron_TM_ROS2/install/tm_models/share/tm_models/meshes/tm5_700/visual/tm5_700_arm2.obj
[0.663s] -- Up-to-date: /home/omron/Omron_TM_ROS2/install/tm_models/share/tm_models/meshes/tm5_700/visual/tm5_700_arm1.obj
[0.663s] -- Up-to-date: /home/omron/Omron_TM_ROS2/install/tm_models/share/tm_models/meshes/tm5_900
[0.664s] -- Up-to-date: /home/omron/Omron_TM_ROS2/install/tm_models/share/tm_models/meshes/tm5_900/collision
[0.664s] -- Up-to-date: /home/omron/Omron_TM_ROS2/install/tm_models/share/tm_models/meshes/tm5_900/collision/tm5_900_arm2_c.STL
[0.664s] -- Up-to-date: /home/omron/Omron_TM_ROS2/install/tm_models/share/tm_models/meshes/tm5_900/collision/tm_400w_01_c.STL
[0.664s] -- Up-to-date: /home/omron/Omron_TM_ROS2/install/tm_models/share/tm_models/meshes/tm5_900/collision/tm_ee_c.stl
[0.664s] -- Up-to-date: /home/omron/Omron_TM_ROS2/install/tm_models/share/tm_models/meshes/tm5_900/collision/tm_100w_02_c.stl
[0.664s] -- Up-to-date: /home/omron/Omron_TM_ROS2/install/tm_models/share/tm_models/meshes/tm5_900/collision/tm5_base_c.STL
[0.664s] -- Up-to-date: /home/omron/Omron_TM_ROS2/install/tm_models/share/tm_models/meshes/tm5_900/collision/tm_100w_01_c.STL
[0.664s] -- Up-to-date: /home/omron/Omron_TM_ROS2/install/tm_models/share/tm_models/meshes/tm5_900/collision/tm_100w_02_c.STL
[0.664s] -- Up-to-date: /home/omron/Omron_TM_ROS2/install/tm_models/share/tm_models/meshes/tm5_900/collision/tm5_900_arm1_c.STL
[0.665s] -- Up-to-date: /home/omron/Omron_TM_ROS2/install/tm_models/share/tm_models/meshes/tm5_900/visual
[0.665s] -- Up-to-date: /home/omron/Omron_TM_ROS2/install/tm_models/share/tm_models/meshes/tm5_900/visual/tm_ee.obj
[0.665s] -- Up-to-date: /home/omron/Omron_TM_ROS2/install/tm_models/share/tm_models/meshes/tm5_900/visual/tm_ee.stl
[0.665s] -- Up-to-date: /home/omron/Omron_TM_ROS2/install/tm_models/share/tm_models/meshes/tm5_900/visual/tm_400w_01.mtl
[0.665s] -- Up-to-date: /home/omron/Omron_TM_ROS2/install/tm_models/share/tm_models/meshes/tm5_900/visual/tm_100w_02.obj
[0.665s] -- Up-to-date: /home/omron/Omron_TM_ROS2/install/tm_models/share/tm_models/meshes/tm5_900/visual/tm5_base.stl
[0.665s] -- Up-to-date: /home/omron/Omron_TM_ROS2/install/tm_models/share/tm_models/meshes/tm5_900/visual/tm_100w_02.mtl
[0.665s] -- Up-to-date: /home/omron/Omron_TM_ROS2/install/tm_models/share/tm_models/meshes/tm5_900/visual/tm5_base.mtl
[0.665s] -- Up-to-date: /home/omron/Omron_TM_ROS2/install/tm_models/share/tm_models/meshes/tm5_900/visual/tm5_base.obj
[0.666s] -- Up-to-date: /home/omron/Omron_TM_ROS2/install/tm_models/share/tm_models/meshes/tm5_900/visual/tm5_900_arm1.stl
[0.666s] -- Up-to-date: /home/omron/Omron_TM_ROS2/install/tm_models/share/tm_models/meshes/tm5_900/visual/tm_400w_01.stl
[0.666s] -- Up-to-date: /home/omron/Omron_TM_ROS2/install/tm_models/share/tm_models/meshes/tm5_900/visual/tm5_900_arm2.obj
[0.666s] -- Up-to-date: /home/omron/Omron_TM_ROS2/install/tm_models/share/tm_models/meshes/tm5_900/visual/tm_400w_01.obj
[0.666s] -- Up-to-date: /home/omron/Omron_TM_ROS2/install/tm_models/share/tm_models/meshes/tm5_900/visual/tm_ee.mtl
[0.667s] -- Up-to-date: /home/omron/Omron_TM_ROS2/install/tm_models/share/tm_models/meshes/tm5_900/visual/tm_100w_02.stl
[0.667s] -- Up-to-date: /home/omron/Omron_TM_ROS2/install/tm_models/share/tm_models/meshes/tm5_900/visual/tm5_900_arm1.mtl
[0.667s] -- Up-to-date: /home/omron/Omron_TM_ROS2/install/tm_models/share/tm_models/meshes/tm5_900/visual/tm5_900_arm2.stl
[0.667s] -- Up-to-date: /home/omron/Omron_TM_ROS2/install/tm_models/share/tm_models/meshes/tm5_900/visual/tm_100w_01.obj
[0.667s] -- Up-to-date: /home/omron/Omron_TM_ROS2/install/tm_models/share/tm_models/meshes/tm5_900/visual/tm5_900_arm2.mtl
[0.667s] -- Up-to-date: /home/omron/Omron_TM_ROS2/install/tm_models/share/tm_models/meshes/tm5_900/visual/tm_100w_01.mtl
[0.668s] -- Up-to-date: /home/omron/Omron_TM_ROS2/install/tm_models/share/tm_models/meshes/tm5_900/visual/tm_100w_01.stl
[0.668s] -- Up-to-date: /home/omron/Omron_TM_ROS2/install/tm_models/share/tm_models/meshes/tm5_900/visual/tm5_900_arm1.obj
[0.668s] -- Up-to-date: /home/omron/Omron_TM_ROS2/install/tm_models/share/tm_models/meshes/tm12_1300
[0.668s] -- Up-to-date: /home/omron/Omron_TM_ROS2/install/tm_models/share/tm_models/meshes/tm12_1300/collision
[0.668s] -- Up-to-date: /home/omron/Omron_TM_ROS2/install/tm_models/share/tm_models/meshes/tm12_1300/collision/tm12_base_c.STL
[0.669s] -- Up-to-date: /home/omron/Omron_TM_ROS2/install/tm_models/share/tm_models/meshes/tm12_1300/collision/tm_750w_01_c.STL
[0.669s] -- Up-to-date: /home/omron/Omron_TM_ROS2/install/tm_models/share/tm_models/meshes/tm12_1300/collision/tm_400w_01_c.STL
[0.669s] -- Up-to-date: /home/omron/Omron_TM_ROS2/install/tm_models/share/tm_models/meshes/tm12_1300/collision/tm_ee_c.stl
[0.669s] -- Up-to-date: /home/omron/Omron_TM_ROS2/install/tm_models/share/tm_models/meshes/tm12_1300/collision/tm12_arm1_c.STL
[0.677s] -- Up-to-date: /home/omron/Omron_TM_ROS2/install/tm_models/share/tm_models/meshes/tm12_1300/collision/tm12_arm2_c.STL
[0.686s] -- Up-to-date: /home/omron/Omron_TM_ROS2/install/tm_models/share/tm_models/meshes/tm12_1300/collision/tm_100w_02_c.stl
[0.686s] -- Up-to-date: /home/omron/Omron_TM_ROS2/install/tm_models/share/tm_models/meshes/tm12_1300/collision/tm_100w_01_c.STL
[0.687s] -- Up-to-date: /home/omron/Omron_TM_ROS2/install/tm_models/share/tm_models/meshes/tm12_1300/collision/tm_100w_02_c.STL
[0.687s] -- Up-to-date: /home/omron/Omron_TM_ROS2/install/tm_models/share/tm_models/meshes/tm12_1300/visual
[0.697s] -- Up-to-date: /home/omron/Omron_TM_ROS2/install/tm_models/share/tm_models/meshes/tm12_1300/visual/tm_ee.obj
[0.699s] -- Up-to-date: /home/omron/Omron_TM_ROS2/install/tm_models/share/tm_models/meshes/tm12_1300/visual/tm_ee.stl
[0.699s] -- Up-to-date: /home/omron/Omron_TM_ROS2/install/tm_models/share/tm_models/meshes/tm12_1300/visual/tm12_base.obj
[0.699s] -- Up-to-date: /home/omron/Omron_TM_ROS2/install/tm_models/share/tm_models/meshes/tm12_1300/visual/tm12_arm1.stl
[0.699s] -- Up-to-date: /home/omron/Omron_TM_ROS2/install/tm_models/share/tm_models/meshes/tm12_1300/visual/tm_100w_02.obj
[0.699s] -- Up-to-date: /home/omron/Omron_TM_ROS2/install/tm_models/share/tm_models/meshes/tm12_1300/visual/tm_100w_02.mtl
[0.700s] -- Up-to-date: /home/omron/Omron_TM_ROS2/install/tm_models/share/tm_models/meshes/tm12_1300/visual/tm12_arm1.obj
[0.700s] -- Up-to-date: /home/omron/Omron_TM_ROS2/install/tm_models/share/tm_models/meshes/tm12_1300/visual/tm12_base.stl
[0.700s] -- Up-to-date: /home/omron/Omron_TM_ROS2/install/tm_models/share/tm_models/meshes/tm12_1300/visual/tm12_arm2.mtl
[0.700s] -- Up-to-date: /home/omron/Omron_TM_ROS2/install/tm_models/share/tm_models/meshes/tm12_1300/visual/tm_750w_01.stl
[0.700s] -- Up-to-date: /home/omron/Omron_TM_ROS2/install/tm_models/share/tm_models/meshes/tm12_1300/visual/tm12_arm1.mtl
[0.700s] -- Up-to-date: /home/omron/Omron_TM_ROS2/install/tm_models/share/tm_models/meshes/tm12_1300/visual/tm12_arm2.obj
[0.700s] -- Up-to-date: /home/omron/Omron_TM_ROS2/install/tm_models/share/tm_models/meshes/tm12_1300/visual/tm_750w_01.obj
[0.700s] -- Up-to-date: /home/omron/Omron_TM_ROS2/install/tm_models/share/tm_models/meshes/tm12_1300/visual/tm_ee.mtl
[0.701s] -- Up-to-date: /home/omron/Omron_TM_ROS2/install/tm_models/share/tm_models/meshes/tm12_1300/visual/tm_100w_02.stl
[0.701s] -- Up-to-date: /home/omron/Omron_TM_ROS2/install/tm_models/share/tm_models/meshes/tm12_1300/visual/tm12_arm2.stl
[0.701s] -- Up-to-date: /home/omron/Omron_TM_ROS2/install/tm_models/share/tm_models/meshes/tm12_1300/visual/tm_750w_01.mtl
[0.701s] -- Up-to-date: /home/omron/Omron_TM_ROS2/install/tm_models/share/tm_models/meshes/tm12_1300/visual/tm_100w_01.obj
[0.701s] -- Up-to-date: /home/omron/Omron_TM_ROS2/install/tm_models/share/tm_models/meshes/tm12_1300/visual/tm_100w_01.mtl
[0.701s] -- Up-to-date: /home/omron/Omron_TM_ROS2/install/tm_models/share/tm_models/meshes/tm12_1300/visual/tm_100w_01.stl
[0.701s] -- Up-to-date: /home/omron/Omron_TM_ROS2/install/tm_models/share/tm_models/meshes/tm12_1300/visual/tm12_base.mtl
[0.702s] Invoked command in '/home/omron/Omron_TM_ROS2/build/tm_models' returned '0': CMAKE_PREFIX_PATH=${CMAKE_PREFIX_PATH}:/home/omron/Omron_TM_ROS2/install/tmr_mod_urdf:/home/omron/Omron_TM_ROS2/install/tm_get_status:/home/omron/Omron_TM_ROS2/install/rviz_tm:/home/omron/Omron_TM_ROS2/install/pickplace:/opt/ros/foxy /usr/bin/cmake --install /home/omron/Omron_TM_ROS2/build/tm_models
