[0.550s] Invoking command in '/home/gy/Omron_TM_ROS2/build/pickplace': PYTHONPATH=/home/gy/Omron_TM_ROS2/install/pickplace/lib/python3.8/site-packages:${PYTHONPATH} /usr/bin/python3 setup.py develop --prefix /home/gy/Omron_TM_ROS2/install/pickplace --editable --build-directory /home/gy/Omron_TM_ROS2/build/pickplace/build --no-deps install_data --install-dir /home/gy/Omron_TM_ROS2/install/pickplace
[1.120s] running develop
[1.372s] running egg_info
[1.373s] writing pickplace.egg-info/PKG-INFO
[1.373s] writing dependency_links to pickplace.egg-info/dependency_links.txt
[1.374s] writing entry points to pickplace.egg-info/entry_points.txt
[1.374s] writing requirements to pickplace.egg-info/requires.txt
[1.374s] writing top-level names to pickplace.egg-info/top_level.txt
[1.447s] reading manifest file 'pickplace.egg-info/SOURCES.txt'
[1.448s] writing manifest file 'pickplace.egg-info/SOURCES.txt'
[1.596s] running build_ext
[1.597s] Creating /home/gy/Omron_TM_ROS2/install/pickplace/lib/python3.8/site-packages/site.py
[1.599s] Creating /home/gy/Omron_TM_ROS2/install/pickplace/lib/python3.8/site-packages/pickplace.egg-link (link to .)
[1.600s] Installing pickplace script to /home/gy/Omron_TM_ROS2/install/pickplace/lib/pickplace
[1.601s] Installing teach_setup script to /home/gy/Omron_TM_ROS2/install/pickplace/lib/pickplace
[1.601s] 
[1.601s] Installed /home/gy/Omron_TM_ROS2/build/pickplace
[1.601s] running install_data
[1.602s] creating /home/gy/Omron_TM_ROS2/install/pickplace/share/ament_index
[1.602s] creating /home/gy/Omron_TM_ROS2/install/pickplace/share/ament_index/resource_index
[1.602s] creating /home/gy/Omron_TM_ROS2/install/pickplace/share/ament_index/resource_index/packages
[1.603s] copying resource/pickplace -> /home/gy/Omron_TM_ROS2/install/pickplace/share/ament_index/resource_index/packages
[1.603s] copying package.xml -> /home/gy/Omron_TM_ROS2/install/pickplace/share/pickplace
[1.603s] creating /home/gy/Omron_TM_ROS2/install/pickplace/share/pickplace/pp_library
[1.604s] error: can't copy 'launch/teach_setup.launch.py': doesn't exist or not a regular file
[1.605s] copying pp_library/Modbus.py -> /home/gy/Omron_TM_ROS2/install/pickplace/share/pickplace/pp_library
[1.605s] copying pp_library/Script.py -> /home/gy/Omron_TM_ROS2/install/pickplace/share/pickplace/pp_library
[1.605s] copying pp_library/Transform.py -> /home/gy/Omron_TM_ROS2/install/pickplace/share/pickplace/pp_library
[1.605s] copying pp_library/IO.py -> /home/gy/Omron_TM_ROS2/install/pickplace/share/pickplace/pp_library
[1.605s] copying pp_library/Move.py -> /home/gy/Omron_TM_ROS2/install/pickplace/share/pickplace/pp_library
[1.605s] copying pp_library/Waiter.py -> /home/gy/Omron_TM_ROS2/install/pickplace/share/pickplace/pp_library
[1.651s] Invoked command in '/home/gy/Omron_TM_ROS2/build/pickplace' returned '1': PYTHONPATH=/home/gy/Omron_TM_ROS2/install/pickplace/lib/python3.8/site-packages:${PYTHONPATH} /usr/bin/python3 setup.py develop --prefix /home/gy/Omron_TM_ROS2/install/pickplace --editable --build-directory /home/gy/Omron_TM_ROS2/build/pickplace/build --no-deps install_data --install-dir /home/gy/Omron_TM_ROS2/install/pickplace
