[0.193s] Invoking command in '/home/gy/Omron_TM_ROS2/build/tm_msgs': CMAKE_PREFIX_PATH=${CMAKE_PREFIX_PATH}:/home/gy/Omron_TM_ROS2/install/tmr_mod_urdf:/home/gy/Omron_TM_ROS2/install/tm_get_status:/home/gy/Omron_TM_ROS2/install/pickplace:/opt/ros/foxy /usr/bin/cmake --build /home/gy/Omron_TM_ROS2/build/tm_msgs -- -j3 -l3
[1.532s] CMake Error: The current CMakeCache.txt directory /home/gy/Omron_TM_ROS2/build/tm_msgs/CMakeCache.txt is different than the directory /home/gy/tmr_ros2/build/tm_msgs where CMakeCache.txt was created. This may result in binaries being created in the wrong place. If you are not sure, reedit the CMakeCache.txt
[2.110s] -- Found ament_cmake: 0.9.8 (/opt/ros/foxy/share/ament_cmake/cmake)
[2.324s] -- Found PythonInterp: /usr/bin/python3 (found suitable version "3.8.5", minimum required is "3") 
[2.324s] -- Using PYTHON_EXECUTABLE: /usr/bin/python3
[3.508s] -- Found std_msgs: 2.0.3 (/opt/ros/foxy/share/std_msgs/cmake)
[4.252s] -- Using all available rosidl_typesupport_c: rosidl_typesupport_fastrtps_c;rosidl_typesupport_introspection_c
[4.260s] -- Found rosidl_adapter: 1.2.0 (/opt/ros/foxy/share/rosidl_adapter/cmake)
[5.411s] -- Using all available rosidl_typesupport_cpp: rosidl_typesupport_fastrtps_cpp;rosidl_typesupport_introspection_cpp
[5.771s] -- Found rosidl_default_generators: 1.0.0 (/opt/ros/foxy/share/rosidl_default_generators/cmake)
[5.991s] -- Found PythonInterp: /usr/bin/python3 (found version "3.8.5") 
[7.463s] -- Found ament_cmake_ros: 0.9.1 (/opt/ros/foxy/share/ament_cmake_ros/cmake)
[8.007s] -- Using all available rosidl_typesupport_c: rosidl_typesupport_fastrtps_c;rosidl_typesupport_introspection_c
[8.341s] -- Using all available rosidl_typesupport_cpp: rosidl_typesupport_fastrtps_cpp;rosidl_typesupport_introspection_cpp
[8.405s] -- Found PythonInterp: /usr/bin/python3 (found suitable version "3.8.5", minimum required is "3.5") 
[8.406s] -- Found python_cmake_module: 0.8.0 (/opt/ros/foxy/share/python_cmake_module/cmake)
[8.454s] -- Using PYTHON_EXECUTABLE: /usr/bin/python3
[8.455s] -- Using PYTHON_INCLUDE_DIRS: /usr/include/python3.8
[8.455s] -- Using PYTHON_LIBRARIES: /usr/lib/x86_64-linux-gnu/libpython3.8.so
[8.824s] -- Configuring done
[10.725s] -- Generating done
[10.766s] -- Build files have been written to: /home/gy/tmr_ros2/build/tm_msgs
[10.966s] [  0%] Built target tm_msgs__cpp
[11.172s] [ 11%] Built target tm_msgs__rosidl_typesupport_fastrtps_cpp
[11.206s] [ 23%] Built target tm_msgs__rosidl_generator_c
[11.250s] [ 35%] Built target tm_msgs__rosidl_typesupport_introspection_cpp
[11.314s] [ 47%] Built target tm_msgs__rosidl_typesupport_cpp
[11.389s] [ 59%] Built target tm_msgs__rosidl_typesupport_c
[11.411s] [ 71%] Built target tm_msgs__rosidl_typesupport_fastrtps_c
[11.543s] [ 83%] Built target tm_msgs__rosidl_typesupport_introspection_c
[11.632s] [ 83%] Built target tm_msgs
[11.687s] [ 84%] Built target tm_msgs__py
[11.896s] [ 95%] Built target tm_msgs__python
[12.081s] [ 97%] Built target tm_msgs__rosidl_typesupport_introspection_c__pyext
[12.168s] [ 98%] Built target tm_msgs__rosidl_typesupport_c__pyext
[12.169s] [100%] Built target tm_msgs__rosidl_typesupport_fastrtps_c__pyext
[12.268s] Invoked command in '/home/gy/Omron_TM_ROS2/build/tm_msgs' returned '0': CMAKE_PREFIX_PATH=${CMAKE_PREFIX_PATH}:/home/gy/Omron_TM_ROS2/install/tmr_mod_urdf:/home/gy/Omron_TM_ROS2/install/tm_get_status:/home/gy/Omron_TM_ROS2/install/pickplace:/opt/ros/foxy /usr/bin/cmake --build /home/gy/Omron_TM_ROS2/build/tm_msgs -- -j3 -l3
[12.917s] Invoking command in '/home/gy/Omron_TM_ROS2/build/tm_msgs': CMAKE_PREFIX_PATH=${CMAKE_PREFIX_PATH}:/home/gy/Omron_TM_ROS2/install/tmr_mod_urdf:/home/gy/Omron_TM_ROS2/install/tm_get_status:/home/gy/Omron_TM_ROS2/install/pickplace:/opt/ros/foxy /usr/bin/cmake --install /home/gy/Omron_TM_ROS2/build/tm_msgs
[12.994s] -- Install configuration: ""
[13.017s] -- Up-to-date: /home/gy/tmr_ros2/install/tm_msgs/share/ament_index/resource_index/rosidl_interfaces/tm_msgs
[13.030s] -- Up-to-date: /home/gy/tmr_ros2/install/tm_msgs/include/tm_msgs
[13.044s] -- Up-to-date: /home/gy/tmr_ros2/install/tm_msgs/include/tm_msgs/srv
[13.045s] -- Up-to-date: /home/gy/tmr_ros2/install/tm_msgs/include/tm_msgs/srv/detail
[13.051s] -- Up-to-date: /home/gy/tmr_ros2/install/tm_msgs/include/tm_msgs/srv/detail/set_io__type_support.h
[13.051s] -- Up-to-date: /home/gy/tmr_ros2/install/tm_msgs/include/tm_msgs/srv/detail/set_positions__functions.h
[13.051s] -- Up-to-date: /home/gy/tmr_ros2/install/tm_msgs/include/tm_msgs/srv/detail/ask_sta__functions.h
[13.051s] -- Up-to-date: /home/gy/tmr_ros2/install/tm_msgs/include/tm_msgs/srv/detail/set_positions__functions.c
[13.052s] -- Up-to-date: /home/gy/tmr_ros2/install/tm_msgs/include/tm_msgs/srv/detail/set_io__functions.h
[13.052s] -- Up-to-date: /home/gy/tmr_ros2/install/tm_msgs/include/tm_msgs/srv/detail/send_script__type_support.h
[13.052s] -- Up-to-date: /home/gy/tmr_ros2/install/tm_msgs/include/tm_msgs/srv/detail/send_script__struct.h
[13.052s] -- Up-to-date: /home/gy/tmr_ros2/install/tm_msgs/include/tm_msgs/srv/detail/set_event__struct.h
[13.052s] -- Up-to-date: /home/gy/tmr_ros2/install/tm_msgs/include/tm_msgs/srv/detail/set_event__functions.h
[13.052s] -- Up-to-date: /home/gy/tmr_ros2/install/tm_msgs/include/tm_msgs/srv/detail/set_event__type_support.h
[13.053s] -- Up-to-date: /home/gy/tmr_ros2/install/tm_msgs/include/tm_msgs/srv/detail/connect_tm__functions.c
[13.053s] -- Up-to-date: /home/gy/tmr_ros2/install/tm_msgs/include/tm_msgs/srv/detail/ask_sta__struct.h
[13.053s] -- Up-to-date: /home/gy/tmr_ros2/install/tm_msgs/include/tm_msgs/srv/detail/set_io__struct.h
[13.065s] -- Up-to-date: /home/gy/tmr_ros2/install/tm_msgs/include/tm_msgs/srv/detail/send_script__functions.h
[13.065s] -- Up-to-date: /home/gy/tmr_ros2/install/tm_msgs/include/tm_msgs/srv/detail/set_positions__type_support.h
[13.065s] -- Up-to-date: /home/gy/tmr_ros2/install/tm_msgs/include/tm_msgs/srv/detail/set_io__functions.c
[13.065s] -- Up-to-date: /home/gy/tmr_ros2/install/tm_msgs/include/tm_msgs/srv/detail/ask_sta__functions.c
[13.065s] -- Up-to-date: /home/gy/tmr_ros2/install/tm_msgs/include/tm_msgs/srv/detail/ask_item__functions.c
[13.065s] -- Up-to-date: /home/gy/tmr_ros2/install/tm_msgs/include/tm_msgs/srv/detail/write_item__functions.h
[13.066s] -- Up-to-date: /home/gy/tmr_ros2/install/tm_msgs/include/tm_msgs/srv/detail/connect_tm__type_support.h
[13.066s] -- Up-to-date: /home/gy/tmr_ros2/install/tm_msgs/include/tm_msgs/srv/detail/send_script__functions.c
[13.066s] -- Up-to-date: /home/gy/tmr_ros2/install/tm_msgs/include/tm_msgs/srv/detail/ask_item__type_support.h
[13.066s] -- Up-to-date: /home/gy/tmr_ros2/install/tm_msgs/include/tm_msgs/srv/detail/set_positions__struct.h
[13.066s] -- Up-to-date: /home/gy/tmr_ros2/install/tm_msgs/include/tm_msgs/srv/detail/write_item__functions.c
[13.067s] -- Up-to-date: /home/gy/tmr_ros2/install/tm_msgs/include/tm_msgs/srv/detail/write_item__struct.h
[13.068s] -- Up-to-date: /home/gy/tmr_ros2/install/tm_msgs/include/tm_msgs/srv/detail/connect_tm__struct.h
[13.068s] -- Up-to-date: /home/gy/tmr_ros2/install/tm_msgs/include/tm_msgs/srv/detail/ask_item__functions.h
[13.068s] -- Up-to-date: /home/gy/tmr_ros2/install/tm_msgs/include/tm_msgs/srv/detail/set_event__functions.c
[13.068s] -- Up-to-date: /home/gy/tmr_ros2/install/tm_msgs/include/tm_msgs/srv/detail/connect_tm__functions.h
[13.073s] -- Up-to-date: /home/gy/tmr_ros2/install/tm_msgs/include/tm_msgs/srv/detail/ask_item__struct.h
[13.073s] -- Up-to-date: /home/gy/tmr_ros2/install/tm_msgs/include/tm_msgs/srv/detail/write_item__type_support.h
[13.073s] -- Up-to-date: /home/gy/tmr_ros2/install/tm_msgs/include/tm_msgs/srv/detail/ask_sta__type_support.h
[13.073s] -- Up-to-date: /home/gy/tmr_ros2/install/tm_msgs/include/tm_msgs/srv/connect_tm.h
[13.073s] -- Up-to-date: /home/gy/tmr_ros2/install/tm_msgs/include/tm_msgs/srv/ask_item.h
[13.074s] -- Up-to-date: /home/gy/tmr_ros2/install/tm_msgs/include/tm_msgs/srv/write_item.h
[13.074s] -- Up-to-date: /home/gy/tmr_ros2/install/tm_msgs/include/tm_msgs/srv/set_io.h
[13.074s] -- Up-to-date: /home/gy/tmr_ros2/install/tm_msgs/include/tm_msgs/srv/set_positions.h
[13.074s] -- Up-to-date: /home/gy/tmr_ros2/install/tm_msgs/include/tm_msgs/srv/send_script.h
[13.074s] -- Up-to-date: /home/gy/tmr_ros2/install/tm_msgs/include/tm_msgs/srv/ask_sta.h
[13.074s] -- Up-to-date: /home/gy/tmr_ros2/install/tm_msgs/include/tm_msgs/srv/set_event.h
[13.074s] -- Up-to-date: /home/gy/tmr_ros2/install/tm_msgs/include/tm_msgs/msg
[13.075s] -- Up-to-date: /home/gy/tmr_ros2/install/tm_msgs/include/tm_msgs/msg/detail
[13.085s] -- Up-to-date: /home/gy/tmr_ros2/install/tm_msgs/include/tm_msgs/msg/detail/feedback_state__type_support.h
[13.085s] -- Up-to-date: /home/gy/tmr_ros2/install/tm_msgs/include/tm_msgs/msg/detail/feedback_state__functions.h
[13.085s] -- Up-to-date: /home/gy/tmr_ros2/install/tm_msgs/include/tm_msgs/msg/detail/svr_response__type_support.h
[13.086s] -- Up-to-date: /home/gy/tmr_ros2/install/tm_msgs/include/tm_msgs/msg/detail/sta_response__functions.c
[13.086s] -- Up-to-date: /home/gy/tmr_ros2/install/tm_msgs/include/tm_msgs/msg/detail/sta_response__type_support.h
[13.086s] -- Up-to-date: /home/gy/tmr_ros2/install/tm_msgs/include/tm_msgs/msg/detail/sct_response__functions.c
[13.086s] -- Up-to-date: /home/gy/tmr_ros2/install/tm_msgs/include/tm_msgs/msg/detail/feedback_state__functions.c
[13.086s] -- Up-to-date: /home/gy/tmr_ros2/install/tm_msgs/include/tm_msgs/msg/detail/sct_response__type_support.h
[13.086s] -- Up-to-date: /home/gy/tmr_ros2/install/tm_msgs/include/tm_msgs/msg/detail/svr_response__struct.h
[13.090s] -- Up-to-date: /home/gy/tmr_ros2/install/tm_msgs/include/tm_msgs/msg/detail/svr_response__functions.h
[13.091s] -- Up-to-date: /home/gy/tmr_ros2/install/tm_msgs/include/tm_msgs/msg/detail/sct_response__functions.h
[13.091s] -- Up-to-date: /home/gy/tmr_ros2/install/tm_msgs/include/tm_msgs/msg/detail/feedback_state__struct.h
[13.092s] -- Up-to-date: /home/gy/tmr_ros2/install/tm_msgs/include/tm_msgs/msg/detail/sta_response__functions.h
[13.093s] -- Up-to-date: /home/gy/tmr_ros2/install/tm_msgs/include/tm_msgs/msg/detail/svr_response__functions.c
[13.093s] -- Up-to-date: /home/gy/tmr_ros2/install/tm_msgs/include/tm_msgs/msg/detail/sta_response__struct.h
[13.093s] -- Up-to-date: /home/gy/tmr_ros2/install/tm_msgs/include/tm_msgs/msg/detail/sct_response__struct.h
[13.093s] -- Up-to-date: /home/gy/tmr_ros2/install/tm_msgs/include/tm_msgs/msg/svr_response.h
[13.093s] -- Up-to-date: /home/gy/tmr_ros2/install/tm_msgs/include/tm_msgs/msg/feedback_state.h
[13.093s] -- Up-to-date: /home/gy/tmr_ros2/install/tm_msgs/include/tm_msgs/msg/sct_response.h
[13.093s] -- Up-to-date: /home/gy/tmr_ros2/install/tm_msgs/include/tm_msgs/msg/rosidl_generator_c__visibility_control.h
[13.093s] -- Up-to-date: /home/gy/tmr_ros2/install/tm_msgs/include/tm_msgs/msg/sta_response.h
[13.094s] -- Up-to-date: /home/gy/tmr_ros2/install/tm_msgs/share/tm_msgs/environment/library_path.sh
[13.094s] -- Installing: /home/gy/tmr_ros2/install/tm_msgs/share/tm_msgs/environment/library_path.dsv
[13.141s] -- Up-to-date: /home/gy/tmr_ros2/install/tm_msgs/lib/libtm_msgs__rosidl_generator_c.so
[13.142s] -- Up-to-date: /home/gy/tmr_ros2/install/tm_msgs/include/tm_msgs
[13.143s] -- Up-to-date: /home/gy/tmr_ros2/install/tm_msgs/include/tm_msgs/srv
[13.143s] -- Up-to-date: /home/gy/tmr_ros2/install/tm_msgs/include/tm_msgs/srv/detail
[13.143s] -- Up-to-date: /home/gy/tmr_ros2/install/tm_msgs/include/tm_msgs/srv/detail/connect_tm__rosidl_typesupport_fastrtps_c.h
[13.144s] -- Up-to-date: /home/gy/tmr_ros2/install/tm_msgs/include/tm_msgs/srv/detail/set_event__rosidl_typesupport_fastrtps_c.h
[13.146s] -- Up-to-date: /home/gy/tmr_ros2/install/tm_msgs/include/tm_msgs/srv/detail/set_io__rosidl_typesupport_fastrtps_c.h
[13.147s] -- Up-to-date: /home/gy/tmr_ros2/install/tm_msgs/include/tm_msgs/srv/detail/ask_sta__rosidl_typesupport_fastrtps_c.h
[13.147s] -- Up-to-date: /home/gy/tmr_ros2/install/tm_msgs/include/tm_msgs/srv/detail/set_positions__rosidl_typesupport_fastrtps_c.h
[13.147s] -- Up-to-date: /home/gy/tmr_ros2/install/tm_msgs/include/tm_msgs/srv/detail/send_script__rosidl_typesupport_fastrtps_c.h
[13.147s] -- Up-to-date: /home/gy/tmr_ros2/install/tm_msgs/include/tm_msgs/srv/detail/ask_item__rosidl_typesupport_fastrtps_c.h
[13.148s] -- Up-to-date: /home/gy/tmr_ros2/install/tm_msgs/include/tm_msgs/srv/detail/write_item__rosidl_typesupport_fastrtps_c.h
[13.148s] -- Up-to-date: /home/gy/tmr_ros2/install/tm_msgs/include/tm_msgs/msg
[13.148s] -- Up-to-date: /home/gy/tmr_ros2/install/tm_msgs/include/tm_msgs/msg/detail
[13.148s] -- Up-to-date: /home/gy/tmr_ros2/install/tm_msgs/include/tm_msgs/msg/detail/sct_response__rosidl_typesupport_fastrtps_c.h
[13.148s] -- Up-to-date: /home/gy/tmr_ros2/install/tm_msgs/include/tm_msgs/msg/detail/sta_response__rosidl_typesupport_fastrtps_c.h
[13.148s] -- Up-to-date: /home/gy/tmr_ros2/install/tm_msgs/include/tm_msgs/msg/detail/feedback_state__rosidl_typesupport_fastrtps_c.h
[13.149s] -- Up-to-date: /home/gy/tmr_ros2/install/tm_msgs/include/tm_msgs/msg/detail/svr_response__rosidl_typesupport_fastrtps_c.h
[13.149s] -- Up-to-date: /home/gy/tmr_ros2/install/tm_msgs/include/tm_msgs/msg/rosidl_typesupport_fastrtps_c__visibility_control.h
[13.162s] -- Up-to-date: /home/gy/tmr_ros2/install/tm_msgs/lib/libtm_msgs__rosidl_typesupport_fastrtps_c.so
[13.162s] -- Up-to-date: /home/gy/tmr_ros2/install/tm_msgs/include/tm_msgs
[13.162s] -- Up-to-date: /home/gy/tmr_ros2/install/tm_msgs/include/tm_msgs/srv
[13.162s] -- Up-to-date: /home/gy/tmr_ros2/install/tm_msgs/include/tm_msgs/srv/detail
[13.162s] -- Up-to-date: /home/gy/tmr_ros2/install/tm_msgs/include/tm_msgs/srv/detail/connect_tm__rosidl_typesupport_fastrtps_cpp.hpp
[13.163s] -- Up-to-date: /home/gy/tmr_ros2/install/tm_msgs/include/tm_msgs/srv/detail/set_io__rosidl_typesupport_fastrtps_cpp.hpp
[13.163s] -- Up-to-date: /home/gy/tmr_ros2/install/tm_msgs/include/tm_msgs/srv/detail/ask_sta__rosidl_typesupport_fastrtps_cpp.hpp
[13.163s] -- Up-to-date: /home/gy/tmr_ros2/install/tm_msgs/include/tm_msgs/srv/detail/write_item__rosidl_typesupport_fastrtps_cpp.hpp
[13.163s] -- Up-to-date: /home/gy/tmr_ros2/install/tm_msgs/include/tm_msgs/srv/detail/send_script__rosidl_typesupport_fastrtps_cpp.hpp
[13.163s] -- Up-to-date: /home/gy/tmr_ros2/install/tm_msgs/include/tm_msgs/srv/detail/set_event__rosidl_typesupport_fastrtps_cpp.hpp
[13.163s] -- Up-to-date: /home/gy/tmr_ros2/install/tm_msgs/include/tm_msgs/srv/detail/ask_item__rosidl_typesupport_fastrtps_cpp.hpp
[13.163s] -- Up-to-date: /home/gy/tmr_ros2/install/tm_msgs/include/tm_msgs/srv/detail/dds_fastrtps
[13.163s] -- Up-to-date: /home/gy/tmr_ros2/install/tm_msgs/include/tm_msgs/srv/detail/set_positions__rosidl_typesupport_fastrtps_cpp.hpp
[13.164s] -- Up-to-date: /home/gy/tmr_ros2/install/tm_msgs/include/tm_msgs/msg
[13.164s] -- Up-to-date: /home/gy/tmr_ros2/install/tm_msgs/include/tm_msgs/msg/detail
[13.164s] -- Up-to-date: /home/gy/tmr_ros2/install/tm_msgs/include/tm_msgs/msg/detail/sct_response__rosidl_typesupport_fastrtps_cpp.hpp
[13.170s] -- Up-to-date: /home/gy/tmr_ros2/install/tm_msgs/include/tm_msgs/msg/detail/svr_response__rosidl_typesupport_fastrtps_cpp.hpp
[13.171s] -- Up-to-date: /home/gy/tmr_ros2/install/tm_msgs/include/tm_msgs/msg/detail/sta_response__rosidl_typesupport_fastrtps_cpp.hpp
[13.171s] -- Up-to-date: /home/gy/tmr_ros2/install/tm_msgs/include/tm_msgs/msg/detail/feedback_state__rosidl_typesupport_fastrtps_cpp.hpp
[13.171s] -- Up-to-date: /home/gy/tmr_ros2/install/tm_msgs/include/tm_msgs/msg/detail/dds_fastrtps
[13.171s] -- Up-to-date: /home/gy/tmr_ros2/install/tm_msgs/include/tm_msgs/msg/rosidl_typesupport_fastrtps_cpp__visibility_control.h
[13.178s] -- Up-to-date: /home/gy/tmr_ros2/install/tm_msgs/lib/libtm_msgs__rosidl_typesupport_fastrtps_cpp.so
[13.178s] -- Up-to-date: /home/gy/tmr_ros2/install/tm_msgs/include/tm_msgs
[13.179s] -- Up-to-date: /home/gy/tmr_ros2/install/tm_msgs/include/tm_msgs/srv
[13.179s] -- Up-to-date: /home/gy/tmr_ros2/install/tm_msgs/include/tm_msgs/srv/detail
[13.179s] -- Up-to-date: /home/gy/tmr_ros2/install/tm_msgs/include/tm_msgs/srv/detail/write_item__type_support.c
[13.179s] -- Up-to-date: /home/gy/tmr_ros2/install/tm_msgs/include/tm_msgs/srv/detail/ask_item__rosidl_typesupport_introspection_c.h
[13.179s] -- Up-to-date: /home/gy/tmr_ros2/install/tm_msgs/include/tm_msgs/srv/detail/set_io__rosidl_typesupport_introspection_c.h
[13.179s] -- Up-to-date: /home/gy/tmr_ros2/install/tm_msgs/include/tm_msgs/srv/detail/send_script__type_support.c
[13.179s] -- Up-to-date: /home/gy/tmr_ros2/install/tm_msgs/include/tm_msgs/srv/detail/ask_sta__rosidl_typesupport_introspection_c.h
[13.180s] -- Up-to-date: /home/gy/tmr_ros2/install/tm_msgs/include/tm_msgs/srv/detail/ask_item__type_support.c
[13.180s] -- Up-to-date: /home/gy/tmr_ros2/install/tm_msgs/include/tm_msgs/srv/detail/set_positions__type_support.c
[13.180s] -- Up-to-date: /home/gy/tmr_ros2/install/tm_msgs/include/tm_msgs/srv/detail/send_script__rosidl_typesupport_introspection_c.h
[13.180s] -- Up-to-date: /home/gy/tmr_ros2/install/tm_msgs/include/tm_msgs/srv/detail/set_positions__rosidl_typesupport_introspection_c.h
[13.180s] -- Up-to-date: /home/gy/tmr_ros2/install/tm_msgs/include/tm_msgs/srv/detail/connect_tm__type_support.c
[13.180s] -- Up-to-date: /home/gy/tmr_ros2/install/tm_msgs/include/tm_msgs/srv/detail/connect_tm__rosidl_typesupport_introspection_c.h
[13.180s] -- Up-to-date: /home/gy/tmr_ros2/install/tm_msgs/include/tm_msgs/srv/detail/set_event__type_support.c
[13.181s] -- Up-to-date: /home/gy/tmr_ros2/install/tm_msgs/include/tm_msgs/srv/detail/write_item__rosidl_typesupport_introspection_c.h
[13.181s] -- Up-to-date: /home/gy/tmr_ros2/install/tm_msgs/include/tm_msgs/srv/detail/ask_sta__type_support.c
[13.181s] -- Up-to-date: /home/gy/tmr_ros2/install/tm_msgs/include/tm_msgs/srv/detail/set_io__type_support.c
[13.181s] -- Up-to-date: /home/gy/tmr_ros2/install/tm_msgs/include/tm_msgs/srv/detail/set_event__rosidl_typesupport_introspection_c.h
[13.181s] -- Up-to-date: /home/gy/tmr_ros2/install/tm_msgs/include/tm_msgs/msg
[13.181s] -- Up-to-date: /home/gy/tmr_ros2/install/tm_msgs/include/tm_msgs/msg/detail
[13.182s] -- Up-to-date: /home/gy/tmr_ros2/install/tm_msgs/include/tm_msgs/msg/detail/sct_response__type_support.c
[13.182s] -- Up-to-date: /home/gy/tmr_ros2/install/tm_msgs/include/tm_msgs/msg/detail/feedback_state__rosidl_typesupport_introspection_c.h
[13.182s] -- Up-to-date: /home/gy/tmr_ros2/install/tm_msgs/include/tm_msgs/msg/detail/svr_response__type_support.c
[13.182s] -- Up-to-date: /home/gy/tmr_ros2/install/tm_msgs/include/tm_msgs/msg/detail/sct_response__rosidl_typesupport_introspection_c.h
[13.182s] -- Up-to-date: /home/gy/tmr_ros2/install/tm_msgs/include/tm_msgs/msg/detail/sta_response__type_support.c
[13.182s] -- Up-to-date: /home/gy/tmr_ros2/install/tm_msgs/include/tm_msgs/msg/detail/svr_response__rosidl_typesupport_introspection_c.h
[13.182s] -- Up-to-date: /home/gy/tmr_ros2/install/tm_msgs/include/tm_msgs/msg/detail/feedback_state__type_support.c
[13.183s] -- Up-to-date: /home/gy/tmr_ros2/install/tm_msgs/include/tm_msgs/msg/detail/sta_response__rosidl_typesupport_introspection_c.h
[13.183s] -- Up-to-date: /home/gy/tmr_ros2/install/tm_msgs/include/tm_msgs/msg/rosidl_typesupport_introspection_c__visibility_control.h
[13.221s] -- Up-to-date: /home/gy/tmr_ros2/install/tm_msgs/lib/libtm_msgs__rosidl_typesupport_introspection_c.so
[13.237s] -- Up-to-date: /home/gy/tmr_ros2/install/tm_msgs/lib/libtm_msgs__rosidl_typesupport_c.so
[13.237s] -- Up-to-date: /home/gy/tmr_ros2/install/tm_msgs/include/tm_msgs
[13.237s] -- Up-to-date: /home/gy/tmr_ros2/install/tm_msgs/include/tm_msgs/srv
[13.237s] -- Up-to-date: /home/gy/tmr_ros2/install/tm_msgs/include/tm_msgs/srv/detail
[13.238s] -- Up-to-date: /home/gy/tmr_ros2/install/tm_msgs/include/tm_msgs/srv/detail/set_positions__struct.hpp
[13.238s] -- Up-to-date: /home/gy/tmr_ros2/install/tm_msgs/include/tm_msgs/srv/detail/set_positions__traits.hpp
[13.238s] -- Up-to-date: /home/gy/tmr_ros2/install/tm_msgs/include/tm_msgs/srv/detail/send_script__builder.hpp
[13.238s] -- Up-to-date: /home/gy/tmr_ros2/install/tm_msgs/include/tm_msgs/srv/detail/connect_tm__struct.hpp
[13.238s] -- Up-to-date: /home/gy/tmr_ros2/install/tm_msgs/include/tm_msgs/srv/detail/connect_tm__traits.hpp
[13.239s] -- Up-to-date: /home/gy/tmr_ros2/install/tm_msgs/include/tm_msgs/srv/detail/ask_sta__struct.hpp
[13.239s] -- Up-to-date: /home/gy/tmr_ros2/install/tm_msgs/include/tm_msgs/srv/detail/write_item__builder.hpp
[13.239s] -- Up-to-date: /home/gy/tmr_ros2/install/tm_msgs/include/tm_msgs/srv/detail/send_script__struct.hpp
[13.239s] -- Up-to-date: /home/gy/tmr_ros2/install/tm_msgs/include/tm_msgs/srv/detail/send_script__traits.hpp
[13.239s] -- Up-to-date: /home/gy/tmr_ros2/install/tm_msgs/include/tm_msgs/srv/detail/write_item__traits.hpp
[13.240s] -- Up-to-date: /home/gy/tmr_ros2/install/tm_msgs/include/tm_msgs/srv/detail/ask_sta__builder.hpp
[13.240s] -- Up-to-date: /home/gy/tmr_ros2/install/tm_msgs/include/tm_msgs/srv/detail/set_positions__builder.hpp
[13.240s] -- Up-to-date: /home/gy/tmr_ros2/install/tm_msgs/include/tm_msgs/srv/detail/connect_tm__builder.hpp
[13.240s] -- Up-to-date: /home/gy/tmr_ros2/install/tm_msgs/include/tm_msgs/srv/detail/set_io__builder.hpp
[13.240s] -- Up-to-date: /home/gy/tmr_ros2/install/tm_msgs/include/tm_msgs/srv/detail/ask_item__struct.hpp
[13.251s] -- Up-to-date: /home/gy/tmr_ros2/install/tm_msgs/include/tm_msgs/srv/detail/set_io__traits.hpp
[13.252s] -- Up-to-date: /home/gy/tmr_ros2/install/tm_msgs/include/tm_msgs/srv/detail/ask_item__builder.hpp
[13.261s] -- Up-to-date: /home/gy/tmr_ros2/install/tm_msgs/include/tm_msgs/srv/detail/write_item__struct.hpp
[13.261s] -- Up-to-date: /home/gy/tmr_ros2/install/tm_msgs/include/tm_msgs/srv/detail/set_event__struct.hpp
[13.261s] -- Up-to-date: /home/gy/tmr_ros2/install/tm_msgs/include/tm_msgs/srv/detail/set_event__builder.hpp
[13.261s] -- Up-to-date: /home/gy/tmr_ros2/install/tm_msgs/include/tm_msgs/srv/detail/set_event__traits.hpp
[13.261s] -- Up-to-date: /home/gy/tmr_ros2/install/tm_msgs/include/tm_msgs/srv/detail/set_io__struct.hpp
[13.261s] -- Up-to-date: /home/gy/tmr_ros2/install/tm_msgs/include/tm_msgs/srv/detail/ask_sta__traits.hpp
[13.262s] -- Up-to-date: /home/gy/tmr_ros2/install/tm_msgs/include/tm_msgs/srv/detail/ask_item__traits.hpp
[13.262s] -- Up-to-date: /home/gy/tmr_ros2/install/tm_msgs/include/tm_msgs/srv/ask_item.hpp
[13.262s] -- Up-to-date: /home/gy/tmr_ros2/install/tm_msgs/include/tm_msgs/srv/write_item.hpp
[13.262s] -- Up-to-date: /home/gy/tmr_ros2/install/tm_msgs/include/tm_msgs/srv/send_script.hpp
[13.262s] -- Up-to-date: /home/gy/tmr_ros2/install/tm_msgs/include/tm_msgs/srv/set_io.hpp
[13.262s] -- Up-to-date: /home/gy/tmr_ros2/install/tm_msgs/include/tm_msgs/srv/connect_tm.hpp
[13.263s] -- Up-to-date: /home/gy/tmr_ros2/install/tm_msgs/include/tm_msgs/srv/set_event.hpp
[13.263s] -- Up-to-date: /home/gy/tmr_ros2/install/tm_msgs/include/tm_msgs/srv/set_positions.hpp
[13.263s] -- Up-to-date: /home/gy/tmr_ros2/install/tm_msgs/include/tm_msgs/srv/ask_sta.hpp
[13.264s] -- Up-to-date: /home/gy/tmr_ros2/install/tm_msgs/include/tm_msgs/msg
[13.264s] -- Up-to-date: /home/gy/tmr_ros2/install/tm_msgs/include/tm_msgs/msg/detail
[13.264s] -- Up-to-date: /home/gy/tmr_ros2/install/tm_msgs/include/tm_msgs/msg/detail/sct_response__traits.hpp
[13.264s] -- Up-to-date: /home/gy/tmr_ros2/install/tm_msgs/include/tm_msgs/msg/detail/svr_response__traits.hpp
[13.281s] -- Up-to-date: /home/gy/tmr_ros2/install/tm_msgs/include/tm_msgs/msg/detail/feedback_state__builder.hpp
[13.282s] -- Up-to-date: /home/gy/tmr_ros2/install/tm_msgs/include/tm_msgs/msg/detail/sta_response__builder.hpp
[13.282s] -- Up-to-date: /home/gy/tmr_ros2/install/tm_msgs/include/tm_msgs/msg/detail/feedback_state__struct.hpp
[13.282s] -- Up-to-date: /home/gy/tmr_ros2/install/tm_msgs/include/tm_msgs/msg/detail/sct_response__struct.hpp
[13.282s] -- Up-to-date: /home/gy/tmr_ros2/install/tm_msgs/include/tm_msgs/msg/detail/sct_response__builder.hpp
[13.282s] -- Up-to-date: /home/gy/tmr_ros2/install/tm_msgs/include/tm_msgs/msg/detail/feedback_state__traits.hpp
[13.283s] -- Up-to-date: /home/gy/tmr_ros2/install/tm_msgs/include/tm_msgs/msg/detail/sta_response__struct.hpp
[13.283s] -- Up-to-date: /home/gy/tmr_ros2/install/tm_msgs/include/tm_msgs/msg/detail/svr_response__struct.hpp
[13.283s] -- Up-to-date: /home/gy/tmr_ros2/install/tm_msgs/include/tm_msgs/msg/detail/svr_response__builder.hpp
[13.283s] -- Up-to-date: /home/gy/tmr_ros2/install/tm_msgs/include/tm_msgs/msg/detail/sta_response__traits.hpp
[13.283s] -- Up-to-date: /home/gy/tmr_ros2/install/tm_msgs/include/tm_msgs/msg/svr_response.hpp
[13.283s] -- Up-to-date: /home/gy/tmr_ros2/install/tm_msgs/include/tm_msgs/msg/sta_response.hpp
[13.284s] -- Up-to-date: /home/gy/tmr_ros2/install/tm_msgs/include/tm_msgs/msg/sct_response.hpp
[13.284s] -- Up-to-date: /home/gy/tmr_ros2/install/tm_msgs/include/tm_msgs/msg/feedback_state.hpp
[13.284s] -- Up-to-date: /home/gy/tmr_ros2/install/tm_msgs/include/tm_msgs
[13.285s] -- Up-to-date: /home/gy/tmr_ros2/install/tm_msgs/include/tm_msgs/srv
[13.293s] -- Up-to-date: /home/gy/tmr_ros2/install/tm_msgs/include/tm_msgs/srv/detail
[13.293s] -- Up-to-date: /home/gy/tmr_ros2/install/tm_msgs/include/tm_msgs/srv/detail/send_script__type_support.cpp
[13.294s] -- Up-to-date: /home/gy/tmr_ros2/install/tm_msgs/include/tm_msgs/srv/detail/set_positions__type_support.cpp
[13.294s] -- Up-to-date: /home/gy/tmr_ros2/install/tm_msgs/include/tm_msgs/srv/detail/connect_tm__rosidl_typesupport_introspection_cpp.hpp
[13.294s] -- Up-to-date: /home/gy/tmr_ros2/install/tm_msgs/include/tm_msgs/srv/detail/set_event__rosidl_typesupport_introspection_cpp.hpp
[13.294s] -- Up-to-date: /home/gy/tmr_ros2/install/tm_msgs/include/tm_msgs/srv/detail/write_item__type_support.cpp
[13.295s] -- Up-to-date: /home/gy/tmr_ros2/install/tm_msgs/include/tm_msgs/srv/detail/send_script__rosidl_typesupport_introspection_cpp.hpp
[13.295s] -- Up-to-date: /home/gy/tmr_ros2/install/tm_msgs/include/tm_msgs/srv/detail/ask_item__type_support.cpp
[13.295s] -- Up-to-date: /home/gy/tmr_ros2/install/tm_msgs/include/tm_msgs/srv/detail/set_io__type_support.cpp
[13.295s] -- Up-to-date: /home/gy/tmr_ros2/install/tm_msgs/include/tm_msgs/srv/detail/write_item__rosidl_typesupport_introspection_cpp.hpp
[13.295s] -- Up-to-date: /home/gy/tmr_ros2/install/tm_msgs/include/tm_msgs/srv/detail/set_positions__rosidl_typesupport_introspection_cpp.hpp
[13.296s] -- Up-to-date: /home/gy/tmr_ros2/install/tm_msgs/include/tm_msgs/srv/detail/set_event__type_support.cpp
[13.296s] -- Up-to-date: /home/gy/tmr_ros2/install/tm_msgs/include/tm_msgs/srv/detail/ask_sta__rosidl_typesupport_introspection_cpp.hpp
[13.296s] -- Up-to-date: /home/gy/tmr_ros2/install/tm_msgs/include/tm_msgs/srv/detail/ask_item__rosidl_typesupport_introspection_cpp.hpp
[13.296s] -- Up-to-date: /home/gy/tmr_ros2/install/tm_msgs/include/tm_msgs/srv/detail/ask_sta__type_support.cpp
[13.296s] -- Up-to-date: /home/gy/tmr_ros2/install/tm_msgs/include/tm_msgs/srv/detail/set_io__rosidl_typesupport_introspection_cpp.hpp
[13.296s] -- Up-to-date: /home/gy/tmr_ros2/install/tm_msgs/include/tm_msgs/srv/detail/connect_tm__type_support.cpp
[13.296s] -- Up-to-date: /home/gy/tmr_ros2/install/tm_msgs/include/tm_msgs/msg
[13.297s] -- Up-to-date: /home/gy/tmr_ros2/install/tm_msgs/include/tm_msgs/msg/detail
[13.297s] -- Up-to-date: /home/gy/tmr_ros2/install/tm_msgs/include/tm_msgs/msg/detail/feedback_state__rosidl_typesupport_introspection_cpp.hpp
[13.297s] -- Up-to-date: /home/gy/tmr_ros2/install/tm_msgs/include/tm_msgs/msg/detail/sct_response__type_support.cpp
[13.297s] -- Up-to-date: /home/gy/tmr_ros2/install/tm_msgs/include/tm_msgs/msg/detail/feedback_state__type_support.cpp
[13.297s] -- Up-to-date: /home/gy/tmr_ros2/install/tm_msgs/include/tm_msgs/msg/detail/sta_response__rosidl_typesupport_introspection_cpp.hpp
[13.301s] -- Up-to-date: /home/gy/tmr_ros2/install/tm_msgs/include/tm_msgs/msg/detail/sct_response__rosidl_typesupport_introspection_cpp.hpp
[13.301s] -- Up-to-date: /home/gy/tmr_ros2/install/tm_msgs/include/tm_msgs/msg/detail/svr_response__type_support.cpp
[13.302s] -- Up-to-date: /home/gy/tmr_ros2/install/tm_msgs/include/tm_msgs/msg/detail/svr_response__rosidl_typesupport_introspection_cpp.hpp
[13.304s] -- Up-to-date: /home/gy/tmr_ros2/install/tm_msgs/include/tm_msgs/msg/detail/sta_response__type_support.cpp
[13.305s] -- Up-to-date: /home/gy/tmr_ros2/install/tm_msgs/lib/libtm_msgs__rosidl_typesupport_introspection_cpp.so
[13.311s] -- Up-to-date: /home/gy/tmr_ros2/install/tm_msgs/lib/libtm_msgs__rosidl_typesupport_cpp.so
[13.311s] -- Up-to-date: /home/gy/tmr_ros2/install/tm_msgs/share/tm_msgs/environment/pythonpath.sh
[13.312s] -- Installing: /home/gy/tmr_ros2/install/tm_msgs/share/tm_msgs/environment/pythonpath.dsv
[13.325s] -- Installing: /home/gy/tmr_ros2/install/tm_msgs/lib/python3.8/site-packages/tm_msgs/__init__.py
[13.453s] Compiling '/home/gy/tmr_ros2/install/tm_msgs/lib/python3.8/site-packages/tm_msgs/__init__.py'...
[13.469s] -- Up-to-date: /home/gy/tmr_ros2/install/tm_msgs/lib/python3.8/site-packages/tm_msgs/msg
[13.483s] -- Up-to-date: /home/gy/tmr_ros2/install/tm_msgs/lib/python3.8/site-packages/tm_msgs/msg/_sct_response_s.c
[13.483s] -- Up-to-date: /home/gy/tmr_ros2/install/tm_msgs/lib/python3.8/site-packages/tm_msgs/msg/_sct_response.py
[13.483s] -- Up-to-date: /home/gy/tmr_ros2/install/tm_msgs/lib/python3.8/site-packages/tm_msgs/msg/_svr_response_s.c
[13.483s] -- Up-to-date: /home/gy/tmr_ros2/install/tm_msgs/lib/python3.8/site-packages/tm_msgs/msg/_feedback_state.py
[13.485s] -- Up-to-date: /home/gy/tmr_ros2/install/tm_msgs/lib/python3.8/site-packages/tm_msgs/msg/_feedback_state_s.c
[13.485s] -- Up-to-date: /home/gy/tmr_ros2/install/tm_msgs/lib/python3.8/site-packages/tm_msgs/msg/__init__.py
[13.485s] -- Up-to-date: /home/gy/tmr_ros2/install/tm_msgs/lib/python3.8/site-packages/tm_msgs/msg/_sta_response.py
[13.485s] -- Up-to-date: /home/gy/tmr_ros2/install/tm_msgs/lib/python3.8/site-packages/tm_msgs/msg/_svr_response.py
[13.486s] -- Up-to-date: /home/gy/tmr_ros2/install/tm_msgs/lib/python3.8/site-packages/tm_msgs/msg/_sta_response_s.c
[13.486s] -- Up-to-date: /home/gy/tmr_ros2/install/tm_msgs/lib/python3.8/site-packages/tm_msgs/srv
[13.486s] -- Up-to-date: /home/gy/tmr_ros2/install/tm_msgs/lib/python3.8/site-packages/tm_msgs/srv/_write_item_s.c
[13.487s] -- Up-to-date: /home/gy/tmr_ros2/install/tm_msgs/lib/python3.8/site-packages/tm_msgs/srv/_set_event.py
[13.487s] -- Up-to-date: /home/gy/tmr_ros2/install/tm_msgs/lib/python3.8/site-packages/tm_msgs/srv/_write_item.py
[13.487s] -- Up-to-date: /home/gy/tmr_ros2/install/tm_msgs/lib/python3.8/site-packages/tm_msgs/srv/_connect_tm.py
[13.487s] -- Up-to-date: /home/gy/tmr_ros2/install/tm_msgs/lib/python3.8/site-packages/tm_msgs/srv/_send_script_s.c
[13.487s] -- Up-to-date: /home/gy/tmr_ros2/install/tm_msgs/lib/python3.8/site-packages/tm_msgs/srv/_set_event_s.c
[13.487s] -- Up-to-date: /home/gy/tmr_ros2/install/tm_msgs/lib/python3.8/site-packages/tm_msgs/srv/_set_positions.py
[13.488s] -- Up-to-date: /home/gy/tmr_ros2/install/tm_msgs/lib/python3.8/site-packages/tm_msgs/srv/__init__.py
[13.488s] -- Up-to-date: /home/gy/tmr_ros2/install/tm_msgs/lib/python3.8/site-packages/tm_msgs/srv/_ask_item_s.c
[13.488s] -- Up-to-date: /home/gy/tmr_ros2/install/tm_msgs/lib/python3.8/site-packages/tm_msgs/srv/_set_io.py
[13.488s] -- Up-to-date: /home/gy/tmr_ros2/install/tm_msgs/lib/python3.8/site-packages/tm_msgs/srv/_connect_tm_s.c
[13.488s] -- Up-to-date: /home/gy/tmr_ros2/install/tm_msgs/lib/python3.8/site-packages/tm_msgs/srv/_send_script.py
[13.489s] -- Up-to-date: /home/gy/tmr_ros2/install/tm_msgs/lib/python3.8/site-packages/tm_msgs/srv/_set_positions_s.c
[13.489s] -- Up-to-date: /home/gy/tmr_ros2/install/tm_msgs/lib/python3.8/site-packages/tm_msgs/srv/_set_io_s.c
[13.489s] -- Up-to-date: /home/gy/tmr_ros2/install/tm_msgs/lib/python3.8/site-packages/tm_msgs/srv/_ask_sta.py
[13.489s] -- Up-to-date: /home/gy/tmr_ros2/install/tm_msgs/lib/python3.8/site-packages/tm_msgs/srv/_ask_sta_s.c
[13.489s] -- Up-to-date: /home/gy/tmr_ros2/install/tm_msgs/lib/python3.8/site-packages/tm_msgs/srv/_ask_item.py
[13.515s] -- Up-to-date: /home/gy/tmr_ros2/install/tm_msgs/lib/python3.8/site-packages/tm_msgs/tm_msgs_s__rosidl_typesupport_fastrtps_c.cpython-38-x86_64-linux-gnu.so
[13.526s] -- Up-to-date: /home/gy/tmr_ros2/install/tm_msgs/lib/python3.8/site-packages/tm_msgs/tm_msgs_s__rosidl_typesupport_introspection_c.cpython-38-x86_64-linux-gnu.so
[13.533s] -- Up-to-date: /home/gy/tmr_ros2/install/tm_msgs/lib/python3.8/site-packages/tm_msgs/tm_msgs_s__rosidl_typesupport_c.cpython-38-x86_64-linux-gnu.so
[13.539s] -- Up-to-date: /home/gy/tmr_ros2/install/tm_msgs/lib/libtm_msgs__python.so
[13.594s] -- Up-to-date: /home/gy/tmr_ros2/install/tm_msgs/share/tm_msgs/msg/FeedbackState.idl
[13.596s] -- Up-to-date: /home/gy/tmr_ros2/install/tm_msgs/share/tm_msgs/msg/SvrResponse.idl
[13.596s] -- Up-to-date: /home/gy/tmr_ros2/install/tm_msgs/share/tm_msgs/msg/SctResponse.idl
[13.596s] -- Up-to-date: /home/gy/tmr_ros2/install/tm_msgs/share/tm_msgs/msg/StaResponse.idl
[13.597s] -- Up-to-date: /home/gy/tmr_ros2/install/tm_msgs/share/tm_msgs/srv/ConnectTM.idl
[13.598s] -- Up-to-date: /home/gy/tmr_ros2/install/tm_msgs/share/tm_msgs/srv/WriteItem.idl
[13.598s] -- Up-to-date: /home/gy/tmr_ros2/install/tm_msgs/share/tm_msgs/srv/AskItem.idl
[13.598s] -- Up-to-date: /home/gy/tmr_ros2/install/tm_msgs/share/tm_msgs/srv/SendScript.idl
[13.599s] -- Up-to-date: /home/gy/tmr_ros2/install/tm_msgs/share/tm_msgs/srv/SetEvent.idl
[13.599s] -- Up-to-date: /home/gy/tmr_ros2/install/tm_msgs/share/tm_msgs/srv/SetIO.idl
[13.599s] -- Up-to-date: /home/gy/tmr_ros2/install/tm_msgs/share/tm_msgs/srv/SetPositions.idl
[13.600s] -- Up-to-date: /home/gy/tmr_ros2/install/tm_msgs/share/tm_msgs/srv/AskSta.idl
[13.600s] -- Up-to-date: /home/gy/tmr_ros2/install/tm_msgs/share/tm_msgs/msg/FeedbackState.msg
[13.600s] -- Up-to-date: /home/gy/tmr_ros2/install/tm_msgs/share/tm_msgs/msg/SvrResponse.msg
[13.600s] -- Up-to-date: /home/gy/tmr_ros2/install/tm_msgs/share/tm_msgs/msg/SctResponse.msg
[13.601s] -- Up-to-date: /home/gy/tmr_ros2/install/tm_msgs/share/tm_msgs/msg/StaResponse.msg
[13.601s] -- Up-to-date: /home/gy/tmr_ros2/install/tm_msgs/share/tm_msgs/srv/ConnectTM.srv
[13.601s] -- Up-to-date: /home/gy/tmr_ros2/install/tm_msgs/share/tm_msgs/srv/ConnectTM_Request.msg
[13.601s] -- Up-to-date: /home/gy/tmr_ros2/install/tm_msgs/share/tm_msgs/srv/ConnectTM_Response.msg
[13.601s] -- Up-to-date: /home/gy/tmr_ros2/install/tm_msgs/share/tm_msgs/srv/WriteItem.srv
[13.601s] -- Up-to-date: /home/gy/tmr_ros2/install/tm_msgs/share/tm_msgs/srv/WriteItem_Request.msg
[13.601s] -- Up-to-date: /home/gy/tmr_ros2/install/tm_msgs/share/tm_msgs/srv/WriteItem_Response.msg
[13.601s] -- Up-to-date: /home/gy/tmr_ros2/install/tm_msgs/share/tm_msgs/srv/AskItem.srv
[13.602s] -- Up-to-date: /home/gy/tmr_ros2/install/tm_msgs/share/tm_msgs/srv/AskItem_Request.msg
[13.602s] -- Up-to-date: /home/gy/tmr_ros2/install/tm_msgs/share/tm_msgs/srv/AskItem_Response.msg
[13.602s] -- Up-to-date: /home/gy/tmr_ros2/install/tm_msgs/share/tm_msgs/srv/SendScript.srv
[13.602s] -- Up-to-date: /home/gy/tmr_ros2/install/tm_msgs/share/tm_msgs/srv/SendScript_Request.msg
[13.602s] -- Up-to-date: /home/gy/tmr_ros2/install/tm_msgs/share/tm_msgs/srv/SendScript_Response.msg
[13.602s] -- Up-to-date: /home/gy/tmr_ros2/install/tm_msgs/share/tm_msgs/srv/SetEvent.srv
[13.602s] -- Up-to-date: /home/gy/tmr_ros2/install/tm_msgs/share/tm_msgs/srv/SetEvent_Request.msg
[13.602s] -- Up-to-date: /home/gy/tmr_ros2/install/tm_msgs/share/tm_msgs/srv/SetEvent_Response.msg
[13.602s] -- Up-to-date: /home/gy/tmr_ros2/install/tm_msgs/share/tm_msgs/srv/SetIO.srv
[13.603s] -- Up-to-date: /home/gy/tmr_ros2/install/tm_msgs/share/tm_msgs/srv/SetIO_Request.msg
[13.603s] -- Up-to-date: /home/gy/tmr_ros2/install/tm_msgs/share/tm_msgs/srv/SetIO_Response.msg
[13.603s] -- Up-to-date: /home/gy/tmr_ros2/install/tm_msgs/share/tm_msgs/srv/SetPositions.srv
[13.603s] -- Up-to-date: /home/gy/tmr_ros2/install/tm_msgs/share/tm_msgs/srv/SetPositions_Request.msg
[13.604s] -- Up-to-date: /home/gy/tmr_ros2/install/tm_msgs/share/tm_msgs/srv/SetPositions_Response.msg
[13.604s] -- Up-to-date: /home/gy/tmr_ros2/install/tm_msgs/share/tm_msgs/srv/AskSta.srv
[13.604s] -- Up-to-date: /home/gy/tmr_ros2/install/tm_msgs/share/tm_msgs/srv/AskSta_Request.msg
[13.604s] -- Up-to-date: /home/gy/tmr_ros2/install/tm_msgs/share/tm_msgs/srv/AskSta_Response.msg
[13.608s] -- Up-to-date: /home/gy/tmr_ros2/install/tm_msgs/share/ament_index/resource_index/package_run_dependencies/tm_msgs
[13.608s] -- Up-to-date: /home/gy/tmr_ros2/install/tm_msgs/share/ament_index/resource_index/parent_prefix_path/tm_msgs
[13.609s] -- Up-to-date: /home/gy/tmr_ros2/install/tm_msgs/share/tm_msgs/environment/ament_prefix_path.sh
[13.609s] -- Installing: /home/gy/tmr_ros2/install/tm_msgs/share/tm_msgs/environment/ament_prefix_path.dsv
[13.609s] -- Up-to-date: /home/gy/tmr_ros2/install/tm_msgs/share/tm_msgs/environment/path.sh
[13.609s] -- Installing: /home/gy/tmr_ros2/install/tm_msgs/share/tm_msgs/environment/path.dsv
[13.609s] -- Up-to-date: /home/gy/tmr_ros2/install/tm_msgs/share/tm_msgs/local_setup.bash
[13.610s] -- Up-to-date: /home/gy/tmr_ros2/install/tm_msgs/share/tm_msgs/local_setup.sh
[13.610s] -- Up-to-date: /home/gy/tmr_ros2/install/tm_msgs/share/tm_msgs/local_setup.zsh
[13.610s] -- Installing: /home/gy/tmr_ros2/install/tm_msgs/share/tm_msgs/local_setup.dsv
[13.610s] -- Installing: /home/gy/tmr_ros2/install/tm_msgs/share/tm_msgs/package.dsv
[13.619s] -- Up-to-date: /home/gy/tmr_ros2/install/tm_msgs/share/ament_index/resource_index/packages/tm_msgs
[13.642s] -- Up-to-date: /home/gy/tmr_ros2/install/tm_msgs/share/tm_msgs/cmake/tm_msgs__rosidl_generator_cExport.cmake
[13.642s] -- Installing: /home/gy/tmr_ros2/install/tm_msgs/share/tm_msgs/cmake/tm_msgs__rosidl_generator_cExport-noconfig.cmake
[13.663s] -- Up-to-date: /home/gy/tmr_ros2/install/tm_msgs/share/tm_msgs/cmake/tm_msgs__rosidl_typesupport_introspection_cExport.cmake
[13.663s] -- Installing: /home/gy/tmr_ros2/install/tm_msgs/share/tm_msgs/cmake/tm_msgs__rosidl_typesupport_introspection_cExport-noconfig.cmake
[13.665s] -- Up-to-date: /home/gy/tmr_ros2/install/tm_msgs/share/tm_msgs/cmake/tm_msgs__rosidl_typesupport_cExport.cmake
[13.665s] -- Installing: /home/gy/tmr_ros2/install/tm_msgs/share/tm_msgs/cmake/tm_msgs__rosidl_typesupport_cExport-noconfig.cmake
[13.665s] -- Up-to-date: /home/gy/tmr_ros2/install/tm_msgs/share/tm_msgs/cmake/tm_msgs__rosidl_generator_cppExport.cmake
[13.668s] -- Up-to-date: /home/gy/tmr_ros2/install/tm_msgs/share/tm_msgs/cmake/tm_msgs__rosidl_typesupport_introspection_cppExport.cmake
[13.668s] -- Installing: /home/gy/tmr_ros2/install/tm_msgs/share/tm_msgs/cmake/tm_msgs__rosidl_typesupport_introspection_cppExport-noconfig.cmake
[13.674s] -- Up-to-date: /home/gy/tmr_ros2/install/tm_msgs/share/tm_msgs/cmake/tm_msgs__rosidl_typesupport_cppExport.cmake
[13.674s] -- Installing: /home/gy/tmr_ros2/install/tm_msgs/share/tm_msgs/cmake/tm_msgs__rosidl_typesupport_cppExport-noconfig.cmake
[13.674s] -- Up-to-date: /home/gy/tmr_ros2/install/tm_msgs/share/tm_msgs/cmake/rosidl_cmake-extras.cmake
[13.675s] -- Up-to-date: /home/gy/tmr_ros2/install/tm_msgs/share/tm_msgs/cmake/ament_cmake_export_dependencies-extras.cmake
[13.684s] -- Up-to-date: /home/gy/tmr_ros2/install/tm_msgs/share/tm_msgs/cmake/ament_cmake_export_libraries-extras.cmake
[13.684s] -- Up-to-date: /home/gy/tmr_ros2/install/tm_msgs/share/tm_msgs/cmake/ament_cmake_export_targets-extras.cmake
[13.685s] -- Up-to-date: /home/gy/tmr_ros2/install/tm_msgs/share/tm_msgs/cmake/ament_cmake_export_include_directories-extras.cmake
[13.685s] -- Up-to-date: /home/gy/tmr_ros2/install/tm_msgs/share/tm_msgs/cmake/rosidl_cmake_export_typesupport_libraries-extras.cmake
[13.685s] -- Up-to-date: /home/gy/tmr_ros2/install/tm_msgs/share/tm_msgs/cmake/rosidl_cmake_export_typesupport_targets-extras.cmake
[13.685s] -- Up-to-date: /home/gy/tmr_ros2/install/tm_msgs/share/tm_msgs/cmake/tm_msgsConfig.cmake
[13.686s] -- Up-to-date: /home/gy/tmr_ros2/install/tm_msgs/share/tm_msgs/cmake/tm_msgsConfig-version.cmake
[13.686s] -- Up-to-date: /home/gy/tmr_ros2/install/tm_msgs/share/tm_msgs/package.xml
[13.688s] Invoked command in '/home/gy/Omron_TM_ROS2/build/tm_msgs' returned '0': CMAKE_PREFIX_PATH=${CMAKE_PREFIX_PATH}:/home/gy/Omron_TM_ROS2/install/tmr_mod_urdf:/home/gy/Omron_TM_ROS2/install/tm_get_status:/home/gy/Omron_TM_ROS2/install/pickplace:/opt/ros/foxy /usr/bin/cmake --install /home/gy/Omron_TM_ROS2/build/tm_msgs
