-- Install configuration: ""
-- Installing: /home/gy/tmr_ros2/install/tmr_moveit_config_tm5-900/share/ament_index/resource_index/package_run_dependencies/tmr_moveit_config_tm5-900
-- Installing: /home/gy/tmr_ros2/install/tmr_moveit_config_tm5-900/share/ament_index/resource_index/parent_prefix_path/tmr_moveit_config_tm5-900
-- Installing: /home/gy/tmr_ros2/install/tmr_moveit_config_tm5-900/share/tmr_moveit_config_tm5-900/environment/ament_prefix_path.sh
-- Installing: /home/gy/tmr_ros2/install/tmr_moveit_config_tm5-900/share/tmr_moveit_config_tm5-900/environment/ament_prefix_path.dsv
-- Installing: /home/gy/tmr_ros2/install/tmr_moveit_config_tm5-900/share/tmr_moveit_config_tm5-900/environment/path.sh
-- Installing: /home/gy/tmr_ros2/install/tmr_moveit_config_tm5-900/share/tmr_moveit_config_tm5-900/environment/path.dsv
-- Installing: /home/gy/tmr_ros2/install/tmr_moveit_config_tm5-900/share/tmr_moveit_config_tm5-900/local_setup.bash
-- Installing: /home/gy/tmr_ros2/install/tmr_moveit_config_tm5-900/share/tmr_moveit_config_tm5-900/local_setup.sh
-- Installing: /home/gy/tmr_ros2/install/tmr_moveit_config_tm5-900/share/tmr_moveit_config_tm5-900/local_setup.zsh
-- Installing: /home/gy/tmr_ros2/install/tmr_moveit_config_tm5-900/share/tmr_moveit_config_tm5-900/local_setup.dsv
-- Installing: /home/gy/tmr_ros2/install/tmr_moveit_config_tm5-900/share/tmr_moveit_config_tm5-900/package.dsv
-- Installing: /home/gy/tmr_ros2/install/tmr_moveit_config_tm5-900/share/ament_index/resource_index/packages/tmr_moveit_config_tm5-900
-- Installing: /home/gy/tmr_ros2/install/tmr_moveit_config_tm5-900/share/tmr_moveit_config_tm5-900/cmake/tmr_moveit_config_tm5-900Config.cmake
-- Installing: /home/gy/tmr_ros2/install/tmr_moveit_config_tm5-900/share/tmr_moveit_config_tm5-900/cmake/tmr_moveit_config_tm5-900Config-version.cmake
-- Installing: /home/gy/tmr_ros2/install/tmr_moveit_config_tm5-900/share/tmr_moveit_config_tm5-900/package.xml
-- Installing: /home/gy/tmr_ros2/install/tmr_moveit_config_tm5-900/share/tmr_moveit_config_tm5-900/config
-- Installing: /home/gy/tmr_ros2/install/tmr_moveit_config_tm5-900/share/tmr_moveit_config_tm5-900/config/kinematics.yaml
-- Installing: /home/gy/tmr_ros2/install/tmr_moveit_config_tm5-900/share/tmr_moveit_config_tm5-900/config/ros_controllers.yaml
-- Installing: /home/gy/tmr_ros2/install/tmr_moveit_config_tm5-900/share/tmr_moveit_config_tm5-900/config/stomp_planning.yaml
-- Installing: /home/gy/tmr_ros2/install/tmr_moveit_config_tm5-900/share/tmr_moveit_config_tm5-900/config/joint_limits.yaml
-- Installing: /home/gy/tmr_ros2/install/tmr_moveit_config_tm5-900/share/tmr_moveit_config_tm5-900/config/fake_controllers.yaml
-- Installing: /home/gy/tmr_ros2/install/tmr_moveit_config_tm5-900/share/tmr_moveit_config_tm5-900/config/ompl_planning.yaml
-- Installing: /home/gy/tmr_ros2/install/tmr_moveit_config_tm5-900/share/tmr_moveit_config_tm5-900/config/chomp_planning.yaml
-- Installing: /home/gy/tmr_ros2/install/tmr_moveit_config_tm5-900/share/tmr_moveit_config_tm5-900/config/tm5-900.srdf
-- Installing: /home/gy/tmr_ros2/install/tmr_moveit_config_tm5-900/share/tmr_moveit_config_tm5-900/config/sensors_3d.yaml
