[0.048s] Invoking command in '/home/gy/Omron_TM_ROS2/build/tmrlib': CMAKE_PREFIX_PATH=${CMAKE_PREFIX_PATH}:/home/gy/Omron_TM_ROS2/install/tmr_mod_urdf:/home/gy/Omron_TM_ROS2/install/tm_get_status:/home/gy/Omron_TM_ROS2/install/pickplace:/opt/ros/foxy /usr/bin/cmake /home/gy/Omron_TM_ROS2/tmrlib -DCMAKE_INSTALL_PREFIX=/home/gy/Omron_TM_ROS2/install/tmrlib
[0.298s] -- The C compiler identification is GNU 9.3.0
[0.542s] -- The CXX compiler identification is GNU 9.3.0
[0.560s] -- Check for working C compiler: /usr/bin/cc
[0.749s] -- Check for working C compiler: /usr/bin/cc -- works
[0.749s] -- Detecting C compiler ABI info
[0.984s] -- Detecting C compiler ABI info - done
[1.061s] -- Detecting C compile features
[1.061s] -- Detecting C compile features - done
[1.061s] -- Check for working CXX compiler: /usr/bin/c++
[1.209s] -- Check for working CXX compiler: /usr/bin/c++ -- works
[1.218s] -- Detecting CXX compiler ABI info
[1.437s] -- Detecting CXX compiler ABI info - done
[1.516s] -- Detecting CXX compile features
[1.517s] -- Detecting CXX compile features - done
[1.523s] -- Found ament_cmake: 0.9.8 (/opt/ros/foxy/share/ament_cmake/cmake)
[1.630s] -- Found PythonInterp: /usr/bin/python3 (found suitable version "3.8.5", minimum required is "3") 
[1.633s] -- Using PYTHON_EXECUTABLE: /usr/bin/python3
[2.412s] -- Found rclcpp: 2.3.0 (/opt/ros/foxy/share/rclcpp/cmake)
[2.608s] -- Using all available rosidl_typesupport_c: rosidl_typesupport_fastrtps_c;rosidl_typesupport_introspection_c
[2.628s] -- Found rosidl_adapter: 1.2.0 (/opt/ros/foxy/share/rosidl_adapter/cmake)
[2.845s] -- Found OpenSSL: /usr/lib/x86_64-linux-gnu/libcrypto.so (found version "1.1.1f")  
[2.911s] -- Found FastRTPS: /opt/ros/foxy/include  
[3.146s] -- Using all available rosidl_typesupport_cpp: rosidl_typesupport_fastrtps_cpp;rosidl_typesupport_introspection_cpp
[3.341s] -- Found rmw_implementation_cmake: 1.0.2 (/opt/ros/foxy/share/rmw_implementation_cmake/cmake)
[3.352s] -- Using RMW implementation 'rmw_fastrtps_cpp' as default
[3.403s] -- Looking for pthread.h
[3.785s] -- Looking for pthread.h - found
[3.785s] -- Performing Test CMAKE_HAVE_LIBC_PTHREAD
[4.111s] -- Performing Test CMAKE_HAVE_LIBC_PTHREAD - Failed
[4.112s] -- Looking for pthread_create in pthreads
[4.420s] -- Looking for pthread_create in pthreads - not found
[4.420s] -- Looking for pthread_create in pthread
[4.745s] -- Looking for pthread_create in pthread - found
[4.748s] -- Found Threads: TRUE  
[5.903s] -- Found ament_lint_auto: 0.9.6 (/opt/ros/foxy/share/ament_lint_auto/cmake)
[6.185s] -- Added test 'copyright' to check source files copyright and LICENSE
[6.192s] -- Added test 'cppcheck' to perform static code analysis on C / C++ code
[6.193s] -- Configured cppcheck include dirs: /home/gy/Omron_TM_ROS2/tmrlib/include
[6.194s] -- Configured cppcheck exclude dirs and/or files: 
[6.200s] -- Added test 'cpplint' to check C / C++ code against the Google style
[6.200s] -- Configured cpplint exclude dirs and/or files: 
[6.202s] -- Added test 'lint_cmake' to check CMake code style
[6.205s] -- Added test 'uncrustify' to check C / C++ code style
[6.205s] -- Configured uncrustify additional arguments: 
[6.208s] -- Added test 'xmllint' to check XML markup files
[6.258s] -- Configuring done
[6.301s] -- Generating done
[6.307s] -- Build files have been written to: /home/gy/Omron_TM_ROS2/build/tmrlib
[6.336s] Invoked command in '/home/gy/Omron_TM_ROS2/build/tmrlib' returned '0': CMAKE_PREFIX_PATH=${CMAKE_PREFIX_PATH}:/home/gy/Omron_TM_ROS2/install/tmr_mod_urdf:/home/gy/Omron_TM_ROS2/install/tm_get_status:/home/gy/Omron_TM_ROS2/install/pickplace:/opt/ros/foxy /usr/bin/cmake /home/gy/Omron_TM_ROS2/tmrlib -DCMAKE_INSTALL_PREFIX=/home/gy/Omron_TM_ROS2/install/tmrlib
[6.345s] Invoking command in '/home/gy/Omron_TM_ROS2/build/tmrlib': CMAKE_PREFIX_PATH=${CMAKE_PREFIX_PATH}:/home/gy/Omron_TM_ROS2/install/tmr_mod_urdf:/home/gy/Omron_TM_ROS2/install/tm_get_status:/home/gy/Omron_TM_ROS2/install/pickplace:/opt/ros/foxy /usr/bin/cmake --build /home/gy/Omron_TM_ROS2/build/tmrlib -- -j3 -l3
[6.583s] [35m[1mScanning dependencies of target tmrdriver[0m
[6.631s] [ 12%] [32mBuilding CXX object CMakeFiles/tmrdriver.dir/src/tmr_driver.cpp.o[0m
[8.347s] [ 25%] [32mBuilding CXX object CMakeFiles/tmrdriver.dir/src/tmr_tmsct_communication.cpp.o[0m
[10.049s] [ 37%] [32mBuilding CXX object CMakeFiles/tmrdriver.dir/src/tmr_tmsvr_communication.cpp.o[0m
[12.079s] [ 50%] [32mBuilding CXX object CMakeFiles/tmrdriver.dir/src/tmr_communication.cpp.o[0m
[14.645s] [ 62%] [32mBuilding CXX object CMakeFiles/tmrdriver.dir/src/tmr_robot_state.cpp.o[0m
[17.951s] [ 75%] [32mBuilding CXX object CMakeFiles/tmrdriver.dir/src/tmr_tmpacket.cpp.o[0m
[20.021s] [ 87%] [32mBuilding CXX object CMakeFiles/tmrdriver.dir/src/tmr_command.cpp.o[0m
[21.395s] [100%] [32m[1mLinking CXX static library libtmrdriver.a[0m
[21.581s] [100%] Built target tmrdriver
[21.623s] Invoked command in '/home/gy/Omron_TM_ROS2/build/tmrlib' returned '0': CMAKE_PREFIX_PATH=${CMAKE_PREFIX_PATH}:/home/gy/Omron_TM_ROS2/install/tmr_mod_urdf:/home/gy/Omron_TM_ROS2/install/tm_get_status:/home/gy/Omron_TM_ROS2/install/pickplace:/opt/ros/foxy /usr/bin/cmake --build /home/gy/Omron_TM_ROS2/build/tmrlib -- -j3 -l3
[21.780s] Invoking command in '/home/gy/Omron_TM_ROS2/build/tmrlib': CMAKE_PREFIX_PATH=${CMAKE_PREFIX_PATH}:/home/gy/Omron_TM_ROS2/install/tmr_mod_urdf:/home/gy/Omron_TM_ROS2/install/tm_get_status:/home/gy/Omron_TM_ROS2/install/pickplace:/opt/ros/foxy /usr/bin/cmake --install /home/gy/Omron_TM_ROS2/build/tmrlib
[21.816s] -- Install configuration: ""
[21.824s] -- Up-to-date: /home/gy/Omron_TM_ROS2/install/tmrlib/share/tmrlib/environment/library_path.sh
[21.824s] -- Installing: /home/gy/Omron_TM_ROS2/install/tmrlib/share/tmrlib/environment/library_path.dsv
[21.824s] -- Up-to-date: /home/gy/Omron_TM_ROS2/install/tmrlib/include
[21.824s] -- Up-to-date: /home/gy/Omron_TM_ROS2/install/tmrlib/include/tmr
[21.824s] -- Up-to-date: /home/gy/Omron_TM_ROS2/install/tmrlib/include/tmr/tmr_communication.h
[21.824s] -- Up-to-date: /home/gy/Omron_TM_ROS2/install/tmrlib/include/tmr/tmr_tmpacket.h
[21.824s] -- Up-to-date: /home/gy/Omron_TM_ROS2/install/tmrlib/include/tmr/tmr_print.h
[21.825s] -- Up-to-date: /home/gy/Omron_TM_ROS2/install/tmrlib/include/tmr/tmr_robot_state.h
[21.825s] -- Up-to-date: /home/gy/Omron_TM_ROS2/install/tmrlib/include/tmr/tmr_tmsct_communication.h
[21.825s] -- Up-to-date: /home/gy/Omron_TM_ROS2/install/tmrlib/include/tmr/tmr_command.h
[21.825s] -- Up-to-date: /home/gy/Omron_TM_ROS2/install/tmrlib/include/tmr/tmr_tmsvr_communication.h
[21.825s] -- Up-to-date: /home/gy/Omron_TM_ROS2/install/tmrlib/include/tmr/tmr_data_table.h
[21.825s] -- Up-to-date: /home/gy/Omron_TM_ROS2/install/tmrlib/include/tmr/tmr_driver.h
[21.825s] -- Installing: /home/gy/Omron_TM_ROS2/install/tmrlib/lib/libtmrdriver.a
[21.863s] -- Up-to-date: /home/gy/Omron_TM_ROS2/install/tmrlib/share/ament_index/resource_index/package_run_dependencies/tmrlib
[21.863s] -- Installing: /home/gy/Omron_TM_ROS2/install/tmrlib/share/ament_index/resource_index/parent_prefix_path/tmrlib
[21.863s] -- Up-to-date: /home/gy/Omron_TM_ROS2/install/tmrlib/share/tmrlib/environment/ament_prefix_path.sh
[21.863s] -- Installing: /home/gy/Omron_TM_ROS2/install/tmrlib/share/tmrlib/environment/ament_prefix_path.dsv
[21.864s] -- Up-to-date: /home/gy/Omron_TM_ROS2/install/tmrlib/share/tmrlib/environment/path.sh
[21.864s] -- Installing: /home/gy/Omron_TM_ROS2/install/tmrlib/share/tmrlib/environment/path.dsv
[21.864s] -- Up-to-date: /home/gy/Omron_TM_ROS2/install/tmrlib/share/tmrlib/local_setup.bash
[21.864s] -- Installing: /home/gy/Omron_TM_ROS2/install/tmrlib/share/tmrlib/local_setup.sh
[21.867s] -- Up-to-date: /home/gy/Omron_TM_ROS2/install/tmrlib/share/tmrlib/local_setup.zsh
[21.867s] -- Installing: /home/gy/Omron_TM_ROS2/install/tmrlib/share/tmrlib/local_setup.dsv
[21.872s] -- Installing: /home/gy/Omron_TM_ROS2/install/tmrlib/share/tmrlib/package.dsv
[21.874s] -- Up-to-date: /home/gy/Omron_TM_ROS2/install/tmrlib/share/ament_index/resource_index/packages/tmrlib
[21.874s] -- Up-to-date: /home/gy/Omron_TM_ROS2/install/tmrlib/share/tmrlib/cmake/export_tmrdriverExport.cmake
[21.875s] -- Installing: /home/gy/Omron_TM_ROS2/install/tmrlib/share/tmrlib/cmake/export_tmrdriverExport-noconfig.cmake
[21.876s] -- Up-to-date: /home/gy/Omron_TM_ROS2/install/tmrlib/share/tmrlib/cmake/ament_cmake_export_targets-extras.cmake
[21.876s] -- Up-to-date: /home/gy/Omron_TM_ROS2/install/tmrlib/share/tmrlib/cmake/tmrlibConfig.cmake
[21.876s] -- Up-to-date: /home/gy/Omron_TM_ROS2/install/tmrlib/share/tmrlib/cmake/tmrlibConfig-version.cmake
[21.876s] -- Up-to-date: /home/gy/Omron_TM_ROS2/install/tmrlib/share/tmrlib/package.xml
[21.895s] Invoked command in '/home/gy/Omron_TM_ROS2/build/tmrlib' returned '0': CMAKE_PREFIX_PATH=${CMAKE_PREFIX_PATH}:/home/gy/Omron_TM_ROS2/install/tmr_mod_urdf:/home/gy/Omron_TM_ROS2/install/tm_get_status:/home/gy/Omron_TM_ROS2/install/pickplace:/opt/ros/foxy /usr/bin/cmake --install /home/gy/Omron_TM_ROS2/build/tmrlib
