[0.630s] Invoking command in '/home/gy/tmr_ros2/tmr_mod_urdf': PYTHONPATH=/home/gy/tmr_ros2/install/tmr_mod_urdf/lib/python3.8/site-packages:${PYTHONPATH} /usr/bin/python3 setup.py egg_info --egg-base ../build/tmr_mod_urdf build --build-base /home/gy/tmr_ros2/build/tmr_mod_urdf/build install --prefix /home/gy/tmr_ros2/install/tmr_mod_urdf --record /home/gy/tmr_ros2/build/tmr_mod_urdf/install.log --single-version-externally-managed
[1.070s] running egg_info
[1.071s] writing ../build/tmr_mod_urdf/tmr_mod_urdf.egg-info/PKG-INFO
[1.071s] writing dependency_links to ../build/tmr_mod_urdf/tmr_mod_urdf.egg-info/dependency_links.txt
[1.071s] writing entry points to ../build/tmr_mod_urdf/tmr_mod_urdf.egg-info/entry_points.txt
[1.071s] writing requirements to ../build/tmr_mod_urdf/tmr_mod_urdf.egg-info/requires.txt
[1.071s] writing top-level names to ../build/tmr_mod_urdf/tmr_mod_urdf.egg-info/top_level.txt
[1.152s] reading manifest file '../build/tmr_mod_urdf/tmr_mod_urdf.egg-info/SOURCES.txt'
[1.156s] writing manifest file '../build/tmr_mod_urdf/tmr_mod_urdf.egg-info/SOURCES.txt'
[1.156s] running build
[1.156s] running build_py
[1.157s] running install
[1.158s] running install_lib
[1.162s] running install_data
[1.163s] running install_egg_info
[1.166s] removing '/home/gy/tmr_ros2/install/tmr_mod_urdf/lib/python3.8/site-packages/tmr_mod_urdf-0.0.0-py3.8.egg-info' (and everything under it)
[1.177s] Copying ../build/tmr_mod_urdf/tmr_mod_urdf.egg-info to /home/gy/tmr_ros2/install/tmr_mod_urdf/lib/python3.8/site-packages/tmr_mod_urdf-0.0.0-py3.8.egg-info
[1.177s] running install_scripts
[1.255s] Installing modify_urdf script to /home/gy/tmr_ros2/install/tmr_mod_urdf/lib/tmr_mod_urdf
[1.255s] Installing modify_xacro script to /home/gy/tmr_ros2/install/tmr_mod_urdf/lib/tmr_mod_urdf
[1.256s] writing list of installed files to '/home/gy/tmr_ros2/build/tmr_mod_urdf/install.log'
[1.309s] Invoked command in '/home/gy/tmr_ros2/tmr_mod_urdf' returned '0': PYTHONPATH=/home/gy/tmr_ros2/install/tmr_mod_urdf/lib/python3.8/site-packages:${PYTHONPATH} /usr/bin/python3 setup.py egg_info --egg-base ../build/tmr_mod_urdf build --build-base /home/gy/tmr_ros2/build/tmr_mod_urdf/build install --prefix /home/gy/tmr_ros2/install/tmr_mod_urdf --record /home/gy/tmr_ros2/build/tmr_mod_urdf/install.log --single-version-externally-managed
