[0.637s] Invoking command in '/home/gy/Omron_TM_ROS2/build/rviz_tm': PYTHONPATH=/home/gy/Omron_TM_ROS2/install/rviz_tm/lib/python3.8/site-packages:${PYTHONPATH} /usr/bin/python3 setup.py develop --prefix /home/gy/Omron_TM_ROS2/install/rviz_tm --uninstall --editable --build-directory /home/gy/Omron_TM_ROS2/build/rviz_tm/build
[1.127s] running develop
[1.562s] Invoked command in '/home/gy/Omron_TM_ROS2/build/rviz_tm' returned '0': PYTHONPATH=/home/gy/Omron_TM_ROS2/install/rviz_tm/lib/python3.8/site-packages:${PYTHONPATH} /usr/bin/python3 setup.py develop --prefix /home/gy/Omron_TM_ROS2/install/rviz_tm --uninstall --editable --build-directory /home/gy/Omron_TM_ROS2/build/rviz_tm/build
[1.563s] Invoking command in '/home/gy/Omron_TM_ROS2/rviz_tm': PYTHONPATH=/home/gy/Omron_TM_ROS2/install/rviz_tm/lib/python3.8/site-packages:${PYTHONPATH} /usr/bin/python3 setup.py egg_info --egg-base ../build/rviz_tm build --build-base /home/gy/Omron_TM_ROS2/build/rviz_tm/build install --prefix /home/gy/Omron_TM_ROS2/install/rviz_tm --record /home/gy/Omron_TM_ROS2/build/rviz_tm/install.log --single-version-externally-managed
[2.057s] running egg_info
[2.064s] writing ../build/rviz_tm/rviz_tm.egg-info/PKG-INFO
[2.064s] writing dependency_links to ../build/rviz_tm/rviz_tm.egg-info/dependency_links.txt
[2.064s] writing entry points to ../build/rviz_tm/rviz_tm.egg-info/entry_points.txt
[2.064s] writing requirements to ../build/rviz_tm/rviz_tm.egg-info/requires.txt
[2.064s] writing top-level names to ../build/rviz_tm/rviz_tm.egg-info/top_level.txt
[2.144s] reading manifest file '../build/rviz_tm/rviz_tm.egg-info/SOURCES.txt'
[2.145s] writing manifest file '../build/rviz_tm/rviz_tm.egg-info/SOURCES.txt'
[2.146s] running build
[2.146s] running build_py
[2.146s] running install
[2.151s] running install_lib
[2.151s] running install_data
[2.151s] running install_egg_info
[2.156s] removing '/home/gy/Omron_TM_ROS2/install/rviz_tm/lib/python3.8/site-packages/rviz_tm-0.0.0-py3.8.egg-info' (and everything under it)
[2.156s] Copying ../build/rviz_tm/rviz_tm.egg-info to /home/gy/Omron_TM_ROS2/install/rviz_tm/lib/python3.8/site-packages/rviz_tm-0.0.0-py3.8.egg-info
[2.160s] running install_scripts
[2.196s] writing list of installed files to '/home/gy/Omron_TM_ROS2/build/rviz_tm/install.log'
[2.490s] Invoked command in '/home/gy/Omron_TM_ROS2/rviz_tm' returned '0': PYTHONPATH=/home/gy/Omron_TM_ROS2/install/rviz_tm/lib/python3.8/site-packages:${PYTHONPATH} /usr/bin/python3 setup.py egg_info --egg-base ../build/rviz_tm build --build-base /home/gy/Omron_TM_ROS2/build/rviz_tm/build install --prefix /home/gy/Omron_TM_ROS2/install/rviz_tm --record /home/gy/Omron_TM_ROS2/build/rviz_tm/install.log --single-version-externally-managed
