[0.114s] Invoking command in '/home/gy/Omron_TM_ROS2/build/custom_package': AMENT_PREFIX_PATH=/home/gy/tmr_ros2/install/techman_robot_msgs:${AMENT_PREFIX_PATH} CMAKE_PREFIX_PATH=/home/gy/Omron_TM_ROS2/install/techman_robot_msgs:/home/gy/tmdriver_ws/install/ui_for_debug_and_demo:/home/gy/tmdriver_ws/install/tmr_driver:/home/gy/tmdriver_ws/install/tmrlib:/home/gy/tmdriver_ws/install/tmr_msgs:/home/gy/tmdriver_ws/install/tmr_moveit_cpp_demo:/home/gy/tmdriver_ws/install/tmr_moveit_config_tm5-900:/home/gy/tmdriver_ws/install/tmr_description:/home/gy/tmdriver_ws/install/tm_driver:/home/gy/tmdriver_ws/install/demo:/home/gy/tmdriver_ws/install/tm_msgs:/home/gy/tmdriver_ws/install/custom_package:/home/gy/tmdriver_ws/install/techman_robot_msgs:/home/gy/tmdriver_ws/install/tmr_mod_urdf:/home/gy/tmdriver_ws/install/tm_get_status:/opt/ros/foxy LD_LIBRARY_PATH=/home/gy/tmr_ros2/install/techman_robot_msgs/lib:/home/gy/Omron_TM_ROS2/install/techman_robot_msgs/lib:${LD_LIBRARY_PATH} PYTHONPATH=/home/gy/tmr_ros2/install/techman_robot_msgs/lib/python3.8/site-packages:/home/gy/Omron_TM_ROS2/install/techman_robot_msgs/lib/python3.8/site-packages:${PYTHONPATH} /usr/bin/cmake --build /home/gy/Omron_TM_ROS2/build/custom_package -- -j3 -l3
[0.152s] CMake Error: The current CMakeCache.txt directory /home/gy/Omron_TM_ROS2/build/custom_package/CMakeCache.txt is different than the directory /home/gy/tmr_ros2/build/custom_package where CMakeCache.txt was created. This may result in binaries being created in the wrong place. If you are not sure, reedit the CMakeCache.txt
[0.316s] -- Found ament_cmake: 0.9.8 (/opt/ros/foxy/share/ament_cmake/cmake)
[0.375s] -- Using PYTHON_EXECUTABLE: /usr/bin/python3
[0.807s] -- Found rclcpp: 2.3.0 (/opt/ros/foxy/share/rclcpp/cmake)
[0.915s] -- Using all available rosidl_typesupport_c: rosidl_typesupport_fastrtps_c;rosidl_typesupport_introspection_c
[0.933s] -- Found rosidl_adapter: 1.2.0 (/opt/ros/foxy/share/rosidl_adapter/cmake)
[1.192s] -- Using all available rosidl_typesupport_cpp: rosidl_typesupport_fastrtps_cpp;rosidl_typesupport_introspection_cpp
[1.312s] -- Found rmw_implementation_cmake: 1.0.2 (/opt/ros/foxy/share/rmw_implementation_cmake/cmake)
[1.319s] -- Using RMW implementation 'rmw_fastrtps_cpp' as default
[1.712s] -- Found rclcpp_components: 2.3.0 (/opt/ros/foxy/share/rclcpp_components/cmake)
[1.952s] -- Found sensor_msgs: 2.0.3 (/opt/ros/foxy/share/sensor_msgs/cmake)
[2.350s] -- Found techman_robot_msgs: 0.0.0 (/home/gy/tmr_ros2/install/techman_robot_msgs/share/techman_robot_msgs/cmake)
[2.390s] -- Found ament_lint_auto: 0.9.6 (/opt/ros/foxy/share/ament_lint_auto/cmake)
[2.616s] -- Added test 'copyright' to check source files copyright and LICENSE
[2.648s] -- Added test 'cppcheck' to perform static code analysis on C / C++ code
[2.658s] -- Configured cppcheck include dirs: 
[2.658s] -- Configured cppcheck exclude dirs and/or files: 
[2.670s] -- Added test 'cpplint' to check C / C++ code against the Google style
[2.670s] -- Configured cpplint exclude dirs and/or files: 
[2.670s] -- Added test 'lint_cmake' to check CMake code style
[2.671s] -- Added test 'uncrustify' to check C / C++ code style
[2.674s] -- Configured uncrustify additional arguments: 
[2.678s] -- Added test 'xmllint' to check XML markup files
[2.704s] -- Configuring done
[2.792s] -- Generating done
[2.799s] -- Build files have been written to: /home/gy/tmr_ros2/build/custom_package
[3.398s] [ 50%] Built target sub_img
[3.503s] [100%] Built target tm_send_command
[3.528s] Invoked command in '/home/gy/Omron_TM_ROS2/build/custom_package' returned '0': AMENT_PREFIX_PATH=/home/gy/tmr_ros2/install/techman_robot_msgs:${AMENT_PREFIX_PATH} CMAKE_PREFIX_PATH=/home/gy/Omron_TM_ROS2/install/techman_robot_msgs:/home/gy/tmdriver_ws/install/ui_for_debug_and_demo:/home/gy/tmdriver_ws/install/tmr_driver:/home/gy/tmdriver_ws/install/tmrlib:/home/gy/tmdriver_ws/install/tmr_msgs:/home/gy/tmdriver_ws/install/tmr_moveit_cpp_demo:/home/gy/tmdriver_ws/install/tmr_moveit_config_tm5-900:/home/gy/tmdriver_ws/install/tmr_description:/home/gy/tmdriver_ws/install/tm_driver:/home/gy/tmdriver_ws/install/demo:/home/gy/tmdriver_ws/install/tm_msgs:/home/gy/tmdriver_ws/install/custom_package:/home/gy/tmdriver_ws/install/techman_robot_msgs:/home/gy/tmdriver_ws/install/tmr_mod_urdf:/home/gy/tmdriver_ws/install/tm_get_status:/opt/ros/foxy LD_LIBRARY_PATH=/home/gy/tmr_ros2/install/techman_robot_msgs/lib:/home/gy/Omron_TM_ROS2/install/techman_robot_msgs/lib:${LD_LIBRARY_PATH} PYTHONPATH=/home/gy/tmr_ros2/install/techman_robot_msgs/lib/python3.8/site-packages:/home/gy/Omron_TM_ROS2/install/techman_robot_msgs/lib/python3.8/site-packages:${PYTHONPATH} /usr/bin/cmake --build /home/gy/Omron_TM_ROS2/build/custom_package -- -j3 -l3
[3.586s] Invoking command in '/home/gy/Omron_TM_ROS2/build/custom_package': AMENT_PREFIX_PATH=/home/gy/tmr_ros2/install/techman_robot_msgs:${AMENT_PREFIX_PATH} CMAKE_PREFIX_PATH=/home/gy/Omron_TM_ROS2/install/techman_robot_msgs:/home/gy/tmdriver_ws/install/ui_for_debug_and_demo:/home/gy/tmdriver_ws/install/tmr_driver:/home/gy/tmdriver_ws/install/tmrlib:/home/gy/tmdriver_ws/install/tmr_msgs:/home/gy/tmdriver_ws/install/tmr_moveit_cpp_demo:/home/gy/tmdriver_ws/install/tmr_moveit_config_tm5-900:/home/gy/tmdriver_ws/install/tmr_description:/home/gy/tmdriver_ws/install/tm_driver:/home/gy/tmdriver_ws/install/demo:/home/gy/tmdriver_ws/install/tm_msgs:/home/gy/tmdriver_ws/install/custom_package:/home/gy/tmdriver_ws/install/techman_robot_msgs:/home/gy/tmdriver_ws/install/tmr_mod_urdf:/home/gy/tmdriver_ws/install/tm_get_status:/opt/ros/foxy LD_LIBRARY_PATH=/home/gy/tmr_ros2/install/techman_robot_msgs/lib:/home/gy/Omron_TM_ROS2/install/techman_robot_msgs/lib:${LD_LIBRARY_PATH} PYTHONPATH=/home/gy/tmr_ros2/install/techman_robot_msgs/lib/python3.8/site-packages:/home/gy/Omron_TM_ROS2/install/techman_robot_msgs/lib/python3.8/site-packages:${PYTHONPATH} /usr/bin/cmake --install /home/gy/Omron_TM_ROS2/build/custom_package
[3.631s] -- Install configuration: ""
[3.656s] -- Up-to-date: /home/gy/tmr_ros2/install/custom_package/lib/custom_package/tm_send_command
[3.686s] -- Up-to-date: /home/gy/tmr_ros2/install/custom_package/lib/custom_package/sub_img
[3.686s] -- Up-to-date: /home/gy/tmr_ros2/install/custom_package/share/custom_package/image
[3.687s] -- Up-to-date: /home/gy/tmr_ros2/install/custom_package/share/custom_package/image/techman_robot.jpg
[3.689s] -- Up-to-date: /home/gy/tmr_ros2/install/custom_package/share/ament_index/resource_index/package_run_dependencies/custom_package
[3.689s] -- Up-to-date: /home/gy/tmr_ros2/install/custom_package/share/ament_index/resource_index/parent_prefix_path/custom_package
[3.694s] -- Up-to-date: /home/gy/tmr_ros2/install/custom_package/share/custom_package/environment/ament_prefix_path.sh
[3.695s] -- Installing: /home/gy/tmr_ros2/install/custom_package/share/custom_package/environment/ament_prefix_path.dsv
[3.695s] -- Up-to-date: /home/gy/tmr_ros2/install/custom_package/share/custom_package/environment/path.sh
[3.695s] -- Installing: /home/gy/tmr_ros2/install/custom_package/share/custom_package/environment/path.dsv
[3.695s] -- Up-to-date: /home/gy/tmr_ros2/install/custom_package/share/custom_package/local_setup.bash
[3.695s] -- Up-to-date: /home/gy/tmr_ros2/install/custom_package/share/custom_package/local_setup.sh
[3.695s] -- Up-to-date: /home/gy/tmr_ros2/install/custom_package/share/custom_package/local_setup.zsh
[3.696s] -- Installing: /home/gy/tmr_ros2/install/custom_package/share/custom_package/local_setup.dsv
[3.696s] -- Installing: /home/gy/tmr_ros2/install/custom_package/share/custom_package/package.dsv
[3.696s] -- Up-to-date: /home/gy/tmr_ros2/install/custom_package/share/ament_index/resource_index/packages/custom_package
[3.696s] -- Up-to-date: /home/gy/tmr_ros2/install/custom_package/share/custom_package/cmake/custom_packageConfig.cmake
[3.696s] -- Up-to-date: /home/gy/tmr_ros2/install/custom_package/share/custom_package/cmake/custom_packageConfig-version.cmake
[3.696s] -- Up-to-date: /home/gy/tmr_ros2/install/custom_package/share/custom_package/package.xml
[3.704s] Invoked command in '/home/gy/Omron_TM_ROS2/build/custom_package' returned '0': AMENT_PREFIX_PATH=/home/gy/tmr_ros2/install/techman_robot_msgs:${AMENT_PREFIX_PATH} CMAKE_PREFIX_PATH=/home/gy/Omron_TM_ROS2/install/techman_robot_msgs:/home/gy/tmdriver_ws/install/ui_for_debug_and_demo:/home/gy/tmdriver_ws/install/tmr_driver:/home/gy/tmdriver_ws/install/tmrlib:/home/gy/tmdriver_ws/install/tmr_msgs:/home/gy/tmdriver_ws/install/tmr_moveit_cpp_demo:/home/gy/tmdriver_ws/install/tmr_moveit_config_tm5-900:/home/gy/tmdriver_ws/install/tmr_description:/home/gy/tmdriver_ws/install/tm_driver:/home/gy/tmdriver_ws/install/demo:/home/gy/tmdriver_ws/install/tm_msgs:/home/gy/tmdriver_ws/install/custom_package:/home/gy/tmdriver_ws/install/techman_robot_msgs:/home/gy/tmdriver_ws/install/tmr_mod_urdf:/home/gy/tmdriver_ws/install/tm_get_status:/opt/ros/foxy LD_LIBRARY_PATH=/home/gy/tmr_ros2/install/techman_robot_msgs/lib:/home/gy/Omron_TM_ROS2/install/techman_robot_msgs/lib:${LD_LIBRARY_PATH} PYTHONPATH=/home/gy/tmr_ros2/install/techman_robot_msgs/lib/python3.8/site-packages:/home/gy/Omron_TM_ROS2/install/techman_robot_msgs/lib/python3.8/site-packages:${PYTHONPATH} /usr/bin/cmake --install /home/gy/Omron_TM_ROS2/build/custom_package
