[0.040s] Invoking command in '/home/gy/Omron_TM_ROS2/build/tmr_moveit_cpp_demo': CMAKE_PREFIX_PATH=${CMAKE_PREFIX_PATH}:/home/gy/Omron_TM_ROS2/install/tmr_mod_urdf:/home/gy/Omron_TM_ROS2/install/tm_get_status:/home/gy/Omron_TM_ROS2/install/rviz_tm:/home/gy/Omron_TM_ROS2/install/pickplace:/opt/ros/foxy /usr/bin/cmake --build /home/gy/Omron_TM_ROS2/build/tmr_moveit_cpp_demo -- -j3 -l3
[0.146s] Invoked command in '/home/gy/Omron_TM_ROS2/build/tmr_moveit_cpp_demo' returned '0': CMAKE_PREFIX_PATH=${CMAKE_PREFIX_PATH}:/home/gy/Omron_TM_ROS2/install/tmr_mod_urdf:/home/gy/Omron_TM_ROS2/install/tm_get_status:/home/gy/Omron_TM_ROS2/install/rviz_tm:/home/gy/Omron_TM_ROS2/install/pickplace:/opt/ros/foxy /usr/bin/cmake --build /home/gy/Omron_TM_ROS2/build/tmr_moveit_cpp_demo -- -j3 -l3
[0.216s] Invoking command in '/home/gy/Omron_TM_ROS2/build/tmr_moveit_cpp_demo': CMAKE_PREFIX_PATH=${CMAKE_PREFIX_PATH}:/home/gy/Omron_TM_ROS2/install/tmr_mod_urdf:/home/gy/Omron_TM_ROS2/install/tm_get_status:/home/gy/Omron_TM_ROS2/install/rviz_tm:/home/gy/Omron_TM_ROS2/install/pickplace:/opt/ros/foxy /usr/bin/cmake --install /home/gy/Omron_TM_ROS2/build/tmr_moveit_cpp_demo
[0.247s] -- Install configuration: ""
[0.248s] -- Execute custom install script
[0.250s] -- Up-to-date symlink: /home/gy/Omron_TM_ROS2/install/tmr_moveit_cpp_demo/share/tmr_moveit_cpp_demo/launch/run_moveit_cpp.launch.py
[0.250s] -- Up-to-date symlink: /home/gy/Omron_TM_ROS2/install/tmr_moveit_cpp_demo/share/tmr_moveit_cpp_demo/launch/run_moveit_cpp.rviz
[0.256s] -- Up-to-date symlink: /home/gy/Omron_TM_ROS2/install/tmr_moveit_cpp_demo/share/tmr_moveit_cpp_demo/config/controllers.yaml
[0.257s] -- Up-to-date symlink: /home/gy/Omron_TM_ROS2/install/tmr_moveit_cpp_demo/share/tmr_moveit_cpp_demo/config/moveit_cpp.yaml
[0.257s] -- Up-to-date symlink: /home/gy/Omron_TM_ROS2/install/tmr_moveit_cpp_demo/share/ament_index/resource_index/package_run_dependencies/tmr_moveit_cpp_demo
[0.258s] -- Up-to-date symlink: /home/gy/Omron_TM_ROS2/install/tmr_moveit_cpp_demo/share/ament_index/resource_index/parent_prefix_path/tmr_moveit_cpp_demo
[0.264s] -- Up-to-date symlink: /home/gy/Omron_TM_ROS2/install/tmr_moveit_cpp_demo/share/tmr_moveit_cpp_demo/environment/ament_prefix_path.sh
[0.264s] -- Up-to-date symlink: /home/gy/Omron_TM_ROS2/install/tmr_moveit_cpp_demo/share/tmr_moveit_cpp_demo/environment/ament_prefix_path.dsv
[0.265s] -- Up-to-date symlink: /home/gy/Omron_TM_ROS2/install/tmr_moveit_cpp_demo/share/tmr_moveit_cpp_demo/environment/path.sh
[0.266s] -- Up-to-date symlink: /home/gy/Omron_TM_ROS2/install/tmr_moveit_cpp_demo/share/tmr_moveit_cpp_demo/environment/path.dsv
[0.267s] -- Up-to-date symlink: /home/gy/Omron_TM_ROS2/install/tmr_moveit_cpp_demo/share/tmr_moveit_cpp_demo/local_setup.bash
[0.267s] -- Up-to-date symlink: /home/gy/Omron_TM_ROS2/install/tmr_moveit_cpp_demo/share/tmr_moveit_cpp_demo/local_setup.sh
[0.274s] -- Up-to-date symlink: /home/gy/Omron_TM_ROS2/install/tmr_moveit_cpp_demo/share/tmr_moveit_cpp_demo/local_setup.zsh
[0.275s] -- Up-to-date symlink: /home/gy/Omron_TM_ROS2/install/tmr_moveit_cpp_demo/share/tmr_moveit_cpp_demo/local_setup.dsv
[0.276s] -- Symlinking: /home/gy/Omron_TM_ROS2/install/tmr_moveit_cpp_demo/share/tmr_moveit_cpp_demo/package.dsv
[0.319s] -- Up-to-date symlink: /home/gy/Omron_TM_ROS2/install/tmr_moveit_cpp_demo/share/ament_index/resource_index/packages/tmr_moveit_cpp_demo
[0.328s] -- Up-to-date symlink: /home/gy/Omron_TM_ROS2/install/tmr_moveit_cpp_demo/share/tmr_moveit_cpp_demo/cmake/tmr_moveit_cpp_demoConfig.cmake
[0.328s] -- Up-to-date symlink: /home/gy/Omron_TM_ROS2/install/tmr_moveit_cpp_demo/share/tmr_moveit_cpp_demo/cmake/tmr_moveit_cpp_demoConfig-version.cmake
[0.329s] -- Up-to-date symlink: /home/gy/Omron_TM_ROS2/install/tmr_moveit_cpp_demo/share/tmr_moveit_cpp_demo/package.xml
[0.329s] Invoked command in '/home/gy/Omron_TM_ROS2/build/tmr_moveit_cpp_demo' returned '0': CMAKE_PREFIX_PATH=${CMAKE_PREFIX_PATH}:/home/gy/Omron_TM_ROS2/install/tmr_mod_urdf:/home/gy/Omron_TM_ROS2/install/tm_get_status:/home/gy/Omron_TM_ROS2/install/rviz_tm:/home/gy/Omron_TM_ROS2/install/pickplace:/opt/ros/foxy /usr/bin/cmake --install /home/gy/Omron_TM_ROS2/build/tmr_moveit_cpp_demo
