-- The C compiler identification is GNU 9.3.0
-- The CXX compiler identification is GNU 9.3.0
-- Check for working C compiler: /usr/bin/cc
-- Check for working C compiler: /usr/bin/cc -- works
-- Detecting C compiler ABI info
-- Detecting C compiler ABI info - done
-- Detecting C compile features
-- Detecting C compile features - done
-- Check for working CXX compiler: /usr/bin/c++
-- Check for working CXX compiler: /usr/bin/c++ -- works
-- Detecting CXX compiler ABI info
-- Detecting CXX compiler ABI info - done
-- Detecting CXX compile features
-- Detecting CXX compile features - done
-- Found ament_cmake: 0.9.8 (/opt/ros/foxy/share/ament_cmake/cmake)
-- Found PythonInterp: /usr/bin/python3 (found suitable version "3.8.5", minimum required is "3") 
-- Using PYTHON_EXECUTABLE: /usr/bin/python3
-- Found rclcpp: 2.3.0 (/opt/ros/foxy/share/rclcpp/cmake)
-- Using all available rosidl_typesupport_c: rosidl_typesupport_fastrtps_c;rosidl_typesupport_introspection_c
-- Found rosidl_adapter: 1.2.0 (/opt/ros/foxy/share/rosidl_adapter/cmake)
-- Found OpenSSL: /usr/lib/x86_64-linux-gnu/libcrypto.so (found version "1.1.1f")  
-- Found FastRTPS: /opt/ros/foxy/include  
-- Using all available rosidl_typesupport_cpp: rosidl_typesupport_fastrtps_cpp;rosidl_typesupport_introspection_cpp
-- Found rmw_implementation_cmake: 1.0.2 (/opt/ros/foxy/share/rmw_implementation_cmake/cmake)
-- Using RMW implementation 'rmw_fastrtps_cpp' as default
-- Looking for pthread.h
-- Looking for pthread.h - found
-- Performing Test CMAKE_HAVE_LIBC_PTHREAD
-- Performing Test CMAKE_HAVE_LIBC_PTHREAD - Failed
-- Looking for pthread_create in pthreads
-- Looking for pthread_create in pthreads - not found
-- Looking for pthread_create in pthread
-- Looking for pthread_create in pthread - found
-- Found Threads: TRUE  
-- Found rclcpp_components: 2.3.0 (/opt/ros/foxy/share/rclcpp_components/cmake)
-- Found sensor_msgs: 2.0.3 (/opt/ros/foxy/share/sensor_msgs/cmake)
-- Found OpenCV: /usr (found version "4.2.0") 
-- Found techman_robot_msgs: 0.0.0 (/home/gy/Omron_TM_ROS2/install/techman_robot_msgs/share/techman_robot_msgs/cmake)
-- Found ament_lint_auto: 0.9.6 (/opt/ros/foxy/share/ament_lint_auto/cmake)
-- Added test 'copyright' to check source files copyright and LICENSE
-- Added test 'cppcheck' to perform static code analysis on C / C++ code
-- Configured cppcheck include dirs: 
-- Configured cppcheck exclude dirs and/or files: 
-- Added test 'cpplint' to check C / C++ code against the Google style
-- Configured cpplint exclude dirs and/or files: 
-- Added test 'lint_cmake' to check CMake code style
-- Added test 'uncrustify' to check C / C++ code style
-- Configured uncrustify additional arguments: 
-- Added test 'xmllint' to check XML markup files
-- Configuring done
-- Generating done
-- Build files have been written to: /home/gy/Omron_TM_ROS2/build/custom_package
[35m[1mScanning dependencies of target sub_img[0m
[ 25%] [32mBuilding CXX object CMakeFiles/sub_img.dir/src/sub_img.cpp.o[0m
[ 50%] [32m[1mLinking CXX executable sub_img[0m
[ 50%] Built target sub_img
[35m[1mScanning dependencies of target tm_send_command[0m
[ 75%] [32mBuilding CXX object CMakeFiles/tm_send_command.dir/src/send_command.cpp.o[0m
[100%] [32m[1mLinking CXX executable tm_send_command[0m
[100%] Built target tm_send_command
-- Install configuration: ""
-- Installing: /home/gy/Omron_TM_ROS2/install/custom_package/lib/custom_package/tm_send_command
-- Set runtime path of "/home/gy/Omron_TM_ROS2/install/custom_package/lib/custom_package/tm_send_command" to ""
-- Installing: /home/gy/Omron_TM_ROS2/install/custom_package/lib/custom_package/sub_img
-- Set runtime path of "/home/gy/Omron_TM_ROS2/install/custom_package/lib/custom_package/sub_img" to ""
-- Up-to-date: /home/gy/Omron_TM_ROS2/install/custom_package/share/custom_package/image
-- Up-to-date: /home/gy/Omron_TM_ROS2/install/custom_package/share/custom_package/image/techman_robot.jpg
-- Installing: /home/gy/Omron_TM_ROS2/install/custom_package/share/ament_index/resource_index/package_run_dependencies/custom_package
-- Installing: /home/gy/Omron_TM_ROS2/install/custom_package/share/ament_index/resource_index/parent_prefix_path/custom_package
-- Up-to-date: /home/gy/Omron_TM_ROS2/install/custom_package/share/custom_package/environment/ament_prefix_path.sh
-- Installing: /home/gy/Omron_TM_ROS2/install/custom_package/share/custom_package/environment/ament_prefix_path.dsv
-- Up-to-date: /home/gy/Omron_TM_ROS2/install/custom_package/share/custom_package/environment/path.sh
-- Installing: /home/gy/Omron_TM_ROS2/install/custom_package/share/custom_package/environment/path.dsv
-- Installing: /home/gy/Omron_TM_ROS2/install/custom_package/share/custom_package/local_setup.bash
-- Installing: /home/gy/Omron_TM_ROS2/install/custom_package/share/custom_package/local_setup.sh
-- Installing: /home/gy/Omron_TM_ROS2/install/custom_package/share/custom_package/local_setup.zsh
-- Installing: /home/gy/Omron_TM_ROS2/install/custom_package/share/custom_package/local_setup.dsv
-- Installing: /home/gy/Omron_TM_ROS2/install/custom_package/share/custom_package/package.dsv
-- Installing: /home/gy/Omron_TM_ROS2/install/custom_package/share/ament_index/resource_index/packages/custom_package
-- Installing: /home/gy/Omron_TM_ROS2/install/custom_package/share/custom_package/cmake/custom_packageConfig.cmake
-- Installing: /home/gy/Omron_TM_ROS2/install/custom_package/share/custom_package/cmake/custom_packageConfig-version.cmake
-- Up-to-date: /home/gy/Omron_TM_ROS2/install/custom_package/share/custom_package/package.xml
