[0.066s] Invoking command in '/home/gy/Omron_TM_ROS2/build/demo': CMAKE_PREFIX_PATH=/home/gy/Omron_TM_ROS2/install/tm_msgs:/home/gy/Omron_TM_ROS2/install/ui_for_debug_and_demo:/home/gy/Omron_TM_ROS2/install/tmr_driver:/home/gy/Omron_TM_ROS2/install/tmrlib:/home/gy/Omron_TM_ROS2/install/tmr_msgs:/home/gy/Omron_TM_ROS2/install/tmr_moveit_cpp_demo:/home/gy/Omron_TM_ROS2/install/tmr_moveit_config_tm5-900:/home/gy/Omron_TM_ROS2/install/tmr_description:/home/gy/Omron_TM_ROS2/install/tm_driver:/home/gy/Omron_TM_ROS2/install/demo:/home/gy/Omron_TM_ROS2/install/tmr_mod_urdf:/home/gy/Omron_TM_ROS2/install/tm_get_status:/home/gy/Omron_TM_ROS2/install/rviz_tm:/home/gy/Omron_TM_ROS2/install/pickplace:/opt/ros/foxy:/home/gy/Omron_TM_ROS2/install/tm_models:/home/gy/Omron_TM_ROS2/install/custom_package:/home/gy/Omron_TM_ROS2/install/techman_robot_msgs LD_LIBRARY_PATH=/home/gy/Omron_TM_ROS2/install/tm_msgs/lib:/home/gy/Omron_TM_ROS2/install/tmrlib/lib:/home/gy/Omron_TM_ROS2/install/tmr_msgs/lib:/home/gy/Omron_TM_ROS2/install/techman_robot_msgs/lib:/opt/ros/foxy/opt/yaml_cpp_vendor/lib:/opt/ros/foxy/opt/rviz_ogre_vendor/lib:/opt/ros/foxy/lib/x86_64-linux-gnu:/opt/ros/foxy/lib PYTHONPATH=/home/gy/Omron_TM_ROS2/install/tm_msgs/lib/python3.8/site-packages:/home/gy/Omron_TM_ROS2/install/tmr_msgs/lib/python3.8/site-packages:/home/gy/Omron_TM_ROS2/install/tmr_mod_urdf/lib/python3.8/site-packages:/home/gy/Omron_TM_ROS2/install/tm_get_status/lib/python3.8/site-packages:/home/gy/Omron_TM_ROS2/install/techman_robot_msgs/lib/python3.8/site-packages:/home/gy/Omron_TM_ROS2/install/rviz_tm/lib/python3.8/site-packages:/home/gy/Omron_TM_ROS2/install/pickplace/lib/python3.8/site-packages:/opt/ros/foxy/lib/python3.8/site-packages /usr/bin/cmake --build /home/gy/Omron_TM_ROS2/build/demo -- -j3 -l3
[0.230s] [  7%] Built target demo_get_svr_response
[0.316s] [ 15%] Built target demo_set_positions
[0.391s] [ 23%] Built target demo_get_sta_response
[0.513s] [ 30%] Built target demo_set_io
[0.609s] [ 38%] Built target demo_send_script
[0.710s] [ 46%] Built target demo_ask_sta
[0.804s] [ 53%] Built target demo_get_sct_response
[0.882s] [ 61%] Built target demo_set_event
[0.982s] [ 69%] Built target demo_connect_tm
[1.054s] [ 76%] Built target demo_get_feedback
[1.113s] [ 84%] Built target demo_leave_listen_node
[1.219s] [ 92%] Built target demo_write_item
[1.297s] [100%] Built target demo_ask_item
[1.330s] Invoked command in '/home/gy/Omron_TM_ROS2/build/demo' returned '0': CMAKE_PREFIX_PATH=/home/gy/Omron_TM_ROS2/install/tm_msgs:/home/gy/Omron_TM_ROS2/install/ui_for_debug_and_demo:/home/gy/Omron_TM_ROS2/install/tmr_driver:/home/gy/Omron_TM_ROS2/install/tmrlib:/home/gy/Omron_TM_ROS2/install/tmr_msgs:/home/gy/Omron_TM_ROS2/install/tmr_moveit_cpp_demo:/home/gy/Omron_TM_ROS2/install/tmr_moveit_config_tm5-900:/home/gy/Omron_TM_ROS2/install/tmr_description:/home/gy/Omron_TM_ROS2/install/tm_driver:/home/gy/Omron_TM_ROS2/install/demo:/home/gy/Omron_TM_ROS2/install/tmr_mod_urdf:/home/gy/Omron_TM_ROS2/install/tm_get_status:/home/gy/Omron_TM_ROS2/install/rviz_tm:/home/gy/Omron_TM_ROS2/install/pickplace:/opt/ros/foxy:/home/gy/Omron_TM_ROS2/install/tm_models:/home/gy/Omron_TM_ROS2/install/custom_package:/home/gy/Omron_TM_ROS2/install/techman_robot_msgs LD_LIBRARY_PATH=/home/gy/Omron_TM_ROS2/install/tm_msgs/lib:/home/gy/Omron_TM_ROS2/install/tmrlib/lib:/home/gy/Omron_TM_ROS2/install/tmr_msgs/lib:/home/gy/Omron_TM_ROS2/install/techman_robot_msgs/lib:/opt/ros/foxy/opt/yaml_cpp_vendor/lib:/opt/ros/foxy/opt/rviz_ogre_vendor/lib:/opt/ros/foxy/lib/x86_64-linux-gnu:/opt/ros/foxy/lib PYTHONPATH=/home/gy/Omron_TM_ROS2/install/tm_msgs/lib/python3.8/site-packages:/home/gy/Omron_TM_ROS2/install/tmr_msgs/lib/python3.8/site-packages:/home/gy/Omron_TM_ROS2/install/tmr_mod_urdf/lib/python3.8/site-packages:/home/gy/Omron_TM_ROS2/install/tm_get_status/lib/python3.8/site-packages:/home/gy/Omron_TM_ROS2/install/techman_robot_msgs/lib/python3.8/site-packages:/home/gy/Omron_TM_ROS2/install/rviz_tm/lib/python3.8/site-packages:/home/gy/Omron_TM_ROS2/install/pickplace/lib/python3.8/site-packages:/opt/ros/foxy/lib/python3.8/site-packages /usr/bin/cmake --build /home/gy/Omron_TM_ROS2/build/demo -- -j3 -l3
[1.552s] Invoking command in '/home/gy/Omron_TM_ROS2/build/demo': CMAKE_PREFIX_PATH=/home/gy/Omron_TM_ROS2/install/tm_msgs:/home/gy/Omron_TM_ROS2/install/ui_for_debug_and_demo:/home/gy/Omron_TM_ROS2/install/tmr_driver:/home/gy/Omron_TM_ROS2/install/tmrlib:/home/gy/Omron_TM_ROS2/install/tmr_msgs:/home/gy/Omron_TM_ROS2/install/tmr_moveit_cpp_demo:/home/gy/Omron_TM_ROS2/install/tmr_moveit_config_tm5-900:/home/gy/Omron_TM_ROS2/install/tmr_description:/home/gy/Omron_TM_ROS2/install/tm_driver:/home/gy/Omron_TM_ROS2/install/demo:/home/gy/Omron_TM_ROS2/install/tmr_mod_urdf:/home/gy/Omron_TM_ROS2/install/tm_get_status:/home/gy/Omron_TM_ROS2/install/rviz_tm:/home/gy/Omron_TM_ROS2/install/pickplace:/opt/ros/foxy:/home/gy/Omron_TM_ROS2/install/tm_models:/home/gy/Omron_TM_ROS2/install/custom_package:/home/gy/Omron_TM_ROS2/install/techman_robot_msgs LD_LIBRARY_PATH=/home/gy/Omron_TM_ROS2/install/tm_msgs/lib:/home/gy/Omron_TM_ROS2/install/tmrlib/lib:/home/gy/Omron_TM_ROS2/install/tmr_msgs/lib:/home/gy/Omron_TM_ROS2/install/techman_robot_msgs/lib:/opt/ros/foxy/opt/yaml_cpp_vendor/lib:/opt/ros/foxy/opt/rviz_ogre_vendor/lib:/opt/ros/foxy/lib/x86_64-linux-gnu:/opt/ros/foxy/lib PYTHONPATH=/home/gy/Omron_TM_ROS2/install/tm_msgs/lib/python3.8/site-packages:/home/gy/Omron_TM_ROS2/install/tmr_msgs/lib/python3.8/site-packages:/home/gy/Omron_TM_ROS2/install/tmr_mod_urdf/lib/python3.8/site-packages:/home/gy/Omron_TM_ROS2/install/tm_get_status/lib/python3.8/site-packages:/home/gy/Omron_TM_ROS2/install/techman_robot_msgs/lib/python3.8/site-packages:/home/gy/Omron_TM_ROS2/install/rviz_tm/lib/python3.8/site-packages:/home/gy/Omron_TM_ROS2/install/pickplace/lib/python3.8/site-packages:/opt/ros/foxy/lib/python3.8/site-packages /usr/bin/cmake --install /home/gy/Omron_TM_ROS2/build/demo
[1.581s] -- Install configuration: ""
[1.585s] -- Up-to-date: /home/gy/Omron_TM_ROS2/install/demo/lib/demo/demo_send_script
[1.586s] -- Up-to-date: /home/gy/Omron_TM_ROS2/install/demo/lib/demo/demo_ask_sta
[1.587s] -- Up-to-date: /home/gy/Omron_TM_ROS2/install/demo/lib/demo/demo_connect_tm
[1.588s] -- Up-to-date: /home/gy/Omron_TM_ROS2/install/demo/lib/demo/demo_set_event
[1.588s] -- Up-to-date: /home/gy/Omron_TM_ROS2/install/demo/lib/demo/demo_set_io
[1.589s] -- Up-to-date: /home/gy/Omron_TM_ROS2/install/demo/lib/demo/demo_set_positions
[1.590s] -- Up-to-date: /home/gy/Omron_TM_ROS2/install/demo/lib/demo/demo_write_item
[1.591s] -- Up-to-date: /home/gy/Omron_TM_ROS2/install/demo/lib/demo/demo_ask_item
[1.591s] -- Up-to-date: /home/gy/Omron_TM_ROS2/install/demo/lib/demo/demo_get_feedback
[1.592s] -- Up-to-date: /home/gy/Omron_TM_ROS2/install/demo/lib/demo/demo_get_sct_response
[1.596s] -- Up-to-date: /home/gy/Omron_TM_ROS2/install/demo/lib/demo/demo_get_sta_response
[1.599s] -- Up-to-date: /home/gy/Omron_TM_ROS2/install/demo/lib/demo/demo_get_svr_response
[1.599s] -- Up-to-date: /home/gy/Omron_TM_ROS2/install/demo/lib/demo/demo_leave_listen_node
[1.599s] -- Up-to-date: /home/gy/Omron_TM_ROS2/install/demo/share/ament_index/resource_index/package_run_dependencies/demo
[1.599s] -- Up-to-date: /home/gy/Omron_TM_ROS2/install/demo/share/ament_index/resource_index/parent_prefix_path/demo
[1.599s] -- Up-to-date: /home/gy/Omron_TM_ROS2/install/demo/share/demo/environment/ament_prefix_path.sh
[1.599s] -- Up-to-date: /home/gy/Omron_TM_ROS2/install/demo/share/demo/environment/ament_prefix_path.dsv
[1.600s] -- Up-to-date: /home/gy/Omron_TM_ROS2/install/demo/share/demo/environment/path.sh
[1.600s] -- Up-to-date: /home/gy/Omron_TM_ROS2/install/demo/share/demo/environment/path.dsv
[1.600s] -- Up-to-date: /home/gy/Omron_TM_ROS2/install/demo/share/demo/local_setup.bash
[1.600s] -- Up-to-date: /home/gy/Omron_TM_ROS2/install/demo/share/demo/local_setup.sh
[1.600s] -- Up-to-date: /home/gy/Omron_TM_ROS2/install/demo/share/demo/local_setup.zsh
[1.600s] -- Up-to-date: /home/gy/Omron_TM_ROS2/install/demo/share/demo/local_setup.dsv
[1.600s] -- Installing: /home/gy/Omron_TM_ROS2/install/demo/share/demo/package.dsv
[1.601s] -- Up-to-date: /home/gy/Omron_TM_ROS2/install/demo/share/ament_index/resource_index/packages/demo
[1.601s] -- Up-to-date: /home/gy/Omron_TM_ROS2/install/demo/share/demo/cmake/demoConfig.cmake
[1.601s] -- Up-to-date: /home/gy/Omron_TM_ROS2/install/demo/share/demo/cmake/demoConfig-version.cmake
[1.601s] -- Up-to-date: /home/gy/Omron_TM_ROS2/install/demo/share/demo/package.xml
[1.613s] Invoked command in '/home/gy/Omron_TM_ROS2/build/demo' returned '0': CMAKE_PREFIX_PATH=/home/gy/Omron_TM_ROS2/install/tm_msgs:/home/gy/Omron_TM_ROS2/install/ui_for_debug_and_demo:/home/gy/Omron_TM_ROS2/install/tmr_driver:/home/gy/Omron_TM_ROS2/install/tmrlib:/home/gy/Omron_TM_ROS2/install/tmr_msgs:/home/gy/Omron_TM_ROS2/install/tmr_moveit_cpp_demo:/home/gy/Omron_TM_ROS2/install/tmr_moveit_config_tm5-900:/home/gy/Omron_TM_ROS2/install/tmr_description:/home/gy/Omron_TM_ROS2/install/tm_driver:/home/gy/Omron_TM_ROS2/install/demo:/home/gy/Omron_TM_ROS2/install/tmr_mod_urdf:/home/gy/Omron_TM_ROS2/install/tm_get_status:/home/gy/Omron_TM_ROS2/install/rviz_tm:/home/gy/Omron_TM_ROS2/install/pickplace:/opt/ros/foxy:/home/gy/Omron_TM_ROS2/install/tm_models:/home/gy/Omron_TM_ROS2/install/custom_package:/home/gy/Omron_TM_ROS2/install/techman_robot_msgs LD_LIBRARY_PATH=/home/gy/Omron_TM_ROS2/install/tm_msgs/lib:/home/gy/Omron_TM_ROS2/install/tmrlib/lib:/home/gy/Omron_TM_ROS2/install/tmr_msgs/lib:/home/gy/Omron_TM_ROS2/install/techman_robot_msgs/lib:/opt/ros/foxy/opt/yaml_cpp_vendor/lib:/opt/ros/foxy/opt/rviz_ogre_vendor/lib:/opt/ros/foxy/lib/x86_64-linux-gnu:/opt/ros/foxy/lib PYTHONPATH=/home/gy/Omron_TM_ROS2/install/tm_msgs/lib/python3.8/site-packages:/home/gy/Omron_TM_ROS2/install/tmr_msgs/lib/python3.8/site-packages:/home/gy/Omron_TM_ROS2/install/tmr_mod_urdf/lib/python3.8/site-packages:/home/gy/Omron_TM_ROS2/install/tm_get_status/lib/python3.8/site-packages:/home/gy/Omron_TM_ROS2/install/techman_robot_msgs/lib/python3.8/site-packages:/home/gy/Omron_TM_ROS2/install/rviz_tm/lib/python3.8/site-packages:/home/gy/Omron_TM_ROS2/install/pickplace/lib/python3.8/site-packages:/opt/ros/foxy/lib/python3.8/site-packages /usr/bin/cmake --install /home/gy/Omron_TM_ROS2/build/demo
