[0.513s] Invoking command in '/home/gy/Omron_TM_ROS2/src/pickplace': PYTHONPATH=/home/gy/Omron_TM_ROS2/src/install/pickplace/lib/python3.8/site-packages:${PYTHONPATH} /usr/bin/python3 setup.py egg_info --egg-base ../build/pickplace build --build-base /home/gy/Omron_TM_ROS2/src/build/pickplace/build install --prefix /home/gy/Omron_TM_ROS2/src/install/pickplace --record /home/gy/Omron_TM_ROS2/src/build/pickplace/install.log --single-version-externally-managed
[0.971s] running egg_info
[0.973s] writing ../build/pickplace/pickplace.egg-info/PKG-INFO
[0.974s] writing dependency_links to ../build/pickplace/pickplace.egg-info/dependency_links.txt
[0.974s] writing entry points to ../build/pickplace/pickplace.egg-info/entry_points.txt
[0.975s] writing requirements to ../build/pickplace/pickplace.egg-info/requires.txt
[0.975s] writing top-level names to ../build/pickplace/pickplace.egg-info/top_level.txt
[1.047s] reading manifest file '../build/pickplace/pickplace.egg-info/SOURCES.txt'
[1.050s] writing manifest file '../build/pickplace/pickplace.egg-info/SOURCES.txt'
[1.051s] running build
[1.051s] running build_py
[1.052s] copying pickplace/pickplaceprogram.py -> /home/gy/Omron_TM_ROS2/src/build/pickplace/build/lib/pickplace
[1.053s] running install
[1.055s] running install_lib
[1.057s] copying /home/gy/Omron_TM_ROS2/src/build/pickplace/build/lib/pickplace/pickplaceprogram.py -> /home/gy/Omron_TM_ROS2/src/install/pickplace/lib/python3.8/site-packages/pickplace
[1.059s] byte-compiling /home/gy/Omron_TM_ROS2/src/install/pickplace/lib/python3.8/site-packages/pickplace/pickplaceprogram.py to pickplaceprogram.cpython-38.pyc
[1.063s] running install_data
[1.064s] running install_egg_info
[1.068s] removing '/home/gy/Omron_TM_ROS2/src/install/pickplace/lib/python3.8/site-packages/pickplace-0.0.0-py3.8.egg-info' (and everything under it)
[1.069s] Copying ../build/pickplace/pickplace.egg-info to /home/gy/Omron_TM_ROS2/src/install/pickplace/lib/python3.8/site-packages/pickplace-0.0.0-py3.8.egg-info
[1.071s] running install_scripts
[1.105s] Installing pickplace script to /home/gy/Omron_TM_ROS2/src/install/pickplace/lib/pickplace
[1.107s] writing list of installed files to '/home/gy/Omron_TM_ROS2/src/build/pickplace/install.log'
[1.144s] Invoked command in '/home/gy/Omron_TM_ROS2/src/pickplace' returned '0': PYTHONPATH=/home/gy/Omron_TM_ROS2/src/install/pickplace/lib/python3.8/site-packages:${PYTHONPATH} /usr/bin/python3 setup.py egg_info --egg-base ../build/pickplace build --build-base /home/gy/Omron_TM_ROS2/src/build/pickplace/build install --prefix /home/gy/Omron_TM_ROS2/src/install/pickplace --record /home/gy/Omron_TM_ROS2/src/build/pickplace/install.log --single-version-externally-managed
