[0.048s] Invoking command in '/home/gy/Omron_TM_ROS2/build/demo': CMAKE_PREFIX_PATH=/home/gy/Omron_TM_ROS2/install/tm_msgs:/home/gy/Omron_TM_ROS2/install/ui_for_debug_and_demo:/home/gy/Omron_TM_ROS2/install/tmr_driver:/home/gy/Omron_TM_ROS2/install/tmrlib:/home/gy/Omron_TM_ROS2/install/tmr_msgs:/home/gy/Omron_TM_ROS2/install/tmr_moveit_cpp_demo:/home/gy/Omron_TM_ROS2/install/tmr_moveit_config_tm5-900:/home/gy/Omron_TM_ROS2/install/tmr_description:/home/gy/Omron_TM_ROS2/install/tm_driver:/home/gy/Omron_TM_ROS2/install/demo:/home/gy/Omron_TM_ROS2/install/custom_package:/home/gy/Omron_TM_ROS2/install/techman_robot_msgs:/home/gy/Omron_TM_ROS2/install/tmr_mod_urdf:/home/gy/Omron_TM_ROS2/install/tm_get_status:/home/gy/Omron_TM_ROS2/install/rviz_tm:/home/gy/Omron_TM_ROS2/install/pickplace:/opt/ros/foxy LD_LIBRARY_PATH=/home/gy/Omron_TM_ROS2/install/tm_msgs/lib:/home/gy/Omron_TM_ROS2/install/tmrlib/lib:/home/gy/Omron_TM_ROS2/install/tmr_msgs/lib:/home/gy/Omron_TM_ROS2/install/techman_robot_msgs/lib:/opt/ros/foxy/opt/yaml_cpp_vendor/lib:/opt/ros/foxy/opt/rviz_ogre_vendor/lib:/opt/ros/foxy/lib/x86_64-linux-gnu:/opt/ros/foxy/lib PYTHONPATH=/home/gy/Omron_TM_ROS2/install/tm_msgs/lib/python3.8/site-packages:/home/gy/Omron_TM_ROS2/install/tmr_msgs/lib/python3.8/site-packages:/home/gy/Omron_TM_ROS2/install/tmr_mod_urdf/lib/python3.8/site-packages:/home/gy/Omron_TM_ROS2/install/tm_get_status/lib/python3.8/site-packages:/home/gy/Omron_TM_ROS2/install/techman_robot_msgs/lib/python3.8/site-packages:/home/gy/Omron_TM_ROS2/build/rviz_tm:/home/gy/Omron_TM_ROS2/install/rviz_tm/lib/python3.8/site-packages:/home/gy/Omron_TM_ROS2/build/pickplace:/home/gy/Omron_TM_ROS2/install/pickplace/lib/python3.8/site-packages:/opt/ros/foxy/lib/python3.8/site-packages /usr/bin/cmake /home/gy/Omron_TM_ROS2/demo -DCMAKE_INSTALL_PREFIX=/home/gy/Omron_TM_ROS2/install/demo
[0.171s] -- The C compiler identification is GNU 9.3.0
[0.305s] -- The CXX compiler identification is GNU 9.3.0
[0.327s] -- Check for working C compiler: /usr/bin/cc
[0.475s] -- Check for working C compiler: /usr/bin/cc -- works
[0.475s] -- Detecting C compiler ABI info
[0.607s] -- Detecting C compiler ABI info - done
[0.642s] -- Detecting C compile features
[0.642s] -- Detecting C compile features - done
[0.648s] -- Check for working CXX compiler: /usr/bin/c++
[0.826s] -- Check for working CXX compiler: /usr/bin/c++ -- works
[0.828s] -- Detecting CXX compiler ABI info
[1.023s] -- Detecting CXX compiler ABI info - done
[1.087s] -- Detecting CXX compile features
[1.088s] -- Detecting CXX compile features - done
[1.088s] -- Found ament_cmake: 0.9.8 (/opt/ros/foxy/share/ament_cmake/cmake)
[1.186s] -- Found PythonInterp: /usr/bin/python3 (found suitable version "3.8.5", minimum required is "3") 
[1.189s] -- Using PYTHON_EXECUTABLE: /usr/bin/python3
[1.739s] -- Found rclcpp: 2.3.0 (/opt/ros/foxy/share/rclcpp/cmake)
[1.854s] -- Using all available rosidl_typesupport_c: rosidl_typesupport_fastrtps_c;rosidl_typesupport_introspection_c
[1.871s] -- Found rosidl_adapter: 1.2.0 (/opt/ros/foxy/share/rosidl_adapter/cmake)
[2.035s] -- Found OpenSSL: /usr/lib/x86_64-linux-gnu/libcrypto.so (found version "1.1.1f")  
[2.128s] -- Found FastRTPS: /opt/ros/foxy/include  
[2.358s] -- Using all available rosidl_typesupport_cpp: rosidl_typesupport_fastrtps_cpp;rosidl_typesupport_introspection_cpp
[2.544s] -- Found rmw_implementation_cmake: 1.0.2 (/opt/ros/foxy/share/rmw_implementation_cmake/cmake)
[2.552s] -- Using RMW implementation 'rmw_fastrtps_cpp' as default
[2.552s] -- Looking for pthread.h
[2.732s] -- Looking for pthread.h - found
[2.736s] -- Performing Test CMAKE_HAVE_LIBC_PTHREAD
[2.916s] -- Performing Test CMAKE_HAVE_LIBC_PTHREAD - Failed
[2.916s] -- Looking for pthread_create in pthreads
[3.093s] -- Looking for pthread_create in pthreads - not found
[3.093s] -- Looking for pthread_create in pthread
[3.235s] -- Looking for pthread_create in pthread - found
[3.238s] -- Found Threads: TRUE  
[3.658s] -- Found sensor_msgs: 2.0.3 (/opt/ros/foxy/share/sensor_msgs/cmake)
[3.943s] -- Found tm_msgs: 1.0.0 (/home/gy/Omron_TM_ROS2/install/tm_msgs/share/tm_msgs/cmake)
[4.030s] -- Found ament_lint_auto: 0.9.6 (/opt/ros/foxy/share/ament_lint_auto/cmake)
[4.303s] -- Added test 'copyright' to check source files copyright and LICENSE
[4.305s] -- Added test 'cppcheck' to perform static code analysis on C / C++ code
[4.309s] -- Configured cppcheck include dirs: /home/gy/Omron_TM_ROS2/demo/include
[4.310s] -- Configured cppcheck exclude dirs and/or files: 
[4.312s] -- Added test 'cpplint' to check C / C++ code against the Google style
[4.313s] -- Configured cpplint exclude dirs and/or files: 
[4.314s] -- Added test 'lint_cmake' to check CMake code style
[4.317s] -- Added test 'uncrustify' to check C / C++ code style
[4.317s] -- Configured uncrustify additional arguments: 
[4.318s] -- Added test 'xmllint' to check XML markup files
[4.323s] -- Configuring done
[4.524s] -- Generating done
[4.530s] -- Build files have been written to: /home/gy/Omron_TM_ROS2/build/demo
[4.558s] Invoked command in '/home/gy/Omron_TM_ROS2/build/demo' returned '0': CMAKE_PREFIX_PATH=/home/gy/Omron_TM_ROS2/install/tm_msgs:/home/gy/Omron_TM_ROS2/install/ui_for_debug_and_demo:/home/gy/Omron_TM_ROS2/install/tmr_driver:/home/gy/Omron_TM_ROS2/install/tmrlib:/home/gy/Omron_TM_ROS2/install/tmr_msgs:/home/gy/Omron_TM_ROS2/install/tmr_moveit_cpp_demo:/home/gy/Omron_TM_ROS2/install/tmr_moveit_config_tm5-900:/home/gy/Omron_TM_ROS2/install/tmr_description:/home/gy/Omron_TM_ROS2/install/tm_driver:/home/gy/Omron_TM_ROS2/install/demo:/home/gy/Omron_TM_ROS2/install/custom_package:/home/gy/Omron_TM_ROS2/install/techman_robot_msgs:/home/gy/Omron_TM_ROS2/install/tmr_mod_urdf:/home/gy/Omron_TM_ROS2/install/tm_get_status:/home/gy/Omron_TM_ROS2/install/rviz_tm:/home/gy/Omron_TM_ROS2/install/pickplace:/opt/ros/foxy LD_LIBRARY_PATH=/home/gy/Omron_TM_ROS2/install/tm_msgs/lib:/home/gy/Omron_TM_ROS2/install/tmrlib/lib:/home/gy/Omron_TM_ROS2/install/tmr_msgs/lib:/home/gy/Omron_TM_ROS2/install/techman_robot_msgs/lib:/opt/ros/foxy/opt/yaml_cpp_vendor/lib:/opt/ros/foxy/opt/rviz_ogre_vendor/lib:/opt/ros/foxy/lib/x86_64-linux-gnu:/opt/ros/foxy/lib PYTHONPATH=/home/gy/Omron_TM_ROS2/install/tm_msgs/lib/python3.8/site-packages:/home/gy/Omron_TM_ROS2/install/tmr_msgs/lib/python3.8/site-packages:/home/gy/Omron_TM_ROS2/install/tmr_mod_urdf/lib/python3.8/site-packages:/home/gy/Omron_TM_ROS2/install/tm_get_status/lib/python3.8/site-packages:/home/gy/Omron_TM_ROS2/install/techman_robot_msgs/lib/python3.8/site-packages:/home/gy/Omron_TM_ROS2/build/rviz_tm:/home/gy/Omron_TM_ROS2/install/rviz_tm/lib/python3.8/site-packages:/home/gy/Omron_TM_ROS2/build/pickplace:/home/gy/Omron_TM_ROS2/install/pickplace/lib/python3.8/site-packages:/opt/ros/foxy/lib/python3.8/site-packages /usr/bin/cmake /home/gy/Omron_TM_ROS2/demo -DCMAKE_INSTALL_PREFIX=/home/gy/Omron_TM_ROS2/install/demo
[4.565s] Invoking command in '/home/gy/Omron_TM_ROS2/build/demo': CMAKE_PREFIX_PATH=/home/gy/Omron_TM_ROS2/install/tm_msgs:/home/gy/Omron_TM_ROS2/install/ui_for_debug_and_demo:/home/gy/Omron_TM_ROS2/install/tmr_driver:/home/gy/Omron_TM_ROS2/install/tmrlib:/home/gy/Omron_TM_ROS2/install/tmr_msgs:/home/gy/Omron_TM_ROS2/install/tmr_moveit_cpp_demo:/home/gy/Omron_TM_ROS2/install/tmr_moveit_config_tm5-900:/home/gy/Omron_TM_ROS2/install/tmr_description:/home/gy/Omron_TM_ROS2/install/tm_driver:/home/gy/Omron_TM_ROS2/install/demo:/home/gy/Omron_TM_ROS2/install/custom_package:/home/gy/Omron_TM_ROS2/install/techman_robot_msgs:/home/gy/Omron_TM_ROS2/install/tmr_mod_urdf:/home/gy/Omron_TM_ROS2/install/tm_get_status:/home/gy/Omron_TM_ROS2/install/rviz_tm:/home/gy/Omron_TM_ROS2/install/pickplace:/opt/ros/foxy LD_LIBRARY_PATH=/home/gy/Omron_TM_ROS2/install/tm_msgs/lib:/home/gy/Omron_TM_ROS2/install/tmrlib/lib:/home/gy/Omron_TM_ROS2/install/tmr_msgs/lib:/home/gy/Omron_TM_ROS2/install/techman_robot_msgs/lib:/opt/ros/foxy/opt/yaml_cpp_vendor/lib:/opt/ros/foxy/opt/rviz_ogre_vendor/lib:/opt/ros/foxy/lib/x86_64-linux-gnu:/opt/ros/foxy/lib PYTHONPATH=/home/gy/Omron_TM_ROS2/install/tm_msgs/lib/python3.8/site-packages:/home/gy/Omron_TM_ROS2/install/tmr_msgs/lib/python3.8/site-packages:/home/gy/Omron_TM_ROS2/install/tmr_mod_urdf/lib/python3.8/site-packages:/home/gy/Omron_TM_ROS2/install/tm_get_status/lib/python3.8/site-packages:/home/gy/Omron_TM_ROS2/install/techman_robot_msgs/lib/python3.8/site-packages:/home/gy/Omron_TM_ROS2/build/rviz_tm:/home/gy/Omron_TM_ROS2/install/rviz_tm/lib/python3.8/site-packages:/home/gy/Omron_TM_ROS2/build/pickplace:/home/gy/Omron_TM_ROS2/install/pickplace/lib/python3.8/site-packages:/opt/ros/foxy/lib/python3.8/site-packages /usr/bin/cmake --build /home/gy/Omron_TM_ROS2/build/demo -- -j3 -l3
[4.683s] [35m[1mScanning dependencies of target demo_get_svr_response[0m
[4.785s] [  3%] [32mBuilding CXX object CMakeFiles/demo_get_svr_response.dir/get_status_demo_src/demo_get_svr_response.cpp.o[0m
[14.060s] [  7%] [32m[1mLinking CXX executable demo_get_svr_response[0m
[14.878s] [  7%] Built target demo_get_svr_response
[14.958s] [35m[1mScanning dependencies of target demo_set_positions[0m
[15.079s] [ 11%] [32mBuilding CXX object CMakeFiles/demo_set_positions.dir/src/demo_set_positions.cpp.o[0m
[21.952s] [ 15%] [32m[1mLinking CXX executable demo_set_positions[0m
[22.588s] [ 15%] Built target demo_set_positions
[22.646s] [35m[1mScanning dependencies of target demo_get_sta_response[0m
[22.860s] [ 19%] [32mBuilding CXX object CMakeFiles/demo_get_sta_response.dir/get_status_demo_src/demo_get_sta_response.cpp.o[0m
[31.962s] [ 23%] [32m[1mLinking CXX executable demo_get_sta_response[0m
[32.684s] [ 23%] Built target demo_get_sta_response
[32.707s] [35m[1mScanning dependencies of target demo_set_io[0m
[32.930s] [ 26%] [32mBuilding CXX object CMakeFiles/demo_set_io.dir/src/demo_set_io.cpp.o[0m
[38.177s] [ 30%] [32m[1mLinking CXX executable demo_set_io[0m
[38.543s] [ 30%] Built target demo_set_io
[38.616s] [35m[1mScanning dependencies of target demo_send_script[0m
[38.748s] [ 34%] [32mBuilding CXX object CMakeFiles/demo_send_script.dir/src/demo_send_script.cpp.o[0m
[43.044s] [ 38%] [32m[1mLinking CXX executable demo_send_script[0m
[43.315s] [ 38%] Built target demo_send_script
[43.464s] [35m[1mScanning dependencies of target demo_ask_sta[0m
[43.560s] [ 42%] [32mBuilding CXX object CMakeFiles/demo_ask_sta.dir/src/demo_ask_sta.cpp.o[0m
[47.800s] [ 46%] [32m[1mLinking CXX executable demo_ask_sta[0m
[48.096s] [ 46%] Built target demo_ask_sta
[48.196s] [35m[1mScanning dependencies of target demo_get_sct_response[0m
[48.297s] [ 50%] [32mBuilding CXX object CMakeFiles/demo_get_sct_response.dir/get_status_demo_src/demo_get_sct_response.cpp.o[0m
[56.550s] [ 53%] [32m[1mLinking CXX executable demo_get_sct_response[0m
[56.956s] [ 53%] Built target demo_get_sct_response
[57.055s] [35m[1mScanning dependencies of target demo_set_event[0m
[57.153s] [ 57%] [32mBuilding CXX object CMakeFiles/demo_set_event.dir/src/demo_set_event.cpp.o[0m
[61.164s] [ 61%] [32m[1mLinking CXX executable demo_set_event[0m
[61.447s] [ 61%] Built target demo_set_event
[61.494s] [35m[1mScanning dependencies of target demo_connect_tm[0m
[61.619s] [ 65%] [32mBuilding CXX object CMakeFiles/demo_connect_tm.dir/src/demo_connect_tm.cpp.o[0m
[65.549s] [ 69%] [32m[1mLinking CXX executable demo_connect_tm[0m
[65.802s] [ 69%] Built target demo_connect_tm
[65.833s] [35m[1mScanning dependencies of target demo_get_feedback[0m
[65.976s] [ 73%] [32mBuilding CXX object CMakeFiles/demo_get_feedback.dir/get_status_demo_src/demo_get_feedback.cpp.o[0m
[73.996s] [ 76%] [32m[1mLinking CXX executable demo_get_feedback[0m
[74.530s] [ 76%] Built target demo_get_feedback
[74.549s] [35m[1mScanning dependencies of target demo_leave_listen_node[0m
[74.672s] [ 80%] [32mBuilding CXX object CMakeFiles/demo_leave_listen_node.dir/src/demo_leave_listen_node.cpp.o[0m
[78.752s] [ 84%] [32m[1mLinking CXX executable demo_leave_listen_node[0m
[79.086s] [ 84%] Built target demo_leave_listen_node
[79.142s] [35m[1mScanning dependencies of target demo_write_item[0m
[79.253s] [ 88%] [32mBuilding CXX object CMakeFiles/demo_write_item.dir/src/demo_write_item.cpp.o[0m
[83.229s] [ 92%] [32m[1mLinking CXX executable demo_write_item[0m
[83.508s] [ 92%] Built target demo_write_item
[83.537s] [35m[1mScanning dependencies of target demo_ask_item[0m
[83.632s] [ 96%] [32mBuilding CXX object CMakeFiles/demo_ask_item.dir/src/demo_ask_item.cpp.o[0m
[87.562s] [100%] [32m[1mLinking CXX executable demo_ask_item[0m
[87.814s] [100%] Built target demo_ask_item
[87.889s] Invoked command in '/home/gy/Omron_TM_ROS2/build/demo' returned '0': CMAKE_PREFIX_PATH=/home/gy/Omron_TM_ROS2/install/tm_msgs:/home/gy/Omron_TM_ROS2/install/ui_for_debug_and_demo:/home/gy/Omron_TM_ROS2/install/tmr_driver:/home/gy/Omron_TM_ROS2/install/tmrlib:/home/gy/Omron_TM_ROS2/install/tmr_msgs:/home/gy/Omron_TM_ROS2/install/tmr_moveit_cpp_demo:/home/gy/Omron_TM_ROS2/install/tmr_moveit_config_tm5-900:/home/gy/Omron_TM_ROS2/install/tmr_description:/home/gy/Omron_TM_ROS2/install/tm_driver:/home/gy/Omron_TM_ROS2/install/demo:/home/gy/Omron_TM_ROS2/install/custom_package:/home/gy/Omron_TM_ROS2/install/techman_robot_msgs:/home/gy/Omron_TM_ROS2/install/tmr_mod_urdf:/home/gy/Omron_TM_ROS2/install/tm_get_status:/home/gy/Omron_TM_ROS2/install/rviz_tm:/home/gy/Omron_TM_ROS2/install/pickplace:/opt/ros/foxy LD_LIBRARY_PATH=/home/gy/Omron_TM_ROS2/install/tm_msgs/lib:/home/gy/Omron_TM_ROS2/install/tmrlib/lib:/home/gy/Omron_TM_ROS2/install/tmr_msgs/lib:/home/gy/Omron_TM_ROS2/install/techman_robot_msgs/lib:/opt/ros/foxy/opt/yaml_cpp_vendor/lib:/opt/ros/foxy/opt/rviz_ogre_vendor/lib:/opt/ros/foxy/lib/x86_64-linux-gnu:/opt/ros/foxy/lib PYTHONPATH=/home/gy/Omron_TM_ROS2/install/tm_msgs/lib/python3.8/site-packages:/home/gy/Omron_TM_ROS2/install/tmr_msgs/lib/python3.8/site-packages:/home/gy/Omron_TM_ROS2/install/tmr_mod_urdf/lib/python3.8/site-packages:/home/gy/Omron_TM_ROS2/install/tm_get_status/lib/python3.8/site-packages:/home/gy/Omron_TM_ROS2/install/techman_robot_msgs/lib/python3.8/site-packages:/home/gy/Omron_TM_ROS2/build/rviz_tm:/home/gy/Omron_TM_ROS2/install/rviz_tm/lib/python3.8/site-packages:/home/gy/Omron_TM_ROS2/build/pickplace:/home/gy/Omron_TM_ROS2/install/pickplace/lib/python3.8/site-packages:/opt/ros/foxy/lib/python3.8/site-packages /usr/bin/cmake --build /home/gy/Omron_TM_ROS2/build/demo -- -j3 -l3
[87.973s] Invoking command in '/home/gy/Omron_TM_ROS2/build/demo': CMAKE_PREFIX_PATH=/home/gy/Omron_TM_ROS2/install/tm_msgs:/home/gy/Omron_TM_ROS2/install/ui_for_debug_and_demo:/home/gy/Omron_TM_ROS2/install/tmr_driver:/home/gy/Omron_TM_ROS2/install/tmrlib:/home/gy/Omron_TM_ROS2/install/tmr_msgs:/home/gy/Omron_TM_ROS2/install/tmr_moveit_cpp_demo:/home/gy/Omron_TM_ROS2/install/tmr_moveit_config_tm5-900:/home/gy/Omron_TM_ROS2/install/tmr_description:/home/gy/Omron_TM_ROS2/install/tm_driver:/home/gy/Omron_TM_ROS2/install/demo:/home/gy/Omron_TM_ROS2/install/custom_package:/home/gy/Omron_TM_ROS2/install/techman_robot_msgs:/home/gy/Omron_TM_ROS2/install/tmr_mod_urdf:/home/gy/Omron_TM_ROS2/install/tm_get_status:/home/gy/Omron_TM_ROS2/install/rviz_tm:/home/gy/Omron_TM_ROS2/install/pickplace:/opt/ros/foxy LD_LIBRARY_PATH=/home/gy/Omron_TM_ROS2/install/tm_msgs/lib:/home/gy/Omron_TM_ROS2/install/tmrlib/lib:/home/gy/Omron_TM_ROS2/install/tmr_msgs/lib:/home/gy/Omron_TM_ROS2/install/techman_robot_msgs/lib:/opt/ros/foxy/opt/yaml_cpp_vendor/lib:/opt/ros/foxy/opt/rviz_ogre_vendor/lib:/opt/ros/foxy/lib/x86_64-linux-gnu:/opt/ros/foxy/lib PYTHONPATH=/home/gy/Omron_TM_ROS2/install/tm_msgs/lib/python3.8/site-packages:/home/gy/Omron_TM_ROS2/install/tmr_msgs/lib/python3.8/site-packages:/home/gy/Omron_TM_ROS2/install/tmr_mod_urdf/lib/python3.8/site-packages:/home/gy/Omron_TM_ROS2/install/tm_get_status/lib/python3.8/site-packages:/home/gy/Omron_TM_ROS2/install/techman_robot_msgs/lib/python3.8/site-packages:/home/gy/Omron_TM_ROS2/build/rviz_tm:/home/gy/Omron_TM_ROS2/install/rviz_tm/lib/python3.8/site-packages:/home/gy/Omron_TM_ROS2/build/pickplace:/home/gy/Omron_TM_ROS2/install/pickplace/lib/python3.8/site-packages:/opt/ros/foxy/lib/python3.8/site-packages /usr/bin/cmake --install /home/gy/Omron_TM_ROS2/build/demo
[87.986s] -- Install configuration: ""
[88.020s] -- Installing: /home/gy/Omron_TM_ROS2/install/demo/lib/demo/demo_send_script
[88.020s] -- Set runtime path of "/home/gy/Omron_TM_ROS2/install/demo/lib/demo/demo_send_script" to ""
[88.093s] -- Installing: /home/gy/Omron_TM_ROS2/install/demo/lib/demo/demo_ask_sta
[88.094s] -- Set runtime path of "/home/gy/Omron_TM_ROS2/install/demo/lib/demo/demo_ask_sta" to ""
[88.209s] -- Installing: /home/gy/Omron_TM_ROS2/install/demo/lib/demo/demo_connect_tm
[88.209s] -- Set runtime path of "/home/gy/Omron_TM_ROS2/install/demo/lib/demo/demo_connect_tm" to ""
[88.268s] -- Installing: /home/gy/Omron_TM_ROS2/install/demo/lib/demo/demo_set_event
[88.268s] -- Set runtime path of "/home/gy/Omron_TM_ROS2/install/demo/lib/demo/demo_set_event" to ""
[88.327s] -- Installing: /home/gy/Omron_TM_ROS2/install/demo/lib/demo/demo_set_io
[88.328s] -- Set runtime path of "/home/gy/Omron_TM_ROS2/install/demo/lib/demo/demo_set_io" to ""
[88.369s] -- Installing: /home/gy/Omron_TM_ROS2/install/demo/lib/demo/demo_set_positions
[88.370s] -- Set runtime path of "/home/gy/Omron_TM_ROS2/install/demo/lib/demo/demo_set_positions" to ""
[88.482s] -- Installing: /home/gy/Omron_TM_ROS2/install/demo/lib/demo/demo_write_item
[88.483s] -- Set runtime path of "/home/gy/Omron_TM_ROS2/install/demo/lib/demo/demo_write_item" to ""
[88.582s] -- Installing: /home/gy/Omron_TM_ROS2/install/demo/lib/demo/demo_ask_item
[88.583s] -- Set runtime path of "/home/gy/Omron_TM_ROS2/install/demo/lib/demo/demo_ask_item" to ""
[88.725s] -- Installing: /home/gy/Omron_TM_ROS2/install/demo/lib/demo/demo_get_feedback
[88.729s] -- Set runtime path of "/home/gy/Omron_TM_ROS2/install/demo/lib/demo/demo_get_feedback" to ""
[88.841s] -- Installing: /home/gy/Omron_TM_ROS2/install/demo/lib/demo/demo_get_sct_response
[88.844s] -- Set runtime path of "/home/gy/Omron_TM_ROS2/install/demo/lib/demo/demo_get_sct_response" to ""
[88.862s] -- Installing: /home/gy/Omron_TM_ROS2/install/demo/lib/demo/demo_get_sta_response
[88.865s] -- Set runtime path of "/home/gy/Omron_TM_ROS2/install/demo/lib/demo/demo_get_sta_response" to ""
[88.888s] -- Installing: /home/gy/Omron_TM_ROS2/install/demo/lib/demo/demo_get_svr_response
[88.935s] -- Set runtime path of "/home/gy/Omron_TM_ROS2/install/demo/lib/demo/demo_get_svr_response" to ""
[88.954s] -- Installing: /home/gy/Omron_TM_ROS2/install/demo/lib/demo/demo_leave_listen_node
[88.954s] -- Set runtime path of "/home/gy/Omron_TM_ROS2/install/demo/lib/demo/demo_leave_listen_node" to ""
[88.960s] -- Installing: /home/gy/Omron_TM_ROS2/install/demo/share/ament_index/resource_index/package_run_dependencies/demo
[88.967s] -- Installing: /home/gy/Omron_TM_ROS2/install/demo/share/ament_index/resource_index/parent_prefix_path/demo
[88.969s] -- Up-to-date: /home/gy/Omron_TM_ROS2/install/demo/share/demo/environment/ament_prefix_path.sh
[88.970s] -- Installing: /home/gy/Omron_TM_ROS2/install/demo/share/demo/environment/ament_prefix_path.dsv
[88.976s] -- Up-to-date: /home/gy/Omron_TM_ROS2/install/demo/share/demo/environment/path.sh
[88.976s] -- Installing: /home/gy/Omron_TM_ROS2/install/demo/share/demo/environment/path.dsv
[88.976s] -- Installing: /home/gy/Omron_TM_ROS2/install/demo/share/demo/local_setup.bash
[88.977s] -- Installing: /home/gy/Omron_TM_ROS2/install/demo/share/demo/local_setup.sh
[88.979s] -- Installing: /home/gy/Omron_TM_ROS2/install/demo/share/demo/local_setup.zsh
[88.980s] -- Installing: /home/gy/Omron_TM_ROS2/install/demo/share/demo/local_setup.dsv
[88.993s] -- Installing: /home/gy/Omron_TM_ROS2/install/demo/share/demo/package.dsv
[88.995s] -- Installing: /home/gy/Omron_TM_ROS2/install/demo/share/ament_index/resource_index/packages/demo
[88.996s] -- Installing: /home/gy/Omron_TM_ROS2/install/demo/share/demo/cmake/demoConfig.cmake
[89.004s] -- Installing: /home/gy/Omron_TM_ROS2/install/demo/share/demo/cmake/demoConfig-version.cmake
[89.006s] -- Up-to-date: /home/gy/Omron_TM_ROS2/install/demo/share/demo/package.xml
[89.010s] Invoked command in '/home/gy/Omron_TM_ROS2/build/demo' returned '0': CMAKE_PREFIX_PATH=/home/gy/Omron_TM_ROS2/install/tm_msgs:/home/gy/Omron_TM_ROS2/install/ui_for_debug_and_demo:/home/gy/Omron_TM_ROS2/install/tmr_driver:/home/gy/Omron_TM_ROS2/install/tmrlib:/home/gy/Omron_TM_ROS2/install/tmr_msgs:/home/gy/Omron_TM_ROS2/install/tmr_moveit_cpp_demo:/home/gy/Omron_TM_ROS2/install/tmr_moveit_config_tm5-900:/home/gy/Omron_TM_ROS2/install/tmr_description:/home/gy/Omron_TM_ROS2/install/tm_driver:/home/gy/Omron_TM_ROS2/install/demo:/home/gy/Omron_TM_ROS2/install/custom_package:/home/gy/Omron_TM_ROS2/install/techman_robot_msgs:/home/gy/Omron_TM_ROS2/install/tmr_mod_urdf:/home/gy/Omron_TM_ROS2/install/tm_get_status:/home/gy/Omron_TM_ROS2/install/rviz_tm:/home/gy/Omron_TM_ROS2/install/pickplace:/opt/ros/foxy LD_LIBRARY_PATH=/home/gy/Omron_TM_ROS2/install/tm_msgs/lib:/home/gy/Omron_TM_ROS2/install/tmrlib/lib:/home/gy/Omron_TM_ROS2/install/tmr_msgs/lib:/home/gy/Omron_TM_ROS2/install/techman_robot_msgs/lib:/opt/ros/foxy/opt/yaml_cpp_vendor/lib:/opt/ros/foxy/opt/rviz_ogre_vendor/lib:/opt/ros/foxy/lib/x86_64-linux-gnu:/opt/ros/foxy/lib PYTHONPATH=/home/gy/Omron_TM_ROS2/install/tm_msgs/lib/python3.8/site-packages:/home/gy/Omron_TM_ROS2/install/tmr_msgs/lib/python3.8/site-packages:/home/gy/Omron_TM_ROS2/install/tmr_mod_urdf/lib/python3.8/site-packages:/home/gy/Omron_TM_ROS2/install/tm_get_status/lib/python3.8/site-packages:/home/gy/Omron_TM_ROS2/install/techman_robot_msgs/lib/python3.8/site-packages:/home/gy/Omron_TM_ROS2/build/rviz_tm:/home/gy/Omron_TM_ROS2/install/rviz_tm/lib/python3.8/site-packages:/home/gy/Omron_TM_ROS2/build/pickplace:/home/gy/Omron_TM_ROS2/install/pickplace/lib/python3.8/site-packages:/opt/ros/foxy/lib/python3.8/site-packages /usr/bin/cmake --install /home/gy/Omron_TM_ROS2/build/demo
