[0.539s] Invoking command in '/home/gy/Omron_TM_ROS2/src/pickplace': PYTHONPATH=/home/gy/Omron_TM_ROS2/src/install/pickplace/lib/python3.8/site-packages:${PYTHONPATH} /usr/bin/python3 setup.py egg_info --egg-base ../build/pickplace build --build-base /home/gy/Omron_TM_ROS2/src/build/pickplace/build install --prefix /home/gy/Omron_TM_ROS2/src/install/pickplace --record /home/gy/Omron_TM_ROS2/src/build/pickplace/install.log --single-version-externally-managed
[0.977s] running egg_info
[0.979s] writing ../build/pickplace/pickplace.egg-info/PKG-INFO
[0.980s] writing dependency_links to ../build/pickplace/pickplace.egg-info/dependency_links.txt
[0.981s] writing entry points to ../build/pickplace/pickplace.egg-info/entry_points.txt
[0.981s] writing requirements to ../build/pickplace/pickplace.egg-info/requires.txt
[0.981s] writing top-level names to ../build/pickplace/pickplace.egg-info/top_level.txt
[1.055s] reading manifest file '../build/pickplace/pickplace.egg-info/SOURCES.txt'
[1.058s] writing manifest file '../build/pickplace/pickplace.egg-info/SOURCES.txt'
[1.058s] running build
[1.058s] running build_py
[1.059s] copying pickplace/pickplace_program.py -> /home/gy/Omron_TM_ROS2/src/build/pickplace/build/lib/pickplace
[1.060s] running install
[1.065s] running install_lib
[1.073s] copying /home/gy/Omron_TM_ROS2/src/build/pickplace/build/lib/pickplace/pickplace_program.py -> /home/gy/Omron_TM_ROS2/src/install/pickplace/lib/python3.8/site-packages/pickplace
[1.075s] byte-compiling /home/gy/Omron_TM_ROS2/src/install/pickplace/lib/python3.8/site-packages/pickplace/pickplace_program.py to pickplace_program.cpython-38.pyc
[1.078s] running install_data
[1.079s] running install_egg_info
[1.083s] removing '/home/gy/Omron_TM_ROS2/src/install/pickplace/lib/python3.8/site-packages/pickplace-0.0.0-py3.8.egg-info' (and everything under it)
[1.083s] Copying ../build/pickplace/pickplace.egg-info to /home/gy/Omron_TM_ROS2/src/install/pickplace/lib/python3.8/site-packages/pickplace-0.0.0-py3.8.egg-info
[1.085s] running install_scripts
[1.119s] Installing initialise script to /home/gy/Omron_TM_ROS2/src/install/pickplace/lib/pickplace
[1.119s] Installing pickplace script to /home/gy/Omron_TM_ROS2/src/install/pickplace/lib/pickplace
[1.120s] writing list of installed files to '/home/gy/Omron_TM_ROS2/src/build/pickplace/install.log'
[1.161s] Invoked command in '/home/gy/Omron_TM_ROS2/src/pickplace' returned '0': PYTHONPATH=/home/gy/Omron_TM_ROS2/src/install/pickplace/lib/python3.8/site-packages:${PYTHONPATH} /usr/bin/python3 setup.py egg_info --egg-base ../build/pickplace build --build-base /home/gy/Omron_TM_ROS2/src/build/pickplace/build install --prefix /home/gy/Omron_TM_ROS2/src/install/pickplace --record /home/gy/Omron_TM_ROS2/src/build/pickplace/install.log --single-version-externally-managed
