-- Found ament_cmake: 0.9.8 (/opt/ros/foxy/share/ament_cmake/cmake)
-- Using PYTHON_EXECUTABLE: /usr/bin/python3
-- Found rclcpp: 2.3.0 (/opt/ros/foxy/share/rclcpp/cmake)
-- Using all available rosidl_typesupport_c: rosidl_typesupport_fastrtps_c;rosidl_typesupport_introspection_c
-- Found rosidl_adapter: 1.2.0 (/opt/ros/foxy/share/rosidl_adapter/cmake)
-- Using all available rosidl_typesupport_cpp: rosidl_typesupport_fastrtps_cpp;rosidl_typesupport_introspection_cpp
-- Found rmw_implementation_cmake: 1.0.2 (/opt/ros/foxy/share/rmw_implementation_cmake/cmake)
-- Using RMW implementation 'rmw_fastrtps_cpp' as default
-- Found sensor_msgs: 2.0.3 (/opt/ros/foxy/share/sensor_msgs/cmake)
-- Found trajectory_msgs: 2.0.3 (/opt/ros/foxy/share/trajectory_msgs/cmake)
-- Found rclcpp_action: 2.3.0 (/opt/ros/foxy/share/rclcpp_action/cmake)
-- Found tmr_msgs: 1.0.0 (/home/gy/Omron_TM_ROS2/install/tmr_msgs/share/tmr_msgs/cmake)
-- Found tmrlib: 1.0.0 (/home/gy/Omron_TM_ROS2/install/tmrlib/share/tmrlib/cmake)
-- Found ament_lint_auto: 0.9.6 (/opt/ros/foxy/share/ament_lint_auto/cmake)
CMake Error at /opt/ros/foxy/share/ament_cmake_target_dependencies/cmake/ament_target_dependencies.cmake:77 (message):
  ament_target_dependencies() the passed package name 'control_msgs' was not
  found before
Call Stack (most recent call first):
  CMakeLists.txt:54 (ament_target_dependencies)


-- Configuring incomplete, errors occurred!
See also "/home/gy/Omron_TM_ROS2/build/tmr_driver/CMakeFiles/CMakeOutput.log".
See also "/home/gy/Omron_TM_ROS2/build/tmr_driver/CMakeFiles/CMakeError.log".
make: *** [Makefile:222: cmake_check_build_system] Error 1
