[0.506s] Invoking command in '/home/gy/Omron_TM_ROS2/build/tm_models': CMAKE_PREFIX_PATH=/home/gy/Omron_TM_ROS2/install/ui_for_debug_and_demo:/home/gy/Omron_TM_ROS2/install/tmr_driver:/home/gy/Omron_TM_ROS2/install/tmrlib:/home/gy/Omron_TM_ROS2/install/tmr_msgs:/home/gy/Omron_TM_ROS2/install/tmr_moveit_cpp_demo:/home/gy/Omron_TM_ROS2/install/tmr_moveit_config_tm5-900:/home/gy/Omron_TM_ROS2/install/tmr_description:/home/gy/Omron_TM_ROS2/install/tm_driver:/home/gy/Omron_TM_ROS2/install/demo:/home/gy/Omron_TM_ROS2/install/tm_msgs:/home/gy/Omron_TM_ROS2/install/tmr_mod_urdf:/home/gy/Omron_TM_ROS2/install/tm_get_status:/home/gy/Omron_TM_ROS2/install/rviz_tm:/home/gy/Omron_TM_ROS2/install/pickplace:/opt/ros/foxy:/home/gy/Omron_TM_ROS2/install/tm_models:/home/gy/Omron_TM_ROS2/install/custom_package:/home/gy/Omron_TM_ROS2/install/techman_robot_msgs /usr/bin/cmake --build /home/gy/Omron_TM_ROS2/build/tm_models -- -j3 -l3
[0.612s] Invoked command in '/home/gy/Omron_TM_ROS2/build/tm_models' returned '0': CMAKE_PREFIX_PATH=/home/gy/Omron_TM_ROS2/install/ui_for_debug_and_demo:/home/gy/Omron_TM_ROS2/install/tmr_driver:/home/gy/Omron_TM_ROS2/install/tmrlib:/home/gy/Omron_TM_ROS2/install/tmr_msgs:/home/gy/Omron_TM_ROS2/install/tmr_moveit_cpp_demo:/home/gy/Omron_TM_ROS2/install/tmr_moveit_config_tm5-900:/home/gy/Omron_TM_ROS2/install/tmr_description:/home/gy/Omron_TM_ROS2/install/tm_driver:/home/gy/Omron_TM_ROS2/install/demo:/home/gy/Omron_TM_ROS2/install/tm_msgs:/home/gy/Omron_TM_ROS2/install/tmr_mod_urdf:/home/gy/Omron_TM_ROS2/install/tm_get_status:/home/gy/Omron_TM_ROS2/install/rviz_tm:/home/gy/Omron_TM_ROS2/install/pickplace:/opt/ros/foxy:/home/gy/Omron_TM_ROS2/install/tm_models:/home/gy/Omron_TM_ROS2/install/custom_package:/home/gy/Omron_TM_ROS2/install/techman_robot_msgs /usr/bin/cmake --build /home/gy/Omron_TM_ROS2/build/tm_models -- -j3 -l3
[0.744s] Invoking command in '/home/gy/Omron_TM_ROS2/build/tm_models': CMAKE_PREFIX_PATH=/home/gy/Omron_TM_ROS2/install/ui_for_debug_and_demo:/home/gy/Omron_TM_ROS2/install/tmr_driver:/home/gy/Omron_TM_ROS2/install/tmrlib:/home/gy/Omron_TM_ROS2/install/tmr_msgs:/home/gy/Omron_TM_ROS2/install/tmr_moveit_cpp_demo:/home/gy/Omron_TM_ROS2/install/tmr_moveit_config_tm5-900:/home/gy/Omron_TM_ROS2/install/tmr_description:/home/gy/Omron_TM_ROS2/install/tm_driver:/home/gy/Omron_TM_ROS2/install/demo:/home/gy/Omron_TM_ROS2/install/tm_msgs:/home/gy/Omron_TM_ROS2/install/tmr_mod_urdf:/home/gy/Omron_TM_ROS2/install/tm_get_status:/home/gy/Omron_TM_ROS2/install/rviz_tm:/home/gy/Omron_TM_ROS2/install/pickplace:/opt/ros/foxy:/home/gy/Omron_TM_ROS2/install/tm_models:/home/gy/Omron_TM_ROS2/install/custom_package:/home/gy/Omron_TM_ROS2/install/techman_robot_msgs /usr/bin/cmake --install /home/gy/Omron_TM_ROS2/build/tm_models
[0.771s] -- Install configuration: ""
[0.772s] -- Up-to-date: /home/gy/Omron_TM_ROS2/install/tm_models/share/ament_index/resource_index/package_run_dependencies/tm_models
[0.772s] -- Up-to-date: /home/gy/Omron_TM_ROS2/install/tm_models/share/ament_index/resource_index/parent_prefix_path/tm_models
[0.772s] -- Up-to-date: /home/gy/Omron_TM_ROS2/install/tm_models/share/tm_models/environment/ament_prefix_path.sh
[0.772s] -- Up-to-date: /home/gy/Omron_TM_ROS2/install/tm_models/share/tm_models/environment/ament_prefix_path.dsv
[0.772s] -- Up-to-date: /home/gy/Omron_TM_ROS2/install/tm_models/share/tm_models/environment/path.sh
[0.772s] -- Up-to-date: /home/gy/Omron_TM_ROS2/install/tm_models/share/tm_models/environment/path.dsv
[0.772s] -- Up-to-date: /home/gy/Omron_TM_ROS2/install/tm_models/share/tm_models/local_setup.bash
[0.773s] -- Up-to-date: /home/gy/Omron_TM_ROS2/install/tm_models/share/tm_models/local_setup.sh
[0.773s] -- Up-to-date: /home/gy/Omron_TM_ROS2/install/tm_models/share/tm_models/local_setup.zsh
[0.773s] -- Up-to-date: /home/gy/Omron_TM_ROS2/install/tm_models/share/tm_models/local_setup.dsv
[0.773s] -- Installing: /home/gy/Omron_TM_ROS2/install/tm_models/share/tm_models/package.dsv
[0.773s] -- Up-to-date: /home/gy/Omron_TM_ROS2/install/tm_models/share/ament_index/resource_index/packages/tm_models
[0.773s] -- Up-to-date: /home/gy/Omron_TM_ROS2/install/tm_models/share/tm_models/cmake/tm_modelsConfig.cmake
[0.773s] -- Up-to-date: /home/gy/Omron_TM_ROS2/install/tm_models/share/tm_models/cmake/tm_modelsConfig-version.cmake
[0.773s] -- Up-to-date: /home/gy/Omron_TM_ROS2/install/tm_models/share/tm_models/package.xml
[0.774s] -- Up-to-date: /home/gy/Omron_TM_ROS2/install/tm_models/share/tm_models/launch
[0.774s] -- Up-to-date: /home/gy/Omron_TM_ROS2/install/tm_models/share/tm_models/launch/view_robot.rviz
[0.774s] -- Up-to-date: /home/gy/Omron_TM_ROS2/install/tm_models/share/tm_models/launch/view_tm12.launch
[0.774s] -- Up-to-date: /home/gy/Omron_TM_ROS2/install/tm_models/share/tm_models/launch/tm12_upload.launch
[0.774s] -- Up-to-date: /home/gy/Omron_TM_ROS2/install/tm_models/share/tm_models/urdf
[0.774s] -- Up-to-date: /home/gy/Omron_TM_ROS2/install/tm_models/share/tm_models/urdf/log
[0.774s] -- Up-to-date: /home/gy/Omron_TM_ROS2/install/tm_models/share/tm_models/urdf/log/build_2021-04-20_14-45-09
[0.774s] -- Up-to-date: /home/gy/Omron_TM_ROS2/install/tm_models/share/tm_models/urdf/log/build_2021-04-20_14-45-09/events.log
[0.775s] -- Up-to-date: /home/gy/Omron_TM_ROS2/install/tm_models/share/tm_models/urdf/log/build_2021-04-20_14-45-09/logger_all.log
[0.775s] -- Up-to-date: /home/gy/Omron_TM_ROS2/install/tm_models/share/tm_models/urdf/log/build_2021-04-20_09-21-56
[0.775s] -- Up-to-date: /home/gy/Omron_TM_ROS2/install/tm_models/share/tm_models/urdf/log/build_2021-04-20_09-21-56/events.log
[0.775s] -- Up-to-date: /home/gy/Omron_TM_ROS2/install/tm_models/share/tm_models/urdf/log/build_2021-04-20_09-21-56/logger_all.log
[0.775s] -- Up-to-date: /home/gy/Omron_TM_ROS2/install/tm_models/share/tm_models/urdf/log/COLCON_IGNORE
[0.775s] -- Up-to-date: /home/gy/Omron_TM_ROS2/install/tm_models/share/tm_models/urdf/log/build_2021-04-20_16-49-20
[0.776s] -- Up-to-date: /home/gy/Omron_TM_ROS2/install/tm_models/share/tm_models/urdf/log/build_2021-04-20_16-49-20/events.log
[0.776s] -- Up-to-date: /home/gy/Omron_TM_ROS2/install/tm_models/share/tm_models/urdf/log/build_2021-04-20_16-49-20/logger_all.log
[0.776s] -- Up-to-date: /home/gy/Omron_TM_ROS2/install/tm_models/share/tm_models/urdf/log/latest
[0.776s] -- Up-to-date: /home/gy/Omron_TM_ROS2/install/tm_models/share/tm_models/urdf/log/latest_build
[0.776s] -- Up-to-date: /home/gy/Omron_TM_ROS2/install/tm_models/share/tm_models/urdf/tm5_700_robot.urdf.xacro
[0.776s] -- Up-to-date: /home/gy/Omron_TM_ROS2/install/tm_models/share/tm_models/urdf/tm.transmission.xacro
[0.776s] -- Up-to-date: /home/gy/Omron_TM_ROS2/install/tm_models/share/tm_models/urdf/tm12.urdf.xacro
[0.777s] -- Up-to-date: /home/gy/Omron_TM_ROS2/install/tm_models/share/tm_models/urdf/common.gazebo.xacro
[0.777s] -- Up-to-date: /home/gy/Omron_TM_ROS2/install/tm_models/share/tm_models/urdf/tm5_900_simple.urdf
[0.777s] -- Up-to-date: /home/gy/Omron_TM_ROS2/install/tm_models/share/tm_models/urdf/tm5_700.urdf.xacro
[0.778s] -- Up-to-date: /home/gy/Omron_TM_ROS2/install/tm_models/share/tm_models/urdf/tm12_robot.urdf.xacro
[0.779s] -- Up-to-date: /home/gy/Omron_TM_ROS2/install/tm_models/share/tm_models/urdf/install
[0.779s] -- Up-to-date: /home/gy/Omron_TM_ROS2/install/tm_models/share/tm_models/urdf/install/local_setup.bash
[0.780s] -- Up-to-date: /home/gy/Omron_TM_ROS2/install/tm_models/share/tm_models/urdf/install/setup.zsh
[0.780s] -- Up-to-date: /home/gy/Omron_TM_ROS2/install/tm_models/share/tm_models/urdf/install/setup.ps1
[0.783s] -- Up-to-date: /home/gy/Omron_TM_ROS2/install/tm_models/share/tm_models/urdf/install/.colcon_install_layout
[0.784s] -- Up-to-date: /home/gy/Omron_TM_ROS2/install/tm_models/share/tm_models/urdf/install/_local_setup_util_sh.py
[0.784s] -- Up-to-date: /home/gy/Omron_TM_ROS2/install/tm_models/share/tm_models/urdf/install/_local_setup_util_ps1.py
[0.784s] -- Up-to-date: /home/gy/Omron_TM_ROS2/install/tm_models/share/tm_models/urdf/install/local_setup.ps1
[0.784s] -- Up-to-date: /home/gy/Omron_TM_ROS2/install/tm_models/share/tm_models/urdf/install/local_setup.sh
[0.784s] -- Up-to-date: /home/gy/Omron_TM_ROS2/install/tm_models/share/tm_models/urdf/install/COLCON_IGNORE
[0.785s] -- Up-to-date: /home/gy/Omron_TM_ROS2/install/tm_models/share/tm_models/urdf/install/setup.sh
[0.785s] -- Up-to-date: /home/gy/Omron_TM_ROS2/install/tm_models/share/tm_models/urdf/install/setup.bash
[0.785s] -- Up-to-date: /home/gy/Omron_TM_ROS2/install/tm_models/share/tm_models/urdf/install/local_setup.zsh
[0.785s] -- Up-to-date: /home/gy/Omron_TM_ROS2/install/tm_models/share/tm_models/urdf/tm5_900.urdf.xacro
[0.785s] -- Up-to-date: /home/gy/Omron_TM_ROS2/install/tm_models/share/tm_models/urdf/tm.gazebo.xacro
[0.786s] -- Up-to-date: /home/gy/Omron_TM_ROS2/install/tm_models/share/tm_models/urdf/build
[0.786s] -- Up-to-date: /home/gy/Omron_TM_ROS2/install/tm_models/share/tm_models/urdf/build/.built_by
[0.786s] -- Up-to-date: /home/gy/Omron_TM_ROS2/install/tm_models/share/tm_models/urdf/build/COLCON_IGNORE
[0.786s] -- Up-to-date: /home/gy/Omron_TM_ROS2/install/tm_models/share/tm_models/urdf/tm12.urdf
[0.787s] -- Up-to-date: /home/gy/Omron_TM_ROS2/install/tm_models/share/tm_models/urdf/tm5_900_robot.urdf.xacro
[0.787s] -- Up-to-date: /home/gy/Omron_TM_ROS2/install/tm_models/share/tm_models/meshes
[0.787s] -- Up-to-date: /home/gy/Omron_TM_ROS2/install/tm_models/share/tm_models/meshes/tm12_1300
[0.787s] -- Up-to-date: /home/gy/Omron_TM_ROS2/install/tm_models/share/tm_models/meshes/tm12_1300/visual
[0.787s] -- Up-to-date: /home/gy/Omron_TM_ROS2/install/tm_models/share/tm_models/meshes/tm12_1300/visual/tm12_arm2.obj
[0.787s] -- Up-to-date: /home/gy/Omron_TM_ROS2/install/tm_models/share/tm_models/meshes/tm12_1300/visual/tm12_base.stl
[0.787s] -- Up-to-date: /home/gy/Omron_TM_ROS2/install/tm_models/share/tm_models/meshes/tm12_1300/visual/tm_100w_02.mtl
[0.788s] -- Up-to-date: /home/gy/Omron_TM_ROS2/install/tm_models/share/tm_models/meshes/tm12_1300/visual/tm12_arm2.stl
[0.788s] -- Up-to-date: /home/gy/Omron_TM_ROS2/install/tm_models/share/tm_models/meshes/tm12_1300/visual/tm_100w_01.mtl
[0.788s] -- Up-to-date: /home/gy/Omron_TM_ROS2/install/tm_models/share/tm_models/meshes/tm12_1300/visual/tm_750w_01.stl
[0.789s] -- Up-to-date: /home/gy/Omron_TM_ROS2/install/tm_models/share/tm_models/meshes/tm12_1300/visual/tm_100w_02.stl
[0.789s] -- Up-to-date: /home/gy/Omron_TM_ROS2/install/tm_models/share/tm_models/meshes/tm12_1300/visual/tm12_arm1.mtl
[0.789s] -- Up-to-date: /home/gy/Omron_TM_ROS2/install/tm_models/share/tm_models/meshes/tm12_1300/visual/tm12_arm2.mtl
[0.789s] -- Up-to-date: /home/gy/Omron_TM_ROS2/install/tm_models/share/tm_models/meshes/tm12_1300/visual/tm_100w_01.obj
[0.790s] -- Up-to-date: /home/gy/Omron_TM_ROS2/install/tm_models/share/tm_models/meshes/tm12_1300/visual/tm_100w_02.obj
[0.790s] -- Up-to-date: /home/gy/Omron_TM_ROS2/install/tm_models/share/tm_models/meshes/tm12_1300/visual/tm_ee.stl
[0.790s] -- Up-to-date: /home/gy/Omron_TM_ROS2/install/tm_models/share/tm_models/meshes/tm12_1300/visual/tm_750w_01.obj
[0.791s] -- Up-to-date: /home/gy/Omron_TM_ROS2/install/tm_models/share/tm_models/meshes/tm12_1300/visual/tm_ee.mtl
[0.791s] -- Up-to-date: /home/gy/Omron_TM_ROS2/install/tm_models/share/tm_models/meshes/tm12_1300/visual/tm_750w_01.mtl
[0.791s] -- Up-to-date: /home/gy/Omron_TM_ROS2/install/tm_models/share/tm_models/meshes/tm12_1300/visual/tm_100w_01.stl
[0.791s] -- Up-to-date: /home/gy/Omron_TM_ROS2/install/tm_models/share/tm_models/meshes/tm12_1300/visual/tm12_base.obj
[0.791s] -- Up-to-date: /home/gy/Omron_TM_ROS2/install/tm_models/share/tm_models/meshes/tm12_1300/visual/tm_ee.obj
[0.792s] -- Up-to-date: /home/gy/Omron_TM_ROS2/install/tm_models/share/tm_models/meshes/tm12_1300/visual/tm12_base.mtl
[0.792s] -- Up-to-date: /home/gy/Omron_TM_ROS2/install/tm_models/share/tm_models/meshes/tm12_1300/visual/tm12_arm1.stl
[0.792s] -- Up-to-date: /home/gy/Omron_TM_ROS2/install/tm_models/share/tm_models/meshes/tm12_1300/visual/tm12_arm1.obj
[0.792s] -- Up-to-date: /home/gy/Omron_TM_ROS2/install/tm_models/share/tm_models/meshes/tm12_1300/collision
[0.793s] -- Up-to-date: /home/gy/Omron_TM_ROS2/install/tm_models/share/tm_models/meshes/tm12_1300/collision/tm_100w_02_c.STL
[0.793s] -- Up-to-date: /home/gy/Omron_TM_ROS2/install/tm_models/share/tm_models/meshes/tm12_1300/collision/tm_400w_01_c.STL
[0.793s] -- Up-to-date: /home/gy/Omron_TM_ROS2/install/tm_models/share/tm_models/meshes/tm12_1300/collision/tm12_arm1_c.STL
[0.793s] -- Up-to-date: /home/gy/Omron_TM_ROS2/install/tm_models/share/tm_models/meshes/tm12_1300/collision/tm_100w_02_c.stl
[0.793s] -- Up-to-date: /home/gy/Omron_TM_ROS2/install/tm_models/share/tm_models/meshes/tm12_1300/collision/tm_750w_01_c.STL
[0.793s] -- Up-to-date: /home/gy/Omron_TM_ROS2/install/tm_models/share/tm_models/meshes/tm12_1300/collision/tm_100w_01_c.STL
[0.794s] -- Up-to-date: /home/gy/Omron_TM_ROS2/install/tm_models/share/tm_models/meshes/tm12_1300/collision/tm_ee_c.stl
[0.794s] -- Up-to-date: /home/gy/Omron_TM_ROS2/install/tm_models/share/tm_models/meshes/tm12_1300/collision/tm12_arm2_c.STL
[0.794s] -- Up-to-date: /home/gy/Omron_TM_ROS2/install/tm_models/share/tm_models/meshes/tm12_1300/collision/tm12_base_c.STL
[0.794s] -- Up-to-date: /home/gy/Omron_TM_ROS2/install/tm_models/share/tm_models/meshes/tm5_700
[0.794s] -- Up-to-date: /home/gy/Omron_TM_ROS2/install/tm_models/share/tm_models/meshes/tm5_700/visual
[0.795s] -- Up-to-date: /home/gy/Omron_TM_ROS2/install/tm_models/share/tm_models/meshes/tm5_700/visual/tm5_700_arm1.obj
[0.795s] -- Up-to-date: /home/gy/Omron_TM_ROS2/install/tm_models/share/tm_models/meshes/tm5_700/visual/tm5_700_arm1.mtl
[0.795s] -- Up-to-date: /home/gy/Omron_TM_ROS2/install/tm_models/share/tm_models/meshes/tm5_700/visual/tm5_700_arm2.obj
[0.795s] -- Up-to-date: /home/gy/Omron_TM_ROS2/install/tm_models/share/tm_models/meshes/tm5_700/visual/tm5_700_arm2.mtl
[0.795s] -- Up-to-date: /home/gy/Omron_TM_ROS2/install/tm_models/share/tm_models/meshes/tm5_700/visual/tm5_700_arm1.stl
[0.795s] -- Up-to-date: /home/gy/Omron_TM_ROS2/install/tm_models/share/tm_models/meshes/tm5_700/visual/tm5_700_arm2.stl
[0.795s] -- Up-to-date: /home/gy/Omron_TM_ROS2/install/tm_models/share/tm_models/meshes/tm5_700/collision
[0.796s] -- Up-to-date: /home/gy/Omron_TM_ROS2/install/tm_models/share/tm_models/meshes/tm5_700/collision/tm5_700_arm1_c.STL
[0.796s] -- Up-to-date: /home/gy/Omron_TM_ROS2/install/tm_models/share/tm_models/meshes/tm5_700/collision/tm5_700_arm2_c.STL
[0.796s] -- Up-to-date: /home/gy/Omron_TM_ROS2/install/tm_models/share/tm_models/meshes/tm5_900
[0.796s] -- Up-to-date: /home/gy/Omron_TM_ROS2/install/tm_models/share/tm_models/meshes/tm5_900/visual
[0.797s] -- Up-to-date: /home/gy/Omron_TM_ROS2/install/tm_models/share/tm_models/meshes/tm5_900/visual/tm5_900_arm1.obj
[0.797s] -- Up-to-date: /home/gy/Omron_TM_ROS2/install/tm_models/share/tm_models/meshes/tm5_900/visual/tm_100w_02.mtl
[0.797s] -- Up-to-date: /home/gy/Omron_TM_ROS2/install/tm_models/share/tm_models/meshes/tm5_900/visual/tm5_base.obj
[0.797s] -- Up-to-date: /home/gy/Omron_TM_ROS2/install/tm_models/share/tm_models/meshes/tm5_900/visual/tm_100w_01.mtl
[0.797s] -- Up-to-date: /home/gy/Omron_TM_ROS2/install/tm_models/share/tm_models/meshes/tm5_900/visual/tm_100w_02.stl
[0.798s] -- Up-to-date: /home/gy/Omron_TM_ROS2/install/tm_models/share/tm_models/meshes/tm5_900/visual/tm5_900_arm1.mtl
[0.798s] -- Up-to-date: /home/gy/Omron_TM_ROS2/install/tm_models/share/tm_models/meshes/tm5_900/visual/tm5_900_arm2.obj
[0.798s] -- Up-to-date: /home/gy/Omron_TM_ROS2/install/tm_models/share/tm_models/meshes/tm5_900/visual/tm5_900_arm2.stl
[0.798s] -- Up-to-date: /home/gy/Omron_TM_ROS2/install/tm_models/share/tm_models/meshes/tm5_900/visual/tm_100w_01.obj
[0.799s] -- Up-to-date: /home/gy/Omron_TM_ROS2/install/tm_models/share/tm_models/meshes/tm5_900/visual/tm5_base.mtl
[0.799s] -- Up-to-date: /home/gy/Omron_TM_ROS2/install/tm_models/share/tm_models/meshes/tm5_900/visual/tm5_base.stl
[0.799s] -- Up-to-date: /home/gy/Omron_TM_ROS2/install/tm_models/share/tm_models/meshes/tm5_900/visual/tm5_900_arm1.stl
[0.799s] -- Up-to-date: /home/gy/Omron_TM_ROS2/install/tm_models/share/tm_models/meshes/tm5_900/visual/tm_100w_02.obj
[0.799s] -- Up-to-date: /home/gy/Omron_TM_ROS2/install/tm_models/share/tm_models/meshes/tm5_900/visual/tm_ee.stl
[0.799s] -- Up-to-date: /home/gy/Omron_TM_ROS2/install/tm_models/share/tm_models/meshes/tm5_900/visual/tm_400w_01.stl
[0.800s] -- Up-to-date: /home/gy/Omron_TM_ROS2/install/tm_models/share/tm_models/meshes/tm5_900/visual/tm_400w_01.obj
[0.800s] -- Up-to-date: /home/gy/Omron_TM_ROS2/install/tm_models/share/tm_models/meshes/tm5_900/visual/tm_400w_01.mtl
[0.800s] -- Up-to-date: /home/gy/Omron_TM_ROS2/install/tm_models/share/tm_models/meshes/tm5_900/visual/tm_ee.mtl
[0.800s] -- Up-to-date: /home/gy/Omron_TM_ROS2/install/tm_models/share/tm_models/meshes/tm5_900/visual/tm_100w_01.stl
[0.803s] -- Up-to-date: /home/gy/Omron_TM_ROS2/install/tm_models/share/tm_models/meshes/tm5_900/visual/tm_ee.obj
[0.804s] -- Up-to-date: /home/gy/Omron_TM_ROS2/install/tm_models/share/tm_models/meshes/tm5_900/visual/tm5_900_arm2.mtl
[0.804s] -- Up-to-date: /home/gy/Omron_TM_ROS2/install/tm_models/share/tm_models/meshes/tm5_900/collision
[0.804s] -- Up-to-date: /home/gy/Omron_TM_ROS2/install/tm_models/share/tm_models/meshes/tm5_900/collision/tm_100w_02_c.STL
[0.805s] -- Up-to-date: /home/gy/Omron_TM_ROS2/install/tm_models/share/tm_models/meshes/tm5_900/collision/tm_400w_01_c.STL
[0.805s] -- Up-to-date: /home/gy/Omron_TM_ROS2/install/tm_models/share/tm_models/meshes/tm5_900/collision/tm_100w_02_c.stl
[0.805s] -- Up-to-date: /home/gy/Omron_TM_ROS2/install/tm_models/share/tm_models/meshes/tm5_900/collision/tm_100w_01_c.STL
[0.806s] -- Up-to-date: /home/gy/Omron_TM_ROS2/install/tm_models/share/tm_models/meshes/tm5_900/collision/tm5_900_arm2_c.STL
[0.807s] -- Up-to-date: /home/gy/Omron_TM_ROS2/install/tm_models/share/tm_models/meshes/tm5_900/collision/tm_ee_c.stl
[0.807s] -- Up-to-date: /home/gy/Omron_TM_ROS2/install/tm_models/share/tm_models/meshes/tm5_900/collision/tm5_900_arm1_c.STL
[0.807s] -- Up-to-date: /home/gy/Omron_TM_ROS2/install/tm_models/share/tm_models/meshes/tm5_900/collision/tm5_base_c.STL
[0.838s] Invoked command in '/home/gy/Omron_TM_ROS2/build/tm_models' returned '0': CMAKE_PREFIX_PATH=/home/gy/Omron_TM_ROS2/install/ui_for_debug_and_demo:/home/gy/Omron_TM_ROS2/install/tmr_driver:/home/gy/Omron_TM_ROS2/install/tmrlib:/home/gy/Omron_TM_ROS2/install/tmr_msgs:/home/gy/Omron_TM_ROS2/install/tmr_moveit_cpp_demo:/home/gy/Omron_TM_ROS2/install/tmr_moveit_config_tm5-900:/home/gy/Omron_TM_ROS2/install/tmr_description:/home/gy/Omron_TM_ROS2/install/tm_driver:/home/gy/Omron_TM_ROS2/install/demo:/home/gy/Omron_TM_ROS2/install/tm_msgs:/home/gy/Omron_TM_ROS2/install/tmr_mod_urdf:/home/gy/Omron_TM_ROS2/install/tm_get_status:/home/gy/Omron_TM_ROS2/install/rviz_tm:/home/gy/Omron_TM_ROS2/install/pickplace:/opt/ros/foxy:/home/gy/Omron_TM_ROS2/install/tm_models:/home/gy/Omron_TM_ROS2/install/custom_package:/home/gy/Omron_TM_ROS2/install/techman_robot_msgs /usr/bin/cmake --install /home/gy/Omron_TM_ROS2/build/tm_models
