[0.025s] Invoking command in '/home/omron/Omron_TM_ROS2/build/demo': AMENT_PREFIX_PATH=/home/omron/Omron_TM_ROS2/install/tm_msgs:${AMENT_PREFIX_PATH} CMAKE_PREFIX_PATH=/home/omron/Omron_TM_ROS2/install/tm_msgs:/opt/ros/foxy LD_LIBRARY_PATH=/home/omron/Omron_TM_ROS2/install/tm_msgs/lib:${LD_LIBRARY_PATH} PYTHONPATH=/home/omron/Omron_TM_ROS2/install/tm_msgs/lib/python3.8/site-packages:${PYTHONPATH} /usr/bin/cmake /home/omron/Omron_TM_ROS2/demo -DCMAKE_INSTALL_PREFIX=/home/omron/Omron_TM_ROS2/install/demo
[0.091s] -- The C compiler identification is GNU 9.3.0
[0.166s] -- The CXX compiler identification is GNU 9.3.0
[0.174s] -- Check for working C compiler: /usr/bin/cc
[0.252s] -- Check for working C compiler: /usr/bin/cc -- works
[0.253s] -- Detecting C compiler ABI info
[0.331s] -- Detecting C compiler ABI info - done
[0.344s] -- Detecting C compile features
[0.344s] -- Detecting C compile features - done
[0.347s] -- Check for working CXX compiler: /usr/bin/c++
[0.446s] -- Check for working CXX compiler: /usr/bin/c++ -- works
[0.447s] -- Detecting CXX compiler ABI info
[0.540s] -- Detecting CXX compiler ABI info - done
[0.552s] -- Detecting CXX compile features
[0.553s] -- Detecting CXX compile features - done
[0.556s] -- Found ament_cmake: 0.9.8 (/opt/ros/foxy/share/ament_cmake/cmake)
[0.587s] -- Found PythonInterp: /usr/bin/python3 (found suitable version "3.8.5", minimum required is "3") 
[0.587s] -- Using PYTHON_EXECUTABLE: /usr/bin/python3
[0.809s] -- Found rclcpp: 2.3.1 (/opt/ros/foxy/share/rclcpp/cmake)
[0.861s] -- Using all available rosidl_typesupport_c: rosidl_typesupport_fastrtps_c;rosidl_typesupport_introspection_c
[0.870s] -- Found rosidl_adapter: 1.2.1 (/opt/ros/foxy/share/rosidl_adapter/cmake)
[0.953s] -- Found OpenSSL: /usr/lib/x86_64-linux-gnu/libcrypto.so (found version "1.1.1f")  
[0.994s] -- Found FastRTPS: /opt/ros/foxy/include  
[1.082s] -- Using all available rosidl_typesupport_cpp: rosidl_typesupport_fastrtps_cpp;rosidl_typesupport_introspection_cpp
[1.155s] -- Found rmw_implementation_cmake: 1.0.3 (/opt/ros/foxy/share/rmw_implementation_cmake/cmake)
[1.157s] -- Using RMW implementation 'rmw_fastrtps_cpp' as default
[1.158s] -- Looking for pthread.h
[1.235s] -- Looking for pthread.h - found
[1.235s] -- Performing Test CMAKE_HAVE_LIBC_PTHREAD
[1.315s] -- Performing Test CMAKE_HAVE_LIBC_PTHREAD - Failed
[1.316s] -- Looking for pthread_create in pthreads
[1.379s] -- Looking for pthread_create in pthreads - not found
[1.379s] -- Looking for pthread_create in pthread
[1.448s] -- Looking for pthread_create in pthread - found
[1.449s] -- Found Threads: TRUE  
[1.622s] -- Found sensor_msgs: 2.0.4 (/opt/ros/foxy/share/sensor_msgs/cmake)
[1.750s] -- Found tm_msgs: 1.0.0 (/home/omron/Omron_TM_ROS2/install/tm_msgs/share/tm_msgs/cmake)
[1.793s] -- Found ament_lint_auto: 0.9.6 (/opt/ros/foxy/share/ament_lint_auto/cmake)
[1.894s] -- Added test 'copyright' to check source files copyright and LICENSE
[1.895s] -- Added test 'cppcheck' to perform static code analysis on C / C++ code
[1.897s] -- Configured cppcheck include dirs: /home/omron/Omron_TM_ROS2/demo/include
[1.897s] -- Configured cppcheck exclude dirs and/or files: 
[1.898s] -- Added test 'cpplint' to check C / C++ code against the Google style
[1.898s] -- Configured cpplint exclude dirs and/or files: 
[1.899s] -- Added test 'lint_cmake' to check CMake code style
[1.900s] -- Added test 'uncrustify' to check C / C++ code style
[1.900s] -- Configured uncrustify additional arguments: 
[1.900s] -- Added test 'xmllint' to check XML markup files
[1.903s] -- Configuring done
[1.993s] -- Generating done
[1.997s] -- Build files have been written to: /home/omron/Omron_TM_ROS2/build/demo
[2.006s] Invoked command in '/home/omron/Omron_TM_ROS2/build/demo' returned '0': AMENT_PREFIX_PATH=/home/omron/Omron_TM_ROS2/install/tm_msgs:${AMENT_PREFIX_PATH} CMAKE_PREFIX_PATH=/home/omron/Omron_TM_ROS2/install/tm_msgs:/opt/ros/foxy LD_LIBRARY_PATH=/home/omron/Omron_TM_ROS2/install/tm_msgs/lib:${LD_LIBRARY_PATH} PYTHONPATH=/home/omron/Omron_TM_ROS2/install/tm_msgs/lib/python3.8/site-packages:${PYTHONPATH} /usr/bin/cmake /home/omron/Omron_TM_ROS2/demo -DCMAKE_INSTALL_PREFIX=/home/omron/Omron_TM_ROS2/install/demo
[2.008s] Invoking command in '/home/omron/Omron_TM_ROS2/build/demo': AMENT_PREFIX_PATH=/home/omron/Omron_TM_ROS2/install/tm_msgs:${AMENT_PREFIX_PATH} CMAKE_PREFIX_PATH=/home/omron/Omron_TM_ROS2/install/tm_msgs:/opt/ros/foxy LD_LIBRARY_PATH=/home/omron/Omron_TM_ROS2/install/tm_msgs/lib:${LD_LIBRARY_PATH} PYTHONPATH=/home/omron/Omron_TM_ROS2/install/tm_msgs/lib/python3.8/site-packages:${PYTHONPATH} /usr/bin/cmake --build /home/omron/Omron_TM_ROS2/build/demo -- -j8 -l8
[2.068s] [35m[1mScanning dependencies of target demo_get_svr_response[0m
[2.070s] [35m[1mScanning dependencies of target demo_ask_item[0m
[2.073s] [35m[1mScanning dependencies of target demo_set_io[0m
[2.076s] [35m[1mScanning dependencies of target demo_get_sta_response[0m
[2.079s] [35m[1mScanning dependencies of target demo_set_positions[0m
[2.099s] [35m[1mScanning dependencies of target demo_ask_sta[0m
[2.120s] [35m[1mScanning dependencies of target demo_get_sct_response[0m
[2.142s] [35m[1mScanning dependencies of target demo_send_script[0m
[2.166s] [  3%] [32mBuilding CXX object CMakeFiles/demo_ask_item.dir/src/demo_ask_item.cpp.o[0m
[2.175s] [  7%] [32mBuilding CXX object CMakeFiles/demo_set_positions.dir/src/demo_set_positions.cpp.o[0m
[2.179s] [ 11%] [32mBuilding CXX object CMakeFiles/demo_set_io.dir/src/demo_set_io.cpp.o[0m
[2.180s] [ 15%] [32mBuilding CXX object CMakeFiles/demo_ask_sta.dir/src/demo_ask_sta.cpp.o[0m
[2.188s] [ 19%] [32mBuilding CXX object CMakeFiles/demo_get_sta_response.dir/get_status_demo_src/demo_get_sta_response.cpp.o[0m
[2.190s] [ 23%] [32mBuilding CXX object CMakeFiles/demo_get_svr_response.dir/get_status_demo_src/demo_get_svr_response.cpp.o[0m
[2.211s] [ 26%] [32mBuilding CXX object CMakeFiles/demo_send_script.dir/src/demo_send_script.cpp.o[0m
[2.228s] [ 30%] [32mBuilding CXX object CMakeFiles/demo_get_sct_response.dir/get_status_demo_src/demo_get_sct_response.cpp.o[0m
[11.590s] [ 34%] [32m[1mLinking CXX executable demo_set_io[0m
[11.797s] [ 38%] [32m[1mLinking CXX executable demo_send_script[0m
[11.892s] [ 42%] [32m[1mLinking CXX executable demo_set_positions[0m
[12.312s] [ 42%] Built target demo_set_io
[12.330s] [ 42%] Built target demo_set_positions
[12.353s] [ 42%] Built target demo_send_script
[12.589s] [ 46%] [32m[1mLinking CXX executable demo_ask_item[0m
[13.065s] [ 46%] Built target demo_ask_item
[13.881s] [ 50%] [32m[1mLinking CXX executable demo_ask_sta[0m
[14.266s] [ 50%] Built target demo_ask_sta
[15.289s] [ 53%] [32m[1mLinking CXX executable demo_get_sta_response[0m
[15.750s] [ 53%] Built target demo_get_sta_response
[15.762s] [ 57%] [32m[1mLinking CXX executable demo_get_svr_response[0m
[16.143s] [ 57%] Built target demo_get_svr_response
[16.899s] [ 61%] [32m[1mLinking CXX executable demo_get_sct_response[0m
[17.265s] [ 61%] Built target demo_get_sct_response
[17.292s] [35m[1mScanning dependencies of target demo_write_item[0m
[17.432s] [ 65%] [32mBuilding CXX object CMakeFiles/demo_write_item.dir/src/demo_write_item.cpp.o[0m
[20.218s] [ 69%] [32m[1mLinking CXX executable demo_write_item[0m
[20.375s] [ 69%] Built target demo_write_item
[20.387s] [35m[1mScanning dependencies of target demo_leave_listen_node[0m
[20.423s] [ 73%] [32mBuilding CXX object CMakeFiles/demo_leave_listen_node.dir/src/demo_leave_listen_node.cpp.o[0m
[22.691s] [ 76%] [32m[1mLinking CXX executable demo_leave_listen_node[0m
[22.841s] [ 76%] Built target demo_leave_listen_node
[22.852s] [35m[1mScanning dependencies of target demo_get_feedback[0m
[22.899s] [ 80%] [32mBuilding CXX object CMakeFiles/demo_get_feedback.dir/get_status_demo_src/demo_get_feedback.cpp.o[0m
[27.509s] [ 84%] [32m[1mLinking CXX executable demo_get_feedback[0m
[27.770s] [ 84%] Built target demo_get_feedback
[27.785s] [35m[1mScanning dependencies of target demo_set_event[0m
[27.786s] [35m[1mScanning dependencies of target demo_connect_tm[0m
[27.828s] [ 92%] [32mBuilding CXX object CMakeFiles/demo_set_event.dir/src/demo_set_event.cpp.o[0m
[27.829s] [ 92%] [32mBuilding CXX object CMakeFiles/demo_connect_tm.dir/src/demo_connect_tm.cpp.o[0m
[30.060s] [ 96%] [32m[1mLinking CXX executable demo_connect_tm[0m
[30.077s] [100%] [32m[1mLinking CXX executable demo_set_event[0m
[30.207s] [100%] Built target demo_connect_tm
[30.228s] [100%] Built target demo_set_event
[30.239s] Invoked command in '/home/omron/Omron_TM_ROS2/build/demo' returned '0': AMENT_PREFIX_PATH=/home/omron/Omron_TM_ROS2/install/tm_msgs:${AMENT_PREFIX_PATH} CMAKE_PREFIX_PATH=/home/omron/Omron_TM_ROS2/install/tm_msgs:/opt/ros/foxy LD_LIBRARY_PATH=/home/omron/Omron_TM_ROS2/install/tm_msgs/lib:${LD_LIBRARY_PATH} PYTHONPATH=/home/omron/Omron_TM_ROS2/install/tm_msgs/lib/python3.8/site-packages:${PYTHONPATH} /usr/bin/cmake --build /home/omron/Omron_TM_ROS2/build/demo -- -j8 -l8
[30.285s] Invoking command in '/home/omron/Omron_TM_ROS2/build/demo': AMENT_PREFIX_PATH=/home/omron/Omron_TM_ROS2/install/tm_msgs:${AMENT_PREFIX_PATH} CMAKE_PREFIX_PATH=/home/omron/Omron_TM_ROS2/install/tm_msgs:/opt/ros/foxy LD_LIBRARY_PATH=/home/omron/Omron_TM_ROS2/install/tm_msgs/lib:${LD_LIBRARY_PATH} PYTHONPATH=/home/omron/Omron_TM_ROS2/install/tm_msgs/lib/python3.8/site-packages:${PYTHONPATH} /usr/bin/cmake --install /home/omron/Omron_TM_ROS2/build/demo
[30.294s] -- Install configuration: ""
[30.294s] -- Installing: /home/omron/Omron_TM_ROS2/install/demo/lib/demo/demo_send_script
[30.295s] -- Set runtime path of "/home/omron/Omron_TM_ROS2/install/demo/lib/demo/demo_send_script" to ""
[30.295s] -- Installing: /home/omron/Omron_TM_ROS2/install/demo/lib/demo/demo_ask_sta
[30.296s] -- Set runtime path of "/home/omron/Omron_TM_ROS2/install/demo/lib/demo/demo_ask_sta" to ""
[30.296s] -- Installing: /home/omron/Omron_TM_ROS2/install/demo/lib/demo/demo_connect_tm
[30.297s] -- Set runtime path of "/home/omron/Omron_TM_ROS2/install/demo/lib/demo/demo_connect_tm" to ""
[30.297s] -- Installing: /home/omron/Omron_TM_ROS2/install/demo/lib/demo/demo_set_event
[30.297s] -- Set runtime path of "/home/omron/Omron_TM_ROS2/install/demo/lib/demo/demo_set_event" to ""
[30.298s] -- Installing: /home/omron/Omron_TM_ROS2/install/demo/lib/demo/demo_set_io
[30.298s] -- Set runtime path of "/home/omron/Omron_TM_ROS2/install/demo/lib/demo/demo_set_io" to ""
[30.299s] -- Installing: /home/omron/Omron_TM_ROS2/install/demo/lib/demo/demo_set_positions
[30.299s] -- Set runtime path of "/home/omron/Omron_TM_ROS2/install/demo/lib/demo/demo_set_positions" to ""
[30.300s] -- Installing: /home/omron/Omron_TM_ROS2/install/demo/lib/demo/demo_write_item
[30.300s] -- Set runtime path of "/home/omron/Omron_TM_ROS2/install/demo/lib/demo/demo_write_item" to ""
[30.300s] -- Installing: /home/omron/Omron_TM_ROS2/install/demo/lib/demo/demo_ask_item
[30.301s] -- Set runtime path of "/home/omron/Omron_TM_ROS2/install/demo/lib/demo/demo_ask_item" to ""
[30.301s] -- Installing: /home/omron/Omron_TM_ROS2/install/demo/lib/demo/demo_get_feedback
[30.304s] -- Set runtime path of "/home/omron/Omron_TM_ROS2/install/demo/lib/demo/demo_get_feedback" to ""
[30.304s] -- Installing: /home/omron/Omron_TM_ROS2/install/demo/lib/demo/demo_get_sct_response
[30.306s] -- Set runtime path of "/home/omron/Omron_TM_ROS2/install/demo/lib/demo/demo_get_sct_response" to ""
[30.306s] -- Installing: /home/omron/Omron_TM_ROS2/install/demo/lib/demo/demo_get_sta_response
[30.308s] -- Set runtime path of "/home/omron/Omron_TM_ROS2/install/demo/lib/demo/demo_get_sta_response" to ""
[30.308s] -- Installing: /home/omron/Omron_TM_ROS2/install/demo/lib/demo/demo_get_svr_response
[30.310s] -- Set runtime path of "/home/omron/Omron_TM_ROS2/install/demo/lib/demo/demo_get_svr_response" to ""
[30.311s] -- Installing: /home/omron/Omron_TM_ROS2/install/demo/lib/demo/demo_leave_listen_node
[30.311s] -- Set runtime path of "/home/omron/Omron_TM_ROS2/install/demo/lib/demo/demo_leave_listen_node" to ""
[30.312s] -- Installing: /home/omron/Omron_TM_ROS2/install/demo/share/ament_index/resource_index/package_run_dependencies/demo
[30.313s] -- Installing: /home/omron/Omron_TM_ROS2/install/demo/share/ament_index/resource_index/parent_prefix_path/demo
[30.313s] -- Installing: /home/omron/Omron_TM_ROS2/install/demo/share/demo/environment/ament_prefix_path.sh
[30.313s] -- Installing: /home/omron/Omron_TM_ROS2/install/demo/share/demo/environment/ament_prefix_path.dsv
[30.314s] -- Installing: /home/omron/Omron_TM_ROS2/install/demo/share/demo/environment/path.sh
[30.314s] -- Installing: /home/omron/Omron_TM_ROS2/install/demo/share/demo/environment/path.dsv
[30.314s] -- Installing: /home/omron/Omron_TM_ROS2/install/demo/share/demo/local_setup.bash
[30.314s] -- Installing: /home/omron/Omron_TM_ROS2/install/demo/share/demo/local_setup.sh
[30.315s] -- Installing: /home/omron/Omron_TM_ROS2/install/demo/share/demo/local_setup.zsh
[30.315s] -- Installing: /home/omron/Omron_TM_ROS2/install/demo/share/demo/local_setup.dsv
[30.315s] -- Installing: /home/omron/Omron_TM_ROS2/install/demo/share/demo/package.dsv
[30.316s] -- Installing: /home/omron/Omron_TM_ROS2/install/demo/share/ament_index/resource_index/packages/demo
[30.316s] -- Installing: /home/omron/Omron_TM_ROS2/install/demo/share/demo/cmake/demoConfig.cmake
[30.316s] -- Installing: /home/omron/Omron_TM_ROS2/install/demo/share/demo/cmake/demoConfig-version.cmake
[30.316s] -- Installing: /home/omron/Omron_TM_ROS2/install/demo/share/demo/package.xml
[30.320s] Invoked command in '/home/omron/Omron_TM_ROS2/build/demo' returned '0': AMENT_PREFIX_PATH=/home/omron/Omron_TM_ROS2/install/tm_msgs:${AMENT_PREFIX_PATH} CMAKE_PREFIX_PATH=/home/omron/Omron_TM_ROS2/install/tm_msgs:/opt/ros/foxy LD_LIBRARY_PATH=/home/omron/Omron_TM_ROS2/install/tm_msgs/lib:${LD_LIBRARY_PATH} PYTHONPATH=/home/omron/Omron_TM_ROS2/install/tm_msgs/lib/python3.8/site-packages:${PYTHONPATH} /usr/bin/cmake --install /home/omron/Omron_TM_ROS2/build/demo
