[1.018s] Invoking command in '/home/gy/Omron_TM_ROS2/build/rviz_tm': PYTHONPATH=/home/gy/Omron_TM_ROS2/install/rviz_tm/lib/python3.8/site-packages:${PYTHONPATH} /usr/bin/python3 setup.py develop --prefix /home/gy/Omron_TM_ROS2/install/rviz_tm --editable --build-directory /home/gy/Omron_TM_ROS2/build/rviz_tm/build --no-deps install_data --install-dir /home/gy/Omron_TM_ROS2/install/rviz_tm
[1.940s] running develop
[2.452s] running egg_info
[2.452s] creating rviz_tm.egg-info
[2.453s] writing rviz_tm.egg-info/PKG-INFO
[2.454s] writing dependency_links to rviz_tm.egg-info/dependency_links.txt
[2.454s] writing entry points to rviz_tm.egg-info/entry_points.txt
[2.455s] writing requirements to rviz_tm.egg-info/requires.txt
[2.455s] writing top-level names to rviz_tm.egg-info/top_level.txt
[2.458s] writing manifest file 'rviz_tm.egg-info/SOURCES.txt'
[2.616s] reading manifest file 'rviz_tm.egg-info/SOURCES.txt'
[2.618s] writing manifest file 'rviz_tm.egg-info/SOURCES.txt'
[2.769s] running build_ext
[2.770s] Creating /home/gy/Omron_TM_ROS2/install/rviz_tm/lib/python3.8/site-packages/site.py
[2.780s] Creating /home/gy/Omron_TM_ROS2/install/rviz_tm/lib/python3.8/site-packages/rviz-tm.egg-link (link to .)
[2.782s] 
[2.782s] Installed /home/gy/Omron_TM_ROS2/build/rviz_tm
[2.782s] running install_data
[2.783s] creating /home/gy/Omron_TM_ROS2/install/rviz_tm/share/ament_index
[2.783s] creating /home/gy/Omron_TM_ROS2/install/rviz_tm/share/ament_index/resource_index
[2.783s] creating /home/gy/Omron_TM_ROS2/install/rviz_tm/share/ament_index/resource_index/packages
[2.784s] copying resource/rviz_tm -> /home/gy/Omron_TM_ROS2/install/rviz_tm/share/ament_index/resource_index/packages
[2.784s] copying package.xml -> /home/gy/Omron_TM_ROS2/install/rviz_tm/share/rviz_tm
[2.785s] copying launch/rviz_tm.launch.py -> /home/gy/Omron_TM_ROS2/install/rviz_tm/share/rviz_tm
[2.785s] copying urdf/tm5-900.urdf -> /home/gy/Omron_TM_ROS2/install/rviz_tm/share/rviz_tm
[2.785s] copying urdf/rviz_tm.rviz -> /home/gy/Omron_TM_ROS2/install/rviz_tm/share/rviz_tm
[2.890s] Invoked command in '/home/gy/Omron_TM_ROS2/build/rviz_tm' returned '0': PYTHONPATH=/home/gy/Omron_TM_ROS2/install/rviz_tm/lib/python3.8/site-packages:${PYTHONPATH} /usr/bin/python3 setup.py develop --prefix /home/gy/Omron_TM_ROS2/install/rviz_tm --editable --build-directory /home/gy/Omron_TM_ROS2/build/rviz_tm/build --no-deps install_data --install-dir /home/gy/Omron_TM_ROS2/install/rviz_tm
