[0.044s] Invoking command in '/home/gy/Omron_TM_ROS2/build/custom_package': CMAKE_PREFIX_PATH=/home/gy/Omron_TM_ROS2/install/techman_robot_msgs:/home/gy/Omron_TM_ROS2/install/tmr_mod_urdf:/home/gy/Omron_TM_ROS2/install/tm_get_status:/home/gy/Omron_TM_ROS2/install/rviz_tm:/home/gy/Omron_TM_ROS2/install/pickplace:/opt/ros/foxy:/home/gy/Omron_TM_ROS2/install/tm_description:/home/gy/Omron_TM_ROS2/install/ui_for_debug_and_demo:/home/gy/Omron_TM_ROS2/install/tmr_driver:/home/gy/Omron_TM_ROS2/install/tmrlib:/home/gy/Omron_TM_ROS2/install/tmr_msgs:/home/gy/Omron_TM_ROS2/install/tmr_moveit_cpp_demo:/home/gy/Omron_TM_ROS2/install/tmr_moveit_config_tm5-900:/home/gy/Omron_TM_ROS2/install/tmr_description:/home/gy/Omron_TM_ROS2/install/tm_driver:/home/gy/Omron_TM_ROS2/install/demo:/home/gy/Omron_TM_ROS2/install/tm_msgs:/home/gy/Omron_TM_ROS2/install/custom_package LD_LIBRARY_PATH=/home/gy/Omron_TM_ROS2/install/techman_robot_msgs/lib:/home/gy/Omron_TM_ROS2/install/tmrlib/lib:/home/gy/Omron_TM_ROS2/install/tmr_msgs/lib:/home/gy/Omron_TM_ROS2/install/tm_msgs/lib:/opt/ros/foxy/opt/yaml_cpp_vendor/lib:/opt/ros/foxy/opt/rviz_ogre_vendor/lib:/opt/ros/foxy/lib/x86_64-linux-gnu:/opt/ros/foxy/lib PYTHONPATH=/home/gy/Omron_TM_ROS2/install/techman_robot_msgs/lib/python3.8/site-packages:/home/gy/Omron_TM_ROS2/install/tmr_msgs/lib/python3.8/site-packages:/home/gy/Omron_TM_ROS2/install/tmr_mod_urdf/lib/python3.8/site-packages:/home/gy/Omron_TM_ROS2/install/tm_msgs/lib/python3.8/site-packages:/home/gy/Omron_TM_ROS2/install/tm_get_status/lib/python3.8/site-packages:/home/gy/Omron_TM_ROS2/build/rviz_tm:/home/gy/Omron_TM_ROS2/install/rviz_tm/lib/python3.8/site-packages:/home/gy/Omron_TM_ROS2/build/pickplace:/home/gy/Omron_TM_ROS2/install/pickplace/lib/python3.8/site-packages:/opt/ros/foxy/lib/python3.8/site-packages /usr/bin/cmake /home/gy/Omron_TM_ROS2/custom_package -DCMAKE_INSTALL_PREFIX=/home/gy/Omron_TM_ROS2/install/custom_package
[0.284s] -- The C compiler identification is GNU 9.3.0
[0.437s] -- The CXX compiler identification is GNU 9.3.0
[0.468s] -- Check for working C compiler: /usr/bin/cc
[0.722s] -- Check for working C compiler: /usr/bin/cc -- works
[0.724s] -- Detecting C compiler ABI info
[1.000s] -- Detecting C compiler ABI info - done
[1.062s] -- Detecting C compile features
[1.068s] -- Detecting C compile features - done
[1.076s] -- Check for working CXX compiler: /usr/bin/c++
[1.423s] -- Check for working CXX compiler: /usr/bin/c++ -- works
[1.423s] -- Detecting CXX compiler ABI info
[1.701s] -- Detecting CXX compiler ABI info - done
[1.740s] -- Detecting CXX compile features
[1.745s] -- Detecting CXX compile features - done
[1.745s] -- Found ament_cmake: 0.9.8 (/opt/ros/foxy/share/ament_cmake/cmake)
[1.823s] -- Found PythonInterp: /usr/bin/python3 (found suitable version "3.8.5", minimum required is "3") 
[1.823s] -- Using PYTHON_EXECUTABLE: /usr/bin/python3
[2.589s] -- Found rclcpp: 2.3.1 (/opt/ros/foxy/share/rclcpp/cmake)
[2.729s] -- Using all available rosidl_typesupport_c: rosidl_typesupport_fastrtps_c;rosidl_typesupport_introspection_c
[2.750s] -- Found rosidl_adapter: 1.2.1 (/opt/ros/foxy/share/rosidl_adapter/cmake)
[3.025s] -- Found OpenSSL: /usr/lib/x86_64-linux-gnu/libcrypto.so (found version "1.1.1f")  
[3.161s] -- Found FastRTPS: /opt/ros/foxy/include  
[3.461s] -- Using all available rosidl_typesupport_cpp: rosidl_typesupport_fastrtps_cpp;rosidl_typesupport_introspection_cpp
[3.647s] -- Found rmw_implementation_cmake: 1.0.3 (/opt/ros/foxy/share/rmw_implementation_cmake/cmake)
[3.651s] -- Using RMW implementation 'rmw_fastrtps_cpp' as default
[3.652s] -- Looking for pthread.h
[3.929s] -- Looking for pthread.h - found
[3.929s] -- Performing Test CMAKE_HAVE_LIBC_PTHREAD
[4.558s] -- Performing Test CMAKE_HAVE_LIBC_PTHREAD - Failed
[4.558s] -- Looking for pthread_create in pthreads
[5.135s] -- Looking for pthread_create in pthreads - not found
[5.135s] -- Looking for pthread_create in pthread
[5.601s] -- Looking for pthread_create in pthread - found
[5.602s] -- Found Threads: TRUE  
[6.260s] -- Found rclcpp_components: 2.3.1 (/opt/ros/foxy/share/rclcpp_components/cmake)
[7.415s] -- Found sensor_msgs: 2.0.4 (/opt/ros/foxy/share/sensor_msgs/cmake)
[8.100s] -- Found OpenCV: /usr (found version "4.2.0") 
[8.101s] -- Found techman_robot_msgs: 0.0.0 (/home/gy/Omron_TM_ROS2/install/techman_robot_msgs/share/techman_robot_msgs/cmake)
[8.162s] -- Found ament_lint_auto: 0.9.6 (/opt/ros/foxy/share/ament_lint_auto/cmake)
[8.415s] -- Added test 'copyright' to check source files copyright and LICENSE
[8.419s] -- Added test 'cppcheck' to perform static code analysis on C / C++ code
[8.420s] -- Configured cppcheck include dirs: 
[8.420s] -- Configured cppcheck exclude dirs and/or files: 
[8.424s] -- Added test 'cpplint' to check C / C++ code against the Google style
[8.424s] -- Configured cpplint exclude dirs and/or files: 
[8.425s] -- Added test 'lint_cmake' to check CMake code style
[8.429s] -- Added test 'uncrustify' to check C / C++ code style
[8.429s] -- Configured uncrustify additional arguments: 
[8.429s] -- Added test 'xmllint' to check XML markup files
[8.440s] -- Configuring done
[8.493s] -- Generating done
[8.498s] -- Build files have been written to: /home/gy/Omron_TM_ROS2/build/custom_package
[8.530s] Invoked command in '/home/gy/Omron_TM_ROS2/build/custom_package' returned '0': CMAKE_PREFIX_PATH=/home/gy/Omron_TM_ROS2/install/techman_robot_msgs:/home/gy/Omron_TM_ROS2/install/tmr_mod_urdf:/home/gy/Omron_TM_ROS2/install/tm_get_status:/home/gy/Omron_TM_ROS2/install/rviz_tm:/home/gy/Omron_TM_ROS2/install/pickplace:/opt/ros/foxy:/home/gy/Omron_TM_ROS2/install/tm_description:/home/gy/Omron_TM_ROS2/install/ui_for_debug_and_demo:/home/gy/Omron_TM_ROS2/install/tmr_driver:/home/gy/Omron_TM_ROS2/install/tmrlib:/home/gy/Omron_TM_ROS2/install/tmr_msgs:/home/gy/Omron_TM_ROS2/install/tmr_moveit_cpp_demo:/home/gy/Omron_TM_ROS2/install/tmr_moveit_config_tm5-900:/home/gy/Omron_TM_ROS2/install/tmr_description:/home/gy/Omron_TM_ROS2/install/tm_driver:/home/gy/Omron_TM_ROS2/install/demo:/home/gy/Omron_TM_ROS2/install/tm_msgs:/home/gy/Omron_TM_ROS2/install/custom_package LD_LIBRARY_PATH=/home/gy/Omron_TM_ROS2/install/techman_robot_msgs/lib:/home/gy/Omron_TM_ROS2/install/tmrlib/lib:/home/gy/Omron_TM_ROS2/install/tmr_msgs/lib:/home/gy/Omron_TM_ROS2/install/tm_msgs/lib:/opt/ros/foxy/opt/yaml_cpp_vendor/lib:/opt/ros/foxy/opt/rviz_ogre_vendor/lib:/opt/ros/foxy/lib/x86_64-linux-gnu:/opt/ros/foxy/lib PYTHONPATH=/home/gy/Omron_TM_ROS2/install/techman_robot_msgs/lib/python3.8/site-packages:/home/gy/Omron_TM_ROS2/install/tmr_msgs/lib/python3.8/site-packages:/home/gy/Omron_TM_ROS2/install/tmr_mod_urdf/lib/python3.8/site-packages:/home/gy/Omron_TM_ROS2/install/tm_msgs/lib/python3.8/site-packages:/home/gy/Omron_TM_ROS2/install/tm_get_status/lib/python3.8/site-packages:/home/gy/Omron_TM_ROS2/build/rviz_tm:/home/gy/Omron_TM_ROS2/install/rviz_tm/lib/python3.8/site-packages:/home/gy/Omron_TM_ROS2/build/pickplace:/home/gy/Omron_TM_ROS2/install/pickplace/lib/python3.8/site-packages:/opt/ros/foxy/lib/python3.8/site-packages /usr/bin/cmake /home/gy/Omron_TM_ROS2/custom_package -DCMAKE_INSTALL_PREFIX=/home/gy/Omron_TM_ROS2/install/custom_package
[8.538s] Invoking command in '/home/gy/Omron_TM_ROS2/build/custom_package': CMAKE_PREFIX_PATH=/home/gy/Omron_TM_ROS2/install/techman_robot_msgs:/home/gy/Omron_TM_ROS2/install/tmr_mod_urdf:/home/gy/Omron_TM_ROS2/install/tm_get_status:/home/gy/Omron_TM_ROS2/install/rviz_tm:/home/gy/Omron_TM_ROS2/install/pickplace:/opt/ros/foxy:/home/gy/Omron_TM_ROS2/install/tm_description:/home/gy/Omron_TM_ROS2/install/ui_for_debug_and_demo:/home/gy/Omron_TM_ROS2/install/tmr_driver:/home/gy/Omron_TM_ROS2/install/tmrlib:/home/gy/Omron_TM_ROS2/install/tmr_msgs:/home/gy/Omron_TM_ROS2/install/tmr_moveit_cpp_demo:/home/gy/Omron_TM_ROS2/install/tmr_moveit_config_tm5-900:/home/gy/Omron_TM_ROS2/install/tmr_description:/home/gy/Omron_TM_ROS2/install/tm_driver:/home/gy/Omron_TM_ROS2/install/demo:/home/gy/Omron_TM_ROS2/install/tm_msgs:/home/gy/Omron_TM_ROS2/install/custom_package LD_LIBRARY_PATH=/home/gy/Omron_TM_ROS2/install/techman_robot_msgs/lib:/home/gy/Omron_TM_ROS2/install/tmrlib/lib:/home/gy/Omron_TM_ROS2/install/tmr_msgs/lib:/home/gy/Omron_TM_ROS2/install/tm_msgs/lib:/opt/ros/foxy/opt/yaml_cpp_vendor/lib:/opt/ros/foxy/opt/rviz_ogre_vendor/lib:/opt/ros/foxy/lib/x86_64-linux-gnu:/opt/ros/foxy/lib PYTHONPATH=/home/gy/Omron_TM_ROS2/install/techman_robot_msgs/lib/python3.8/site-packages:/home/gy/Omron_TM_ROS2/install/tmr_msgs/lib/python3.8/site-packages:/home/gy/Omron_TM_ROS2/install/tmr_mod_urdf/lib/python3.8/site-packages:/home/gy/Omron_TM_ROS2/install/tm_msgs/lib/python3.8/site-packages:/home/gy/Omron_TM_ROS2/install/tm_get_status/lib/python3.8/site-packages:/home/gy/Omron_TM_ROS2/build/rviz_tm:/home/gy/Omron_TM_ROS2/install/rviz_tm/lib/python3.8/site-packages:/home/gy/Omron_TM_ROS2/build/pickplace:/home/gy/Omron_TM_ROS2/install/pickplace/lib/python3.8/site-packages:/opt/ros/foxy/lib/python3.8/site-packages /usr/bin/cmake --build /home/gy/Omron_TM_ROS2/build/custom_package -- -j3 -l3
[8.680s] [35m[1mScanning dependencies of target sub_img[0m
[11.108s] [ 25%] [32mBuilding CXX object CMakeFiles/sub_img.dir/src/sub_img.cpp.o[0m
[27.830s] [ 50%] [32m[1mLinking CXX executable sub_img[0m
[32.865s] [ 50%] Built target sub_img
[32.929s] [35m[1mScanning dependencies of target tm_send_command[0m
[33.121s] [ 75%] [32mBuilding CXX object CMakeFiles/tm_send_command.dir/src/send_command.cpp.o[0m
[40.693s] [100%] [32m[1mLinking CXX executable tm_send_command[0m
[41.110s] [100%] Built target tm_send_command
[41.193s] Invoked command in '/home/gy/Omron_TM_ROS2/build/custom_package' returned '0': CMAKE_PREFIX_PATH=/home/gy/Omron_TM_ROS2/install/techman_robot_msgs:/home/gy/Omron_TM_ROS2/install/tmr_mod_urdf:/home/gy/Omron_TM_ROS2/install/tm_get_status:/home/gy/Omron_TM_ROS2/install/rviz_tm:/home/gy/Omron_TM_ROS2/install/pickplace:/opt/ros/foxy:/home/gy/Omron_TM_ROS2/install/tm_description:/home/gy/Omron_TM_ROS2/install/ui_for_debug_and_demo:/home/gy/Omron_TM_ROS2/install/tmr_driver:/home/gy/Omron_TM_ROS2/install/tmrlib:/home/gy/Omron_TM_ROS2/install/tmr_msgs:/home/gy/Omron_TM_ROS2/install/tmr_moveit_cpp_demo:/home/gy/Omron_TM_ROS2/install/tmr_moveit_config_tm5-900:/home/gy/Omron_TM_ROS2/install/tmr_description:/home/gy/Omron_TM_ROS2/install/tm_driver:/home/gy/Omron_TM_ROS2/install/demo:/home/gy/Omron_TM_ROS2/install/tm_msgs:/home/gy/Omron_TM_ROS2/install/custom_package LD_LIBRARY_PATH=/home/gy/Omron_TM_ROS2/install/techman_robot_msgs/lib:/home/gy/Omron_TM_ROS2/install/tmrlib/lib:/home/gy/Omron_TM_ROS2/install/tmr_msgs/lib:/home/gy/Omron_TM_ROS2/install/tm_msgs/lib:/opt/ros/foxy/opt/yaml_cpp_vendor/lib:/opt/ros/foxy/opt/rviz_ogre_vendor/lib:/opt/ros/foxy/lib/x86_64-linux-gnu:/opt/ros/foxy/lib PYTHONPATH=/home/gy/Omron_TM_ROS2/install/techman_robot_msgs/lib/python3.8/site-packages:/home/gy/Omron_TM_ROS2/install/tmr_msgs/lib/python3.8/site-packages:/home/gy/Omron_TM_ROS2/install/tmr_mod_urdf/lib/python3.8/site-packages:/home/gy/Omron_TM_ROS2/install/tm_msgs/lib/python3.8/site-packages:/home/gy/Omron_TM_ROS2/install/tm_get_status/lib/python3.8/site-packages:/home/gy/Omron_TM_ROS2/build/rviz_tm:/home/gy/Omron_TM_ROS2/install/rviz_tm/lib/python3.8/site-packages:/home/gy/Omron_TM_ROS2/build/pickplace:/home/gy/Omron_TM_ROS2/install/pickplace/lib/python3.8/site-packages:/opt/ros/foxy/lib/python3.8/site-packages /usr/bin/cmake --build /home/gy/Omron_TM_ROS2/build/custom_package -- -j3 -l3
[41.220s] Invoking command in '/home/gy/Omron_TM_ROS2/build/custom_package': CMAKE_PREFIX_PATH=/home/gy/Omron_TM_ROS2/install/techman_robot_msgs:/home/gy/Omron_TM_ROS2/install/tmr_mod_urdf:/home/gy/Omron_TM_ROS2/install/tm_get_status:/home/gy/Omron_TM_ROS2/install/rviz_tm:/home/gy/Omron_TM_ROS2/install/pickplace:/opt/ros/foxy:/home/gy/Omron_TM_ROS2/install/tm_description:/home/gy/Omron_TM_ROS2/install/ui_for_debug_and_demo:/home/gy/Omron_TM_ROS2/install/tmr_driver:/home/gy/Omron_TM_ROS2/install/tmrlib:/home/gy/Omron_TM_ROS2/install/tmr_msgs:/home/gy/Omron_TM_ROS2/install/tmr_moveit_cpp_demo:/home/gy/Omron_TM_ROS2/install/tmr_moveit_config_tm5-900:/home/gy/Omron_TM_ROS2/install/tmr_description:/home/gy/Omron_TM_ROS2/install/tm_driver:/home/gy/Omron_TM_ROS2/install/demo:/home/gy/Omron_TM_ROS2/install/tm_msgs:/home/gy/Omron_TM_ROS2/install/custom_package LD_LIBRARY_PATH=/home/gy/Omron_TM_ROS2/install/techman_robot_msgs/lib:/home/gy/Omron_TM_ROS2/install/tmrlib/lib:/home/gy/Omron_TM_ROS2/install/tmr_msgs/lib:/home/gy/Omron_TM_ROS2/install/tm_msgs/lib:/opt/ros/foxy/opt/yaml_cpp_vendor/lib:/opt/ros/foxy/opt/rviz_ogre_vendor/lib:/opt/ros/foxy/lib/x86_64-linux-gnu:/opt/ros/foxy/lib PYTHONPATH=/home/gy/Omron_TM_ROS2/install/techman_robot_msgs/lib/python3.8/site-packages:/home/gy/Omron_TM_ROS2/install/tmr_msgs/lib/python3.8/site-packages:/home/gy/Omron_TM_ROS2/install/tmr_mod_urdf/lib/python3.8/site-packages:/home/gy/Omron_TM_ROS2/install/tm_msgs/lib/python3.8/site-packages:/home/gy/Omron_TM_ROS2/install/tm_get_status/lib/python3.8/site-packages:/home/gy/Omron_TM_ROS2/build/rviz_tm:/home/gy/Omron_TM_ROS2/install/rviz_tm/lib/python3.8/site-packages:/home/gy/Omron_TM_ROS2/build/pickplace:/home/gy/Omron_TM_ROS2/install/pickplace/lib/python3.8/site-packages:/opt/ros/foxy/lib/python3.8/site-packages /usr/bin/cmake --install /home/gy/Omron_TM_ROS2/build/custom_package
[41.234s] -- Install configuration: ""
[41.234s] -- Installing: /home/gy/Omron_TM_ROS2/install/custom_package/lib/custom_package/tm_send_command
[41.236s] -- Set runtime path of "/home/gy/Omron_TM_ROS2/install/custom_package/lib/custom_package/tm_send_command" to ""
[41.236s] -- Installing: /home/gy/Omron_TM_ROS2/install/custom_package/lib/custom_package/sub_img
[41.240s] -- Set runtime path of "/home/gy/Omron_TM_ROS2/install/custom_package/lib/custom_package/sub_img" to ""
[41.242s] -- Installing: /home/gy/Omron_TM_ROS2/install/custom_package/share/custom_package/image
[41.242s] -- Installing: /home/gy/Omron_TM_ROS2/install/custom_package/share/custom_package/image/techman_robot.jpg
[41.256s] -- Installing: /home/gy/Omron_TM_ROS2/install/custom_package/share/ament_index/resource_index/package_run_dependencies/custom_package
[41.280s] -- Installing: /home/gy/Omron_TM_ROS2/install/custom_package/share/ament_index/resource_index/parent_prefix_path/custom_package
[41.289s] -- Installing: /home/gy/Omron_TM_ROS2/install/custom_package/share/custom_package/environment/ament_prefix_path.sh
[41.305s] -- Installing: /home/gy/Omron_TM_ROS2/install/custom_package/share/custom_package/environment/ament_prefix_path.dsv
[41.324s] -- Installing: /home/gy/Omron_TM_ROS2/install/custom_package/share/custom_package/environment/path.sh
[41.326s] -- Installing: /home/gy/Omron_TM_ROS2/install/custom_package/share/custom_package/environment/path.dsv
[41.328s] -- Installing: /home/gy/Omron_TM_ROS2/install/custom_package/share/custom_package/local_setup.bash
[41.340s] -- Installing: /home/gy/Omron_TM_ROS2/install/custom_package/share/custom_package/local_setup.sh
[41.343s] -- Installing: /home/gy/Omron_TM_ROS2/install/custom_package/share/custom_package/local_setup.zsh
[41.344s] -- Installing: /home/gy/Omron_TM_ROS2/install/custom_package/share/custom_package/local_setup.dsv
[41.346s] -- Installing: /home/gy/Omron_TM_ROS2/install/custom_package/share/custom_package/package.dsv
[41.348s] -- Installing: /home/gy/Omron_TM_ROS2/install/custom_package/share/ament_index/resource_index/packages/custom_package
[41.349s] -- Installing: /home/gy/Omron_TM_ROS2/install/custom_package/share/custom_package/cmake/custom_packageConfig.cmake
[41.352s] -- Installing: /home/gy/Omron_TM_ROS2/install/custom_package/share/custom_package/cmake/custom_packageConfig-version.cmake
[41.365s] -- Installing: /home/gy/Omron_TM_ROS2/install/custom_package/share/custom_package/package.xml
[41.373s] Invoked command in '/home/gy/Omron_TM_ROS2/build/custom_package' returned '0': CMAKE_PREFIX_PATH=/home/gy/Omron_TM_ROS2/install/techman_robot_msgs:/home/gy/Omron_TM_ROS2/install/tmr_mod_urdf:/home/gy/Omron_TM_ROS2/install/tm_get_status:/home/gy/Omron_TM_ROS2/install/rviz_tm:/home/gy/Omron_TM_ROS2/install/pickplace:/opt/ros/foxy:/home/gy/Omron_TM_ROS2/install/tm_description:/home/gy/Omron_TM_ROS2/install/ui_for_debug_and_demo:/home/gy/Omron_TM_ROS2/install/tmr_driver:/home/gy/Omron_TM_ROS2/install/tmrlib:/home/gy/Omron_TM_ROS2/install/tmr_msgs:/home/gy/Omron_TM_ROS2/install/tmr_moveit_cpp_demo:/home/gy/Omron_TM_ROS2/install/tmr_moveit_config_tm5-900:/home/gy/Omron_TM_ROS2/install/tmr_description:/home/gy/Omron_TM_ROS2/install/tm_driver:/home/gy/Omron_TM_ROS2/install/demo:/home/gy/Omron_TM_ROS2/install/tm_msgs:/home/gy/Omron_TM_ROS2/install/custom_package LD_LIBRARY_PATH=/home/gy/Omron_TM_ROS2/install/techman_robot_msgs/lib:/home/gy/Omron_TM_ROS2/install/tmrlib/lib:/home/gy/Omron_TM_ROS2/install/tmr_msgs/lib:/home/gy/Omron_TM_ROS2/install/tm_msgs/lib:/opt/ros/foxy/opt/yaml_cpp_vendor/lib:/opt/ros/foxy/opt/rviz_ogre_vendor/lib:/opt/ros/foxy/lib/x86_64-linux-gnu:/opt/ros/foxy/lib PYTHONPATH=/home/gy/Omron_TM_ROS2/install/techman_robot_msgs/lib/python3.8/site-packages:/home/gy/Omron_TM_ROS2/install/tmr_msgs/lib/python3.8/site-packages:/home/gy/Omron_TM_ROS2/install/tmr_mod_urdf/lib/python3.8/site-packages:/home/gy/Omron_TM_ROS2/install/tm_msgs/lib/python3.8/site-packages:/home/gy/Omron_TM_ROS2/install/tm_get_status/lib/python3.8/site-packages:/home/gy/Omron_TM_ROS2/build/rviz_tm:/home/gy/Omron_TM_ROS2/install/rviz_tm/lib/python3.8/site-packages:/home/gy/Omron_TM_ROS2/build/pickplace:/home/gy/Omron_TM_ROS2/install/pickplace/lib/python3.8/site-packages:/opt/ros/foxy/lib/python3.8/site-packages /usr/bin/cmake --install /home/gy/Omron_TM_ROS2/build/custom_package
