[0.051s] Invoking command in '/home/gy/Omron_TM_ROS2/build/tm_msgs': CMAKE_PREFIX_PATH=${CMAKE_PREFIX_PATH}:/home/gy/Omron_TM_ROS2/install/tmr_mod_urdf:/home/gy/Omron_TM_ROS2/install/tm_get_status:/home/gy/Omron_TM_ROS2/install/rviz_tm:/home/gy/Omron_TM_ROS2/install/pickplace:/opt/ros/foxy /usr/bin/cmake /home/gy/Omron_TM_ROS2/tm_msgs -DCMAKE_INSTALL_PREFIX=/home/gy/Omron_TM_ROS2/install/tm_msgs
[0.253s] -- The C compiler identification is GNU 9.3.0
[0.391s] -- The CXX compiler identification is GNU 9.3.0
[0.408s] -- Check for working C compiler: /usr/bin/cc
[0.643s] -- Check for working C compiler: /usr/bin/cc -- works
[0.648s] -- Detecting C compiler ABI info
[0.878s] -- Detecting C compiler ABI info - done
[0.928s] -- Detecting C compile features
[0.929s] -- Detecting C compile features - done
[0.944s] -- Check for working CXX compiler: /usr/bin/c++
[1.190s] -- Check for working CXX compiler: /usr/bin/c++ -- works
[1.192s] -- Detecting CXX compiler ABI info
[1.510s] -- Detecting CXX compiler ABI info - done
[1.587s] -- Detecting CXX compile features
[1.587s] -- Detecting CXX compile features - done
[1.589s] -- Found ament_cmake: 0.9.8 (/opt/ros/foxy/share/ament_cmake/cmake)
[1.696s] -- Found PythonInterp: /usr/bin/python3 (found suitable version "3.8.5", minimum required is "3") 
[1.696s] -- Using PYTHON_EXECUTABLE: /usr/bin/python3
[2.460s] -- Found std_msgs: 2.0.4 (/opt/ros/foxy/share/std_msgs/cmake)
[2.538s] -- Using all available rosidl_typesupport_c: rosidl_typesupport_fastrtps_c;rosidl_typesupport_introspection_c
[2.554s] -- Found rosidl_adapter: 1.2.1 (/opt/ros/foxy/share/rosidl_adapter/cmake)
[2.831s] -- Found OpenSSL: /usr/lib/x86_64-linux-gnu/libcrypto.so (found version "1.1.1f")  
[2.893s] -- Found FastRTPS: /opt/ros/foxy/include  
[3.156s] -- Using all available rosidl_typesupport_cpp: rosidl_typesupport_fastrtps_cpp;rosidl_typesupport_introspection_cpp
[3.344s] -- Found rosidl_default_generators: 1.0.1 (/opt/ros/foxy/share/rosidl_default_generators/cmake)
[3.432s] -- Found PythonInterp: /usr/bin/python3 (found version "3.8.5") 
[4.264s] -- Found ament_cmake_ros: 0.9.1 (/opt/ros/foxy/share/ament_cmake_ros/cmake)
[5.109s] -- Using all available rosidl_typesupport_c: rosidl_typesupport_fastrtps_c;rosidl_typesupport_introspection_c
[5.571s] -- Using all available rosidl_typesupport_cpp: rosidl_typesupport_fastrtps_cpp;rosidl_typesupport_introspection_cpp
[5.643s] -- Found PythonInterp: /usr/bin/python3 (found suitable version "3.8.5", minimum required is "3.5") 
[5.653s] -- Found python_cmake_module: 0.8.1 (/opt/ros/foxy/share/python_cmake_module/cmake)
[5.711s] -- Found PythonLibs: /usr/lib/x86_64-linux-gnu/libpython3.8.so (found suitable version "3.8.5", minimum required is "3.5") 
[5.713s] -- Using PYTHON_EXECUTABLE: /usr/bin/python3
[5.713s] -- Using PYTHON_INCLUDE_DIRS: /usr/include/python3.8
[5.714s] -- Using PYTHON_LIBRARIES: /usr/lib/x86_64-linux-gnu/libpython3.8.so
[5.780s] -- Found PythonExtra: .so  
[6.053s] -- Configuring done
[6.653s] -- Generating done
[6.669s] -- Build files have been written to: /home/gy/Omron_TM_ROS2/build/tm_msgs
[6.709s] Invoked command in '/home/gy/Omron_TM_ROS2/build/tm_msgs' returned '0': CMAKE_PREFIX_PATH=${CMAKE_PREFIX_PATH}:/home/gy/Omron_TM_ROS2/install/tmr_mod_urdf:/home/gy/Omron_TM_ROS2/install/tm_get_status:/home/gy/Omron_TM_ROS2/install/rviz_tm:/home/gy/Omron_TM_ROS2/install/pickplace:/opt/ros/foxy /usr/bin/cmake /home/gy/Omron_TM_ROS2/tm_msgs -DCMAKE_INSTALL_PREFIX=/home/gy/Omron_TM_ROS2/install/tm_msgs
[6.710s] Invoking command in '/home/gy/Omron_TM_ROS2/build/tm_msgs': CMAKE_PREFIX_PATH=${CMAKE_PREFIX_PATH}:/home/gy/Omron_TM_ROS2/install/tmr_mod_urdf:/home/gy/Omron_TM_ROS2/install/tm_get_status:/home/gy/Omron_TM_ROS2/install/rviz_tm:/home/gy/Omron_TM_ROS2/install/pickplace:/opt/ros/foxy /usr/bin/cmake --build /home/gy/Omron_TM_ROS2/build/tm_msgs -- -j3 -l3
[6.985s] [  1%] [34m[1mGenerating C code for ROS interfaces[0m
[6.989s] [35m[1mScanning dependencies of target tm_msgs__cpp[0m
[7.053s] [  1%] [34m[1mGenerating C++ code for ROS interfaces[0m
[19.630s] [  1%] Built target tm_msgs__cpp
[19.743s] [35m[1mScanning dependencies of target tm_msgs__rosidl_generator_c[0m
[19.815s] [  2%] [32mBuilding C object CMakeFiles/tm_msgs__rosidl_generator_c.dir/rosidl_generator_c/tm_msgs/msg/detail/feedback_state__functions.c.o[0m
[19.964s] [  3%] [32mBuilding C object CMakeFiles/tm_msgs__rosidl_generator_c.dir/rosidl_generator_c/tm_msgs/msg/detail/svr_response__functions.c.o[0m
[20.152s] [  3%] [32mBuilding C object CMakeFiles/tm_msgs__rosidl_generator_c.dir/rosidl_generator_c/tm_msgs/msg/detail/sct_response__functions.c.o[0m
[20.372s] [  4%] [32mBuilding C object CMakeFiles/tm_msgs__rosidl_generator_c.dir/rosidl_generator_c/tm_msgs/msg/detail/sta_response__functions.c.o[0m
[20.582s] [  5%] [32mBuilding C object CMakeFiles/tm_msgs__rosidl_generator_c.dir/rosidl_generator_c/tm_msgs/srv/detail/connect_tm__functions.c.o[0m
[20.789s] [  6%] [32mBuilding C object CMakeFiles/tm_msgs__rosidl_generator_c.dir/rosidl_generator_c/tm_msgs/srv/detail/write_item__functions.c.o[0m
[20.895s] [  7%] [32mBuilding C object CMakeFiles/tm_msgs__rosidl_generator_c.dir/rosidl_generator_c/tm_msgs/srv/detail/ask_item__functions.c.o[0m
[21.036s] [  8%] [32mBuilding C object CMakeFiles/tm_msgs__rosidl_generator_c.dir/rosidl_generator_c/tm_msgs/srv/detail/send_script__functions.c.o[0m
[21.202s] [  9%] [32mBuilding C object CMakeFiles/tm_msgs__rosidl_generator_c.dir/rosidl_generator_c/tm_msgs/srv/detail/set_event__functions.c.o[0m
[21.487s] [  9%] [32mBuilding C object CMakeFiles/tm_msgs__rosidl_generator_c.dir/rosidl_generator_c/tm_msgs/srv/detail/set_io__functions.c.o[0m
[21.672s] [ 10%] [32mBuilding C object CMakeFiles/tm_msgs__rosidl_generator_c.dir/rosidl_generator_c/tm_msgs/srv/detail/set_positions__functions.c.o[0m
[21.820s] [ 11%] [32mBuilding C object CMakeFiles/tm_msgs__rosidl_generator_c.dir/rosidl_generator_c/tm_msgs/srv/detail/ask_sta__functions.c.o[0m
[22.013s] [ 12%] [32m[1mLinking C shared library libtm_msgs__rosidl_generator_c.so[0m
[22.158s] [ 12%] Built target tm_msgs__rosidl_generator_c
[22.210s] [ 13%] [34m[1mGenerating C++ introspection for ROS interfaces[0m
[27.974s] [35m[1mScanning dependencies of target tm_msgs__rosidl_typesupport_introspection_cpp[0m
[28.039s] [ 13%] [32mBuilding CXX object CMakeFiles/tm_msgs__rosidl_typesupport_introspection_cpp.dir/rosidl_typesupport_introspection_cpp/tm_msgs/msg/detail/feedback_state__type_support.cpp.o[0m
[29.437s] [ 14%] [32mBuilding CXX object CMakeFiles/tm_msgs__rosidl_typesupport_introspection_cpp.dir/rosidl_typesupport_introspection_cpp/tm_msgs/msg/detail/svr_response__type_support.cpp.o[0m
[30.307s] [ 15%] [32mBuilding CXX object CMakeFiles/tm_msgs__rosidl_typesupport_introspection_cpp.dir/rosidl_typesupport_introspection_cpp/tm_msgs/msg/detail/sct_response__type_support.cpp.o[0m
[31.108s] [ 16%] [32mBuilding CXX object CMakeFiles/tm_msgs__rosidl_typesupport_introspection_cpp.dir/rosidl_typesupport_introspection_cpp/tm_msgs/msg/detail/sta_response__type_support.cpp.o[0m
[31.866s] [ 17%] [32mBuilding CXX object CMakeFiles/tm_msgs__rosidl_typesupport_introspection_cpp.dir/rosidl_typesupport_introspection_cpp/tm_msgs/srv/detail/connect_tm__type_support.cpp.o[0m
[32.786s] [ 18%] [32mBuilding CXX object CMakeFiles/tm_msgs__rosidl_typesupport_introspection_cpp.dir/rosidl_typesupport_introspection_cpp/tm_msgs/srv/detail/write_item__type_support.cpp.o[0m
[33.743s] [ 18%] [32mBuilding CXX object CMakeFiles/tm_msgs__rosidl_typesupport_introspection_cpp.dir/rosidl_typesupport_introspection_cpp/tm_msgs/srv/detail/ask_item__type_support.cpp.o[0m
[34.734s] [ 19%] [32mBuilding CXX object CMakeFiles/tm_msgs__rosidl_typesupport_introspection_cpp.dir/rosidl_typesupport_introspection_cpp/tm_msgs/srv/detail/send_script__type_support.cpp.o[0m
[35.676s] [ 20%] [32mBuilding CXX object CMakeFiles/tm_msgs__rosidl_typesupport_introspection_cpp.dir/rosidl_typesupport_introspection_cpp/tm_msgs/srv/detail/set_event__type_support.cpp.o[0m
[36.739s] [ 21%] [32mBuilding CXX object CMakeFiles/tm_msgs__rosidl_typesupport_introspection_cpp.dir/rosidl_typesupport_introspection_cpp/tm_msgs/srv/detail/set_io__type_support.cpp.o[0m
[37.760s] [ 22%] [32mBuilding CXX object CMakeFiles/tm_msgs__rosidl_typesupport_introspection_cpp.dir/rosidl_typesupport_introspection_cpp/tm_msgs/srv/detail/set_positions__type_support.cpp.o[0m
[38.815s] [ 23%] [32mBuilding CXX object CMakeFiles/tm_msgs__rosidl_typesupport_introspection_cpp.dir/rosidl_typesupport_introspection_cpp/tm_msgs/srv/detail/ask_sta__type_support.cpp.o[0m
[39.854s] [ 24%] [32m[1mLinking CXX shared library libtm_msgs__rosidl_typesupport_introspection_cpp.so[0m
[40.151s] [ 24%] Built target tm_msgs__rosidl_typesupport_introspection_cpp
[40.222s] [ 25%] [34m[1mGenerating C++ type support dispatch for ROS interfaces[0m
[45.436s] [35m[1mScanning dependencies of target tm_msgs__rosidl_typesupport_cpp[0m
[45.482s] [ 26%] [32mBuilding CXX object CMakeFiles/tm_msgs__rosidl_typesupport_cpp.dir/rosidl_typesupport_cpp/tm_msgs/msg/feedback_state__type_support.cpp.o[0m
[46.407s] [ 27%] [32mBuilding CXX object CMakeFiles/tm_msgs__rosidl_typesupport_cpp.dir/rosidl_typesupport_cpp/tm_msgs/msg/svr_response__type_support.cpp.o[0m
[47.172s] [ 28%] [32mBuilding CXX object CMakeFiles/tm_msgs__rosidl_typesupport_cpp.dir/rosidl_typesupport_cpp/tm_msgs/msg/sct_response__type_support.cpp.o[0m
[48.088s] [ 29%] [32mBuilding CXX object CMakeFiles/tm_msgs__rosidl_typesupport_cpp.dir/rosidl_typesupport_cpp/tm_msgs/msg/sta_response__type_support.cpp.o[0m
[48.932s] [ 29%] [32mBuilding CXX object CMakeFiles/tm_msgs__rosidl_typesupport_cpp.dir/rosidl_typesupport_cpp/tm_msgs/srv/connect_tm__type_support.cpp.o[0m
[49.937s] [ 30%] [32mBuilding CXX object CMakeFiles/tm_msgs__rosidl_typesupport_cpp.dir/rosidl_typesupport_cpp/tm_msgs/srv/write_item__type_support.cpp.o[0m
[50.648s] [ 31%] [32mBuilding CXX object CMakeFiles/tm_msgs__rosidl_typesupport_cpp.dir/rosidl_typesupport_cpp/tm_msgs/srv/ask_item__type_support.cpp.o[0m
[51.579s] [ 32%] [32mBuilding CXX object CMakeFiles/tm_msgs__rosidl_typesupport_cpp.dir/rosidl_typesupport_cpp/tm_msgs/srv/send_script__type_support.cpp.o[0m
[52.527s] [ 33%] [32mBuilding CXX object CMakeFiles/tm_msgs__rosidl_typesupport_cpp.dir/rosidl_typesupport_cpp/tm_msgs/srv/set_event__type_support.cpp.o[0m
[53.299s] [ 34%] [32mBuilding CXX object CMakeFiles/tm_msgs__rosidl_typesupport_cpp.dir/rosidl_typesupport_cpp/tm_msgs/srv/set_io__type_support.cpp.o[0m
[54.048s] [ 34%] [32mBuilding CXX object CMakeFiles/tm_msgs__rosidl_typesupport_cpp.dir/rosidl_typesupport_cpp/tm_msgs/srv/set_positions__type_support.cpp.o[0m
[54.948s] [ 35%] [32mBuilding CXX object CMakeFiles/tm_msgs__rosidl_typesupport_cpp.dir/rosidl_typesupport_cpp/tm_msgs/srv/ask_sta__type_support.cpp.o[0m
[55.708s] [ 36%] [32m[1mLinking CXX shared library libtm_msgs__rosidl_typesupport_cpp.so[0m
[55.898s] [ 36%] Built target tm_msgs__rosidl_typesupport_cpp
[55.938s] [ 37%] [34m[1mGenerating C type support dispatch for ROS interfaces[0m
[60.109s] [35m[1mScanning dependencies of target tm_msgs__rosidl_typesupport_c[0m
[60.173s] [ 38%] [32mBuilding CXX object CMakeFiles/tm_msgs__rosidl_typesupport_c.dir/rosidl_typesupport_c/tm_msgs/msg/feedback_state__type_support.cpp.o[0m
[60.255s] [ 38%] [32mBuilding CXX object CMakeFiles/tm_msgs__rosidl_typesupport_c.dir/rosidl_typesupport_c/tm_msgs/msg/svr_response__type_support.cpp.o[0m
[60.397s] [ 39%] [32mBuilding CXX object CMakeFiles/tm_msgs__rosidl_typesupport_c.dir/rosidl_typesupport_c/tm_msgs/msg/sct_response__type_support.cpp.o[0m
[60.554s] [ 40%] [32mBuilding CXX object CMakeFiles/tm_msgs__rosidl_typesupport_c.dir/rosidl_typesupport_c/tm_msgs/msg/sta_response__type_support.cpp.o[0m
[60.752s] [ 41%] [32mBuilding CXX object CMakeFiles/tm_msgs__rosidl_typesupport_c.dir/rosidl_typesupport_c/tm_msgs/srv/connect_tm__type_support.cpp.o[0m
[60.881s] [ 42%] [32mBuilding CXX object CMakeFiles/tm_msgs__rosidl_typesupport_c.dir/rosidl_typesupport_c/tm_msgs/srv/write_item__type_support.cpp.o[0m
[60.992s] [ 43%] [32mBuilding CXX object CMakeFiles/tm_msgs__rosidl_typesupport_c.dir/rosidl_typesupport_c/tm_msgs/srv/ask_item__type_support.cpp.o[0m
[61.141s] [ 43%] [32mBuilding CXX object CMakeFiles/tm_msgs__rosidl_typesupport_c.dir/rosidl_typesupport_c/tm_msgs/srv/send_script__type_support.cpp.o[0m
[61.268s] [ 44%] [32mBuilding CXX object CMakeFiles/tm_msgs__rosidl_typesupport_c.dir/rosidl_typesupport_c/tm_msgs/srv/set_event__type_support.cpp.o[0m
[61.355s] [ 45%] [32mBuilding CXX object CMakeFiles/tm_msgs__rosidl_typesupport_c.dir/rosidl_typesupport_c/tm_msgs/srv/set_io__type_support.cpp.o[0m
[61.485s] [ 46%] [32mBuilding CXX object CMakeFiles/tm_msgs__rosidl_typesupport_c.dir/rosidl_typesupport_c/tm_msgs/srv/set_positions__type_support.cpp.o[0m
[61.611s] [ 47%] [32mBuilding CXX object CMakeFiles/tm_msgs__rosidl_typesupport_c.dir/rosidl_typesupport_c/tm_msgs/srv/ask_sta__type_support.cpp.o[0m
[61.735s] [ 48%] [32m[1mLinking CXX shared library libtm_msgs__rosidl_typesupport_c.so[0m
[61.901s] [ 48%] Built target tm_msgs__rosidl_typesupport_c
[61.941s] [ 49%] [34m[1mGenerating C introspection for ROS interfaces[0m
[68.380s] [35m[1mScanning dependencies of target tm_msgs__rosidl_typesupport_introspection_c[0m
[68.449s] [ 50%] [32mBuilding C object CMakeFiles/tm_msgs__rosidl_typesupport_introspection_c.dir/rosidl_typesupport_introspection_c/tm_msgs/msg/detail/feedback_state__type_support.c.o[0m
[68.533s] [ 51%] [32mBuilding C object CMakeFiles/tm_msgs__rosidl_typesupport_introspection_c.dir/rosidl_typesupport_introspection_c/tm_msgs/msg/detail/svr_response__type_support.c.o[0m
[68.647s] [ 52%] [32mBuilding C object CMakeFiles/tm_msgs__rosidl_typesupport_introspection_c.dir/rosidl_typesupport_introspection_c/tm_msgs/msg/detail/sct_response__type_support.c.o[0m
[68.730s] [ 52%] [32mBuilding C object CMakeFiles/tm_msgs__rosidl_typesupport_introspection_c.dir/rosidl_typesupport_introspection_c/tm_msgs/msg/detail/sta_response__type_support.c.o[0m
[68.803s] [ 53%] [32mBuilding C object CMakeFiles/tm_msgs__rosidl_typesupport_introspection_c.dir/rosidl_typesupport_introspection_c/tm_msgs/srv/detail/connect_tm__type_support.c.o[0m
[68.919s] [ 54%] [32mBuilding C object CMakeFiles/tm_msgs__rosidl_typesupport_introspection_c.dir/rosidl_typesupport_introspection_c/tm_msgs/srv/detail/write_item__type_support.c.o[0m
[69.022s] [ 55%] [32mBuilding C object CMakeFiles/tm_msgs__rosidl_typesupport_introspection_c.dir/rosidl_typesupport_introspection_c/tm_msgs/srv/detail/ask_item__type_support.c.o[0m
[69.074s] [ 56%] [32mBuilding C object CMakeFiles/tm_msgs__rosidl_typesupport_introspection_c.dir/rosidl_typesupport_introspection_c/tm_msgs/srv/detail/send_script__type_support.c.o[0m
[69.191s] [ 57%] [32mBuilding C object CMakeFiles/tm_msgs__rosidl_typesupport_introspection_c.dir/rosidl_typesupport_introspection_c/tm_msgs/srv/detail/set_event__type_support.c.o[0m
[69.276s] [ 58%] [32mBuilding C object CMakeFiles/tm_msgs__rosidl_typesupport_introspection_c.dir/rosidl_typesupport_introspection_c/tm_msgs/srv/detail/set_io__type_support.c.o[0m
[69.363s] [ 58%] [32mBuilding C object CMakeFiles/tm_msgs__rosidl_typesupport_introspection_c.dir/rosidl_typesupport_introspection_c/tm_msgs/srv/detail/set_positions__type_support.c.o[0m
[69.530s] [ 59%] [32mBuilding C object CMakeFiles/tm_msgs__rosidl_typesupport_introspection_c.dir/rosidl_typesupport_introspection_c/tm_msgs/srv/detail/ask_sta__type_support.c.o[0m
[69.673s] [ 60%] [32m[1mLinking C shared library libtm_msgs__rosidl_typesupport_introspection_c.so[0m
[69.809s] [ 60%] Built target tm_msgs__rosidl_typesupport_introspection_c
[69.851s] [ 60%] [34m[1mGenerating C++ type support for eProsima Fast-RTPS[0m
[77.528s] [35m[1mScanning dependencies of target tm_msgs__rosidl_typesupport_fastrtps_cpp[0m
[77.601s] [ 61%] [32mBuilding CXX object CMakeFiles/tm_msgs__rosidl_typesupport_fastrtps_cpp.dir/rosidl_typesupport_fastrtps_cpp/tm_msgs/msg/detail/dds_fastrtps/feedback_state__type_support.cpp.o[0m
[79.461s] [ 62%] [32mBuilding CXX object CMakeFiles/tm_msgs__rosidl_typesupport_fastrtps_cpp.dir/rosidl_typesupport_fastrtps_cpp/tm_msgs/msg/detail/dds_fastrtps/sct_response__type_support.cpp.o[0m
[80.891s] [ 63%] [32mBuilding CXX object CMakeFiles/tm_msgs__rosidl_typesupport_fastrtps_cpp.dir/rosidl_typesupport_fastrtps_cpp/tm_msgs/msg/detail/dds_fastrtps/sta_response__type_support.cpp.o[0m
[82.301s] [ 64%] [32mBuilding CXX object CMakeFiles/tm_msgs__rosidl_typesupport_fastrtps_cpp.dir/rosidl_typesupport_fastrtps_cpp/tm_msgs/srv/detail/dds_fastrtps/connect_tm__type_support.cpp.o[0m
[83.534s] [ 64%] [32mBuilding CXX object CMakeFiles/tm_msgs__rosidl_typesupport_fastrtps_cpp.dir/rosidl_typesupport_fastrtps_cpp/tm_msgs/srv/detail/dds_fastrtps/write_item__type_support.cpp.o[0m
[85.113s] [ 65%] [32mBuilding CXX object CMakeFiles/tm_msgs__rosidl_typesupport_fastrtps_cpp.dir/rosidl_typesupport_fastrtps_cpp/tm_msgs/srv/detail/dds_fastrtps/ask_item__type_support.cpp.o[0m
[86.076s] [ 66%] [32mBuilding CXX object CMakeFiles/tm_msgs__rosidl_typesupport_fastrtps_cpp.dir/rosidl_typesupport_fastrtps_cpp/tm_msgs/srv/detail/dds_fastrtps/send_script__type_support.cpp.o[0m
[88.041s] [ 67%] [32mBuilding CXX object CMakeFiles/tm_msgs__rosidl_typesupport_fastrtps_cpp.dir/rosidl_typesupport_fastrtps_cpp/tm_msgs/srv/detail/dds_fastrtps/set_event__type_support.cpp.o[0m
[89.168s] [ 68%] [32mBuilding CXX object CMakeFiles/tm_msgs__rosidl_typesupport_fastrtps_cpp.dir/rosidl_typesupport_fastrtps_cpp/tm_msgs/srv/detail/dds_fastrtps/set_io__type_support.cpp.o[0m
[90.339s] [ 69%] [32mBuilding CXX object CMakeFiles/tm_msgs__rosidl_typesupport_fastrtps_cpp.dir/rosidl_typesupport_fastrtps_cpp/tm_msgs/srv/detail/dds_fastrtps/set_positions__type_support.cpp.o[0m
[92.202s] [ 69%] [32mBuilding CXX object CMakeFiles/tm_msgs__rosidl_typesupport_fastrtps_cpp.dir/rosidl_typesupport_fastrtps_cpp/tm_msgs/srv/detail/dds_fastrtps/ask_sta__type_support.cpp.o[0m
[93.621s] [ 70%] [32mBuilding CXX object CMakeFiles/tm_msgs__rosidl_typesupport_fastrtps_cpp.dir/rosidl_typesupport_fastrtps_cpp/tm_msgs/msg/detail/dds_fastrtps/svr_response__type_support.cpp.o[0m
[95.024s] [ 71%] [32m[1mLinking CXX shared library libtm_msgs__rosidl_typesupport_fastrtps_cpp.so[0m
[95.454s] [ 71%] Built target tm_msgs__rosidl_typesupport_fastrtps_cpp
[95.514s] [ 72%] [34m[1mGenerating C type support for eProsima Fast-RTPS[0m
[101.525s] [35m[1mScanning dependencies of target tm_msgs__rosidl_typesupport_fastrtps_c[0m
[101.641s] [ 73%] [32mBuilding CXX object CMakeFiles/tm_msgs__rosidl_typesupport_fastrtps_c.dir/rosidl_typesupport_fastrtps_c/tm_msgs/msg/detail/feedback_state__type_support_c.cpp.o[0m
[102.612s] [ 73%] [32mBuilding CXX object CMakeFiles/tm_msgs__rosidl_typesupport_fastrtps_c.dir/rosidl_typesupport_fastrtps_c/tm_msgs/msg/detail/sct_response__type_support_c.cpp.o[0m
[103.224s] [ 74%] [32mBuilding CXX object CMakeFiles/tm_msgs__rosidl_typesupport_fastrtps_c.dir/rosidl_typesupport_fastrtps_c/tm_msgs/msg/detail/sta_response__type_support_c.cpp.o[0m
[103.841s] [ 75%] [32mBuilding CXX object CMakeFiles/tm_msgs__rosidl_typesupport_fastrtps_c.dir/rosidl_typesupport_fastrtps_c/tm_msgs/srv/detail/connect_tm__type_support_c.cpp.o[0m
[104.580s] [ 76%] [32mBuilding CXX object CMakeFiles/tm_msgs__rosidl_typesupport_fastrtps_c.dir/rosidl_typesupport_fastrtps_c/tm_msgs/srv/detail/write_item__type_support_c.cpp.o[0m
[105.335s] [ 77%] [32mBuilding CXX object CMakeFiles/tm_msgs__rosidl_typesupport_fastrtps_c.dir/rosidl_typesupport_fastrtps_c/tm_msgs/srv/detail/ask_item__type_support_c.cpp.o[0m
[106.190s] [ 78%] [32mBuilding CXX object CMakeFiles/tm_msgs__rosidl_typesupport_fastrtps_c.dir/rosidl_typesupport_fastrtps_c/tm_msgs/srv/detail/send_script__type_support_c.cpp.o[0m
[107.063s] [ 78%] [32mBuilding CXX object CMakeFiles/tm_msgs__rosidl_typesupport_fastrtps_c.dir/rosidl_typesupport_fastrtps_c/tm_msgs/srv/detail/set_event__type_support_c.cpp.o[0m
[107.807s] [ 79%] [32mBuilding CXX object CMakeFiles/tm_msgs__rosidl_typesupport_fastrtps_c.dir/rosidl_typesupport_fastrtps_c/tm_msgs/srv/detail/set_io__type_support_c.cpp.o[0m
[108.678s] [ 80%] [32mBuilding CXX object CMakeFiles/tm_msgs__rosidl_typesupport_fastrtps_c.dir/rosidl_typesupport_fastrtps_c/tm_msgs/srv/detail/set_positions__type_support_c.cpp.o[0m
[109.656s] [ 81%] [32mBuilding CXX object CMakeFiles/tm_msgs__rosidl_typesupport_fastrtps_c.dir/rosidl_typesupport_fastrtps_c/tm_msgs/srv/detail/ask_sta__type_support_c.cpp.o[0m
[110.579s] [ 82%] [32mBuilding CXX object CMakeFiles/tm_msgs__rosidl_typesupport_fastrtps_c.dir/rosidl_typesupport_fastrtps_c/tm_msgs/msg/detail/svr_response__type_support_c.cpp.o[0m
[111.276s] [ 83%] [32m[1mLinking CXX shared library libtm_msgs__rosidl_typesupport_fastrtps_c.so[0m
[111.458s] [ 83%] Built target tm_msgs__rosidl_typesupport_fastrtps_c
[111.483s] [35m[1mScanning dependencies of target tm_msgs[0m
[111.528s] [ 83%] Built target tm_msgs
[111.572s] [35m[1mScanning dependencies of target tm_msgs__py[0m
[111.602s] [ 84%] [34m[1mGenerating Python code for ROS interfaces[0m
[122.194s] [ 84%] Built target tm_msgs__py
[122.214s] [35m[1mScanning dependencies of target tm_msgs__python[0m
[122.342s] [ 85%] [32mBuilding C object CMakeFiles/tm_msgs__python.dir/rosidl_generator_py/tm_msgs/msg/_feedback_state_s.c.o[0m
[122.969s] [ 86%] [32mBuilding C object CMakeFiles/tm_msgs__python.dir/rosidl_generator_py/tm_msgs/msg/_sct_response_s.c.o[0m
[123.176s] [ 87%] [32mBuilding C object CMakeFiles/tm_msgs__python.dir/rosidl_generator_py/tm_msgs/msg/_sta_response_s.c.o[0m
[123.349s] [ 87%] [32mBuilding C object CMakeFiles/tm_msgs__python.dir/rosidl_generator_py/tm_msgs/srv/_connect_tm_s.c.o[0m
[123.540s] [ 88%] [32mBuilding C object CMakeFiles/tm_msgs__python.dir/rosidl_generator_py/tm_msgs/srv/_write_item_s.c.o[0m
[123.742s] [ 89%] [32mBuilding C object CMakeFiles/tm_msgs__python.dir/rosidl_generator_py/tm_msgs/srv/_ask_item_s.c.o[0m
[123.959s] [ 90%] [32mBuilding C object CMakeFiles/tm_msgs__python.dir/rosidl_generator_py/tm_msgs/srv/_send_script_s.c.o[0m
[124.161s] [ 91%] [32mBuilding C object CMakeFiles/tm_msgs__python.dir/rosidl_generator_py/tm_msgs/srv/_set_event_s.c.o[0m
[124.363s] [ 92%] [32mBuilding C object CMakeFiles/tm_msgs__python.dir/rosidl_generator_py/tm_msgs/srv/_set_io_s.c.o[0m
[124.574s] [ 92%] [32mBuilding C object CMakeFiles/tm_msgs__python.dir/rosidl_generator_py/tm_msgs/srv/_set_positions_s.c.o[0m
[124.923s] [ 93%] [32mBuilding C object CMakeFiles/tm_msgs__python.dir/rosidl_generator_py/tm_msgs/srv/_ask_sta_s.c.o[0m
[125.246s] [ 94%] [32mBuilding C object CMakeFiles/tm_msgs__python.dir/rosidl_generator_py/tm_msgs/msg/_svr_response_s.c.o[0m
[125.606s] [ 95%] [32m[1mLinking C shared library rosidl_generator_py/tm_msgs/libtm_msgs__python.so[0m
[125.785s] [ 95%] Built target tm_msgs__python
[125.814s] [35m[1mScanning dependencies of target tm_msgs__rosidl_typesupport_c__pyext[0m
[125.884s] [ 95%] [32mBuilding C object CMakeFiles/tm_msgs__rosidl_typesupport_c__pyext.dir/rosidl_generator_py/tm_msgs/_tm_msgs_s.ep.rosidl_typesupport_c.c.o[0m
[126.268s] [ 96%] [32m[1mLinking C shared library rosidl_generator_py/tm_msgs/tm_msgs_s__rosidl_typesupport_c.cpython-38-x86_64-linux-gnu.so[0m
[126.385s] [ 96%] Built target tm_msgs__rosidl_typesupport_c__pyext
[126.421s] [35m[1mScanning dependencies of target tm_msgs__rosidl_typesupport_fastrtps_c__pyext[0m
[126.502s] [ 97%] [32mBuilding C object CMakeFiles/tm_msgs__rosidl_typesupport_fastrtps_c__pyext.dir/rosidl_generator_py/tm_msgs/_tm_msgs_s.ep.rosidl_typesupport_fastrtps_c.c.o[0m
[126.953s] [ 98%] [32m[1mLinking CXX shared library rosidl_generator_py/tm_msgs/tm_msgs_s__rosidl_typesupport_fastrtps_c.cpython-38-x86_64-linux-gnu.so[0m
[127.127s] [ 98%] Built target tm_msgs__rosidl_typesupport_fastrtps_c__pyext
[127.153s] [35m[1mScanning dependencies of target tm_msgs__rosidl_typesupport_introspection_c__pyext[0m
[127.232s] [ 99%] [32mBuilding C object CMakeFiles/tm_msgs__rosidl_typesupport_introspection_c__pyext.dir/rosidl_generator_py/tm_msgs/_tm_msgs_s.ep.rosidl_typesupport_introspection_c.c.o[0m
[127.664s] [100%] [32m[1mLinking C shared library rosidl_generator_py/tm_msgs/tm_msgs_s__rosidl_typesupport_introspection_c.cpython-38-x86_64-linux-gnu.so[0m
[127.783s] [100%] Built target tm_msgs__rosidl_typesupport_introspection_c__pyext
[127.818s] Invoked command in '/home/gy/Omron_TM_ROS2/build/tm_msgs' returned '0': CMAKE_PREFIX_PATH=${CMAKE_PREFIX_PATH}:/home/gy/Omron_TM_ROS2/install/tmr_mod_urdf:/home/gy/Omron_TM_ROS2/install/tm_get_status:/home/gy/Omron_TM_ROS2/install/rviz_tm:/home/gy/Omron_TM_ROS2/install/pickplace:/opt/ros/foxy /usr/bin/cmake --build /home/gy/Omron_TM_ROS2/build/tm_msgs -- -j3 -l3
[128.871s] Invoking command in '/home/gy/Omron_TM_ROS2/build/tm_msgs': CMAKE_PREFIX_PATH=${CMAKE_PREFIX_PATH}:/home/gy/Omron_TM_ROS2/install/tmr_mod_urdf:/home/gy/Omron_TM_ROS2/install/tm_get_status:/home/gy/Omron_TM_ROS2/install/rviz_tm:/home/gy/Omron_TM_ROS2/install/pickplace:/opt/ros/foxy /usr/bin/cmake --install /home/gy/Omron_TM_ROS2/build/tm_msgs
[128.890s] -- Install configuration: ""
[128.890s] -- Installing: /home/gy/Omron_TM_ROS2/install/tm_msgs/share/ament_index/resource_index/rosidl_interfaces/tm_msgs
[128.891s] -- Installing: /home/gy/Omron_TM_ROS2/install/tm_msgs/include/tm_msgs
[128.891s] -- Installing: /home/gy/Omron_TM_ROS2/install/tm_msgs/include/tm_msgs/srv
[128.892s] -- Installing: /home/gy/Omron_TM_ROS2/install/tm_msgs/include/tm_msgs/srv/detail
[128.896s] -- Installing: /home/gy/Omron_TM_ROS2/install/tm_msgs/include/tm_msgs/srv/detail/set_io__type_support.h
[128.896s] -- Installing: /home/gy/Omron_TM_ROS2/install/tm_msgs/include/tm_msgs/srv/detail/set_positions__functions.h
[128.896s] -- Installing: /home/gy/Omron_TM_ROS2/install/tm_msgs/include/tm_msgs/srv/detail/ask_sta__functions.h
[128.896s] -- Installing: /home/gy/Omron_TM_ROS2/install/tm_msgs/include/tm_msgs/srv/detail/set_positions__functions.c
[128.897s] -- Installing: /home/gy/Omron_TM_ROS2/install/tm_msgs/include/tm_msgs/srv/detail/set_io__functions.h
[128.897s] -- Installing: /home/gy/Omron_TM_ROS2/install/tm_msgs/include/tm_msgs/srv/detail/send_script__type_support.h
[128.897s] -- Installing: /home/gy/Omron_TM_ROS2/install/tm_msgs/include/tm_msgs/srv/detail/send_script__struct.h
[128.897s] -- Installing: /home/gy/Omron_TM_ROS2/install/tm_msgs/include/tm_msgs/srv/detail/set_event__struct.h
[128.897s] -- Installing: /home/gy/Omron_TM_ROS2/install/tm_msgs/include/tm_msgs/srv/detail/set_event__functions.h
[128.897s] -- Installing: /home/gy/Omron_TM_ROS2/install/tm_msgs/include/tm_msgs/srv/detail/set_event__type_support.h
[128.898s] -- Installing: /home/gy/Omron_TM_ROS2/install/tm_msgs/include/tm_msgs/srv/detail/connect_tm__functions.c
[128.898s] -- Installing: /home/gy/Omron_TM_ROS2/install/tm_msgs/include/tm_msgs/srv/detail/ask_sta__struct.h
[128.898s] -- Installing: /home/gy/Omron_TM_ROS2/install/tm_msgs/include/tm_msgs/srv/detail/set_io__struct.h
[128.898s] -- Installing: /home/gy/Omron_TM_ROS2/install/tm_msgs/include/tm_msgs/srv/detail/send_script__functions.h
[128.898s] -- Installing: /home/gy/Omron_TM_ROS2/install/tm_msgs/include/tm_msgs/srv/detail/set_positions__type_support.h
[128.899s] -- Installing: /home/gy/Omron_TM_ROS2/install/tm_msgs/include/tm_msgs/srv/detail/set_io__functions.c
[128.899s] -- Installing: /home/gy/Omron_TM_ROS2/install/tm_msgs/include/tm_msgs/srv/detail/ask_sta__functions.c
[128.899s] -- Installing: /home/gy/Omron_TM_ROS2/install/tm_msgs/include/tm_msgs/srv/detail/ask_item__functions.c
[128.905s] -- Installing: /home/gy/Omron_TM_ROS2/install/tm_msgs/include/tm_msgs/srv/detail/write_item__functions.h
[128.905s] -- Installing: /home/gy/Omron_TM_ROS2/install/tm_msgs/include/tm_msgs/srv/detail/connect_tm__type_support.h
[128.905s] -- Installing: /home/gy/Omron_TM_ROS2/install/tm_msgs/include/tm_msgs/srv/detail/send_script__functions.c
[128.905s] -- Installing: /home/gy/Omron_TM_ROS2/install/tm_msgs/include/tm_msgs/srv/detail/ask_item__type_support.h
[128.905s] -- Installing: /home/gy/Omron_TM_ROS2/install/tm_msgs/include/tm_msgs/srv/detail/set_positions__struct.h
[128.906s] -- Installing: /home/gy/Omron_TM_ROS2/install/tm_msgs/include/tm_msgs/srv/detail/write_item__functions.c
[128.909s] -- Installing: /home/gy/Omron_TM_ROS2/install/tm_msgs/include/tm_msgs/srv/detail/write_item__struct.h
[128.909s] -- Installing: /home/gy/Omron_TM_ROS2/install/tm_msgs/include/tm_msgs/srv/detail/connect_tm__struct.h
[128.909s] -- Installing: /home/gy/Omron_TM_ROS2/install/tm_msgs/include/tm_msgs/srv/detail/ask_item__functions.h
[128.909s] -- Installing: /home/gy/Omron_TM_ROS2/install/tm_msgs/include/tm_msgs/srv/detail/set_event__functions.c
[128.910s] -- Installing: /home/gy/Omron_TM_ROS2/install/tm_msgs/include/tm_msgs/srv/detail/connect_tm__functions.h
[128.910s] -- Installing: /home/gy/Omron_TM_ROS2/install/tm_msgs/include/tm_msgs/srv/detail/ask_item__struct.h
[128.910s] -- Installing: /home/gy/Omron_TM_ROS2/install/tm_msgs/include/tm_msgs/srv/detail/write_item__type_support.h
[128.910s] -- Installing: /home/gy/Omron_TM_ROS2/install/tm_msgs/include/tm_msgs/srv/detail/ask_sta__type_support.h
[128.910s] -- Installing: /home/gy/Omron_TM_ROS2/install/tm_msgs/include/tm_msgs/srv/connect_tm.h
[128.910s] -- Installing: /home/gy/Omron_TM_ROS2/install/tm_msgs/include/tm_msgs/srv/ask_item.h
[128.910s] -- Installing: /home/gy/Omron_TM_ROS2/install/tm_msgs/include/tm_msgs/srv/write_item.h
[128.922s] -- Installing: /home/gy/Omron_TM_ROS2/install/tm_msgs/include/tm_msgs/srv/set_io.h
[128.925s] -- Installing: /home/gy/Omron_TM_ROS2/install/tm_msgs/include/tm_msgs/srv/set_positions.h
[128.929s] -- Installing: /home/gy/Omron_TM_ROS2/install/tm_msgs/include/tm_msgs/srv/send_script.h
[128.929s] -- Installing: /home/gy/Omron_TM_ROS2/install/tm_msgs/include/tm_msgs/srv/ask_sta.h
[128.929s] -- Installing: /home/gy/Omron_TM_ROS2/install/tm_msgs/include/tm_msgs/srv/set_event.h
[128.929s] -- Installing: /home/gy/Omron_TM_ROS2/install/tm_msgs/include/tm_msgs/msg
[128.929s] -- Installing: /home/gy/Omron_TM_ROS2/install/tm_msgs/include/tm_msgs/msg/detail
[128.930s] -- Installing: /home/gy/Omron_TM_ROS2/install/tm_msgs/include/tm_msgs/msg/detail/feedback_state__type_support.h
[128.930s] -- Installing: /home/gy/Omron_TM_ROS2/install/tm_msgs/include/tm_msgs/msg/detail/feedback_state__functions.h
[128.930s] -- Installing: /home/gy/Omron_TM_ROS2/install/tm_msgs/include/tm_msgs/msg/detail/svr_response__type_support.h
[128.930s] -- Installing: /home/gy/Omron_TM_ROS2/install/tm_msgs/include/tm_msgs/msg/detail/sta_response__functions.c
[128.930s] -- Installing: /home/gy/Omron_TM_ROS2/install/tm_msgs/include/tm_msgs/msg/detail/sta_response__type_support.h
[128.930s] -- Installing: /home/gy/Omron_TM_ROS2/install/tm_msgs/include/tm_msgs/msg/detail/sct_response__functions.c
[128.931s] -- Installing: /home/gy/Omron_TM_ROS2/install/tm_msgs/include/tm_msgs/msg/detail/feedback_state__functions.c
[128.933s] -- Installing: /home/gy/Omron_TM_ROS2/install/tm_msgs/include/tm_msgs/msg/detail/sct_response__type_support.h
[128.933s] -- Installing: /home/gy/Omron_TM_ROS2/install/tm_msgs/include/tm_msgs/msg/detail/svr_response__struct.h
[128.933s] -- Installing: /home/gy/Omron_TM_ROS2/install/tm_msgs/include/tm_msgs/msg/detail/svr_response__functions.h
[128.933s] -- Installing: /home/gy/Omron_TM_ROS2/install/tm_msgs/include/tm_msgs/msg/detail/sct_response__functions.h
[128.934s] -- Installing: /home/gy/Omron_TM_ROS2/install/tm_msgs/include/tm_msgs/msg/detail/feedback_state__struct.h
[128.934s] -- Installing: /home/gy/Omron_TM_ROS2/install/tm_msgs/include/tm_msgs/msg/detail/sta_response__functions.h
[128.934s] -- Installing: /home/gy/Omron_TM_ROS2/install/tm_msgs/include/tm_msgs/msg/detail/svr_response__functions.c
[128.934s] -- Installing: /home/gy/Omron_TM_ROS2/install/tm_msgs/include/tm_msgs/msg/detail/sta_response__struct.h
[128.934s] -- Installing: /home/gy/Omron_TM_ROS2/install/tm_msgs/include/tm_msgs/msg/detail/sct_response__struct.h
[128.934s] -- Installing: /home/gy/Omron_TM_ROS2/install/tm_msgs/include/tm_msgs/msg/svr_response.h
[128.934s] -- Installing: /home/gy/Omron_TM_ROS2/install/tm_msgs/include/tm_msgs/msg/feedback_state.h
[128.934s] -- Installing: /home/gy/Omron_TM_ROS2/install/tm_msgs/include/tm_msgs/msg/sct_response.h
[128.935s] -- Installing: /home/gy/Omron_TM_ROS2/install/tm_msgs/include/tm_msgs/msg/rosidl_generator_c__visibility_control.h
[128.935s] -- Installing: /home/gy/Omron_TM_ROS2/install/tm_msgs/include/tm_msgs/msg/sta_response.h
[128.935s] -- Installing: /home/gy/Omron_TM_ROS2/install/tm_msgs/share/tm_msgs/environment/library_path.sh
[128.937s] -- Installing: /home/gy/Omron_TM_ROS2/install/tm_msgs/share/tm_msgs/environment/library_path.dsv
[128.940s] -- Installing: /home/gy/Omron_TM_ROS2/install/tm_msgs/lib/libtm_msgs__rosidl_generator_c.so
[128.942s] -- Set runtime path of "/home/gy/Omron_TM_ROS2/install/tm_msgs/lib/libtm_msgs__rosidl_generator_c.so" to ""
[128.942s] -- Up-to-date: /home/gy/Omron_TM_ROS2/install/tm_msgs/include/tm_msgs
[128.942s] -- Up-to-date: /home/gy/Omron_TM_ROS2/install/tm_msgs/include/tm_msgs/srv
[128.942s] -- Up-to-date: /home/gy/Omron_TM_ROS2/install/tm_msgs/include/tm_msgs/srv/detail
[128.942s] -- Installing: /home/gy/Omron_TM_ROS2/install/tm_msgs/include/tm_msgs/srv/detail/connect_tm__rosidl_typesupport_fastrtps_c.h
[128.942s] -- Installing: /home/gy/Omron_TM_ROS2/install/tm_msgs/include/tm_msgs/srv/detail/set_event__rosidl_typesupport_fastrtps_c.h
[128.943s] -- Installing: /home/gy/Omron_TM_ROS2/install/tm_msgs/include/tm_msgs/srv/detail/set_io__rosidl_typesupport_fastrtps_c.h
[128.943s] -- Installing: /home/gy/Omron_TM_ROS2/install/tm_msgs/include/tm_msgs/srv/detail/ask_sta__rosidl_typesupport_fastrtps_c.h
[128.943s] -- Installing: /home/gy/Omron_TM_ROS2/install/tm_msgs/include/tm_msgs/srv/detail/set_positions__rosidl_typesupport_fastrtps_c.h
[128.943s] -- Installing: /home/gy/Omron_TM_ROS2/install/tm_msgs/include/tm_msgs/srv/detail/send_script__rosidl_typesupport_fastrtps_c.h
[128.948s] -- Installing: /home/gy/Omron_TM_ROS2/install/tm_msgs/include/tm_msgs/srv/detail/ask_item__rosidl_typesupport_fastrtps_c.h
[128.949s] -- Installing: /home/gy/Omron_TM_ROS2/install/tm_msgs/include/tm_msgs/srv/detail/write_item__rosidl_typesupport_fastrtps_c.h
[128.949s] -- Up-to-date: /home/gy/Omron_TM_ROS2/install/tm_msgs/include/tm_msgs/msg
[128.949s] -- Up-to-date: /home/gy/Omron_TM_ROS2/install/tm_msgs/include/tm_msgs/msg/detail
[128.949s] -- Installing: /home/gy/Omron_TM_ROS2/install/tm_msgs/include/tm_msgs/msg/detail/sct_response__rosidl_typesupport_fastrtps_c.h
[128.950s] -- Installing: /home/gy/Omron_TM_ROS2/install/tm_msgs/include/tm_msgs/msg/detail/sta_response__rosidl_typesupport_fastrtps_c.h
[128.950s] -- Installing: /home/gy/Omron_TM_ROS2/install/tm_msgs/include/tm_msgs/msg/detail/feedback_state__rosidl_typesupport_fastrtps_c.h
[128.954s] -- Installing: /home/gy/Omron_TM_ROS2/install/tm_msgs/include/tm_msgs/msg/detail/svr_response__rosidl_typesupport_fastrtps_c.h
[128.954s] -- Installing: /home/gy/Omron_TM_ROS2/install/tm_msgs/include/tm_msgs/msg/rosidl_typesupport_fastrtps_c__visibility_control.h
[128.954s] -- Installing: /home/gy/Omron_TM_ROS2/install/tm_msgs/lib/libtm_msgs__rosidl_typesupport_fastrtps_c.so
[128.955s] -- Set runtime path of "/home/gy/Omron_TM_ROS2/install/tm_msgs/lib/libtm_msgs__rosidl_typesupport_fastrtps_c.so" to ""
[128.955s] -- Up-to-date: /home/gy/Omron_TM_ROS2/install/tm_msgs/include/tm_msgs
[128.955s] -- Up-to-date: /home/gy/Omron_TM_ROS2/install/tm_msgs/include/tm_msgs/srv
[128.956s] -- Up-to-date: /home/gy/Omron_TM_ROS2/install/tm_msgs/include/tm_msgs/srv/detail
[128.956s] -- Installing: /home/gy/Omron_TM_ROS2/install/tm_msgs/include/tm_msgs/srv/detail/connect_tm__rosidl_typesupport_fastrtps_cpp.hpp
[128.956s] -- Installing: /home/gy/Omron_TM_ROS2/install/tm_msgs/include/tm_msgs/srv/detail/set_io__rosidl_typesupport_fastrtps_cpp.hpp
[128.956s] -- Installing: /home/gy/Omron_TM_ROS2/install/tm_msgs/include/tm_msgs/srv/detail/ask_sta__rosidl_typesupport_fastrtps_cpp.hpp
[128.956s] -- Installing: /home/gy/Omron_TM_ROS2/install/tm_msgs/include/tm_msgs/srv/detail/write_item__rosidl_typesupport_fastrtps_cpp.hpp
[128.956s] -- Installing: /home/gy/Omron_TM_ROS2/install/tm_msgs/include/tm_msgs/srv/detail/send_script__rosidl_typesupport_fastrtps_cpp.hpp
[128.957s] -- Installing: /home/gy/Omron_TM_ROS2/install/tm_msgs/include/tm_msgs/srv/detail/set_event__rosidl_typesupport_fastrtps_cpp.hpp
[128.957s] -- Installing: /home/gy/Omron_TM_ROS2/install/tm_msgs/include/tm_msgs/srv/detail/ask_item__rosidl_typesupport_fastrtps_cpp.hpp
[128.957s] -- Installing: /home/gy/Omron_TM_ROS2/install/tm_msgs/include/tm_msgs/srv/detail/dds_fastrtps
[128.961s] -- Installing: /home/gy/Omron_TM_ROS2/install/tm_msgs/include/tm_msgs/srv/detail/set_positions__rosidl_typesupport_fastrtps_cpp.hpp
[128.961s] -- Up-to-date: /home/gy/Omron_TM_ROS2/install/tm_msgs/include/tm_msgs/msg
[128.961s] -- Up-to-date: /home/gy/Omron_TM_ROS2/install/tm_msgs/include/tm_msgs/msg/detail
[128.962s] -- Installing: /home/gy/Omron_TM_ROS2/install/tm_msgs/include/tm_msgs/msg/detail/sct_response__rosidl_typesupport_fastrtps_cpp.hpp
[128.962s] -- Installing: /home/gy/Omron_TM_ROS2/install/tm_msgs/include/tm_msgs/msg/detail/svr_response__rosidl_typesupport_fastrtps_cpp.hpp
[128.962s] -- Installing: /home/gy/Omron_TM_ROS2/install/tm_msgs/include/tm_msgs/msg/detail/sta_response__rosidl_typesupport_fastrtps_cpp.hpp
[128.963s] -- Installing: /home/gy/Omron_TM_ROS2/install/tm_msgs/include/tm_msgs/msg/detail/feedback_state__rosidl_typesupport_fastrtps_cpp.hpp
[128.963s] -- Installing: /home/gy/Omron_TM_ROS2/install/tm_msgs/include/tm_msgs/msg/detail/dds_fastrtps
[128.963s] -- Installing: /home/gy/Omron_TM_ROS2/install/tm_msgs/include/tm_msgs/msg/rosidl_typesupport_fastrtps_cpp__visibility_control.h
[128.963s] -- Installing: /home/gy/Omron_TM_ROS2/install/tm_msgs/lib/libtm_msgs__rosidl_typesupport_fastrtps_cpp.so
[128.966s] -- Set runtime path of "/home/gy/Omron_TM_ROS2/install/tm_msgs/lib/libtm_msgs__rosidl_typesupport_fastrtps_cpp.so" to ""
[128.966s] -- Up-to-date: /home/gy/Omron_TM_ROS2/install/tm_msgs/include/tm_msgs
[128.966s] -- Up-to-date: /home/gy/Omron_TM_ROS2/install/tm_msgs/include/tm_msgs/srv
[128.966s] -- Up-to-date: /home/gy/Omron_TM_ROS2/install/tm_msgs/include/tm_msgs/srv/detail
[128.967s] -- Installing: /home/gy/Omron_TM_ROS2/install/tm_msgs/include/tm_msgs/srv/detail/write_item__type_support.c
[128.967s] -- Installing: /home/gy/Omron_TM_ROS2/install/tm_msgs/include/tm_msgs/srv/detail/ask_item__rosidl_typesupport_introspection_c.h
[128.967s] -- Installing: /home/gy/Omron_TM_ROS2/install/tm_msgs/include/tm_msgs/srv/detail/set_io__rosidl_typesupport_introspection_c.h
[128.968s] -- Installing: /home/gy/Omron_TM_ROS2/install/tm_msgs/include/tm_msgs/srv/detail/send_script__type_support.c
[128.969s] -- Installing: /home/gy/Omron_TM_ROS2/install/tm_msgs/include/tm_msgs/srv/detail/ask_sta__rosidl_typesupport_introspection_c.h
[128.969s] -- Installing: /home/gy/Omron_TM_ROS2/install/tm_msgs/include/tm_msgs/srv/detail/ask_item__type_support.c
[128.969s] -- Installing: /home/gy/Omron_TM_ROS2/install/tm_msgs/include/tm_msgs/srv/detail/set_positions__type_support.c
[128.969s] -- Installing: /home/gy/Omron_TM_ROS2/install/tm_msgs/include/tm_msgs/srv/detail/send_script__rosidl_typesupport_introspection_c.h
[128.970s] -- Installing: /home/gy/Omron_TM_ROS2/install/tm_msgs/include/tm_msgs/srv/detail/set_positions__rosidl_typesupport_introspection_c.h
[128.970s] -- Installing: /home/gy/Omron_TM_ROS2/install/tm_msgs/include/tm_msgs/srv/detail/connect_tm__type_support.c
[128.972s] -- Installing: /home/gy/Omron_TM_ROS2/install/tm_msgs/include/tm_msgs/srv/detail/connect_tm__rosidl_typesupport_introspection_c.h
[128.972s] -- Installing: /home/gy/Omron_TM_ROS2/install/tm_msgs/include/tm_msgs/srv/detail/set_event__type_support.c
[128.972s] -- Installing: /home/gy/Omron_TM_ROS2/install/tm_msgs/include/tm_msgs/srv/detail/write_item__rosidl_typesupport_introspection_c.h
[128.973s] -- Installing: /home/gy/Omron_TM_ROS2/install/tm_msgs/include/tm_msgs/srv/detail/ask_sta__type_support.c
[128.973s] -- Installing: /home/gy/Omron_TM_ROS2/install/tm_msgs/include/tm_msgs/srv/detail/set_io__type_support.c
[128.973s] -- Installing: /home/gy/Omron_TM_ROS2/install/tm_msgs/include/tm_msgs/srv/detail/set_event__rosidl_typesupport_introspection_c.h
[128.973s] -- Up-to-date: /home/gy/Omron_TM_ROS2/install/tm_msgs/include/tm_msgs/msg
[128.974s] -- Up-to-date: /home/gy/Omron_TM_ROS2/install/tm_msgs/include/tm_msgs/msg/detail
[128.974s] -- Installing: /home/gy/Omron_TM_ROS2/install/tm_msgs/include/tm_msgs/msg/detail/sct_response__type_support.c
[128.977s] -- Installing: /home/gy/Omron_TM_ROS2/install/tm_msgs/include/tm_msgs/msg/detail/feedback_state__rosidl_typesupport_introspection_c.h
[128.978s] -- Installing: /home/gy/Omron_TM_ROS2/install/tm_msgs/include/tm_msgs/msg/detail/svr_response__type_support.c
[128.978s] -- Installing: /home/gy/Omron_TM_ROS2/install/tm_msgs/include/tm_msgs/msg/detail/sct_response__rosidl_typesupport_introspection_c.h
[128.978s] -- Installing: /home/gy/Omron_TM_ROS2/install/tm_msgs/include/tm_msgs/msg/detail/sta_response__type_support.c
[128.978s] -- Installing: /home/gy/Omron_TM_ROS2/install/tm_msgs/include/tm_msgs/msg/detail/svr_response__rosidl_typesupport_introspection_c.h
[128.978s] -- Installing: /home/gy/Omron_TM_ROS2/install/tm_msgs/include/tm_msgs/msg/detail/feedback_state__type_support.c
[128.979s] -- Installing: /home/gy/Omron_TM_ROS2/install/tm_msgs/include/tm_msgs/msg/detail/sta_response__rosidl_typesupport_introspection_c.h
[128.979s] -- Installing: /home/gy/Omron_TM_ROS2/install/tm_msgs/include/tm_msgs/msg/rosidl_typesupport_introspection_c__visibility_control.h
[128.979s] -- Installing: /home/gy/Omron_TM_ROS2/install/tm_msgs/lib/libtm_msgs__rosidl_typesupport_introspection_c.so
[128.985s] -- Set runtime path of "/home/gy/Omron_TM_ROS2/install/tm_msgs/lib/libtm_msgs__rosidl_typesupport_introspection_c.so" to ""
[128.986s] -- Installing: /home/gy/Omron_TM_ROS2/install/tm_msgs/lib/libtm_msgs__rosidl_typesupport_c.so
[128.986s] -- Set runtime path of "/home/gy/Omron_TM_ROS2/install/tm_msgs/lib/libtm_msgs__rosidl_typesupport_c.so" to ""
[128.987s] -- Up-to-date: /home/gy/Omron_TM_ROS2/install/tm_msgs/include/tm_msgs
[128.987s] -- Up-to-date: /home/gy/Omron_TM_ROS2/install/tm_msgs/include/tm_msgs/srv
[128.987s] -- Up-to-date: /home/gy/Omron_TM_ROS2/install/tm_msgs/include/tm_msgs/srv/detail
[128.987s] -- Installing: /home/gy/Omron_TM_ROS2/install/tm_msgs/include/tm_msgs/srv/detail/set_positions__struct.hpp
[128.990s] -- Installing: /home/gy/Omron_TM_ROS2/install/tm_msgs/include/tm_msgs/srv/detail/set_positions__traits.hpp
[128.990s] -- Installing: /home/gy/Omron_TM_ROS2/install/tm_msgs/include/tm_msgs/srv/detail/send_script__builder.hpp
[128.990s] -- Installing: /home/gy/Omron_TM_ROS2/install/tm_msgs/include/tm_msgs/srv/detail/connect_tm__struct.hpp
[128.990s] -- Installing: /home/gy/Omron_TM_ROS2/install/tm_msgs/include/tm_msgs/srv/detail/connect_tm__traits.hpp
[128.991s] -- Installing: /home/gy/Omron_TM_ROS2/install/tm_msgs/include/tm_msgs/srv/detail/ask_sta__struct.hpp
[128.994s] -- Installing: /home/gy/Omron_TM_ROS2/install/tm_msgs/include/tm_msgs/srv/detail/write_item__builder.hpp
[128.994s] -- Installing: /home/gy/Omron_TM_ROS2/install/tm_msgs/include/tm_msgs/srv/detail/send_script__struct.hpp
[128.994s] -- Installing: /home/gy/Omron_TM_ROS2/install/tm_msgs/include/tm_msgs/srv/detail/send_script__traits.hpp
[128.994s] -- Installing: /home/gy/Omron_TM_ROS2/install/tm_msgs/include/tm_msgs/srv/detail/write_item__traits.hpp
[128.995s] -- Installing: /home/gy/Omron_TM_ROS2/install/tm_msgs/include/tm_msgs/srv/detail/ask_sta__builder.hpp
[128.995s] -- Installing: /home/gy/Omron_TM_ROS2/install/tm_msgs/include/tm_msgs/srv/detail/set_positions__builder.hpp
[129.000s] -- Installing: /home/gy/Omron_TM_ROS2/install/tm_msgs/include/tm_msgs/srv/detail/connect_tm__builder.hpp
[129.000s] -- Installing: /home/gy/Omron_TM_ROS2/install/tm_msgs/include/tm_msgs/srv/detail/set_io__builder.hpp
[129.000s] -- Installing: /home/gy/Omron_TM_ROS2/install/tm_msgs/include/tm_msgs/srv/detail/ask_item__struct.hpp
[129.001s] -- Installing: /home/gy/Omron_TM_ROS2/install/tm_msgs/include/tm_msgs/srv/detail/set_io__traits.hpp
[129.001s] -- Installing: /home/gy/Omron_TM_ROS2/install/tm_msgs/include/tm_msgs/srv/detail/ask_item__builder.hpp
[129.001s] -- Installing: /home/gy/Omron_TM_ROS2/install/tm_msgs/include/tm_msgs/srv/detail/write_item__struct.hpp
[129.002s] -- Installing: /home/gy/Omron_TM_ROS2/install/tm_msgs/include/tm_msgs/srv/detail/set_event__struct.hpp
[129.005s] -- Installing: /home/gy/Omron_TM_ROS2/install/tm_msgs/include/tm_msgs/srv/detail/set_event__builder.hpp
[129.006s] -- Installing: /home/gy/Omron_TM_ROS2/install/tm_msgs/include/tm_msgs/srv/detail/set_event__traits.hpp
[129.006s] -- Installing: /home/gy/Omron_TM_ROS2/install/tm_msgs/include/tm_msgs/srv/detail/set_io__struct.hpp
[129.006s] -- Installing: /home/gy/Omron_TM_ROS2/install/tm_msgs/include/tm_msgs/srv/detail/ask_sta__traits.hpp
[129.006s] -- Installing: /home/gy/Omron_TM_ROS2/install/tm_msgs/include/tm_msgs/srv/detail/ask_item__traits.hpp
[129.007s] -- Installing: /home/gy/Omron_TM_ROS2/install/tm_msgs/include/tm_msgs/srv/ask_item.hpp
[129.007s] -- Installing: /home/gy/Omron_TM_ROS2/install/tm_msgs/include/tm_msgs/srv/write_item.hpp
[129.007s] -- Installing: /home/gy/Omron_TM_ROS2/install/tm_msgs/include/tm_msgs/srv/send_script.hpp
[129.007s] -- Installing: /home/gy/Omron_TM_ROS2/install/tm_msgs/include/tm_msgs/srv/set_io.hpp
[129.008s] -- Installing: /home/gy/Omron_TM_ROS2/install/tm_msgs/include/tm_msgs/srv/connect_tm.hpp
[129.008s] -- Installing: /home/gy/Omron_TM_ROS2/install/tm_msgs/include/tm_msgs/srv/set_event.hpp
[129.008s] -- Installing: /home/gy/Omron_TM_ROS2/install/tm_msgs/include/tm_msgs/srv/set_positions.hpp
[129.008s] -- Installing: /home/gy/Omron_TM_ROS2/install/tm_msgs/include/tm_msgs/srv/ask_sta.hpp
[129.008s] -- Up-to-date: /home/gy/Omron_TM_ROS2/install/tm_msgs/include/tm_msgs/msg
[129.009s] -- Up-to-date: /home/gy/Omron_TM_ROS2/install/tm_msgs/include/tm_msgs/msg/detail
[129.009s] -- Installing: /home/gy/Omron_TM_ROS2/install/tm_msgs/include/tm_msgs/msg/detail/sct_response__traits.hpp
[129.011s] -- Installing: /home/gy/Omron_TM_ROS2/install/tm_msgs/include/tm_msgs/msg/detail/svr_response__traits.hpp
[129.011s] -- Installing: /home/gy/Omron_TM_ROS2/install/tm_msgs/include/tm_msgs/msg/detail/feedback_state__builder.hpp
[129.011s] -- Installing: /home/gy/Omron_TM_ROS2/install/tm_msgs/include/tm_msgs/msg/detail/sta_response__builder.hpp
[129.012s] -- Installing: /home/gy/Omron_TM_ROS2/install/tm_msgs/include/tm_msgs/msg/detail/feedback_state__struct.hpp
[129.012s] -- Installing: /home/gy/Omron_TM_ROS2/install/tm_msgs/include/tm_msgs/msg/detail/sct_response__struct.hpp
[129.013s] -- Installing: /home/gy/Omron_TM_ROS2/install/tm_msgs/include/tm_msgs/msg/detail/sct_response__builder.hpp
[129.013s] -- Installing: /home/gy/Omron_TM_ROS2/install/tm_msgs/include/tm_msgs/msg/detail/feedback_state__traits.hpp
[129.015s] -- Installing: /home/gy/Omron_TM_ROS2/install/tm_msgs/include/tm_msgs/msg/detail/sta_response__struct.hpp
[129.015s] -- Installing: /home/gy/Omron_TM_ROS2/install/tm_msgs/include/tm_msgs/msg/detail/svr_response__struct.hpp
[129.015s] -- Installing: /home/gy/Omron_TM_ROS2/install/tm_msgs/include/tm_msgs/msg/detail/svr_response__builder.hpp
[129.016s] -- Installing: /home/gy/Omron_TM_ROS2/install/tm_msgs/include/tm_msgs/msg/detail/sta_response__traits.hpp
[129.016s] -- Installing: /home/gy/Omron_TM_ROS2/install/tm_msgs/include/tm_msgs/msg/svr_response.hpp
[129.016s] -- Installing: /home/gy/Omron_TM_ROS2/install/tm_msgs/include/tm_msgs/msg/sta_response.hpp
[129.016s] -- Installing: /home/gy/Omron_TM_ROS2/install/tm_msgs/include/tm_msgs/msg/sct_response.hpp
[129.017s] -- Installing: /home/gy/Omron_TM_ROS2/install/tm_msgs/include/tm_msgs/msg/feedback_state.hpp
[129.021s] -- Up-to-date: /home/gy/Omron_TM_ROS2/install/tm_msgs/include/tm_msgs
[129.022s] -- Up-to-date: /home/gy/Omron_TM_ROS2/install/tm_msgs/include/tm_msgs/srv
[129.022s] -- Up-to-date: /home/gy/Omron_TM_ROS2/install/tm_msgs/include/tm_msgs/srv/detail
[129.022s] -- Installing: /home/gy/Omron_TM_ROS2/install/tm_msgs/include/tm_msgs/srv/detail/send_script__type_support.cpp
[129.023s] -- Installing: /home/gy/Omron_TM_ROS2/install/tm_msgs/include/tm_msgs/srv/detail/set_positions__type_support.cpp
[129.023s] -- Installing: /home/gy/Omron_TM_ROS2/install/tm_msgs/include/tm_msgs/srv/detail/connect_tm__rosidl_typesupport_introspection_cpp.hpp
[129.023s] -- Installing: /home/gy/Omron_TM_ROS2/install/tm_msgs/include/tm_msgs/srv/detail/set_event__rosidl_typesupport_introspection_cpp.hpp
[129.023s] -- Installing: /home/gy/Omron_TM_ROS2/install/tm_msgs/include/tm_msgs/srv/detail/write_item__type_support.cpp
[129.023s] -- Installing: /home/gy/Omron_TM_ROS2/install/tm_msgs/include/tm_msgs/srv/detail/send_script__rosidl_typesupport_introspection_cpp.hpp
[129.024s] -- Installing: /home/gy/Omron_TM_ROS2/install/tm_msgs/include/tm_msgs/srv/detail/ask_item__type_support.cpp
[129.024s] -- Installing: /home/gy/Omron_TM_ROS2/install/tm_msgs/include/tm_msgs/srv/detail/set_io__type_support.cpp
[129.024s] -- Installing: /home/gy/Omron_TM_ROS2/install/tm_msgs/include/tm_msgs/srv/detail/write_item__rosidl_typesupport_introspection_cpp.hpp
[129.024s] -- Installing: /home/gy/Omron_TM_ROS2/install/tm_msgs/include/tm_msgs/srv/detail/set_positions__rosidl_typesupport_introspection_cpp.hpp
[129.024s] -- Installing: /home/gy/Omron_TM_ROS2/install/tm_msgs/include/tm_msgs/srv/detail/set_event__type_support.cpp
[129.025s] -- Installing: /home/gy/Omron_TM_ROS2/install/tm_msgs/include/tm_msgs/srv/detail/ask_sta__rosidl_typesupport_introspection_cpp.hpp
[129.026s] -- Installing: /home/gy/Omron_TM_ROS2/install/tm_msgs/include/tm_msgs/srv/detail/ask_item__rosidl_typesupport_introspection_cpp.hpp
[129.026s] -- Installing: /home/gy/Omron_TM_ROS2/install/tm_msgs/include/tm_msgs/srv/detail/ask_sta__type_support.cpp
[129.026s] -- Installing: /home/gy/Omron_TM_ROS2/install/tm_msgs/include/tm_msgs/srv/detail/set_io__rosidl_typesupport_introspection_cpp.hpp
[129.026s] -- Installing: /home/gy/Omron_TM_ROS2/install/tm_msgs/include/tm_msgs/srv/detail/connect_tm__type_support.cpp
[129.026s] -- Up-to-date: /home/gy/Omron_TM_ROS2/install/tm_msgs/include/tm_msgs/msg
[129.027s] -- Up-to-date: /home/gy/Omron_TM_ROS2/install/tm_msgs/include/tm_msgs/msg/detail
[129.027s] -- Installing: /home/gy/Omron_TM_ROS2/install/tm_msgs/include/tm_msgs/msg/detail/feedback_state__rosidl_typesupport_introspection_cpp.hpp
[129.027s] -- Installing: /home/gy/Omron_TM_ROS2/install/tm_msgs/include/tm_msgs/msg/detail/sct_response__type_support.cpp
[129.027s] -- Installing: /home/gy/Omron_TM_ROS2/install/tm_msgs/include/tm_msgs/msg/detail/feedback_state__type_support.cpp
[129.027s] -- Installing: /home/gy/Omron_TM_ROS2/install/tm_msgs/include/tm_msgs/msg/detail/sta_response__rosidl_typesupport_introspection_cpp.hpp
[129.028s] -- Installing: /home/gy/Omron_TM_ROS2/install/tm_msgs/include/tm_msgs/msg/detail/sct_response__rosidl_typesupport_introspection_cpp.hpp
[129.028s] -- Installing: /home/gy/Omron_TM_ROS2/install/tm_msgs/include/tm_msgs/msg/detail/svr_response__type_support.cpp
[129.033s] -- Installing: /home/gy/Omron_TM_ROS2/install/tm_msgs/include/tm_msgs/msg/detail/svr_response__rosidl_typesupport_introspection_cpp.hpp
[129.033s] -- Installing: /home/gy/Omron_TM_ROS2/install/tm_msgs/include/tm_msgs/msg/detail/sta_response__type_support.cpp
[129.034s] -- Installing: /home/gy/Omron_TM_ROS2/install/tm_msgs/lib/libtm_msgs__rosidl_typesupport_introspection_cpp.so
[129.035s] -- Set runtime path of "/home/gy/Omron_TM_ROS2/install/tm_msgs/lib/libtm_msgs__rosidl_typesupport_introspection_cpp.so" to ""
[129.035s] -- Installing: /home/gy/Omron_TM_ROS2/install/tm_msgs/lib/libtm_msgs__rosidl_typesupport_cpp.so
[129.036s] -- Set runtime path of "/home/gy/Omron_TM_ROS2/install/tm_msgs/lib/libtm_msgs__rosidl_typesupport_cpp.so" to ""
[129.036s] -- Installing: /home/gy/Omron_TM_ROS2/install/tm_msgs/share/tm_msgs/environment/pythonpath.sh
[129.037s] -- Installing: /home/gy/Omron_TM_ROS2/install/tm_msgs/share/tm_msgs/environment/pythonpath.dsv
[129.037s] -- Installing: /home/gy/Omron_TM_ROS2/install/tm_msgs/lib/python3.8/site-packages/tm_msgs/__init__.py
[129.141s] Compiling '/home/gy/Omron_TM_ROS2/install/tm_msgs/lib/python3.8/site-packages/tm_msgs/__init__.py'...
[129.154s] -- Installing: /home/gy/Omron_TM_ROS2/install/tm_msgs/lib/python3.8/site-packages/tm_msgs/msg
[129.154s] -- Installing: /home/gy/Omron_TM_ROS2/install/tm_msgs/lib/python3.8/site-packages/tm_msgs/msg/_sct_response_s.c
[129.156s] -- Installing: /home/gy/Omron_TM_ROS2/install/tm_msgs/lib/python3.8/site-packages/tm_msgs/msg/_sct_response.py
[129.157s] -- Installing: /home/gy/Omron_TM_ROS2/install/tm_msgs/lib/python3.8/site-packages/tm_msgs/msg/_svr_response_s.c
[129.157s] -- Installing: /home/gy/Omron_TM_ROS2/install/tm_msgs/lib/python3.8/site-packages/tm_msgs/msg/_feedback_state.py
[129.157s] -- Installing: /home/gy/Omron_TM_ROS2/install/tm_msgs/lib/python3.8/site-packages/tm_msgs/msg/_feedback_state_s.c
[129.157s] -- Installing: /home/gy/Omron_TM_ROS2/install/tm_msgs/lib/python3.8/site-packages/tm_msgs/msg/__init__.py
[129.158s] -- Installing: /home/gy/Omron_TM_ROS2/install/tm_msgs/lib/python3.8/site-packages/tm_msgs/msg/_sta_response.py
[129.158s] -- Installing: /home/gy/Omron_TM_ROS2/install/tm_msgs/lib/python3.8/site-packages/tm_msgs/msg/_svr_response.py
[129.158s] -- Installing: /home/gy/Omron_TM_ROS2/install/tm_msgs/lib/python3.8/site-packages/tm_msgs/msg/_sta_response_s.c
[129.158s] -- Installing: /home/gy/Omron_TM_ROS2/install/tm_msgs/lib/python3.8/site-packages/tm_msgs/srv
[129.158s] -- Installing: /home/gy/Omron_TM_ROS2/install/tm_msgs/lib/python3.8/site-packages/tm_msgs/srv/_write_item_s.c
[129.158s] -- Installing: /home/gy/Omron_TM_ROS2/install/tm_msgs/lib/python3.8/site-packages/tm_msgs/srv/_set_event.py
[129.158s] -- Installing: /home/gy/Omron_TM_ROS2/install/tm_msgs/lib/python3.8/site-packages/tm_msgs/srv/_write_item.py
[129.158s] -- Installing: /home/gy/Omron_TM_ROS2/install/tm_msgs/lib/python3.8/site-packages/tm_msgs/srv/_connect_tm.py
[129.160s] -- Installing: /home/gy/Omron_TM_ROS2/install/tm_msgs/lib/python3.8/site-packages/tm_msgs/srv/_send_script_s.c
[129.160s] -- Installing: /home/gy/Omron_TM_ROS2/install/tm_msgs/lib/python3.8/site-packages/tm_msgs/srv/_set_event_s.c
[129.160s] -- Installing: /home/gy/Omron_TM_ROS2/install/tm_msgs/lib/python3.8/site-packages/tm_msgs/srv/_set_positions.py
[129.160s] -- Installing: /home/gy/Omron_TM_ROS2/install/tm_msgs/lib/python3.8/site-packages/tm_msgs/srv/__init__.py
[129.161s] -- Installing: /home/gy/Omron_TM_ROS2/install/tm_msgs/lib/python3.8/site-packages/tm_msgs/srv/_ask_item_s.c
[129.162s] -- Installing: /home/gy/Omron_TM_ROS2/install/tm_msgs/lib/python3.8/site-packages/tm_msgs/srv/_set_io.py
[129.162s] -- Installing: /home/gy/Omron_TM_ROS2/install/tm_msgs/lib/python3.8/site-packages/tm_msgs/srv/_connect_tm_s.c
[129.162s] -- Installing: /home/gy/Omron_TM_ROS2/install/tm_msgs/lib/python3.8/site-packages/tm_msgs/srv/_send_script.py
[129.162s] -- Installing: /home/gy/Omron_TM_ROS2/install/tm_msgs/lib/python3.8/site-packages/tm_msgs/srv/_set_positions_s.c
[129.162s] -- Installing: /home/gy/Omron_TM_ROS2/install/tm_msgs/lib/python3.8/site-packages/tm_msgs/srv/_set_io_s.c
[129.162s] -- Installing: /home/gy/Omron_TM_ROS2/install/tm_msgs/lib/python3.8/site-packages/tm_msgs/srv/_ask_sta.py
[129.163s] -- Installing: /home/gy/Omron_TM_ROS2/install/tm_msgs/lib/python3.8/site-packages/tm_msgs/srv/_ask_sta_s.c
[129.163s] -- Installing: /home/gy/Omron_TM_ROS2/install/tm_msgs/lib/python3.8/site-packages/tm_msgs/srv/_ask_item.py
[129.165s] -- Installing: /home/gy/Omron_TM_ROS2/install/tm_msgs/lib/python3.8/site-packages/tm_msgs/tm_msgs_s__rosidl_typesupport_fastrtps_c.cpython-38-x86_64-linux-gnu.so
[129.166s] -- Set runtime path of "/home/gy/Omron_TM_ROS2/install/tm_msgs/lib/python3.8/site-packages/tm_msgs/tm_msgs_s__rosidl_typesupport_fastrtps_c.cpython-38-x86_64-linux-gnu.so" to ""
[129.166s] -- Installing: /home/gy/Omron_TM_ROS2/install/tm_msgs/lib/python3.8/site-packages/tm_msgs/tm_msgs_s__rosidl_typesupport_introspection_c.cpython-38-x86_64-linux-gnu.so
[129.169s] -- Set runtime path of "/home/gy/Omron_TM_ROS2/install/tm_msgs/lib/python3.8/site-packages/tm_msgs/tm_msgs_s__rosidl_typesupport_introspection_c.cpython-38-x86_64-linux-gnu.so" to ""
[129.169s] -- Installing: /home/gy/Omron_TM_ROS2/install/tm_msgs/lib/python3.8/site-packages/tm_msgs/tm_msgs_s__rosidl_typesupport_c.cpython-38-x86_64-linux-gnu.so
[129.170s] -- Set runtime path of "/home/gy/Omron_TM_ROS2/install/tm_msgs/lib/python3.8/site-packages/tm_msgs/tm_msgs_s__rosidl_typesupport_c.cpython-38-x86_64-linux-gnu.so" to ""
[129.170s] -- Installing: /home/gy/Omron_TM_ROS2/install/tm_msgs/lib/libtm_msgs__python.so
[129.173s] -- Set runtime path of "/home/gy/Omron_TM_ROS2/install/tm_msgs/lib/libtm_msgs__python.so" to ""
[129.174s] -- Installing: /home/gy/Omron_TM_ROS2/install/tm_msgs/share/tm_msgs/msg/FeedbackState.idl
[129.174s] -- Installing: /home/gy/Omron_TM_ROS2/install/tm_msgs/share/tm_msgs/msg/SvrResponse.idl
[129.174s] -- Installing: /home/gy/Omron_TM_ROS2/install/tm_msgs/share/tm_msgs/msg/SctResponse.idl
[129.174s] -- Installing: /home/gy/Omron_TM_ROS2/install/tm_msgs/share/tm_msgs/msg/StaResponse.idl
[129.174s] -- Installing: /home/gy/Omron_TM_ROS2/install/tm_msgs/share/tm_msgs/srv/ConnectTM.idl
[129.179s] -- Installing: /home/gy/Omron_TM_ROS2/install/tm_msgs/share/tm_msgs/srv/WriteItem.idl
[129.180s] -- Installing: /home/gy/Omron_TM_ROS2/install/tm_msgs/share/tm_msgs/srv/AskItem.idl
[129.180s] -- Installing: /home/gy/Omron_TM_ROS2/install/tm_msgs/share/tm_msgs/srv/SendScript.idl
[129.180s] -- Installing: /home/gy/Omron_TM_ROS2/install/tm_msgs/share/tm_msgs/srv/SetEvent.idl
[129.180s] -- Installing: /home/gy/Omron_TM_ROS2/install/tm_msgs/share/tm_msgs/srv/SetIO.idl
[129.180s] -- Installing: /home/gy/Omron_TM_ROS2/install/tm_msgs/share/tm_msgs/srv/SetPositions.idl
[129.180s] -- Installing: /home/gy/Omron_TM_ROS2/install/tm_msgs/share/tm_msgs/srv/AskSta.idl
[129.181s] -- Installing: /home/gy/Omron_TM_ROS2/install/tm_msgs/share/tm_msgs/msg/FeedbackState.msg
[129.181s] -- Installing: /home/gy/Omron_TM_ROS2/install/tm_msgs/share/tm_msgs/msg/SvrResponse.msg
[129.181s] -- Installing: /home/gy/Omron_TM_ROS2/install/tm_msgs/share/tm_msgs/msg/SctResponse.msg
[129.181s] -- Installing: /home/gy/Omron_TM_ROS2/install/tm_msgs/share/tm_msgs/msg/StaResponse.msg
[129.184s] -- Installing: /home/gy/Omron_TM_ROS2/install/tm_msgs/share/tm_msgs/srv/ConnectTM.srv
[129.184s] -- Installing: /home/gy/Omron_TM_ROS2/install/tm_msgs/share/tm_msgs/srv/ConnectTM_Request.msg
[129.184s] -- Installing: /home/gy/Omron_TM_ROS2/install/tm_msgs/share/tm_msgs/srv/ConnectTM_Response.msg
[129.184s] -- Installing: /home/gy/Omron_TM_ROS2/install/tm_msgs/share/tm_msgs/srv/WriteItem.srv
[129.185s] -- Installing: /home/gy/Omron_TM_ROS2/install/tm_msgs/share/tm_msgs/srv/WriteItem_Request.msg
[129.185s] -- Installing: /home/gy/Omron_TM_ROS2/install/tm_msgs/share/tm_msgs/srv/WriteItem_Response.msg
[129.186s] -- Installing: /home/gy/Omron_TM_ROS2/install/tm_msgs/share/tm_msgs/srv/AskItem.srv
[129.188s] -- Installing: /home/gy/Omron_TM_ROS2/install/tm_msgs/share/tm_msgs/srv/AskItem_Request.msg
[129.189s] -- Installing: /home/gy/Omron_TM_ROS2/install/tm_msgs/share/tm_msgs/srv/AskItem_Response.msg
[129.189s] -- Installing: /home/gy/Omron_TM_ROS2/install/tm_msgs/share/tm_msgs/srv/SendScript.srv
[129.189s] -- Installing: /home/gy/Omron_TM_ROS2/install/tm_msgs/share/tm_msgs/srv/SendScript_Request.msg
[129.189s] -- Installing: /home/gy/Omron_TM_ROS2/install/tm_msgs/share/tm_msgs/srv/SendScript_Response.msg
[129.189s] -- Installing: /home/gy/Omron_TM_ROS2/install/tm_msgs/share/tm_msgs/srv/SetEvent.srv
[129.192s] -- Installing: /home/gy/Omron_TM_ROS2/install/tm_msgs/share/tm_msgs/srv/SetEvent_Request.msg
[129.193s] -- Installing: /home/gy/Omron_TM_ROS2/install/tm_msgs/share/tm_msgs/srv/SetEvent_Response.msg
[129.193s] -- Installing: /home/gy/Omron_TM_ROS2/install/tm_msgs/share/tm_msgs/srv/SetIO.srv
[129.193s] -- Installing: /home/gy/Omron_TM_ROS2/install/tm_msgs/share/tm_msgs/srv/SetIO_Request.msg
[129.193s] -- Installing: /home/gy/Omron_TM_ROS2/install/tm_msgs/share/tm_msgs/srv/SetIO_Response.msg
[129.194s] -- Installing: /home/gy/Omron_TM_ROS2/install/tm_msgs/share/tm_msgs/srv/SetPositions.srv
[129.194s] -- Installing: /home/gy/Omron_TM_ROS2/install/tm_msgs/share/tm_msgs/srv/SetPositions_Request.msg
[129.194s] -- Installing: /home/gy/Omron_TM_ROS2/install/tm_msgs/share/tm_msgs/srv/SetPositions_Response.msg
[129.195s] -- Installing: /home/gy/Omron_TM_ROS2/install/tm_msgs/share/tm_msgs/srv/AskSta.srv
[129.195s] -- Installing: /home/gy/Omron_TM_ROS2/install/tm_msgs/share/tm_msgs/srv/AskSta_Request.msg
[129.195s] -- Installing: /home/gy/Omron_TM_ROS2/install/tm_msgs/share/tm_msgs/srv/AskSta_Response.msg
[129.196s] -- Installing: /home/gy/Omron_TM_ROS2/install/tm_msgs/share/ament_index/resource_index/package_run_dependencies/tm_msgs
[129.196s] -- Installing: /home/gy/Omron_TM_ROS2/install/tm_msgs/share/ament_index/resource_index/parent_prefix_path/tm_msgs
[129.196s] -- Installing: /home/gy/Omron_TM_ROS2/install/tm_msgs/share/tm_msgs/environment/ament_prefix_path.sh
[129.197s] -- Installing: /home/gy/Omron_TM_ROS2/install/tm_msgs/share/tm_msgs/environment/ament_prefix_path.dsv
[129.197s] -- Installing: /home/gy/Omron_TM_ROS2/install/tm_msgs/share/tm_msgs/environment/path.sh
[129.200s] -- Installing: /home/gy/Omron_TM_ROS2/install/tm_msgs/share/tm_msgs/environment/path.dsv
[129.200s] -- Installing: /home/gy/Omron_TM_ROS2/install/tm_msgs/share/tm_msgs/local_setup.bash
[129.200s] -- Installing: /home/gy/Omron_TM_ROS2/install/tm_msgs/share/tm_msgs/local_setup.sh
[129.202s] -- Installing: /home/gy/Omron_TM_ROS2/install/tm_msgs/share/tm_msgs/local_setup.zsh
[129.202s] -- Installing: /home/gy/Omron_TM_ROS2/install/tm_msgs/share/tm_msgs/local_setup.dsv
[129.203s] -- Installing: /home/gy/Omron_TM_ROS2/install/tm_msgs/share/tm_msgs/package.dsv
[129.203s] -- Installing: /home/gy/Omron_TM_ROS2/install/tm_msgs/share/ament_index/resource_index/packages/tm_msgs
[129.203s] -- Installing: /home/gy/Omron_TM_ROS2/install/tm_msgs/share/tm_msgs/cmake/tm_msgs__rosidl_generator_cExport.cmake
[129.205s] -- Installing: /home/gy/Omron_TM_ROS2/install/tm_msgs/share/tm_msgs/cmake/tm_msgs__rosidl_generator_cExport-noconfig.cmake
[129.205s] -- Installing: /home/gy/Omron_TM_ROS2/install/tm_msgs/share/tm_msgs/cmake/tm_msgs__rosidl_typesupport_introspection_cExport.cmake
[129.206s] -- Installing: /home/gy/Omron_TM_ROS2/install/tm_msgs/share/tm_msgs/cmake/tm_msgs__rosidl_typesupport_introspection_cExport-noconfig.cmake
[129.206s] -- Installing: /home/gy/Omron_TM_ROS2/install/tm_msgs/share/tm_msgs/cmake/tm_msgs__rosidl_typesupport_cExport.cmake
[129.206s] -- Installing: /home/gy/Omron_TM_ROS2/install/tm_msgs/share/tm_msgs/cmake/tm_msgs__rosidl_typesupport_cExport-noconfig.cmake
[129.206s] -- Installing: /home/gy/Omron_TM_ROS2/install/tm_msgs/share/tm_msgs/cmake/tm_msgs__rosidl_generator_cppExport.cmake
[129.208s] -- Installing: /home/gy/Omron_TM_ROS2/install/tm_msgs/share/tm_msgs/cmake/tm_msgs__rosidl_typesupport_introspection_cppExport.cmake
[129.208s] -- Installing: /home/gy/Omron_TM_ROS2/install/tm_msgs/share/tm_msgs/cmake/tm_msgs__rosidl_typesupport_introspection_cppExport-noconfig.cmake
[129.208s] -- Installing: /home/gy/Omron_TM_ROS2/install/tm_msgs/share/tm_msgs/cmake/tm_msgs__rosidl_typesupport_cppExport.cmake
[129.209s] -- Installing: /home/gy/Omron_TM_ROS2/install/tm_msgs/share/tm_msgs/cmake/tm_msgs__rosidl_typesupport_cppExport-noconfig.cmake
[129.209s] -- Installing: /home/gy/Omron_TM_ROS2/install/tm_msgs/share/tm_msgs/cmake/rosidl_cmake-extras.cmake
[129.209s] -- Installing: /home/gy/Omron_TM_ROS2/install/tm_msgs/share/tm_msgs/cmake/ament_cmake_export_dependencies-extras.cmake
[129.211s] -- Installing: /home/gy/Omron_TM_ROS2/install/tm_msgs/share/tm_msgs/cmake/ament_cmake_export_libraries-extras.cmake
[129.212s] -- Installing: /home/gy/Omron_TM_ROS2/install/tm_msgs/share/tm_msgs/cmake/ament_cmake_export_targets-extras.cmake
[129.212s] -- Installing: /home/gy/Omron_TM_ROS2/install/tm_msgs/share/tm_msgs/cmake/ament_cmake_export_include_directories-extras.cmake
[129.212s] -- Installing: /home/gy/Omron_TM_ROS2/install/tm_msgs/share/tm_msgs/cmake/rosidl_cmake_export_typesupport_libraries-extras.cmake
[129.213s] -- Installing: /home/gy/Omron_TM_ROS2/install/tm_msgs/share/tm_msgs/cmake/rosidl_cmake_export_typesupport_targets-extras.cmake
[129.213s] -- Installing: /home/gy/Omron_TM_ROS2/install/tm_msgs/share/tm_msgs/cmake/tm_msgsConfig.cmake
[129.213s] -- Installing: /home/gy/Omron_TM_ROS2/install/tm_msgs/share/tm_msgs/cmake/tm_msgsConfig-version.cmake
[129.213s] -- Installing: /home/gy/Omron_TM_ROS2/install/tm_msgs/share/tm_msgs/package.xml
[129.222s] Invoked command in '/home/gy/Omron_TM_ROS2/build/tm_msgs' returned '0': CMAKE_PREFIX_PATH=${CMAKE_PREFIX_PATH}:/home/gy/Omron_TM_ROS2/install/tmr_mod_urdf:/home/gy/Omron_TM_ROS2/install/tm_get_status:/home/gy/Omron_TM_ROS2/install/rviz_tm:/home/gy/Omron_TM_ROS2/install/pickplace:/opt/ros/foxy /usr/bin/cmake --install /home/gy/Omron_TM_ROS2/build/tm_msgs
