[0.505s] Invoking command in '/home/gy/Omron_TM_ROS2/src/pickplace': PYTHONPATH=/home/gy/Omron_TM_ROS2/src/install/pickplace/lib/python3.8/site-packages:${PYTHONPATH} /usr/bin/python3 setup.py egg_info --egg-base ../build/pickplace build --build-base /home/gy/Omron_TM_ROS2/src/build/pickplace/build install --prefix /home/gy/Omron_TM_ROS2/src/install/pickplace --record /home/gy/Omron_TM_ROS2/src/build/pickplace/install.log --single-version-externally-managed
[0.966s] running egg_info
[0.967s] writing ../build/pickplace/pickplace.egg-info/PKG-INFO
[0.968s] writing dependency_links to ../build/pickplace/pickplace.egg-info/dependency_links.txt
[0.968s] writing entry points to ../build/pickplace/pickplace.egg-info/entry_points.txt
[0.968s] writing requirements to ../build/pickplace/pickplace.egg-info/requires.txt
[0.968s] writing top-level names to ../build/pickplace/pickplace.egg-info/top_level.txt
[1.041s] reading manifest file '../build/pickplace/pickplace.egg-info/SOURCES.txt'
[1.043s] writing manifest file '../build/pickplace/pickplace.egg-info/SOURCES.txt'
[1.044s] running build
[1.044s] running build_py
[1.044s] running install
[1.046s] running install_lib
[1.049s] running install_data
[1.051s] running install_egg_info
[1.054s] removing '/home/gy/Omron_TM_ROS2/src/install/pickplace/lib/python3.8/site-packages/pickplace-0.0.0-py3.8.egg-info' (and everything under it)
[1.054s] Copying ../build/pickplace/pickplace.egg-info to /home/gy/Omron_TM_ROS2/src/install/pickplace/lib/python3.8/site-packages/pickplace-0.0.0-py3.8.egg-info
[1.056s] running install_scripts
[1.094s] Installing pickplace script to /home/gy/Omron_TM_ROS2/src/install/pickplace/lib/pickplace
[1.095s] writing list of installed files to '/home/gy/Omron_TM_ROS2/src/build/pickplace/install.log'
[1.131s] Invoked command in '/home/gy/Omron_TM_ROS2/src/pickplace' returned '0': PYTHONPATH=/home/gy/Omron_TM_ROS2/src/install/pickplace/lib/python3.8/site-packages:${PYTHONPATH} /usr/bin/python3 setup.py egg_info --egg-base ../build/pickplace build --build-base /home/gy/Omron_TM_ROS2/src/build/pickplace/build install --prefix /home/gy/Omron_TM_ROS2/src/install/pickplace --record /home/gy/Omron_TM_ROS2/src/build/pickplace/install.log --single-version-externally-managed
