[0.071s] Invoking command in '/home/gy/Omron_TM_ROS2/build/tmrlib': CMAKE_PREFIX_PATH=${CMAKE_PREFIX_PATH}:/home/gy/Omron_TM_ROS2/install/tmr_mod_urdf:/home/gy/Omron_TM_ROS2/install/tm_get_status:/home/gy/Omron_TM_ROS2/install/rviz_tm:/home/gy/Omron_TM_ROS2/install/pickplace:/opt/ros/foxy /usr/bin/cmake /home/gy/Omron_TM_ROS2/tmrlib -DCMAKE_INSTALL_PREFIX=/home/gy/Omron_TM_ROS2/install/tmrlib
[0.340s] -- The C compiler identification is GNU 9.3.0
[0.587s] -- The CXX compiler identification is GNU 9.3.0
[0.624s] -- Check for working C compiler: /usr/bin/cc
[0.983s] -- Check for working C compiler: /usr/bin/cc -- works
[0.985s] -- Detecting C compiler ABI info
[1.338s] -- Detecting C compiler ABI info - done
[1.408s] -- Detecting C compile features
[1.408s] -- Detecting C compile features - done
[1.430s] -- Check for working CXX compiler: /usr/bin/c++
[1.795s] -- Check for working CXX compiler: /usr/bin/c++ -- works
[1.803s] -- Detecting CXX compiler ABI info
[2.208s] -- Detecting CXX compiler ABI info - done
[2.301s] -- Detecting CXX compile features
[2.303s] -- Detecting CXX compile features - done
[2.307s] -- Found ament_cmake: 0.9.8 (/opt/ros/foxy/share/ament_cmake/cmake)
[2.389s] -- Found PythonInterp: /usr/bin/python3 (found suitable version "3.8.5", minimum required is "3") 
[2.390s] -- Using PYTHON_EXECUTABLE: /usr/bin/python3
[3.077s] -- Found rclcpp: 2.3.1 (/opt/ros/foxy/share/rclcpp/cmake)
[3.259s] -- Using all available rosidl_typesupport_c: rosidl_typesupport_fastrtps_c;rosidl_typesupport_introspection_c
[3.274s] -- Found rosidl_adapter: 1.2.1 (/opt/ros/foxy/share/rosidl_adapter/cmake)
[3.565s] -- Found OpenSSL: /usr/lib/x86_64-linux-gnu/libcrypto.so (found version "1.1.1f")  
[3.710s] -- Found FastRTPS: /opt/ros/foxy/include  
[4.117s] -- Using all available rosidl_typesupport_cpp: rosidl_typesupport_fastrtps_cpp;rosidl_typesupport_introspection_cpp
[4.422s] -- Found rmw_implementation_cmake: 1.0.3 (/opt/ros/foxy/share/rmw_implementation_cmake/cmake)
[4.428s] -- Using RMW implementation 'rmw_fastrtps_cpp' as default
[4.441s] -- Looking for pthread.h
[4.829s] -- Looking for pthread.h - found
[4.829s] -- Performing Test CMAKE_HAVE_LIBC_PTHREAD
[5.082s] -- Performing Test CMAKE_HAVE_LIBC_PTHREAD - Failed
[5.082s] -- Looking for pthread_create in pthreads
[5.253s] -- Looking for pthread_create in pthreads - not found
[5.254s] -- Looking for pthread_create in pthread
[5.418s] -- Looking for pthread_create in pthread - found
[5.420s] -- Found Threads: TRUE  
[6.129s] -- Found ament_lint_auto: 0.9.6 (/opt/ros/foxy/share/ament_lint_auto/cmake)
[6.454s] -- Added test 'copyright' to check source files copyright and LICENSE
[6.459s] -- Added test 'cppcheck' to perform static code analysis on C / C++ code
[6.459s] -- Configured cppcheck include dirs: /home/gy/Omron_TM_ROS2/tmrlib/include
[6.460s] -- Configured cppcheck exclude dirs and/or files: 
[6.470s] -- Added test 'cpplint' to check C / C++ code against the Google style
[6.472s] -- Configured cpplint exclude dirs and/or files: 
[6.472s] -- Added test 'lint_cmake' to check CMake code style
[6.473s] -- Added test 'uncrustify' to check C / C++ code style
[6.473s] -- Configured uncrustify additional arguments: 
[6.483s] -- Added test 'xmllint' to check XML markup files
[6.494s] -- Configuring done
[6.533s] -- Generating done
[6.534s] -- Build files have been written to: /home/gy/Omron_TM_ROS2/build/tmrlib
[6.562s] Invoked command in '/home/gy/Omron_TM_ROS2/build/tmrlib' returned '0': CMAKE_PREFIX_PATH=${CMAKE_PREFIX_PATH}:/home/gy/Omron_TM_ROS2/install/tmr_mod_urdf:/home/gy/Omron_TM_ROS2/install/tm_get_status:/home/gy/Omron_TM_ROS2/install/rviz_tm:/home/gy/Omron_TM_ROS2/install/pickplace:/opt/ros/foxy /usr/bin/cmake /home/gy/Omron_TM_ROS2/tmrlib -DCMAKE_INSTALL_PREFIX=/home/gy/Omron_TM_ROS2/install/tmrlib
[6.574s] Invoking command in '/home/gy/Omron_TM_ROS2/build/tmrlib': CMAKE_PREFIX_PATH=${CMAKE_PREFIX_PATH}:/home/gy/Omron_TM_ROS2/install/tmr_mod_urdf:/home/gy/Omron_TM_ROS2/install/tm_get_status:/home/gy/Omron_TM_ROS2/install/rviz_tm:/home/gy/Omron_TM_ROS2/install/pickplace:/opt/ros/foxy /usr/bin/cmake --build /home/gy/Omron_TM_ROS2/build/tmrlib -- -j3 -l3
[6.786s] [35m[1mScanning dependencies of target tmrdriver[0m
[6.868s] [ 12%] [32mBuilding CXX object CMakeFiles/tmrdriver.dir/src/tmr_driver.cpp.o[0m
[8.911s] [ 25%] [32mBuilding CXX object CMakeFiles/tmrdriver.dir/src/tmr_tmsct_communication.cpp.o[0m
[10.749s] [ 37%] [32mBuilding CXX object CMakeFiles/tmrdriver.dir/src/tmr_tmsvr_communication.cpp.o[0m
[13.055s] [ 50%] [32mBuilding CXX object CMakeFiles/tmrdriver.dir/src/tmr_communication.cpp.o[0m
[15.589s] [ 62%] [32mBuilding CXX object CMakeFiles/tmrdriver.dir/src/tmr_robot_state.cpp.o[0m
[18.757s] [ 75%] [32mBuilding CXX object CMakeFiles/tmrdriver.dir/src/tmr_tmpacket.cpp.o[0m
[20.891s] [ 87%] [32mBuilding CXX object CMakeFiles/tmrdriver.dir/src/tmr_command.cpp.o[0m
[22.499s] [100%] [32m[1mLinking CXX static library libtmrdriver.a[0m
[22.673s] [100%] Built target tmrdriver
[22.699s] Invoked command in '/home/gy/Omron_TM_ROS2/build/tmrlib' returned '0': CMAKE_PREFIX_PATH=${CMAKE_PREFIX_PATH}:/home/gy/Omron_TM_ROS2/install/tmr_mod_urdf:/home/gy/Omron_TM_ROS2/install/tm_get_status:/home/gy/Omron_TM_ROS2/install/rviz_tm:/home/gy/Omron_TM_ROS2/install/pickplace:/opt/ros/foxy /usr/bin/cmake --build /home/gy/Omron_TM_ROS2/build/tmrlib -- -j3 -l3
[22.946s] Invoking command in '/home/gy/Omron_TM_ROS2/build/tmrlib': CMAKE_PREFIX_PATH=${CMAKE_PREFIX_PATH}:/home/gy/Omron_TM_ROS2/install/tmr_mod_urdf:/home/gy/Omron_TM_ROS2/install/tm_get_status:/home/gy/Omron_TM_ROS2/install/rviz_tm:/home/gy/Omron_TM_ROS2/install/pickplace:/opt/ros/foxy /usr/bin/cmake --install /home/gy/Omron_TM_ROS2/build/tmrlib
[22.973s] -- Install configuration: ""
[22.985s] -- Installing: /home/gy/Omron_TM_ROS2/install/tmrlib/share/tmrlib/environment/library_path.sh
[22.986s] -- Installing: /home/gy/Omron_TM_ROS2/install/tmrlib/share/tmrlib/environment/library_path.dsv
[22.987s] -- Installing: /home/gy/Omron_TM_ROS2/install/tmrlib/include
[22.992s] -- Installing: /home/gy/Omron_TM_ROS2/install/tmrlib/include/tmr
[22.992s] -- Installing: /home/gy/Omron_TM_ROS2/install/tmrlib/include/tmr/tmr_communication.h
[22.992s] -- Installing: /home/gy/Omron_TM_ROS2/install/tmrlib/include/tmr/tmr_tmpacket.h
[22.992s] -- Installing: /home/gy/Omron_TM_ROS2/install/tmrlib/include/tmr/tmr_print.h
[22.993s] -- Installing: /home/gy/Omron_TM_ROS2/install/tmrlib/include/tmr/tmr_robot_state.h
[22.993s] -- Installing: /home/gy/Omron_TM_ROS2/install/tmrlib/include/tmr/tmr_tmsct_communication.h
[22.993s] -- Installing: /home/gy/Omron_TM_ROS2/install/tmrlib/include/tmr/tmr_command.h
[22.993s] -- Installing: /home/gy/Omron_TM_ROS2/install/tmrlib/include/tmr/tmr_tmsvr_communication.h
[22.993s] -- Installing: /home/gy/Omron_TM_ROS2/install/tmrlib/include/tmr/tmr_data_table.h
[23.054s] -- Installing: /home/gy/Omron_TM_ROS2/install/tmrlib/include/tmr/tmr_driver.h
[23.054s] -- Installing: /home/gy/Omron_TM_ROS2/install/tmrlib/lib/libtmrdriver.a
[23.056s] -- Installing: /home/gy/Omron_TM_ROS2/install/tmrlib/share/ament_index/resource_index/package_run_dependencies/tmrlib
[23.057s] -- Installing: /home/gy/Omron_TM_ROS2/install/tmrlib/share/ament_index/resource_index/parent_prefix_path/tmrlib
[23.058s] -- Installing: /home/gy/Omron_TM_ROS2/install/tmrlib/share/tmrlib/environment/ament_prefix_path.sh
[23.064s] -- Installing: /home/gy/Omron_TM_ROS2/install/tmrlib/share/tmrlib/environment/ament_prefix_path.dsv
[23.064s] -- Installing: /home/gy/Omron_TM_ROS2/install/tmrlib/share/tmrlib/environment/path.sh
[23.064s] -- Installing: /home/gy/Omron_TM_ROS2/install/tmrlib/share/tmrlib/environment/path.dsv
[23.064s] -- Installing: /home/gy/Omron_TM_ROS2/install/tmrlib/share/tmrlib/local_setup.bash
[23.064s] -- Installing: /home/gy/Omron_TM_ROS2/install/tmrlib/share/tmrlib/local_setup.sh
[23.065s] -- Installing: /home/gy/Omron_TM_ROS2/install/tmrlib/share/tmrlib/local_setup.zsh
[23.065s] -- Installing: /home/gy/Omron_TM_ROS2/install/tmrlib/share/tmrlib/local_setup.dsv
[23.065s] -- Installing: /home/gy/Omron_TM_ROS2/install/tmrlib/share/tmrlib/package.dsv
[23.065s] -- Installing: /home/gy/Omron_TM_ROS2/install/tmrlib/share/ament_index/resource_index/packages/tmrlib
[23.065s] -- Installing: /home/gy/Omron_TM_ROS2/install/tmrlib/share/tmrlib/cmake/export_tmrdriverExport.cmake
[23.065s] -- Installing: /home/gy/Omron_TM_ROS2/install/tmrlib/share/tmrlib/cmake/export_tmrdriverExport-noconfig.cmake
[23.065s] -- Installing: /home/gy/Omron_TM_ROS2/install/tmrlib/share/tmrlib/cmake/ament_cmake_export_targets-extras.cmake
[23.065s] -- Installing: /home/gy/Omron_TM_ROS2/install/tmrlib/share/tmrlib/cmake/tmrlibConfig.cmake
[23.066s] -- Installing: /home/gy/Omron_TM_ROS2/install/tmrlib/share/tmrlib/cmake/tmrlibConfig-version.cmake
[23.066s] -- Installing: /home/gy/Omron_TM_ROS2/install/tmrlib/share/tmrlib/package.xml
[23.077s] Invoked command in '/home/gy/Omron_TM_ROS2/build/tmrlib' returned '0': CMAKE_PREFIX_PATH=${CMAKE_PREFIX_PATH}:/home/gy/Omron_TM_ROS2/install/tmr_mod_urdf:/home/gy/Omron_TM_ROS2/install/tm_get_status:/home/gy/Omron_TM_ROS2/install/rviz_tm:/home/gy/Omron_TM_ROS2/install/pickplace:/opt/ros/foxy /usr/bin/cmake --install /home/gy/Omron_TM_ROS2/build/tmrlib
