running egg_info
creating ../build/rviz_tm/rviz_tm.egg-info
writing ../build/rviz_tm/rviz_tm.egg-info/PKG-INFO
writing dependency_links to ../build/rviz_tm/rviz_tm.egg-info/dependency_links.txt
writing entry points to ../build/rviz_tm/rviz_tm.egg-info/entry_points.txt
writing requirements to ../build/rviz_tm/rviz_tm.egg-info/requires.txt
writing top-level names to ../build/rviz_tm/rviz_tm.egg-info/top_level.txt
writing manifest file '../build/rviz_tm/rviz_tm.egg-info/SOURCES.txt'
reading manifest file '../build/rviz_tm/rviz_tm.egg-info/SOURCES.txt'
writing manifest file '../build/rviz_tm/rviz_tm.egg-info/SOURCES.txt'
running build
running build_py
creating /home/gy/Omron_TM_ROS2/build/rviz_tm/build
creating /home/gy/Omron_TM_ROS2/build/rviz_tm/build/lib
creating /home/gy/Omron_TM_ROS2/build/rviz_tm/build/lib/rviz_tm
copying rviz_tm/__init__.py -> /home/gy/Omron_TM_ROS2/build/rviz_tm/build/lib/rviz_tm
running install
running install_lib
creating /home/gy/Omron_TM_ROS2/install/rviz_tm/lib/python3.8/site-packages/rviz_tm
copying /home/gy/Omron_TM_ROS2/build/rviz_tm/build/lib/rviz_tm/__init__.py -> /home/gy/Omron_TM_ROS2/install/rviz_tm/lib/python3.8/site-packages/rviz_tm
byte-compiling /home/gy/Omron_TM_ROS2/install/rviz_tm/lib/python3.8/site-packages/rviz_tm/__init__.py to __init__.cpython-38.pyc
running install_data
running install_egg_info
Copying ../build/rviz_tm/rviz_tm.egg-info to /home/gy/Omron_TM_ROS2/install/rviz_tm/lib/python3.8/site-packages/rviz_tm-0.0.0-py3.8.egg-info
running install_scripts
writing list of installed files to '/home/gy/Omron_TM_ROS2/build/rviz_tm/install.log'
