[0.697s] Invoking command in '/home/gy/Omron_TM_ROS2/rviz_tm': PYTHONPATH=/home/gy/Omron_TM_ROS2/install/rviz_tm/lib/python3.8/site-packages:${PYTHONPATH} /usr/bin/python3 setup.py egg_info --egg-base ../build/rviz_tm build --build-base /home/gy/Omron_TM_ROS2/build/rviz_tm/build install --prefix /home/gy/Omron_TM_ROS2/install/rviz_tm --record /home/gy/Omron_TM_ROS2/build/rviz_tm/install.log --single-version-externally-managed
[1.233s] running egg_info
[1.235s] creating ../build/rviz_tm/rviz_tm.egg-info
[1.301s] writing ../build/rviz_tm/rviz_tm.egg-info/PKG-INFO
[1.302s] writing dependency_links to ../build/rviz_tm/rviz_tm.egg-info/dependency_links.txt
[1.302s] writing entry points to ../build/rviz_tm/rviz_tm.egg-info/entry_points.txt
[1.303s] writing requirements to ../build/rviz_tm/rviz_tm.egg-info/requires.txt
[1.303s] writing top-level names to ../build/rviz_tm/rviz_tm.egg-info/top_level.txt
[1.306s] writing manifest file '../build/rviz_tm/rviz_tm.egg-info/SOURCES.txt'
[1.406s] reading manifest file '../build/rviz_tm/rviz_tm.egg-info/SOURCES.txt'
[1.410s] writing manifest file '../build/rviz_tm/rviz_tm.egg-info/SOURCES.txt'
[1.411s] running build
[1.411s] running build_py
[1.412s] creating /home/gy/Omron_TM_ROS2/build/rviz_tm/build
[1.412s] creating /home/gy/Omron_TM_ROS2/build/rviz_tm/build/lib
[1.413s] creating /home/gy/Omron_TM_ROS2/build/rviz_tm/build/lib/rviz_tm
[1.413s] copying rviz_tm/__init__.py -> /home/gy/Omron_TM_ROS2/build/rviz_tm/build/lib/rviz_tm
[1.414s] running install
[1.415s] running install_lib
[1.417s] creating /home/gy/Omron_TM_ROS2/install/rviz_tm/lib/python3.8/site-packages/rviz_tm
[1.418s] copying /home/gy/Omron_TM_ROS2/build/rviz_tm/build/lib/rviz_tm/__init__.py -> /home/gy/Omron_TM_ROS2/install/rviz_tm/lib/python3.8/site-packages/rviz_tm
[1.419s] byte-compiling /home/gy/Omron_TM_ROS2/install/rviz_tm/lib/python3.8/site-packages/rviz_tm/__init__.py to __init__.cpython-38.pyc
[1.422s] running install_data
[1.423s] running install_egg_info
[1.426s] Copying ../build/rviz_tm/rviz_tm.egg-info to /home/gy/Omron_TM_ROS2/install/rviz_tm/lib/python3.8/site-packages/rviz_tm-0.0.0-py3.8.egg-info
[1.427s] running install_scripts
[1.466s] writing list of installed files to '/home/gy/Omron_TM_ROS2/build/rviz_tm/install.log'
[1.517s] Invoked command in '/home/gy/Omron_TM_ROS2/rviz_tm' returned '0': PYTHONPATH=/home/gy/Omron_TM_ROS2/install/rviz_tm/lib/python3.8/site-packages:${PYTHONPATH} /usr/bin/python3 setup.py egg_info --egg-base ../build/rviz_tm build --build-base /home/gy/Omron_TM_ROS2/build/rviz_tm/build install --prefix /home/gy/Omron_TM_ROS2/install/rviz_tm --record /home/gy/Omron_TM_ROS2/build/rviz_tm/install.log --single-version-externally-managed
