[0.016s] Invoking command in '/home/gy/tmr_ros2/build/tmr_driver': CMAKE_PREFIX_PATH=${CMAKE_PREFIX_PATH}:/home/gy/tmr_ros2/install/tmr_mod_urdf:/home/gy/tmr_ros2/install/tm_get_status:/opt/ros/foxy LD_LIBRARY_PATH=/home/gy/tmr_ros2/install/tmr_msgs/lib:/home/gy/tmr_ros2/install/tmrlib/lib:/home/gy/tmr_ros2/install/tm_msgs/lib:/home/gy/tmr_ros2/install/techman_robot_msgs/lib:/opt/ros/foxy/opt/yaml_cpp_vendor/lib:/opt/ros/foxy/opt/rviz_ogre_vendor/lib:/opt/ros/foxy/lib/x86_64-linux-gnu:/opt/ros/foxy/lib /usr/bin/cmake /home/gy/tmr_ros2/tmr_driver -DCMAKE_INSTALL_PREFIX=/home/gy/tmr_ros2/install/tmr_driver
[0.740s] -- Found ament_cmake: 0.9.8 (/opt/ros/foxy/share/ament_cmake/cmake)
[1.093s] -- Using PYTHON_EXECUTABLE: /usr/bin/python3
[2.558s] -- Found rclcpp: 2.3.0 (/opt/ros/foxy/share/rclcpp/cmake)
[3.828s] -- Using all available rosidl_typesupport_c: rosidl_typesupport_fastrtps_c;rosidl_typesupport_introspection_c
[4.049s] -- Found rosidl_adapter: 1.2.0 (/opt/ros/foxy/share/rosidl_adapter/cmake)
[5.712s] -- Using all available rosidl_typesupport_cpp: rosidl_typesupport_fastrtps_cpp;rosidl_typesupport_introspection_cpp
[6.550s] -- Found rmw_implementation_cmake: 1.0.2 (/opt/ros/foxy/share/rmw_implementation_cmake/cmake)
[6.560s] -- Using RMW implementation 'rmw_fastrtps_cpp' as default
[8.464s] -- Found sensor_msgs: 2.0.3 (/opt/ros/foxy/share/sensor_msgs/cmake)
[16.415s] -- Found trajectory_msgs: 2.0.3 (/opt/ros/foxy/share/trajectory_msgs/cmake)
[24.323s] -- Found rclcpp_action: 2.3.0 (/opt/ros/foxy/share/rclcpp_action/cmake)
[43.274s] -- Found tmr_msgs: 1.0.0 (/home/gy/tmr_ros2/install/tmr_msgs/share/tmr_msgs/cmake)
[43.749s] -- Found tmrlib: 1.0.0 (/home/gy/tmr_ros2/install/tmrlib/share/tmrlib/cmake)
[44.420s] -- Found ament_lint_auto: 0.9.6 (/opt/ros/foxy/share/ament_lint_auto/cmake)
[62.136s] -- Added test 'copyright' to check source files copyright and LICENSE
[62.315s] -- Added test 'cppcheck' to perform static code analysis on C / C++ code
[62.316s] -- Configured cppcheck include dirs: /home/gy/tmr_ros2/tmr_driver/include
[62.316s] -- Configured cppcheck exclude dirs and/or files: 
[62.351s] -- Added test 'cpplint' to check C / C++ code against the Google style
[62.351s] -- Configured cpplint exclude dirs and/or files: 
[62.420s] -- Added test 'flake8' to check Python code syntax and style conventions
[62.477s] -- Added test 'lint_cmake' to check CMake code style
[62.490s] -- Added test 'pep257' to check Python code against some of the style conventions in PEP 257
[62.508s] -- Added test 'uncrustify' to check C / C++ code style
[62.509s] -- Configured uncrustify additional arguments: 
[62.542s] -- Added test 'xmllint' to check XML markup files
[66.379s] -- Configuring done
[66.951s] -- Generating done
[66.955s] -- Build files have been written to: /home/gy/tmr_ros2/build/tmr_driver
[67.158s] Invoked command in '/home/gy/tmr_ros2/build/tmr_driver' returned '0': CMAKE_PREFIX_PATH=${CMAKE_PREFIX_PATH}:/home/gy/tmr_ros2/install/tmr_mod_urdf:/home/gy/tmr_ros2/install/tm_get_status:/opt/ros/foxy LD_LIBRARY_PATH=/home/gy/tmr_ros2/install/tmr_msgs/lib:/home/gy/tmr_ros2/install/tmrlib/lib:/home/gy/tmr_ros2/install/tm_msgs/lib:/home/gy/tmr_ros2/install/techman_robot_msgs/lib:/opt/ros/foxy/opt/yaml_cpp_vendor/lib:/opt/ros/foxy/opt/rviz_ogre_vendor/lib:/opt/ros/foxy/lib/x86_64-linux-gnu:/opt/ros/foxy/lib /usr/bin/cmake /home/gy/tmr_ros2/tmr_driver -DCMAKE_INSTALL_PREFIX=/home/gy/tmr_ros2/install/tmr_driver
[67.191s] Invoking command in '/home/gy/tmr_ros2/build/tmr_driver': CMAKE_PREFIX_PATH=${CMAKE_PREFIX_PATH}:/home/gy/tmr_ros2/install/tmr_mod_urdf:/home/gy/tmr_ros2/install/tm_get_status:/opt/ros/foxy LD_LIBRARY_PATH=/home/gy/tmr_ros2/install/tmr_msgs/lib:/home/gy/tmr_ros2/install/tmrlib/lib:/home/gy/tmr_ros2/install/tm_msgs/lib:/home/gy/tmr_ros2/install/techman_robot_msgs/lib:/opt/ros/foxy/opt/yaml_cpp_vendor/lib:/opt/ros/foxy/opt/rviz_ogre_vendor/lib:/opt/ros/foxy/lib/x86_64-linux-gnu:/opt/ros/foxy/lib /usr/bin/cmake --build /home/gy/tmr_ros2/build/tmr_driver -- -j3 -l3
[67.319s] Invoked command in '/home/gy/tmr_ros2/build/tmr_driver' returned '0': CMAKE_PREFIX_PATH=${CMAKE_PREFIX_PATH}:/home/gy/tmr_ros2/install/tmr_mod_urdf:/home/gy/tmr_ros2/install/tm_get_status:/opt/ros/foxy LD_LIBRARY_PATH=/home/gy/tmr_ros2/install/tmr_msgs/lib:/home/gy/tmr_ros2/install/tmrlib/lib:/home/gy/tmr_ros2/install/tm_msgs/lib:/home/gy/tmr_ros2/install/techman_robot_msgs/lib:/opt/ros/foxy/opt/yaml_cpp_vendor/lib:/opt/ros/foxy/opt/rviz_ogre_vendor/lib:/opt/ros/foxy/lib/x86_64-linux-gnu:/opt/ros/foxy/lib /usr/bin/cmake --build /home/gy/tmr_ros2/build/tmr_driver -- -j3 -l3
[67.361s] Invoking command in '/home/gy/tmr_ros2/build/tmr_driver': CMAKE_PREFIX_PATH=${CMAKE_PREFIX_PATH}:/home/gy/tmr_ros2/install/tmr_mod_urdf:/home/gy/tmr_ros2/install/tm_get_status:/opt/ros/foxy LD_LIBRARY_PATH=/home/gy/tmr_ros2/install/tmr_msgs/lib:/home/gy/tmr_ros2/install/tmrlib/lib:/home/gy/tmr_ros2/install/tm_msgs/lib:/home/gy/tmr_ros2/install/techman_robot_msgs/lib:/opt/ros/foxy/opt/yaml_cpp_vendor/lib:/opt/ros/foxy/opt/rviz_ogre_vendor/lib:/opt/ros/foxy/lib/x86_64-linux-gnu:/opt/ros/foxy/lib /usr/bin/cmake --install /home/gy/tmr_ros2/build/tmr_driver
[67.374s] -- Install configuration: ""
[67.415s] -- Installing: /home/gy/tmr_ros2/install/tmr_driver/share/ament_index/resource_index/package_run_dependencies/tmr_driver
[67.416s] -- Installing: /home/gy/tmr_ros2/install/tmr_driver/share/ament_index/resource_index/parent_prefix_path/tmr_driver
[67.422s] -- Installing: /home/gy/tmr_ros2/install/tmr_driver/share/tmr_driver/environment/ament_prefix_path.sh
[67.422s] -- Installing: /home/gy/tmr_ros2/install/tmr_driver/share/tmr_driver/environment/ament_prefix_path.dsv
[67.423s] -- Installing: /home/gy/tmr_ros2/install/tmr_driver/share/tmr_driver/environment/path.sh
[67.424s] -- Installing: /home/gy/tmr_ros2/install/tmr_driver/share/tmr_driver/environment/path.dsv
[67.424s] -- Installing: /home/gy/tmr_ros2/install/tmr_driver/share/tmr_driver/local_setup.bash
[67.425s] -- Installing: /home/gy/tmr_ros2/install/tmr_driver/share/tmr_driver/local_setup.sh
[67.425s] -- Installing: /home/gy/tmr_ros2/install/tmr_driver/share/tmr_driver/local_setup.zsh
[67.426s] -- Installing: /home/gy/tmr_ros2/install/tmr_driver/share/tmr_driver/local_setup.dsv
[67.426s] -- Installing: /home/gy/tmr_ros2/install/tmr_driver/share/tmr_driver/package.dsv
[67.427s] -- Installing: /home/gy/tmr_ros2/install/tmr_driver/share/ament_index/resource_index/packages/tmr_driver
[67.428s] -- Installing: /home/gy/tmr_ros2/install/tmr_driver/share/tmr_driver/cmake/tmr_driverConfig.cmake
[67.428s] -- Installing: /home/gy/tmr_ros2/install/tmr_driver/share/tmr_driver/cmake/tmr_driverConfig-version.cmake
[67.429s] -- Installing: /home/gy/tmr_ros2/install/tmr_driver/share/tmr_driver/package.xml
[67.435s] Invoked command in '/home/gy/tmr_ros2/build/tmr_driver' returned '0': CMAKE_PREFIX_PATH=${CMAKE_PREFIX_PATH}:/home/gy/tmr_ros2/install/tmr_mod_urdf:/home/gy/tmr_ros2/install/tm_get_status:/opt/ros/foxy LD_LIBRARY_PATH=/home/gy/tmr_ros2/install/tmr_msgs/lib:/home/gy/tmr_ros2/install/tmrlib/lib:/home/gy/tmr_ros2/install/tm_msgs/lib:/home/gy/tmr_ros2/install/techman_robot_msgs/lib:/opt/ros/foxy/opt/yaml_cpp_vendor/lib:/opt/ros/foxy/opt/rviz_ogre_vendor/lib:/opt/ros/foxy/lib/x86_64-linux-gnu:/opt/ros/foxy/lib /usr/bin/cmake --install /home/gy/tmr_ros2/build/tmr_driver
