[0.047s] Invoking command in '/home/gy/tmr_ros2/build/techman_robot_msgs': CMAKE_PREFIX_PATH=${CMAKE_PREFIX_PATH}:/home/gy/tmr_ros2/install/tmr_mod_urdf:/home/gy/tmr_ros2/install/tm_get_status:/opt/ros/foxy /usr/bin/cmake --build /home/gy/tmr_ros2/build/techman_robot_msgs -- -j3 -l3
[0.211s] [  3%] Built target techman_robot_msgs__cpp
[0.284s] [ 12%] Built target techman_robot_msgs__rosidl_generator_c
[0.320s] [ 22%] Built target techman_robot_msgs__rosidl_typesupport_introspection_cpp
[0.346s] [ 32%] Built target techman_robot_msgs__rosidl_typesupport_fastrtps_cpp
[0.429s] [ 41%] Built target techman_robot_msgs__rosidl_typesupport_cpp
[0.430s] [ 51%] Built target techman_robot_msgs__rosidl_typesupport_c
[0.462s] [ 61%] Built target techman_robot_msgs__rosidl_typesupport_introspection_c
[0.571s] [ 70%] Built target techman_robot_msgs__rosidl_typesupport_fastrtps_c
[0.678s] [ 70%] Built target techman_robot_msgs
[0.747s] [ 74%] Built target techman_robot_msgs__py
[0.795s] [ 80%] Built target techman_robot_msgs__python
[0.870s] [ 87%] Built target techman_robot_msgs__rosidl_typesupport_c__pyext
[0.927s] [ 93%] Built target techman_robot_msgs__rosidl_typesupport_introspection_c__pyext
[0.957s] [100%] Built target techman_robot_msgs__rosidl_typesupport_fastrtps_c__pyext
[1.017s] Invoked command in '/home/gy/tmr_ros2/build/techman_robot_msgs' returned '0': CMAKE_PREFIX_PATH=${CMAKE_PREFIX_PATH}:/home/gy/tmr_ros2/install/tmr_mod_urdf:/home/gy/tmr_ros2/install/tm_get_status:/opt/ros/foxy /usr/bin/cmake --build /home/gy/tmr_ros2/build/techman_robot_msgs -- -j3 -l3
[1.319s] Invoking command in '/home/gy/tmr_ros2/build/techman_robot_msgs': CMAKE_PREFIX_PATH=${CMAKE_PREFIX_PATH}:/home/gy/tmr_ros2/install/tmr_mod_urdf:/home/gy/tmr_ros2/install/tm_get_status:/opt/ros/foxy /usr/bin/cmake --install /home/gy/tmr_ros2/build/techman_robot_msgs
[1.340s] -- Install configuration: ""
[1.341s] -- Up-to-date: /home/gy/tmr_ros2/install/techman_robot_msgs/share/ament_index/resource_index/rosidl_interfaces/techman_robot_msgs
[1.341s] -- Up-to-date: /home/gy/tmr_ros2/install/techman_robot_msgs/include/techman_robot_msgs
[1.342s] -- Up-to-date: /home/gy/tmr_ros2/install/techman_robot_msgs/include/techman_robot_msgs/srv
[1.342s] -- Up-to-date: /home/gy/tmr_ros2/install/techman_robot_msgs/include/techman_robot_msgs/srv/detail
[1.342s] -- Up-to-date: /home/gy/tmr_ros2/install/techman_robot_msgs/include/techman_robot_msgs/srv/detail/techman_robot_command__type_support.h
[1.343s] -- Up-to-date: /home/gy/tmr_ros2/install/techman_robot_msgs/include/techman_robot_msgs/srv/detail/techman_robot_command__functions.h
[1.343s] -- Up-to-date: /home/gy/tmr_ros2/install/techman_robot_msgs/include/techman_robot_msgs/srv/detail/techman_robot_command__functions.c
[1.343s] -- Up-to-date: /home/gy/tmr_ros2/install/techman_robot_msgs/include/techman_robot_msgs/srv/detail/techman_robot_command__struct.h
[1.343s] -- Up-to-date: /home/gy/tmr_ros2/install/techman_robot_msgs/include/techman_robot_msgs/srv/techman_robot_command.h
[1.344s] -- Up-to-date: /home/gy/tmr_ros2/install/techman_robot_msgs/include/techman_robot_msgs/msg
[1.344s] -- Up-to-date: /home/gy/tmr_ros2/install/techman_robot_msgs/include/techman_robot_msgs/msg/rosidl_generator_c__visibility_control.h
[1.345s] -- Up-to-date: /home/gy/tmr_ros2/install/techman_robot_msgs/share/techman_robot_msgs/environment/library_path.sh
[1.345s] -- Up-to-date: /home/gy/tmr_ros2/install/techman_robot_msgs/share/techman_robot_msgs/environment/library_path.dsv
[1.347s] -- Up-to-date: /home/gy/tmr_ros2/install/techman_robot_msgs/lib/libtechman_robot_msgs__rosidl_generator_c.so
[1.348s] -- Up-to-date: /home/gy/tmr_ros2/install/techman_robot_msgs/include/techman_robot_msgs
[1.349s] -- Up-to-date: /home/gy/tmr_ros2/install/techman_robot_msgs/include/techman_robot_msgs/srv
[1.349s] -- Up-to-date: /home/gy/tmr_ros2/install/techman_robot_msgs/include/techman_robot_msgs/srv/detail
[1.349s] -- Up-to-date: /home/gy/tmr_ros2/install/techman_robot_msgs/include/techman_robot_msgs/srv/detail/techman_robot_command__rosidl_typesupport_fastrtps_c.h
[1.350s] -- Up-to-date: /home/gy/tmr_ros2/install/techman_robot_msgs/include/techman_robot_msgs/msg
[1.350s] -- Up-to-date: /home/gy/tmr_ros2/install/techman_robot_msgs/include/techman_robot_msgs/msg/rosidl_typesupport_fastrtps_c__visibility_control.h
[1.352s] -- Up-to-date: /home/gy/tmr_ros2/install/techman_robot_msgs/lib/libtechman_robot_msgs__rosidl_typesupport_fastrtps_c.so
[1.352s] -- Up-to-date: /home/gy/tmr_ros2/install/techman_robot_msgs/include/techman_robot_msgs
[1.353s] -- Up-to-date: /home/gy/tmr_ros2/install/techman_robot_msgs/include/techman_robot_msgs/srv
[1.354s] -- Up-to-date: /home/gy/tmr_ros2/install/techman_robot_msgs/include/techman_robot_msgs/srv/detail
[1.354s] -- Up-to-date: /home/gy/tmr_ros2/install/techman_robot_msgs/include/techman_robot_msgs/srv/detail/techman_robot_command__rosidl_typesupport_fastrtps_cpp.hpp
[1.355s] -- Up-to-date: /home/gy/tmr_ros2/install/techman_robot_msgs/include/techman_robot_msgs/srv/detail/dds_fastrtps
[1.355s] -- Up-to-date: /home/gy/tmr_ros2/install/techman_robot_msgs/include/techman_robot_msgs/msg
[1.355s] -- Up-to-date: /home/gy/tmr_ros2/install/techman_robot_msgs/include/techman_robot_msgs/msg/rosidl_typesupport_fastrtps_cpp__visibility_control.h
[1.357s] -- Up-to-date: /home/gy/tmr_ros2/install/techman_robot_msgs/lib/libtechman_robot_msgs__rosidl_typesupport_fastrtps_cpp.so
[1.359s] -- Up-to-date: /home/gy/tmr_ros2/install/techman_robot_msgs/include/techman_robot_msgs
[1.359s] -- Up-to-date: /home/gy/tmr_ros2/install/techman_robot_msgs/include/techman_robot_msgs/srv
[1.359s] -- Up-to-date: /home/gy/tmr_ros2/install/techman_robot_msgs/include/techman_robot_msgs/srv/detail
[1.360s] -- Up-to-date: /home/gy/tmr_ros2/install/techman_robot_msgs/include/techman_robot_msgs/srv/detail/techman_robot_command__rosidl_typesupport_introspection_c.h
[1.360s] -- Up-to-date: /home/gy/tmr_ros2/install/techman_robot_msgs/include/techman_robot_msgs/srv/detail/techman_robot_command__type_support.c
[1.360s] -- Up-to-date: /home/gy/tmr_ros2/install/techman_robot_msgs/include/techman_robot_msgs/msg
[1.361s] -- Up-to-date: /home/gy/tmr_ros2/install/techman_robot_msgs/include/techman_robot_msgs/msg/rosidl_typesupport_introspection_c__visibility_control.h
[1.362s] -- Up-to-date: /home/gy/tmr_ros2/install/techman_robot_msgs/lib/libtechman_robot_msgs__rosidl_typesupport_introspection_c.so
[1.364s] -- Up-to-date: /home/gy/tmr_ros2/install/techman_robot_msgs/lib/libtechman_robot_msgs__rosidl_typesupport_c.so
[1.365s] -- Up-to-date: /home/gy/tmr_ros2/install/techman_robot_msgs/include/techman_robot_msgs
[1.366s] -- Up-to-date: /home/gy/tmr_ros2/install/techman_robot_msgs/include/techman_robot_msgs/srv
[1.366s] -- Up-to-date: /home/gy/tmr_ros2/install/techman_robot_msgs/include/techman_robot_msgs/srv/detail
[1.367s] -- Up-to-date: /home/gy/tmr_ros2/install/techman_robot_msgs/include/techman_robot_msgs/srv/detail/techman_robot_command__builder.hpp
[1.368s] -- Up-to-date: /home/gy/tmr_ros2/install/techman_robot_msgs/include/techman_robot_msgs/srv/detail/techman_robot_command__traits.hpp
[1.368s] -- Up-to-date: /home/gy/tmr_ros2/install/techman_robot_msgs/include/techman_robot_msgs/srv/detail/techman_robot_command__struct.hpp
[1.368s] -- Up-to-date: /home/gy/tmr_ros2/install/techman_robot_msgs/include/techman_robot_msgs/srv/techman_robot_command.hpp
[1.369s] -- Up-to-date: /home/gy/tmr_ros2/install/techman_robot_msgs/include/techman_robot_msgs
[1.369s] -- Up-to-date: /home/gy/tmr_ros2/install/techman_robot_msgs/include/techman_robot_msgs/srv
[1.369s] -- Up-to-date: /home/gy/tmr_ros2/install/techman_robot_msgs/include/techman_robot_msgs/srv/detail
[1.370s] -- Up-to-date: /home/gy/tmr_ros2/install/techman_robot_msgs/include/techman_robot_msgs/srv/detail/techman_robot_command__rosidl_typesupport_introspection_cpp.hpp
[1.370s] -- Up-to-date: /home/gy/tmr_ros2/install/techman_robot_msgs/include/techman_robot_msgs/srv/detail/techman_robot_command__type_support.cpp
[1.371s] -- Up-to-date: /home/gy/tmr_ros2/install/techman_robot_msgs/lib/libtechman_robot_msgs__rosidl_typesupport_introspection_cpp.so
[1.374s] -- Up-to-date: /home/gy/tmr_ros2/install/techman_robot_msgs/lib/libtechman_robot_msgs__rosidl_typesupport_cpp.so
[1.376s] -- Up-to-date: /home/gy/tmr_ros2/install/techman_robot_msgs/share/techman_robot_msgs/environment/pythonpath.sh
[1.379s] -- Up-to-date: /home/gy/tmr_ros2/install/techman_robot_msgs/share/techman_robot_msgs/environment/pythonpath.dsv
[1.379s] -- Up-to-date: /home/gy/tmr_ros2/install/techman_robot_msgs/lib/python3.8/site-packages/techman_robot_msgs/__init__.py
[1.503s] -- Up-to-date: /home/gy/tmr_ros2/install/techman_robot_msgs/lib/python3.8/site-packages/techman_robot_msgs/srv
[1.504s] -- Up-to-date: /home/gy/tmr_ros2/install/techman_robot_msgs/lib/python3.8/site-packages/techman_robot_msgs/srv/__init__.py
[1.504s] -- Up-to-date: /home/gy/tmr_ros2/install/techman_robot_msgs/lib/python3.8/site-packages/techman_robot_msgs/srv/_techman_robot_command_s.c
[1.504s] -- Up-to-date: /home/gy/tmr_ros2/install/techman_robot_msgs/lib/python3.8/site-packages/techman_robot_msgs/srv/_techman_robot_command.py
[1.505s] -- Up-to-date: /home/gy/tmr_ros2/install/techman_robot_msgs/lib/python3.8/site-packages/techman_robot_msgs/techman_robot_msgs_s__rosidl_typesupport_fastrtps_c.cpython-38-x86_64-linux-gnu.so
[1.506s] -- Up-to-date: /home/gy/tmr_ros2/install/techman_robot_msgs/lib/python3.8/site-packages/techman_robot_msgs/techman_robot_msgs_s__rosidl_typesupport_introspection_c.cpython-38-x86_64-linux-gnu.so
[1.510s] -- Up-to-date: /home/gy/tmr_ros2/install/techman_robot_msgs/lib/python3.8/site-packages/techman_robot_msgs/techman_robot_msgs_s__rosidl_typesupport_c.cpython-38-x86_64-linux-gnu.so
[1.511s] -- Up-to-date: /home/gy/tmr_ros2/install/techman_robot_msgs/lib/libtechman_robot_msgs__python.so
[1.517s] -- Up-to-date: /home/gy/tmr_ros2/install/techman_robot_msgs/share/techman_robot_msgs/srv/TechmanRobotCommand.idl
[1.519s] -- Up-to-date: /home/gy/tmr_ros2/install/techman_robot_msgs/share/techman_robot_msgs/srv/TechmanRobotCommand.srv
[1.520s] -- Up-to-date: /home/gy/tmr_ros2/install/techman_robot_msgs/share/techman_robot_msgs/srv/TechmanRobotCommand_Request.msg
[1.520s] -- Up-to-date: /home/gy/tmr_ros2/install/techman_robot_msgs/share/techman_robot_msgs/srv/TechmanRobotCommand_Response.msg
[1.521s] -- Up-to-date: /home/gy/tmr_ros2/install/techman_robot_msgs/share/ament_index/resource_index/package_run_dependencies/techman_robot_msgs
[1.521s] -- Up-to-date: /home/gy/tmr_ros2/install/techman_robot_msgs/share/ament_index/resource_index/parent_prefix_path/techman_robot_msgs
[1.523s] -- Up-to-date: /home/gy/tmr_ros2/install/techman_robot_msgs/share/techman_robot_msgs/environment/ament_prefix_path.sh
[1.525s] -- Up-to-date: /home/gy/tmr_ros2/install/techman_robot_msgs/share/techman_robot_msgs/environment/ament_prefix_path.dsv
[1.525s] -- Up-to-date: /home/gy/tmr_ros2/install/techman_robot_msgs/share/techman_robot_msgs/environment/path.sh
[1.527s] -- Up-to-date: /home/gy/tmr_ros2/install/techman_robot_msgs/share/techman_robot_msgs/environment/path.dsv
[1.528s] -- Up-to-date: /home/gy/tmr_ros2/install/techman_robot_msgs/share/techman_robot_msgs/local_setup.bash
[1.529s] -- Up-to-date: /home/gy/tmr_ros2/install/techman_robot_msgs/share/techman_robot_msgs/local_setup.sh
[1.529s] -- Up-to-date: /home/gy/tmr_ros2/install/techman_robot_msgs/share/techman_robot_msgs/local_setup.zsh
[1.531s] -- Up-to-date: /home/gy/tmr_ros2/install/techman_robot_msgs/share/techman_robot_msgs/local_setup.dsv
[1.532s] -- Installing: /home/gy/tmr_ros2/install/techman_robot_msgs/share/techman_robot_msgs/package.dsv
[1.532s] -- Up-to-date: /home/gy/tmr_ros2/install/techman_robot_msgs/share/ament_index/resource_index/packages/techman_robot_msgs
[1.533s] -- Up-to-date: /home/gy/tmr_ros2/install/techman_robot_msgs/share/techman_robot_msgs/cmake/techman_robot_msgs__rosidl_generator_cExport.cmake
[1.533s] -- Up-to-date: /home/gy/tmr_ros2/install/techman_robot_msgs/share/techman_robot_msgs/cmake/techman_robot_msgs__rosidl_generator_cExport-noconfig.cmake
[1.534s] -- Up-to-date: /home/gy/tmr_ros2/install/techman_robot_msgs/share/techman_robot_msgs/cmake/techman_robot_msgs__rosidl_typesupport_introspection_cExport.cmake
[1.535s] -- Up-to-date: /home/gy/tmr_ros2/install/techman_robot_msgs/share/techman_robot_msgs/cmake/techman_robot_msgs__rosidl_typesupport_introspection_cExport-noconfig.cmake
[1.536s] -- Up-to-date: /home/gy/tmr_ros2/install/techman_robot_msgs/share/techman_robot_msgs/cmake/techman_robot_msgs__rosidl_typesupport_cExport.cmake
[1.537s] -- Up-to-date: /home/gy/tmr_ros2/install/techman_robot_msgs/share/techman_robot_msgs/cmake/techman_robot_msgs__rosidl_typesupport_cExport-noconfig.cmake
[1.538s] -- Up-to-date: /home/gy/tmr_ros2/install/techman_robot_msgs/share/techman_robot_msgs/cmake/techman_robot_msgs__rosidl_generator_cppExport.cmake
[1.539s] -- Up-to-date: /home/gy/tmr_ros2/install/techman_robot_msgs/share/techman_robot_msgs/cmake/techman_robot_msgs__rosidl_typesupport_introspection_cppExport.cmake
[1.539s] -- Up-to-date: /home/gy/tmr_ros2/install/techman_robot_msgs/share/techman_robot_msgs/cmake/techman_robot_msgs__rosidl_typesupport_introspection_cppExport-noconfig.cmake
[1.540s] -- Up-to-date: /home/gy/tmr_ros2/install/techman_robot_msgs/share/techman_robot_msgs/cmake/techman_robot_msgs__rosidl_typesupport_cppExport.cmake
[1.541s] -- Up-to-date: /home/gy/tmr_ros2/install/techman_robot_msgs/share/techman_robot_msgs/cmake/techman_robot_msgs__rosidl_typesupport_cppExport-noconfig.cmake
[1.541s] -- Up-to-date: /home/gy/tmr_ros2/install/techman_robot_msgs/share/techman_robot_msgs/cmake/rosidl_cmake-extras.cmake
[1.541s] -- Up-to-date: /home/gy/tmr_ros2/install/techman_robot_msgs/share/techman_robot_msgs/cmake/ament_cmake_export_dependencies-extras.cmake
[1.542s] -- Up-to-date: /home/gy/tmr_ros2/install/techman_robot_msgs/share/techman_robot_msgs/cmake/ament_cmake_export_libraries-extras.cmake
[1.542s] -- Up-to-date: /home/gy/tmr_ros2/install/techman_robot_msgs/share/techman_robot_msgs/cmake/ament_cmake_export_targets-extras.cmake
[1.542s] -- Up-to-date: /home/gy/tmr_ros2/install/techman_robot_msgs/share/techman_robot_msgs/cmake/ament_cmake_export_include_directories-extras.cmake
[1.543s] -- Up-to-date: /home/gy/tmr_ros2/install/techman_robot_msgs/share/techman_robot_msgs/cmake/rosidl_cmake_export_typesupport_libraries-extras.cmake
[1.543s] -- Up-to-date: /home/gy/tmr_ros2/install/techman_robot_msgs/share/techman_robot_msgs/cmake/rosidl_cmake_export_typesupport_targets-extras.cmake
[1.543s] -- Up-to-date: /home/gy/tmr_ros2/install/techman_robot_msgs/share/techman_robot_msgs/cmake/techman_robot_msgsConfig.cmake
[1.544s] -- Up-to-date: /home/gy/tmr_ros2/install/techman_robot_msgs/share/techman_robot_msgs/cmake/techman_robot_msgsConfig-version.cmake
[1.544s] -- Up-to-date: /home/gy/tmr_ros2/install/techman_robot_msgs/share/techman_robot_msgs/package.xml
[1.556s] Invoked command in '/home/gy/tmr_ros2/build/techman_robot_msgs' returned '0': CMAKE_PREFIX_PATH=${CMAKE_PREFIX_PATH}:/home/gy/tmr_ros2/install/tmr_mod_urdf:/home/gy/tmr_ros2/install/tm_get_status:/opt/ros/foxy /usr/bin/cmake --install /home/gy/tmr_ros2/build/techman_robot_msgs
