[0.000000] (-) TimerEvent: {}
[0.000257] (-) JobUnselected: {'identifier': 'custom_package'}
[0.000306] (-) JobUnselected: {'identifier': 'demo'}
[0.000367] (-) JobUnselected: {'identifier': 'techman_robot_msgs'}
[0.000406] (-) JobUnselected: {'identifier': 'tm_driver'}
[0.000445] (-) JobUnselected: {'identifier': 'tm_get_status'}
[0.000520] (-) JobUnselected: {'identifier': 'tm_msgs'}
[0.000583] (-) JobUnselected: {'identifier': 'tmr_description'}
[0.000624] (-) JobUnselected: {'identifier': 'tmr_driver'}
[0.000664] (-) JobUnselected: {'identifier': 'tmr_mod_urdf'}
[0.000772] (-) JobUnselected: {'identifier': 'tmr_moveit_config_tm5-900'}
[0.001161] (-) JobUnselected: {'identifier': 'tmr_moveit_cpp_demo'}
[0.001213] (-) JobUnselected: {'identifier': 'tmr_msgs'}
[0.001276] (-) JobUnselected: {'identifier': 'tmrlib'}
[0.001317] (-) JobUnselected: {'identifier': 'ui_for_debug_and_demo'}
[0.001355] (pickplace) JobQueued: {'identifier': 'pickplace', 'dependencies': OrderedDict()}
[0.001399] (pickplace) JobStarted: {'identifier': 'pickplace'}
[0.096483] (-) TimerEvent: {}
[0.197463] (-) TimerEvent: {}
[0.298245] (-) TimerEvent: {}
[0.398805] (-) TimerEvent: {}
[0.499341] (-) TimerEvent: {}
[0.600083] (-) TimerEvent: {}
[0.693140] (pickplace) StderrLine: {'line': b'Traceback (most recent call last):\n  File "/usr/lib/python3/dist-packages/colcon_core/executor/__init__.py", line 91, in __call__\n    rc = await self.task(*args, **kwargs)\n  File "/usr/lib/python3/dist-packages/colcon_core/task/__init__.py", line 93, in __call__\n    return await task_method(*args, **kwargs)\n  File "/usr/lib/python3/dist-packages/colcon_ros/task/ament_python/build.py", line 51, in build\n    setup_py_data = get_setup_data(self.context.pkg, env)\n  File "/usr/lib/python3/dist-packages/colcon_core/task/python/__init__.py", line 20, in get_setup_data\n    return dict(pkg.metadata[key](env))\n  File "/usr/lib/python3/dist-packages/colcon_ros/package_identification/ros.py", line 129, in getter\n    return get_setup_information(\n  File "/usr/lib/python3/dist-packages/colcon_python_setup_py/package_identification/python_setup_py.py", line 241, in get_setup_information\n    _setup_information_cache[hashable_env] = _get_setup_information(\n  File "/usr/lib/python3/dist-packages/colcon_python_setup_py/package_identification/python_setup_py.py", line 281, in _get_setup_information\n    result = subprocess.run(\n  File "/usr/lib/python3.8/subprocess.py", line 512, in run\n    raise CalledProcessError(retcode, process.args,\nsubprocess.CalledProcessError: Command \'[\'/usr/bin/python3\', \'-c\', "import sys;from setuptools.extern.packaging.specifiers import SpecifierSet;from distutils.core import run_setup;dist = run_setup(    \'setup.py\', script_args=(\'--dry-run\',), stop_after=\'config\');skip_keys = (\'cmdclass\', \'distclass\', \'ext_modules\', \'metadata\');data = {    key: value for key, value in dist.__dict__.items()     if (        not key.startswith(\'_\') and         not callable(value) and         key not in skip_keys and         key not in dist.display_option_names    )};data[\'metadata\'] = {    k: v for k, v in dist.metadata.__dict__.items()     if k not in (\'license_files\', \'provides_extras\')};sys.stdout.buffer.write(repr(data).encode(\'utf-8\'))"]\' returned non-zero exit status 1.\n'}
[0.693889] (pickplace) JobEnded: {'identifier': 'pickplace', 'rc': 1}
[0.700180] (-) TimerEvent: {}
[0.704049] (-) EventReactorShutdown: {}
