[0.064s] Invoking command in '/home/gy/Omron_TM_ROS2/build/tmr_moveit_config_tm5-900': AMENT_PREFIX_PATH=/home/gy/tmr_ros2/install/tmr_description:${AMENT_PREFIX_PATH} CMAKE_PREFIX_PATH=/home/gy/Omron_TM_ROS2/install/tmr_description:/home/gy/Omron_TM_ROS2/install/ui_for_debug_and_demo:/home/gy/Omron_TM_ROS2/install/tmr_driver:/home/gy/Omron_TM_ROS2/install/tmrlib:/home/gy/Omron_TM_ROS2/install/tmr_msgs:/home/gy/Omron_TM_ROS2/install/tmr_moveit_cpp_demo:/home/gy/Omron_TM_ROS2/install/tmr_moveit_config_tm5-900:/home/gy/Omron_TM_ROS2/install/tm_driver:/home/gy/Omron_TM_ROS2/install/demo:/home/gy/Omron_TM_ROS2/install/tm_msgs:/home/gy/Omron_TM_ROS2/install/custom_package:/home/gy/Omron_TM_ROS2/install/techman_robot_msgs:/home/gy/Omron_TM_ROS2/install/tmr_mod_urdf:/home/gy/Omron_TM_ROS2/install/tm_get_status:/opt/ros/foxy /usr/bin/cmake --build /home/gy/Omron_TM_ROS2/build/tmr_moveit_config_tm5-900 -- -j3 -l3
[0.092s] CMake Error: The current CMakeCache.txt directory /home/gy/Omron_TM_ROS2/build/tmr_moveit_config_tm5-900/CMakeCache.txt is different than the directory /home/gy/tmr_ros2/build/tmr_moveit_config_tm5-900 where CMakeCache.txt was created. This may result in binaries being created in the wrong place. If you are not sure, reedit the CMakeCache.txt
[0.172s] Invoked command in '/home/gy/Omron_TM_ROS2/build/tmr_moveit_config_tm5-900' returned '0': AMENT_PREFIX_PATH=/home/gy/tmr_ros2/install/tmr_description:${AMENT_PREFIX_PATH} CMAKE_PREFIX_PATH=/home/gy/Omron_TM_ROS2/install/tmr_description:/home/gy/Omron_TM_ROS2/install/ui_for_debug_and_demo:/home/gy/Omron_TM_ROS2/install/tmr_driver:/home/gy/Omron_TM_ROS2/install/tmrlib:/home/gy/Omron_TM_ROS2/install/tmr_msgs:/home/gy/Omron_TM_ROS2/install/tmr_moveit_cpp_demo:/home/gy/Omron_TM_ROS2/install/tmr_moveit_config_tm5-900:/home/gy/Omron_TM_ROS2/install/tm_driver:/home/gy/Omron_TM_ROS2/install/demo:/home/gy/Omron_TM_ROS2/install/tm_msgs:/home/gy/Omron_TM_ROS2/install/custom_package:/home/gy/Omron_TM_ROS2/install/techman_robot_msgs:/home/gy/Omron_TM_ROS2/install/tmr_mod_urdf:/home/gy/Omron_TM_ROS2/install/tm_get_status:/opt/ros/foxy /usr/bin/cmake --build /home/gy/Omron_TM_ROS2/build/tmr_moveit_config_tm5-900 -- -j3 -l3
[0.218s] Invoking command in '/home/gy/Omron_TM_ROS2/build/tmr_moveit_config_tm5-900': AMENT_PREFIX_PATH=/home/gy/tmr_ros2/install/tmr_description:${AMENT_PREFIX_PATH} CMAKE_PREFIX_PATH=/home/gy/Omron_TM_ROS2/install/tmr_description:/home/gy/Omron_TM_ROS2/install/ui_for_debug_and_demo:/home/gy/Omron_TM_ROS2/install/tmr_driver:/home/gy/Omron_TM_ROS2/install/tmrlib:/home/gy/Omron_TM_ROS2/install/tmr_msgs:/home/gy/Omron_TM_ROS2/install/tmr_moveit_cpp_demo:/home/gy/Omron_TM_ROS2/install/tmr_moveit_config_tm5-900:/home/gy/Omron_TM_ROS2/install/tm_driver:/home/gy/Omron_TM_ROS2/install/demo:/home/gy/Omron_TM_ROS2/install/tm_msgs:/home/gy/Omron_TM_ROS2/install/custom_package:/home/gy/Omron_TM_ROS2/install/techman_robot_msgs:/home/gy/Omron_TM_ROS2/install/tmr_mod_urdf:/home/gy/Omron_TM_ROS2/install/tm_get_status:/opt/ros/foxy /usr/bin/cmake --install /home/gy/Omron_TM_ROS2/build/tmr_moveit_config_tm5-900
[0.233s] -- Install configuration: ""
[0.234s] -- Up-to-date: /home/gy/tmr_ros2/install/tmr_moveit_config_tm5-900/share/ament_index/resource_index/package_run_dependencies/tmr_moveit_config_tm5-900
[0.234s] -- Up-to-date: /home/gy/tmr_ros2/install/tmr_moveit_config_tm5-900/share/ament_index/resource_index/parent_prefix_path/tmr_moveit_config_tm5-900
[0.234s] -- Up-to-date: /home/gy/tmr_ros2/install/tmr_moveit_config_tm5-900/share/tmr_moveit_config_tm5-900/environment/ament_prefix_path.sh
[0.234s] -- Up-to-date: /home/gy/tmr_ros2/install/tmr_moveit_config_tm5-900/share/tmr_moveit_config_tm5-900/environment/ament_prefix_path.dsv
[0.235s] -- Up-to-date: /home/gy/tmr_ros2/install/tmr_moveit_config_tm5-900/share/tmr_moveit_config_tm5-900/environment/path.sh
[0.235s] -- Up-to-date: /home/gy/tmr_ros2/install/tmr_moveit_config_tm5-900/share/tmr_moveit_config_tm5-900/environment/path.dsv
[0.236s] -- Up-to-date: /home/gy/tmr_ros2/install/tmr_moveit_config_tm5-900/share/tmr_moveit_config_tm5-900/local_setup.bash
[0.238s] -- Up-to-date: /home/gy/tmr_ros2/install/tmr_moveit_config_tm5-900/share/tmr_moveit_config_tm5-900/local_setup.sh
[0.238s] -- Up-to-date: /home/gy/tmr_ros2/install/tmr_moveit_config_tm5-900/share/tmr_moveit_config_tm5-900/local_setup.zsh
[0.238s] -- Up-to-date: /home/gy/tmr_ros2/install/tmr_moveit_config_tm5-900/share/tmr_moveit_config_tm5-900/local_setup.dsv
[0.238s] -- Installing: /home/gy/tmr_ros2/install/tmr_moveit_config_tm5-900/share/tmr_moveit_config_tm5-900/package.dsv
[0.238s] -- Up-to-date: /home/gy/tmr_ros2/install/tmr_moveit_config_tm5-900/share/ament_index/resource_index/packages/tmr_moveit_config_tm5-900
[0.238s] -- Up-to-date: /home/gy/tmr_ros2/install/tmr_moveit_config_tm5-900/share/tmr_moveit_config_tm5-900/cmake/tmr_moveit_config_tm5-900Config.cmake
[0.239s] -- Up-to-date: /home/gy/tmr_ros2/install/tmr_moveit_config_tm5-900/share/tmr_moveit_config_tm5-900/cmake/tmr_moveit_config_tm5-900Config-version.cmake
[0.239s] -- Up-to-date: /home/gy/tmr_ros2/install/tmr_moveit_config_tm5-900/share/tmr_moveit_config_tm5-900/package.xml
[0.239s] -- Up-to-date: /home/gy/tmr_ros2/install/tmr_moveit_config_tm5-900/share/tmr_moveit_config_tm5-900/config
[0.239s] -- Up-to-date: /home/gy/tmr_ros2/install/tmr_moveit_config_tm5-900/share/tmr_moveit_config_tm5-900/config/kinematics.yaml
[0.239s] -- Up-to-date: /home/gy/tmr_ros2/install/tmr_moveit_config_tm5-900/share/tmr_moveit_config_tm5-900/config/ros_controllers.yaml
[0.239s] -- Up-to-date: /home/gy/tmr_ros2/install/tmr_moveit_config_tm5-900/share/tmr_moveit_config_tm5-900/config/stomp_planning.yaml
[0.239s] -- Up-to-date: /home/gy/tmr_ros2/install/tmr_moveit_config_tm5-900/share/tmr_moveit_config_tm5-900/config/joint_limits.yaml
[0.239s] -- Up-to-date: /home/gy/tmr_ros2/install/tmr_moveit_config_tm5-900/share/tmr_moveit_config_tm5-900/config/fake_controllers.yaml
[0.240s] -- Up-to-date: /home/gy/tmr_ros2/install/tmr_moveit_config_tm5-900/share/tmr_moveit_config_tm5-900/config/ompl_planning.yaml
[0.240s] -- Up-to-date: /home/gy/tmr_ros2/install/tmr_moveit_config_tm5-900/share/tmr_moveit_config_tm5-900/config/chomp_planning.yaml
[0.240s] -- Up-to-date: /home/gy/tmr_ros2/install/tmr_moveit_config_tm5-900/share/tmr_moveit_config_tm5-900/config/tm5-900.srdf
[0.240s] -- Up-to-date: /home/gy/tmr_ros2/install/tmr_moveit_config_tm5-900/share/tmr_moveit_config_tm5-900/config/sensors_3d.yaml
[0.275s] Invoked command in '/home/gy/Omron_TM_ROS2/build/tmr_moveit_config_tm5-900' returned '0': AMENT_PREFIX_PATH=/home/gy/tmr_ros2/install/tmr_description:${AMENT_PREFIX_PATH} CMAKE_PREFIX_PATH=/home/gy/Omron_TM_ROS2/install/tmr_description:/home/gy/Omron_TM_ROS2/install/ui_for_debug_and_demo:/home/gy/Omron_TM_ROS2/install/tmr_driver:/home/gy/Omron_TM_ROS2/install/tmrlib:/home/gy/Omron_TM_ROS2/install/tmr_msgs:/home/gy/Omron_TM_ROS2/install/tmr_moveit_cpp_demo:/home/gy/Omron_TM_ROS2/install/tmr_moveit_config_tm5-900:/home/gy/Omron_TM_ROS2/install/tm_driver:/home/gy/Omron_TM_ROS2/install/demo:/home/gy/Omron_TM_ROS2/install/tm_msgs:/home/gy/Omron_TM_ROS2/install/custom_package:/home/gy/Omron_TM_ROS2/install/techman_robot_msgs:/home/gy/Omron_TM_ROS2/install/tmr_mod_urdf:/home/gy/Omron_TM_ROS2/install/tm_get_status:/opt/ros/foxy /usr/bin/cmake --install /home/gy/Omron_TM_ROS2/build/tmr_moveit_config_tm5-900
