[0.520s] Invoking command in '/home/gy/Omron_TM_ROS2/pickplace': PYTHONPATH=/home/gy/Omron_TM_ROS2/install/pickplace/lib/python3.8/site-packages:${PYTHONPATH} /usr/bin/python3 setup.py egg_info --egg-base ../build/pickplace build --build-base /home/gy/Omron_TM_ROS2/build/pickplace/build install --prefix /home/gy/Omron_TM_ROS2/install/pickplace --record /home/gy/Omron_TM_ROS2/build/pickplace/install.log --single-version-externally-managed
[0.960s] running egg_info
[0.962s] writing ../build/pickplace/pickplace.egg-info/PKG-INFO
[0.963s] writing dependency_links to ../build/pickplace/pickplace.egg-info/dependency_links.txt
[0.964s] writing entry points to ../build/pickplace/pickplace.egg-info/entry_points.txt
[0.965s] writing requirements to ../build/pickplace/pickplace.egg-info/requires.txt
[0.965s] writing top-level names to ../build/pickplace/pickplace.egg-info/top_level.txt
[1.036s] reading manifest file '../build/pickplace/pickplace.egg-info/SOURCES.txt'
[1.038s] writing manifest file '../build/pickplace/pickplace.egg-info/SOURCES.txt'
[1.039s] running build
[1.039s] running build_py
[1.039s] copying pickplace/teach_setup.py -> /home/gy/Omron_TM_ROS2/build/pickplace/build/lib/pickplace
[1.040s] running install
[1.042s] running install_lib
[1.045s] copying /home/gy/Omron_TM_ROS2/build/pickplace/build/lib/pickplace/teach_setup.py -> /home/gy/Omron_TM_ROS2/install/pickplace/lib/python3.8/site-packages/pickplace
[1.046s] byte-compiling /home/gy/Omron_TM_ROS2/install/pickplace/lib/python3.8/site-packages/pickplace/teach_setup.py to teach_setup.cpython-38.pyc
[1.050s] running install_data
[1.052s] running install_egg_info
[1.055s] removing '/home/gy/Omron_TM_ROS2/install/pickplace/lib/python3.8/site-packages/pickplace-0.0.0-py3.8.egg-info' (and everything under it)
[1.056s] Copying ../build/pickplace/pickplace.egg-info to /home/gy/Omron_TM_ROS2/install/pickplace/lib/python3.8/site-packages/pickplace-0.0.0-py3.8.egg-info
[1.057s] running install_scripts
[1.091s] Installing pickplace script to /home/gy/Omron_TM_ROS2/install/pickplace/lib/pickplace
[1.092s] Installing teach_setup script to /home/gy/Omron_TM_ROS2/install/pickplace/lib/pickplace
[1.092s] writing list of installed files to '/home/gy/Omron_TM_ROS2/build/pickplace/install.log'
[1.135s] Invoked command in '/home/gy/Omron_TM_ROS2/pickplace' returned '0': PYTHONPATH=/home/gy/Omron_TM_ROS2/install/pickplace/lib/python3.8/site-packages:${PYTHONPATH} /usr/bin/python3 setup.py egg_info --egg-base ../build/pickplace build --build-base /home/gy/Omron_TM_ROS2/build/pickplace/build install --prefix /home/gy/Omron_TM_ROS2/install/pickplace --record /home/gy/Omron_TM_ROS2/build/pickplace/install.log --single-version-externally-managed
