[0.760s] DEBUG:colcon:Command line arguments: ['/usr/bin/colcon', 'build', '--packages-select', 'pickplace']
[0.760s] DEBUG:colcon:Parsed command line arguments: Namespace(ament_cmake_args=None, base_paths=['.'], build_base='build', catkin_cmake_args=None, catkin_skip_building_tests=False, cmake_args=None, cmake_clean_cache=False, cmake_clean_first=False, cmake_force_configure=False, cmake_target=None, cmake_target_skip_unavailable=False, continue_on_error=False, event_handlers=None, executor='parallel', ignore_user_meta=False, install_base='install', log_base=None, log_level=None, main=<bound method BuildVerb.main of <colcon_core.verb.build.BuildVerb object at 0x7fe4c5ed3100>>, merge_install=False, metas=['./colcon.meta'], packages_above=None, packages_above_and_dependencies=None, packages_above_depth=None, packages_end=None, packages_ignore=None, packages_ignore_regex=None, packages_select=['pickplace'], packages_select_build_failed=False, packages_select_by_dep=None, packages_select_regex=None, packages_select_test_failures=False, packages_skip=None, packages_skip_build_finished=False, packages_skip_by_dep=None, packages_skip_regex=None, packages_skip_test_passed=False, packages_skip_up_to=None, packages_start=None, packages_up_to=None, packages_up_to_regex=None, parallel_workers=3, paths=None, symlink_install=False, test_result_base=None, verb_extension=<colcon_core.verb.build.BuildVerb object at 0x7fe4c5ed3100>, verb_name='build', verb_parser=<colcon_defaults.argument_parser.defaults.DefaultArgumentsDecorator object at 0x7fe4c5ed3640>)
[0.770s] Level 1:colcon.colcon_core.package_discovery:discover_packages(colcon_meta) check parameters
[0.770s] Level 1:colcon.colcon_core.package_discovery:discover_packages(recursive) check parameters
[0.770s] Level 1:colcon.colcon_core.package_discovery:discover_packages(ignore) check parameters
[0.771s] Level 1:colcon.colcon_core.package_discovery:discover_packages(path) check parameters
[0.771s] Level 1:colcon.colcon_core.package_discovery:discover_packages(colcon_meta) discover
[0.771s] Level 1:colcon.colcon_core.package_discovery:discover_packages(recursive) discover
[0.771s] INFO:colcon.colcon_core.package_discovery:Crawling recursively for packages in '/home/gy/Omron_TM_ROS2'
[0.771s] Level 1:colcon.colcon_core.package_identification:_identify(.) by extensions ['ignore', 'ignore_ament_install']
[0.771s] Level 1:colcon.colcon_core.package_identification:_identify(.) by extension 'ignore'
[0.771s] Level 1:colcon.colcon_core.package_identification:_identify(.) by extension 'ignore_ament_install'
[0.771s] Level 1:colcon.colcon_core.package_identification:_identify(.) by extensions ['colcon_pkg']
[0.772s] Level 1:colcon.colcon_core.package_identification:_identify(.) by extension 'colcon_pkg'
[0.772s] Level 1:colcon.colcon_core.package_identification:_identify(.) by extensions ['colcon_meta']
[0.772s] Level 1:colcon.colcon_core.package_identification:_identify(.) by extension 'colcon_meta'
[0.773s] Level 1:colcon.colcon_core.package_identification:_identify(.) by extensions ['ros']
[0.773s] Level 1:colcon.colcon_core.package_identification:_identify(.) by extension 'ros'
[0.796s] Level 1:colcon.colcon_core.package_identification:_identify(.) by extensions ['cmake', 'python']
[0.796s] Level 1:colcon.colcon_core.package_identification:_identify(.) by extension 'cmake'
[0.796s] Level 1:colcon.colcon_core.package_identification:_identify(.) by extension 'python'
[0.796s] Level 1:colcon.colcon_core.package_identification:_identify(.) by extensions ['python_setup_py']
[0.796s] Level 1:colcon.colcon_core.package_identification:_identify(.) by extension 'python_setup_py'
[0.796s] Level 1:colcon.colcon_core.package_identification:_identify(build) by extensions ['ignore', 'ignore_ament_install']
[0.797s] Level 1:colcon.colcon_core.package_identification:_identify(build) by extension 'ignore'
[0.797s] Level 1:colcon.colcon_core.package_identification:_identify(build) ignored
[0.797s] Level 1:colcon.colcon_core.package_identification:_identify(custom_package) by extensions ['ignore', 'ignore_ament_install']
[0.797s] Level 1:colcon.colcon_core.package_identification:_identify(custom_package) by extension 'ignore'
[0.797s] Level 1:colcon.colcon_core.package_identification:_identify(custom_package) by extension 'ignore_ament_install'
[0.797s] Level 1:colcon.colcon_core.package_identification:_identify(custom_package) by extensions ['colcon_pkg']
[0.797s] Level 1:colcon.colcon_core.package_identification:_identify(custom_package) by extension 'colcon_pkg'
[0.797s] Level 1:colcon.colcon_core.package_identification:_identify(custom_package) by extensions ['colcon_meta']
[0.797s] Level 1:colcon.colcon_core.package_identification:_identify(custom_package) by extension 'colcon_meta'
[0.797s] Level 1:colcon.colcon_core.package_identification:_identify(custom_package) by extensions ['ros']
[0.797s] Level 1:colcon.colcon_core.package_identification:_identify(custom_package) by extension 'ros'
[0.802s] DEBUG:colcon.colcon_core.package_identification:Package 'custom_package' with type 'ros.ament_cmake' and name 'custom_package'
[0.803s] Level 1:colcon.colcon_core.package_identification:_identify(demo) by extensions ['ignore', 'ignore_ament_install']
[0.803s] Level 1:colcon.colcon_core.package_identification:_identify(demo) by extension 'ignore'
[0.803s] Level 1:colcon.colcon_core.package_identification:_identify(demo) by extension 'ignore_ament_install'
[0.803s] Level 1:colcon.colcon_core.package_identification:_identify(demo) by extensions ['colcon_pkg']
[0.804s] Level 1:colcon.colcon_core.package_identification:_identify(demo) by extension 'colcon_pkg'
[0.804s] Level 1:colcon.colcon_core.package_identification:_identify(demo) by extensions ['colcon_meta']
[0.804s] Level 1:colcon.colcon_core.package_identification:_identify(demo) by extension 'colcon_meta'
[0.804s] Level 1:colcon.colcon_core.package_identification:_identify(demo) by extensions ['ros']
[0.804s] Level 1:colcon.colcon_core.package_identification:_identify(demo) by extension 'ros'
[0.805s] DEBUG:colcon.colcon_core.package_identification:Package 'demo' with type 'ros.ament_cmake' and name 'demo'
[0.805s] Level 1:colcon.colcon_core.package_identification:_identify(docs) by extensions ['ignore', 'ignore_ament_install']
[0.805s] Level 1:colcon.colcon_core.package_identification:_identify(docs) by extension 'ignore'
[0.805s] Level 1:colcon.colcon_core.package_identification:_identify(docs) by extension 'ignore_ament_install'
[0.806s] Level 1:colcon.colcon_core.package_identification:_identify(docs) by extensions ['colcon_pkg']
[0.806s] Level 1:colcon.colcon_core.package_identification:_identify(docs) by extension 'colcon_pkg'
[0.806s] Level 1:colcon.colcon_core.package_identification:_identify(docs) by extensions ['colcon_meta']
[0.806s] Level 1:colcon.colcon_core.package_identification:_identify(docs) by extension 'colcon_meta'
[0.806s] Level 1:colcon.colcon_core.package_identification:_identify(docs) by extensions ['ros']
[0.806s] Level 1:colcon.colcon_core.package_identification:_identify(docs) by extension 'ros'
[0.806s] Level 1:colcon.colcon_core.package_identification:_identify(docs) by extensions ['cmake', 'python']
[0.806s] Level 1:colcon.colcon_core.package_identification:_identify(docs) by extension 'cmake'
[0.806s] Level 1:colcon.colcon_core.package_identification:_identify(docs) by extension 'python'
[0.806s] Level 1:colcon.colcon_core.package_identification:_identify(docs) by extensions ['python_setup_py']
[0.806s] Level 1:colcon.colcon_core.package_identification:_identify(docs) by extension 'python_setup_py'
[0.806s] Level 1:colcon.colcon_core.package_identification:_identify(docs/images) by extensions ['ignore', 'ignore_ament_install']
[0.807s] Level 1:colcon.colcon_core.package_identification:_identify(docs/images) by extension 'ignore'
[0.807s] Level 1:colcon.colcon_core.package_identification:_identify(docs/images) by extension 'ignore_ament_install'
[0.807s] Level 1:colcon.colcon_core.package_identification:_identify(docs/images) by extensions ['colcon_pkg']
[0.807s] Level 1:colcon.colcon_core.package_identification:_identify(docs/images) by extension 'colcon_pkg'
[0.807s] Level 1:colcon.colcon_core.package_identification:_identify(docs/images) by extensions ['colcon_meta']
[0.807s] Level 1:colcon.colcon_core.package_identification:_identify(docs/images) by extension 'colcon_meta'
[0.807s] Level 1:colcon.colcon_core.package_identification:_identify(docs/images) by extensions ['ros']
[0.807s] Level 1:colcon.colcon_core.package_identification:_identify(docs/images) by extension 'ros'
[0.807s] Level 1:colcon.colcon_core.package_identification:_identify(docs/images) by extensions ['cmake', 'python']
[0.807s] Level 1:colcon.colcon_core.package_identification:_identify(docs/images) by extension 'cmake'
[0.807s] Level 1:colcon.colcon_core.package_identification:_identify(docs/images) by extension 'python'
[0.807s] Level 1:colcon.colcon_core.package_identification:_identify(docs/images) by extensions ['python_setup_py']
[0.807s] Level 1:colcon.colcon_core.package_identification:_identify(docs/images) by extension 'python_setup_py'
[0.808s] Level 1:colcon.colcon_core.package_identification:_identify(figures) by extensions ['ignore', 'ignore_ament_install']
[0.808s] Level 1:colcon.colcon_core.package_identification:_identify(figures) by extension 'ignore'
[0.808s] Level 1:colcon.colcon_core.package_identification:_identify(figures) by extension 'ignore_ament_install'
[0.808s] Level 1:colcon.colcon_core.package_identification:_identify(figures) by extensions ['colcon_pkg']
[0.808s] Level 1:colcon.colcon_core.package_identification:_identify(figures) by extension 'colcon_pkg'
[0.808s] Level 1:colcon.colcon_core.package_identification:_identify(figures) by extensions ['colcon_meta']
[0.808s] Level 1:colcon.colcon_core.package_identification:_identify(figures) by extension 'colcon_meta'
[0.808s] Level 1:colcon.colcon_core.package_identification:_identify(figures) by extensions ['ros']
[0.808s] Level 1:colcon.colcon_core.package_identification:_identify(figures) by extension 'ros'
[0.809s] Level 1:colcon.colcon_core.package_identification:_identify(figures) by extensions ['cmake', 'python']
[0.809s] Level 1:colcon.colcon_core.package_identification:_identify(figures) by extension 'cmake'
[0.809s] Level 1:colcon.colcon_core.package_identification:_identify(figures) by extension 'python'
[0.809s] Level 1:colcon.colcon_core.package_identification:_identify(figures) by extensions ['python_setup_py']
[0.809s] Level 1:colcon.colcon_core.package_identification:_identify(figures) by extension 'python_setup_py'
[0.809s] Level 1:colcon.colcon_core.package_identification:_identify(install) by extensions ['ignore', 'ignore_ament_install']
[0.809s] Level 1:colcon.colcon_core.package_identification:_identify(install) by extension 'ignore'
[0.810s] Level 1:colcon.colcon_core.package_identification:_identify(install) ignored
[0.810s] Level 1:colcon.colcon_core.package_identification:_identify(log) by extensions ['ignore', 'ignore_ament_install']
[0.810s] Level 1:colcon.colcon_core.package_identification:_identify(log) by extension 'ignore'
[0.810s] Level 1:colcon.colcon_core.package_identification:_identify(log) ignored
[0.811s] Level 1:colcon.colcon_core.package_identification:_identify(pickplace) by extensions ['ignore', 'ignore_ament_install']
[0.811s] Level 1:colcon.colcon_core.package_identification:_identify(pickplace) by extension 'ignore'
[0.811s] Level 1:colcon.colcon_core.package_identification:_identify(pickplace) by extension 'ignore_ament_install'
[0.811s] Level 1:colcon.colcon_core.package_identification:_identify(pickplace) by extensions ['colcon_pkg']
[0.811s] Level 1:colcon.colcon_core.package_identification:_identify(pickplace) by extension 'colcon_pkg'
[0.811s] Level 1:colcon.colcon_core.package_identification:_identify(pickplace) by extensions ['colcon_meta']
[0.811s] Level 1:colcon.colcon_core.package_identification:_identify(pickplace) by extension 'colcon_meta'
[0.811s] Level 1:colcon.colcon_core.package_identification:_identify(pickplace) by extensions ['ros']
[0.811s] Level 1:colcon.colcon_core.package_identification:_identify(pickplace) by extension 'ros'
[0.813s] DEBUG:colcon.colcon_core.package_identification:Package 'pickplace' with type 'ros.ament_python' and name 'pickplace'
[0.813s] Level 1:colcon.colcon_core.package_identification:_identify(rviz_tm) by extensions ['ignore', 'ignore_ament_install']
[0.813s] Level 1:colcon.colcon_core.package_identification:_identify(rviz_tm) by extension 'ignore'
[0.813s] Level 1:colcon.colcon_core.package_identification:_identify(rviz_tm) by extension 'ignore_ament_install'
[0.813s] Level 1:colcon.colcon_core.package_identification:_identify(rviz_tm) by extensions ['colcon_pkg']
[0.813s] Level 1:colcon.colcon_core.package_identification:_identify(rviz_tm) by extension 'colcon_pkg'
[0.813s] Level 1:colcon.colcon_core.package_identification:_identify(rviz_tm) by extensions ['colcon_meta']
[0.813s] Level 1:colcon.colcon_core.package_identification:_identify(rviz_tm) by extension 'colcon_meta'
[0.813s] Level 1:colcon.colcon_core.package_identification:_identify(rviz_tm) by extensions ['ros']
[0.813s] Level 1:colcon.colcon_core.package_identification:_identify(rviz_tm) by extension 'ros'
[0.815s] DEBUG:colcon.colcon_core.package_identification:Package 'rviz_tm' with type 'ros.ament_python' and name 'rviz_tm'
[0.815s] Level 1:colcon.colcon_core.package_identification:_identify(scripts) by extensions ['ignore', 'ignore_ament_install']
[0.815s] Level 1:colcon.colcon_core.package_identification:_identify(scripts) by extension 'ignore'
[0.815s] Level 1:colcon.colcon_core.package_identification:_identify(scripts) by extension 'ignore_ament_install'
[0.815s] Level 1:colcon.colcon_core.package_identification:_identify(scripts) by extensions ['colcon_pkg']
[0.815s] Level 1:colcon.colcon_core.package_identification:_identify(scripts) by extension 'colcon_pkg'
[0.815s] Level 1:colcon.colcon_core.package_identification:_identify(scripts) by extensions ['colcon_meta']
[0.816s] Level 1:colcon.colcon_core.package_identification:_identify(scripts) by extension 'colcon_meta'
[0.816s] Level 1:colcon.colcon_core.package_identification:_identify(scripts) by extensions ['ros']
[0.816s] Level 1:colcon.colcon_core.package_identification:_identify(scripts) by extension 'ros'
[0.816s] Level 1:colcon.colcon_core.package_identification:_identify(scripts) by extensions ['cmake', 'python']
[0.816s] Level 1:colcon.colcon_core.package_identification:_identify(scripts) by extension 'cmake'
[0.816s] Level 1:colcon.colcon_core.package_identification:_identify(scripts) by extension 'python'
[0.816s] Level 1:colcon.colcon_core.package_identification:_identify(scripts) by extensions ['python_setup_py']
[0.816s] Level 1:colcon.colcon_core.package_identification:_identify(scripts) by extension 'python_setup_py'
[0.816s] Level 1:colcon.colcon_core.package_identification:_identify(scripts/NewPPP) by extensions ['ignore', 'ignore_ament_install']
[0.816s] Level 1:colcon.colcon_core.package_identification:_identify(scripts/NewPPP) by extension 'ignore'
[0.816s] Level 1:colcon.colcon_core.package_identification:_identify(scripts/NewPPP) by extension 'ignore_ament_install'
[0.817s] Level 1:colcon.colcon_core.package_identification:_identify(scripts/NewPPP) by extensions ['colcon_pkg']
[0.817s] Level 1:colcon.colcon_core.package_identification:_identify(scripts/NewPPP) by extension 'colcon_pkg'
[0.817s] Level 1:colcon.colcon_core.package_identification:_identify(scripts/NewPPP) by extensions ['colcon_meta']
[0.817s] Level 1:colcon.colcon_core.package_identification:_identify(scripts/NewPPP) by extension 'colcon_meta'
[0.817s] Level 1:colcon.colcon_core.package_identification:_identify(scripts/NewPPP) by extensions ['ros']
[0.817s] Level 1:colcon.colcon_core.package_identification:_identify(scripts/NewPPP) by extension 'ros'
[0.817s] Level 1:colcon.colcon_core.package_identification:_identify(scripts/NewPPP) by extensions ['cmake', 'python']
[0.817s] Level 1:colcon.colcon_core.package_identification:_identify(scripts/NewPPP) by extension 'cmake'
[0.817s] Level 1:colcon.colcon_core.package_identification:_identify(scripts/NewPPP) by extension 'python'
[0.817s] Level 1:colcon.colcon_core.package_identification:_identify(scripts/NewPPP) by extensions ['python_setup_py']
[0.817s] Level 1:colcon.colcon_core.package_identification:_identify(scripts/NewPPP) by extension 'python_setup_py'
[0.817s] Level 1:colcon.colcon_core.package_identification:_identify(scripts/NewPPP/__pycache__) by extensions ['ignore', 'ignore_ament_install']
[0.818s] Level 1:colcon.colcon_core.package_identification:_identify(scripts/NewPPP/__pycache__) by extension 'ignore'
[0.818s] Level 1:colcon.colcon_core.package_identification:_identify(scripts/NewPPP/__pycache__) by extension 'ignore_ament_install'
[0.818s] Level 1:colcon.colcon_core.package_identification:_identify(scripts/NewPPP/__pycache__) by extensions ['colcon_pkg']
[0.818s] Level 1:colcon.colcon_core.package_identification:_identify(scripts/NewPPP/__pycache__) by extension 'colcon_pkg'
[0.818s] Level 1:colcon.colcon_core.package_identification:_identify(scripts/NewPPP/__pycache__) by extensions ['colcon_meta']
[0.818s] Level 1:colcon.colcon_core.package_identification:_identify(scripts/NewPPP/__pycache__) by extension 'colcon_meta'
[0.818s] Level 1:colcon.colcon_core.package_identification:_identify(scripts/NewPPP/__pycache__) by extensions ['ros']
[0.818s] Level 1:colcon.colcon_core.package_identification:_identify(scripts/NewPPP/__pycache__) by extension 'ros'
[0.818s] Level 1:colcon.colcon_core.package_identification:_identify(scripts/NewPPP/__pycache__) by extensions ['cmake', 'python']
[0.818s] Level 1:colcon.colcon_core.package_identification:_identify(scripts/NewPPP/__pycache__) by extension 'cmake'
[0.818s] Level 1:colcon.colcon_core.package_identification:_identify(scripts/NewPPP/__pycache__) by extension 'python'
[0.818s] Level 1:colcon.colcon_core.package_identification:_identify(scripts/NewPPP/__pycache__) by extensions ['python_setup_py']
[0.818s] Level 1:colcon.colcon_core.package_identification:_identify(scripts/NewPPP/__pycache__) by extension 'python_setup_py'
[0.819s] Level 1:colcon.colcon_core.package_identification:_identify(scripts/NewPPP/build) by extensions ['ignore', 'ignore_ament_install']
[0.819s] Level 1:colcon.colcon_core.package_identification:_identify(scripts/NewPPP/build) by extension 'ignore'
[0.819s] Level 1:colcon.colcon_core.package_identification:_identify(scripts/NewPPP/build) ignored
[0.819s] Level 1:colcon.colcon_core.package_identification:_identify(scripts/NewPPP/install) by extensions ['ignore', 'ignore_ament_install']
[0.819s] Level 1:colcon.colcon_core.package_identification:_identify(scripts/NewPPP/install) by extension 'ignore'
[0.819s] Level 1:colcon.colcon_core.package_identification:_identify(scripts/NewPPP/install) ignored
[0.820s] Level 1:colcon.colcon_core.package_identification:_identify(scripts/NewPPP/libraries) by extensions ['ignore', 'ignore_ament_install']
[0.820s] Level 1:colcon.colcon_core.package_identification:_identify(scripts/NewPPP/libraries) by extension 'ignore'
[0.820s] Level 1:colcon.colcon_core.package_identification:_identify(scripts/NewPPP/libraries) by extension 'ignore_ament_install'
[0.820s] Level 1:colcon.colcon_core.package_identification:_identify(scripts/NewPPP/libraries) by extensions ['colcon_pkg']
[0.820s] Level 1:colcon.colcon_core.package_identification:_identify(scripts/NewPPP/libraries) by extension 'colcon_pkg'
[0.820s] Level 1:colcon.colcon_core.package_identification:_identify(scripts/NewPPP/libraries) by extensions ['colcon_meta']
[0.820s] Level 1:colcon.colcon_core.package_identification:_identify(scripts/NewPPP/libraries) by extension 'colcon_meta'
[0.820s] Level 1:colcon.colcon_core.package_identification:_identify(scripts/NewPPP/libraries) by extensions ['ros']
[0.820s] Level 1:colcon.colcon_core.package_identification:_identify(scripts/NewPPP/libraries) by extension 'ros'
[0.820s] Level 1:colcon.colcon_core.package_identification:_identify(scripts/NewPPP/libraries) by extensions ['cmake', 'python']
[0.820s] Level 1:colcon.colcon_core.package_identification:_identify(scripts/NewPPP/libraries) by extension 'cmake'
[0.820s] Level 1:colcon.colcon_core.package_identification:_identify(scripts/NewPPP/libraries) by extension 'python'
[0.820s] Level 1:colcon.colcon_core.package_identification:_identify(scripts/NewPPP/libraries) by extensions ['python_setup_py']
[0.821s] Level 1:colcon.colcon_core.package_identification:_identify(scripts/NewPPP/libraries) by extension 'python_setup_py'
[0.821s] Level 1:colcon.colcon_core.package_identification:_identify(scripts/NewPPP/libraries/__pycache__) by extensions ['ignore', 'ignore_ament_install']
[0.821s] Level 1:colcon.colcon_core.package_identification:_identify(scripts/NewPPP/libraries/__pycache__) by extension 'ignore'
[0.821s] Level 1:colcon.colcon_core.package_identification:_identify(scripts/NewPPP/libraries/__pycache__) by extension 'ignore_ament_install'
[0.821s] Level 1:colcon.colcon_core.package_identification:_identify(scripts/NewPPP/libraries/__pycache__) by extensions ['colcon_pkg']
[0.821s] Level 1:colcon.colcon_core.package_identification:_identify(scripts/NewPPP/libraries/__pycache__) by extension 'colcon_pkg'
[0.821s] Level 1:colcon.colcon_core.package_identification:_identify(scripts/NewPPP/libraries/__pycache__) by extensions ['colcon_meta']
[0.821s] Level 1:colcon.colcon_core.package_identification:_identify(scripts/NewPPP/libraries/__pycache__) by extension 'colcon_meta'
[0.821s] Level 1:colcon.colcon_core.package_identification:_identify(scripts/NewPPP/libraries/__pycache__) by extensions ['ros']
[0.821s] Level 1:colcon.colcon_core.package_identification:_identify(scripts/NewPPP/libraries/__pycache__) by extension 'ros'
[0.822s] Level 1:colcon.colcon_core.package_identification:_identify(scripts/NewPPP/libraries/__pycache__) by extensions ['cmake', 'python']
[0.822s] Level 1:colcon.colcon_core.package_identification:_identify(scripts/NewPPP/libraries/__pycache__) by extension 'cmake'
[0.822s] Level 1:colcon.colcon_core.package_identification:_identify(scripts/NewPPP/libraries/__pycache__) by extension 'python'
[0.822s] Level 1:colcon.colcon_core.package_identification:_identify(scripts/NewPPP/libraries/__pycache__) by extensions ['python_setup_py']
[0.822s] Level 1:colcon.colcon_core.package_identification:_identify(scripts/NewPPP/libraries/__pycache__) by extension 'python_setup_py'
[0.822s] Level 1:colcon.colcon_core.package_identification:_identify(scripts/NewPPP/log) by extensions ['ignore', 'ignore_ament_install']
[0.822s] Level 1:colcon.colcon_core.package_identification:_identify(scripts/NewPPP/log) by extension 'ignore'
[0.822s] Level 1:colcon.colcon_core.package_identification:_identify(scripts/NewPPP/log) ignored
[0.823s] Level 1:colcon.colcon_core.package_identification:_identify(scripts/NotUsed) by extensions ['ignore', 'ignore_ament_install']
[0.823s] Level 1:colcon.colcon_core.package_identification:_identify(scripts/NotUsed) by extension 'ignore'
[0.823s] Level 1:colcon.colcon_core.package_identification:_identify(scripts/NotUsed) by extension 'ignore_ament_install'
[0.823s] Level 1:colcon.colcon_core.package_identification:_identify(scripts/NotUsed) by extensions ['colcon_pkg']
[0.823s] Level 1:colcon.colcon_core.package_identification:_identify(scripts/NotUsed) by extension 'colcon_pkg'
[0.823s] Level 1:colcon.colcon_core.package_identification:_identify(scripts/NotUsed) by extensions ['colcon_meta']
[0.823s] Level 1:colcon.colcon_core.package_identification:_identify(scripts/NotUsed) by extension 'colcon_meta'
[0.823s] Level 1:colcon.colcon_core.package_identification:_identify(scripts/NotUsed) by extensions ['ros']
[0.823s] Level 1:colcon.colcon_core.package_identification:_identify(scripts/NotUsed) by extension 'ros'
[0.823s] Level 1:colcon.colcon_core.package_identification:_identify(scripts/NotUsed) by extensions ['cmake', 'python']
[0.823s] Level 1:colcon.colcon_core.package_identification:_identify(scripts/NotUsed) by extension 'cmake'
[0.824s] Level 1:colcon.colcon_core.package_identification:_identify(scripts/NotUsed) by extension 'python'
[0.824s] Level 1:colcon.colcon_core.package_identification:_identify(scripts/NotUsed) by extensions ['python_setup_py']
[0.824s] Level 1:colcon.colcon_core.package_identification:_identify(scripts/NotUsed) by extension 'python_setup_py'
[0.824s] Level 1:colcon.colcon_core.package_identification:_identify(scripts/Vive) by extensions ['ignore', 'ignore_ament_install']
[0.824s] Level 1:colcon.colcon_core.package_identification:_identify(scripts/Vive) by extension 'ignore'
[0.824s] Level 1:colcon.colcon_core.package_identification:_identify(scripts/Vive) by extension 'ignore_ament_install'
[0.824s] Level 1:colcon.colcon_core.package_identification:_identify(scripts/Vive) by extensions ['colcon_pkg']
[0.824s] Level 1:colcon.colcon_core.package_identification:_identify(scripts/Vive) by extension 'colcon_pkg'
[0.824s] Level 1:colcon.colcon_core.package_identification:_identify(scripts/Vive) by extensions ['colcon_meta']
[0.824s] Level 1:colcon.colcon_core.package_identification:_identify(scripts/Vive) by extension 'colcon_meta'
[0.828s] Level 1:colcon.colcon_core.package_identification:_identify(scripts/Vive) by extensions ['ros']
[0.828s] Level 1:colcon.colcon_core.package_identification:_identify(scripts/Vive) by extension 'ros'
[0.828s] Level 1:colcon.colcon_core.package_identification:_identify(scripts/Vive) by extensions ['cmake', 'python']
[0.828s] Level 1:colcon.colcon_core.package_identification:_identify(scripts/Vive) by extension 'cmake'
[0.828s] Level 1:colcon.colcon_core.package_identification:_identify(scripts/Vive) by extension 'python'
[0.828s] Level 1:colcon.colcon_core.package_identification:_identify(scripts/Vive) by extensions ['python_setup_py']
[0.828s] Level 1:colcon.colcon_core.package_identification:_identify(scripts/Vive) by extension 'python_setup_py'
[0.828s] Level 1:colcon.colcon_core.package_identification:_identify(scripts/Vive/libraries) by extensions ['ignore', 'ignore_ament_install']
[0.829s] Level 1:colcon.colcon_core.package_identification:_identify(scripts/Vive/libraries) by extension 'ignore'
[0.829s] Level 1:colcon.colcon_core.package_identification:_identify(scripts/Vive/libraries) by extension 'ignore_ament_install'
[0.829s] Level 1:colcon.colcon_core.package_identification:_identify(scripts/Vive/libraries) by extensions ['colcon_pkg']
[0.829s] Level 1:colcon.colcon_core.package_identification:_identify(scripts/Vive/libraries) by extension 'colcon_pkg'
[0.829s] Level 1:colcon.colcon_core.package_identification:_identify(scripts/Vive/libraries) by extensions ['colcon_meta']
[0.829s] Level 1:colcon.colcon_core.package_identification:_identify(scripts/Vive/libraries) by extension 'colcon_meta'
[0.829s] Level 1:colcon.colcon_core.package_identification:_identify(scripts/Vive/libraries) by extensions ['ros']
[0.829s] Level 1:colcon.colcon_core.package_identification:_identify(scripts/Vive/libraries) by extension 'ros'
[0.829s] Level 1:colcon.colcon_core.package_identification:_identify(scripts/Vive/libraries) by extensions ['cmake', 'python']
[0.829s] Level 1:colcon.colcon_core.package_identification:_identify(scripts/Vive/libraries) by extension 'cmake'
[0.829s] Level 1:colcon.colcon_core.package_identification:_identify(scripts/Vive/libraries) by extension 'python'
[0.829s] Level 1:colcon.colcon_core.package_identification:_identify(scripts/Vive/libraries) by extensions ['python_setup_py']
[0.830s] Level 1:colcon.colcon_core.package_identification:_identify(scripts/Vive/libraries) by extension 'python_setup_py'
[0.830s] Level 1:colcon.colcon_core.package_identification:_identify(scripts/Vive/libraries/__pycache__) by extensions ['ignore', 'ignore_ament_install']
[0.830s] Level 1:colcon.colcon_core.package_identification:_identify(scripts/Vive/libraries/__pycache__) by extension 'ignore'
[0.830s] Level 1:colcon.colcon_core.package_identification:_identify(scripts/Vive/libraries/__pycache__) by extension 'ignore_ament_install'
[0.831s] Level 1:colcon.colcon_core.package_identification:_identify(scripts/Vive/libraries/__pycache__) by extensions ['colcon_pkg']
[0.831s] Level 1:colcon.colcon_core.package_identification:_identify(scripts/Vive/libraries/__pycache__) by extension 'colcon_pkg'
[0.831s] Level 1:colcon.colcon_core.package_identification:_identify(scripts/Vive/libraries/__pycache__) by extensions ['colcon_meta']
[0.831s] Level 1:colcon.colcon_core.package_identification:_identify(scripts/Vive/libraries/__pycache__) by extension 'colcon_meta'
[0.831s] Level 1:colcon.colcon_core.package_identification:_identify(scripts/Vive/libraries/__pycache__) by extensions ['ros']
[0.831s] Level 1:colcon.colcon_core.package_identification:_identify(scripts/Vive/libraries/__pycache__) by extension 'ros'
[0.832s] Level 1:colcon.colcon_core.package_identification:_identify(scripts/Vive/libraries/__pycache__) by extensions ['cmake', 'python']
[0.832s] Level 1:colcon.colcon_core.package_identification:_identify(scripts/Vive/libraries/__pycache__) by extension 'cmake'
[0.832s] Level 1:colcon.colcon_core.package_identification:_identify(scripts/Vive/libraries/__pycache__) by extension 'python'
[0.832s] Level 1:colcon.colcon_core.package_identification:_identify(scripts/Vive/libraries/__pycache__) by extensions ['python_setup_py']
[0.832s] Level 1:colcon.colcon_core.package_identification:_identify(scripts/Vive/libraries/__pycache__) by extension 'python_setup_py'
[0.832s] Level 1:colcon.colcon_core.package_identification:_identify(techman_robot_get_status) by extensions ['ignore', 'ignore_ament_install']
[0.832s] Level 1:colcon.colcon_core.package_identification:_identify(techman_robot_get_status) by extension 'ignore'
[0.832s] Level 1:colcon.colcon_core.package_identification:_identify(techman_robot_get_status) by extension 'ignore_ament_install'
[0.832s] Level 1:colcon.colcon_core.package_identification:_identify(techman_robot_get_status) by extensions ['colcon_pkg']
[0.832s] Level 1:colcon.colcon_core.package_identification:_identify(techman_robot_get_status) by extension 'colcon_pkg'
[0.833s] Level 1:colcon.colcon_core.package_identification:_identify(techman_robot_get_status) by extensions ['colcon_meta']
[0.833s] Level 1:colcon.colcon_core.package_identification:_identify(techman_robot_get_status) by extension 'colcon_meta'
[0.833s] Level 1:colcon.colcon_core.package_identification:_identify(techman_robot_get_status) by extensions ['ros']
[0.833s] Level 1:colcon.colcon_core.package_identification:_identify(techman_robot_get_status) by extension 'ros'
[0.834s] DEBUG:colcon.colcon_core.package_identification:Package 'techman_robot_get_status' with type 'ros.ament_python' and name 'tm_get_status'
[0.834s] Level 1:colcon.colcon_core.package_identification:_identify(techman_robot_msgs) by extensions ['ignore', 'ignore_ament_install']
[0.834s] Level 1:colcon.colcon_core.package_identification:_identify(techman_robot_msgs) by extension 'ignore'
[0.835s] Level 1:colcon.colcon_core.package_identification:_identify(techman_robot_msgs) by extension 'ignore_ament_install'
[0.835s] Level 1:colcon.colcon_core.package_identification:_identify(techman_robot_msgs) by extensions ['colcon_pkg']
[0.835s] Level 1:colcon.colcon_core.package_identification:_identify(techman_robot_msgs) by extension 'colcon_pkg'
[0.835s] Level 1:colcon.colcon_core.package_identification:_identify(techman_robot_msgs) by extensions ['colcon_meta']
[0.835s] Level 1:colcon.colcon_core.package_identification:_identify(techman_robot_msgs) by extension 'colcon_meta'
[0.835s] Level 1:colcon.colcon_core.package_identification:_identify(techman_robot_msgs) by extensions ['ros']
[0.835s] Level 1:colcon.colcon_core.package_identification:_identify(techman_robot_msgs) by extension 'ros'
[0.837s] DEBUG:colcon.colcon_core.package_identification:Package 'techman_robot_msgs' with type 'ros.ament_cmake' and name 'techman_robot_msgs'
[0.837s] Level 1:colcon.colcon_core.package_identification:_identify(tm_driver) by extensions ['ignore', 'ignore_ament_install']
[0.837s] Level 1:colcon.colcon_core.package_identification:_identify(tm_driver) by extension 'ignore'
[0.837s] Level 1:colcon.colcon_core.package_identification:_identify(tm_driver) by extension 'ignore_ament_install'
[0.837s] Level 1:colcon.colcon_core.package_identification:_identify(tm_driver) by extensions ['colcon_pkg']
[0.837s] Level 1:colcon.colcon_core.package_identification:_identify(tm_driver) by extension 'colcon_pkg'
[0.837s] Level 1:colcon.colcon_core.package_identification:_identify(tm_driver) by extensions ['colcon_meta']
[0.837s] Level 1:colcon.colcon_core.package_identification:_identify(tm_driver) by extension 'colcon_meta'
[0.838s] Level 1:colcon.colcon_core.package_identification:_identify(tm_driver) by extensions ['ros']
[0.838s] Level 1:colcon.colcon_core.package_identification:_identify(tm_driver) by extension 'ros'
[0.839s] DEBUG:colcon.colcon_core.package_identification:Package 'tm_driver' with type 'ros.ament_cmake' and name 'tm_driver'
[0.839s] Level 1:colcon.colcon_core.package_identification:_identify(tm_models) by extensions ['ignore', 'ignore_ament_install']
[0.839s] Level 1:colcon.colcon_core.package_identification:_identify(tm_models) by extension 'ignore'
[0.839s] Level 1:colcon.colcon_core.package_identification:_identify(tm_models) by extension 'ignore_ament_install'
[0.839s] Level 1:colcon.colcon_core.package_identification:_identify(tm_models) by extensions ['colcon_pkg']
[0.839s] Level 1:colcon.colcon_core.package_identification:_identify(tm_models) by extension 'colcon_pkg'
[0.840s] Level 1:colcon.colcon_core.package_identification:_identify(tm_models) by extensions ['colcon_meta']
[0.840s] Level 1:colcon.colcon_core.package_identification:_identify(tm_models) by extension 'colcon_meta'
[0.840s] Level 1:colcon.colcon_core.package_identification:_identify(tm_models) by extensions ['ros']
[0.840s] Level 1:colcon.colcon_core.package_identification:_identify(tm_models) by extension 'ros'
[0.840s] DEBUG:colcon.colcon_core.package_identification:Package 'tm_models' with type 'ros.ament_cmake' and name 'tm_models'
[0.841s] Level 1:colcon.colcon_core.package_identification:_identify(tm_msgs) by extensions ['ignore', 'ignore_ament_install']
[0.841s] Level 1:colcon.colcon_core.package_identification:_identify(tm_msgs) by extension 'ignore'
[0.841s] Level 1:colcon.colcon_core.package_identification:_identify(tm_msgs) by extension 'ignore_ament_install'
[0.841s] Level 1:colcon.colcon_core.package_identification:_identify(tm_msgs) by extensions ['colcon_pkg']
[0.841s] Level 1:colcon.colcon_core.package_identification:_identify(tm_msgs) by extension 'colcon_pkg'
[0.841s] Level 1:colcon.colcon_core.package_identification:_identify(tm_msgs) by extensions ['colcon_meta']
[0.841s] Level 1:colcon.colcon_core.package_identification:_identify(tm_msgs) by extension 'colcon_meta'
[0.842s] Level 1:colcon.colcon_core.package_identification:_identify(tm_msgs) by extensions ['ros']
[0.842s] Level 1:colcon.colcon_core.package_identification:_identify(tm_msgs) by extension 'ros'
[0.844s] DEBUG:colcon.colcon_core.package_identification:Package 'tm_msgs' with type 'ros.ament_cmake' and name 'tm_msgs'
[0.844s] Level 1:colcon.colcon_core.package_identification:_identify(tmr_description) by extensions ['ignore', 'ignore_ament_install']
[0.844s] Level 1:colcon.colcon_core.package_identification:_identify(tmr_description) by extension 'ignore'
[0.845s] Level 1:colcon.colcon_core.package_identification:_identify(tmr_description) by extension 'ignore_ament_install'
[0.845s] Level 1:colcon.colcon_core.package_identification:_identify(tmr_description) by extensions ['colcon_pkg']
[0.845s] Level 1:colcon.colcon_core.package_identification:_identify(tmr_description) by extension 'colcon_pkg'
[0.846s] Level 1:colcon.colcon_core.package_identification:_identify(tmr_description) by extensions ['colcon_meta']
[0.846s] Level 1:colcon.colcon_core.package_identification:_identify(tmr_description) by extension 'colcon_meta'
[0.846s] Level 1:colcon.colcon_core.package_identification:_identify(tmr_description) by extensions ['ros']
[0.846s] Level 1:colcon.colcon_core.package_identification:_identify(tmr_description) by extension 'ros'
[0.849s] DEBUG:colcon.colcon_core.package_identification:Package 'tmr_description' with type 'ros.ament_cmake' and name 'tmr_description'
[0.850s] Level 1:colcon.colcon_core.package_identification:_identify(tmr_driver) by extensions ['ignore', 'ignore_ament_install']
[0.850s] Level 1:colcon.colcon_core.package_identification:_identify(tmr_driver) by extension 'ignore'
[0.851s] Level 1:colcon.colcon_core.package_identification:_identify(tmr_driver) by extension 'ignore_ament_install'
[0.851s] Level 1:colcon.colcon_core.package_identification:_identify(tmr_driver) by extensions ['colcon_pkg']
[0.851s] Level 1:colcon.colcon_core.package_identification:_identify(tmr_driver) by extension 'colcon_pkg'
[0.852s] Level 1:colcon.colcon_core.package_identification:_identify(tmr_driver) by extensions ['colcon_meta']
[0.852s] Level 1:colcon.colcon_core.package_identification:_identify(tmr_driver) by extension 'colcon_meta'
[0.852s] Level 1:colcon.colcon_core.package_identification:_identify(tmr_driver) by extensions ['ros']
[0.852s] Level 1:colcon.colcon_core.package_identification:_identify(tmr_driver) by extension 'ros'
[0.858s] DEBUG:colcon.colcon_core.package_identification:Package 'tmr_driver' with type 'ros.ament_cmake' and name 'tmr_driver'
[0.858s] Level 1:colcon.colcon_core.package_identification:_identify(tmr_mod_urdf) by extensions ['ignore', 'ignore_ament_install']
[0.861s] Level 1:colcon.colcon_core.package_identification:_identify(tmr_mod_urdf) by extension 'ignore'
[0.861s] Level 1:colcon.colcon_core.package_identification:_identify(tmr_mod_urdf) by extension 'ignore_ament_install'
[0.861s] Level 1:colcon.colcon_core.package_identification:_identify(tmr_mod_urdf) by extensions ['colcon_pkg']
[0.861s] Level 1:colcon.colcon_core.package_identification:_identify(tmr_mod_urdf) by extension 'colcon_pkg'
[0.861s] Level 1:colcon.colcon_core.package_identification:_identify(tmr_mod_urdf) by extensions ['colcon_meta']
[0.862s] Level 1:colcon.colcon_core.package_identification:_identify(tmr_mod_urdf) by extension 'colcon_meta'
[0.862s] Level 1:colcon.colcon_core.package_identification:_identify(tmr_mod_urdf) by extensions ['ros']
[0.862s] Level 1:colcon.colcon_core.package_identification:_identify(tmr_mod_urdf) by extension 'ros'
[0.866s] DEBUG:colcon.colcon_core.package_identification:Package 'tmr_mod_urdf' with type 'ros.ament_python' and name 'tmr_mod_urdf'
[0.867s] Level 1:colcon.colcon_core.package_identification:_identify(tmr_moveit_config_tm5-900) by extensions ['ignore', 'ignore_ament_install']
[0.867s] Level 1:colcon.colcon_core.package_identification:_identify(tmr_moveit_config_tm5-900) by extension 'ignore'
[0.868s] Level 1:colcon.colcon_core.package_identification:_identify(tmr_moveit_config_tm5-900) by extension 'ignore_ament_install'
[0.868s] Level 1:colcon.colcon_core.package_identification:_identify(tmr_moveit_config_tm5-900) by extensions ['colcon_pkg']
[0.868s] Level 1:colcon.colcon_core.package_identification:_identify(tmr_moveit_config_tm5-900) by extension 'colcon_pkg'
[0.869s] Level 1:colcon.colcon_core.package_identification:_identify(tmr_moveit_config_tm5-900) by extensions ['colcon_meta']
[0.869s] Level 1:colcon.colcon_core.package_identification:_identify(tmr_moveit_config_tm5-900) by extension 'colcon_meta'
[0.869s] Level 1:colcon.colcon_core.package_identification:_identify(tmr_moveit_config_tm5-900) by extensions ['ros']
[0.869s] Level 1:colcon.colcon_core.package_identification:_identify(tmr_moveit_config_tm5-900) by extension 'ros'
[0.874s] DEBUG:colcon.colcon_core.package_identification:Package 'tmr_moveit_config_tm5-900' with type 'ros.ament_cmake' and name 'tmr_moveit_config_tm5-900'
[0.874s] Level 1:colcon.colcon_core.package_identification:_identify(tmr_moveit_cpp_demo) by extensions ['ignore', 'ignore_ament_install']
[0.875s] Level 1:colcon.colcon_core.package_identification:_identify(tmr_moveit_cpp_demo) by extension 'ignore'
[0.876s] Level 1:colcon.colcon_core.package_identification:_identify(tmr_moveit_cpp_demo) by extension 'ignore_ament_install'
[0.877s] Level 1:colcon.colcon_core.package_identification:_identify(tmr_moveit_cpp_demo) by extensions ['colcon_pkg']
[0.877s] Level 1:colcon.colcon_core.package_identification:_identify(tmr_moveit_cpp_demo) by extension 'colcon_pkg'
[0.877s] Level 1:colcon.colcon_core.package_identification:_identify(tmr_moveit_cpp_demo) by extensions ['colcon_meta']
[0.877s] Level 1:colcon.colcon_core.package_identification:_identify(tmr_moveit_cpp_demo) by extension 'colcon_meta'
[0.877s] Level 1:colcon.colcon_core.package_identification:_identify(tmr_moveit_cpp_demo) by extensions ['ros']
[0.877s] Level 1:colcon.colcon_core.package_identification:_identify(tmr_moveit_cpp_demo) by extension 'ros'
[0.878s] DEBUG:colcon.colcon_core.package_identification:Package 'tmr_moveit_cpp_demo' with type 'ros.ament_cmake' and name 'tmr_moveit_cpp_demo'
[0.879s] Level 1:colcon.colcon_core.package_identification:_identify(tmr_msgs) by extensions ['ignore', 'ignore_ament_install']
[0.879s] Level 1:colcon.colcon_core.package_identification:_identify(tmr_msgs) by extension 'ignore'
[0.879s] Level 1:colcon.colcon_core.package_identification:_identify(tmr_msgs) by extension 'ignore_ament_install'
[0.879s] Level 1:colcon.colcon_core.package_identification:_identify(tmr_msgs) by extensions ['colcon_pkg']
[0.879s] Level 1:colcon.colcon_core.package_identification:_identify(tmr_msgs) by extension 'colcon_pkg'
[0.879s] Level 1:colcon.colcon_core.package_identification:_identify(tmr_msgs) by extensions ['colcon_meta']
[0.879s] Level 1:colcon.colcon_core.package_identification:_identify(tmr_msgs) by extension 'colcon_meta'
[0.879s] Level 1:colcon.colcon_core.package_identification:_identify(tmr_msgs) by extensions ['ros']
[0.879s] Level 1:colcon.colcon_core.package_identification:_identify(tmr_msgs) by extension 'ros'
[0.880s] DEBUG:colcon.colcon_core.package_identification:Package 'tmr_msgs' with type 'ros.ament_cmake' and name 'tmr_msgs'
[0.880s] Level 1:colcon.colcon_core.package_identification:_identify(tmrlib) by extensions ['ignore', 'ignore_ament_install']
[0.881s] Level 1:colcon.colcon_core.package_identification:_identify(tmrlib) by extension 'ignore'
[0.881s] Level 1:colcon.colcon_core.package_identification:_identify(tmrlib) by extension 'ignore_ament_install'
[0.881s] Level 1:colcon.colcon_core.package_identification:_identify(tmrlib) by extensions ['colcon_pkg']
[0.881s] Level 1:colcon.colcon_core.package_identification:_identify(tmrlib) by extension 'colcon_pkg'
[0.881s] Level 1:colcon.colcon_core.package_identification:_identify(tmrlib) by extensions ['colcon_meta']
[0.881s] Level 1:colcon.colcon_core.package_identification:_identify(tmrlib) by extension 'colcon_meta'
[0.881s] Level 1:colcon.colcon_core.package_identification:_identify(tmrlib) by extensions ['ros']
[0.881s] Level 1:colcon.colcon_core.package_identification:_identify(tmrlib) by extension 'ros'
[0.882s] DEBUG:colcon.colcon_core.package_identification:Package 'tmrlib' with type 'ros.ament_cmake' and name 'tmrlib'
[0.882s] Level 1:colcon.colcon_core.package_identification:_identify(ui_for_debug_and_demo) by extensions ['ignore', 'ignore_ament_install']
[0.883s] Level 1:colcon.colcon_core.package_identification:_identify(ui_for_debug_and_demo) by extension 'ignore'
[0.883s] Level 1:colcon.colcon_core.package_identification:_identify(ui_for_debug_and_demo) by extension 'ignore_ament_install'
[0.883s] Level 1:colcon.colcon_core.package_identification:_identify(ui_for_debug_and_demo) by extensions ['colcon_pkg']
[0.883s] Level 1:colcon.colcon_core.package_identification:_identify(ui_for_debug_and_demo) by extension 'colcon_pkg'
[0.883s] Level 1:colcon.colcon_core.package_identification:_identify(ui_for_debug_and_demo) by extensions ['colcon_meta']
[0.883s] Level 1:colcon.colcon_core.package_identification:_identify(ui_for_debug_and_demo) by extension 'colcon_meta'
[0.883s] Level 1:colcon.colcon_core.package_identification:_identify(ui_for_debug_and_demo) by extensions ['ros']
[0.883s] Level 1:colcon.colcon_core.package_identification:_identify(ui_for_debug_and_demo) by extension 'ros'
[0.886s] DEBUG:colcon.colcon_core.package_identification:Package 'ui_for_debug_and_demo' with type 'ros.ament_cmake' and name 'ui_for_debug_and_demo'
[0.886s] Level 1:colcon.colcon_core.package_discovery:discover_packages(recursive) using defaults
[0.886s] Level 1:colcon.colcon_core.package_discovery:discover_packages(ignore) discover
[0.886s] Level 1:colcon.colcon_core.package_discovery:discover_packages(ignore) using defaults
[0.886s] Level 1:colcon.colcon_core.package_discovery:discover_packages(path) discover
[0.886s] Level 1:colcon.colcon_core.package_discovery:discover_packages(path) using defaults
[0.927s] INFO:colcon.colcon_core.package_selection:Skipping not selected package 'rviz_tm' in 'rviz_tm'
[0.927s] INFO:colcon.colcon_core.package_selection:Skipping not selected package 'techman_robot_msgs' in 'techman_robot_msgs'
[0.927s] INFO:colcon.colcon_core.package_selection:Skipping not selected package 'tm_get_status' in 'techman_robot_get_status'
[0.927s] INFO:colcon.colcon_core.package_selection:Skipping not selected package 'tm_models' in 'tm_models'
[0.927s] INFO:colcon.colcon_core.package_selection:Skipping not selected package 'tm_msgs' in 'tm_msgs'
[0.927s] INFO:colcon.colcon_core.package_selection:Skipping not selected package 'tmr_description' in 'tmr_description'
[0.927s] INFO:colcon.colcon_core.package_selection:Skipping not selected package 'tmr_mod_urdf' in 'tmr_mod_urdf'
[0.927s] INFO:colcon.colcon_core.package_selection:Skipping not selected package 'tmr_moveit_cpp_demo' in 'tmr_moveit_cpp_demo'
[0.927s] INFO:colcon.colcon_core.package_selection:Skipping not selected package 'tmr_msgs' in 'tmr_msgs'
[0.927s] INFO:colcon.colcon_core.package_selection:Skipping not selected package 'tmrlib' in 'tmrlib'
[0.927s] INFO:colcon.colcon_core.package_selection:Skipping not selected package 'custom_package' in 'custom_package'
[0.927s] INFO:colcon.colcon_core.package_selection:Skipping not selected package 'demo' in 'demo'
[0.928s] INFO:colcon.colcon_core.package_selection:Skipping not selected package 'tm_driver' in 'tm_driver'
[0.928s] INFO:colcon.colcon_core.package_selection:Skipping not selected package 'tmr_driver' in 'tmr_driver'
[0.928s] INFO:colcon.colcon_core.package_selection:Skipping not selected package 'tmr_moveit_config_tm5-900' in 'tmr_moveit_config_tm5-900'
[0.928s] INFO:colcon.colcon_core.package_selection:Skipping not selected package 'ui_for_debug_and_demo' in 'ui_for_debug_and_demo'
[0.935s] Level 5:colcon.colcon_core.verb:set package 'pickplace' build argument 'cmake_args' from command line to 'None'
[0.936s] Level 5:colcon.colcon_core.verb:set package 'pickplace' build argument 'cmake_target' from command line to 'None'
[0.936s] Level 5:colcon.colcon_core.verb:set package 'pickplace' build argument 'cmake_target_skip_unavailable' from command line to 'False'
[0.936s] Level 5:colcon.colcon_core.verb:set package 'pickplace' build argument 'cmake_clean_cache' from command line to 'False'
[0.936s] Level 5:colcon.colcon_core.verb:set package 'pickplace' build argument 'cmake_clean_first' from command line to 'False'
[0.936s] Level 5:colcon.colcon_core.verb:set package 'pickplace' build argument 'cmake_force_configure' from command line to 'False'
[0.936s] Level 5:colcon.colcon_core.verb:set package 'pickplace' build argument 'ament_cmake_args' from command line to 'None'
[0.936s] Level 5:colcon.colcon_core.verb:set package 'pickplace' build argument 'catkin_cmake_args' from command line to 'None'
[0.936s] Level 5:colcon.colcon_core.verb:set package 'pickplace' build argument 'catkin_skip_building_tests' from command line to 'False'
[0.936s] DEBUG:colcon.colcon_core.verb:Building package 'pickplace' with the following arguments: {'ament_cmake_args': None, 'build_base': '/home/gy/Omron_TM_ROS2/build/pickplace', 'catkin_cmake_args': None, 'catkin_skip_building_tests': False, 'cmake_args': None, 'cmake_clean_cache': False, 'cmake_clean_first': False, 'cmake_force_configure': False, 'cmake_target': None, 'cmake_target_skip_unavailable': False, 'install_base': '/home/gy/Omron_TM_ROS2/install/pickplace', 'merge_install': False, 'path': '/home/gy/Omron_TM_ROS2/pickplace', 'symlink_install': False, 'test_result_base': None}
[0.937s] INFO:colcon.colcon_core.executor:Executing jobs using 'parallel' executor
[0.942s] DEBUG:colcon.colcon_parallel_executor.executor.parallel:run_until_complete
[0.943s] INFO:colcon.colcon_ros.task.ament_python.build:Building ROS package in '/home/gy/Omron_TM_ROS2/pickplace' with build type 'ament_python'
[0.943s] Level 1:colcon.colcon_core.shell:create_environment_hook('pickplace', 'ament_prefix_path')
[0.957s] INFO:colcon.colcon_core.plugin_system:Skipping extension 'colcon_core.shell.bat': Not used on non-Windows systems
[0.957s] INFO:colcon.colcon_core.shell:Creating environment hook '/home/gy/Omron_TM_ROS2/install/pickplace/share/pickplace/hook/ament_prefix_path.ps1'
[0.959s] INFO:colcon.colcon_core.shell:Creating environment descriptor '/home/gy/Omron_TM_ROS2/install/pickplace/share/pickplace/hook/ament_prefix_path.dsv'
[0.960s] INFO:colcon.colcon_core.shell:Creating environment hook '/home/gy/Omron_TM_ROS2/install/pickplace/share/pickplace/hook/ament_prefix_path.sh'
[0.962s] INFO:colcon.colcon_core.shell:Skip shell extension 'powershell' for command environment: Not usable outside of PowerShell
[0.963s] DEBUG:colcon.colcon_core.shell:Skip shell extension 'dsv' for command environment
[0.970s] DEBUG:colcon.colcon_core.shell:Ignoring prefix path '/opt/ros/foxy'
[1.441s] INFO:colcon.colcon_core.task.python.build:Building Python package in '/home/gy/Omron_TM_ROS2/pickplace'
[1.443s] INFO:colcon.colcon_core.shell:Skip shell extension 'powershell' for command environment: Not usable outside of PowerShell
[1.443s] DEBUG:colcon.colcon_core.shell:Skip shell extension 'dsv' for command environment
[1.450s] DEBUG:colcon.colcon_core.shell:Ignoring prefix path '/opt/ros/foxy'
[1.462s] DEBUG:colcon.colcon_core.event_handler.log_command:Invoking command in '/home/gy/Omron_TM_ROS2/pickplace': PYTHONPATH=/home/gy/Omron_TM_ROS2/install/pickplace/lib/python3.8/site-packages:${PYTHONPATH} /usr/bin/python3 setup.py egg_info --egg-base ../build/pickplace build --build-base /home/gy/Omron_TM_ROS2/build/pickplace/build install --prefix /home/gy/Omron_TM_ROS2/install/pickplace --record /home/gy/Omron_TM_ROS2/build/pickplace/install.log --single-version-externally-managed
[2.055s] DEBUG:colcon.colcon_core.event_handler.log_command:Invoked command in '/home/gy/Omron_TM_ROS2/pickplace' returned '0': PYTHONPATH=/home/gy/Omron_TM_ROS2/install/pickplace/lib/python3.8/site-packages:${PYTHONPATH} /usr/bin/python3 setup.py egg_info --egg-base ../build/pickplace build --build-base /home/gy/Omron_TM_ROS2/build/pickplace/build install --prefix /home/gy/Omron_TM_ROS2/install/pickplace --record /home/gy/Omron_TM_ROS2/build/pickplace/install.log --single-version-externally-managed
[2.060s] Level 1:colcon.colcon_core.environment:checking '/home/gy/Omron_TM_ROS2/install/pickplace' for CMake module files
[2.061s] Level 1:colcon.colcon_core.environment:checking '/home/gy/Omron_TM_ROS2/install/pickplace' for CMake config files
[2.062s] Level 1:colcon.colcon_core.environment:checking '/home/gy/Omron_TM_ROS2/install/pickplace/lib'
[2.062s] Level 1:colcon.colcon_core.environment:checking '/home/gy/Omron_TM_ROS2/install/pickplace/bin'
[2.062s] Level 1:colcon.colcon_core.environment:checking '/home/gy/Omron_TM_ROS2/install/pickplace/lib/pkgconfig/pickplace.pc'
[2.063s] Level 1:colcon.colcon_core.environment:checking '/home/gy/Omron_TM_ROS2/install/pickplace/lib/python3.8/site-packages'
[2.063s] Level 1:colcon.colcon_core.shell:create_environment_hook('pickplace', 'pythonpath')
[2.064s] INFO:colcon.colcon_core.shell:Creating environment hook '/home/gy/Omron_TM_ROS2/install/pickplace/share/pickplace/hook/pythonpath.ps1'
[2.064s] INFO:colcon.colcon_core.shell:Creating environment descriptor '/home/gy/Omron_TM_ROS2/install/pickplace/share/pickplace/hook/pythonpath.dsv'
[2.065s] INFO:colcon.colcon_core.shell:Creating environment hook '/home/gy/Omron_TM_ROS2/install/pickplace/share/pickplace/hook/pythonpath.sh'
[2.065s] Level 1:colcon.colcon_core.environment:create_environment_scripts_only(pickplace)
[2.067s] INFO:colcon.colcon_core.shell:Creating package script '/home/gy/Omron_TM_ROS2/install/pickplace/share/pickplace/package.ps1'
[2.069s] INFO:colcon.colcon_core.shell:Creating package descriptor '/home/gy/Omron_TM_ROS2/install/pickplace/share/pickplace/package.dsv'
[2.070s] INFO:colcon.colcon_core.shell:Creating package script '/home/gy/Omron_TM_ROS2/install/pickplace/share/pickplace/package.sh'
[2.074s] INFO:colcon.colcon_core.shell:Creating package script '/home/gy/Omron_TM_ROS2/install/pickplace/share/pickplace/package.bash'
[2.077s] INFO:colcon.colcon_core.shell:Creating package script '/home/gy/Omron_TM_ROS2/install/pickplace/share/pickplace/package.zsh'
[2.079s] Level 1:colcon.colcon_core.environment:create_file_with_runtime_dependencies(/home/gy/Omron_TM_ROS2/install/pickplace/share/colcon-core/packages/pickplace)
[2.080s] DEBUG:colcon.colcon_parallel_executor.executor.parallel:closing loop
[2.083s] DEBUG:colcon.colcon_parallel_executor.executor.parallel:loop closed
[2.083s] DEBUG:colcon.colcon_parallel_executor.executor.parallel:run_until_complete finished with '0'
[2.083s] DEBUG:colcon.colcon_core.event_reactor:joining thread
[2.092s] INFO:colcon.colcon_core.plugin_system:Skipping extension 'colcon_notification.desktop_notification.terminal_notifier': Not used on non-Darwin systems
[2.092s] INFO:colcon.colcon_core.plugin_system:Skipping extension 'colcon_notification.desktop_notification.win32': Not used on non-Windows systems
[2.092s] INFO:colcon.colcon_notification.desktop_notification:Sending desktop notification using 'notify2'
[2.114s] DEBUG:colcon.colcon_core.event_reactor:joined thread
[2.115s] INFO:colcon.colcon_core.shell:Creating prefix script '/home/gy/Omron_TM_ROS2/install/local_setup.ps1'
[2.117s] INFO:colcon.colcon_core.shell:Creating prefix util module '/home/gy/Omron_TM_ROS2/install/_local_setup_util_ps1.py'
[2.126s] INFO:colcon.colcon_core.shell:Creating prefix chain script '/home/gy/Omron_TM_ROS2/install/setup.ps1'
[2.132s] INFO:colcon.colcon_core.shell:Creating prefix script '/home/gy/Omron_TM_ROS2/install/local_setup.sh'
[2.133s] INFO:colcon.colcon_core.shell:Creating prefix util module '/home/gy/Omron_TM_ROS2/install/_local_setup_util_sh.py'
[2.134s] INFO:colcon.colcon_core.shell:Creating prefix chain script '/home/gy/Omron_TM_ROS2/install/setup.sh'
[2.143s] INFO:colcon.colcon_core.shell:Creating prefix script '/home/gy/Omron_TM_ROS2/install/local_setup.bash'
[2.144s] INFO:colcon.colcon_core.shell:Creating prefix chain script '/home/gy/Omron_TM_ROS2/install/setup.bash'
[2.151s] INFO:colcon.colcon_core.shell:Creating prefix script '/home/gy/Omron_TM_ROS2/install/local_setup.zsh'
[2.153s] INFO:colcon.colcon_core.shell:Creating prefix chain script '/home/gy/Omron_TM_ROS2/install/setup.zsh'
