[1.045s] Invoking command in '/home/gy/Omron_TM_ROS2/rviz_tm': PYTHONPATH=/home/gy/Omron_TM_ROS2/install/rviz_tm/lib/python3.8/site-packages:${PYTHONPATH} /usr/bin/python3 setup.py egg_info --egg-base ../build/rviz_tm build --build-base /home/gy/Omron_TM_ROS2/build/rviz_tm/build install --prefix /home/gy/Omron_TM_ROS2/install/rviz_tm --record /home/gy/Omron_TM_ROS2/build/rviz_tm/install.log --single-version-externally-managed
[1.724s] running egg_info
[1.728s] writing ../build/rviz_tm/rviz_tm.egg-info/PKG-INFO
[1.729s] writing dependency_links to ../build/rviz_tm/rviz_tm.egg-info/dependency_links.txt
[1.729s] writing entry points to ../build/rviz_tm/rviz_tm.egg-info/entry_points.txt
[1.729s] writing requirements to ../build/rviz_tm/rviz_tm.egg-info/requires.txt
[1.729s] writing top-level names to ../build/rviz_tm/rviz_tm.egg-info/top_level.txt
[1.865s] reading manifest file '../build/rviz_tm/rviz_tm.egg-info/SOURCES.txt'
[1.872s] writing manifest file '../build/rviz_tm/rviz_tm.egg-info/SOURCES.txt'
[1.872s] running build
[1.873s] running build_py
[1.873s] running install
[1.875s] running install_lib
[1.888s] running install_data
[1.888s] running install_egg_info
[1.899s] removing '/home/gy/Omron_TM_ROS2/install/rviz_tm/lib/python3.8/site-packages/rviz_tm-0.0.0-py3.8.egg-info' (and everything under it)
[1.900s] Copying ../build/rviz_tm/rviz_tm.egg-info to /home/gy/Omron_TM_ROS2/install/rviz_tm/lib/python3.8/site-packages/rviz_tm-0.0.0-py3.8.egg-info
[1.900s] running install_scripts
[1.967s] writing list of installed files to '/home/gy/Omron_TM_ROS2/build/rviz_tm/install.log'
[2.327s] Invoked command in '/home/gy/Omron_TM_ROS2/rviz_tm' returned '0': PYTHONPATH=/home/gy/Omron_TM_ROS2/install/rviz_tm/lib/python3.8/site-packages:${PYTHONPATH} /usr/bin/python3 setup.py egg_info --egg-base ../build/rviz_tm build --build-base /home/gy/Omron_TM_ROS2/build/rviz_tm/build install --prefix /home/gy/Omron_TM_ROS2/install/rviz_tm --record /home/gy/Omron_TM_ROS2/build/rviz_tm/install.log --single-version-externally-managed
