[0.033s] Invoking command in '/home/omron/Omron_TM_ROS2/build/tmr_driver': CMAKE_PREFIX_PATH=/home/omron/Omron_TM_ROS2/install/tmrlib:/home/omron/Omron_TM_ROS2/install/tmr_msgs:/home/omron/Omron_TM_ROS2/install/ui_for_debug_and_demo:/home/omron/Omron_TM_ROS2/install/tmr_driver:/home/omron/Omron_TM_ROS2/install/tmr_moveit_cpp_demo:/home/omron/Omron_TM_ROS2/install/tmr_moveit_config_tm5-900:/home/omron/Omron_TM_ROS2/install/tmr_description:/home/omron/Omron_TM_ROS2/install/tm_driver:/home/omron/Omron_TM_ROS2/install/demo:/home/omron/Omron_TM_ROS2/install/tm_msgs:/home/omron/Omron_TM_ROS2/install/tm_models:/home/omron/Omron_TM_ROS2/install/custom_package:/home/omron/Omron_TM_ROS2/install/techman_robot_msgs:/home/omron/Omron_TM_ROS2/install/tmr_mod_urdf:/home/omron/Omron_TM_ROS2/install/tm_get_status:/home/omron/Omron_TM_ROS2/install/rviz_tm:/home/omron/Omron_TM_ROS2/install/pickplace:/opt/ros/foxy LD_LIBRARY_PATH=/home/omron/Omron_TM_ROS2/install/tmr_msgs/lib:/home/omron/Omron_TM_ROS2/install/tmrlib/lib:/home/omron/Omron_TM_ROS2/install/tm_msgs/lib:/home/omron/Omron_TM_ROS2/install/techman_robot_msgs/lib:/opt/ros/foxy/opt/yaml_cpp_vendor/lib:/opt/ros/foxy/opt/rviz_ogre_vendor/lib:/opt/ros/foxy/lib/x86_64-linux-gnu:/opt/ros/foxy/lib /usr/bin/cmake --build /home/omron/Omron_TM_ROS2/build/tmr_driver -- -j8 -l8
[0.180s] [100%] Built target tmr_driver
[0.197s] Invoked command in '/home/omron/Omron_TM_ROS2/build/tmr_driver' returned '0': CMAKE_PREFIX_PATH=/home/omron/Omron_TM_ROS2/install/tmrlib:/home/omron/Omron_TM_ROS2/install/tmr_msgs:/home/omron/Omron_TM_ROS2/install/ui_for_debug_and_demo:/home/omron/Omron_TM_ROS2/install/tmr_driver:/home/omron/Omron_TM_ROS2/install/tmr_moveit_cpp_demo:/home/omron/Omron_TM_ROS2/install/tmr_moveit_config_tm5-900:/home/omron/Omron_TM_ROS2/install/tmr_description:/home/omron/Omron_TM_ROS2/install/tm_driver:/home/omron/Omron_TM_ROS2/install/demo:/home/omron/Omron_TM_ROS2/install/tm_msgs:/home/omron/Omron_TM_ROS2/install/tm_models:/home/omron/Omron_TM_ROS2/install/custom_package:/home/omron/Omron_TM_ROS2/install/techman_robot_msgs:/home/omron/Omron_TM_ROS2/install/tmr_mod_urdf:/home/omron/Omron_TM_ROS2/install/tm_get_status:/home/omron/Omron_TM_ROS2/install/rviz_tm:/home/omron/Omron_TM_ROS2/install/pickplace:/opt/ros/foxy LD_LIBRARY_PATH=/home/omron/Omron_TM_ROS2/install/tmr_msgs/lib:/home/omron/Omron_TM_ROS2/install/tmrlib/lib:/home/omron/Omron_TM_ROS2/install/tm_msgs/lib:/home/omron/Omron_TM_ROS2/install/techman_robot_msgs/lib:/opt/ros/foxy/opt/yaml_cpp_vendor/lib:/opt/ros/foxy/opt/rviz_ogre_vendor/lib:/opt/ros/foxy/lib/x86_64-linux-gnu:/opt/ros/foxy/lib /usr/bin/cmake --build /home/omron/Omron_TM_ROS2/build/tmr_driver -- -j8 -l8
[0.245s] Invoking command in '/home/omron/Omron_TM_ROS2/build/tmr_driver': CMAKE_PREFIX_PATH=/home/omron/Omron_TM_ROS2/install/tmrlib:/home/omron/Omron_TM_ROS2/install/tmr_msgs:/home/omron/Omron_TM_ROS2/install/ui_for_debug_and_demo:/home/omron/Omron_TM_ROS2/install/tmr_driver:/home/omron/Omron_TM_ROS2/install/tmr_moveit_cpp_demo:/home/omron/Omron_TM_ROS2/install/tmr_moveit_config_tm5-900:/home/omron/Omron_TM_ROS2/install/tmr_description:/home/omron/Omron_TM_ROS2/install/tm_driver:/home/omron/Omron_TM_ROS2/install/demo:/home/omron/Omron_TM_ROS2/install/tm_msgs:/home/omron/Omron_TM_ROS2/install/tm_models:/home/omron/Omron_TM_ROS2/install/custom_package:/home/omron/Omron_TM_ROS2/install/techman_robot_msgs:/home/omron/Omron_TM_ROS2/install/tmr_mod_urdf:/home/omron/Omron_TM_ROS2/install/tm_get_status:/home/omron/Omron_TM_ROS2/install/rviz_tm:/home/omron/Omron_TM_ROS2/install/pickplace:/opt/ros/foxy LD_LIBRARY_PATH=/home/omron/Omron_TM_ROS2/install/tmr_msgs/lib:/home/omron/Omron_TM_ROS2/install/tmrlib/lib:/home/omron/Omron_TM_ROS2/install/tm_msgs/lib:/home/omron/Omron_TM_ROS2/install/techman_robot_msgs/lib:/opt/ros/foxy/opt/yaml_cpp_vendor/lib:/opt/ros/foxy/opt/rviz_ogre_vendor/lib:/opt/ros/foxy/lib/x86_64-linux-gnu:/opt/ros/foxy/lib /usr/bin/cmake --install /home/omron/Omron_TM_ROS2/build/tmr_driver
[0.263s] -- Install configuration: ""
[0.263s] -- Up-to-date: /home/omron/Omron_TM_ROS2/install/tmr_driver/lib/tmr_driver/tmr_driver
[0.264s] -- Up-to-date: /home/omron/Omron_TM_ROS2/install/tmr_driver/share/tmr_driver/launch
[0.264s] -- Up-to-date: /home/omron/Omron_TM_ROS2/install/tmr_driver/share/tmr_driver/launch/tmr_bringup.launch.py
[0.264s] -- Up-to-date: /home/omron/Omron_TM_ROS2/install/tmr_driver/share/tmr_driver/launch/tmr_bringup.py
[0.264s] -- Up-to-date: /home/omron/Omron_TM_ROS2/install/tmr_driver/share/ament_index/resource_index/package_run_dependencies/tmr_driver
[0.265s] -- Up-to-date: /home/omron/Omron_TM_ROS2/install/tmr_driver/share/ament_index/resource_index/parent_prefix_path/tmr_driver
[0.265s] -- Up-to-date: /home/omron/Omron_TM_ROS2/install/tmr_driver/share/tmr_driver/environment/ament_prefix_path.sh
[0.265s] -- Up-to-date: /home/omron/Omron_TM_ROS2/install/tmr_driver/share/tmr_driver/environment/ament_prefix_path.dsv
[0.265s] -- Up-to-date: /home/omron/Omron_TM_ROS2/install/tmr_driver/share/tmr_driver/environment/path.sh
[0.265s] -- Up-to-date: /home/omron/Omron_TM_ROS2/install/tmr_driver/share/tmr_driver/environment/path.dsv
[0.265s] -- Up-to-date: /home/omron/Omron_TM_ROS2/install/tmr_driver/share/tmr_driver/local_setup.bash
[0.265s] -- Up-to-date: /home/omron/Omron_TM_ROS2/install/tmr_driver/share/tmr_driver/local_setup.sh
[0.265s] -- Up-to-date: /home/omron/Omron_TM_ROS2/install/tmr_driver/share/tmr_driver/local_setup.zsh
[0.266s] -- Up-to-date: /home/omron/Omron_TM_ROS2/install/tmr_driver/share/tmr_driver/local_setup.dsv
[0.266s] -- Installing: /home/omron/Omron_TM_ROS2/install/tmr_driver/share/tmr_driver/package.dsv
[0.266s] -- Up-to-date: /home/omron/Omron_TM_ROS2/install/tmr_driver/share/ament_index/resource_index/packages/tmr_driver
[0.266s] -- Up-to-date: /home/omron/Omron_TM_ROS2/install/tmr_driver/share/tmr_driver/cmake/tmr_driverConfig.cmake
[0.266s] -- Up-to-date: /home/omron/Omron_TM_ROS2/install/tmr_driver/share/tmr_driver/cmake/tmr_driverConfig-version.cmake
[0.266s] -- Up-to-date: /home/omron/Omron_TM_ROS2/install/tmr_driver/share/tmr_driver/package.xml
[0.269s] Invoked command in '/home/omron/Omron_TM_ROS2/build/tmr_driver' returned '0': CMAKE_PREFIX_PATH=/home/omron/Omron_TM_ROS2/install/tmrlib:/home/omron/Omron_TM_ROS2/install/tmr_msgs:/home/omron/Omron_TM_ROS2/install/ui_for_debug_and_demo:/home/omron/Omron_TM_ROS2/install/tmr_driver:/home/omron/Omron_TM_ROS2/install/tmr_moveit_cpp_demo:/home/omron/Omron_TM_ROS2/install/tmr_moveit_config_tm5-900:/home/omron/Omron_TM_ROS2/install/tmr_description:/home/omron/Omron_TM_ROS2/install/tm_driver:/home/omron/Omron_TM_ROS2/install/demo:/home/omron/Omron_TM_ROS2/install/tm_msgs:/home/omron/Omron_TM_ROS2/install/tm_models:/home/omron/Omron_TM_ROS2/install/custom_package:/home/omron/Omron_TM_ROS2/install/techman_robot_msgs:/home/omron/Omron_TM_ROS2/install/tmr_mod_urdf:/home/omron/Omron_TM_ROS2/install/tm_get_status:/home/omron/Omron_TM_ROS2/install/rviz_tm:/home/omron/Omron_TM_ROS2/install/pickplace:/opt/ros/foxy LD_LIBRARY_PATH=/home/omron/Omron_TM_ROS2/install/tmr_msgs/lib:/home/omron/Omron_TM_ROS2/install/tmrlib/lib:/home/omron/Omron_TM_ROS2/install/tm_msgs/lib:/home/omron/Omron_TM_ROS2/install/techman_robot_msgs/lib:/opt/ros/foxy/opt/yaml_cpp_vendor/lib:/opt/ros/foxy/opt/rviz_ogre_vendor/lib:/opt/ros/foxy/lib/x86_64-linux-gnu:/opt/ros/foxy/lib /usr/bin/cmake --install /home/omron/Omron_TM_ROS2/build/tmr_driver
