[0.947s] Invoking command in '/home/omron/Omron_TM_ROS2/rviz_tm': PYTHONPATH=/home/omron/Omron_TM_ROS2/install/rviz_tm/lib/python3.8/site-packages:${PYTHONPATH} /usr/bin/python3 setup.py egg_info --egg-base ../build/rviz_tm build --build-base /home/omron/Omron_TM_ROS2/build/rviz_tm/build install --prefix /home/omron/Omron_TM_ROS2/install/rviz_tm --record /home/omron/Omron_TM_ROS2/build/rviz_tm/install.log --single-version-externally-managed
[1.280s] running egg_info
[1.280s] writing ../build/rviz_tm/rviz_tm.egg-info/PKG-INFO
[1.280s] writing dependency_links to ../build/rviz_tm/rviz_tm.egg-info/dependency_links.txt
[1.281s] writing entry points to ../build/rviz_tm/rviz_tm.egg-info/entry_points.txt
[1.281s] writing requirements to ../build/rviz_tm/rviz_tm.egg-info/requires.txt
[1.281s] writing top-level names to ../build/rviz_tm/rviz_tm.egg-info/top_level.txt
[1.332s] reading manifest file '../build/rviz_tm/rviz_tm.egg-info/SOURCES.txt'
[1.332s] writing manifest file '../build/rviz_tm/rviz_tm.egg-info/SOURCES.txt'
[1.333s] running build
[1.333s] running build_py
[1.333s] running install
[1.334s] running install_lib
[1.339s] running install_data
[1.340s] running install_egg_info
[1.343s] removing '/home/omron/Omron_TM_ROS2/install/rviz_tm/lib/python3.8/site-packages/rviz_tm-0.0.0-py3.8.egg-info' (and everything under it)
[1.344s] Copying ../build/rviz_tm/rviz_tm.egg-info to /home/omron/Omron_TM_ROS2/install/rviz_tm/lib/python3.8/site-packages/rviz_tm-0.0.0-py3.8.egg-info
[1.346s] running install_scripts
[1.374s] writing list of installed files to '/home/omron/Omron_TM_ROS2/build/rviz_tm/install.log'
[1.629s] Invoked command in '/home/omron/Omron_TM_ROS2/rviz_tm' returned '0': PYTHONPATH=/home/omron/Omron_TM_ROS2/install/rviz_tm/lib/python3.8/site-packages:${PYTHONPATH} /usr/bin/python3 setup.py egg_info --egg-base ../build/rviz_tm build --build-base /home/omron/Omron_TM_ROS2/build/rviz_tm/build install --prefix /home/omron/Omron_TM_ROS2/install/rviz_tm --record /home/omron/Omron_TM_ROS2/build/rviz_tm/install.log --single-version-externally-managed
