[0.034s] Invoking command in '/home/gy/tmr_ros2/build/demo': AMENT_PREFIX_PATH=/home/gy/tmr_ros2/install/tm_msgs:${AMENT_PREFIX_PATH} CMAKE_PREFIX_PATH=/home/gy/tmr_ros2/install/tm_msgs:/home/gy/tmr_ros2/install/tmrlib:/home/gy/tmr_ros2/install/tmr_msgs:/home/gy/tmr_ros2/install/tmr_moveit_cpp_demo:/home/gy/tmr_ros2/install/tmr_description:/home/gy/tmr_ros2/install/custom_package:/home/gy/tmr_ros2/install/techman_robot_msgs:/home/gy/tmr_ros2/install/tmr_mod_urdf:/home/gy/tmr_ros2/install/tm_get_status:/opt/ros/foxy LD_LIBRARY_PATH=/home/gy/tmr_ros2/install/tm_msgs/lib:/home/gy/tmr_ros2/install/tmrlib/lib:/home/gy/tmr_ros2/install/tmr_msgs/lib:/home/gy/tmr_ros2/install/techman_robot_msgs/lib:/opt/ros/foxy/opt/yaml_cpp_vendor/lib:/opt/ros/foxy/opt/rviz_ogre_vendor/lib:/opt/ros/foxy/lib/x86_64-linux-gnu:/opt/ros/foxy/lib PYTHONPATH=/home/gy/tmr_ros2/install/tm_msgs/lib/python3.8/site-packages:/home/gy/tmr_ros2/install/tmr_msgs/lib/python3.8/site-packages:/home/gy/tmr_ros2/install/tmr_mod_urdf/lib/python3.8/site-packages:/home/gy/tmr_ros2/install/tm_get_status/lib/python3.8/site-packages:/home/gy/tmr_ros2/install/techman_robot_msgs/lib/python3.8/site-packages:/opt/ros/foxy/lib/python3.8/site-packages /usr/bin/cmake /home/gy/tmr_ros2/demo -DCMAKE_INSTALL_PREFIX=/home/gy/tmr_ros2/install/demo
[0.216s] -- The C compiler identification is GNU 9.3.0
[0.373s] -- The CXX compiler identification is GNU 9.3.0
[0.397s] -- Check for working C compiler: /usr/bin/cc
[0.591s] -- Check for working C compiler: /usr/bin/cc -- works
[0.592s] -- Detecting C compiler ABI info
[0.818s] -- Detecting C compiler ABI info - done
[0.855s] -- Detecting C compile features
[0.856s] -- Detecting C compile features - done
[0.870s] -- Check for working CXX compiler: /usr/bin/c++
[1.067s] -- Check for working CXX compiler: /usr/bin/c++ -- works
[1.067s] -- Detecting CXX compiler ABI info
[1.363s] -- Detecting CXX compiler ABI info - done
[1.420s] -- Detecting CXX compile features
[1.420s] -- Detecting CXX compile features - done
[1.423s] -- Found ament_cmake: 0.9.8 (/opt/ros/foxy/share/ament_cmake/cmake)
[1.467s] -- Found PythonInterp: /usr/bin/python3 (found suitable version "3.8.5", minimum required is "3") 
[1.473s] -- Using PYTHON_EXECUTABLE: /usr/bin/python3
[2.025s] -- Found rclcpp: 2.3.0 (/opt/ros/foxy/share/rclcpp/cmake)
[2.184s] -- Using all available rosidl_typesupport_c: rosidl_typesupport_fastrtps_c;rosidl_typesupport_introspection_c
[2.212s] -- Found rosidl_adapter: 1.2.0 (/opt/ros/foxy/share/rosidl_adapter/cmake)
[2.570s] -- Found OpenSSL: /usr/lib/x86_64-linux-gnu/libcrypto.so (found version "1.1.1f")  
[2.692s] -- Found FastRTPS: /opt/ros/foxy/include  
[2.916s] -- Using all available rosidl_typesupport_cpp: rosidl_typesupport_fastrtps_cpp;rosidl_typesupport_introspection_cpp
[3.239s] -- Found rmw_implementation_cmake: 1.0.2 (/opt/ros/foxy/share/rmw_implementation_cmake/cmake)
[3.251s] -- Using RMW implementation 'rmw_fastrtps_cpp' as default
[3.268s] -- Looking for pthread.h
[3.560s] -- Looking for pthread.h - found
[3.560s] -- Performing Test CMAKE_HAVE_LIBC_PTHREAD
[3.809s] -- Performing Test CMAKE_HAVE_LIBC_PTHREAD - Failed
[3.809s] -- Looking for pthread_create in pthreads
[3.963s] -- Looking for pthread_create in pthreads - not found
[3.965s] -- Looking for pthread_create in pthread
[4.128s] -- Looking for pthread_create in pthread - found
[4.128s] -- Found Threads: TRUE  
[4.613s] -- Found sensor_msgs: 2.0.3 (/opt/ros/foxy/share/sensor_msgs/cmake)
[4.899s] -- Found tm_msgs: 1.0.0 (/home/gy/tmr_ros2/install/tm_msgs/share/tm_msgs/cmake)
[4.981s] -- Found ament_lint_auto: 0.9.6 (/opt/ros/foxy/share/ament_lint_auto/cmake)
[5.238s] -- Added test 'copyright' to check source files copyright and LICENSE
[5.245s] -- Added test 'cppcheck' to perform static code analysis on C / C++ code
[5.256s] -- Configured cppcheck include dirs: /home/gy/tmr_ros2/demo/include
[5.256s] -- Configured cppcheck exclude dirs and/or files: 
[5.258s] -- Added test 'cpplint' to check C / C++ code against the Google style
[5.258s] -- Configured cpplint exclude dirs and/or files: 
[5.262s] -- Added test 'lint_cmake' to check CMake code style
[5.266s] -- Added test 'uncrustify' to check C / C++ code style
[5.266s] -- Configured uncrustify additional arguments: 
[5.268s] -- Added test 'xmllint' to check XML markup files
[5.274s] -- Configuring done
[5.482s] -- Generating done
[5.493s] -- Build files have been written to: /home/gy/tmr_ros2/build/demo
