[0.043s] Invoking command in '/home/gy/tmr_ros2/build/tmr_moveit_config_tm5-900': AMENT_PREFIX_PATH=/home/gy/tmr_ros2/install/tmr_description:${AMENT_PREFIX_PATH} CMAKE_PREFIX_PATH=/home/gy/tmr_ros2/install/tmr_description:/home/gy/tmdriver_ws/install/ui_for_debug_and_demo:/home/gy/tmdriver_ws/install/tmr_driver:/home/gy/tmdriver_ws/install/tmrlib:/home/gy/tmdriver_ws/install/tmr_msgs:/home/gy/tmdriver_ws/install/tmr_moveit_cpp_demo:/home/gy/tmdriver_ws/install/tmr_moveit_config_tm5-900:/home/gy/tmdriver_ws/install/tmr_description:/home/gy/tmdriver_ws/install/tm_driver:/home/gy/tmdriver_ws/install/demo:/home/gy/tmdriver_ws/install/tm_msgs:/home/gy/tmdriver_ws/install/custom_package:/home/gy/tmdriver_ws/install/techman_robot_msgs:/home/gy/tmdriver_ws/install/tmr_mod_urdf:/home/gy/tmdriver_ws/install/tm_get_status:/opt/ros/foxy /usr/bin/cmake /home/gy/tmr_ros2/tmr_moveit_config_tm5-900 -DCMAKE_INSTALL_PREFIX=/home/gy/tmr_ros2/install/tmr_moveit_config_tm5-900
[0.205s] -- The C compiler identification is GNU 9.3.0
[0.388s] -- The CXX compiler identification is GNU 9.3.0
[0.410s] -- Check for working C compiler: /usr/bin/cc
[0.570s] -- Check for working C compiler: /usr/bin/cc -- works
[0.574s] -- Detecting C compiler ABI info
[0.720s] -- Detecting C compiler ABI info - done
[0.754s] -- Detecting C compile features
[0.756s] -- Detecting C compile features - done
[0.764s] -- Check for working CXX compiler: /usr/bin/c++
[0.987s] -- Check for working CXX compiler: /usr/bin/c++ -- works
[0.990s] -- Detecting CXX compiler ABI info
[1.138s] -- Detecting CXX compiler ABI info - done
[1.202s] -- Detecting CXX compile features
[1.203s] -- Detecting CXX compile features - done
[1.208s] -- Found ament_cmake: 0.9.8 (/opt/ros/foxy/share/ament_cmake/cmake)
[1.263s] -- Found PythonInterp: /usr/bin/python3 (found suitable version "3.8.5", minimum required is "3") 
[1.267s] -- Using PYTHON_EXECUTABLE: /usr/bin/python3
[1.909s] -- Configuring done
[1.920s] -- Generating done
[1.942s] -- Build files have been written to: /home/gy/tmr_ros2/build/tmr_moveit_config_tm5-900
[1.947s] Invoked command in '/home/gy/tmr_ros2/build/tmr_moveit_config_tm5-900' returned '0': AMENT_PREFIX_PATH=/home/gy/tmr_ros2/install/tmr_description:${AMENT_PREFIX_PATH} CMAKE_PREFIX_PATH=/home/gy/tmr_ros2/install/tmr_description:/home/gy/tmdriver_ws/install/ui_for_debug_and_demo:/home/gy/tmdriver_ws/install/tmr_driver:/home/gy/tmdriver_ws/install/tmrlib:/home/gy/tmdriver_ws/install/tmr_msgs:/home/gy/tmdriver_ws/install/tmr_moveit_cpp_demo:/home/gy/tmdriver_ws/install/tmr_moveit_config_tm5-900:/home/gy/tmdriver_ws/install/tmr_description:/home/gy/tmdriver_ws/install/tm_driver:/home/gy/tmdriver_ws/install/demo:/home/gy/tmdriver_ws/install/tm_msgs:/home/gy/tmdriver_ws/install/custom_package:/home/gy/tmdriver_ws/install/techman_robot_msgs:/home/gy/tmdriver_ws/install/tmr_mod_urdf:/home/gy/tmdriver_ws/install/tm_get_status:/opt/ros/foxy /usr/bin/cmake /home/gy/tmr_ros2/tmr_moveit_config_tm5-900 -DCMAKE_INSTALL_PREFIX=/home/gy/tmr_ros2/install/tmr_moveit_config_tm5-900
[1.951s] Invoking command in '/home/gy/tmr_ros2/build/tmr_moveit_config_tm5-900': AMENT_PREFIX_PATH=/home/gy/tmr_ros2/install/tmr_description:${AMENT_PREFIX_PATH} CMAKE_PREFIX_PATH=/home/gy/tmr_ros2/install/tmr_description:/home/gy/tmdriver_ws/install/ui_for_debug_and_demo:/home/gy/tmdriver_ws/install/tmr_driver:/home/gy/tmdriver_ws/install/tmrlib:/home/gy/tmdriver_ws/install/tmr_msgs:/home/gy/tmdriver_ws/install/tmr_moveit_cpp_demo:/home/gy/tmdriver_ws/install/tmr_moveit_config_tm5-900:/home/gy/tmdriver_ws/install/tmr_description:/home/gy/tmdriver_ws/install/tm_driver:/home/gy/tmdriver_ws/install/demo:/home/gy/tmdriver_ws/install/tm_msgs:/home/gy/tmdriver_ws/install/custom_package:/home/gy/tmdriver_ws/install/techman_robot_msgs:/home/gy/tmdriver_ws/install/tmr_mod_urdf:/home/gy/tmdriver_ws/install/tm_get_status:/opt/ros/foxy /usr/bin/cmake --build /home/gy/tmr_ros2/build/tmr_moveit_config_tm5-900 -- -j3 -l3
[2.036s] Invoked command in '/home/gy/tmr_ros2/build/tmr_moveit_config_tm5-900' returned '0': AMENT_PREFIX_PATH=/home/gy/tmr_ros2/install/tmr_description:${AMENT_PREFIX_PATH} CMAKE_PREFIX_PATH=/home/gy/tmr_ros2/install/tmr_description:/home/gy/tmdriver_ws/install/ui_for_debug_and_demo:/home/gy/tmdriver_ws/install/tmr_driver:/home/gy/tmdriver_ws/install/tmrlib:/home/gy/tmdriver_ws/install/tmr_msgs:/home/gy/tmdriver_ws/install/tmr_moveit_cpp_demo:/home/gy/tmdriver_ws/install/tmr_moveit_config_tm5-900:/home/gy/tmdriver_ws/install/tmr_description:/home/gy/tmdriver_ws/install/tm_driver:/home/gy/tmdriver_ws/install/demo:/home/gy/tmdriver_ws/install/tm_msgs:/home/gy/tmdriver_ws/install/custom_package:/home/gy/tmdriver_ws/install/techman_robot_msgs:/home/gy/tmdriver_ws/install/tmr_mod_urdf:/home/gy/tmdriver_ws/install/tm_get_status:/opt/ros/foxy /usr/bin/cmake --build /home/gy/tmr_ros2/build/tmr_moveit_config_tm5-900 -- -j3 -l3
[2.070s] Invoking command in '/home/gy/tmr_ros2/build/tmr_moveit_config_tm5-900': AMENT_PREFIX_PATH=/home/gy/tmr_ros2/install/tmr_description:${AMENT_PREFIX_PATH} CMAKE_PREFIX_PATH=/home/gy/tmr_ros2/install/tmr_description:/home/gy/tmdriver_ws/install/ui_for_debug_and_demo:/home/gy/tmdriver_ws/install/tmr_driver:/home/gy/tmdriver_ws/install/tmrlib:/home/gy/tmdriver_ws/install/tmr_msgs:/home/gy/tmdriver_ws/install/tmr_moveit_cpp_demo:/home/gy/tmdriver_ws/install/tmr_moveit_config_tm5-900:/home/gy/tmdriver_ws/install/tmr_description:/home/gy/tmdriver_ws/install/tm_driver:/home/gy/tmdriver_ws/install/demo:/home/gy/tmdriver_ws/install/tm_msgs:/home/gy/tmdriver_ws/install/custom_package:/home/gy/tmdriver_ws/install/techman_robot_msgs:/home/gy/tmdriver_ws/install/tmr_mod_urdf:/home/gy/tmdriver_ws/install/tm_get_status:/opt/ros/foxy /usr/bin/cmake --install /home/gy/tmr_ros2/build/tmr_moveit_config_tm5-900
[2.089s] -- Install configuration: ""
[2.095s] -- Installing: /home/gy/tmr_ros2/install/tmr_moveit_config_tm5-900/share/ament_index/resource_index/package_run_dependencies/tmr_moveit_config_tm5-900
[2.095s] -- Installing: /home/gy/tmr_ros2/install/tmr_moveit_config_tm5-900/share/ament_index/resource_index/parent_prefix_path/tmr_moveit_config_tm5-900
[2.102s] -- Installing: /home/gy/tmr_ros2/install/tmr_moveit_config_tm5-900/share/tmr_moveit_config_tm5-900/environment/ament_prefix_path.sh
[2.102s] -- Installing: /home/gy/tmr_ros2/install/tmr_moveit_config_tm5-900/share/tmr_moveit_config_tm5-900/environment/ament_prefix_path.dsv
[2.103s] -- Installing: /home/gy/tmr_ros2/install/tmr_moveit_config_tm5-900/share/tmr_moveit_config_tm5-900/environment/path.sh
[2.104s] -- Installing: /home/gy/tmr_ros2/install/tmr_moveit_config_tm5-900/share/tmr_moveit_config_tm5-900/environment/path.dsv
[2.104s] -- Installing: /home/gy/tmr_ros2/install/tmr_moveit_config_tm5-900/share/tmr_moveit_config_tm5-900/local_setup.bash
[2.104s] -- Installing: /home/gy/tmr_ros2/install/tmr_moveit_config_tm5-900/share/tmr_moveit_config_tm5-900/local_setup.sh
[2.110s] -- Installing: /home/gy/tmr_ros2/install/tmr_moveit_config_tm5-900/share/tmr_moveit_config_tm5-900/local_setup.zsh
[2.110s] -- Installing: /home/gy/tmr_ros2/install/tmr_moveit_config_tm5-900/share/tmr_moveit_config_tm5-900/local_setup.dsv
[2.110s] -- Installing: /home/gy/tmr_ros2/install/tmr_moveit_config_tm5-900/share/tmr_moveit_config_tm5-900/package.dsv
[2.111s] -- Installing: /home/gy/tmr_ros2/install/tmr_moveit_config_tm5-900/share/ament_index/resource_index/packages/tmr_moveit_config_tm5-900
[2.111s] -- Installing: /home/gy/tmr_ros2/install/tmr_moveit_config_tm5-900/share/tmr_moveit_config_tm5-900/cmake/tmr_moveit_config_tm5-900Config.cmake
[2.111s] -- Installing: /home/gy/tmr_ros2/install/tmr_moveit_config_tm5-900/share/tmr_moveit_config_tm5-900/cmake/tmr_moveit_config_tm5-900Config-version.cmake
[2.111s] -- Installing: /home/gy/tmr_ros2/install/tmr_moveit_config_tm5-900/share/tmr_moveit_config_tm5-900/package.xml
[2.112s] -- Installing: /home/gy/tmr_ros2/install/tmr_moveit_config_tm5-900/share/tmr_moveit_config_tm5-900/config
[2.112s] -- Installing: /home/gy/tmr_ros2/install/tmr_moveit_config_tm5-900/share/tmr_moveit_config_tm5-900/config/kinematics.yaml
[2.112s] -- Installing: /home/gy/tmr_ros2/install/tmr_moveit_config_tm5-900/share/tmr_moveit_config_tm5-900/config/ros_controllers.yaml
[2.112s] -- Installing: /home/gy/tmr_ros2/install/tmr_moveit_config_tm5-900/share/tmr_moveit_config_tm5-900/config/stomp_planning.yaml
[2.112s] -- Installing: /home/gy/tmr_ros2/install/tmr_moveit_config_tm5-900/share/tmr_moveit_config_tm5-900/config/joint_limits.yaml
[2.113s] -- Installing: /home/gy/tmr_ros2/install/tmr_moveit_config_tm5-900/share/tmr_moveit_config_tm5-900/config/fake_controllers.yaml
[2.113s] -- Installing: /home/gy/tmr_ros2/install/tmr_moveit_config_tm5-900/share/tmr_moveit_config_tm5-900/config/ompl_planning.yaml
[2.113s] -- Installing: /home/gy/tmr_ros2/install/tmr_moveit_config_tm5-900/share/tmr_moveit_config_tm5-900/config/chomp_planning.yaml
[2.113s] -- Installing: /home/gy/tmr_ros2/install/tmr_moveit_config_tm5-900/share/tmr_moveit_config_tm5-900/config/tm5-900.srdf
[2.113s] -- Installing: /home/gy/tmr_ros2/install/tmr_moveit_config_tm5-900/share/tmr_moveit_config_tm5-900/config/sensors_3d.yaml
[2.129s] Invoked command in '/home/gy/tmr_ros2/build/tmr_moveit_config_tm5-900' returned '0': AMENT_PREFIX_PATH=/home/gy/tmr_ros2/install/tmr_description:${AMENT_PREFIX_PATH} CMAKE_PREFIX_PATH=/home/gy/tmr_ros2/install/tmr_description:/home/gy/tmdriver_ws/install/ui_for_debug_and_demo:/home/gy/tmdriver_ws/install/tmr_driver:/home/gy/tmdriver_ws/install/tmrlib:/home/gy/tmdriver_ws/install/tmr_msgs:/home/gy/tmdriver_ws/install/tmr_moveit_cpp_demo:/home/gy/tmdriver_ws/install/tmr_moveit_config_tm5-900:/home/gy/tmdriver_ws/install/tmr_description:/home/gy/tmdriver_ws/install/tm_driver:/home/gy/tmdriver_ws/install/demo:/home/gy/tmdriver_ws/install/tm_msgs:/home/gy/tmdriver_ws/install/custom_package:/home/gy/tmdriver_ws/install/techman_robot_msgs:/home/gy/tmdriver_ws/install/tmr_mod_urdf:/home/gy/tmdriver_ws/install/tm_get_status:/opt/ros/foxy /usr/bin/cmake --install /home/gy/tmr_ros2/build/tmr_moveit_config_tm5-900
