[1.661s] DEBUG:colcon:Command line arguments: ['/usr/bin/colcon', 'build', '--symlink-install', '--packages-select', 'pickplace']
[1.662s] DEBUG:colcon:Parsed command line arguments: Namespace(ament_cmake_args=None, base_paths=['.'], build_base='build', catkin_cmake_args=None, catkin_skip_building_tests=False, cmake_args=None, cmake_clean_cache=False, cmake_clean_first=False, cmake_force_configure=False, cmake_target=None, cmake_target_skip_unavailable=False, continue_on_error=False, event_handlers=None, executor='parallel', ignore_user_meta=False, install_base='install', log_base=None, log_level=None, main=<bound method BuildVerb.main of <colcon_core.verb.build.BuildVerb object at 0x7f0041126af0>>, merge_install=False, metas=['./colcon.meta'], packages_above=None, packages_above_and_dependencies=None, packages_above_depth=None, packages_end=None, packages_ignore=None, packages_ignore_regex=None, packages_select=['pickplace'], packages_select_build_failed=False, packages_select_by_dep=None, packages_select_regex=None, packages_select_test_failures=False, packages_skip=None, packages_skip_build_finished=False, packages_skip_by_dep=None, packages_skip_regex=None, packages_skip_test_passed=False, packages_skip_up_to=None, packages_start=None, packages_up_to=None, packages_up_to_regex=None, parallel_workers=3, paths=None, symlink_install=True, test_result_base=None, verb_extension=<colcon_core.verb.build.BuildVerb object at 0x7f0041126af0>, verb_name='build', verb_parser=<colcon_defaults.argument_parser.defaults.DefaultArgumentsDecorator object at 0x7f00411350a0>)
[1.886s] Level 1:colcon.colcon_core.package_discovery:discover_packages(colcon_meta) check parameters
[1.886s] Level 1:colcon.colcon_core.package_discovery:discover_packages(recursive) check parameters
[1.886s] Level 1:colcon.colcon_core.package_discovery:discover_packages(ignore) check parameters
[1.886s] Level 1:colcon.colcon_core.package_discovery:discover_packages(path) check parameters
[1.886s] Level 1:colcon.colcon_core.package_discovery:discover_packages(colcon_meta) discover
[1.887s] Level 1:colcon.colcon_core.package_discovery:discover_packages(recursive) discover
[1.887s] INFO:colcon.colcon_core.package_discovery:Crawling recursively for packages in '/home/gy/Omron_TM_ROS2'
[1.887s] Level 1:colcon.colcon_core.package_identification:_identify(.) by extensions ['ignore', 'ignore_ament_install']
[1.887s] Level 1:colcon.colcon_core.package_identification:_identify(.) by extension 'ignore'
[1.887s] Level 1:colcon.colcon_core.package_identification:_identify(.) by extension 'ignore_ament_install'
[1.887s] Level 1:colcon.colcon_core.package_identification:_identify(.) by extensions ['colcon_pkg']
[1.887s] Level 1:colcon.colcon_core.package_identification:_identify(.) by extension 'colcon_pkg'
[1.888s] Level 1:colcon.colcon_core.package_identification:_identify(.) by extensions ['colcon_meta']
[1.888s] Level 1:colcon.colcon_core.package_identification:_identify(.) by extension 'colcon_meta'
[1.888s] Level 1:colcon.colcon_core.package_identification:_identify(.) by extensions ['ros']
[1.888s] Level 1:colcon.colcon_core.package_identification:_identify(.) by extension 'ros'
[1.944s] Level 1:colcon.colcon_core.package_identification:_identify(.) by extensions ['cmake', 'python']
[1.944s] Level 1:colcon.colcon_core.package_identification:_identify(.) by extension 'cmake'
[1.944s] Level 1:colcon.colcon_core.package_identification:_identify(.) by extension 'python'
[1.944s] Level 1:colcon.colcon_core.package_identification:_identify(.) by extensions ['python_setup_py']
[1.944s] Level 1:colcon.colcon_core.package_identification:_identify(.) by extension 'python_setup_py'
[1.945s] Level 1:colcon.colcon_core.package_identification:_identify(build) by extensions ['ignore', 'ignore_ament_install']
[1.945s] Level 1:colcon.colcon_core.package_identification:_identify(build) by extension 'ignore'
[1.945s] Level 1:colcon.colcon_core.package_identification:_identify(build) ignored
[1.945s] Level 1:colcon.colcon_core.package_identification:_identify(custom_package) by extensions ['ignore', 'ignore_ament_install']
[1.945s] Level 1:colcon.colcon_core.package_identification:_identify(custom_package) by extension 'ignore'
[1.945s] Level 1:colcon.colcon_core.package_identification:_identify(custom_package) by extension 'ignore_ament_install'
[1.946s] Level 1:colcon.colcon_core.package_identification:_identify(custom_package) by extensions ['colcon_pkg']
[1.946s] Level 1:colcon.colcon_core.package_identification:_identify(custom_package) by extension 'colcon_pkg'
[1.946s] Level 1:colcon.colcon_core.package_identification:_identify(custom_package) by extensions ['colcon_meta']
[1.946s] Level 1:colcon.colcon_core.package_identification:_identify(custom_package) by extension 'colcon_meta'
[1.946s] Level 1:colcon.colcon_core.package_identification:_identify(custom_package) by extensions ['ros']
[1.946s] Level 1:colcon.colcon_core.package_identification:_identify(custom_package) by extension 'ros'
[1.991s] DEBUG:colcon.colcon_core.package_identification:Package 'custom_package' with type 'ros.ament_cmake' and name 'custom_package'
[1.992s] Level 1:colcon.colcon_core.package_identification:_identify(demo) by extensions ['ignore', 'ignore_ament_install']
[1.992s] Level 1:colcon.colcon_core.package_identification:_identify(demo) by extension 'ignore'
[1.992s] Level 1:colcon.colcon_core.package_identification:_identify(demo) by extension 'ignore_ament_install'
[1.992s] Level 1:colcon.colcon_core.package_identification:_identify(demo) by extensions ['colcon_pkg']
[1.992s] Level 1:colcon.colcon_core.package_identification:_identify(demo) by extension 'colcon_pkg'
[1.992s] Level 1:colcon.colcon_core.package_identification:_identify(demo) by extensions ['colcon_meta']
[1.992s] Level 1:colcon.colcon_core.package_identification:_identify(demo) by extension 'colcon_meta'
[1.992s] Level 1:colcon.colcon_core.package_identification:_identify(demo) by extensions ['ros']
[1.992s] Level 1:colcon.colcon_core.package_identification:_identify(demo) by extension 'ros'
[1.994s] DEBUG:colcon.colcon_core.package_identification:Package 'demo' with type 'ros.ament_cmake' and name 'demo'
[1.994s] Level 1:colcon.colcon_core.package_identification:_identify(docs) by extensions ['ignore', 'ignore_ament_install']
[1.994s] Level 1:colcon.colcon_core.package_identification:_identify(docs) by extension 'ignore'
[1.994s] Level 1:colcon.colcon_core.package_identification:_identify(docs) by extension 'ignore_ament_install'
[1.994s] Level 1:colcon.colcon_core.package_identification:_identify(docs) by extensions ['colcon_pkg']
[1.994s] Level 1:colcon.colcon_core.package_identification:_identify(docs) by extension 'colcon_pkg'
[1.994s] Level 1:colcon.colcon_core.package_identification:_identify(docs) by extensions ['colcon_meta']
[1.994s] Level 1:colcon.colcon_core.package_identification:_identify(docs) by extension 'colcon_meta'
[1.995s] Level 1:colcon.colcon_core.package_identification:_identify(docs) by extensions ['ros']
[1.995s] Level 1:colcon.colcon_core.package_identification:_identify(docs) by extension 'ros'
[1.995s] Level 1:colcon.colcon_core.package_identification:_identify(docs) by extensions ['cmake', 'python']
[1.995s] Level 1:colcon.colcon_core.package_identification:_identify(docs) by extension 'cmake'
[1.995s] Level 1:colcon.colcon_core.package_identification:_identify(docs) by extension 'python'
[1.995s] Level 1:colcon.colcon_core.package_identification:_identify(docs) by extensions ['python_setup_py']
[1.995s] Level 1:colcon.colcon_core.package_identification:_identify(docs) by extension 'python_setup_py'
[1.995s] Level 1:colcon.colcon_core.package_identification:_identify(docs/images) by extensions ['ignore', 'ignore_ament_install']
[1.995s] Level 1:colcon.colcon_core.package_identification:_identify(docs/images) by extension 'ignore'
[1.995s] Level 1:colcon.colcon_core.package_identification:_identify(docs/images) by extension 'ignore_ament_install'
[1.996s] Level 1:colcon.colcon_core.package_identification:_identify(docs/images) by extensions ['colcon_pkg']
[1.996s] Level 1:colcon.colcon_core.package_identification:_identify(docs/images) by extension 'colcon_pkg'
[1.996s] Level 1:colcon.colcon_core.package_identification:_identify(docs/images) by extensions ['colcon_meta']
[1.996s] Level 1:colcon.colcon_core.package_identification:_identify(docs/images) by extension 'colcon_meta'
[1.996s] Level 1:colcon.colcon_core.package_identification:_identify(docs/images) by extensions ['ros']
[1.996s] Level 1:colcon.colcon_core.package_identification:_identify(docs/images) by extension 'ros'
[1.996s] Level 1:colcon.colcon_core.package_identification:_identify(docs/images) by extensions ['cmake', 'python']
[1.996s] Level 1:colcon.colcon_core.package_identification:_identify(docs/images) by extension 'cmake'
[1.996s] Level 1:colcon.colcon_core.package_identification:_identify(docs/images) by extension 'python'
[1.996s] Level 1:colcon.colcon_core.package_identification:_identify(docs/images) by extensions ['python_setup_py']
[1.996s] Level 1:colcon.colcon_core.package_identification:_identify(docs/images) by extension 'python_setup_py'
[1.996s] Level 1:colcon.colcon_core.package_identification:_identify(figures) by extensions ['ignore', 'ignore_ament_install']
[1.997s] Level 1:colcon.colcon_core.package_identification:_identify(figures) by extension 'ignore'
[1.997s] Level 1:colcon.colcon_core.package_identification:_identify(figures) by extension 'ignore_ament_install'
[1.997s] Level 1:colcon.colcon_core.package_identification:_identify(figures) by extensions ['colcon_pkg']
[1.997s] Level 1:colcon.colcon_core.package_identification:_identify(figures) by extension 'colcon_pkg'
[1.997s] Level 1:colcon.colcon_core.package_identification:_identify(figures) by extensions ['colcon_meta']
[1.997s] Level 1:colcon.colcon_core.package_identification:_identify(figures) by extension 'colcon_meta'
[1.997s] Level 1:colcon.colcon_core.package_identification:_identify(figures) by extensions ['ros']
[1.997s] Level 1:colcon.colcon_core.package_identification:_identify(figures) by extension 'ros'
[1.997s] Level 1:colcon.colcon_core.package_identification:_identify(figures) by extensions ['cmake', 'python']
[1.997s] Level 1:colcon.colcon_core.package_identification:_identify(figures) by extension 'cmake'
[1.997s] Level 1:colcon.colcon_core.package_identification:_identify(figures) by extension 'python'
[1.997s] Level 1:colcon.colcon_core.package_identification:_identify(figures) by extensions ['python_setup_py']
[1.997s] Level 1:colcon.colcon_core.package_identification:_identify(figures) by extension 'python_setup_py'
[1.998s] Level 1:colcon.colcon_core.package_identification:_identify(install) by extensions ['ignore', 'ignore_ament_install']
[1.998s] Level 1:colcon.colcon_core.package_identification:_identify(install) by extension 'ignore'
[1.998s] Level 1:colcon.colcon_core.package_identification:_identify(install) ignored
[1.998s] Level 1:colcon.colcon_core.package_identification:_identify(log) by extensions ['ignore', 'ignore_ament_install']
[1.999s] Level 1:colcon.colcon_core.package_identification:_identify(log) by extension 'ignore'
[1.999s] Level 1:colcon.colcon_core.package_identification:_identify(log) ignored
[1.999s] Level 1:colcon.colcon_core.package_identification:_identify(pickplace) by extensions ['ignore', 'ignore_ament_install']
[1.999s] Level 1:colcon.colcon_core.package_identification:_identify(pickplace) by extension 'ignore'
[2.000s] Level 1:colcon.colcon_core.package_identification:_identify(pickplace) by extension 'ignore_ament_install'
[2.000s] Level 1:colcon.colcon_core.package_identification:_identify(pickplace) by extensions ['colcon_pkg']
[2.000s] Level 1:colcon.colcon_core.package_identification:_identify(pickplace) by extension 'colcon_pkg'
[2.000s] Level 1:colcon.colcon_core.package_identification:_identify(pickplace) by extensions ['colcon_meta']
[2.000s] Level 1:colcon.colcon_core.package_identification:_identify(pickplace) by extension 'colcon_meta'
[2.000s] Level 1:colcon.colcon_core.package_identification:_identify(pickplace) by extensions ['ros']
[2.000s] Level 1:colcon.colcon_core.package_identification:_identify(pickplace) by extension 'ros'
[2.023s] DEBUG:colcon.colcon_core.package_identification:Package 'pickplace' with type 'ros.ament_python' and name 'pickplace'
[2.023s] Level 1:colcon.colcon_core.package_identification:_identify(rviz_tm) by extensions ['ignore', 'ignore_ament_install']
[2.023s] Level 1:colcon.colcon_core.package_identification:_identify(rviz_tm) by extension 'ignore'
[2.024s] Level 1:colcon.colcon_core.package_identification:_identify(rviz_tm) by extension 'ignore_ament_install'
[2.024s] Level 1:colcon.colcon_core.package_identification:_identify(rviz_tm) by extensions ['colcon_pkg']
[2.024s] Level 1:colcon.colcon_core.package_identification:_identify(rviz_tm) by extension 'colcon_pkg'
[2.024s] Level 1:colcon.colcon_core.package_identification:_identify(rviz_tm) by extensions ['colcon_meta']
[2.024s] Level 1:colcon.colcon_core.package_identification:_identify(rviz_tm) by extension 'colcon_meta'
[2.024s] Level 1:colcon.colcon_core.package_identification:_identify(rviz_tm) by extensions ['ros']
[2.024s] Level 1:colcon.colcon_core.package_identification:_identify(rviz_tm) by extension 'ros'
[2.056s] DEBUG:colcon.colcon_core.package_identification:Package 'rviz_tm' with type 'ros.ament_python' and name 'rviz_tm'
[2.056s] Level 1:colcon.colcon_core.package_identification:_identify(scripts) by extensions ['ignore', 'ignore_ament_install']
[2.056s] Level 1:colcon.colcon_core.package_identification:_identify(scripts) by extension 'ignore'
[2.056s] Level 1:colcon.colcon_core.package_identification:_identify(scripts) by extension 'ignore_ament_install'
[2.057s] Level 1:colcon.colcon_core.package_identification:_identify(scripts) by extensions ['colcon_pkg']
[2.057s] Level 1:colcon.colcon_core.package_identification:_identify(scripts) by extension 'colcon_pkg'
[2.057s] Level 1:colcon.colcon_core.package_identification:_identify(scripts) by extensions ['colcon_meta']
[2.057s] Level 1:colcon.colcon_core.package_identification:_identify(scripts) by extension 'colcon_meta'
[2.057s] Level 1:colcon.colcon_core.package_identification:_identify(scripts) by extensions ['ros']
[2.057s] Level 1:colcon.colcon_core.package_identification:_identify(scripts) by extension 'ros'
[2.057s] Level 1:colcon.colcon_core.package_identification:_identify(scripts) by extensions ['cmake', 'python']
[2.057s] Level 1:colcon.colcon_core.package_identification:_identify(scripts) by extension 'cmake'
[2.057s] Level 1:colcon.colcon_core.package_identification:_identify(scripts) by extension 'python'
[2.057s] Level 1:colcon.colcon_core.package_identification:_identify(scripts) by extensions ['python_setup_py']
[2.057s] Level 1:colcon.colcon_core.package_identification:_identify(scripts) by extension 'python_setup_py'
[2.058s] Level 1:colcon.colcon_core.package_identification:_identify(scripts/NewPPP) by extensions ['ignore', 'ignore_ament_install']
[2.058s] Level 1:colcon.colcon_core.package_identification:_identify(scripts/NewPPP) by extension 'ignore'
[2.058s] Level 1:colcon.colcon_core.package_identification:_identify(scripts/NewPPP) by extension 'ignore_ament_install'
[2.058s] Level 1:colcon.colcon_core.package_identification:_identify(scripts/NewPPP) by extensions ['colcon_pkg']
[2.058s] Level 1:colcon.colcon_core.package_identification:_identify(scripts/NewPPP) by extension 'colcon_pkg'
[2.058s] Level 1:colcon.colcon_core.package_identification:_identify(scripts/NewPPP) by extensions ['colcon_meta']
[2.058s] Level 1:colcon.colcon_core.package_identification:_identify(scripts/NewPPP) by extension 'colcon_meta'
[2.058s] Level 1:colcon.colcon_core.package_identification:_identify(scripts/NewPPP) by extensions ['ros']
[2.058s] Level 1:colcon.colcon_core.package_identification:_identify(scripts/NewPPP) by extension 'ros'
[2.058s] Level 1:colcon.colcon_core.package_identification:_identify(scripts/NewPPP) by extensions ['cmake', 'python']
[2.058s] Level 1:colcon.colcon_core.package_identification:_identify(scripts/NewPPP) by extension 'cmake'
[2.059s] Level 1:colcon.colcon_core.package_identification:_identify(scripts/NewPPP) by extension 'python'
[2.059s] Level 1:colcon.colcon_core.package_identification:_identify(scripts/NewPPP) by extensions ['python_setup_py']
[2.059s] Level 1:colcon.colcon_core.package_identification:_identify(scripts/NewPPP) by extension 'python_setup_py'
[2.059s] Level 1:colcon.colcon_core.package_identification:_identify(scripts/NewPPP/__pycache__) by extensions ['ignore', 'ignore_ament_install']
[2.059s] Level 1:colcon.colcon_core.package_identification:_identify(scripts/NewPPP/__pycache__) by extension 'ignore'
[2.059s] Level 1:colcon.colcon_core.package_identification:_identify(scripts/NewPPP/__pycache__) by extension 'ignore_ament_install'
[2.059s] Level 1:colcon.colcon_core.package_identification:_identify(scripts/NewPPP/__pycache__) by extensions ['colcon_pkg']
[2.059s] Level 1:colcon.colcon_core.package_identification:_identify(scripts/NewPPP/__pycache__) by extension 'colcon_pkg'
[2.059s] Level 1:colcon.colcon_core.package_identification:_identify(scripts/NewPPP/__pycache__) by extensions ['colcon_meta']
[2.059s] Level 1:colcon.colcon_core.package_identification:_identify(scripts/NewPPP/__pycache__) by extension 'colcon_meta'
[2.060s] Level 1:colcon.colcon_core.package_identification:_identify(scripts/NewPPP/__pycache__) by extensions ['ros']
[2.060s] Level 1:colcon.colcon_core.package_identification:_identify(scripts/NewPPP/__pycache__) by extension 'ros'
[2.060s] Level 1:colcon.colcon_core.package_identification:_identify(scripts/NewPPP/__pycache__) by extensions ['cmake', 'python']
[2.060s] Level 1:colcon.colcon_core.package_identification:_identify(scripts/NewPPP/__pycache__) by extension 'cmake'
[2.060s] Level 1:colcon.colcon_core.package_identification:_identify(scripts/NewPPP/__pycache__) by extension 'python'
[2.060s] Level 1:colcon.colcon_core.package_identification:_identify(scripts/NewPPP/__pycache__) by extensions ['python_setup_py']
[2.060s] Level 1:colcon.colcon_core.package_identification:_identify(scripts/NewPPP/__pycache__) by extension 'python_setup_py'
[2.060s] Level 1:colcon.colcon_core.package_identification:_identify(scripts/NewPPP/build) by extensions ['ignore', 'ignore_ament_install']
[2.060s] Level 1:colcon.colcon_core.package_identification:_identify(scripts/NewPPP/build) by extension 'ignore'
[2.060s] Level 1:colcon.colcon_core.package_identification:_identify(scripts/NewPPP/build) ignored
[2.061s] Level 1:colcon.colcon_core.package_identification:_identify(scripts/NewPPP/install) by extensions ['ignore', 'ignore_ament_install']
[2.061s] Level 1:colcon.colcon_core.package_identification:_identify(scripts/NewPPP/install) by extension 'ignore'
[2.061s] Level 1:colcon.colcon_core.package_identification:_identify(scripts/NewPPP/install) ignored
[2.061s] Level 1:colcon.colcon_core.package_identification:_identify(scripts/NewPPP/libraries) by extensions ['ignore', 'ignore_ament_install']
[2.061s] Level 1:colcon.colcon_core.package_identification:_identify(scripts/NewPPP/libraries) by extension 'ignore'
[2.061s] Level 1:colcon.colcon_core.package_identification:_identify(scripts/NewPPP/libraries) by extension 'ignore_ament_install'
[2.062s] Level 1:colcon.colcon_core.package_identification:_identify(scripts/NewPPP/libraries) by extensions ['colcon_pkg']
[2.062s] Level 1:colcon.colcon_core.package_identification:_identify(scripts/NewPPP/libraries) by extension 'colcon_pkg'
[2.062s] Level 1:colcon.colcon_core.package_identification:_identify(scripts/NewPPP/libraries) by extensions ['colcon_meta']
[2.062s] Level 1:colcon.colcon_core.package_identification:_identify(scripts/NewPPP/libraries) by extension 'colcon_meta'
[2.062s] Level 1:colcon.colcon_core.package_identification:_identify(scripts/NewPPP/libraries) by extensions ['ros']
[2.062s] Level 1:colcon.colcon_core.package_identification:_identify(scripts/NewPPP/libraries) by extension 'ros'
[2.062s] Level 1:colcon.colcon_core.package_identification:_identify(scripts/NewPPP/libraries) by extensions ['cmake', 'python']
[2.062s] Level 1:colcon.colcon_core.package_identification:_identify(scripts/NewPPP/libraries) by extension 'cmake'
[2.062s] Level 1:colcon.colcon_core.package_identification:_identify(scripts/NewPPP/libraries) by extension 'python'
[2.062s] Level 1:colcon.colcon_core.package_identification:_identify(scripts/NewPPP/libraries) by extensions ['python_setup_py']
[2.062s] Level 1:colcon.colcon_core.package_identification:_identify(scripts/NewPPP/libraries) by extension 'python_setup_py'
[2.063s] Level 1:colcon.colcon_core.package_identification:_identify(scripts/NewPPP/libraries/__pycache__) by extensions ['ignore', 'ignore_ament_install']
[2.063s] Level 1:colcon.colcon_core.package_identification:_identify(scripts/NewPPP/libraries/__pycache__) by extension 'ignore'
[2.063s] Level 1:colcon.colcon_core.package_identification:_identify(scripts/NewPPP/libraries/__pycache__) by extension 'ignore_ament_install'
[2.063s] Level 1:colcon.colcon_core.package_identification:_identify(scripts/NewPPP/libraries/__pycache__) by extensions ['colcon_pkg']
[2.063s] Level 1:colcon.colcon_core.package_identification:_identify(scripts/NewPPP/libraries/__pycache__) by extension 'colcon_pkg'
[2.063s] Level 1:colcon.colcon_core.package_identification:_identify(scripts/NewPPP/libraries/__pycache__) by extensions ['colcon_meta']
[2.063s] Level 1:colcon.colcon_core.package_identification:_identify(scripts/NewPPP/libraries/__pycache__) by extension 'colcon_meta'
[2.063s] Level 1:colcon.colcon_core.package_identification:_identify(scripts/NewPPP/libraries/__pycache__) by extensions ['ros']
[2.063s] Level 1:colcon.colcon_core.package_identification:_identify(scripts/NewPPP/libraries/__pycache__) by extension 'ros'
[2.064s] Level 1:colcon.colcon_core.package_identification:_identify(scripts/NewPPP/libraries/__pycache__) by extensions ['cmake', 'python']
[2.064s] Level 1:colcon.colcon_core.package_identification:_identify(scripts/NewPPP/libraries/__pycache__) by extension 'cmake'
[2.064s] Level 1:colcon.colcon_core.package_identification:_identify(scripts/NewPPP/libraries/__pycache__) by extension 'python'
[2.064s] Level 1:colcon.colcon_core.package_identification:_identify(scripts/NewPPP/libraries/__pycache__) by extensions ['python_setup_py']
[2.064s] Level 1:colcon.colcon_core.package_identification:_identify(scripts/NewPPP/libraries/__pycache__) by extension 'python_setup_py'
[2.064s] Level 1:colcon.colcon_core.package_identification:_identify(scripts/NewPPP/log) by extensions ['ignore', 'ignore_ament_install']
[2.064s] Level 1:colcon.colcon_core.package_identification:_identify(scripts/NewPPP/log) by extension 'ignore'
[2.064s] Level 1:colcon.colcon_core.package_identification:_identify(scripts/NewPPP/log) ignored
[2.065s] Level 1:colcon.colcon_core.package_identification:_identify(scripts/NotUsed) by extensions ['ignore', 'ignore_ament_install']
[2.065s] Level 1:colcon.colcon_core.package_identification:_identify(scripts/NotUsed) by extension 'ignore'
[2.065s] Level 1:colcon.colcon_core.package_identification:_identify(scripts/NotUsed) by extension 'ignore_ament_install'
[2.065s] Level 1:colcon.colcon_core.package_identification:_identify(scripts/NotUsed) by extensions ['colcon_pkg']
[2.065s] Level 1:colcon.colcon_core.package_identification:_identify(scripts/NotUsed) by extension 'colcon_pkg'
[2.065s] Level 1:colcon.colcon_core.package_identification:_identify(scripts/NotUsed) by extensions ['colcon_meta']
[2.065s] Level 1:colcon.colcon_core.package_identification:_identify(scripts/NotUsed) by extension 'colcon_meta'
[2.065s] Level 1:colcon.colcon_core.package_identification:_identify(scripts/NotUsed) by extensions ['ros']
[2.065s] Level 1:colcon.colcon_core.package_identification:_identify(scripts/NotUsed) by extension 'ros'
[2.065s] Level 1:colcon.colcon_core.package_identification:_identify(scripts/NotUsed) by extensions ['cmake', 'python']
[2.066s] Level 1:colcon.colcon_core.package_identification:_identify(scripts/NotUsed) by extension 'cmake'
[2.066s] Level 1:colcon.colcon_core.package_identification:_identify(scripts/NotUsed) by extension 'python'
[2.066s] Level 1:colcon.colcon_core.package_identification:_identify(scripts/NotUsed) by extensions ['python_setup_py']
[2.066s] Level 1:colcon.colcon_core.package_identification:_identify(scripts/NotUsed) by extension 'python_setup_py'
[2.066s] Level 1:colcon.colcon_core.package_identification:_identify(scripts/Vive) by extensions ['ignore', 'ignore_ament_install']
[2.066s] Level 1:colcon.colcon_core.package_identification:_identify(scripts/Vive) by extension 'ignore'
[2.066s] Level 1:colcon.colcon_core.package_identification:_identify(scripts/Vive) by extension 'ignore_ament_install'
[2.066s] Level 1:colcon.colcon_core.package_identification:_identify(scripts/Vive) by extensions ['colcon_pkg']
[2.066s] Level 1:colcon.colcon_core.package_identification:_identify(scripts/Vive) by extension 'colcon_pkg'
[2.066s] Level 1:colcon.colcon_core.package_identification:_identify(scripts/Vive) by extensions ['colcon_meta']
[2.066s] Level 1:colcon.colcon_core.package_identification:_identify(scripts/Vive) by extension 'colcon_meta'
[2.067s] Level 1:colcon.colcon_core.package_identification:_identify(scripts/Vive) by extensions ['ros']
[2.067s] Level 1:colcon.colcon_core.package_identification:_identify(scripts/Vive) by extension 'ros'
[2.067s] Level 1:colcon.colcon_core.package_identification:_identify(scripts/Vive) by extensions ['cmake', 'python']
[2.067s] Level 1:colcon.colcon_core.package_identification:_identify(scripts/Vive) by extension 'cmake'
[2.067s] Level 1:colcon.colcon_core.package_identification:_identify(scripts/Vive) by extension 'python'
[2.067s] Level 1:colcon.colcon_core.package_identification:_identify(scripts/Vive) by extensions ['python_setup_py']
[2.067s] Level 1:colcon.colcon_core.package_identification:_identify(scripts/Vive) by extension 'python_setup_py'
[2.067s] Level 1:colcon.colcon_core.package_identification:_identify(scripts/Vive/libraries) by extensions ['ignore', 'ignore_ament_install']
[2.068s] Level 1:colcon.colcon_core.package_identification:_identify(scripts/Vive/libraries) by extension 'ignore'
[2.068s] Level 1:colcon.colcon_core.package_identification:_identify(scripts/Vive/libraries) by extension 'ignore_ament_install'
[2.068s] Level 1:colcon.colcon_core.package_identification:_identify(scripts/Vive/libraries) by extensions ['colcon_pkg']
[2.068s] Level 1:colcon.colcon_core.package_identification:_identify(scripts/Vive/libraries) by extension 'colcon_pkg'
[2.068s] Level 1:colcon.colcon_core.package_identification:_identify(scripts/Vive/libraries) by extensions ['colcon_meta']
[2.068s] Level 1:colcon.colcon_core.package_identification:_identify(scripts/Vive/libraries) by extension 'colcon_meta'
[2.068s] Level 1:colcon.colcon_core.package_identification:_identify(scripts/Vive/libraries) by extensions ['ros']
[2.068s] Level 1:colcon.colcon_core.package_identification:_identify(scripts/Vive/libraries) by extension 'ros'
[2.068s] Level 1:colcon.colcon_core.package_identification:_identify(scripts/Vive/libraries) by extensions ['cmake', 'python']
[2.068s] Level 1:colcon.colcon_core.package_identification:_identify(scripts/Vive/libraries) by extension 'cmake'
[2.068s] Level 1:colcon.colcon_core.package_identification:_identify(scripts/Vive/libraries) by extension 'python'
[2.069s] Level 1:colcon.colcon_core.package_identification:_identify(scripts/Vive/libraries) by extensions ['python_setup_py']
[2.069s] Level 1:colcon.colcon_core.package_identification:_identify(scripts/Vive/libraries) by extension 'python_setup_py'
[2.069s] Level 1:colcon.colcon_core.package_identification:_identify(scripts/Vive/libraries/__pycache__) by extensions ['ignore', 'ignore_ament_install']
[2.069s] Level 1:colcon.colcon_core.package_identification:_identify(scripts/Vive/libraries/__pycache__) by extension 'ignore'
[2.069s] Level 1:colcon.colcon_core.package_identification:_identify(scripts/Vive/libraries/__pycache__) by extension 'ignore_ament_install'
[2.069s] Level 1:colcon.colcon_core.package_identification:_identify(scripts/Vive/libraries/__pycache__) by extensions ['colcon_pkg']
[2.069s] Level 1:colcon.colcon_core.package_identification:_identify(scripts/Vive/libraries/__pycache__) by extension 'colcon_pkg'
[2.070s] Level 1:colcon.colcon_core.package_identification:_identify(scripts/Vive/libraries/__pycache__) by extensions ['colcon_meta']
[2.070s] Level 1:colcon.colcon_core.package_identification:_identify(scripts/Vive/libraries/__pycache__) by extension 'colcon_meta'
[2.070s] Level 1:colcon.colcon_core.package_identification:_identify(scripts/Vive/libraries/__pycache__) by extensions ['ros']
[2.070s] Level 1:colcon.colcon_core.package_identification:_identify(scripts/Vive/libraries/__pycache__) by extension 'ros'
[2.070s] Level 1:colcon.colcon_core.package_identification:_identify(scripts/Vive/libraries/__pycache__) by extensions ['cmake', 'python']
[2.070s] Level 1:colcon.colcon_core.package_identification:_identify(scripts/Vive/libraries/__pycache__) by extension 'cmake'
[2.070s] Level 1:colcon.colcon_core.package_identification:_identify(scripts/Vive/libraries/__pycache__) by extension 'python'
[2.070s] Level 1:colcon.colcon_core.package_identification:_identify(scripts/Vive/libraries/__pycache__) by extensions ['python_setup_py']
[2.070s] Level 1:colcon.colcon_core.package_identification:_identify(scripts/Vive/libraries/__pycache__) by extension 'python_setup_py'
[2.070s] Level 1:colcon.colcon_core.package_identification:_identify(techman_robot_get_status) by extensions ['ignore', 'ignore_ament_install']
[2.071s] Level 1:colcon.colcon_core.package_identification:_identify(techman_robot_get_status) by extension 'ignore'
[2.071s] Level 1:colcon.colcon_core.package_identification:_identify(techman_robot_get_status) by extension 'ignore_ament_install'
[2.071s] Level 1:colcon.colcon_core.package_identification:_identify(techman_robot_get_status) by extensions ['colcon_pkg']
[2.071s] Level 1:colcon.colcon_core.package_identification:_identify(techman_robot_get_status) by extension 'colcon_pkg'
[2.071s] Level 1:colcon.colcon_core.package_identification:_identify(techman_robot_get_status) by extensions ['colcon_meta']
[2.071s] Level 1:colcon.colcon_core.package_identification:_identify(techman_robot_get_status) by extension 'colcon_meta'
[2.071s] Level 1:colcon.colcon_core.package_identification:_identify(techman_robot_get_status) by extensions ['ros']
[2.071s] Level 1:colcon.colcon_core.package_identification:_identify(techman_robot_get_status) by extension 'ros'
[2.072s] DEBUG:colcon.colcon_core.package_identification:Package 'techman_robot_get_status' with type 'ros.ament_python' and name 'tm_get_status'
[2.072s] Level 1:colcon.colcon_core.package_identification:_identify(techman_robot_msgs) by extensions ['ignore', 'ignore_ament_install']
[2.073s] Level 1:colcon.colcon_core.package_identification:_identify(techman_robot_msgs) by extension 'ignore'
[2.073s] Level 1:colcon.colcon_core.package_identification:_identify(techman_robot_msgs) by extension 'ignore_ament_install'
[2.073s] Level 1:colcon.colcon_core.package_identification:_identify(techman_robot_msgs) by extensions ['colcon_pkg']
[2.073s] Level 1:colcon.colcon_core.package_identification:_identify(techman_robot_msgs) by extension 'colcon_pkg'
[2.073s] Level 1:colcon.colcon_core.package_identification:_identify(techman_robot_msgs) by extensions ['colcon_meta']
[2.073s] Level 1:colcon.colcon_core.package_identification:_identify(techman_robot_msgs) by extension 'colcon_meta'
[2.073s] Level 1:colcon.colcon_core.package_identification:_identify(techman_robot_msgs) by extensions ['ros']
[2.073s] Level 1:colcon.colcon_core.package_identification:_identify(techman_robot_msgs) by extension 'ros'
[2.074s] DEBUG:colcon.colcon_core.package_identification:Package 'techman_robot_msgs' with type 'ros.ament_cmake' and name 'techman_robot_msgs'
[2.074s] Level 1:colcon.colcon_core.package_identification:_identify(tm_driver) by extensions ['ignore', 'ignore_ament_install']
[2.074s] Level 1:colcon.colcon_core.package_identification:_identify(tm_driver) by extension 'ignore'
[2.075s] Level 1:colcon.colcon_core.package_identification:_identify(tm_driver) by extension 'ignore_ament_install'
[2.075s] Level 1:colcon.colcon_core.package_identification:_identify(tm_driver) by extensions ['colcon_pkg']
[2.075s] Level 1:colcon.colcon_core.package_identification:_identify(tm_driver) by extension 'colcon_pkg'
[2.075s] Level 1:colcon.colcon_core.package_identification:_identify(tm_driver) by extensions ['colcon_meta']
[2.075s] Level 1:colcon.colcon_core.package_identification:_identify(tm_driver) by extension 'colcon_meta'
[2.075s] Level 1:colcon.colcon_core.package_identification:_identify(tm_driver) by extensions ['ros']
[2.075s] Level 1:colcon.colcon_core.package_identification:_identify(tm_driver) by extension 'ros'
[2.076s] DEBUG:colcon.colcon_core.package_identification:Package 'tm_driver' with type 'ros.ament_cmake' and name 'tm_driver'
[2.076s] Level 1:colcon.colcon_core.package_identification:_identify(tm_msgs) by extensions ['ignore', 'ignore_ament_install']
[2.077s] Level 1:colcon.colcon_core.package_identification:_identify(tm_msgs) by extension 'ignore'
[2.077s] Level 1:colcon.colcon_core.package_identification:_identify(tm_msgs) by extension 'ignore_ament_install'
[2.077s] Level 1:colcon.colcon_core.package_identification:_identify(tm_msgs) by extensions ['colcon_pkg']
[2.077s] Level 1:colcon.colcon_core.package_identification:_identify(tm_msgs) by extension 'colcon_pkg'
[2.077s] Level 1:colcon.colcon_core.package_identification:_identify(tm_msgs) by extensions ['colcon_meta']
[2.077s] Level 1:colcon.colcon_core.package_identification:_identify(tm_msgs) by extension 'colcon_meta'
[2.077s] Level 1:colcon.colcon_core.package_identification:_identify(tm_msgs) by extensions ['ros']
[2.077s] Level 1:colcon.colcon_core.package_identification:_identify(tm_msgs) by extension 'ros'
[2.078s] DEBUG:colcon.colcon_core.package_identification:Package 'tm_msgs' with type 'ros.ament_cmake' and name 'tm_msgs'
[2.078s] Level 1:colcon.colcon_core.package_identification:_identify(tmr_description) by extensions ['ignore', 'ignore_ament_install']
[2.078s] Level 1:colcon.colcon_core.package_identification:_identify(tmr_description) by extension 'ignore'
[2.079s] Level 1:colcon.colcon_core.package_identification:_identify(tmr_description) by extension 'ignore_ament_install'
[2.079s] Level 1:colcon.colcon_core.package_identification:_identify(tmr_description) by extensions ['colcon_pkg']
[2.079s] Level 1:colcon.colcon_core.package_identification:_identify(tmr_description) by extension 'colcon_pkg'
[2.079s] Level 1:colcon.colcon_core.package_identification:_identify(tmr_description) by extensions ['colcon_meta']
[2.079s] Level 1:colcon.colcon_core.package_identification:_identify(tmr_description) by extension 'colcon_meta'
[2.079s] Level 1:colcon.colcon_core.package_identification:_identify(tmr_description) by extensions ['ros']
[2.079s] Level 1:colcon.colcon_core.package_identification:_identify(tmr_description) by extension 'ros'
[2.080s] DEBUG:colcon.colcon_core.package_identification:Package 'tmr_description' with type 'ros.ament_cmake' and name 'tmr_description'
[2.080s] Level 1:colcon.colcon_core.package_identification:_identify(tmr_driver) by extensions ['ignore', 'ignore_ament_install']
[2.080s] Level 1:colcon.colcon_core.package_identification:_identify(tmr_driver) by extension 'ignore'
[2.080s] Level 1:colcon.colcon_core.package_identification:_identify(tmr_driver) by extension 'ignore_ament_install'
[2.080s] Level 1:colcon.colcon_core.package_identification:_identify(tmr_driver) by extensions ['colcon_pkg']
[2.080s] Level 1:colcon.colcon_core.package_identification:_identify(tmr_driver) by extension 'colcon_pkg'
[2.081s] Level 1:colcon.colcon_core.package_identification:_identify(tmr_driver) by extensions ['colcon_meta']
[2.081s] Level 1:colcon.colcon_core.package_identification:_identify(tmr_driver) by extension 'colcon_meta'
[2.081s] Level 1:colcon.colcon_core.package_identification:_identify(tmr_driver) by extensions ['ros']
[2.081s] Level 1:colcon.colcon_core.package_identification:_identify(tmr_driver) by extension 'ros'
[2.082s] DEBUG:colcon.colcon_core.package_identification:Package 'tmr_driver' with type 'ros.ament_cmake' and name 'tmr_driver'
[2.082s] Level 1:colcon.colcon_core.package_identification:_identify(tmr_mod_urdf) by extensions ['ignore', 'ignore_ament_install']
[2.082s] Level 1:colcon.colcon_core.package_identification:_identify(tmr_mod_urdf) by extension 'ignore'
[2.082s] Level 1:colcon.colcon_core.package_identification:_identify(tmr_mod_urdf) by extension 'ignore_ament_install'
[2.083s] Level 1:colcon.colcon_core.package_identification:_identify(tmr_mod_urdf) by extensions ['colcon_pkg']
[2.083s] Level 1:colcon.colcon_core.package_identification:_identify(tmr_mod_urdf) by extension 'colcon_pkg'
[2.083s] Level 1:colcon.colcon_core.package_identification:_identify(tmr_mod_urdf) by extensions ['colcon_meta']
[2.083s] Level 1:colcon.colcon_core.package_identification:_identify(tmr_mod_urdf) by extension 'colcon_meta'
[2.083s] Level 1:colcon.colcon_core.package_identification:_identify(tmr_mod_urdf) by extensions ['ros']
[2.083s] Level 1:colcon.colcon_core.package_identification:_identify(tmr_mod_urdf) by extension 'ros'
[2.084s] DEBUG:colcon.colcon_core.package_identification:Package 'tmr_mod_urdf' with type 'ros.ament_python' and name 'tmr_mod_urdf'
[2.085s] Level 1:colcon.colcon_core.package_identification:_identify(tmr_moveit_config_tm5-900) by extensions ['ignore', 'ignore_ament_install']
[2.085s] Level 1:colcon.colcon_core.package_identification:_identify(tmr_moveit_config_tm5-900) by extension 'ignore'
[2.085s] Level 1:colcon.colcon_core.package_identification:_identify(tmr_moveit_config_tm5-900) by extension 'ignore_ament_install'
[2.085s] Level 1:colcon.colcon_core.package_identification:_identify(tmr_moveit_config_tm5-900) by extensions ['colcon_pkg']
[2.085s] Level 1:colcon.colcon_core.package_identification:_identify(tmr_moveit_config_tm5-900) by extension 'colcon_pkg'
[2.085s] Level 1:colcon.colcon_core.package_identification:_identify(tmr_moveit_config_tm5-900) by extensions ['colcon_meta']
[2.085s] Level 1:colcon.colcon_core.package_identification:_identify(tmr_moveit_config_tm5-900) by extension 'colcon_meta'
[2.085s] Level 1:colcon.colcon_core.package_identification:_identify(tmr_moveit_config_tm5-900) by extensions ['ros']
[2.086s] Level 1:colcon.colcon_core.package_identification:_identify(tmr_moveit_config_tm5-900) by extension 'ros'
[2.087s] DEBUG:colcon.colcon_core.package_identification:Package 'tmr_moveit_config_tm5-900' with type 'ros.ament_cmake' and name 'tmr_moveit_config_tm5-900'
[2.087s] Level 1:colcon.colcon_core.package_identification:_identify(tmr_moveit_cpp_demo) by extensions ['ignore', 'ignore_ament_install']
[2.087s] Level 1:colcon.colcon_core.package_identification:_identify(tmr_moveit_cpp_demo) by extension 'ignore'
[2.087s] Level 1:colcon.colcon_core.package_identification:_identify(tmr_moveit_cpp_demo) by extension 'ignore_ament_install'
[2.088s] Level 1:colcon.colcon_core.package_identification:_identify(tmr_moveit_cpp_demo) by extensions ['colcon_pkg']
[2.088s] Level 1:colcon.colcon_core.package_identification:_identify(tmr_moveit_cpp_demo) by extension 'colcon_pkg'
[2.088s] Level 1:colcon.colcon_core.package_identification:_identify(tmr_moveit_cpp_demo) by extensions ['colcon_meta']
[2.088s] Level 1:colcon.colcon_core.package_identification:_identify(tmr_moveit_cpp_demo) by extension 'colcon_meta'
[2.088s] Level 1:colcon.colcon_core.package_identification:_identify(tmr_moveit_cpp_demo) by extensions ['ros']
[2.088s] Level 1:colcon.colcon_core.package_identification:_identify(tmr_moveit_cpp_demo) by extension 'ros'
[2.089s] DEBUG:colcon.colcon_core.package_identification:Package 'tmr_moveit_cpp_demo' with type 'ros.ament_cmake' and name 'tmr_moveit_cpp_demo'
[2.089s] Level 1:colcon.colcon_core.package_identification:_identify(tmr_msgs) by extensions ['ignore', 'ignore_ament_install']
[2.089s] Level 1:colcon.colcon_core.package_identification:_identify(tmr_msgs) by extension 'ignore'
[2.089s] Level 1:colcon.colcon_core.package_identification:_identify(tmr_msgs) by extension 'ignore_ament_install'
[2.090s] Level 1:colcon.colcon_core.package_identification:_identify(tmr_msgs) by extensions ['colcon_pkg']
[2.090s] Level 1:colcon.colcon_core.package_identification:_identify(tmr_msgs) by extension 'colcon_pkg'
[2.090s] Level 1:colcon.colcon_core.package_identification:_identify(tmr_msgs) by extensions ['colcon_meta']
[2.090s] Level 1:colcon.colcon_core.package_identification:_identify(tmr_msgs) by extension 'colcon_meta'
[2.090s] Level 1:colcon.colcon_core.package_identification:_identify(tmr_msgs) by extensions ['ros']
[2.090s] Level 1:colcon.colcon_core.package_identification:_identify(tmr_msgs) by extension 'ros'
[2.091s] DEBUG:colcon.colcon_core.package_identification:Package 'tmr_msgs' with type 'ros.ament_cmake' and name 'tmr_msgs'
[2.091s] Level 1:colcon.colcon_core.package_identification:_identify(tmrlib) by extensions ['ignore', 'ignore_ament_install']
[2.092s] Level 1:colcon.colcon_core.package_identification:_identify(tmrlib) by extension 'ignore'
[2.092s] Level 1:colcon.colcon_core.package_identification:_identify(tmrlib) by extension 'ignore_ament_install'
[2.092s] Level 1:colcon.colcon_core.package_identification:_identify(tmrlib) by extensions ['colcon_pkg']
[2.092s] Level 1:colcon.colcon_core.package_identification:_identify(tmrlib) by extension 'colcon_pkg'
[2.092s] Level 1:colcon.colcon_core.package_identification:_identify(tmrlib) by extensions ['colcon_meta']
[2.092s] Level 1:colcon.colcon_core.package_identification:_identify(tmrlib) by extension 'colcon_meta'
[2.092s] Level 1:colcon.colcon_core.package_identification:_identify(tmrlib) by extensions ['ros']
[2.092s] Level 1:colcon.colcon_core.package_identification:_identify(tmrlib) by extension 'ros'
[2.093s] DEBUG:colcon.colcon_core.package_identification:Package 'tmrlib' with type 'ros.ament_cmake' and name 'tmrlib'
[2.094s] Level 1:colcon.colcon_core.package_identification:_identify(ui_for_debug_and_demo) by extensions ['ignore', 'ignore_ament_install']
[2.094s] Level 1:colcon.colcon_core.package_identification:_identify(ui_for_debug_and_demo) by extension 'ignore'
[2.094s] Level 1:colcon.colcon_core.package_identification:_identify(ui_for_debug_and_demo) by extension 'ignore_ament_install'
[2.094s] Level 1:colcon.colcon_core.package_identification:_identify(ui_for_debug_and_demo) by extensions ['colcon_pkg']
[2.094s] Level 1:colcon.colcon_core.package_identification:_identify(ui_for_debug_and_demo) by extension 'colcon_pkg'
[2.094s] Level 1:colcon.colcon_core.package_identification:_identify(ui_for_debug_and_demo) by extensions ['colcon_meta']
[2.094s] Level 1:colcon.colcon_core.package_identification:_identify(ui_for_debug_and_demo) by extension 'colcon_meta'
[2.094s] Level 1:colcon.colcon_core.package_identification:_identify(ui_for_debug_and_demo) by extensions ['ros']
[2.094s] Level 1:colcon.colcon_core.package_identification:_identify(ui_for_debug_and_demo) by extension 'ros'
[2.096s] DEBUG:colcon.colcon_core.package_identification:Package 'ui_for_debug_and_demo' with type 'ros.ament_cmake' and name 'ui_for_debug_and_demo'
[2.096s] Level 1:colcon.colcon_core.package_discovery:discover_packages(recursive) using defaults
[2.096s] Level 1:colcon.colcon_core.package_discovery:discover_packages(ignore) discover
[2.096s] Level 1:colcon.colcon_core.package_discovery:discover_packages(ignore) using defaults
[2.096s] Level 1:colcon.colcon_core.package_discovery:discover_packages(path) discover
[2.096s] Level 1:colcon.colcon_core.package_discovery:discover_packages(path) using defaults
[2.271s] INFO:colcon.colcon_core.package_selection:Skipping not selected package 'rviz_tm' in 'rviz_tm'
[2.271s] INFO:colcon.colcon_core.package_selection:Skipping not selected package 'techman_robot_msgs' in 'techman_robot_msgs'
[2.271s] INFO:colcon.colcon_core.package_selection:Skipping not selected package 'tm_get_status' in 'techman_robot_get_status'
[2.271s] INFO:colcon.colcon_core.package_selection:Skipping not selected package 'tm_msgs' in 'tm_msgs'
[2.271s] INFO:colcon.colcon_core.package_selection:Skipping not selected package 'tmr_description' in 'tmr_description'
[2.271s] INFO:colcon.colcon_core.package_selection:Skipping not selected package 'tmr_mod_urdf' in 'tmr_mod_urdf'
[2.271s] INFO:colcon.colcon_core.package_selection:Skipping not selected package 'tmr_moveit_cpp_demo' in 'tmr_moveit_cpp_demo'
[2.272s] INFO:colcon.colcon_core.package_selection:Skipping not selected package 'tmr_msgs' in 'tmr_msgs'
[2.272s] INFO:colcon.colcon_core.package_selection:Skipping not selected package 'tmrlib' in 'tmrlib'
[2.272s] INFO:colcon.colcon_core.package_selection:Skipping not selected package 'custom_package' in 'custom_package'
[2.272s] INFO:colcon.colcon_core.package_selection:Skipping not selected package 'demo' in 'demo'
[2.272s] INFO:colcon.colcon_core.package_selection:Skipping not selected package 'tm_driver' in 'tm_driver'
[2.272s] INFO:colcon.colcon_core.package_selection:Skipping not selected package 'tmr_driver' in 'tmr_driver'
[2.272s] INFO:colcon.colcon_core.package_selection:Skipping not selected package 'tmr_moveit_config_tm5-900' in 'tmr_moveit_config_tm5-900'
[2.272s] INFO:colcon.colcon_core.package_selection:Skipping not selected package 'ui_for_debug_and_demo' in 'ui_for_debug_and_demo'
[2.278s] Level 5:colcon.colcon_core.verb:set package 'pickplace' build argument 'cmake_args' from command line to 'None'
[2.278s] Level 5:colcon.colcon_core.verb:set package 'pickplace' build argument 'cmake_target' from command line to 'None'
[2.278s] Level 5:colcon.colcon_core.verb:set package 'pickplace' build argument 'cmake_target_skip_unavailable' from command line to 'False'
[2.278s] Level 5:colcon.colcon_core.verb:set package 'pickplace' build argument 'cmake_clean_cache' from command line to 'False'
[2.278s] Level 5:colcon.colcon_core.verb:set package 'pickplace' build argument 'cmake_clean_first' from command line to 'False'
[2.278s] Level 5:colcon.colcon_core.verb:set package 'pickplace' build argument 'cmake_force_configure' from command line to 'False'
[2.278s] Level 5:colcon.colcon_core.verb:set package 'pickplace' build argument 'ament_cmake_args' from command line to 'None'
[2.278s] Level 5:colcon.colcon_core.verb:set package 'pickplace' build argument 'catkin_cmake_args' from command line to 'None'
[2.278s] Level 5:colcon.colcon_core.verb:set package 'pickplace' build argument 'catkin_skip_building_tests' from command line to 'False'
[2.278s] DEBUG:colcon.colcon_core.verb:Building package 'pickplace' with the following arguments: {'ament_cmake_args': None, 'build_base': '/home/gy/Omron_TM_ROS2/build/pickplace', 'catkin_cmake_args': None, 'catkin_skip_building_tests': False, 'cmake_args': None, 'cmake_clean_cache': False, 'cmake_clean_first': False, 'cmake_force_configure': False, 'cmake_target': None, 'cmake_target_skip_unavailable': False, 'install_base': '/home/gy/Omron_TM_ROS2/install/pickplace', 'merge_install': False, 'path': '/home/gy/Omron_TM_ROS2/pickplace', 'symlink_install': True, 'test_result_base': None}
[2.279s] INFO:colcon.colcon_core.executor:Executing jobs using 'parallel' executor
[2.283s] DEBUG:colcon.colcon_parallel_executor.executor.parallel:run_until_complete
[2.285s] INFO:colcon.colcon_ros.task.ament_python.build:Building ROS package in '/home/gy/Omron_TM_ROS2/pickplace' with build type 'ament_python'
[2.285s] Level 1:colcon.colcon_core.shell:create_environment_hook('pickplace', 'ament_prefix_path')
[2.361s] INFO:colcon.colcon_core.plugin_system:Skipping extension 'colcon_core.shell.bat': Not used on non-Windows systems
[2.361s] INFO:colcon.colcon_core.shell:Creating environment hook '/home/gy/Omron_TM_ROS2/install/pickplace/share/pickplace/hook/ament_prefix_path.ps1'
[2.388s] INFO:colcon.colcon_core.shell:Creating environment descriptor '/home/gy/Omron_TM_ROS2/install/pickplace/share/pickplace/hook/ament_prefix_path.dsv'
[2.393s] INFO:colcon.colcon_core.shell:Creating environment hook '/home/gy/Omron_TM_ROS2/install/pickplace/share/pickplace/hook/ament_prefix_path.sh'
[2.396s] INFO:colcon.colcon_core.shell:Skip shell extension 'powershell' for command environment: Not usable outside of PowerShell
[2.396s] DEBUG:colcon.colcon_core.shell:Skip shell extension 'dsv' for command environment
[2.446s] DEBUG:colcon.colcon_core.shell:Ignoring prefix path '/opt/ros/foxy'
[2.937s] INFO:colcon.colcon_core.task.python.build:Building Python package in '/home/gy/Omron_TM_ROS2/pickplace'
[2.939s] INFO:colcon.colcon_core.shell:Skip shell extension 'powershell' for command environment: Not usable outside of PowerShell
[2.939s] DEBUG:colcon.colcon_core.shell:Skip shell extension 'dsv' for command environment
[2.945s] DEBUG:colcon.colcon_core.shell:Ignoring prefix path '/opt/ros/foxy'
[2.958s] DEBUG:colcon.colcon_core.event_handler.log_command:Invoking command in '/home/gy/Omron_TM_ROS2/build/pickplace': PYTHONPATH=/home/gy/Omron_TM_ROS2/install/pickplace/lib/python3.8/site-packages:${PYTHONPATH} /usr/bin/python3 setup.py develop --prefix /home/gy/Omron_TM_ROS2/install/pickplace --editable --build-directory /home/gy/Omron_TM_ROS2/build/pickplace/build --no-deps install_data --install-dir /home/gy/Omron_TM_ROS2/install/pickplace
[4.864s] Level 1:colcon.colcon_core.shell:create_environment_hook('pickplace', 'pythonpath_develop')
[4.866s] INFO:colcon.colcon_core.shell:Creating environment hook '/home/gy/Omron_TM_ROS2/build/pickplace/share/pickplace/hook/pythonpath_develop.ps1'
[4.867s] DEBUG:colcon.colcon_core.event_handler.log_command:Invoked command in '/home/gy/Omron_TM_ROS2/build/pickplace' returned '0': PYTHONPATH=/home/gy/Omron_TM_ROS2/install/pickplace/lib/python3.8/site-packages:${PYTHONPATH} /usr/bin/python3 setup.py develop --prefix /home/gy/Omron_TM_ROS2/install/pickplace --editable --build-directory /home/gy/Omron_TM_ROS2/build/pickplace/build --no-deps install_data --install-dir /home/gy/Omron_TM_ROS2/install/pickplace
[4.868s] INFO:colcon.colcon_core.shell:Creating environment descriptor '/home/gy/Omron_TM_ROS2/build/pickplace/share/pickplace/hook/pythonpath_develop.dsv'
[4.869s] INFO:colcon.colcon_core.shell:Creating environment hook '/home/gy/Omron_TM_ROS2/build/pickplace/share/pickplace/hook/pythonpath_develop.sh'
[4.983s] Level 1:colcon.colcon_core.environment:checking '/home/gy/Omron_TM_ROS2/install/pickplace' for CMake module files
[4.984s] Level 1:colcon.colcon_core.environment:checking '/home/gy/Omron_TM_ROS2/install/pickplace' for CMake config files
[4.985s] Level 1:colcon.colcon_core.environment:checking '/home/gy/Omron_TM_ROS2/install/pickplace/lib'
[4.986s] Level 1:colcon.colcon_core.environment:checking '/home/gy/Omron_TM_ROS2/install/pickplace/bin'
[4.986s] Level 1:colcon.colcon_core.environment:checking '/home/gy/Omron_TM_ROS2/install/pickplace/lib/pkgconfig/pickplace.pc'
[4.986s] Level 1:colcon.colcon_core.environment:checking '/home/gy/Omron_TM_ROS2/install/pickplace/lib/python3.8/site-packages'
[4.986s] Level 1:colcon.colcon_core.shell:create_environment_hook('pickplace', 'pythonpath')
[4.987s] INFO:colcon.colcon_core.shell:Creating environment hook '/home/gy/Omron_TM_ROS2/install/pickplace/share/pickplace/hook/pythonpath.ps1'
[4.988s] INFO:colcon.colcon_core.shell:Creating environment descriptor '/home/gy/Omron_TM_ROS2/install/pickplace/share/pickplace/hook/pythonpath.dsv'
[4.988s] INFO:colcon.colcon_core.shell:Creating environment hook '/home/gy/Omron_TM_ROS2/install/pickplace/share/pickplace/hook/pythonpath.sh'
[4.989s] Level 1:colcon.colcon_core.environment:create_environment_scripts_only(pickplace)
[4.991s] INFO:colcon.colcon_core.shell:Creating package script '/home/gy/Omron_TM_ROS2/install/pickplace/share/pickplace/package.ps1'
[5.001s] INFO:colcon.colcon_core.shell:Creating package descriptor '/home/gy/Omron_TM_ROS2/install/pickplace/share/pickplace/package.dsv'
[5.017s] INFO:colcon.colcon_core.shell:Creating package script '/home/gy/Omron_TM_ROS2/install/pickplace/share/pickplace/package.sh'
[5.019s] INFO:colcon.colcon_core.shell:Creating package script '/home/gy/Omron_TM_ROS2/install/pickplace/share/pickplace/package.bash'
[5.037s] INFO:colcon.colcon_core.shell:Creating package script '/home/gy/Omron_TM_ROS2/install/pickplace/share/pickplace/package.zsh'
[5.057s] Level 1:colcon.colcon_core.environment:create_file_with_runtime_dependencies(/home/gy/Omron_TM_ROS2/install/pickplace/share/colcon-core/packages/pickplace)
[5.057s] DEBUG:colcon.colcon_parallel_executor.executor.parallel:closing loop
[5.058s] DEBUG:colcon.colcon_parallel_executor.executor.parallel:loop closed
[5.058s] DEBUG:colcon.colcon_parallel_executor.executor.parallel:run_until_complete finished with '0'
[5.058s] DEBUG:colcon.colcon_core.event_reactor:joining thread
[5.114s] INFO:colcon.colcon_core.plugin_system:Skipping extension 'colcon_notification.desktop_notification.terminal_notifier': Not used on non-Darwin systems
[5.114s] INFO:colcon.colcon_core.plugin_system:Skipping extension 'colcon_notification.desktop_notification.win32': Not used on non-Windows systems
[5.114s] INFO:colcon.colcon_notification.desktop_notification:Sending desktop notification using 'notify2'
[5.146s] DEBUG:colcon.colcon_core.event_reactor:joined thread
[5.147s] INFO:colcon.colcon_core.shell:Creating prefix script '/home/gy/Omron_TM_ROS2/install/local_setup.ps1'
[5.167s] INFO:colcon.colcon_core.shell:Creating prefix util module '/home/gy/Omron_TM_ROS2/install/_local_setup_util_ps1.py'
[5.206s] INFO:colcon.colcon_core.shell:Creating prefix chain script '/home/gy/Omron_TM_ROS2/install/setup.ps1'
[5.212s] INFO:colcon.colcon_core.shell:Creating prefix script '/home/gy/Omron_TM_ROS2/install/local_setup.sh'
[5.216s] INFO:colcon.colcon_core.shell:Creating prefix util module '/home/gy/Omron_TM_ROS2/install/_local_setup_util_sh.py'
[5.217s] INFO:colcon.colcon_core.shell:Creating prefix chain script '/home/gy/Omron_TM_ROS2/install/setup.sh'
[5.229s] INFO:colcon.colcon_core.shell:Creating prefix script '/home/gy/Omron_TM_ROS2/install/local_setup.bash'
[5.234s] INFO:colcon.colcon_core.shell:Creating prefix chain script '/home/gy/Omron_TM_ROS2/install/setup.bash'
[5.241s] INFO:colcon.colcon_core.shell:Creating prefix script '/home/gy/Omron_TM_ROS2/install/local_setup.zsh'
[5.243s] INFO:colcon.colcon_core.shell:Creating prefix chain script '/home/gy/Omron_TM_ROS2/install/setup.zsh'
