[0.098s] Invoking command in '/home/gy/Omron_TM_ROS2/build/ui_for_debug_and_demo': AMENT_PREFIX_PATH=/home/gy/tmr_ros2/install/tm_msgs:${AMENT_PREFIX_PATH} CMAKE_PREFIX_PATH=/home/gy/Omron_TM_ROS2/install/tm_msgs:/home/gy/Omron_TM_ROS2/install/ui_for_debug_and_demo:/home/gy/Omron_TM_ROS2/install/tmr_driver:/home/gy/Omron_TM_ROS2/install/tmrlib:/home/gy/Omron_TM_ROS2/install/tmr_msgs:/home/gy/Omron_TM_ROS2/install/tmr_moveit_cpp_demo:/home/gy/Omron_TM_ROS2/install/tmr_moveit_config_tm5-900:/home/gy/Omron_TM_ROS2/install/tmr_description:/home/gy/Omron_TM_ROS2/install/tm_driver:/home/gy/Omron_TM_ROS2/install/demo:/home/gy/Omron_TM_ROS2/install/custom_package:/home/gy/Omron_TM_ROS2/install/techman_robot_msgs:/home/gy/Omron_TM_ROS2/install/tmr_mod_urdf:/home/gy/Omron_TM_ROS2/install/tm_get_status:/home/gy/Omron_TM_ROS2/install/pickplace:/opt/ros/foxy LD_LIBRARY_PATH=/home/gy/tmr_ros2/install/tm_msgs/lib:/home/gy/Omron_TM_ROS2/install/tm_msgs/lib:/home/gy/Omron_TM_ROS2/install/tmrlib/lib:/home/gy/Omron_TM_ROS2/install/tmr_msgs/lib:/home/gy/Omron_TM_ROS2/install/techman_robot_msgs/lib:/opt/ros/foxy/opt/yaml_cpp_vendor/lib:/opt/ros/foxy/opt/rviz_ogre_vendor/lib:/opt/ros/foxy/lib/x86_64-linux-gnu:/opt/ros/foxy/lib PYTHONPATH=/home/gy/tmr_ros2/install/tm_msgs/lib/python3.8/site-packages:/home/gy/Omron_TM_ROS2/install/tm_msgs/lib/python3.8/site-packages:/home/gy/Omron_TM_ROS2/install/tmr_msgs/lib/python3.8/site-packages:/home/gy/Omron_TM_ROS2/install/tmr_mod_urdf/lib/python3.8/site-packages:/home/gy/Omron_TM_ROS2/install/tm_get_status/lib/python3.8/site-packages:/home/gy/Omron_TM_ROS2/install/techman_robot_msgs/lib/python3.8/site-packages:/home/gy/Omron_TM_ROS2/install/pickplace/lib/python3.8/site-packages:/opt/ros/foxy/lib/python3.8/site-packages /usr/bin/cmake --build /home/gy/Omron_TM_ROS2/build/ui_for_debug_and_demo -- -j3 -l3
[0.124s] CMake Error: The current CMakeCache.txt directory /home/gy/Omron_TM_ROS2/build/ui_for_debug_and_demo/CMakeCache.txt is different than the directory /home/gy/tmr_ros2/build/ui_for_debug_and_demo where CMakeCache.txt was created. This may result in binaries being created in the wrong place. If you are not sure, reedit the CMakeCache.txt
[0.386s] -- Found ament_cmake: 0.9.8 (/opt/ros/foxy/share/ament_cmake/cmake)
[0.498s] -- Using PYTHON_EXECUTABLE: /usr/bin/python3
[1.061s] -- Found rclcpp: 2.3.0 (/opt/ros/foxy/share/rclcpp/cmake)
[1.190s] -- Using all available rosidl_typesupport_c: rosidl_typesupport_fastrtps_c;rosidl_typesupport_introspection_c
[1.206s] -- Found rosidl_adapter: 1.2.0 (/opt/ros/foxy/share/rosidl_adapter/cmake)
[1.646s] -- Using all available rosidl_typesupport_cpp: rosidl_typesupport_fastrtps_cpp;rosidl_typesupport_introspection_cpp
[1.831s] -- Found rmw_implementation_cmake: 1.0.2 (/opt/ros/foxy/share/rmw_implementation_cmake/cmake)
[1.836s] -- Using RMW implementation 'rmw_fastrtps_cpp' as default
[2.536s] -- Found rclcpp_action: 2.3.0 (/opt/ros/foxy/share/rclcpp_action/cmake)
[2.733s] -- Found ament_index_cpp: 1.0.2 (/opt/ros/foxy/share/ament_index_cpp/cmake)
[2.767s] -- Found tm_msgs: 1.0.0 (/home/gy/tmr_ros2/install/tm_msgs/share/tm_msgs/cmake)
[2.884s] -- Found ament_lint_auto: 0.9.6 (/opt/ros/foxy/share/ament_lint_auto/cmake)
[3.070s] -- Added test 'copyright' to check source files copyright and LICENSE
[3.075s] -- Added test 'cppcheck' to perform static code analysis on C / C++ code
[3.079s] -- Configured cppcheck include dirs: 
[3.082s] -- Configured cppcheck exclude dirs and/or files: 
[3.085s] -- Added test 'cpplint' to check C / C++ code against the Google style
[3.086s] -- Configured cpplint exclude dirs and/or files: 
[3.087s] -- Added test 'lint_cmake' to check CMake code style
[3.091s] -- Added test 'uncrustify' to check C / C++ code style
[3.092s] -- Configured uncrustify additional arguments: 
[3.093s] -- Added test 'xmllint' to check XML markup files
[3.101s] -- Configuring done
[3.675s] -- Generating done
[3.685s] -- Build files have been written to: /home/gy/tmr_ros2/build/ui_for_debug_and_demo
[3.784s] [ 14%] [34m[1mAutomatic MOC and UIC for target robot_ui[0m
[3.836s] [ 14%] Built target robot_ui_autogen
[3.882s] [ 28%] [34m[1mGenerating ui_tm_ros_driver_windows.h[0m
[4.045s] [35m[1mScanning dependencies of target robot_ui[0m
[4.243s] [ 42%] [32mBuilding CXX object CMakeFiles/robot_ui.dir/robot_ui_autogen/mocs_compilation.cpp.o[0m
[10.416s] [ 57%] [32mBuilding CXX object CMakeFiles/robot_ui.dir/src/ros_page.cpp.o[0m
[32.308s] [ 57%] [34m[1mGenerating ui_tm_ros_driver_windows.h[0m
[32.335s] [ 71%] [32mBuilding CXX object CMakeFiles/robot_ui.dir/src/main.cpp.o[0m
[37.617s] [ 85%] [32mBuilding CXX object CMakeFiles/robot_ui.dir/src/tm_ros_driver_windows.cpp.o[0m
[43.642s] [100%] [32m[1mLinking CXX executable robot_ui[0m
[45.968s] [100%] Built target robot_ui
[46.001s] Invoked command in '/home/gy/Omron_TM_ROS2/build/ui_for_debug_and_demo' returned '0': AMENT_PREFIX_PATH=/home/gy/tmr_ros2/install/tm_msgs:${AMENT_PREFIX_PATH} CMAKE_PREFIX_PATH=/home/gy/Omron_TM_ROS2/install/tm_msgs:/home/gy/Omron_TM_ROS2/install/ui_for_debug_and_demo:/home/gy/Omron_TM_ROS2/install/tmr_driver:/home/gy/Omron_TM_ROS2/install/tmrlib:/home/gy/Omron_TM_ROS2/install/tmr_msgs:/home/gy/Omron_TM_ROS2/install/tmr_moveit_cpp_demo:/home/gy/Omron_TM_ROS2/install/tmr_moveit_config_tm5-900:/home/gy/Omron_TM_ROS2/install/tmr_description:/home/gy/Omron_TM_ROS2/install/tm_driver:/home/gy/Omron_TM_ROS2/install/demo:/home/gy/Omron_TM_ROS2/install/custom_package:/home/gy/Omron_TM_ROS2/install/techman_robot_msgs:/home/gy/Omron_TM_ROS2/install/tmr_mod_urdf:/home/gy/Omron_TM_ROS2/install/tm_get_status:/home/gy/Omron_TM_ROS2/install/pickplace:/opt/ros/foxy LD_LIBRARY_PATH=/home/gy/tmr_ros2/install/tm_msgs/lib:/home/gy/Omron_TM_ROS2/install/tm_msgs/lib:/home/gy/Omron_TM_ROS2/install/tmrlib/lib:/home/gy/Omron_TM_ROS2/install/tmr_msgs/lib:/home/gy/Omron_TM_ROS2/install/techman_robot_msgs/lib:/opt/ros/foxy/opt/yaml_cpp_vendor/lib:/opt/ros/foxy/opt/rviz_ogre_vendor/lib:/opt/ros/foxy/lib/x86_64-linux-gnu:/opt/ros/foxy/lib PYTHONPATH=/home/gy/tmr_ros2/install/tm_msgs/lib/python3.8/site-packages:/home/gy/Omron_TM_ROS2/install/tm_msgs/lib/python3.8/site-packages:/home/gy/Omron_TM_ROS2/install/tmr_msgs/lib/python3.8/site-packages:/home/gy/Omron_TM_ROS2/install/tmr_mod_urdf/lib/python3.8/site-packages:/home/gy/Omron_TM_ROS2/install/tm_get_status/lib/python3.8/site-packages:/home/gy/Omron_TM_ROS2/install/techman_robot_msgs/lib/python3.8/site-packages:/home/gy/Omron_TM_ROS2/install/pickplace/lib/python3.8/site-packages:/opt/ros/foxy/lib/python3.8/site-packages /usr/bin/cmake --build /home/gy/Omron_TM_ROS2/build/ui_for_debug_and_demo -- -j3 -l3
[46.137s] Invoking command in '/home/gy/Omron_TM_ROS2/build/ui_for_debug_and_demo': AMENT_PREFIX_PATH=/home/gy/tmr_ros2/install/tm_msgs:${AMENT_PREFIX_PATH} CMAKE_PREFIX_PATH=/home/gy/Omron_TM_ROS2/install/tm_msgs:/home/gy/Omron_TM_ROS2/install/ui_for_debug_and_demo:/home/gy/Omron_TM_ROS2/install/tmr_driver:/home/gy/Omron_TM_ROS2/install/tmrlib:/home/gy/Omron_TM_ROS2/install/tmr_msgs:/home/gy/Omron_TM_ROS2/install/tmr_moveit_cpp_demo:/home/gy/Omron_TM_ROS2/install/tmr_moveit_config_tm5-900:/home/gy/Omron_TM_ROS2/install/tmr_description:/home/gy/Omron_TM_ROS2/install/tm_driver:/home/gy/Omron_TM_ROS2/install/demo:/home/gy/Omron_TM_ROS2/install/custom_package:/home/gy/Omron_TM_ROS2/install/techman_robot_msgs:/home/gy/Omron_TM_ROS2/install/tmr_mod_urdf:/home/gy/Omron_TM_ROS2/install/tm_get_status:/home/gy/Omron_TM_ROS2/install/pickplace:/opt/ros/foxy LD_LIBRARY_PATH=/home/gy/tmr_ros2/install/tm_msgs/lib:/home/gy/Omron_TM_ROS2/install/tm_msgs/lib:/home/gy/Omron_TM_ROS2/install/tmrlib/lib:/home/gy/Omron_TM_ROS2/install/tmr_msgs/lib:/home/gy/Omron_TM_ROS2/install/techman_robot_msgs/lib:/opt/ros/foxy/opt/yaml_cpp_vendor/lib:/opt/ros/foxy/opt/rviz_ogre_vendor/lib:/opt/ros/foxy/lib/x86_64-linux-gnu:/opt/ros/foxy/lib PYTHONPATH=/home/gy/tmr_ros2/install/tm_msgs/lib/python3.8/site-packages:/home/gy/Omron_TM_ROS2/install/tm_msgs/lib/python3.8/site-packages:/home/gy/Omron_TM_ROS2/install/tmr_msgs/lib/python3.8/site-packages:/home/gy/Omron_TM_ROS2/install/tmr_mod_urdf/lib/python3.8/site-packages:/home/gy/Omron_TM_ROS2/install/tm_get_status/lib/python3.8/site-packages:/home/gy/Omron_TM_ROS2/install/techman_robot_msgs/lib/python3.8/site-packages:/home/gy/Omron_TM_ROS2/install/pickplace/lib/python3.8/site-packages:/opt/ros/foxy/lib/python3.8/site-packages /usr/bin/cmake --install /home/gy/Omron_TM_ROS2/build/ui_for_debug_and_demo
[46.196s] -- Install configuration: ""
[46.220s] -- Up-to-date: /home/gy/tmr_ros2/install/ui_for_debug_and_demo/lib/ui_for_debug_and_demo/robot_ui
[46.240s] -- Up-to-date: /home/gy/tmr_ros2/install/ui_for_debug_and_demo/share/ament_index/resource_index/package_run_dependencies/ui_for_debug_and_demo
[46.240s] -- Up-to-date: /home/gy/tmr_ros2/install/ui_for_debug_and_demo/share/ament_index/resource_index/parent_prefix_path/ui_for_debug_and_demo
[46.241s] -- Up-to-date: /home/gy/tmr_ros2/install/ui_for_debug_and_demo/share/ui_for_debug_and_demo/environment/ament_prefix_path.sh
[46.241s] -- Installing: /home/gy/tmr_ros2/install/ui_for_debug_and_demo/share/ui_for_debug_and_demo/environment/ament_prefix_path.dsv
[46.247s] -- Up-to-date: /home/gy/tmr_ros2/install/ui_for_debug_and_demo/share/ui_for_debug_and_demo/environment/path.sh
[46.248s] -- Installing: /home/gy/tmr_ros2/install/ui_for_debug_and_demo/share/ui_for_debug_and_demo/environment/path.dsv
[46.248s] -- Up-to-date: /home/gy/tmr_ros2/install/ui_for_debug_and_demo/share/ui_for_debug_and_demo/local_setup.bash
[46.248s] -- Up-to-date: /home/gy/tmr_ros2/install/ui_for_debug_and_demo/share/ui_for_debug_and_demo/local_setup.sh
[46.248s] -- Up-to-date: /home/gy/tmr_ros2/install/ui_for_debug_and_demo/share/ui_for_debug_and_demo/local_setup.zsh
[46.248s] -- Installing: /home/gy/tmr_ros2/install/ui_for_debug_and_demo/share/ui_for_debug_and_demo/local_setup.dsv
[46.248s] -- Installing: /home/gy/tmr_ros2/install/ui_for_debug_and_demo/share/ui_for_debug_and_demo/package.dsv
[46.249s] -- Up-to-date: /home/gy/tmr_ros2/install/ui_for_debug_and_demo/share/ament_index/resource_index/packages/ui_for_debug_and_demo
[46.249s] -- Up-to-date: /home/gy/tmr_ros2/install/ui_for_debug_and_demo/share/ui_for_debug_and_demo/cmake/ui_for_debug_and_demoConfig.cmake
[46.249s] -- Up-to-date: /home/gy/tmr_ros2/install/ui_for_debug_and_demo/share/ui_for_debug_and_demo/cmake/ui_for_debug_and_demoConfig-version.cmake
[46.249s] -- Up-to-date: /home/gy/tmr_ros2/install/ui_for_debug_and_demo/share/ui_for_debug_and_demo/package.xml
[46.254s] Invoked command in '/home/gy/Omron_TM_ROS2/build/ui_for_debug_and_demo' returned '0': AMENT_PREFIX_PATH=/home/gy/tmr_ros2/install/tm_msgs:${AMENT_PREFIX_PATH} CMAKE_PREFIX_PATH=/home/gy/Omron_TM_ROS2/install/tm_msgs:/home/gy/Omron_TM_ROS2/install/ui_for_debug_and_demo:/home/gy/Omron_TM_ROS2/install/tmr_driver:/home/gy/Omron_TM_ROS2/install/tmrlib:/home/gy/Omron_TM_ROS2/install/tmr_msgs:/home/gy/Omron_TM_ROS2/install/tmr_moveit_cpp_demo:/home/gy/Omron_TM_ROS2/install/tmr_moveit_config_tm5-900:/home/gy/Omron_TM_ROS2/install/tmr_description:/home/gy/Omron_TM_ROS2/install/tm_driver:/home/gy/Omron_TM_ROS2/install/demo:/home/gy/Omron_TM_ROS2/install/custom_package:/home/gy/Omron_TM_ROS2/install/techman_robot_msgs:/home/gy/Omron_TM_ROS2/install/tmr_mod_urdf:/home/gy/Omron_TM_ROS2/install/tm_get_status:/home/gy/Omron_TM_ROS2/install/pickplace:/opt/ros/foxy LD_LIBRARY_PATH=/home/gy/tmr_ros2/install/tm_msgs/lib:/home/gy/Omron_TM_ROS2/install/tm_msgs/lib:/home/gy/Omron_TM_ROS2/install/tmrlib/lib:/home/gy/Omron_TM_ROS2/install/tmr_msgs/lib:/home/gy/Omron_TM_ROS2/install/techman_robot_msgs/lib:/opt/ros/foxy/opt/yaml_cpp_vendor/lib:/opt/ros/foxy/opt/rviz_ogre_vendor/lib:/opt/ros/foxy/lib/x86_64-linux-gnu:/opt/ros/foxy/lib PYTHONPATH=/home/gy/tmr_ros2/install/tm_msgs/lib/python3.8/site-packages:/home/gy/Omron_TM_ROS2/install/tm_msgs/lib/python3.8/site-packages:/home/gy/Omron_TM_ROS2/install/tmr_msgs/lib/python3.8/site-packages:/home/gy/Omron_TM_ROS2/install/tmr_mod_urdf/lib/python3.8/site-packages:/home/gy/Omron_TM_ROS2/install/tm_get_status/lib/python3.8/site-packages:/home/gy/Omron_TM_ROS2/install/techman_robot_msgs/lib/python3.8/site-packages:/home/gy/Omron_TM_ROS2/install/pickplace/lib/python3.8/site-packages:/opt/ros/foxy/lib/python3.8/site-packages /usr/bin/cmake --install /home/gy/Omron_TM_ROS2/build/ui_for_debug_and_demo
