[0.154s] Invoking command in '/home/gy/Omron_TM_ROS2/build/techman_robot_msgs': CMAKE_PREFIX_PATH=/home/gy/Omron_TM_ROS2/install/tmr_mod_urdf:/home/gy/Omron_TM_ROS2/install/tm_get_status:/home/gy/Omron_TM_ROS2/install/rviz_tm:/home/gy/Omron_TM_ROS2/install/pickplace:/opt/ros/foxy:${CMAKE_PREFIX_PATH} /usr/bin/cmake --build /home/gy/Omron_TM_ROS2/build/techman_robot_msgs -- -j3 -l3
[0.456s] [  9%] Built target techman_robot_msgs__rosidl_generator_c
[0.479s] [ 12%] Built target techman_robot_msgs__cpp
[0.545s] [ 22%] Built target techman_robot_msgs__rosidl_typesupport_c
[0.586s] [ 32%] Built target techman_robot_msgs__rosidl_typesupport_introspection_c
[0.601s] [ 41%] Built target techman_robot_msgs__rosidl_typesupport_introspection_cpp
[0.710s] [ 51%] Built target techman_robot_msgs__rosidl_typesupport_cpp
[0.731s] [ 61%] Built target techman_robot_msgs__rosidl_typesupport_fastrtps_cpp
[0.898s] [ 70%] Built target techman_robot_msgs__rosidl_typesupport_fastrtps_c
[0.944s] [ 70%] Built target techman_robot_msgs
[1.055s] [ 74%] Built target techman_robot_msgs__py
[1.176s] [ 80%] Built target techman_robot_msgs__python
[1.302s] [ 87%] Built target techman_robot_msgs__rosidl_typesupport_c__pyext
[1.453s] [ 93%] Built target techman_robot_msgs__rosidl_typesupport_fastrtps_c__pyext
[1.550s] [100%] Built target techman_robot_msgs__rosidl_typesupport_introspection_c__pyext
[1.626s] Invoked command in '/home/gy/Omron_TM_ROS2/build/techman_robot_msgs' returned '0': CMAKE_PREFIX_PATH=/home/gy/Omron_TM_ROS2/install/tmr_mod_urdf:/home/gy/Omron_TM_ROS2/install/tm_get_status:/home/gy/Omron_TM_ROS2/install/rviz_tm:/home/gy/Omron_TM_ROS2/install/pickplace:/opt/ros/foxy:${CMAKE_PREFIX_PATH} /usr/bin/cmake --build /home/gy/Omron_TM_ROS2/build/techman_robot_msgs -- -j3 -l3
[1.909s] Invoking command in '/home/gy/Omron_TM_ROS2/build/techman_robot_msgs': CMAKE_PREFIX_PATH=/home/gy/Omron_TM_ROS2/install/tmr_mod_urdf:/home/gy/Omron_TM_ROS2/install/tm_get_status:/home/gy/Omron_TM_ROS2/install/rviz_tm:/home/gy/Omron_TM_ROS2/install/pickplace:/opt/ros/foxy:${CMAKE_PREFIX_PATH} /usr/bin/cmake --install /home/gy/Omron_TM_ROS2/build/techman_robot_msgs
[1.934s] -- Install configuration: ""
[1.934s] -- Up-to-date: /home/gy/Omron_TM_ROS2/install/techman_robot_msgs/share/ament_index/resource_index/rosidl_interfaces/techman_robot_msgs
[1.934s] -- Up-to-date: /home/gy/Omron_TM_ROS2/install/techman_robot_msgs/include/techman_robot_msgs
[1.934s] -- Up-to-date: /home/gy/Omron_TM_ROS2/install/techman_robot_msgs/include/techman_robot_msgs/srv
[1.934s] -- Up-to-date: /home/gy/Omron_TM_ROS2/install/techman_robot_msgs/include/techman_robot_msgs/srv/detail
[1.934s] -- Up-to-date: /home/gy/Omron_TM_ROS2/install/techman_robot_msgs/include/techman_robot_msgs/srv/detail/techman_robot_command__type_support.h
[1.934s] -- Up-to-date: /home/gy/Omron_TM_ROS2/install/techman_robot_msgs/include/techman_robot_msgs/srv/detail/techman_robot_command__functions.h
[1.934s] -- Up-to-date: /home/gy/Omron_TM_ROS2/install/techman_robot_msgs/include/techman_robot_msgs/srv/detail/techman_robot_command__functions.c
[1.935s] -- Up-to-date: /home/gy/Omron_TM_ROS2/install/techman_robot_msgs/include/techman_robot_msgs/srv/detail/techman_robot_command__struct.h
[1.935s] -- Up-to-date: /home/gy/Omron_TM_ROS2/install/techman_robot_msgs/include/techman_robot_msgs/srv/techman_robot_command.h
[1.935s] -- Up-to-date: /home/gy/Omron_TM_ROS2/install/techman_robot_msgs/include/techman_robot_msgs/msg
[1.935s] -- Up-to-date: /home/gy/Omron_TM_ROS2/install/techman_robot_msgs/include/techman_robot_msgs/msg/rosidl_generator_c__visibility_control.h
[1.935s] -- Up-to-date: /home/gy/Omron_TM_ROS2/install/techman_robot_msgs/share/techman_robot_msgs/environment/library_path.sh
[1.935s] -- Up-to-date: /home/gy/Omron_TM_ROS2/install/techman_robot_msgs/share/techman_robot_msgs/environment/library_path.dsv
[1.938s] -- Up-to-date: /home/gy/Omron_TM_ROS2/install/techman_robot_msgs/lib/libtechman_robot_msgs__rosidl_generator_c.so
[1.938s] -- Up-to-date: /home/gy/Omron_TM_ROS2/install/techman_robot_msgs/include/techman_robot_msgs
[1.938s] -- Up-to-date: /home/gy/Omron_TM_ROS2/install/techman_robot_msgs/include/techman_robot_msgs/srv
[1.938s] -- Up-to-date: /home/gy/Omron_TM_ROS2/install/techman_robot_msgs/include/techman_robot_msgs/srv/detail
[1.938s] -- Up-to-date: /home/gy/Omron_TM_ROS2/install/techman_robot_msgs/include/techman_robot_msgs/srv/detail/techman_robot_command__rosidl_typesupport_fastrtps_c.h
[1.939s] -- Up-to-date: /home/gy/Omron_TM_ROS2/install/techman_robot_msgs/include/techman_robot_msgs/msg
[1.939s] -- Up-to-date: /home/gy/Omron_TM_ROS2/install/techman_robot_msgs/include/techman_robot_msgs/msg/rosidl_typesupport_fastrtps_c__visibility_control.h
[1.939s] -- Up-to-date: /home/gy/Omron_TM_ROS2/install/techman_robot_msgs/lib/libtechman_robot_msgs__rosidl_typesupport_fastrtps_c.so
[1.939s] -- Up-to-date: /home/gy/Omron_TM_ROS2/install/techman_robot_msgs/include/techman_robot_msgs
[1.940s] -- Up-to-date: /home/gy/Omron_TM_ROS2/install/techman_robot_msgs/include/techman_robot_msgs/srv
[1.940s] -- Up-to-date: /home/gy/Omron_TM_ROS2/install/techman_robot_msgs/include/techman_robot_msgs/srv/detail
[1.940s] -- Up-to-date: /home/gy/Omron_TM_ROS2/install/techman_robot_msgs/include/techman_robot_msgs/srv/detail/techman_robot_command__rosidl_typesupport_fastrtps_cpp.hpp
[1.940s] -- Up-to-date: /home/gy/Omron_TM_ROS2/install/techman_robot_msgs/include/techman_robot_msgs/srv/detail/dds_fastrtps
[1.986s] -- Up-to-date: /home/gy/Omron_TM_ROS2/install/techman_robot_msgs/include/techman_robot_msgs/msg
[1.986s] -- Up-to-date: /home/gy/Omron_TM_ROS2/install/techman_robot_msgs/include/techman_robot_msgs/msg/rosidl_typesupport_fastrtps_cpp__visibility_control.h
[1.986s] -- Up-to-date: /home/gy/Omron_TM_ROS2/install/techman_robot_msgs/lib/libtechman_robot_msgs__rosidl_typesupport_fastrtps_cpp.so
[1.986s] -- Up-to-date: /home/gy/Omron_TM_ROS2/install/techman_robot_msgs/include/techman_robot_msgs
[1.987s] -- Up-to-date: /home/gy/Omron_TM_ROS2/install/techman_robot_msgs/include/techman_robot_msgs/srv
[1.987s] -- Up-to-date: /home/gy/Omron_TM_ROS2/install/techman_robot_msgs/include/techman_robot_msgs/srv/detail
[1.987s] -- Up-to-date: /home/gy/Omron_TM_ROS2/install/techman_robot_msgs/include/techman_robot_msgs/srv/detail/techman_robot_command__rosidl_typesupport_introspection_c.h
[1.987s] -- Up-to-date: /home/gy/Omron_TM_ROS2/install/techman_robot_msgs/include/techman_robot_msgs/srv/detail/techman_robot_command__type_support.c
[1.987s] -- Up-to-date: /home/gy/Omron_TM_ROS2/install/techman_robot_msgs/include/techman_robot_msgs/msg
[1.987s] -- Up-to-date: /home/gy/Omron_TM_ROS2/install/techman_robot_msgs/include/techman_robot_msgs/msg/rosidl_typesupport_introspection_c__visibility_control.h
[1.988s] -- Up-to-date: /home/gy/Omron_TM_ROS2/install/techman_robot_msgs/lib/libtechman_robot_msgs__rosidl_typesupport_introspection_c.so
[1.988s] -- Up-to-date: /home/gy/Omron_TM_ROS2/install/techman_robot_msgs/lib/libtechman_robot_msgs__rosidl_typesupport_c.so
[1.988s] -- Up-to-date: /home/gy/Omron_TM_ROS2/install/techman_robot_msgs/include/techman_robot_msgs
[1.988s] -- Up-to-date: /home/gy/Omron_TM_ROS2/install/techman_robot_msgs/include/techman_robot_msgs/srv
[1.988s] -- Up-to-date: /home/gy/Omron_TM_ROS2/install/techman_robot_msgs/include/techman_robot_msgs/srv/detail
[1.988s] -- Up-to-date: /home/gy/Omron_TM_ROS2/install/techman_robot_msgs/include/techman_robot_msgs/srv/detail/techman_robot_command__builder.hpp
[1.988s] -- Up-to-date: /home/gy/Omron_TM_ROS2/install/techman_robot_msgs/include/techman_robot_msgs/srv/detail/techman_robot_command__traits.hpp
[1.989s] -- Up-to-date: /home/gy/Omron_TM_ROS2/install/techman_robot_msgs/include/techman_robot_msgs/srv/detail/techman_robot_command__struct.hpp
[1.989s] -- Up-to-date: /home/gy/Omron_TM_ROS2/install/techman_robot_msgs/include/techman_robot_msgs/srv/techman_robot_command.hpp
[1.989s] -- Up-to-date: /home/gy/Omron_TM_ROS2/install/techman_robot_msgs/include/techman_robot_msgs
[1.989s] -- Up-to-date: /home/gy/Omron_TM_ROS2/install/techman_robot_msgs/include/techman_robot_msgs/srv
[1.991s] -- Up-to-date: /home/gy/Omron_TM_ROS2/install/techman_robot_msgs/include/techman_robot_msgs/srv/detail
[1.991s] -- Up-to-date: /home/gy/Omron_TM_ROS2/install/techman_robot_msgs/include/techman_robot_msgs/srv/detail/techman_robot_command__rosidl_typesupport_introspection_cpp.hpp
[1.991s] -- Up-to-date: /home/gy/Omron_TM_ROS2/install/techman_robot_msgs/include/techman_robot_msgs/srv/detail/techman_robot_command__type_support.cpp
[1.991s] -- Up-to-date: /home/gy/Omron_TM_ROS2/install/techman_robot_msgs/lib/libtechman_robot_msgs__rosidl_typesupport_introspection_cpp.so
[1.992s] -- Up-to-date: /home/gy/Omron_TM_ROS2/install/techman_robot_msgs/lib/libtechman_robot_msgs__rosidl_typesupport_cpp.so
[1.992s] -- Up-to-date: /home/gy/Omron_TM_ROS2/install/techman_robot_msgs/share/techman_robot_msgs/environment/pythonpath.sh
[1.992s] -- Up-to-date: /home/gy/Omron_TM_ROS2/install/techman_robot_msgs/share/techman_robot_msgs/environment/pythonpath.dsv
[1.992s] -- Up-to-date: /home/gy/Omron_TM_ROS2/install/techman_robot_msgs/lib/python3.8/site-packages/techman_robot_msgs/__init__.py
[2.134s] -- Up-to-date: /home/gy/Omron_TM_ROS2/install/techman_robot_msgs/lib/python3.8/site-packages/techman_robot_msgs/srv
[2.134s] -- Up-to-date: /home/gy/Omron_TM_ROS2/install/techman_robot_msgs/lib/python3.8/site-packages/techman_robot_msgs/srv/__init__.py
[2.135s] -- Up-to-date: /home/gy/Omron_TM_ROS2/install/techman_robot_msgs/lib/python3.8/site-packages/techman_robot_msgs/srv/_techman_robot_command_s.c
[2.135s] -- Up-to-date: /home/gy/Omron_TM_ROS2/install/techman_robot_msgs/lib/python3.8/site-packages/techman_robot_msgs/srv/_techman_robot_command.py
[2.135s] -- Up-to-date: /home/gy/Omron_TM_ROS2/install/techman_robot_msgs/lib/python3.8/site-packages/techman_robot_msgs/techman_robot_msgs_s__rosidl_typesupport_fastrtps_c.cpython-38-x86_64-linux-gnu.so
[2.137s] -- Up-to-date: /home/gy/Omron_TM_ROS2/install/techman_robot_msgs/lib/python3.8/site-packages/techman_robot_msgs/techman_robot_msgs_s__rosidl_typesupport_introspection_c.cpython-38-x86_64-linux-gnu.so
[2.137s] -- Up-to-date: /home/gy/Omron_TM_ROS2/install/techman_robot_msgs/lib/python3.8/site-packages/techman_robot_msgs/techman_robot_msgs_s__rosidl_typesupport_c.cpython-38-x86_64-linux-gnu.so
[2.137s] -- Up-to-date: /home/gy/Omron_TM_ROS2/install/techman_robot_msgs/lib/libtechman_robot_msgs__python.so
[2.137s] -- Up-to-date: /home/gy/Omron_TM_ROS2/install/techman_robot_msgs/share/techman_robot_msgs/srv/TechmanRobotCommand.idl
[2.138s] -- Up-to-date: /home/gy/Omron_TM_ROS2/install/techman_robot_msgs/share/techman_robot_msgs/srv/TechmanRobotCommand.srv
[2.142s] -- Up-to-date: /home/gy/Omron_TM_ROS2/install/techman_robot_msgs/share/techman_robot_msgs/srv/TechmanRobotCommand_Request.msg
[2.142s] -- Up-to-date: /home/gy/Omron_TM_ROS2/install/techman_robot_msgs/share/techman_robot_msgs/srv/TechmanRobotCommand_Response.msg
[2.142s] -- Up-to-date: /home/gy/Omron_TM_ROS2/install/techman_robot_msgs/share/ament_index/resource_index/package_run_dependencies/techman_robot_msgs
[2.142s] -- Up-to-date: /home/gy/Omron_TM_ROS2/install/techman_robot_msgs/share/ament_index/resource_index/parent_prefix_path/techman_robot_msgs
[2.142s] -- Up-to-date: /home/gy/Omron_TM_ROS2/install/techman_robot_msgs/share/techman_robot_msgs/environment/ament_prefix_path.sh
[2.143s] -- Up-to-date: /home/gy/Omron_TM_ROS2/install/techman_robot_msgs/share/techman_robot_msgs/environment/ament_prefix_path.dsv
[2.143s] -- Up-to-date: /home/gy/Omron_TM_ROS2/install/techman_robot_msgs/share/techman_robot_msgs/environment/path.sh
[2.143s] -- Up-to-date: /home/gy/Omron_TM_ROS2/install/techman_robot_msgs/share/techman_robot_msgs/environment/path.dsv
[2.143s] -- Up-to-date: /home/gy/Omron_TM_ROS2/install/techman_robot_msgs/share/techman_robot_msgs/local_setup.bash
[2.143s] -- Up-to-date: /home/gy/Omron_TM_ROS2/install/techman_robot_msgs/share/techman_robot_msgs/local_setup.sh
[2.143s] -- Up-to-date: /home/gy/Omron_TM_ROS2/install/techman_robot_msgs/share/techman_robot_msgs/local_setup.zsh
[2.144s] -- Up-to-date: /home/gy/Omron_TM_ROS2/install/techman_robot_msgs/share/techman_robot_msgs/local_setup.dsv
[2.144s] -- Installing: /home/gy/Omron_TM_ROS2/install/techman_robot_msgs/share/techman_robot_msgs/package.dsv
[2.154s] -- Up-to-date: /home/gy/Omron_TM_ROS2/install/techman_robot_msgs/share/ament_index/resource_index/packages/techman_robot_msgs
[2.154s] -- Up-to-date: /home/gy/Omron_TM_ROS2/install/techman_robot_msgs/share/techman_robot_msgs/cmake/techman_robot_msgs__rosidl_generator_cExport.cmake
[2.154s] -- Up-to-date: /home/gy/Omron_TM_ROS2/install/techman_robot_msgs/share/techman_robot_msgs/cmake/techman_robot_msgs__rosidl_generator_cExport-noconfig.cmake
[2.155s] -- Up-to-date: /home/gy/Omron_TM_ROS2/install/techman_robot_msgs/share/techman_robot_msgs/cmake/techman_robot_msgs__rosidl_typesupport_introspection_cExport.cmake
[2.155s] -- Up-to-date: /home/gy/Omron_TM_ROS2/install/techman_robot_msgs/share/techman_robot_msgs/cmake/techman_robot_msgs__rosidl_typesupport_introspection_cExport-noconfig.cmake
[2.155s] -- Up-to-date: /home/gy/Omron_TM_ROS2/install/techman_robot_msgs/share/techman_robot_msgs/cmake/techman_robot_msgs__rosidl_typesupport_cExport.cmake
[2.155s] -- Up-to-date: /home/gy/Omron_TM_ROS2/install/techman_robot_msgs/share/techman_robot_msgs/cmake/techman_robot_msgs__rosidl_typesupport_cExport-noconfig.cmake
[2.155s] -- Up-to-date: /home/gy/Omron_TM_ROS2/install/techman_robot_msgs/share/techman_robot_msgs/cmake/techman_robot_msgs__rosidl_generator_cppExport.cmake
[2.156s] -- Up-to-date: /home/gy/Omron_TM_ROS2/install/techman_robot_msgs/share/techman_robot_msgs/cmake/techman_robot_msgs__rosidl_typesupport_introspection_cppExport.cmake
[2.156s] -- Up-to-date: /home/gy/Omron_TM_ROS2/install/techman_robot_msgs/share/techman_robot_msgs/cmake/techman_robot_msgs__rosidl_typesupport_introspection_cppExport-noconfig.cmake
[2.156s] -- Up-to-date: /home/gy/Omron_TM_ROS2/install/techman_robot_msgs/share/techman_robot_msgs/cmake/techman_robot_msgs__rosidl_typesupport_cppExport.cmake
[2.156s] -- Up-to-date: /home/gy/Omron_TM_ROS2/install/techman_robot_msgs/share/techman_robot_msgs/cmake/techman_robot_msgs__rosidl_typesupport_cppExport-noconfig.cmake
[2.156s] -- Up-to-date: /home/gy/Omron_TM_ROS2/install/techman_robot_msgs/share/techman_robot_msgs/cmake/rosidl_cmake-extras.cmake
[2.157s] -- Up-to-date: /home/gy/Omron_TM_ROS2/install/techman_robot_msgs/share/techman_robot_msgs/cmake/ament_cmake_export_dependencies-extras.cmake
[2.157s] -- Up-to-date: /home/gy/Omron_TM_ROS2/install/techman_robot_msgs/share/techman_robot_msgs/cmake/ament_cmake_export_libraries-extras.cmake
[2.157s] -- Up-to-date: /home/gy/Omron_TM_ROS2/install/techman_robot_msgs/share/techman_robot_msgs/cmake/ament_cmake_export_targets-extras.cmake
[2.157s] -- Up-to-date: /home/gy/Omron_TM_ROS2/install/techman_robot_msgs/share/techman_robot_msgs/cmake/ament_cmake_export_include_directories-extras.cmake
[2.157s] -- Up-to-date: /home/gy/Omron_TM_ROS2/install/techman_robot_msgs/share/techman_robot_msgs/cmake/rosidl_cmake_export_typesupport_libraries-extras.cmake
[2.157s] -- Up-to-date: /home/gy/Omron_TM_ROS2/install/techman_robot_msgs/share/techman_robot_msgs/cmake/rosidl_cmake_export_typesupport_targets-extras.cmake
[2.157s] -- Up-to-date: /home/gy/Omron_TM_ROS2/install/techman_robot_msgs/share/techman_robot_msgs/cmake/techman_robot_msgsConfig.cmake
[2.157s] -- Up-to-date: /home/gy/Omron_TM_ROS2/install/techman_robot_msgs/share/techman_robot_msgs/cmake/techman_robot_msgsConfig-version.cmake
[2.157s] -- Up-to-date: /home/gy/Omron_TM_ROS2/install/techman_robot_msgs/share/techman_robot_msgs/package.xml
[2.164s] Invoked command in '/home/gy/Omron_TM_ROS2/build/techman_robot_msgs' returned '0': CMAKE_PREFIX_PATH=/home/gy/Omron_TM_ROS2/install/tmr_mod_urdf:/home/gy/Omron_TM_ROS2/install/tm_get_status:/home/gy/Omron_TM_ROS2/install/rviz_tm:/home/gy/Omron_TM_ROS2/install/pickplace:/opt/ros/foxy:${CMAKE_PREFIX_PATH} /usr/bin/cmake --install /home/gy/Omron_TM_ROS2/build/techman_robot_msgs
