[0.564s] Invoking command in '/home/gy/Omron_TM_ROS2/tmr_mod_urdf': PYTHONPATH=/home/gy/Omron_TM_ROS2/install/tmr_mod_urdf/lib/python3.8/site-packages:${PYTHONPATH} /usr/bin/python3 setup.py egg_info --egg-base ../build/tmr_mod_urdf build --build-base /home/gy/Omron_TM_ROS2/build/tmr_mod_urdf/build install --prefix /home/gy/Omron_TM_ROS2/install/tmr_mod_urdf --record /home/gy/Omron_TM_ROS2/build/tmr_mod_urdf/install.log --single-version-externally-managed
[1.264s] running egg_info
[1.282s] writing ../build/tmr_mod_urdf/tmr_mod_urdf.egg-info/PKG-INFO
[1.282s] writing dependency_links to ../build/tmr_mod_urdf/tmr_mod_urdf.egg-info/dependency_links.txt
[1.283s] writing entry points to ../build/tmr_mod_urdf/tmr_mod_urdf.egg-info/entry_points.txt
[1.283s] writing requirements to ../build/tmr_mod_urdf/tmr_mod_urdf.egg-info/requires.txt
[1.283s] writing top-level names to ../build/tmr_mod_urdf/tmr_mod_urdf.egg-info/top_level.txt
[1.382s] reading manifest file '../build/tmr_mod_urdf/tmr_mod_urdf.egg-info/SOURCES.txt'
[1.391s] writing manifest file '../build/tmr_mod_urdf/tmr_mod_urdf.egg-info/SOURCES.txt'
[1.391s] running build
[1.391s] running build_py
[1.392s] running install
[1.394s] running install_lib
[1.401s] running install_data
[1.402s] running install_egg_info
[1.408s] removing '/home/gy/Omron_TM_ROS2/install/tmr_mod_urdf/lib/python3.8/site-packages/tmr_mod_urdf-0.0.0-py3.8.egg-info' (and everything under it)
[1.409s] Copying ../build/tmr_mod_urdf/tmr_mod_urdf.egg-info to /home/gy/Omron_TM_ROS2/install/tmr_mod_urdf/lib/python3.8/site-packages/tmr_mod_urdf-0.0.0-py3.8.egg-info
[1.410s] running install_scripts
[1.474s] Installing modify_urdf script to /home/gy/Omron_TM_ROS2/install/tmr_mod_urdf/lib/tmr_mod_urdf
[1.474s] Installing modify_xacro script to /home/gy/Omron_TM_ROS2/install/tmr_mod_urdf/lib/tmr_mod_urdf
[1.475s] writing list of installed files to '/home/gy/Omron_TM_ROS2/build/tmr_mod_urdf/install.log'
[1.549s] Invoked command in '/home/gy/Omron_TM_ROS2/tmr_mod_urdf' returned '0': PYTHONPATH=/home/gy/Omron_TM_ROS2/install/tmr_mod_urdf/lib/python3.8/site-packages:${PYTHONPATH} /usr/bin/python3 setup.py egg_info --egg-base ../build/tmr_mod_urdf build --build-base /home/gy/Omron_TM_ROS2/build/tmr_mod_urdf/build install --prefix /home/gy/Omron_TM_ROS2/install/tmr_mod_urdf --record /home/gy/Omron_TM_ROS2/build/tmr_mod_urdf/install.log --single-version-externally-managed
