[0.055s] Invoking command in '/home/gy/Omron_TM_ROS2/build/tm_driver': AMENT_PREFIX_PATH=/home/gy/Omron_TM_ROS2/install/tm_msgs:${AMENT_PREFIX_PATH} CMAKE_PREFIX_PATH=/home/gy/Omron_TM_ROS2/install/tm_msgs:/opt/ros/foxy LD_LIBRARY_PATH=/home/gy/Omron_TM_ROS2/install/tm_msgs/lib:${LD_LIBRARY_PATH} PYTHONPATH=/home/gy/Omron_TM_ROS2/install/tm_msgs/lib/python3.8/site-packages:${PYTHONPATH} /usr/bin/cmake /home/gy/Omron_TM_ROS2/tm_driver -DCMAKE_INSTALL_PREFIX=/home/gy/Omron_TM_ROS2/install/tm_driver
[0.076s] -- Found ament_cmake: 0.9.8 (/opt/ros/foxy/share/ament_cmake/cmake)
[0.129s] -- Using PYTHON_EXECUTABLE: /usr/bin/python3
[0.346s] -- Override CMake install command with custom implementation using symlinks instead of copying resources
[0.356s] -- Found rclcpp: 2.3.1 (/opt/ros/foxy/share/rclcpp/cmake)
[0.394s] -- Using all available rosidl_typesupport_c: rosidl_typesupport_fastrtps_c;rosidl_typesupport_introspection_c
[0.398s] -- Found rosidl_adapter: 1.2.1 (/opt/ros/foxy/share/rosidl_adapter/cmake)
[0.530s] -- Using all available rosidl_typesupport_cpp: rosidl_typesupport_fastrtps_cpp;rosidl_typesupport_introspection_cpp
[0.583s] -- Found rmw_implementation_cmake: 1.0.3 (/opt/ros/foxy/share/rmw_implementation_cmake/cmake)
[0.583s] -- Using RMW implementation 'rmw_fastrtps_cpp' as default
[0.748s] -- Found sensor_msgs: 2.0.4 (/opt/ros/foxy/share/sensor_msgs/cmake)
[0.932s] -- Found tm_msgs: 1.0.0 (/home/gy/Omron_TM_ROS2/install/tm_msgs/share/tm_msgs/cmake)
[0.973s] -- Found ament_lint_auto: 0.9.6 (/opt/ros/foxy/share/ament_lint_auto/cmake)
[1.064s] -- Added test 'copyright' to check source files copyright and LICENSE
[1.064s] -- Added test 'cppcheck' to perform static code analysis on C / C++ code
[1.064s] -- Configured cppcheck include dirs: /home/gy/Omron_TM_ROS2/tm_driver/include
[1.064s] -- Configured cppcheck exclude dirs and/or files: 
[1.064s] -- Added test 'cpplint' to check C / C++ code against the Google style
[1.065s] -- Configured cpplint exclude dirs and/or files: 
[1.065s] -- Added test 'flake8' to check Python code syntax and style conventions
[1.065s] -- Added test 'lint_cmake' to check CMake code style
[1.065s] -- Added test 'pep257' to check Python code against some of the style conventions in PEP 257
[1.065s] -- Added test 'uncrustify' to check C / C++ code style
[1.065s] -- Configured uncrustify additional arguments: 
[1.065s] -- Added test 'xmllint' to check XML markup files
[1.075s] -- Configuring done
[1.101s] -- Generating done
[1.104s] -- Build files have been written to: /home/gy/Omron_TM_ROS2/build/tm_driver
[1.110s] Invoked command in '/home/gy/Omron_TM_ROS2/build/tm_driver' returned '0': AMENT_PREFIX_PATH=/home/gy/Omron_TM_ROS2/install/tm_msgs:${AMENT_PREFIX_PATH} CMAKE_PREFIX_PATH=/home/gy/Omron_TM_ROS2/install/tm_msgs:/opt/ros/foxy LD_LIBRARY_PATH=/home/gy/Omron_TM_ROS2/install/tm_msgs/lib:${LD_LIBRARY_PATH} PYTHONPATH=/home/gy/Omron_TM_ROS2/install/tm_msgs/lib/python3.8/site-packages:${PYTHONPATH} /usr/bin/cmake /home/gy/Omron_TM_ROS2/tm_driver -DCMAKE_INSTALL_PREFIX=/home/gy/Omron_TM_ROS2/install/tm_driver
[1.111s] Invoking command in '/home/gy/Omron_TM_ROS2/build/tm_driver': AMENT_PREFIX_PATH=/home/gy/Omron_TM_ROS2/install/tm_msgs:${AMENT_PREFIX_PATH} CMAKE_PREFIX_PATH=/home/gy/Omron_TM_ROS2/install/tm_msgs:/opt/ros/foxy LD_LIBRARY_PATH=/home/gy/Omron_TM_ROS2/install/tm_msgs/lib:${LD_LIBRARY_PATH} PYTHONPATH=/home/gy/Omron_TM_ROS2/install/tm_msgs/lib/python3.8/site-packages:${PYTHONPATH} /usr/bin/cmake --build /home/gy/Omron_TM_ROS2/build/tm_driver -- -j4 -l4
[1.673s] [35m[1mScanning dependencies of target tm_driver[0m
[1.825s] [  8%] [32mBuilding CXX object CMakeFiles/tm_driver.dir/src/tm_ros2_composition.cpp.o[0m
[4.438s] [ 16%] [32mBuilding CXX object CMakeFiles/tm_driver.dir/src/tm_driver.cpp.o[0m
[5.331s] [ 25%] [32mBuilding CXX object CMakeFiles/tm_driver.dir/src/tm_command.cpp.o[0m
[6.010s] [ 33%] [32mBuilding CXX object CMakeFiles/tm_driver.dir/src/tm_sct_communication.cpp.o[0m
[6.802s] [ 41%] [32mBuilding CXX object CMakeFiles/tm_driver.dir/src/tm_svr_communication.cpp.o[0m
[7.678s] [ 50%] [32mBuilding CXX object CMakeFiles/tm_driver.dir/src/tm_communication.cpp.o[0m
[8.460s] [ 58%] [32mBuilding CXX object CMakeFiles/tm_driver.dir/src/tm_robot_state.cpp.o[0m
[9.788s] [ 66%] [32mBuilding CXX object CMakeFiles/tm_driver.dir/src/tm_packet.cpp.o[0m
[10.482s] [ 75%] [32mBuilding CXX object CMakeFiles/tm_driver.dir/src/tm_print.cpp.o[0m
[10.883s] [ 83%] [32mBuilding CXX object CMakeFiles/tm_driver.dir/src/tm_ros2_svr.cpp.o[0m
[18.166s] [ 91%] [32mBuilding CXX object CMakeFiles/tm_driver.dir/src/tm_ros2_sct.cpp.o[0m
[25.154s] [100%] [32m[1mLinking CXX executable tm_driver[0m
[25.907s] [100%] Built target tm_driver
[25.931s] Invoked command in '/home/gy/Omron_TM_ROS2/build/tm_driver' returned '0': AMENT_PREFIX_PATH=/home/gy/Omron_TM_ROS2/install/tm_msgs:${AMENT_PREFIX_PATH} CMAKE_PREFIX_PATH=/home/gy/Omron_TM_ROS2/install/tm_msgs:/opt/ros/foxy LD_LIBRARY_PATH=/home/gy/Omron_TM_ROS2/install/tm_msgs/lib:${LD_LIBRARY_PATH} PYTHONPATH=/home/gy/Omron_TM_ROS2/install/tm_msgs/lib/python3.8/site-packages:${PYTHONPATH} /usr/bin/cmake --build /home/gy/Omron_TM_ROS2/build/tm_driver -- -j4 -l4
[26.011s] Invoking command in '/home/gy/Omron_TM_ROS2/build/tm_driver': AMENT_PREFIX_PATH=/home/gy/Omron_TM_ROS2/install/tm_msgs:${AMENT_PREFIX_PATH} CMAKE_PREFIX_PATH=/home/gy/Omron_TM_ROS2/install/tm_msgs:/opt/ros/foxy LD_LIBRARY_PATH=/home/gy/Omron_TM_ROS2/install/tm_msgs/lib:${LD_LIBRARY_PATH} PYTHONPATH=/home/gy/Omron_TM_ROS2/install/tm_msgs/lib/python3.8/site-packages:${PYTHONPATH} /usr/bin/cmake --install /home/gy/Omron_TM_ROS2/build/tm_driver
[26.026s] -- Install configuration: ""
[26.027s] -- Execute custom install script
[26.029s] -- Up-to-date symlink: /home/gy/Omron_TM_ROS2/install/tm_driver/lib/tm_driver/tm_driver
[26.031s] -- Up-to-date symlink: /home/gy/Omron_TM_ROS2/install/tm_driver/share/tm_driver/launch/tm_bringup.launch.py
[26.031s] -- Up-to-date symlink: /home/gy/Omron_TM_ROS2/install/tm_driver/share/tm_driver/launch/tm_bringup.py
[26.032s] -- Up-to-date symlink: /home/gy/Omron_TM_ROS2/install/tm_driver/share/ament_index/resource_index/package_run_dependencies/tm_driver
[26.033s] -- Up-to-date symlink: /home/gy/Omron_TM_ROS2/install/tm_driver/share/ament_index/resource_index/parent_prefix_path/tm_driver
[26.035s] -- Up-to-date symlink: /home/gy/Omron_TM_ROS2/install/tm_driver/share/tm_driver/environment/ament_prefix_path.sh
[26.035s] -- Up-to-date symlink: /home/gy/Omron_TM_ROS2/install/tm_driver/share/tm_driver/environment/ament_prefix_path.dsv
[26.036s] -- Up-to-date symlink: /home/gy/Omron_TM_ROS2/install/tm_driver/share/tm_driver/environment/path.sh
[26.037s] -- Up-to-date symlink: /home/gy/Omron_TM_ROS2/install/tm_driver/share/tm_driver/environment/path.dsv
[26.038s] -- Up-to-date symlink: /home/gy/Omron_TM_ROS2/install/tm_driver/share/tm_driver/local_setup.bash
[26.038s] -- Up-to-date symlink: /home/gy/Omron_TM_ROS2/install/tm_driver/share/tm_driver/local_setup.sh
[26.039s] -- Up-to-date symlink: /home/gy/Omron_TM_ROS2/install/tm_driver/share/tm_driver/local_setup.zsh
[26.040s] -- Up-to-date symlink: /home/gy/Omron_TM_ROS2/install/tm_driver/share/tm_driver/local_setup.dsv
[26.041s] -- Symlinking: /home/gy/Omron_TM_ROS2/install/tm_driver/share/tm_driver/package.dsv
[26.058s] -- Up-to-date symlink: /home/gy/Omron_TM_ROS2/install/tm_driver/share/ament_index/resource_index/packages/tm_driver
[26.058s] -- Up-to-date symlink: /home/gy/Omron_TM_ROS2/install/tm_driver/share/tm_driver/cmake/tm_driverConfig.cmake
[26.059s] -- Up-to-date symlink: /home/gy/Omron_TM_ROS2/install/tm_driver/share/tm_driver/cmake/tm_driverConfig-version.cmake
[26.059s] -- Up-to-date symlink: /home/gy/Omron_TM_ROS2/install/tm_driver/share/tm_driver/package.xml
[26.065s] Invoked command in '/home/gy/Omron_TM_ROS2/build/tm_driver' returned '0': AMENT_PREFIX_PATH=/home/gy/Omron_TM_ROS2/install/tm_msgs:${AMENT_PREFIX_PATH} CMAKE_PREFIX_PATH=/home/gy/Omron_TM_ROS2/install/tm_msgs:/opt/ros/foxy LD_LIBRARY_PATH=/home/gy/Omron_TM_ROS2/install/tm_msgs/lib:${LD_LIBRARY_PATH} PYTHONPATH=/home/gy/Omron_TM_ROS2/install/tm_msgs/lib/python3.8/site-packages:${PYTHONPATH} /usr/bin/cmake --install /home/gy/Omron_TM_ROS2/build/tm_driver
