[0.531s] Invoking command in '/home/gy/Omron_TM_ROS2/src/pickplace': PYTHONPATH=/home/gy/Omron_TM_ROS2/src/install/pickplace/lib/python3.8/site-packages:${PYTHONPATH} /usr/bin/python3 setup.py egg_info --egg-base ../build/pickplace build --build-base /home/gy/Omron_TM_ROS2/src/build/pickplace/build install --prefix /home/gy/Omron_TM_ROS2/src/install/pickplace --record /home/gy/Omron_TM_ROS2/src/build/pickplace/install.log --single-version-externally-managed
[0.960s] running egg_info
[0.962s] writing ../build/pickplace/pickplace.egg-info/PKG-INFO
[0.962s] writing dependency_links to ../build/pickplace/pickplace.egg-info/dependency_links.txt
[0.962s] writing entry points to ../build/pickplace/pickplace.egg-info/entry_points.txt
[0.963s] writing requirements to ../build/pickplace/pickplace.egg-info/requires.txt
[0.963s] writing top-level names to ../build/pickplace/pickplace.egg-info/top_level.txt
[1.034s] reading manifest file '../build/pickplace/pickplace.egg-info/SOURCES.txt'
[1.036s] writing manifest file '../build/pickplace/pickplace.egg-info/SOURCES.txt'
[1.037s] running build
[1.037s] running build_py
[1.037s] copying pickplace/__init__.py -> /home/gy/Omron_TM_ROS2/src/build/pickplace/build/lib/pickplace
[1.037s] copying pickplace/pickplace_program.py -> /home/gy/Omron_TM_ROS2/src/build/pickplace/build/lib/pickplace
[1.037s] running install
[1.039s] running install_lib
[1.041s] copying /home/gy/Omron_TM_ROS2/src/build/pickplace/build/lib/pickplace/__init__.py -> /home/gy/Omron_TM_ROS2/src/install/pickplace/lib/python3.8/site-packages/pickplace
[1.041s] copying /home/gy/Omron_TM_ROS2/src/build/pickplace/build/lib/pickplace/pickplace_program.py -> /home/gy/Omron_TM_ROS2/src/install/pickplace/lib/python3.8/site-packages/pickplace
[1.043s] byte-compiling /home/gy/Omron_TM_ROS2/src/install/pickplace/lib/python3.8/site-packages/pickplace/__init__.py to __init__.cpython-38.pyc
[1.046s] byte-compiling /home/gy/Omron_TM_ROS2/src/install/pickplace/lib/python3.8/site-packages/pickplace/pickplace_program.py to pickplace_program.cpython-38.pyc
[1.048s] running install_data
[1.049s] running install_egg_info
[1.052s] removing '/home/gy/Omron_TM_ROS2/src/install/pickplace/lib/python3.8/site-packages/pickplace-0.0.0-py3.8.egg-info' (and everything under it)
[1.053s] Copying ../build/pickplace/pickplace.egg-info to /home/gy/Omron_TM_ROS2/src/install/pickplace/lib/python3.8/site-packages/pickplace-0.0.0-py3.8.egg-info
[1.054s] running install_scripts
[1.089s] Installing initialise script to /home/gy/Omron_TM_ROS2/src/install/pickplace/lib/pickplace
[1.089s] Installing pickplace script to /home/gy/Omron_TM_ROS2/src/install/pickplace/lib/pickplace
[1.090s] writing list of installed files to '/home/gy/Omron_TM_ROS2/src/build/pickplace/install.log'
[1.125s] Invoked command in '/home/gy/Omron_TM_ROS2/src/pickplace' returned '0': PYTHONPATH=/home/gy/Omron_TM_ROS2/src/install/pickplace/lib/python3.8/site-packages:${PYTHONPATH} /usr/bin/python3 setup.py egg_info --egg-base ../build/pickplace build --build-base /home/gy/Omron_TM_ROS2/src/build/pickplace/build install --prefix /home/gy/Omron_TM_ROS2/src/install/pickplace --record /home/gy/Omron_TM_ROS2/src/build/pickplace/install.log --single-version-externally-managed
