[0.065s] Invoking command in '/home/gy/Omron_TM_ROS2/build/tm_msgs': CMAKE_PREFIX_PATH=/home/gy/Omron_TM_ROS2/install/tmr_mod_urdf:/home/gy/Omron_TM_ROS2/install/tm_get_status:/home/gy/Omron_TM_ROS2/install/rviz_tm:/home/gy/Omron_TM_ROS2/install/pickplace:/opt/ros/foxy:${CMAKE_PREFIX_PATH} /usr/bin/cmake --build /home/gy/Omron_TM_ROS2/build/tm_msgs -- -j3 -l3
[0.260s] [ 12%] Built target tm_msgs__rosidl_generator_c
[0.298s] [ 12%] Built target tm_msgs__cpp
[0.491s] [ 24%] Built target tm_msgs__rosidl_typesupport_c
[0.499s] [ 36%] Built target tm_msgs__rosidl_typesupport_introspection_c
[0.520s] [ 47%] Built target tm_msgs__rosidl_typesupport_fastrtps_cpp
[0.553s] [ 59%] Built target tm_msgs__rosidl_typesupport_introspection_cpp
[0.568s] [ 71%] Built target tm_msgs__rosidl_typesupport_cpp
[0.599s] [ 83%] Built target tm_msgs__rosidl_typesupport_fastrtps_c
[0.639s] [ 83%] Built target tm_msgs
[0.723s] [ 84%] Built target tm_msgs__py
[0.810s] [ 95%] Built target tm_msgs__python
[0.983s] [ 96%] Built target tm_msgs__rosidl_typesupport_c__pyext
[0.984s] [ 98%] Built target tm_msgs__rosidl_typesupport_introspection_c__pyext
[1.015s] [100%] Built target tm_msgs__rosidl_typesupport_fastrtps_c__pyext
[1.081s] Invoked command in '/home/gy/Omron_TM_ROS2/build/tm_msgs' returned '0': CMAKE_PREFIX_PATH=/home/gy/Omron_TM_ROS2/install/tmr_mod_urdf:/home/gy/Omron_TM_ROS2/install/tm_get_status:/home/gy/Omron_TM_ROS2/install/rviz_tm:/home/gy/Omron_TM_ROS2/install/pickplace:/opt/ros/foxy:${CMAKE_PREFIX_PATH} /usr/bin/cmake --build /home/gy/Omron_TM_ROS2/build/tm_msgs -- -j3 -l3
[2.289s] Invoking command in '/home/gy/Omron_TM_ROS2/build/tm_msgs': CMAKE_PREFIX_PATH=/home/gy/Omron_TM_ROS2/install/tmr_mod_urdf:/home/gy/Omron_TM_ROS2/install/tm_get_status:/home/gy/Omron_TM_ROS2/install/rviz_tm:/home/gy/Omron_TM_ROS2/install/pickplace:/opt/ros/foxy:${CMAKE_PREFIX_PATH} /usr/bin/cmake --install /home/gy/Omron_TM_ROS2/build/tm_msgs
[2.311s] -- Install configuration: ""
[2.316s] -- Up-to-date: /home/gy/Omron_TM_ROS2/install/tm_msgs/share/ament_index/resource_index/rosidl_interfaces/tm_msgs
[2.317s] -- Up-to-date: /home/gy/Omron_TM_ROS2/install/tm_msgs/include/tm_msgs
[2.317s] -- Up-to-date: /home/gy/Omron_TM_ROS2/install/tm_msgs/include/tm_msgs/srv
[2.317s] -- Up-to-date: /home/gy/Omron_TM_ROS2/install/tm_msgs/include/tm_msgs/srv/detail
[2.317s] -- Up-to-date: /home/gy/Omron_TM_ROS2/install/tm_msgs/include/tm_msgs/srv/detail/set_io__type_support.h
[2.317s] -- Up-to-date: /home/gy/Omron_TM_ROS2/install/tm_msgs/include/tm_msgs/srv/detail/set_positions__functions.h
[2.317s] -- Up-to-date: /home/gy/Omron_TM_ROS2/install/tm_msgs/include/tm_msgs/srv/detail/ask_sta__functions.h
[2.317s] -- Up-to-date: /home/gy/Omron_TM_ROS2/install/tm_msgs/include/tm_msgs/srv/detail/set_positions__functions.c
[2.319s] -- Up-to-date: /home/gy/Omron_TM_ROS2/install/tm_msgs/include/tm_msgs/srv/detail/set_io__functions.h
[2.320s] -- Up-to-date: /home/gy/Omron_TM_ROS2/install/tm_msgs/include/tm_msgs/srv/detail/send_script__type_support.h
[2.322s] -- Up-to-date: /home/gy/Omron_TM_ROS2/install/tm_msgs/include/tm_msgs/srv/detail/send_script__struct.h
[2.323s] -- Up-to-date: /home/gy/Omron_TM_ROS2/install/tm_msgs/include/tm_msgs/srv/detail/set_event__struct.h
[2.323s] -- Up-to-date: /home/gy/Omron_TM_ROS2/install/tm_msgs/include/tm_msgs/srv/detail/set_event__functions.h
[2.323s] -- Up-to-date: /home/gy/Omron_TM_ROS2/install/tm_msgs/include/tm_msgs/srv/detail/set_event__type_support.h
[2.323s] -- Up-to-date: /home/gy/Omron_TM_ROS2/install/tm_msgs/include/tm_msgs/srv/detail/connect_tm__functions.c
[2.324s] -- Up-to-date: /home/gy/Omron_TM_ROS2/install/tm_msgs/include/tm_msgs/srv/detail/ask_sta__struct.h
[2.324s] -- Up-to-date: /home/gy/Omron_TM_ROS2/install/tm_msgs/include/tm_msgs/srv/detail/set_io__struct.h
[2.328s] -- Up-to-date: /home/gy/Omron_TM_ROS2/install/tm_msgs/include/tm_msgs/srv/detail/send_script__functions.h
[2.329s] -- Up-to-date: /home/gy/Omron_TM_ROS2/install/tm_msgs/include/tm_msgs/srv/detail/set_positions__type_support.h
[2.329s] -- Up-to-date: /home/gy/Omron_TM_ROS2/install/tm_msgs/include/tm_msgs/srv/detail/set_io__functions.c
[2.329s] -- Up-to-date: /home/gy/Omron_TM_ROS2/install/tm_msgs/include/tm_msgs/srv/detail/ask_sta__functions.c
[2.329s] -- Up-to-date: /home/gy/Omron_TM_ROS2/install/tm_msgs/include/tm_msgs/srv/detail/ask_item__functions.c
[2.330s] -- Up-to-date: /home/gy/Omron_TM_ROS2/install/tm_msgs/include/tm_msgs/srv/detail/write_item__functions.h
[2.333s] -- Up-to-date: /home/gy/Omron_TM_ROS2/install/tm_msgs/include/tm_msgs/srv/detail/connect_tm__type_support.h
[2.334s] -- Up-to-date: /home/gy/Omron_TM_ROS2/install/tm_msgs/include/tm_msgs/srv/detail/send_script__functions.c
[2.335s] -- Up-to-date: /home/gy/Omron_TM_ROS2/install/tm_msgs/include/tm_msgs/srv/detail/ask_item__type_support.h
[2.337s] -- Up-to-date: /home/gy/Omron_TM_ROS2/install/tm_msgs/include/tm_msgs/srv/detail/set_positions__struct.h
[2.338s] -- Up-to-date: /home/gy/Omron_TM_ROS2/install/tm_msgs/include/tm_msgs/srv/detail/write_item__functions.c
[2.338s] -- Up-to-date: /home/gy/Omron_TM_ROS2/install/tm_msgs/include/tm_msgs/srv/detail/write_item__struct.h
[2.338s] -- Up-to-date: /home/gy/Omron_TM_ROS2/install/tm_msgs/include/tm_msgs/srv/detail/connect_tm__struct.h
[2.338s] -- Up-to-date: /home/gy/Omron_TM_ROS2/install/tm_msgs/include/tm_msgs/srv/detail/ask_item__functions.h
[2.338s] -- Up-to-date: /home/gy/Omron_TM_ROS2/install/tm_msgs/include/tm_msgs/srv/detail/set_event__functions.c
[2.338s] -- Up-to-date: /home/gy/Omron_TM_ROS2/install/tm_msgs/include/tm_msgs/srv/detail/connect_tm__functions.h
[2.339s] -- Up-to-date: /home/gy/Omron_TM_ROS2/install/tm_msgs/include/tm_msgs/srv/detail/ask_item__struct.h
[2.339s] -- Up-to-date: /home/gy/Omron_TM_ROS2/install/tm_msgs/include/tm_msgs/srv/detail/write_item__type_support.h
[2.339s] -- Up-to-date: /home/gy/Omron_TM_ROS2/install/tm_msgs/include/tm_msgs/srv/detail/ask_sta__type_support.h
[2.339s] -- Up-to-date: /home/gy/Omron_TM_ROS2/install/tm_msgs/include/tm_msgs/srv/connect_tm.h
[2.339s] -- Up-to-date: /home/gy/Omron_TM_ROS2/install/tm_msgs/include/tm_msgs/srv/ask_item.h
[2.339s] -- Up-to-date: /home/gy/Omron_TM_ROS2/install/tm_msgs/include/tm_msgs/srv/write_item.h
[2.340s] -- Up-to-date: /home/gy/Omron_TM_ROS2/install/tm_msgs/include/tm_msgs/srv/set_io.h
[2.340s] -- Up-to-date: /home/gy/Omron_TM_ROS2/install/tm_msgs/include/tm_msgs/srv/set_positions.h
[2.340s] -- Up-to-date: /home/gy/Omron_TM_ROS2/install/tm_msgs/include/tm_msgs/srv/send_script.h
[2.340s] -- Up-to-date: /home/gy/Omron_TM_ROS2/install/tm_msgs/include/tm_msgs/srv/ask_sta.h
[2.346s] -- Up-to-date: /home/gy/Omron_TM_ROS2/install/tm_msgs/include/tm_msgs/srv/set_event.h
[2.348s] -- Up-to-date: /home/gy/Omron_TM_ROS2/install/tm_msgs/include/tm_msgs/msg
[2.349s] -- Up-to-date: /home/gy/Omron_TM_ROS2/install/tm_msgs/include/tm_msgs/msg/detail
[2.349s] -- Up-to-date: /home/gy/Omron_TM_ROS2/install/tm_msgs/include/tm_msgs/msg/detail/feedback_state__type_support.h
[2.349s] -- Up-to-date: /home/gy/Omron_TM_ROS2/install/tm_msgs/include/tm_msgs/msg/detail/feedback_state__functions.h
[2.349s] -- Up-to-date: /home/gy/Omron_TM_ROS2/install/tm_msgs/include/tm_msgs/msg/detail/svr_response__type_support.h
[2.350s] -- Up-to-date: /home/gy/Omron_TM_ROS2/install/tm_msgs/include/tm_msgs/msg/detail/sta_response__functions.c
[2.353s] -- Up-to-date: /home/gy/Omron_TM_ROS2/install/tm_msgs/include/tm_msgs/msg/detail/sta_response__type_support.h
[2.353s] -- Up-to-date: /home/gy/Omron_TM_ROS2/install/tm_msgs/include/tm_msgs/msg/detail/sct_response__functions.c
[2.353s] -- Up-to-date: /home/gy/Omron_TM_ROS2/install/tm_msgs/include/tm_msgs/msg/detail/feedback_state__functions.c
[2.353s] -- Up-to-date: /home/gy/Omron_TM_ROS2/install/tm_msgs/include/tm_msgs/msg/detail/sct_response__type_support.h
[2.353s] -- Up-to-date: /home/gy/Omron_TM_ROS2/install/tm_msgs/include/tm_msgs/msg/detail/svr_response__struct.h
[2.354s] -- Up-to-date: /home/gy/Omron_TM_ROS2/install/tm_msgs/include/tm_msgs/msg/detail/svr_response__functions.h
[2.354s] -- Up-to-date: /home/gy/Omron_TM_ROS2/install/tm_msgs/include/tm_msgs/msg/detail/sct_response__functions.h
[2.354s] -- Up-to-date: /home/gy/Omron_TM_ROS2/install/tm_msgs/include/tm_msgs/msg/detail/feedback_state__struct.h
[2.354s] -- Up-to-date: /home/gy/Omron_TM_ROS2/install/tm_msgs/include/tm_msgs/msg/detail/sta_response__functions.h
[2.354s] -- Up-to-date: /home/gy/Omron_TM_ROS2/install/tm_msgs/include/tm_msgs/msg/detail/svr_response__functions.c
[2.354s] -- Up-to-date: /home/gy/Omron_TM_ROS2/install/tm_msgs/include/tm_msgs/msg/detail/sta_response__struct.h
[2.354s] -- Up-to-date: /home/gy/Omron_TM_ROS2/install/tm_msgs/include/tm_msgs/msg/detail/sct_response__struct.h
[2.355s] -- Up-to-date: /home/gy/Omron_TM_ROS2/install/tm_msgs/include/tm_msgs/msg/svr_response.h
[2.355s] -- Up-to-date: /home/gy/Omron_TM_ROS2/install/tm_msgs/include/tm_msgs/msg/feedback_state.h
[2.355s] -- Up-to-date: /home/gy/Omron_TM_ROS2/install/tm_msgs/include/tm_msgs/msg/sct_response.h
[2.355s] -- Up-to-date: /home/gy/Omron_TM_ROS2/install/tm_msgs/include/tm_msgs/msg/rosidl_generator_c__visibility_control.h
[2.355s] -- Up-to-date: /home/gy/Omron_TM_ROS2/install/tm_msgs/include/tm_msgs/msg/sta_response.h
[2.355s] -- Up-to-date: /home/gy/Omron_TM_ROS2/install/tm_msgs/share/tm_msgs/environment/library_path.sh
[2.355s] -- Up-to-date: /home/gy/Omron_TM_ROS2/install/tm_msgs/share/tm_msgs/environment/library_path.dsv
[2.356s] -- Up-to-date: /home/gy/Omron_TM_ROS2/install/tm_msgs/lib/libtm_msgs__rosidl_generator_c.so
[2.356s] -- Up-to-date: /home/gy/Omron_TM_ROS2/install/tm_msgs/include/tm_msgs
[2.356s] -- Up-to-date: /home/gy/Omron_TM_ROS2/install/tm_msgs/include/tm_msgs/srv
[2.371s] -- Up-to-date: /home/gy/Omron_TM_ROS2/install/tm_msgs/include/tm_msgs/srv/detail
[2.371s] -- Up-to-date: /home/gy/Omron_TM_ROS2/install/tm_msgs/include/tm_msgs/srv/detail/connect_tm__rosidl_typesupport_fastrtps_c.h
[2.372s] -- Up-to-date: /home/gy/Omron_TM_ROS2/install/tm_msgs/include/tm_msgs/srv/detail/set_event__rosidl_typesupport_fastrtps_c.h
[2.375s] -- Up-to-date: /home/gy/Omron_TM_ROS2/install/tm_msgs/include/tm_msgs/srv/detail/set_io__rosidl_typesupport_fastrtps_c.h
[2.375s] -- Up-to-date: /home/gy/Omron_TM_ROS2/install/tm_msgs/include/tm_msgs/srv/detail/ask_sta__rosidl_typesupport_fastrtps_c.h
[2.375s] -- Up-to-date: /home/gy/Omron_TM_ROS2/install/tm_msgs/include/tm_msgs/srv/detail/set_positions__rosidl_typesupport_fastrtps_c.h
[2.376s] -- Up-to-date: /home/gy/Omron_TM_ROS2/install/tm_msgs/include/tm_msgs/srv/detail/send_script__rosidl_typesupport_fastrtps_c.h
[2.376s] -- Up-to-date: /home/gy/Omron_TM_ROS2/install/tm_msgs/include/tm_msgs/srv/detail/ask_item__rosidl_typesupport_fastrtps_c.h
[2.376s] -- Up-to-date: /home/gy/Omron_TM_ROS2/install/tm_msgs/include/tm_msgs/srv/detail/write_item__rosidl_typesupport_fastrtps_c.h
[2.384s] -- Up-to-date: /home/gy/Omron_TM_ROS2/install/tm_msgs/include/tm_msgs/msg
[2.384s] -- Up-to-date: /home/gy/Omron_TM_ROS2/install/tm_msgs/include/tm_msgs/msg/detail
[2.385s] -- Up-to-date: /home/gy/Omron_TM_ROS2/install/tm_msgs/include/tm_msgs/msg/detail/sct_response__rosidl_typesupport_fastrtps_c.h
[2.385s] -- Up-to-date: /home/gy/Omron_TM_ROS2/install/tm_msgs/include/tm_msgs/msg/detail/sta_response__rosidl_typesupport_fastrtps_c.h
[2.385s] -- Up-to-date: /home/gy/Omron_TM_ROS2/install/tm_msgs/include/tm_msgs/msg/detail/feedback_state__rosidl_typesupport_fastrtps_c.h
[2.385s] -- Up-to-date: /home/gy/Omron_TM_ROS2/install/tm_msgs/include/tm_msgs/msg/detail/svr_response__rosidl_typesupport_fastrtps_c.h
[2.385s] -- Up-to-date: /home/gy/Omron_TM_ROS2/install/tm_msgs/include/tm_msgs/msg/rosidl_typesupport_fastrtps_c__visibility_control.h
[2.385s] -- Up-to-date: /home/gy/Omron_TM_ROS2/install/tm_msgs/lib/libtm_msgs__rosidl_typesupport_fastrtps_c.so
[2.386s] -- Up-to-date: /home/gy/Omron_TM_ROS2/install/tm_msgs/include/tm_msgs
[2.386s] -- Up-to-date: /home/gy/Omron_TM_ROS2/install/tm_msgs/include/tm_msgs/srv
[2.386s] -- Up-to-date: /home/gy/Omron_TM_ROS2/install/tm_msgs/include/tm_msgs/srv/detail
[2.386s] -- Up-to-date: /home/gy/Omron_TM_ROS2/install/tm_msgs/include/tm_msgs/srv/detail/connect_tm__rosidl_typesupport_fastrtps_cpp.hpp
[2.387s] -- Up-to-date: /home/gy/Omron_TM_ROS2/install/tm_msgs/include/tm_msgs/srv/detail/set_io__rosidl_typesupport_fastrtps_cpp.hpp
[2.387s] -- Up-to-date: /home/gy/Omron_TM_ROS2/install/tm_msgs/include/tm_msgs/srv/detail/ask_sta__rosidl_typesupport_fastrtps_cpp.hpp
[2.387s] -- Up-to-date: /home/gy/Omron_TM_ROS2/install/tm_msgs/include/tm_msgs/srv/detail/write_item__rosidl_typesupport_fastrtps_cpp.hpp
[2.387s] -- Up-to-date: /home/gy/Omron_TM_ROS2/install/tm_msgs/include/tm_msgs/srv/detail/send_script__rosidl_typesupport_fastrtps_cpp.hpp
[2.388s] -- Up-to-date: /home/gy/Omron_TM_ROS2/install/tm_msgs/include/tm_msgs/srv/detail/set_event__rosidl_typesupport_fastrtps_cpp.hpp
[2.388s] -- Up-to-date: /home/gy/Omron_TM_ROS2/install/tm_msgs/include/tm_msgs/srv/detail/ask_item__rosidl_typesupport_fastrtps_cpp.hpp
[2.388s] -- Up-to-date: /home/gy/Omron_TM_ROS2/install/tm_msgs/include/tm_msgs/srv/detail/dds_fastrtps
[2.388s] -- Up-to-date: /home/gy/Omron_TM_ROS2/install/tm_msgs/include/tm_msgs/srv/detail/set_positions__rosidl_typesupport_fastrtps_cpp.hpp
[2.388s] -- Up-to-date: /home/gy/Omron_TM_ROS2/install/tm_msgs/include/tm_msgs/msg
[2.388s] -- Up-to-date: /home/gy/Omron_TM_ROS2/install/tm_msgs/include/tm_msgs/msg/detail
[2.388s] -- Up-to-date: /home/gy/Omron_TM_ROS2/install/tm_msgs/include/tm_msgs/msg/detail/sct_response__rosidl_typesupport_fastrtps_cpp.hpp
[2.389s] -- Up-to-date: /home/gy/Omron_TM_ROS2/install/tm_msgs/include/tm_msgs/msg/detail/svr_response__rosidl_typesupport_fastrtps_cpp.hpp
[2.389s] -- Up-to-date: /home/gy/Omron_TM_ROS2/install/tm_msgs/include/tm_msgs/msg/detail/sta_response__rosidl_typesupport_fastrtps_cpp.hpp
[2.389s] -- Up-to-date: /home/gy/Omron_TM_ROS2/install/tm_msgs/include/tm_msgs/msg/detail/feedback_state__rosidl_typesupport_fastrtps_cpp.hpp
[2.389s] -- Up-to-date: /home/gy/Omron_TM_ROS2/install/tm_msgs/include/tm_msgs/msg/detail/dds_fastrtps
[2.389s] -- Up-to-date: /home/gy/Omron_TM_ROS2/install/tm_msgs/include/tm_msgs/msg/rosidl_typesupport_fastrtps_cpp__visibility_control.h
[2.389s] -- Up-to-date: /home/gy/Omron_TM_ROS2/install/tm_msgs/lib/libtm_msgs__rosidl_typesupport_fastrtps_cpp.so
[2.389s] -- Up-to-date: /home/gy/Omron_TM_ROS2/install/tm_msgs/include/tm_msgs
[2.389s] -- Up-to-date: /home/gy/Omron_TM_ROS2/install/tm_msgs/include/tm_msgs/srv
[2.390s] -- Up-to-date: /home/gy/Omron_TM_ROS2/install/tm_msgs/include/tm_msgs/srv/detail
[2.390s] -- Up-to-date: /home/gy/Omron_TM_ROS2/install/tm_msgs/include/tm_msgs/srv/detail/write_item__type_support.c
[2.390s] -- Up-to-date: /home/gy/Omron_TM_ROS2/install/tm_msgs/include/tm_msgs/srv/detail/ask_item__rosidl_typesupport_introspection_c.h
[2.390s] -- Up-to-date: /home/gy/Omron_TM_ROS2/install/tm_msgs/include/tm_msgs/srv/detail/set_io__rosidl_typesupport_introspection_c.h
[2.390s] -- Up-to-date: /home/gy/Omron_TM_ROS2/install/tm_msgs/include/tm_msgs/srv/detail/send_script__type_support.c
[2.393s] -- Up-to-date: /home/gy/Omron_TM_ROS2/install/tm_msgs/include/tm_msgs/srv/detail/ask_sta__rosidl_typesupport_introspection_c.h
[2.394s] -- Up-to-date: /home/gy/Omron_TM_ROS2/install/tm_msgs/include/tm_msgs/srv/detail/ask_item__type_support.c
[2.394s] -- Up-to-date: /home/gy/Omron_TM_ROS2/install/tm_msgs/include/tm_msgs/srv/detail/set_positions__type_support.c
[2.394s] -- Up-to-date: /home/gy/Omron_TM_ROS2/install/tm_msgs/include/tm_msgs/srv/detail/send_script__rosidl_typesupport_introspection_c.h
[2.394s] -- Up-to-date: /home/gy/Omron_TM_ROS2/install/tm_msgs/include/tm_msgs/srv/detail/set_positions__rosidl_typesupport_introspection_c.h
[2.394s] -- Up-to-date: /home/gy/Omron_TM_ROS2/install/tm_msgs/include/tm_msgs/srv/detail/connect_tm__type_support.c
[2.394s] -- Up-to-date: /home/gy/Omron_TM_ROS2/install/tm_msgs/include/tm_msgs/srv/detail/connect_tm__rosidl_typesupport_introspection_c.h
[2.394s] -- Up-to-date: /home/gy/Omron_TM_ROS2/install/tm_msgs/include/tm_msgs/srv/detail/set_event__type_support.c
[2.394s] -- Up-to-date: /home/gy/Omron_TM_ROS2/install/tm_msgs/include/tm_msgs/srv/detail/write_item__rosidl_typesupport_introspection_c.h
[2.395s] -- Up-to-date: /home/gy/Omron_TM_ROS2/install/tm_msgs/include/tm_msgs/srv/detail/ask_sta__type_support.c
[2.395s] -- Up-to-date: /home/gy/Omron_TM_ROS2/install/tm_msgs/include/tm_msgs/srv/detail/set_io__type_support.c
[2.395s] -- Up-to-date: /home/gy/Omron_TM_ROS2/install/tm_msgs/include/tm_msgs/srv/detail/set_event__rosidl_typesupport_introspection_c.h
[2.395s] -- Up-to-date: /home/gy/Omron_TM_ROS2/install/tm_msgs/include/tm_msgs/msg
[2.395s] -- Up-to-date: /home/gy/Omron_TM_ROS2/install/tm_msgs/include/tm_msgs/msg/detail
[2.395s] -- Up-to-date: /home/gy/Omron_TM_ROS2/install/tm_msgs/include/tm_msgs/msg/detail/sct_response__type_support.c
[2.395s] -- Up-to-date: /home/gy/Omron_TM_ROS2/install/tm_msgs/include/tm_msgs/msg/detail/feedback_state__rosidl_typesupport_introspection_c.h
[2.395s] -- Up-to-date: /home/gy/Omron_TM_ROS2/install/tm_msgs/include/tm_msgs/msg/detail/svr_response__type_support.c
[2.396s] -- Up-to-date: /home/gy/Omron_TM_ROS2/install/tm_msgs/include/tm_msgs/msg/detail/sct_response__rosidl_typesupport_introspection_c.h
[2.396s] -- Up-to-date: /home/gy/Omron_TM_ROS2/install/tm_msgs/include/tm_msgs/msg/detail/sta_response__type_support.c
[2.413s] -- Up-to-date: /home/gy/Omron_TM_ROS2/install/tm_msgs/include/tm_msgs/msg/detail/svr_response__rosidl_typesupport_introspection_c.h
[2.413s] -- Up-to-date: /home/gy/Omron_TM_ROS2/install/tm_msgs/include/tm_msgs/msg/detail/feedback_state__type_support.c
[2.413s] -- Up-to-date: /home/gy/Omron_TM_ROS2/install/tm_msgs/include/tm_msgs/msg/detail/sta_response__rosidl_typesupport_introspection_c.h
[2.413s] -- Up-to-date: /home/gy/Omron_TM_ROS2/install/tm_msgs/include/tm_msgs/msg/rosidl_typesupport_introspection_c__visibility_control.h
[2.413s] -- Up-to-date: /home/gy/Omron_TM_ROS2/install/tm_msgs/lib/libtm_msgs__rosidl_typesupport_introspection_c.so
[2.413s] -- Up-to-date: /home/gy/Omron_TM_ROS2/install/tm_msgs/lib/libtm_msgs__rosidl_typesupport_c.so
[2.414s] -- Up-to-date: /home/gy/Omron_TM_ROS2/install/tm_msgs/include/tm_msgs
[2.414s] -- Up-to-date: /home/gy/Omron_TM_ROS2/install/tm_msgs/include/tm_msgs/srv
[2.414s] -- Up-to-date: /home/gy/Omron_TM_ROS2/install/tm_msgs/include/tm_msgs/srv/detail
[2.414s] -- Up-to-date: /home/gy/Omron_TM_ROS2/install/tm_msgs/include/tm_msgs/srv/detail/set_positions__struct.hpp
[2.414s] -- Up-to-date: /home/gy/Omron_TM_ROS2/install/tm_msgs/include/tm_msgs/srv/detail/set_positions__traits.hpp
[2.414s] -- Up-to-date: /home/gy/Omron_TM_ROS2/install/tm_msgs/include/tm_msgs/srv/detail/send_script__builder.hpp
[2.414s] -- Up-to-date: /home/gy/Omron_TM_ROS2/install/tm_msgs/include/tm_msgs/srv/detail/connect_tm__struct.hpp
[2.415s] -- Up-to-date: /home/gy/Omron_TM_ROS2/install/tm_msgs/include/tm_msgs/srv/detail/connect_tm__traits.hpp
[2.415s] -- Up-to-date: /home/gy/Omron_TM_ROS2/install/tm_msgs/include/tm_msgs/srv/detail/ask_sta__struct.hpp
[2.415s] -- Up-to-date: /home/gy/Omron_TM_ROS2/install/tm_msgs/include/tm_msgs/srv/detail/write_item__builder.hpp
[2.415s] -- Up-to-date: /home/gy/Omron_TM_ROS2/install/tm_msgs/include/tm_msgs/srv/detail/send_script__struct.hpp
[2.415s] -- Up-to-date: /home/gy/Omron_TM_ROS2/install/tm_msgs/include/tm_msgs/srv/detail/send_script__traits.hpp
[2.415s] -- Up-to-date: /home/gy/Omron_TM_ROS2/install/tm_msgs/include/tm_msgs/srv/detail/write_item__traits.hpp
[2.415s] -- Up-to-date: /home/gy/Omron_TM_ROS2/install/tm_msgs/include/tm_msgs/srv/detail/ask_sta__builder.hpp
[2.415s] -- Up-to-date: /home/gy/Omron_TM_ROS2/install/tm_msgs/include/tm_msgs/srv/detail/set_positions__builder.hpp
[2.416s] -- Up-to-date: /home/gy/Omron_TM_ROS2/install/tm_msgs/include/tm_msgs/srv/detail/connect_tm__builder.hpp
[2.416s] -- Up-to-date: /home/gy/Omron_TM_ROS2/install/tm_msgs/include/tm_msgs/srv/detail/set_io__builder.hpp
[2.416s] -- Up-to-date: /home/gy/Omron_TM_ROS2/install/tm_msgs/include/tm_msgs/srv/detail/ask_item__struct.hpp
[2.416s] -- Up-to-date: /home/gy/Omron_TM_ROS2/install/tm_msgs/include/tm_msgs/srv/detail/set_io__traits.hpp
[2.424s] -- Up-to-date: /home/gy/Omron_TM_ROS2/install/tm_msgs/include/tm_msgs/srv/detail/ask_item__builder.hpp
[2.424s] -- Up-to-date: /home/gy/Omron_TM_ROS2/install/tm_msgs/include/tm_msgs/srv/detail/write_item__struct.hpp
[2.425s] -- Up-to-date: /home/gy/Omron_TM_ROS2/install/tm_msgs/include/tm_msgs/srv/detail/set_event__struct.hpp
[2.425s] -- Up-to-date: /home/gy/Omron_TM_ROS2/install/tm_msgs/include/tm_msgs/srv/detail/set_event__builder.hpp
[2.425s] -- Up-to-date: /home/gy/Omron_TM_ROS2/install/tm_msgs/include/tm_msgs/srv/detail/set_event__traits.hpp
[2.425s] -- Up-to-date: /home/gy/Omron_TM_ROS2/install/tm_msgs/include/tm_msgs/srv/detail/set_io__struct.hpp
[2.425s] -- Up-to-date: /home/gy/Omron_TM_ROS2/install/tm_msgs/include/tm_msgs/srv/detail/ask_sta__traits.hpp
[2.425s] -- Up-to-date: /home/gy/Omron_TM_ROS2/install/tm_msgs/include/tm_msgs/srv/detail/ask_item__traits.hpp
[2.425s] -- Up-to-date: /home/gy/Omron_TM_ROS2/install/tm_msgs/include/tm_msgs/srv/ask_item.hpp
[2.425s] -- Up-to-date: /home/gy/Omron_TM_ROS2/install/tm_msgs/include/tm_msgs/srv/write_item.hpp
[2.426s] -- Up-to-date: /home/gy/Omron_TM_ROS2/install/tm_msgs/include/tm_msgs/srv/send_script.hpp
[2.426s] -- Up-to-date: /home/gy/Omron_TM_ROS2/install/tm_msgs/include/tm_msgs/srv/set_io.hpp
[2.426s] -- Up-to-date: /home/gy/Omron_TM_ROS2/install/tm_msgs/include/tm_msgs/srv/connect_tm.hpp
[2.426s] -- Up-to-date: /home/gy/Omron_TM_ROS2/install/tm_msgs/include/tm_msgs/srv/set_event.hpp
[2.426s] -- Up-to-date: /home/gy/Omron_TM_ROS2/install/tm_msgs/include/tm_msgs/srv/set_positions.hpp
[2.426s] -- Up-to-date: /home/gy/Omron_TM_ROS2/install/tm_msgs/include/tm_msgs/srv/ask_sta.hpp
[2.426s] -- Up-to-date: /home/gy/Omron_TM_ROS2/install/tm_msgs/include/tm_msgs/msg
[2.426s] -- Up-to-date: /home/gy/Omron_TM_ROS2/install/tm_msgs/include/tm_msgs/msg/detail
[2.427s] -- Up-to-date: /home/gy/Omron_TM_ROS2/install/tm_msgs/include/tm_msgs/msg/detail/sct_response__traits.hpp
[2.427s] -- Up-to-date: /home/gy/Omron_TM_ROS2/install/tm_msgs/include/tm_msgs/msg/detail/svr_response__traits.hpp
[2.427s] -- Up-to-date: /home/gy/Omron_TM_ROS2/install/tm_msgs/include/tm_msgs/msg/detail/feedback_state__builder.hpp
[2.427s] -- Up-to-date: /home/gy/Omron_TM_ROS2/install/tm_msgs/include/tm_msgs/msg/detail/sta_response__builder.hpp
[2.427s] -- Up-to-date: /home/gy/Omron_TM_ROS2/install/tm_msgs/include/tm_msgs/msg/detail/feedback_state__struct.hpp
[2.427s] -- Up-to-date: /home/gy/Omron_TM_ROS2/install/tm_msgs/include/tm_msgs/msg/detail/sct_response__struct.hpp
[2.427s] -- Up-to-date: /home/gy/Omron_TM_ROS2/install/tm_msgs/include/tm_msgs/msg/detail/sct_response__builder.hpp
[2.428s] -- Up-to-date: /home/gy/Omron_TM_ROS2/install/tm_msgs/include/tm_msgs/msg/detail/feedback_state__traits.hpp
[2.428s] -- Up-to-date: /home/gy/Omron_TM_ROS2/install/tm_msgs/include/tm_msgs/msg/detail/sta_response__struct.hpp
[2.428s] -- Up-to-date: /home/gy/Omron_TM_ROS2/install/tm_msgs/include/tm_msgs/msg/detail/svr_response__struct.hpp
[2.428s] -- Up-to-date: /home/gy/Omron_TM_ROS2/install/tm_msgs/include/tm_msgs/msg/detail/svr_response__builder.hpp
[2.441s] -- Up-to-date: /home/gy/Omron_TM_ROS2/install/tm_msgs/include/tm_msgs/msg/detail/sta_response__traits.hpp
[2.442s] -- Up-to-date: /home/gy/Omron_TM_ROS2/install/tm_msgs/include/tm_msgs/msg/svr_response.hpp
[2.442s] -- Up-to-date: /home/gy/Omron_TM_ROS2/install/tm_msgs/include/tm_msgs/msg/sta_response.hpp
[2.442s] -- Up-to-date: /home/gy/Omron_TM_ROS2/install/tm_msgs/include/tm_msgs/msg/sct_response.hpp
[2.442s] -- Up-to-date: /home/gy/Omron_TM_ROS2/install/tm_msgs/include/tm_msgs/msg/feedback_state.hpp
[2.442s] -- Up-to-date: /home/gy/Omron_TM_ROS2/install/tm_msgs/include/tm_msgs
[2.443s] -- Up-to-date: /home/gy/Omron_TM_ROS2/install/tm_msgs/include/tm_msgs/srv
[2.443s] -- Up-to-date: /home/gy/Omron_TM_ROS2/install/tm_msgs/include/tm_msgs/srv/detail
[2.443s] -- Up-to-date: /home/gy/Omron_TM_ROS2/install/tm_msgs/include/tm_msgs/srv/detail/send_script__type_support.cpp
[2.443s] -- Up-to-date: /home/gy/Omron_TM_ROS2/install/tm_msgs/include/tm_msgs/srv/detail/set_positions__type_support.cpp
[2.443s] -- Up-to-date: /home/gy/Omron_TM_ROS2/install/tm_msgs/include/tm_msgs/srv/detail/connect_tm__rosidl_typesupport_introspection_cpp.hpp
[2.444s] -- Up-to-date: /home/gy/Omron_TM_ROS2/install/tm_msgs/include/tm_msgs/srv/detail/set_event__rosidl_typesupport_introspection_cpp.hpp
[2.444s] -- Up-to-date: /home/gy/Omron_TM_ROS2/install/tm_msgs/include/tm_msgs/srv/detail/write_item__type_support.cpp
[2.444s] -- Up-to-date: /home/gy/Omron_TM_ROS2/install/tm_msgs/include/tm_msgs/srv/detail/send_script__rosidl_typesupport_introspection_cpp.hpp
[2.444s] -- Up-to-date: /home/gy/Omron_TM_ROS2/install/tm_msgs/include/tm_msgs/srv/detail/ask_item__type_support.cpp
[2.444s] -- Up-to-date: /home/gy/Omron_TM_ROS2/install/tm_msgs/include/tm_msgs/srv/detail/set_io__type_support.cpp
[2.444s] -- Up-to-date: /home/gy/Omron_TM_ROS2/install/tm_msgs/include/tm_msgs/srv/detail/write_item__rosidl_typesupport_introspection_cpp.hpp
[2.448s] -- Up-to-date: /home/gy/Omron_TM_ROS2/install/tm_msgs/include/tm_msgs/srv/detail/set_positions__rosidl_typesupport_introspection_cpp.hpp
[2.449s] -- Up-to-date: /home/gy/Omron_TM_ROS2/install/tm_msgs/include/tm_msgs/srv/detail/set_event__type_support.cpp
[2.449s] -- Up-to-date: /home/gy/Omron_TM_ROS2/install/tm_msgs/include/tm_msgs/srv/detail/ask_sta__rosidl_typesupport_introspection_cpp.hpp
[2.449s] -- Up-to-date: /home/gy/Omron_TM_ROS2/install/tm_msgs/include/tm_msgs/srv/detail/ask_item__rosidl_typesupport_introspection_cpp.hpp
[2.449s] -- Up-to-date: /home/gy/Omron_TM_ROS2/install/tm_msgs/include/tm_msgs/srv/detail/ask_sta__type_support.cpp
[2.450s] -- Up-to-date: /home/gy/Omron_TM_ROS2/install/tm_msgs/include/tm_msgs/srv/detail/set_io__rosidl_typesupport_introspection_cpp.hpp
[2.450s] -- Up-to-date: /home/gy/Omron_TM_ROS2/install/tm_msgs/include/tm_msgs/srv/detail/connect_tm__type_support.cpp
[2.450s] -- Up-to-date: /home/gy/Omron_TM_ROS2/install/tm_msgs/include/tm_msgs/msg
[2.450s] -- Up-to-date: /home/gy/Omron_TM_ROS2/install/tm_msgs/include/tm_msgs/msg/detail
[2.450s] -- Up-to-date: /home/gy/Omron_TM_ROS2/install/tm_msgs/include/tm_msgs/msg/detail/feedback_state__rosidl_typesupport_introspection_cpp.hpp
[2.450s] -- Up-to-date: /home/gy/Omron_TM_ROS2/install/tm_msgs/include/tm_msgs/msg/detail/sct_response__type_support.cpp
[2.450s] -- Up-to-date: /home/gy/Omron_TM_ROS2/install/tm_msgs/include/tm_msgs/msg/detail/feedback_state__type_support.cpp
[2.451s] -- Up-to-date: /home/gy/Omron_TM_ROS2/install/tm_msgs/include/tm_msgs/msg/detail/sta_response__rosidl_typesupport_introspection_cpp.hpp
[2.451s] -- Up-to-date: /home/gy/Omron_TM_ROS2/install/tm_msgs/include/tm_msgs/msg/detail/sct_response__rosidl_typesupport_introspection_cpp.hpp
[2.451s] -- Up-to-date: /home/gy/Omron_TM_ROS2/install/tm_msgs/include/tm_msgs/msg/detail/svr_response__type_support.cpp
[2.451s] -- Up-to-date: /home/gy/Omron_TM_ROS2/install/tm_msgs/include/tm_msgs/msg/detail/svr_response__rosidl_typesupport_introspection_cpp.hpp
[2.451s] -- Up-to-date: /home/gy/Omron_TM_ROS2/install/tm_msgs/include/tm_msgs/msg/detail/sta_response__type_support.cpp
[2.451s] -- Up-to-date: /home/gy/Omron_TM_ROS2/install/tm_msgs/lib/libtm_msgs__rosidl_typesupport_introspection_cpp.so
[2.451s] -- Up-to-date: /home/gy/Omron_TM_ROS2/install/tm_msgs/lib/libtm_msgs__rosidl_typesupport_cpp.so
[2.452s] -- Up-to-date: /home/gy/Omron_TM_ROS2/install/tm_msgs/share/tm_msgs/environment/pythonpath.sh
[2.452s] -- Up-to-date: /home/gy/Omron_TM_ROS2/install/tm_msgs/share/tm_msgs/environment/pythonpath.dsv
[2.452s] -- Up-to-date: /home/gy/Omron_TM_ROS2/install/tm_msgs/lib/python3.8/site-packages/tm_msgs/__init__.py
[2.481s] -- Up-to-date: /home/gy/Omron_TM_ROS2/install/tm_msgs/lib/python3.8/site-packages/tm_msgs/msg
[2.481s] -- Up-to-date: /home/gy/Omron_TM_ROS2/install/tm_msgs/lib/python3.8/site-packages/tm_msgs/msg/_sct_response_s.c
[2.481s] -- Up-to-date: /home/gy/Omron_TM_ROS2/install/tm_msgs/lib/python3.8/site-packages/tm_msgs/msg/_sct_response.py
[2.481s] -- Up-to-date: /home/gy/Omron_TM_ROS2/install/tm_msgs/lib/python3.8/site-packages/tm_msgs/msg/_svr_response_s.c
[2.481s] -- Up-to-date: /home/gy/Omron_TM_ROS2/install/tm_msgs/lib/python3.8/site-packages/tm_msgs/msg/_feedback_state.py
[2.481s] -- Up-to-date: /home/gy/Omron_TM_ROS2/install/tm_msgs/lib/python3.8/site-packages/tm_msgs/msg/_feedback_state_s.c
[2.482s] -- Up-to-date: /home/gy/Omron_TM_ROS2/install/tm_msgs/lib/python3.8/site-packages/tm_msgs/msg/__init__.py
[2.482s] -- Up-to-date: /home/gy/Omron_TM_ROS2/install/tm_msgs/lib/python3.8/site-packages/tm_msgs/msg/_sta_response.py
[2.482s] -- Up-to-date: /home/gy/Omron_TM_ROS2/install/tm_msgs/lib/python3.8/site-packages/tm_msgs/msg/_svr_response.py
[2.482s] -- Up-to-date: /home/gy/Omron_TM_ROS2/install/tm_msgs/lib/python3.8/site-packages/tm_msgs/msg/_sta_response_s.c
[2.482s] -- Up-to-date: /home/gy/Omron_TM_ROS2/install/tm_msgs/lib/python3.8/site-packages/tm_msgs/srv
[2.483s] -- Up-to-date: /home/gy/Omron_TM_ROS2/install/tm_msgs/lib/python3.8/site-packages/tm_msgs/srv/_write_item_s.c
[2.483s] -- Up-to-date: /home/gy/Omron_TM_ROS2/install/tm_msgs/lib/python3.8/site-packages/tm_msgs/srv/_set_event.py
[2.483s] -- Up-to-date: /home/gy/Omron_TM_ROS2/install/tm_msgs/lib/python3.8/site-packages/tm_msgs/srv/_write_item.py
[2.483s] -- Up-to-date: /home/gy/Omron_TM_ROS2/install/tm_msgs/lib/python3.8/site-packages/tm_msgs/srv/_connect_tm.py
[2.483s] -- Up-to-date: /home/gy/Omron_TM_ROS2/install/tm_msgs/lib/python3.8/site-packages/tm_msgs/srv/_send_script_s.c
[2.483s] -- Up-to-date: /home/gy/Omron_TM_ROS2/install/tm_msgs/lib/python3.8/site-packages/tm_msgs/srv/_set_event_s.c
[2.483s] -- Up-to-date: /home/gy/Omron_TM_ROS2/install/tm_msgs/lib/python3.8/site-packages/tm_msgs/srv/_set_positions.py
[2.483s] -- Up-to-date: /home/gy/Omron_TM_ROS2/install/tm_msgs/lib/python3.8/site-packages/tm_msgs/srv/__init__.py
[2.484s] -- Up-to-date: /home/gy/Omron_TM_ROS2/install/tm_msgs/lib/python3.8/site-packages/tm_msgs/srv/_ask_item_s.c
[2.484s] -- Up-to-date: /home/gy/Omron_TM_ROS2/install/tm_msgs/lib/python3.8/site-packages/tm_msgs/srv/_set_io.py
[2.484s] -- Up-to-date: /home/gy/Omron_TM_ROS2/install/tm_msgs/lib/python3.8/site-packages/tm_msgs/srv/_connect_tm_s.c
[2.484s] -- Up-to-date: /home/gy/Omron_TM_ROS2/install/tm_msgs/lib/python3.8/site-packages/tm_msgs/srv/_send_script.py
[2.484s] -- Up-to-date: /home/gy/Omron_TM_ROS2/install/tm_msgs/lib/python3.8/site-packages/tm_msgs/srv/_set_positions_s.c
[2.484s] -- Up-to-date: /home/gy/Omron_TM_ROS2/install/tm_msgs/lib/python3.8/site-packages/tm_msgs/srv/_set_io_s.c
[2.485s] -- Up-to-date: /home/gy/Omron_TM_ROS2/install/tm_msgs/lib/python3.8/site-packages/tm_msgs/srv/_ask_sta.py
[2.485s] -- Up-to-date: /home/gy/Omron_TM_ROS2/install/tm_msgs/lib/python3.8/site-packages/tm_msgs/srv/_ask_sta_s.c
[2.485s] -- Up-to-date: /home/gy/Omron_TM_ROS2/install/tm_msgs/lib/python3.8/site-packages/tm_msgs/srv/_ask_item.py
[2.486s] -- Up-to-date: /home/gy/Omron_TM_ROS2/install/tm_msgs/lib/python3.8/site-packages/tm_msgs/tm_msgs_s__rosidl_typesupport_fastrtps_c.cpython-38-x86_64-linux-gnu.so
[2.487s] -- Up-to-date: /home/gy/Omron_TM_ROS2/install/tm_msgs/lib/python3.8/site-packages/tm_msgs/tm_msgs_s__rosidl_typesupport_introspection_c.cpython-38-x86_64-linux-gnu.so
[2.488s] -- Up-to-date: /home/gy/Omron_TM_ROS2/install/tm_msgs/lib/python3.8/site-packages/tm_msgs/tm_msgs_s__rosidl_typesupport_c.cpython-38-x86_64-linux-gnu.so
[2.492s] -- Up-to-date: /home/gy/Omron_TM_ROS2/install/tm_msgs/lib/libtm_msgs__python.so
[2.492s] -- Up-to-date: /home/gy/Omron_TM_ROS2/install/tm_msgs/share/tm_msgs/msg/FeedbackState.idl
[2.492s] -- Up-to-date: /home/gy/Omron_TM_ROS2/install/tm_msgs/share/tm_msgs/msg/SvrResponse.idl
[2.493s] -- Up-to-date: /home/gy/Omron_TM_ROS2/install/tm_msgs/share/tm_msgs/msg/SctResponse.idl
[2.493s] -- Up-to-date: /home/gy/Omron_TM_ROS2/install/tm_msgs/share/tm_msgs/msg/StaResponse.idl
[2.493s] -- Up-to-date: /home/gy/Omron_TM_ROS2/install/tm_msgs/share/tm_msgs/srv/ConnectTM.idl
[2.493s] -- Up-to-date: /home/gy/Omron_TM_ROS2/install/tm_msgs/share/tm_msgs/srv/WriteItem.idl
[2.493s] -- Up-to-date: /home/gy/Omron_TM_ROS2/install/tm_msgs/share/tm_msgs/srv/AskItem.idl
[2.493s] -- Up-to-date: /home/gy/Omron_TM_ROS2/install/tm_msgs/share/tm_msgs/srv/SendScript.idl
[2.493s] -- Up-to-date: /home/gy/Omron_TM_ROS2/install/tm_msgs/share/tm_msgs/srv/SetEvent.idl
[2.493s] -- Up-to-date: /home/gy/Omron_TM_ROS2/install/tm_msgs/share/tm_msgs/srv/SetIO.idl
[2.494s] -- Up-to-date: /home/gy/Omron_TM_ROS2/install/tm_msgs/share/tm_msgs/srv/SetPositions.idl
[2.494s] -- Up-to-date: /home/gy/Omron_TM_ROS2/install/tm_msgs/share/tm_msgs/srv/AskSta.idl
[2.494s] -- Up-to-date: /home/gy/Omron_TM_ROS2/install/tm_msgs/share/tm_msgs/msg/FeedbackState.msg
[2.494s] -- Up-to-date: /home/gy/Omron_TM_ROS2/install/tm_msgs/share/tm_msgs/msg/SvrResponse.msg
[2.494s] -- Up-to-date: /home/gy/Omron_TM_ROS2/install/tm_msgs/share/tm_msgs/msg/SctResponse.msg
[2.494s] -- Up-to-date: /home/gy/Omron_TM_ROS2/install/tm_msgs/share/tm_msgs/msg/StaResponse.msg
[2.494s] -- Up-to-date: /home/gy/Omron_TM_ROS2/install/tm_msgs/share/tm_msgs/srv/ConnectTM.srv
[2.495s] -- Up-to-date: /home/gy/Omron_TM_ROS2/install/tm_msgs/share/tm_msgs/srv/ConnectTM_Request.msg
[2.495s] -- Up-to-date: /home/gy/Omron_TM_ROS2/install/tm_msgs/share/tm_msgs/srv/ConnectTM_Response.msg
[2.495s] -- Up-to-date: /home/gy/Omron_TM_ROS2/install/tm_msgs/share/tm_msgs/srv/WriteItem.srv
[2.495s] -- Up-to-date: /home/gy/Omron_TM_ROS2/install/tm_msgs/share/tm_msgs/srv/WriteItem_Request.msg
[2.495s] -- Up-to-date: /home/gy/Omron_TM_ROS2/install/tm_msgs/share/tm_msgs/srv/WriteItem_Response.msg
[2.495s] -- Up-to-date: /home/gy/Omron_TM_ROS2/install/tm_msgs/share/tm_msgs/srv/AskItem.srv
[2.496s] -- Up-to-date: /home/gy/Omron_TM_ROS2/install/tm_msgs/share/tm_msgs/srv/AskItem_Request.msg
[2.496s] -- Up-to-date: /home/gy/Omron_TM_ROS2/install/tm_msgs/share/tm_msgs/srv/AskItem_Response.msg
[2.496s] -- Up-to-date: /home/gy/Omron_TM_ROS2/install/tm_msgs/share/tm_msgs/srv/SendScript.srv
[2.496s] -- Up-to-date: /home/gy/Omron_TM_ROS2/install/tm_msgs/share/tm_msgs/srv/SendScript_Request.msg
[2.498s] -- Up-to-date: /home/gy/Omron_TM_ROS2/install/tm_msgs/share/tm_msgs/srv/SendScript_Response.msg
[2.498s] -- Up-to-date: /home/gy/Omron_TM_ROS2/install/tm_msgs/share/tm_msgs/srv/SetEvent.srv
[2.498s] -- Up-to-date: /home/gy/Omron_TM_ROS2/install/tm_msgs/share/tm_msgs/srv/SetEvent_Request.msg
[2.500s] -- Up-to-date: /home/gy/Omron_TM_ROS2/install/tm_msgs/share/tm_msgs/srv/SetEvent_Response.msg
[2.500s] -- Up-to-date: /home/gy/Omron_TM_ROS2/install/tm_msgs/share/tm_msgs/srv/SetIO.srv
[2.500s] -- Up-to-date: /home/gy/Omron_TM_ROS2/install/tm_msgs/share/tm_msgs/srv/SetIO_Request.msg
[2.500s] -- Up-to-date: /home/gy/Omron_TM_ROS2/install/tm_msgs/share/tm_msgs/srv/SetIO_Response.msg
[2.501s] -- Up-to-date: /home/gy/Omron_TM_ROS2/install/tm_msgs/share/tm_msgs/srv/SetPositions.srv
[2.501s] -- Up-to-date: /home/gy/Omron_TM_ROS2/install/tm_msgs/share/tm_msgs/srv/SetPositions_Request.msg
[2.501s] -- Up-to-date: /home/gy/Omron_TM_ROS2/install/tm_msgs/share/tm_msgs/srv/SetPositions_Response.msg
[2.501s] -- Up-to-date: /home/gy/Omron_TM_ROS2/install/tm_msgs/share/tm_msgs/srv/AskSta.srv
[2.501s] -- Up-to-date: /home/gy/Omron_TM_ROS2/install/tm_msgs/share/tm_msgs/srv/AskSta_Request.msg
[2.501s] -- Up-to-date: /home/gy/Omron_TM_ROS2/install/tm_msgs/share/tm_msgs/srv/AskSta_Response.msg
[2.501s] -- Up-to-date: /home/gy/Omron_TM_ROS2/install/tm_msgs/share/ament_index/resource_index/package_run_dependencies/tm_msgs
[2.502s] -- Up-to-date: /home/gy/Omron_TM_ROS2/install/tm_msgs/share/ament_index/resource_index/parent_prefix_path/tm_msgs
[2.502s] -- Up-to-date: /home/gy/Omron_TM_ROS2/install/tm_msgs/share/tm_msgs/environment/ament_prefix_path.sh
[2.502s] -- Up-to-date: /home/gy/Omron_TM_ROS2/install/tm_msgs/share/tm_msgs/environment/ament_prefix_path.dsv
[2.502s] -- Up-to-date: /home/gy/Omron_TM_ROS2/install/tm_msgs/share/tm_msgs/environment/path.sh
[2.502s] -- Up-to-date: /home/gy/Omron_TM_ROS2/install/tm_msgs/share/tm_msgs/environment/path.dsv
[2.502s] -- Up-to-date: /home/gy/Omron_TM_ROS2/install/tm_msgs/share/tm_msgs/local_setup.bash
[2.502s] -- Up-to-date: /home/gy/Omron_TM_ROS2/install/tm_msgs/share/tm_msgs/local_setup.sh
[2.503s] -- Up-to-date: /home/gy/Omron_TM_ROS2/install/tm_msgs/share/tm_msgs/local_setup.zsh
[2.503s] -- Up-to-date: /home/gy/Omron_TM_ROS2/install/tm_msgs/share/tm_msgs/local_setup.dsv
[2.503s] -- Installing: /home/gy/Omron_TM_ROS2/install/tm_msgs/share/tm_msgs/package.dsv
[2.503s] -- Up-to-date: /home/gy/Omron_TM_ROS2/install/tm_msgs/share/ament_index/resource_index/packages/tm_msgs
[2.506s] -- Up-to-date: /home/gy/Omron_TM_ROS2/install/tm_msgs/share/tm_msgs/cmake/tm_msgs__rosidl_generator_cExport.cmake
[2.506s] -- Up-to-date: /home/gy/Omron_TM_ROS2/install/tm_msgs/share/tm_msgs/cmake/tm_msgs__rosidl_generator_cExport-noconfig.cmake
[2.506s] -- Up-to-date: /home/gy/Omron_TM_ROS2/install/tm_msgs/share/tm_msgs/cmake/tm_msgs__rosidl_typesupport_introspection_cExport.cmake
[2.507s] -- Up-to-date: /home/gy/Omron_TM_ROS2/install/tm_msgs/share/tm_msgs/cmake/tm_msgs__rosidl_typesupport_introspection_cExport-noconfig.cmake
[2.508s] -- Up-to-date: /home/gy/Omron_TM_ROS2/install/tm_msgs/share/tm_msgs/cmake/tm_msgs__rosidl_typesupport_cExport.cmake
[2.508s] -- Up-to-date: /home/gy/Omron_TM_ROS2/install/tm_msgs/share/tm_msgs/cmake/tm_msgs__rosidl_typesupport_cExport-noconfig.cmake
[2.508s] -- Up-to-date: /home/gy/Omron_TM_ROS2/install/tm_msgs/share/tm_msgs/cmake/tm_msgs__rosidl_generator_cppExport.cmake
[2.509s] -- Up-to-date: /home/gy/Omron_TM_ROS2/install/tm_msgs/share/tm_msgs/cmake/tm_msgs__rosidl_typesupport_introspection_cppExport.cmake
[2.509s] -- Up-to-date: /home/gy/Omron_TM_ROS2/install/tm_msgs/share/tm_msgs/cmake/tm_msgs__rosidl_typesupport_introspection_cppExport-noconfig.cmake
[2.509s] -- Up-to-date: /home/gy/Omron_TM_ROS2/install/tm_msgs/share/tm_msgs/cmake/tm_msgs__rosidl_typesupport_cppExport.cmake
[2.509s] -- Up-to-date: /home/gy/Omron_TM_ROS2/install/tm_msgs/share/tm_msgs/cmake/tm_msgs__rosidl_typesupport_cppExport-noconfig.cmake
[2.509s] -- Up-to-date: /home/gy/Omron_TM_ROS2/install/tm_msgs/share/tm_msgs/cmake/rosidl_cmake-extras.cmake
[2.509s] -- Up-to-date: /home/gy/Omron_TM_ROS2/install/tm_msgs/share/tm_msgs/cmake/ament_cmake_export_dependencies-extras.cmake
[2.509s] -- Up-to-date: /home/gy/Omron_TM_ROS2/install/tm_msgs/share/tm_msgs/cmake/ament_cmake_export_libraries-extras.cmake
[2.510s] -- Up-to-date: /home/gy/Omron_TM_ROS2/install/tm_msgs/share/tm_msgs/cmake/ament_cmake_export_targets-extras.cmake
[2.510s] -- Up-to-date: /home/gy/Omron_TM_ROS2/install/tm_msgs/share/tm_msgs/cmake/ament_cmake_export_include_directories-extras.cmake
[2.513s] -- Up-to-date: /home/gy/Omron_TM_ROS2/install/tm_msgs/share/tm_msgs/cmake/rosidl_cmake_export_typesupport_libraries-extras.cmake
[2.513s] -- Up-to-date: /home/gy/Omron_TM_ROS2/install/tm_msgs/share/tm_msgs/cmake/rosidl_cmake_export_typesupport_targets-extras.cmake
[2.514s] -- Up-to-date: /home/gy/Omron_TM_ROS2/install/tm_msgs/share/tm_msgs/cmake/tm_msgsConfig.cmake
[2.514s] -- Up-to-date: /home/gy/Omron_TM_ROS2/install/tm_msgs/share/tm_msgs/cmake/tm_msgsConfig-version.cmake
[2.514s] -- Up-to-date: /home/gy/Omron_TM_ROS2/install/tm_msgs/share/tm_msgs/package.xml
[3.019s] Invoked command in '/home/gy/Omron_TM_ROS2/build/tm_msgs' returned '0': CMAKE_PREFIX_PATH=/home/gy/Omron_TM_ROS2/install/tmr_mod_urdf:/home/gy/Omron_TM_ROS2/install/tm_get_status:/home/gy/Omron_TM_ROS2/install/rviz_tm:/home/gy/Omron_TM_ROS2/install/pickplace:/opt/ros/foxy:${CMAKE_PREFIX_PATH} /usr/bin/cmake --install /home/gy/Omron_TM_ROS2/build/tm_msgs
