[0.084s] Invoking command in '/home/gy/tmr_ros2/build/custom_package': CMAKE_PREFIX_PATH=/home/gy/tmr_ros2/install/techman_robot_msgs:/home/gy/tmr_ros2/install/tmrlib:/home/gy/tmr_ros2/install/tmr_msgs:/home/gy/tmr_ros2/install/tmr_moveit_cpp_demo:/home/gy/tmr_ros2/install/tmr_description:/home/gy/tmr_ros2/install/tm_msgs:/home/gy/tmr_ros2/install/custom_package:/home/gy/tmr_ros2/install/tmr_mod_urdf:/home/gy/tmr_ros2/install/tm_get_status:/opt/ros/foxy LD_LIBRARY_PATH=/home/gy/tmr_ros2/install/techman_robot_msgs/lib:/home/gy/tmr_ros2/install/tmrlib/lib:/home/gy/tmr_ros2/install/tmr_msgs/lib:/home/gy/tmr_ros2/install/tm_msgs/lib:/opt/ros/foxy/opt/yaml_cpp_vendor/lib:/opt/ros/foxy/opt/rviz_ogre_vendor/lib:/opt/ros/foxy/lib/x86_64-linux-gnu:/opt/ros/foxy/lib PYTHONPATH=/home/gy/tmr_ros2/install/techman_robot_msgs/lib/python3.8/site-packages:/home/gy/tmr_ros2/install/tmr_msgs/lib/python3.8/site-packages:/home/gy/tmr_ros2/install/tmr_mod_urdf/lib/python3.8/site-packages:/home/gy/tmr_ros2/install/tm_msgs/lib/python3.8/site-packages:/home/gy/tmr_ros2/install/tm_get_status/lib/python3.8/site-packages:/opt/ros/foxy/lib/python3.8/site-packages /usr/bin/cmake --build /home/gy/tmr_ros2/build/custom_package -- -j3 -l3
[0.254s] [ 50%] Built target tm_send_command
[0.279s] [100%] Built target sub_img
[0.296s] Invoked command in '/home/gy/tmr_ros2/build/custom_package' returned '0': CMAKE_PREFIX_PATH=/home/gy/tmr_ros2/install/techman_robot_msgs:/home/gy/tmr_ros2/install/tmrlib:/home/gy/tmr_ros2/install/tmr_msgs:/home/gy/tmr_ros2/install/tmr_moveit_cpp_demo:/home/gy/tmr_ros2/install/tmr_description:/home/gy/tmr_ros2/install/tm_msgs:/home/gy/tmr_ros2/install/custom_package:/home/gy/tmr_ros2/install/tmr_mod_urdf:/home/gy/tmr_ros2/install/tm_get_status:/opt/ros/foxy LD_LIBRARY_PATH=/home/gy/tmr_ros2/install/techman_robot_msgs/lib:/home/gy/tmr_ros2/install/tmrlib/lib:/home/gy/tmr_ros2/install/tmr_msgs/lib:/home/gy/tmr_ros2/install/tm_msgs/lib:/opt/ros/foxy/opt/yaml_cpp_vendor/lib:/opt/ros/foxy/opt/rviz_ogre_vendor/lib:/opt/ros/foxy/lib/x86_64-linux-gnu:/opt/ros/foxy/lib PYTHONPATH=/home/gy/tmr_ros2/install/techman_robot_msgs/lib/python3.8/site-packages:/home/gy/tmr_ros2/install/tmr_msgs/lib/python3.8/site-packages:/home/gy/tmr_ros2/install/tmr_mod_urdf/lib/python3.8/site-packages:/home/gy/tmr_ros2/install/tm_msgs/lib/python3.8/site-packages:/home/gy/tmr_ros2/install/tm_get_status/lib/python3.8/site-packages:/opt/ros/foxy/lib/python3.8/site-packages /usr/bin/cmake --build /home/gy/tmr_ros2/build/custom_package -- -j3 -l3
[0.495s] Invoking command in '/home/gy/tmr_ros2/build/custom_package': CMAKE_PREFIX_PATH=/home/gy/tmr_ros2/install/techman_robot_msgs:/home/gy/tmr_ros2/install/tmrlib:/home/gy/tmr_ros2/install/tmr_msgs:/home/gy/tmr_ros2/install/tmr_moveit_cpp_demo:/home/gy/tmr_ros2/install/tmr_description:/home/gy/tmr_ros2/install/tm_msgs:/home/gy/tmr_ros2/install/custom_package:/home/gy/tmr_ros2/install/tmr_mod_urdf:/home/gy/tmr_ros2/install/tm_get_status:/opt/ros/foxy LD_LIBRARY_PATH=/home/gy/tmr_ros2/install/techman_robot_msgs/lib:/home/gy/tmr_ros2/install/tmrlib/lib:/home/gy/tmr_ros2/install/tmr_msgs/lib:/home/gy/tmr_ros2/install/tm_msgs/lib:/opt/ros/foxy/opt/yaml_cpp_vendor/lib:/opt/ros/foxy/opt/rviz_ogre_vendor/lib:/opt/ros/foxy/lib/x86_64-linux-gnu:/opt/ros/foxy/lib PYTHONPATH=/home/gy/tmr_ros2/install/techman_robot_msgs/lib/python3.8/site-packages:/home/gy/tmr_ros2/install/tmr_msgs/lib/python3.8/site-packages:/home/gy/tmr_ros2/install/tmr_mod_urdf/lib/python3.8/site-packages:/home/gy/tmr_ros2/install/tm_msgs/lib/python3.8/site-packages:/home/gy/tmr_ros2/install/tm_get_status/lib/python3.8/site-packages:/opt/ros/foxy/lib/python3.8/site-packages /usr/bin/cmake --install /home/gy/tmr_ros2/build/custom_package
[0.519s] -- Install configuration: ""
[0.520s] -- Up-to-date: /home/gy/tmr_ros2/install/custom_package/lib/custom_package/tm_send_command
[0.521s] -- Up-to-date: /home/gy/tmr_ros2/install/custom_package/lib/custom_package/sub_img
[0.523s] -- Up-to-date: /home/gy/tmr_ros2/install/custom_package/share/custom_package/image
[0.523s] -- Up-to-date: /home/gy/tmr_ros2/install/custom_package/share/custom_package/image/techman_robot.jpg
[0.524s] -- Up-to-date: /home/gy/tmr_ros2/install/custom_package/share/ament_index/resource_index/package_run_dependencies/custom_package
[0.524s] -- Up-to-date: /home/gy/tmr_ros2/install/custom_package/share/ament_index/resource_index/parent_prefix_path/custom_package
[0.524s] -- Up-to-date: /home/gy/tmr_ros2/install/custom_package/share/custom_package/environment/ament_prefix_path.sh
[0.524s] -- Up-to-date: /home/gy/tmr_ros2/install/custom_package/share/custom_package/environment/ament_prefix_path.dsv
[0.526s] -- Up-to-date: /home/gy/tmr_ros2/install/custom_package/share/custom_package/environment/path.sh
[0.527s] -- Up-to-date: /home/gy/tmr_ros2/install/custom_package/share/custom_package/environment/path.dsv
[0.527s] -- Up-to-date: /home/gy/tmr_ros2/install/custom_package/share/custom_package/local_setup.bash
[0.528s] -- Up-to-date: /home/gy/tmr_ros2/install/custom_package/share/custom_package/local_setup.sh
[0.528s] -- Up-to-date: /home/gy/tmr_ros2/install/custom_package/share/custom_package/local_setup.zsh
[0.528s] -- Up-to-date: /home/gy/tmr_ros2/install/custom_package/share/custom_package/local_setup.dsv
[0.528s] -- Installing: /home/gy/tmr_ros2/install/custom_package/share/custom_package/package.dsv
[0.528s] -- Up-to-date: /home/gy/tmr_ros2/install/custom_package/share/ament_index/resource_index/packages/custom_package
[0.529s] -- Up-to-date: /home/gy/tmr_ros2/install/custom_package/share/custom_package/cmake/custom_packageConfig.cmake
[0.535s] -- Up-to-date: /home/gy/tmr_ros2/install/custom_package/share/custom_package/cmake/custom_packageConfig-version.cmake
[0.535s] -- Up-to-date: /home/gy/tmr_ros2/install/custom_package/share/custom_package/package.xml
[0.543s] Invoked command in '/home/gy/tmr_ros2/build/custom_package' returned '0': CMAKE_PREFIX_PATH=/home/gy/tmr_ros2/install/techman_robot_msgs:/home/gy/tmr_ros2/install/tmrlib:/home/gy/tmr_ros2/install/tmr_msgs:/home/gy/tmr_ros2/install/tmr_moveit_cpp_demo:/home/gy/tmr_ros2/install/tmr_description:/home/gy/tmr_ros2/install/tm_msgs:/home/gy/tmr_ros2/install/custom_package:/home/gy/tmr_ros2/install/tmr_mod_urdf:/home/gy/tmr_ros2/install/tm_get_status:/opt/ros/foxy LD_LIBRARY_PATH=/home/gy/tmr_ros2/install/techman_robot_msgs/lib:/home/gy/tmr_ros2/install/tmrlib/lib:/home/gy/tmr_ros2/install/tmr_msgs/lib:/home/gy/tmr_ros2/install/tm_msgs/lib:/opt/ros/foxy/opt/yaml_cpp_vendor/lib:/opt/ros/foxy/opt/rviz_ogre_vendor/lib:/opt/ros/foxy/lib/x86_64-linux-gnu:/opt/ros/foxy/lib PYTHONPATH=/home/gy/tmr_ros2/install/techman_robot_msgs/lib/python3.8/site-packages:/home/gy/tmr_ros2/install/tmr_msgs/lib/python3.8/site-packages:/home/gy/tmr_ros2/install/tmr_mod_urdf/lib/python3.8/site-packages:/home/gy/tmr_ros2/install/tm_msgs/lib/python3.8/site-packages:/home/gy/tmr_ros2/install/tm_get_status/lib/python3.8/site-packages:/opt/ros/foxy/lib/python3.8/site-packages /usr/bin/cmake --install /home/gy/tmr_ros2/build/custom_package
