[0.203s] Invoking command in '/home/gy/tmr_ros2/build/techman_robot_msgs': CMAKE_PREFIX_PATH=${CMAKE_PREFIX_PATH}:/home/gy/tmdriver_ws/install/tmr_mod_urdf:/home/gy/tmdriver_ws/install/tm_get_status:/opt/ros/foxy /usr/bin/cmake /home/gy/tmr_ros2/techman_robot_msgs -DCMAKE_INSTALL_PREFIX=/home/gy/tmr_ros2/install/techman_robot_msgs
[2.736s] -- The C compiler identification is GNU 9.3.0
[4.111s] -- The CXX compiler identification is GNU 9.3.0
[4.215s] -- Check for working C compiler: /usr/bin/cc
[4.504s] -- Check for working C compiler: /usr/bin/cc -- works
[4.507s] -- Detecting C compiler ABI info
[4.669s] -- Detecting C compiler ABI info - done
[4.738s] -- Detecting C compile features
[4.738s] -- Detecting C compile features - done
[4.752s] -- Check for working CXX compiler: /usr/bin/c++
[4.949s] -- Check for working CXX compiler: /usr/bin/c++ -- works
[4.951s] -- Detecting CXX compiler ABI info
[5.141s] -- Detecting CXX compiler ABI info - done
[5.180s] -- Detecting CXX compile features
[5.182s] -- Detecting CXX compile features - done
[5.196s] -- Found ament_cmake: 0.9.8 (/opt/ros/foxy/share/ament_cmake/cmake)
[5.431s] -- Found PythonInterp: /usr/bin/python3 (found suitable version "3.8.5", minimum required is "3") 
[5.432s] -- Using PYTHON_EXECUTABLE: /usr/bin/python3
[6.175s] -- Found rosidl_default_generators: 1.0.0 (/opt/ros/foxy/share/rosidl_default_generators/cmake)
[6.217s] -- Using all available rosidl_typesupport_c: rosidl_typesupport_fastrtps_c;rosidl_typesupport_introspection_c
[6.467s] -- Found rosidl_adapter: 1.2.0 (/opt/ros/foxy/share/rosidl_adapter/cmake)
[7.840s] -- Found OpenSSL: /usr/lib/x86_64-linux-gnu/libcrypto.so (found version "1.1.1f")  
[7.956s] -- Found FastRTPS: /opt/ros/foxy/include  
[8.319s] -- Using all available rosidl_typesupport_cpp: rosidl_typesupport_fastrtps_cpp;rosidl_typesupport_introspection_cpp
[8.538s] -- Found action_msgs: 1.0.0 (/opt/ros/foxy/share/action_msgs/cmake)
[8.848s] -- Found std_msgs: 2.0.3 (/opt/ros/foxy/share/std_msgs/cmake)
[8.961s] -- Found geometry_msgs: 2.0.3 (/opt/ros/foxy/share/geometry_msgs/cmake)
[9.147s] -- Found PythonInterp: /usr/bin/python3 (found version "3.8.5") 
[9.561s] -- Found ament_cmake_ros: 0.9.1 (/opt/ros/foxy/share/ament_cmake_ros/cmake)
[9.936s] -- Using all available rosidl_typesupport_c: rosidl_typesupport_fastrtps_c;rosidl_typesupport_introspection_c
[10.021s] -- Using all available rosidl_typesupport_cpp: rosidl_typesupport_fastrtps_cpp;rosidl_typesupport_introspection_cpp
[10.097s] -- Found PythonInterp: /usr/bin/python3 (found suitable version "3.8.5", minimum required is "3.5") 
[10.158s] -- Found python_cmake_module: 0.8.0 (/opt/ros/foxy/share/python_cmake_module/cmake)
[10.353s] -- Found PythonLibs: /usr/lib/x86_64-linux-gnu/libpython3.8.so (found suitable version "3.8.5", minimum required is "3.5") 
[10.364s] -- Using PYTHON_EXECUTABLE: /usr/bin/python3
[10.365s] -- Using PYTHON_INCLUDE_DIRS: /usr/include/python3.8
[10.365s] -- Using PYTHON_LIBRARIES: /usr/lib/x86_64-linux-gnu/libpython3.8.so
[10.439s] -- Found PythonExtra: .so  
[10.854s] -- Configuring done
[11.044s] -- Generating done
[11.054s] -- Build files have been written to: /home/gy/tmr_ros2/build/techman_robot_msgs
[11.069s] Invoked command in '/home/gy/tmr_ros2/build/techman_robot_msgs' returned '0': CMAKE_PREFIX_PATH=${CMAKE_PREFIX_PATH}:/home/gy/tmdriver_ws/install/tmr_mod_urdf:/home/gy/tmdriver_ws/install/tm_get_status:/opt/ros/foxy /usr/bin/cmake /home/gy/tmr_ros2/techman_robot_msgs -DCMAKE_INSTALL_PREFIX=/home/gy/tmr_ros2/install/techman_robot_msgs
[11.073s] Invoking command in '/home/gy/tmr_ros2/build/techman_robot_msgs': CMAKE_PREFIX_PATH=${CMAKE_PREFIX_PATH}:/home/gy/tmdriver_ws/install/tmr_mod_urdf:/home/gy/tmdriver_ws/install/tm_get_status:/opt/ros/foxy /usr/bin/cmake --build /home/gy/tmr_ros2/build/techman_robot_msgs -- -j3 -l3
[11.271s] [  3%] [34m[1mGenerating C code for ROS interfaces[0m
[11.293s] [35m[1mScanning dependencies of target techman_robot_msgs__cpp[0m
[11.348s] [  6%] [34m[1mGenerating C++ code for ROS interfaces[0m
[13.404s] [35m[1mScanning dependencies of target techman_robot_msgs__rosidl_generator_c[0m
[13.545s] [  9%] [32mBuilding C object CMakeFiles/techman_robot_msgs__rosidl_generator_c.dir/rosidl_generator_c/techman_robot_msgs/srv/detail/techman_robot_command__functions.c.o[0m
[13.714s] [  9%] Built target techman_robot_msgs__cpp
[13.763s] [ 12%] [34m[1mGenerating C++ type support for eProsima Fast-RTPS[0m
[13.793s] [ 16%] [34m[1mGenerating C++ introspection for ROS interfaces[0m
[14.258s] [ 19%] [32m[1mLinking C shared library libtechman_robot_msgs__rosidl_generator_c.so[0m
[14.445s] [ 19%] Built target techman_robot_msgs__rosidl_generator_c
[14.525s] [ 22%] [34m[1mGenerating C++ type support dispatch for ROS interfaces[0m
[15.511s] [35m[1mScanning dependencies of target techman_robot_msgs__rosidl_typesupport_introspection_cpp[0m
[15.523s] [35m[1mScanning dependencies of target techman_robot_msgs__rosidl_typesupport_fastrtps_cpp[0m
[15.803s] [ 25%] [32mBuilding CXX object CMakeFiles/techman_robot_msgs__rosidl_typesupport_introspection_cpp.dir/rosidl_typesupport_introspection_cpp/techman_robot_msgs/srv/detail/techman_robot_command__type_support.cpp.o[0m
[15.914s] [ 29%] [32mBuilding CXX object CMakeFiles/techman_robot_msgs__rosidl_typesupport_fastrtps_cpp.dir/rosidl_typesupport_fastrtps_cpp/techman_robot_msgs/srv/detail/dds_fastrtps/techman_robot_command__type_support.cpp.o[0m
[15.925s] [35m[1mScanning dependencies of target techman_robot_msgs__rosidl_typesupport_cpp[0m
[16.123s] [ 32%] [32mBuilding CXX object CMakeFiles/techman_robot_msgs__rosidl_typesupport_cpp.dir/rosidl_typesupport_cpp/techman_robot_msgs/srv/techman_robot_command__type_support.cpp.o[0m
[18.207s] [ 35%] [32m[1mLinking CXX shared library libtechman_robot_msgs__rosidl_typesupport_introspection_cpp.so[0m
[18.209s] [ 38%] [32m[1mLinking CXX shared library libtechman_robot_msgs__rosidl_typesupport_cpp.so[0m
[18.537s] [ 38%] Built target techman_robot_msgs__rosidl_typesupport_cpp
[18.588s] [ 41%] [34m[1mGenerating C type support dispatch for ROS interfaces[0m
[18.741s] [ 41%] Built target techman_robot_msgs__rosidl_typesupport_introspection_cpp
[19.264s] [ 45%] [32m[1mLinking CXX shared library libtechman_robot_msgs__rosidl_typesupport_fastrtps_cpp.so[0m
[19.635s] [ 45%] Built target techman_robot_msgs__rosidl_typesupport_fastrtps_cpp
[19.834s] [35m[1mScanning dependencies of target techman_robot_msgs__rosidl_typesupport_c[0m
[19.919s] [ 48%] [32mBuilding CXX object CMakeFiles/techman_robot_msgs__rosidl_typesupport_c.dir/rosidl_typesupport_c/techman_robot_msgs/srv/techman_robot_command__type_support.cpp.o[0m
[20.180s] [ 51%] [32m[1mLinking CXX shared library libtechman_robot_msgs__rosidl_typesupport_c.so[0m
[20.504s] [ 51%] Built target techman_robot_msgs__rosidl_typesupport_c
[20.569s] [ 54%] [34m[1mGenerating C type support for eProsima Fast-RTPS[0m
[21.901s] [35m[1mScanning dependencies of target techman_robot_msgs__rosidl_typesupport_fastrtps_c[0m
[22.007s] [ 58%] [32mBuilding CXX object CMakeFiles/techman_robot_msgs__rosidl_typesupport_fastrtps_c.dir/rosidl_typesupport_fastrtps_c/techman_robot_msgs/srv/detail/techman_robot_command__type_support_c.cpp.o[0m
[22.914s] [ 61%] [32m[1mLinking CXX shared library libtechman_robot_msgs__rosidl_typesupport_fastrtps_c.so[0m
[23.151s] [ 61%] Built target techman_robot_msgs__rosidl_typesupport_fastrtps_c
[23.169s] [ 64%] [34m[1mGenerating C introspection for ROS interfaces[0m
[23.945s] [35m[1mScanning dependencies of target techman_robot_msgs__rosidl_typesupport_introspection_c[0m
[23.991s] [ 67%] [32mBuilding C object CMakeFiles/techman_robot_msgs__rosidl_typesupport_introspection_c.dir/rosidl_typesupport_introspection_c/techman_robot_msgs/srv/detail/techman_robot_command__type_support.c.o[0m
[24.076s] [ 70%] [32m[1mLinking C shared library libtechman_robot_msgs__rosidl_typesupport_introspection_c.so[0m
[24.157s] [ 70%] Built target techman_robot_msgs__rosidl_typesupport_introspection_c
[24.179s] [35m[1mScanning dependencies of target techman_robot_msgs[0m
[24.195s] [ 70%] Built target techman_robot_msgs
[24.210s] [35m[1mScanning dependencies of target techman_robot_msgs__py[0m
[24.236s] [ 74%] [34m[1mGenerating Python code for ROS interfaces[0m
[25.595s] [ 74%] Built target techman_robot_msgs__py
[25.612s] [35m[1mScanning dependencies of target techman_robot_msgs__python[0m
[25.839s] [ 77%] [32mBuilding C object CMakeFiles/techman_robot_msgs__python.dir/rosidl_generator_py/techman_robot_msgs/srv/_techman_robot_command_s.c.o[0m
[26.349s] [ 80%] [32m[1mLinking C shared library rosidl_generator_py/techman_robot_msgs/libtechman_robot_msgs__python.so[0m
[26.424s] [ 80%] Built target techman_robot_msgs__python
[26.448s] [35m[1mScanning dependencies of target techman_robot_msgs__rosidl_typesupport_c__pyext[0m
[26.507s] [ 83%] [32mBuilding C object CMakeFiles/techman_robot_msgs__rosidl_typesupport_c__pyext.dir/rosidl_generator_py/techman_robot_msgs/_techman_robot_msgs_s.ep.rosidl_typesupport_c.c.o[0m
[26.686s] [ 87%] [32m[1mLinking C shared library rosidl_generator_py/techman_robot_msgs/techman_robot_msgs_s__rosidl_typesupport_c.cpython-38-x86_64-linux-gnu.so[0m
[26.745s] [ 87%] Built target techman_robot_msgs__rosidl_typesupport_c__pyext
[26.772s] [35m[1mScanning dependencies of target techman_robot_msgs__rosidl_typesupport_fastrtps_c__pyext[0m
[26.819s] [ 90%] [32mBuilding C object CMakeFiles/techman_robot_msgs__rosidl_typesupport_fastrtps_c__pyext.dir/rosidl_generator_py/techman_robot_msgs/_techman_robot_msgs_s.ep.rosidl_typesupport_fastrtps_c.c.o[0m
[27.001s] [ 93%] [32m[1mLinking CXX shared library rosidl_generator_py/techman_robot_msgs/techman_robot_msgs_s__rosidl_typesupport_fastrtps_c.cpython-38-x86_64-linux-gnu.so[0m
[27.124s] [ 93%] Built target techman_robot_msgs__rosidl_typesupport_fastrtps_c__pyext
[27.145s] [35m[1mScanning dependencies of target techman_robot_msgs__rosidl_typesupport_introspection_c__pyext[0m
[27.197s] [ 96%] [32mBuilding C object CMakeFiles/techman_robot_msgs__rosidl_typesupport_introspection_c__pyext.dir/rosidl_generator_py/techman_robot_msgs/_techman_robot_msgs_s.ep.rosidl_typesupport_introspection_c.c.o[0m
[27.355s] [100%] [32m[1mLinking C shared library rosidl_generator_py/techman_robot_msgs/techman_robot_msgs_s__rosidl_typesupport_introspection_c.cpython-38-x86_64-linux-gnu.so[0m
[27.424s] [100%] Built target techman_robot_msgs__rosidl_typesupport_introspection_c__pyext
[27.460s] Invoked command in '/home/gy/tmr_ros2/build/techman_robot_msgs' returned '0': CMAKE_PREFIX_PATH=${CMAKE_PREFIX_PATH}:/home/gy/tmdriver_ws/install/tmr_mod_urdf:/home/gy/tmdriver_ws/install/tm_get_status:/opt/ros/foxy /usr/bin/cmake --build /home/gy/tmr_ros2/build/techman_robot_msgs -- -j3 -l3
[27.567s] Invoking command in '/home/gy/tmr_ros2/build/techman_robot_msgs': CMAKE_PREFIX_PATH=${CMAKE_PREFIX_PATH}:/home/gy/tmdriver_ws/install/tmr_mod_urdf:/home/gy/tmdriver_ws/install/tm_get_status:/opt/ros/foxy /usr/bin/cmake --install /home/gy/tmr_ros2/build/techman_robot_msgs
[27.585s] -- Install configuration: ""
[27.589s] -- Installing: /home/gy/tmr_ros2/install/techman_robot_msgs/share/ament_index/resource_index/rosidl_interfaces/techman_robot_msgs
[27.590s] -- Installing: /home/gy/tmr_ros2/install/techman_robot_msgs/include/techman_robot_msgs
[27.590s] -- Installing: /home/gy/tmr_ros2/install/techman_robot_msgs/include/techman_robot_msgs/srv
[27.590s] -- Installing: /home/gy/tmr_ros2/install/techman_robot_msgs/include/techman_robot_msgs/srv/detail
[27.590s] -- Installing: /home/gy/tmr_ros2/install/techman_robot_msgs/include/techman_robot_msgs/srv/detail/techman_robot_command__type_support.h
[27.590s] -- Installing: /home/gy/tmr_ros2/install/techman_robot_msgs/include/techman_robot_msgs/srv/detail/techman_robot_command__functions.h
[27.591s] -- Installing: /home/gy/tmr_ros2/install/techman_robot_msgs/include/techman_robot_msgs/srv/detail/techman_robot_command__functions.c
[27.591s] -- Installing: /home/gy/tmr_ros2/install/techman_robot_msgs/include/techman_robot_msgs/srv/detail/techman_robot_command__struct.h
[27.596s] -- Installing: /home/gy/tmr_ros2/install/techman_robot_msgs/include/techman_robot_msgs/srv/techman_robot_command.h
[27.597s] -- Installing: /home/gy/tmr_ros2/install/techman_robot_msgs/include/techman_robot_msgs/msg
[27.597s] -- Installing: /home/gy/tmr_ros2/install/techman_robot_msgs/include/techman_robot_msgs/msg/rosidl_generator_c__visibility_control.h
[27.597s] -- Installing: /home/gy/tmr_ros2/install/techman_robot_msgs/share/techman_robot_msgs/environment/library_path.sh
[27.597s] -- Installing: /home/gy/tmr_ros2/install/techman_robot_msgs/share/techman_robot_msgs/environment/library_path.dsv
[27.597s] -- Installing: /home/gy/tmr_ros2/install/techman_robot_msgs/lib/libtechman_robot_msgs__rosidl_generator_c.so
[27.598s] -- Set runtime path of "/home/gy/tmr_ros2/install/techman_robot_msgs/lib/libtechman_robot_msgs__rosidl_generator_c.so" to ""
[27.598s] -- Up-to-date: /home/gy/tmr_ros2/install/techman_robot_msgs/include/techman_robot_msgs
[27.598s] -- Up-to-date: /home/gy/tmr_ros2/install/techman_robot_msgs/include/techman_robot_msgs/srv
[27.598s] -- Up-to-date: /home/gy/tmr_ros2/install/techman_robot_msgs/include/techman_robot_msgs/srv/detail
[27.598s] -- Installing: /home/gy/tmr_ros2/install/techman_robot_msgs/include/techman_robot_msgs/srv/detail/techman_robot_command__rosidl_typesupport_fastrtps_c.h
[27.599s] -- Up-to-date: /home/gy/tmr_ros2/install/techman_robot_msgs/include/techman_robot_msgs/msg
[27.599s] -- Installing: /home/gy/tmr_ros2/install/techman_robot_msgs/include/techman_robot_msgs/msg/rosidl_typesupport_fastrtps_c__visibility_control.h
[27.599s] -- Installing: /home/gy/tmr_ros2/install/techman_robot_msgs/lib/libtechman_robot_msgs__rosidl_typesupport_fastrtps_c.so
[27.599s] -- Set runtime path of "/home/gy/tmr_ros2/install/techman_robot_msgs/lib/libtechman_robot_msgs__rosidl_typesupport_fastrtps_c.so" to ""
[27.600s] -- Up-to-date: /home/gy/tmr_ros2/install/techman_robot_msgs/include/techman_robot_msgs
[27.600s] -- Up-to-date: /home/gy/tmr_ros2/install/techman_robot_msgs/include/techman_robot_msgs/srv
[27.600s] -- Up-to-date: /home/gy/tmr_ros2/install/techman_robot_msgs/include/techman_robot_msgs/srv/detail
[27.601s] -- Installing: /home/gy/tmr_ros2/install/techman_robot_msgs/include/techman_robot_msgs/srv/detail/techman_robot_command__rosidl_typesupport_fastrtps_cpp.hpp
[27.601s] -- Installing: /home/gy/tmr_ros2/install/techman_robot_msgs/include/techman_robot_msgs/srv/detail/dds_fastrtps
[27.601s] -- Up-to-date: /home/gy/tmr_ros2/install/techman_robot_msgs/include/techman_robot_msgs/msg
[27.602s] -- Installing: /home/gy/tmr_ros2/install/techman_robot_msgs/include/techman_robot_msgs/msg/rosidl_typesupport_fastrtps_cpp__visibility_control.h
[27.602s] -- Installing: /home/gy/tmr_ros2/install/techman_robot_msgs/lib/libtechman_robot_msgs__rosidl_typesupport_fastrtps_cpp.so
[27.614s] -- Set runtime path of "/home/gy/tmr_ros2/install/techman_robot_msgs/lib/libtechman_robot_msgs__rosidl_typesupport_fastrtps_cpp.so" to ""
[27.615s] -- Up-to-date: /home/gy/tmr_ros2/install/techman_robot_msgs/include/techman_robot_msgs
[27.616s] -- Up-to-date: /home/gy/tmr_ros2/install/techman_robot_msgs/include/techman_robot_msgs/srv
[27.616s] -- Up-to-date: /home/gy/tmr_ros2/install/techman_robot_msgs/include/techman_robot_msgs/srv/detail
[27.616s] -- Installing: /home/gy/tmr_ros2/install/techman_robot_msgs/include/techman_robot_msgs/srv/detail/techman_robot_command__rosidl_typesupport_introspection_c.h
[27.617s] -- Installing: /home/gy/tmr_ros2/install/techman_robot_msgs/include/techman_robot_msgs/srv/detail/techman_robot_command__type_support.c
[27.617s] -- Up-to-date: /home/gy/tmr_ros2/install/techman_robot_msgs/include/techman_robot_msgs/msg
[27.617s] -- Installing: /home/gy/tmr_ros2/install/techman_robot_msgs/include/techman_robot_msgs/msg/rosidl_typesupport_introspection_c__visibility_control.h
[27.617s] -- Installing: /home/gy/tmr_ros2/install/techman_robot_msgs/lib/libtechman_robot_msgs__rosidl_typesupport_introspection_c.so
[27.617s] -- Set runtime path of "/home/gy/tmr_ros2/install/techman_robot_msgs/lib/libtechman_robot_msgs__rosidl_typesupport_introspection_c.so" to ""
[27.617s] -- Installing: /home/gy/tmr_ros2/install/techman_robot_msgs/lib/libtechman_robot_msgs__rosidl_typesupport_c.so
[27.618s] -- Set runtime path of "/home/gy/tmr_ros2/install/techman_robot_msgs/lib/libtechman_robot_msgs__rosidl_typesupport_c.so" to ""
[27.618s] -- Up-to-date: /home/gy/tmr_ros2/install/techman_robot_msgs/include/techman_robot_msgs
[27.618s] -- Up-to-date: /home/gy/tmr_ros2/install/techman_robot_msgs/include/techman_robot_msgs/srv
[27.618s] -- Up-to-date: /home/gy/tmr_ros2/install/techman_robot_msgs/include/techman_robot_msgs/srv/detail
[27.618s] -- Installing: /home/gy/tmr_ros2/install/techman_robot_msgs/include/techman_robot_msgs/srv/detail/techman_robot_command__builder.hpp
[27.618s] -- Installing: /home/gy/tmr_ros2/install/techman_robot_msgs/include/techman_robot_msgs/srv/detail/techman_robot_command__traits.hpp
[27.625s] -- Installing: /home/gy/tmr_ros2/install/techman_robot_msgs/include/techman_robot_msgs/srv/detail/techman_robot_command__struct.hpp
[27.625s] -- Installing: /home/gy/tmr_ros2/install/techman_robot_msgs/include/techman_robot_msgs/srv/techman_robot_command.hpp
[27.625s] -- Up-to-date: /home/gy/tmr_ros2/install/techman_robot_msgs/include/techman_robot_msgs
[27.625s] -- Up-to-date: /home/gy/tmr_ros2/install/techman_robot_msgs/include/techman_robot_msgs/srv
[27.626s] -- Up-to-date: /home/gy/tmr_ros2/install/techman_robot_msgs/include/techman_robot_msgs/srv/detail
[27.626s] -- Installing: /home/gy/tmr_ros2/install/techman_robot_msgs/include/techman_robot_msgs/srv/detail/techman_robot_command__rosidl_typesupport_introspection_cpp.hpp
[27.626s] -- Installing: /home/gy/tmr_ros2/install/techman_robot_msgs/include/techman_robot_msgs/srv/detail/techman_robot_command__type_support.cpp
[27.626s] -- Installing: /home/gy/tmr_ros2/install/techman_robot_msgs/lib/libtechman_robot_msgs__rosidl_typesupport_introspection_cpp.so
[27.626s] -- Set runtime path of "/home/gy/tmr_ros2/install/techman_robot_msgs/lib/libtechman_robot_msgs__rosidl_typesupport_introspection_cpp.so" to ""
[27.626s] -- Installing: /home/gy/tmr_ros2/install/techman_robot_msgs/lib/libtechman_robot_msgs__rosidl_typesupport_cpp.so
[27.627s] -- Set runtime path of "/home/gy/tmr_ros2/install/techman_robot_msgs/lib/libtechman_robot_msgs__rosidl_typesupport_cpp.so" to ""
[27.627s] -- Installing: /home/gy/tmr_ros2/install/techman_robot_msgs/share/techman_robot_msgs/environment/pythonpath.sh
[27.627s] -- Installing: /home/gy/tmr_ros2/install/techman_robot_msgs/share/techman_robot_msgs/environment/pythonpath.dsv
[27.628s] -- Installing: /home/gy/tmr_ros2/install/techman_robot_msgs/lib/python3.8/site-packages/techman_robot_msgs/__init__.py
[27.733s] Compiling '/home/gy/tmr_ros2/install/techman_robot_msgs/lib/python3.8/site-packages/techman_robot_msgs/__init__.py'...
[27.744s] -- Installing: /home/gy/tmr_ros2/install/techman_robot_msgs/lib/python3.8/site-packages/techman_robot_msgs/srv
[27.749s] -- Installing: /home/gy/tmr_ros2/install/techman_robot_msgs/lib/python3.8/site-packages/techman_robot_msgs/srv/__init__.py
[27.749s] -- Installing: /home/gy/tmr_ros2/install/techman_robot_msgs/lib/python3.8/site-packages/techman_robot_msgs/srv/_techman_robot_command_s.c
[27.749s] -- Installing: /home/gy/tmr_ros2/install/techman_robot_msgs/lib/python3.8/site-packages/techman_robot_msgs/srv/_techman_robot_command.py
[27.749s] -- Installing: /home/gy/tmr_ros2/install/techman_robot_msgs/lib/python3.8/site-packages/techman_robot_msgs/techman_robot_msgs_s__rosidl_typesupport_fastrtps_c.cpython-38-x86_64-linux-gnu.so
[27.750s] -- Set runtime path of "/home/gy/tmr_ros2/install/techman_robot_msgs/lib/python3.8/site-packages/techman_robot_msgs/techman_robot_msgs_s__rosidl_typesupport_fastrtps_c.cpython-38-x86_64-linux-gnu.so" to ""
[27.750s] -- Installing: /home/gy/tmr_ros2/install/techman_robot_msgs/lib/python3.8/site-packages/techman_robot_msgs/techman_robot_msgs_s__rosidl_typesupport_introspection_c.cpython-38-x86_64-linux-gnu.so
[27.751s] -- Set runtime path of "/home/gy/tmr_ros2/install/techman_robot_msgs/lib/python3.8/site-packages/techman_robot_msgs/techman_robot_msgs_s__rosidl_typesupport_introspection_c.cpython-38-x86_64-linux-gnu.so" to ""
[27.751s] -- Installing: /home/gy/tmr_ros2/install/techman_robot_msgs/lib/python3.8/site-packages/techman_robot_msgs/techman_robot_msgs_s__rosidl_typesupport_c.cpython-38-x86_64-linux-gnu.so
[27.752s] -- Set runtime path of "/home/gy/tmr_ros2/install/techman_robot_msgs/lib/python3.8/site-packages/techman_robot_msgs/techman_robot_msgs_s__rosidl_typesupport_c.cpython-38-x86_64-linux-gnu.so" to ""
[27.765s] -- Installing: /home/gy/tmr_ros2/install/techman_robot_msgs/lib/libtechman_robot_msgs__python.so
[27.766s] -- Set runtime path of "/home/gy/tmr_ros2/install/techman_robot_msgs/lib/libtechman_robot_msgs__python.so" to ""
[27.766s] -- Installing: /home/gy/tmr_ros2/install/techman_robot_msgs/share/techman_robot_msgs/srv/TechmanRobotCommand.idl
[27.766s] -- Installing: /home/gy/tmr_ros2/install/techman_robot_msgs/share/techman_robot_msgs/srv/TechmanRobotCommand.srv
[27.766s] -- Installing: /home/gy/tmr_ros2/install/techman_robot_msgs/share/techman_robot_msgs/srv/TechmanRobotCommand_Request.msg
[27.770s] -- Installing: /home/gy/tmr_ros2/install/techman_robot_msgs/share/techman_robot_msgs/srv/TechmanRobotCommand_Response.msg
[27.771s] -- Installing: /home/gy/tmr_ros2/install/techman_robot_msgs/share/ament_index/resource_index/package_run_dependencies/techman_robot_msgs
[27.771s] -- Installing: /home/gy/tmr_ros2/install/techman_robot_msgs/share/ament_index/resource_index/parent_prefix_path/techman_robot_msgs
[27.772s] -- Installing: /home/gy/tmr_ros2/install/techman_robot_msgs/share/techman_robot_msgs/environment/ament_prefix_path.sh
[27.772s] -- Installing: /home/gy/tmr_ros2/install/techman_robot_msgs/share/techman_robot_msgs/environment/ament_prefix_path.dsv
[27.773s] -- Installing: /home/gy/tmr_ros2/install/techman_robot_msgs/share/techman_robot_msgs/environment/path.sh
[27.773s] -- Installing: /home/gy/tmr_ros2/install/techman_robot_msgs/share/techman_robot_msgs/environment/path.dsv
[27.773s] -- Installing: /home/gy/tmr_ros2/install/techman_robot_msgs/share/techman_robot_msgs/local_setup.bash
[27.773s] -- Installing: /home/gy/tmr_ros2/install/techman_robot_msgs/share/techman_robot_msgs/local_setup.sh
[27.774s] -- Installing: /home/gy/tmr_ros2/install/techman_robot_msgs/share/techman_robot_msgs/local_setup.zsh
[27.774s] -- Installing: /home/gy/tmr_ros2/install/techman_robot_msgs/share/techman_robot_msgs/local_setup.dsv
[27.774s] -- Installing: /home/gy/tmr_ros2/install/techman_robot_msgs/share/techman_robot_msgs/package.dsv
[27.774s] -- Installing: /home/gy/tmr_ros2/install/techman_robot_msgs/share/ament_index/resource_index/packages/techman_robot_msgs
[27.775s] -- Installing: /home/gy/tmr_ros2/install/techman_robot_msgs/share/techman_robot_msgs/cmake/techman_robot_msgs__rosidl_generator_cExport.cmake
[27.775s] -- Installing: /home/gy/tmr_ros2/install/techman_robot_msgs/share/techman_robot_msgs/cmake/techman_robot_msgs__rosidl_generator_cExport-noconfig.cmake
[27.775s] -- Installing: /home/gy/tmr_ros2/install/techman_robot_msgs/share/techman_robot_msgs/cmake/techman_robot_msgs__rosidl_typesupport_introspection_cExport.cmake
[27.775s] -- Installing: /home/gy/tmr_ros2/install/techman_robot_msgs/share/techman_robot_msgs/cmake/techman_robot_msgs__rosidl_typesupport_introspection_cExport-noconfig.cmake
[27.776s] -- Installing: /home/gy/tmr_ros2/install/techman_robot_msgs/share/techman_robot_msgs/cmake/techman_robot_msgs__rosidl_typesupport_cExport.cmake
[27.776s] -- Installing: /home/gy/tmr_ros2/install/techman_robot_msgs/share/techman_robot_msgs/cmake/techman_robot_msgs__rosidl_typesupport_cExport-noconfig.cmake
[27.776s] -- Installing: /home/gy/tmr_ros2/install/techman_robot_msgs/share/techman_robot_msgs/cmake/techman_robot_msgs__rosidl_generator_cppExport.cmake
[27.788s] -- Installing: /home/gy/tmr_ros2/install/techman_robot_msgs/share/techman_robot_msgs/cmake/techman_robot_msgs__rosidl_typesupport_introspection_cppExport.cmake
[27.788s] -- Installing: /home/gy/tmr_ros2/install/techman_robot_msgs/share/techman_robot_msgs/cmake/techman_robot_msgs__rosidl_typesupport_introspection_cppExport-noconfig.cmake
[27.789s] -- Installing: /home/gy/tmr_ros2/install/techman_robot_msgs/share/techman_robot_msgs/cmake/techman_robot_msgs__rosidl_typesupport_cppExport.cmake
[27.789s] -- Installing: /home/gy/tmr_ros2/install/techman_robot_msgs/share/techman_robot_msgs/cmake/techman_robot_msgs__rosidl_typesupport_cppExport-noconfig.cmake
[27.789s] -- Installing: /home/gy/tmr_ros2/install/techman_robot_msgs/share/techman_robot_msgs/cmake/rosidl_cmake-extras.cmake
[27.789s] -- Installing: /home/gy/tmr_ros2/install/techman_robot_msgs/share/techman_robot_msgs/cmake/ament_cmake_export_dependencies-extras.cmake
[27.790s] -- Installing: /home/gy/tmr_ros2/install/techman_robot_msgs/share/techman_robot_msgs/cmake/ament_cmake_export_libraries-extras.cmake
[27.790s] -- Installing: /home/gy/tmr_ros2/install/techman_robot_msgs/share/techman_robot_msgs/cmake/ament_cmake_export_targets-extras.cmake
[27.790s] -- Installing: /home/gy/tmr_ros2/install/techman_robot_msgs/share/techman_robot_msgs/cmake/ament_cmake_export_include_directories-extras.cmake
[27.800s] -- Installing: /home/gy/tmr_ros2/install/techman_robot_msgs/share/techman_robot_msgs/cmake/rosidl_cmake_export_typesupport_libraries-extras.cmake
[27.800s] -- Installing: /home/gy/tmr_ros2/install/techman_robot_msgs/share/techman_robot_msgs/cmake/rosidl_cmake_export_typesupport_targets-extras.cmake
[27.800s] -- Installing: /home/gy/tmr_ros2/install/techman_robot_msgs/share/techman_robot_msgs/cmake/techman_robot_msgsConfig.cmake
[27.800s] -- Installing: /home/gy/tmr_ros2/install/techman_robot_msgs/share/techman_robot_msgs/cmake/techman_robot_msgsConfig-version.cmake
[27.800s] -- Installing: /home/gy/tmr_ros2/install/techman_robot_msgs/share/techman_robot_msgs/package.xml
[27.811s] Invoked command in '/home/gy/tmr_ros2/build/techman_robot_msgs' returned '0': CMAKE_PREFIX_PATH=${CMAKE_PREFIX_PATH}:/home/gy/tmdriver_ws/install/tmr_mod_urdf:/home/gy/tmdriver_ws/install/tm_get_status:/opt/ros/foxy /usr/bin/cmake --install /home/gy/tmr_ros2/build/techman_robot_msgs
