[0.504s] Invoking command in '/home/gy/Omron_TM_ROS2/pickplace': PYTHONPATH=/home/gy/Omron_TM_ROS2/install/pickplace/lib/python3.8/site-packages:${PYTHONPATH} /usr/bin/python3 setup.py egg_info --egg-base ../build/pickplace build --build-base /home/gy/Omron_TM_ROS2/build/pickplace/build install --prefix /home/gy/Omron_TM_ROS2/install/pickplace --record /home/gy/Omron_TM_ROS2/build/pickplace/install.log --single-version-externally-managed
[0.909s] running egg_info
[0.910s] writing ../build/pickplace/pickplace.egg-info/PKG-INFO
[0.910s] writing dependency_links to ../build/pickplace/pickplace.egg-info/dependency_links.txt
[0.911s] writing entry points to ../build/pickplace/pickplace.egg-info/entry_points.txt
[0.911s] writing requirements to ../build/pickplace/pickplace.egg-info/requires.txt
[0.911s] writing top-level names to ../build/pickplace/pickplace.egg-info/top_level.txt
[0.987s] reading manifest file '../build/pickplace/pickplace.egg-info/SOURCES.txt'
[0.989s] writing manifest file '../build/pickplace/pickplace.egg-info/SOURCES.txt'
[0.990s] running build
[0.990s] running build_py
[0.990s] copying pickplace/teach_setup.py -> /home/gy/Omron_TM_ROS2/build/pickplace/build/lib/pickplace
[0.990s] running install
[0.992s] running install_lib
[0.993s] copying /home/gy/Omron_TM_ROS2/build/pickplace/build/lib/pickplace/teach_setup.py -> /home/gy/Omron_TM_ROS2/install/pickplace/lib/python3.8/site-packages/pickplace
[0.994s] byte-compiling /home/gy/Omron_TM_ROS2/install/pickplace/lib/python3.8/site-packages/pickplace/teach_setup.py to teach_setup.cpython-38.pyc
[0.998s] running install_data
[0.999s] running install_egg_info
[1.002s] removing '/home/gy/Omron_TM_ROS2/install/pickplace/lib/python3.8/site-packages/pickplace-0.0.0-py3.8.egg-info' (and everything under it)
[1.002s] Copying ../build/pickplace/pickplace.egg-info to /home/gy/Omron_TM_ROS2/install/pickplace/lib/python3.8/site-packages/pickplace-0.0.0-py3.8.egg-info
[1.008s] running install_scripts
[1.039s] Installing pickplace script to /home/gy/Omron_TM_ROS2/install/pickplace/lib/pickplace
[1.040s] Installing teach_setup script to /home/gy/Omron_TM_ROS2/install/pickplace/lib/pickplace
[1.040s] writing list of installed files to '/home/gy/Omron_TM_ROS2/build/pickplace/install.log'
[1.076s] Invoked command in '/home/gy/Omron_TM_ROS2/pickplace' returned '0': PYTHONPATH=/home/gy/Omron_TM_ROS2/install/pickplace/lib/python3.8/site-packages:${PYTHONPATH} /usr/bin/python3 setup.py egg_info --egg-base ../build/pickplace build --build-base /home/gy/Omron_TM_ROS2/build/pickplace/build install --prefix /home/gy/Omron_TM_ROS2/install/pickplace --record /home/gy/Omron_TM_ROS2/build/pickplace/install.log --single-version-externally-managed
