[0.026s] Invoking command in '/home/gy/Omron_TM_ROS2/build/tmrlib': CMAKE_PREFIX_PATH=${CMAKE_PREFIX_PATH}:/home/gy/Omron_TM_ROS2/install/tmr_mod_urdf:/home/gy/Omron_TM_ROS2/install/tm_get_status:/home/gy/Omron_TM_ROS2/install/rviz_tm:/home/gy/Omron_TM_ROS2/install/pickplace:/opt/ros/foxy /usr/bin/cmake --build /home/gy/Omron_TM_ROS2/build/tmrlib -- -j3 -l3
[0.182s] [100%] Built target tmrdriver
[0.219s] Invoked command in '/home/gy/Omron_TM_ROS2/build/tmrlib' returned '0': CMAKE_PREFIX_PATH=${CMAKE_PREFIX_PATH}:/home/gy/Omron_TM_ROS2/install/tmr_mod_urdf:/home/gy/Omron_TM_ROS2/install/tm_get_status:/home/gy/Omron_TM_ROS2/install/rviz_tm:/home/gy/Omron_TM_ROS2/install/pickplace:/opt/ros/foxy /usr/bin/cmake --build /home/gy/Omron_TM_ROS2/build/tmrlib -- -j3 -l3
[0.316s] Invoking command in '/home/gy/Omron_TM_ROS2/build/tmrlib': CMAKE_PREFIX_PATH=${CMAKE_PREFIX_PATH}:/home/gy/Omron_TM_ROS2/install/tmr_mod_urdf:/home/gy/Omron_TM_ROS2/install/tm_get_status:/home/gy/Omron_TM_ROS2/install/rviz_tm:/home/gy/Omron_TM_ROS2/install/pickplace:/opt/ros/foxy /usr/bin/cmake --install /home/gy/Omron_TM_ROS2/build/tmrlib
[0.348s] -- Install configuration: ""
[0.352s] -- Execute custom install script
[0.354s] -- Up-to-date symlink: /home/gy/Omron_TM_ROS2/install/tmrlib/share/tmrlib/environment/library_path.sh
[0.356s] -- Up-to-date symlink: /home/gy/Omron_TM_ROS2/install/tmrlib/share/tmrlib/environment/library_path.dsv
[0.357s] -- Up-to-date symlink: /home/gy/Omron_TM_ROS2/install/tmrlib/include/tmr/tmr_command.h
[0.358s] -- Up-to-date symlink: /home/gy/Omron_TM_ROS2/install/tmrlib/include/tmr/tmr_communication.h
[0.358s] -- Up-to-date symlink: /home/gy/Omron_TM_ROS2/install/tmrlib/include/tmr/tmr_data_table.h
[0.359s] -- Up-to-date symlink: /home/gy/Omron_TM_ROS2/install/tmrlib/include/tmr/tmr_driver.h
[0.360s] -- Up-to-date symlink: /home/gy/Omron_TM_ROS2/install/tmrlib/include/tmr/tmr_print.h
[0.362s] -- Up-to-date symlink: /home/gy/Omron_TM_ROS2/install/tmrlib/include/tmr/tmr_robot_state.h
[0.362s] -- Up-to-date symlink: /home/gy/Omron_TM_ROS2/install/tmrlib/include/tmr/tmr_tmpacket.h
[0.364s] -- Up-to-date symlink: /home/gy/Omron_TM_ROS2/install/tmrlib/include/tmr/tmr_tmsct_communication.h
[0.364s] -- Up-to-date symlink: /home/gy/Omron_TM_ROS2/install/tmrlib/include/tmr/tmr_tmsvr_communication.h
[0.365s] -- Up-to-date symlink: /home/gy/Omron_TM_ROS2/install/tmrlib/share/ament_index/resource_index/package_run_dependencies/tmrlib
[0.366s] -- Up-to-date symlink: /home/gy/Omron_TM_ROS2/install/tmrlib/share/ament_index/resource_index/parent_prefix_path/tmrlib
[0.368s] -- Up-to-date symlink: /home/gy/Omron_TM_ROS2/install/tmrlib/share/tmrlib/environment/ament_prefix_path.sh
[0.382s] -- Up-to-date symlink: /home/gy/Omron_TM_ROS2/install/tmrlib/share/tmrlib/environment/ament_prefix_path.dsv
[0.383s] -- Up-to-date symlink: /home/gy/Omron_TM_ROS2/install/tmrlib/share/tmrlib/environment/path.sh
[0.388s] -- Up-to-date symlink: /home/gy/Omron_TM_ROS2/install/tmrlib/share/tmrlib/environment/path.dsv
[0.392s] -- Up-to-date symlink: /home/gy/Omron_TM_ROS2/install/tmrlib/share/tmrlib/local_setup.bash
[0.394s] -- Up-to-date symlink: /home/gy/Omron_TM_ROS2/install/tmrlib/share/tmrlib/local_setup.sh
[0.401s] -- Up-to-date symlink: /home/gy/Omron_TM_ROS2/install/tmrlib/share/tmrlib/local_setup.zsh
[0.405s] -- Up-to-date symlink: /home/gy/Omron_TM_ROS2/install/tmrlib/share/tmrlib/local_setup.dsv
[0.409s] -- Symlinking: /home/gy/Omron_TM_ROS2/install/tmrlib/share/tmrlib/package.dsv
[0.445s] -- Up-to-date symlink: /home/gy/Omron_TM_ROS2/install/tmrlib/share/ament_index/resource_index/packages/tmrlib
[0.446s] -- Up-to-date symlink: /home/gy/Omron_TM_ROS2/install/tmrlib/share/tmrlib/cmake/ament_cmake_export_targets-extras.cmake
[0.447s] -- Up-to-date symlink: /home/gy/Omron_TM_ROS2/install/tmrlib/share/tmrlib/cmake/tmrlibConfig.cmake
[0.448s] -- Up-to-date symlink: /home/gy/Omron_TM_ROS2/install/tmrlib/share/tmrlib/cmake/tmrlibConfig-version.cmake
[0.448s] -- Up-to-date symlink: /home/gy/Omron_TM_ROS2/install/tmrlib/share/tmrlib/package.xml
[0.448s] -- Up-to-date: /home/gy/Omron_TM_ROS2/install/tmrlib/lib/libtmrdriver.a
[0.448s] -- Up-to-date: /home/gy/Omron_TM_ROS2/install/tmrlib/share/tmrlib/cmake/export_tmrdriverExport.cmake
[0.449s] -- Up-to-date: /home/gy/Omron_TM_ROS2/install/tmrlib/share/tmrlib/cmake/export_tmrdriverExport-noconfig.cmake
[0.460s] Invoked command in '/home/gy/Omron_TM_ROS2/build/tmrlib' returned '0': CMAKE_PREFIX_PATH=${CMAKE_PREFIX_PATH}:/home/gy/Omron_TM_ROS2/install/tmr_mod_urdf:/home/gy/Omron_TM_ROS2/install/tm_get_status:/home/gy/Omron_TM_ROS2/install/rviz_tm:/home/gy/Omron_TM_ROS2/install/pickplace:/opt/ros/foxy /usr/bin/cmake --install /home/gy/Omron_TM_ROS2/build/tmrlib
