[0.065s] Invoking command in '/home/omron/Omron_TM_ROS2/build/tm_msgs': CMAKE_PREFIX_PATH=/opt/ros/foxy /usr/bin/cmake /home/omron/Omron_TM_ROS2/tm_msgs -DCMAKE_INSTALL_PREFIX=/home/omron/Omron_TM_ROS2/install/tm_msgs
[0.981s] -- The C compiler identification is GNU 9.3.0
[0.981s] -- The CXX compiler identification is GNU 9.3.0
[0.981s] -- Check for working C compiler: /usr/bin/cc
[0.982s] -- Check for working C compiler: /usr/bin/cc -- works
[0.982s] -- Detecting C compiler ABI info
[0.982s] -- Detecting C compiler ABI info - done
[0.982s] -- Detecting C compile features
[0.982s] -- Detecting C compile features - done
[0.982s] -- Check for working CXX compiler: /usr/bin/c++
[0.982s] -- Check for working CXX compiler: /usr/bin/c++ -- works
[0.982s] -- Detecting CXX compiler ABI info
[1.101s] -- Detecting CXX compiler ABI info - done
[1.144s] -- Detecting CXX compile features
[1.156s] -- Detecting CXX compile features - done
[1.159s] -- Found ament_cmake: 0.9.8 (/opt/ros/foxy/share/ament_cmake/cmake)
[1.203s] -- Found PythonInterp: /usr/bin/python3 (found suitable version "3.8.5", minimum required is "3") 
[1.203s] -- Using PYTHON_EXECUTABLE: /usr/bin/python3
[1.577s] -- Found std_msgs: 2.0.4 (/opt/ros/foxy/share/std_msgs/cmake)
[1.671s] -- Using all available rosidl_typesupport_c: rosidl_typesupport_fastrtps_c;rosidl_typesupport_introspection_c
[1.695s] -- Found rosidl_adapter: 1.2.1 (/opt/ros/foxy/share/rosidl_adapter/cmake)
[1.847s] -- Found OpenSSL: /usr/lib/x86_64-linux-gnu/libcrypto.so (found version "1.1.1f")  
[1.890s] -- Found FastRTPS: /opt/ros/foxy/include  
[2.014s] -- Using all available rosidl_typesupport_cpp: rosidl_typesupport_fastrtps_cpp;rosidl_typesupport_introspection_cpp
[2.097s] -- Found rosidl_default_generators: 1.0.1 (/opt/ros/foxy/share/rosidl_default_generators/cmake)
[2.160s] -- Found PythonInterp: /usr/bin/python3 (found version "3.8.5") 
[2.611s] -- Found ament_cmake_ros: 0.9.1 (/opt/ros/foxy/share/ament_cmake_ros/cmake)
[3.017s] -- Using all available rosidl_typesupport_c: rosidl_typesupport_fastrtps_c;rosidl_typesupport_introspection_c
[3.151s] -- Using all available rosidl_typesupport_cpp: rosidl_typesupport_fastrtps_cpp;rosidl_typesupport_introspection_cpp
[3.206s] -- Found PythonInterp: /usr/bin/python3 (found suitable version "3.8.5", minimum required is "3.5") 
[3.207s] -- Found python_cmake_module: 0.8.1 (/opt/ros/foxy/share/python_cmake_module/cmake)
[3.252s] -- Found PythonLibs: /usr/lib/x86_64-linux-gnu/libpython3.8.so (found suitable version "3.8.5", minimum required is "3.5") 
[3.253s] -- Using PYTHON_EXECUTABLE: /usr/bin/python3
[3.253s] -- Using PYTHON_INCLUDE_DIRS: /usr/include/python3.8
[3.253s] -- Using PYTHON_LIBRARIES: /usr/lib/x86_64-linux-gnu/libpython3.8.so
[3.292s] -- Found PythonExtra: .so  
[3.421s] -- Configuring done
[3.552s] -- Generating done
[3.557s] -- Build files have been written to: /home/omron/Omron_TM_ROS2/build/tm_msgs
[3.571s] Invoked command in '/home/omron/Omron_TM_ROS2/build/tm_msgs' returned '0': CMAKE_PREFIX_PATH=/opt/ros/foxy /usr/bin/cmake /home/omron/Omron_TM_ROS2/tm_msgs -DCMAKE_INSTALL_PREFIX=/home/omron/Omron_TM_ROS2/install/tm_msgs
[3.572s] Invoking command in '/home/omron/Omron_TM_ROS2/build/tm_msgs': CMAKE_PREFIX_PATH=/opt/ros/foxy /usr/bin/cmake --build /home/omron/Omron_TM_ROS2/build/tm_msgs -- -j8 -l8
[3.684s] [  1%] [34m[1mGenerating C code for ROS interfaces[0m
[3.698s] [35m[1mScanning dependencies of target tm_msgs__cpp[0m
[3.767s] [  1%] [34m[1mGenerating C++ code for ROS interfaces[0m
[8.090s] [35m[1mScanning dependencies of target tm_msgs__rosidl_generator_c[0m
[8.156s] [  1%] Built target tm_msgs__cpp
[8.200s] [  1%] [34m[1mGenerating C++ type support for eProsima Fast-RTPS[0m
[8.208s] [  2%] [32mBuilding C object CMakeFiles/tm_msgs__rosidl_generator_c.dir/rosidl_generator_c/tm_msgs/msg/detail/feedback_state__functions.c.o[0m
[8.214s] [  3%] [32mBuilding C object CMakeFiles/tm_msgs__rosidl_generator_c.dir/rosidl_generator_c/tm_msgs/msg/detail/svr_response__functions.c.o[0m
[8.215s] [  4%] [34m[1mGenerating C++ type support dispatch for ROS interfaces[0m
[8.221s] [  5%] [32mBuilding C object CMakeFiles/tm_msgs__rosidl_generator_c.dir/rosidl_generator_c/tm_msgs/msg/detail/sta_response__functions.c.o[0m
[8.225s] [  6%] [34m[1mGenerating C++ introspection for ROS interfaces[0m
[8.229s] [  6%] [32mBuilding C object CMakeFiles/tm_msgs__rosidl_generator_c.dir/rosidl_generator_c/tm_msgs/msg/detail/sct_response__functions.c.o[0m
[8.244s] [  7%] [32mBuilding C object CMakeFiles/tm_msgs__rosidl_generator_c.dir/rosidl_generator_c/tm_msgs/srv/detail/connect_tm__functions.c.o[0m
[8.399s] [  8%] [32mBuilding C object CMakeFiles/tm_msgs__rosidl_generator_c.dir/rosidl_generator_c/tm_msgs/srv/detail/write_item__functions.c.o[0m
[8.424s] [  9%] [32mBuilding C object CMakeFiles/tm_msgs__rosidl_generator_c.dir/rosidl_generator_c/tm_msgs/srv/detail/ask_item__functions.c.o[0m
[8.428s] [ 10%] [32mBuilding C object CMakeFiles/tm_msgs__rosidl_generator_c.dir/rosidl_generator_c/tm_msgs/srv/detail/send_script__functions.c.o[0m
[8.429s] [ 11%] [32mBuilding C object CMakeFiles/tm_msgs__rosidl_generator_c.dir/rosidl_generator_c/tm_msgs/srv/detail/set_event__functions.c.o[0m
[8.504s] [ 11%] [32mBuilding C object CMakeFiles/tm_msgs__rosidl_generator_c.dir/rosidl_generator_c/tm_msgs/srv/detail/set_io__functions.c.o[0m
[8.577s] [ 12%] [32mBuilding C object CMakeFiles/tm_msgs__rosidl_generator_c.dir/rosidl_generator_c/tm_msgs/srv/detail/set_positions__functions.c.o[0m
[8.613s] [ 13%] [32mBuilding C object CMakeFiles/tm_msgs__rosidl_generator_c.dir/rosidl_generator_c/tm_msgs/srv/detail/ask_sta__functions.c.o[0m
[8.808s] [ 14%] [32m[1mLinking C shared library libtm_msgs__rosidl_generator_c.so[0m
[8.982s] [ 14%] Built target tm_msgs__rosidl_generator_c
[9.032s] [ 15%] [34m[1mGenerating C type support dispatch for ROS interfaces[0m
[9.064s] [ 16%] [34m[1mGenerating C introspection for ROS interfaces[0m
[11.111s] [35m[1mScanning dependencies of target tm_msgs__rosidl_typesupport_fastrtps_cpp[0m
[11.147s] [35m[1mScanning dependencies of target tm_msgs__rosidl_typesupport_introspection_cpp[0m
[11.213s] [ 16%] [32mBuilding CXX object CMakeFiles/tm_msgs__rosidl_typesupport_introspection_cpp.dir/rosidl_typesupport_introspection_cpp/tm_msgs/msg/detail/feedback_state__type_support.cpp.o[0m
[11.217s] [ 17%] [32mBuilding CXX object CMakeFiles/tm_msgs__rosidl_typesupport_fastrtps_cpp.dir/rosidl_typesupport_fastrtps_cpp/tm_msgs/msg/detail/dds_fastrtps/feedback_state__type_support.cpp.o[0m
[11.248s] [ 18%] [32mBuilding CXX object CMakeFiles/tm_msgs__rosidl_typesupport_fastrtps_cpp.dir/rosidl_typesupport_fastrtps_cpp/tm_msgs/msg/detail/dds_fastrtps/svr_response__type_support.cpp.o[0m
[11.275s] [ 19%] [32mBuilding CXX object CMakeFiles/tm_msgs__rosidl_typesupport_fastrtps_cpp.dir/rosidl_typesupport_fastrtps_cpp/tm_msgs/msg/detail/dds_fastrtps/sct_response__type_support.cpp.o[0m
[11.321s] [ 20%] [32mBuilding CXX object CMakeFiles/tm_msgs__rosidl_typesupport_introspection_cpp.dir/rosidl_typesupport_introspection_cpp/tm_msgs/msg/detail/svr_response__type_support.cpp.o[0m
[11.566s] [35m[1mScanning dependencies of target tm_msgs__rosidl_typesupport_cpp[0m
[11.657s] [ 21%] [32mBuilding CXX object CMakeFiles/tm_msgs__rosidl_typesupport_cpp.dir/rosidl_typesupport_cpp/tm_msgs/msg/feedback_state__type_support.cpp.o[0m
[12.198s] [ 22%] [32mBuilding CXX object CMakeFiles/tm_msgs__rosidl_typesupport_fastrtps_cpp.dir/rosidl_typesupport_fastrtps_cpp/tm_msgs/msg/detail/dds_fastrtps/sta_response__type_support.cpp.o[0m
[12.357s] [ 23%] [32mBuilding CXX object CMakeFiles/tm_msgs__rosidl_typesupport_fastrtps_cpp.dir/rosidl_typesupport_fastrtps_cpp/tm_msgs/srv/detail/dds_fastrtps/connect_tm__type_support.cpp.o[0m
[12.615s] [35m[1mScanning dependencies of target tm_msgs__rosidl_typesupport_c[0m
[12.691s] [ 24%] [32mBuilding CXX object CMakeFiles/tm_msgs__rosidl_typesupport_c.dir/rosidl_typesupport_c/tm_msgs/msg/feedback_state__type_support.cpp.o[0m
[12.780s] [ 25%] [32mBuilding CXX object CMakeFiles/tm_msgs__rosidl_typesupport_cpp.dir/rosidl_typesupport_cpp/tm_msgs/msg/svr_response__type_support.cpp.o[0m
[12.823s] [ 25%] [32mBuilding CXX object CMakeFiles/tm_msgs__rosidl_typesupport_c.dir/rosidl_typesupport_c/tm_msgs/msg/svr_response__type_support.cpp.o[0m
[12.995s] [ 26%] [32mBuilding CXX object CMakeFiles/tm_msgs__rosidl_typesupport_c.dir/rosidl_typesupport_c/tm_msgs/msg/sct_response__type_support.cpp.o[0m
[13.136s] [35m[1mScanning dependencies of target tm_msgs__rosidl_typesupport_introspection_c[0m
[13.156s] [ 26%] [32mBuilding CXX object CMakeFiles/tm_msgs__rosidl_typesupport_fastrtps_cpp.dir/rosidl_typesupport_fastrtps_cpp/tm_msgs/srv/detail/dds_fastrtps/write_item__type_support.cpp.o[0m
[13.180s] [ 27%] [32mBuilding CXX object CMakeFiles/tm_msgs__rosidl_typesupport_c.dir/rosidl_typesupport_c/tm_msgs/msg/sta_response__type_support.cpp.o[0m
[13.202s] [ 28%] [32mBuilding CXX object CMakeFiles/tm_msgs__rosidl_typesupport_introspection_cpp.dir/rosidl_typesupport_introspection_cpp/tm_msgs/msg/detail/sct_response__type_support.cpp.o[0m
[13.256s] [ 29%] [32mBuilding C object CMakeFiles/tm_msgs__rosidl_typesupport_introspection_c.dir/rosidl_typesupport_introspection_c/tm_msgs/msg/detail/feedback_state__type_support.c.o[0m
[13.346s] [ 30%] [32mBuilding CXX object CMakeFiles/tm_msgs__rosidl_typesupport_c.dir/rosidl_typesupport_c/tm_msgs/srv/connect_tm__type_support.cpp.o[0m
[13.425s] [ 31%] [32mBuilding C object CMakeFiles/tm_msgs__rosidl_typesupport_introspection_c.dir/rosidl_typesupport_introspection_c/tm_msgs/msg/detail/svr_response__type_support.c.o[0m
[13.474s] [ 32%] [32mBuilding CXX object CMakeFiles/tm_msgs__rosidl_typesupport_c.dir/rosidl_typesupport_c/tm_msgs/srv/write_item__type_support.cpp.o[0m
[13.523s] [ 33%] [32mBuilding C object CMakeFiles/tm_msgs__rosidl_typesupport_introspection_c.dir/rosidl_typesupport_introspection_c/tm_msgs/msg/detail/sct_response__type_support.c.o[0m
[13.537s] [ 35%] [32mBuilding CXX object CMakeFiles/tm_msgs__rosidl_typesupport_fastrtps_cpp.dir/rosidl_typesupport_fastrtps_cpp/tm_msgs/srv/detail/dds_fastrtps/ask_item__type_support.cpp.o[0m
[13.558s] [ 35%] [32mBuilding CXX object CMakeFiles/tm_msgs__rosidl_typesupport_cpp.dir/rosidl_typesupport_cpp/tm_msgs/msg/sct_response__type_support.cpp.o[0m
[13.626s] [ 36%] [32mBuilding CXX object CMakeFiles/tm_msgs__rosidl_typesupport_c.dir/rosidl_typesupport_c/tm_msgs/srv/ask_item__type_support.cpp.o[0m
[13.678s] [ 37%] [32mBuilding C object CMakeFiles/tm_msgs__rosidl_typesupport_introspection_c.dir/rosidl_typesupport_introspection_c/tm_msgs/srv/detail/connect_tm__type_support.c.o[0m
[13.684s] [ 37%] [32mBuilding C object CMakeFiles/tm_msgs__rosidl_typesupport_introspection_c.dir/rosidl_typesupport_introspection_c/tm_msgs/msg/detail/sta_response__type_support.c.o[0m
[13.770s] [ 38%] [32mBuilding CXX object CMakeFiles/tm_msgs__rosidl_typesupport_fastrtps_cpp.dir/rosidl_typesupport_fastrtps_cpp/tm_msgs/srv/detail/dds_fastrtps/send_script__type_support.cpp.o[0m
[13.790s] [ 38%] [32mBuilding CXX object CMakeFiles/tm_msgs__rosidl_typesupport_c.dir/rosidl_typesupport_c/tm_msgs/srv/send_script__type_support.cpp.o[0m
[13.838s] [ 39%] [32mBuilding CXX object CMakeFiles/tm_msgs__rosidl_typesupport_fastrtps_cpp.dir/rosidl_typesupport_fastrtps_cpp/tm_msgs/srv/detail/dds_fastrtps/set_event__type_support.cpp.o[0m
[13.861s] [ 40%] [32mBuilding C object CMakeFiles/tm_msgs__rosidl_typesupport_introspection_c.dir/rosidl_typesupport_introspection_c/tm_msgs/srv/detail/write_item__type_support.c.o[0m
[13.981s] [ 41%] [32mBuilding C object CMakeFiles/tm_msgs__rosidl_typesupport_introspection_c.dir/rosidl_typesupport_introspection_c/tm_msgs/srv/detail/ask_item__type_support.c.o[0m
[13.994s] [ 42%] [32mBuilding CXX object CMakeFiles/tm_msgs__rosidl_typesupport_c.dir/rosidl_typesupport_c/tm_msgs/srv/set_event__type_support.cpp.o[0m
[14.172s] [ 43%] [32mBuilding CXX object CMakeFiles/tm_msgs__rosidl_typesupport_c.dir/rosidl_typesupport_c/tm_msgs/srv/set_io__type_support.cpp.o[0m
[14.172s] [ 44%] [32mBuilding C object CMakeFiles/tm_msgs__rosidl_typesupport_introspection_c.dir/rosidl_typesupport_introspection_c/tm_msgs/srv/detail/send_script__type_support.c.o[0m
[14.280s] [ 45%] [32mBuilding CXX object CMakeFiles/tm_msgs__rosidl_typesupport_introspection_cpp.dir/rosidl_typesupport_introspection_cpp/tm_msgs/msg/detail/sta_response__type_support.cpp.o[0m
[14.294s] [ 46%] [32mBuilding CXX object CMakeFiles/tm_msgs__rosidl_typesupport_introspection_cpp.dir/rosidl_typesupport_introspection_cpp/tm_msgs/srv/detail/connect_tm__type_support.cpp.o[0m
[14.348s] [ 47%] [32mBuilding C object CMakeFiles/tm_msgs__rosidl_typesupport_introspection_c.dir/rosidl_typesupport_introspection_c/tm_msgs/srv/detail/set_event__type_support.c.o[0m
[14.350s] [ 48%] [32mBuilding CXX object CMakeFiles/tm_msgs__rosidl_typesupport_c.dir/rosidl_typesupport_c/tm_msgs/srv/set_positions__type_support.cpp.o[0m
[14.465s] [ 49%] [32mBuilding CXX object CMakeFiles/tm_msgs__rosidl_typesupport_cpp.dir/rosidl_typesupport_cpp/tm_msgs/msg/sta_response__type_support.cpp.o[0m
[14.494s] [ 50%] [32mBuilding CXX object CMakeFiles/tm_msgs__rosidl_typesupport_c.dir/rosidl_typesupport_c/tm_msgs/srv/ask_sta__type_support.cpp.o[0m
[14.526s] [ 50%] [32mBuilding C object CMakeFiles/tm_msgs__rosidl_typesupport_introspection_c.dir/rosidl_typesupport_introspection_c/tm_msgs/srv/detail/set_positions__type_support.c.o[0m
[14.537s] [ 51%] [32mBuilding C object CMakeFiles/tm_msgs__rosidl_typesupport_introspection_c.dir/rosidl_typesupport_introspection_c/tm_msgs/srv/detail/set_io__type_support.c.o[0m
[14.585s] [ 52%] [32m[1mLinking CXX shared library libtm_msgs__rosidl_typesupport_c.so[0m
[14.591s] [ 52%] [32mBuilding CXX object CMakeFiles/tm_msgs__rosidl_typesupport_cpp.dir/rosidl_typesupport_cpp/tm_msgs/srv/connect_tm__type_support.cpp.o[0m
[14.714s] [ 53%] [32mBuilding C object CMakeFiles/tm_msgs__rosidl_typesupport_introspection_c.dir/rosidl_typesupport_introspection_c/tm_msgs/srv/detail/ask_sta__type_support.c.o[0m
[14.773s] [ 53%] Built target tm_msgs__rosidl_typesupport_c
[14.837s] [ 54%] [32mBuilding CXX object CMakeFiles/tm_msgs__rosidl_typesupport_cpp.dir/rosidl_typesupport_cpp/tm_msgs/srv/write_item__type_support.cpp.o[0m
[14.938s] [ 55%] [32m[1mLinking C shared library libtm_msgs__rosidl_typesupport_introspection_c.so[0m
[15.016s] [ 56%] [32mBuilding CXX object CMakeFiles/tm_msgs__rosidl_typesupport_fastrtps_cpp.dir/rosidl_typesupport_fastrtps_cpp/tm_msgs/srv/detail/dds_fastrtps/set_io__type_support.cpp.o[0m
[15.047s] [ 56%] Built target tm_msgs__rosidl_typesupport_introspection_c
[15.059s] [ 57%] [32mBuilding CXX object CMakeFiles/tm_msgs__rosidl_typesupport_fastrtps_cpp.dir/rosidl_typesupport_fastrtps_cpp/tm_msgs/srv/detail/dds_fastrtps/set_positions__type_support.cpp.o[0m
[15.240s] [ 58%] [32mBuilding CXX object CMakeFiles/tm_msgs__rosidl_typesupport_introspection_cpp.dir/rosidl_typesupport_introspection_cpp/tm_msgs/srv/detail/write_item__type_support.cpp.o[0m
[15.250s] [ 59%] [32mBuilding CXX object CMakeFiles/tm_msgs__rosidl_typesupport_cpp.dir/rosidl_typesupport_cpp/tm_msgs/srv/ask_item__type_support.cpp.o[0m
[15.394s] [ 59%] [32mBuilding CXX object CMakeFiles/tm_msgs__rosidl_typesupport_introspection_cpp.dir/rosidl_typesupport_introspection_cpp/tm_msgs/srv/detail/ask_item__type_support.cpp.o[0m
[15.462s] [ 59%] [32mBuilding CXX object CMakeFiles/tm_msgs__rosidl_typesupport_fastrtps_cpp.dir/rosidl_typesupport_fastrtps_cpp/tm_msgs/srv/detail/dds_fastrtps/ask_sta__type_support.cpp.o[0m
[15.548s] [ 60%] [32mBuilding CXX object CMakeFiles/tm_msgs__rosidl_typesupport_cpp.dir/rosidl_typesupport_cpp/tm_msgs/srv/send_script__type_support.cpp.o[0m
[15.839s] [ 61%] [32mBuilding CXX object CMakeFiles/tm_msgs__rosidl_typesupport_cpp.dir/rosidl_typesupport_cpp/tm_msgs/srv/set_event__type_support.cpp.o[0m
[16.004s] [ 62%] [32mBuilding CXX object CMakeFiles/tm_msgs__rosidl_typesupport_introspection_cpp.dir/rosidl_typesupport_introspection_cpp/tm_msgs/srv/detail/send_script__type_support.cpp.o[0m
[16.050s] [ 63%] [32mBuilding CXX object CMakeFiles/tm_msgs__rosidl_typesupport_introspection_cpp.dir/rosidl_typesupport_introspection_cpp/tm_msgs/srv/detail/set_event__type_support.cpp.o[0m
[16.059s] [ 63%] [32mBuilding CXX object CMakeFiles/tm_msgs__rosidl_typesupport_cpp.dir/rosidl_typesupport_cpp/tm_msgs/srv/set_positions__type_support.cpp.o[0m
[16.062s] [ 64%] [32mBuilding CXX object CMakeFiles/tm_msgs__rosidl_typesupport_cpp.dir/rosidl_typesupport_cpp/tm_msgs/srv/set_io__type_support.cpp.o[0m
[16.172s] [ 65%] [32mBuilding CXX object CMakeFiles/tm_msgs__rosidl_typesupport_introspection_cpp.dir/rosidl_typesupport_introspection_cpp/tm_msgs/srv/detail/set_io__type_support.cpp.o[0m
[16.248s] [ 66%] [32mBuilding CXX object CMakeFiles/tm_msgs__rosidl_typesupport_cpp.dir/rosidl_typesupport_cpp/tm_msgs/srv/ask_sta__type_support.cpp.o[0m
[16.525s] [ 67%] [32mBuilding CXX object CMakeFiles/tm_msgs__rosidl_typesupport_introspection_cpp.dir/rosidl_typesupport_introspection_cpp/tm_msgs/srv/detail/set_positions__type_support.cpp.o[0m
[16.539s] [ 68%] [32mBuilding CXX object CMakeFiles/tm_msgs__rosidl_typesupport_introspection_cpp.dir/rosidl_typesupport_introspection_cpp/tm_msgs/srv/detail/ask_sta__type_support.cpp.o[0m
[16.694s] [ 69%] [32m[1mLinking CXX shared library libtm_msgs__rosidl_typesupport_fastrtps_cpp.so[0m
[16.863s] [ 69%] Built target tm_msgs__rosidl_typesupport_fastrtps_cpp
[16.878s] [ 70%] [34m[1mGenerating C type support for eProsima Fast-RTPS[0m
[16.925s] [ 71%] [32m[1mLinking CXX shared library libtm_msgs__rosidl_typesupport_cpp.so[0m
[16.992s] [ 71%] Built target tm_msgs__rosidl_typesupport_cpp
[17.076s] [ 72%] [32m[1mLinking CXX shared library libtm_msgs__rosidl_typesupport_introspection_cpp.so[0m
[17.191s] [ 72%] Built target tm_msgs__rosidl_typesupport_introspection_cpp
[18.847s] [35m[1mScanning dependencies of target tm_msgs__rosidl_typesupport_fastrtps_c[0m
[18.929s] [ 73%] [32mBuilding CXX object CMakeFiles/tm_msgs__rosidl_typesupport_fastrtps_c.dir/rosidl_typesupport_fastrtps_c/tm_msgs/msg/detail/feedback_state__type_support_c.cpp.o[0m
[18.980s] [ 74%] [32mBuilding CXX object CMakeFiles/tm_msgs__rosidl_typesupport_fastrtps_c.dir/rosidl_typesupport_fastrtps_c/tm_msgs/msg/detail/svr_response__type_support_c.cpp.o[0m
[19.000s] [ 74%] [32mBuilding CXX object CMakeFiles/tm_msgs__rosidl_typesupport_fastrtps_c.dir/rosidl_typesupport_fastrtps_c/tm_msgs/msg/detail/sct_response__type_support_c.cpp.o[0m
[19.031s] [ 75%] [32mBuilding CXX object CMakeFiles/tm_msgs__rosidl_typesupport_fastrtps_c.dir/rosidl_typesupport_fastrtps_c/tm_msgs/msg/detail/sta_response__type_support_c.cpp.o[0m
[19.034s] [ 76%] [32mBuilding CXX object CMakeFiles/tm_msgs__rosidl_typesupport_fastrtps_c.dir/rosidl_typesupport_fastrtps_c/tm_msgs/srv/detail/connect_tm__type_support_c.cpp.o[0m
[19.166s] [ 77%] [32mBuilding CXX object CMakeFiles/tm_msgs__rosidl_typesupport_fastrtps_c.dir/rosidl_typesupport_fastrtps_c/tm_msgs/srv/detail/ask_item__type_support_c.cpp.o[0m
[19.166s] [ 78%] [32mBuilding CXX object CMakeFiles/tm_msgs__rosidl_typesupport_fastrtps_c.dir/rosidl_typesupport_fastrtps_c/tm_msgs/srv/detail/write_item__type_support_c.cpp.o[0m
[19.198s] [ 79%] [32mBuilding CXX object CMakeFiles/tm_msgs__rosidl_typesupport_fastrtps_c.dir/rosidl_typesupport_fastrtps_c/tm_msgs/srv/detail/send_script__type_support_c.cpp.o[0m
[19.761s] [ 79%] [32mBuilding CXX object CMakeFiles/tm_msgs__rosidl_typesupport_fastrtps_c.dir/rosidl_typesupport_fastrtps_c/tm_msgs/srv/detail/set_event__type_support_c.cpp.o[0m
[19.883s] [ 80%] [32mBuilding CXX object CMakeFiles/tm_msgs__rosidl_typesupport_fastrtps_c.dir/rosidl_typesupport_fastrtps_c/tm_msgs/srv/detail/set_io__type_support_c.cpp.o[0m
[20.090s] [ 81%] [32mBuilding CXX object CMakeFiles/tm_msgs__rosidl_typesupport_fastrtps_c.dir/rosidl_typesupport_fastrtps_c/tm_msgs/srv/detail/set_positions__type_support_c.cpp.o[0m
[20.271s] [ 82%] [32mBuilding CXX object CMakeFiles/tm_msgs__rosidl_typesupport_fastrtps_c.dir/rosidl_typesupport_fastrtps_c/tm_msgs/srv/detail/ask_sta__type_support_c.cpp.o[0m
[20.832s] [ 83%] [32m[1mLinking CXX shared library libtm_msgs__rosidl_typesupport_fastrtps_c.so[0m
[20.936s] [ 83%] Built target tm_msgs__rosidl_typesupport_fastrtps_c
[20.946s] [35m[1mScanning dependencies of target tm_msgs[0m
[20.955s] [ 83%] Built target tm_msgs
[20.965s] [35m[1mScanning dependencies of target tm_msgs__py[0m
[20.974s] [ 84%] [34m[1mGenerating Python code for ROS interfaces[0m
[24.345s] [ 84%] Built target tm_msgs__py
[24.359s] [35m[1mScanning dependencies of target tm_msgs__python[0m
[24.422s] [ 86%] [32mBuilding C object CMakeFiles/tm_msgs__python.dir/rosidl_generator_py/tm_msgs/msg/_sct_response_s.c.o[0m
[24.422s] [ 86%] [32mBuilding C object CMakeFiles/tm_msgs__python.dir/rosidl_generator_py/tm_msgs/msg/_svr_response_s.c.o[0m
[24.427s] [ 87%] [32mBuilding C object CMakeFiles/tm_msgs__python.dir/rosidl_generator_py/tm_msgs/msg/_feedback_state_s.c.o[0m
[24.432s] [ 88%] [32mBuilding C object CMakeFiles/tm_msgs__python.dir/rosidl_generator_py/tm_msgs/msg/_sta_response_s.c.o[0m
[24.443s] [ 88%] [32mBuilding C object CMakeFiles/tm_msgs__python.dir/rosidl_generator_py/tm_msgs/srv/_connect_tm_s.c.o[0m
[24.493s] [ 89%] [32mBuilding C object CMakeFiles/tm_msgs__python.dir/rosidl_generator_py/tm_msgs/srv/_ask_item_s.c.o[0m
[24.526s] [ 90%] [32mBuilding C object CMakeFiles/tm_msgs__python.dir/rosidl_generator_py/tm_msgs/srv/_write_item_s.c.o[0m
[24.668s] [ 91%] [32mBuilding C object CMakeFiles/tm_msgs__python.dir/rosidl_generator_py/tm_msgs/srv/_send_script_s.c.o[0m
[24.673s] [ 92%] [32mBuilding C object CMakeFiles/tm_msgs__python.dir/rosidl_generator_py/tm_msgs/srv/_set_event_s.c.o[0m
[24.693s] [ 93%] [32mBuilding C object CMakeFiles/tm_msgs__python.dir/rosidl_generator_py/tm_msgs/srv/_ask_sta_s.c.o[0m
[24.694s] [ 94%] [32mBuilding C object CMakeFiles/tm_msgs__python.dir/rosidl_generator_py/tm_msgs/srv/_set_io_s.c.o[0m
[24.708s] [ 94%] [32mBuilding C object CMakeFiles/tm_msgs__python.dir/rosidl_generator_py/tm_msgs/srv/_set_positions_s.c.o[0m
[24.874s] [ 95%] [32m[1mLinking C shared library rosidl_generator_py/tm_msgs/libtm_msgs__python.so[0m
[24.921s] [ 95%] Built target tm_msgs__python
[24.932s] [35m[1mScanning dependencies of target tm_msgs__rosidl_typesupport_introspection_c__pyext[0m
[24.935s] [35m[1mScanning dependencies of target tm_msgs__rosidl_typesupport_c__pyext[0m
[24.936s] [35m[1mScanning dependencies of target tm_msgs__rosidl_typesupport_fastrtps_c__pyext[0m
[24.975s] [ 95%] [32mBuilding C object CMakeFiles/tm_msgs__rosidl_typesupport_c__pyext.dir/rosidl_generator_py/tm_msgs/_tm_msgs_s.ep.rosidl_typesupport_c.c.o[0m
[24.986s] [ 96%] [32mBuilding C object CMakeFiles/tm_msgs__rosidl_typesupport_introspection_c__pyext.dir/rosidl_generator_py/tm_msgs/_tm_msgs_s.ep.rosidl_typesupport_introspection_c.c.o[0m
[24.996s] [ 97%] [32mBuilding C object CMakeFiles/tm_msgs__rosidl_typesupport_fastrtps_c__pyext.dir/rosidl_generator_py/tm_msgs/_tm_msgs_s.ep.rosidl_typesupport_fastrtps_c.c.o[0m
[25.188s] [ 98%] [32m[1mLinking CXX shared library rosidl_generator_py/tm_msgs/tm_msgs_s__rosidl_typesupport_fastrtps_c.cpython-38-x86_64-linux-gnu.so[0m
[25.188s] [ 99%] [32m[1mLinking C shared library rosidl_generator_py/tm_msgs/tm_msgs_s__rosidl_typesupport_c.cpython-38-x86_64-linux-gnu.so[0m
[25.196s] [100%] [32m[1mLinking C shared library rosidl_generator_py/tm_msgs/tm_msgs_s__rosidl_typesupport_introspection_c.cpython-38-x86_64-linux-gnu.so[0m
[25.237s] [100%] Built target tm_msgs__rosidl_typesupport_c__pyext
[25.258s] [100%] Built target tm_msgs__rosidl_typesupport_introspection_c__pyext
[25.274s] [100%] Built target tm_msgs__rosidl_typesupport_fastrtps_c__pyext
[25.286s] Invoked command in '/home/omron/Omron_TM_ROS2/build/tm_msgs' returned '0': CMAKE_PREFIX_PATH=/opt/ros/foxy /usr/bin/cmake --build /home/omron/Omron_TM_ROS2/build/tm_msgs -- -j8 -l8
[25.486s] Invoking command in '/home/omron/Omron_TM_ROS2/build/tm_msgs': CMAKE_PREFIX_PATH=/opt/ros/foxy /usr/bin/cmake --install /home/omron/Omron_TM_ROS2/build/tm_msgs
[25.493s] -- Install configuration: ""
[25.494s] -- Installing: /home/omron/Omron_TM_ROS2/install/tm_msgs/share/ament_index/resource_index/rosidl_interfaces/tm_msgs
[25.494s] -- Installing: /home/omron/Omron_TM_ROS2/install/tm_msgs/include/tm_msgs
[25.494s] -- Installing: /home/omron/Omron_TM_ROS2/install/tm_msgs/include/tm_msgs/msg
[25.494s] -- Installing: /home/omron/Omron_TM_ROS2/install/tm_msgs/include/tm_msgs/msg/sta_response.h
[25.494s] -- Installing: /home/omron/Omron_TM_ROS2/install/tm_msgs/include/tm_msgs/msg/svr_response.h
[25.495s] -- Installing: /home/omron/Omron_TM_ROS2/install/tm_msgs/include/tm_msgs/msg/sct_response.h
[25.495s] -- Installing: /home/omron/Omron_TM_ROS2/install/tm_msgs/include/tm_msgs/msg/feedback_state.h
[25.495s] -- Installing: /home/omron/Omron_TM_ROS2/install/tm_msgs/include/tm_msgs/msg/detail
[25.495s] -- Installing: /home/omron/Omron_TM_ROS2/install/tm_msgs/include/tm_msgs/msg/detail/sta_response__functions.h
[25.495s] -- Installing: /home/omron/Omron_TM_ROS2/install/tm_msgs/include/tm_msgs/msg/detail/sct_response__type_support.h
[25.495s] -- Installing: /home/omron/Omron_TM_ROS2/install/tm_msgs/include/tm_msgs/msg/detail/svr_response__struct.h
[25.495s] -- Installing: /home/omron/Omron_TM_ROS2/install/tm_msgs/include/tm_msgs/msg/detail/svr_response__functions.h
[25.496s] -- Installing: /home/omron/Omron_TM_ROS2/install/tm_msgs/include/tm_msgs/msg/detail/sct_response__struct.h
[25.496s] -- Installing: /home/omron/Omron_TM_ROS2/install/tm_msgs/include/tm_msgs/msg/detail/sta_response__type_support.h
[25.496s] -- Installing: /home/omron/Omron_TM_ROS2/install/tm_msgs/include/tm_msgs/msg/detail/feedback_state__functions.c
[25.496s] -- Installing: /home/omron/Omron_TM_ROS2/install/tm_msgs/include/tm_msgs/msg/detail/feedback_state__functions.h
[25.496s] -- Installing: /home/omron/Omron_TM_ROS2/install/tm_msgs/include/tm_msgs/msg/detail/svr_response__functions.c
[25.496s] -- Installing: /home/omron/Omron_TM_ROS2/install/tm_msgs/include/tm_msgs/msg/detail/sct_response__functions.c
[25.496s] -- Installing: /home/omron/Omron_TM_ROS2/install/tm_msgs/include/tm_msgs/msg/detail/sta_response__functions.c
[25.497s] -- Installing: /home/omron/Omron_TM_ROS2/install/tm_msgs/include/tm_msgs/msg/detail/feedback_state__struct.h
[25.497s] -- Installing: /home/omron/Omron_TM_ROS2/install/tm_msgs/include/tm_msgs/msg/detail/sct_response__functions.h
[25.497s] -- Installing: /home/omron/Omron_TM_ROS2/install/tm_msgs/include/tm_msgs/msg/detail/sta_response__struct.h
[25.497s] -- Installing: /home/omron/Omron_TM_ROS2/install/tm_msgs/include/tm_msgs/msg/detail/feedback_state__type_support.h
[25.497s] -- Installing: /home/omron/Omron_TM_ROS2/install/tm_msgs/include/tm_msgs/msg/detail/svr_response__type_support.h
[25.497s] -- Installing: /home/omron/Omron_TM_ROS2/install/tm_msgs/include/tm_msgs/msg/rosidl_generator_c__visibility_control.h
[25.497s] -- Installing: /home/omron/Omron_TM_ROS2/install/tm_msgs/include/tm_msgs/srv
[25.498s] -- Installing: /home/omron/Omron_TM_ROS2/install/tm_msgs/include/tm_msgs/srv/set_positions.h
[25.498s] -- Installing: /home/omron/Omron_TM_ROS2/install/tm_msgs/include/tm_msgs/srv/write_item.h
[25.498s] -- Installing: /home/omron/Omron_TM_ROS2/install/tm_msgs/include/tm_msgs/srv/ask_sta.h
[25.498s] -- Installing: /home/omron/Omron_TM_ROS2/install/tm_msgs/include/tm_msgs/srv/send_script.h
[25.498s] -- Installing: /home/omron/Omron_TM_ROS2/install/tm_msgs/include/tm_msgs/srv/ask_item.h
[25.498s] -- Installing: /home/omron/Omron_TM_ROS2/install/tm_msgs/include/tm_msgs/srv/set_io.h
[25.498s] -- Installing: /home/omron/Omron_TM_ROS2/install/tm_msgs/include/tm_msgs/srv/set_event.h
[25.499s] -- Installing: /home/omron/Omron_TM_ROS2/install/tm_msgs/include/tm_msgs/srv/detail
[25.499s] -- Installing: /home/omron/Omron_TM_ROS2/install/tm_msgs/include/tm_msgs/srv/detail/connect_tm__struct.h
[25.499s] -- Installing: /home/omron/Omron_TM_ROS2/install/tm_msgs/include/tm_msgs/srv/detail/ask_item__functions.c
[25.499s] -- Installing: /home/omron/Omron_TM_ROS2/install/tm_msgs/include/tm_msgs/srv/detail/send_script__type_support.h
[25.499s] -- Installing: /home/omron/Omron_TM_ROS2/install/tm_msgs/include/tm_msgs/srv/detail/set_event__struct.h
[25.499s] -- Installing: /home/omron/Omron_TM_ROS2/install/tm_msgs/include/tm_msgs/srv/detail/set_io__type_support.h
[25.499s] -- Installing: /home/omron/Omron_TM_ROS2/install/tm_msgs/include/tm_msgs/srv/detail/set_io__struct.h
[25.499s] -- Installing: /home/omron/Omron_TM_ROS2/install/tm_msgs/include/tm_msgs/srv/detail/write_item__functions.c
[25.499s] -- Installing: /home/omron/Omron_TM_ROS2/install/tm_msgs/include/tm_msgs/srv/detail/ask_item__type_support.h
[25.500s] -- Installing: /home/omron/Omron_TM_ROS2/install/tm_msgs/include/tm_msgs/srv/detail/ask_sta__struct.h
[25.500s] -- Installing: /home/omron/Omron_TM_ROS2/install/tm_msgs/include/tm_msgs/srv/detail/ask_sta__functions.h
[25.500s] -- Installing: /home/omron/Omron_TM_ROS2/install/tm_msgs/include/tm_msgs/srv/detail/set_positions__type_support.h
[25.500s] -- Installing: /home/omron/Omron_TM_ROS2/install/tm_msgs/include/tm_msgs/srv/detail/connect_tm__type_support.h
[25.500s] -- Installing: /home/omron/Omron_TM_ROS2/install/tm_msgs/include/tm_msgs/srv/detail/set_positions__struct.h
[25.500s] -- Installing: /home/omron/Omron_TM_ROS2/install/tm_msgs/include/tm_msgs/srv/detail/connect_tm__functions.c
[25.501s] -- Installing: /home/omron/Omron_TM_ROS2/install/tm_msgs/include/tm_msgs/srv/detail/ask_sta__functions.c
[25.501s] -- Installing: /home/omron/Omron_TM_ROS2/install/tm_msgs/include/tm_msgs/srv/detail/ask_item__functions.h
[25.501s] -- Installing: /home/omron/Omron_TM_ROS2/install/tm_msgs/include/tm_msgs/srv/detail/set_io__functions.h
[25.501s] -- Installing: /home/omron/Omron_TM_ROS2/install/tm_msgs/include/tm_msgs/srv/detail/set_positions__functions.c
[25.501s] -- Installing: /home/omron/Omron_TM_ROS2/install/tm_msgs/include/tm_msgs/srv/detail/set_event__functions.c
[25.501s] -- Installing: /home/omron/Omron_TM_ROS2/install/tm_msgs/include/tm_msgs/srv/detail/set_positions__functions.h
[25.502s] -- Installing: /home/omron/Omron_TM_ROS2/install/tm_msgs/include/tm_msgs/srv/detail/set_event__functions.h
[25.502s] -- Installing: /home/omron/Omron_TM_ROS2/install/tm_msgs/include/tm_msgs/srv/detail/ask_item__struct.h
[25.502s] -- Installing: /home/omron/Omron_TM_ROS2/install/tm_msgs/include/tm_msgs/srv/detail/send_script__struct.h
[25.502s] -- Installing: /home/omron/Omron_TM_ROS2/install/tm_msgs/include/tm_msgs/srv/detail/write_item__functions.h
[25.502s] -- Installing: /home/omron/Omron_TM_ROS2/install/tm_msgs/include/tm_msgs/srv/detail/ask_sta__type_support.h
[25.502s] -- Installing: /home/omron/Omron_TM_ROS2/install/tm_msgs/include/tm_msgs/srv/detail/set_io__functions.c
[25.502s] -- Installing: /home/omron/Omron_TM_ROS2/install/tm_msgs/include/tm_msgs/srv/detail/send_script__functions.c
[25.502s] -- Installing: /home/omron/Omron_TM_ROS2/install/tm_msgs/include/tm_msgs/srv/detail/write_item__struct.h
[25.503s] -- Installing: /home/omron/Omron_TM_ROS2/install/tm_msgs/include/tm_msgs/srv/detail/set_event__type_support.h
[25.503s] -- Installing: /home/omron/Omron_TM_ROS2/install/tm_msgs/include/tm_msgs/srv/detail/send_script__functions.h
[25.503s] -- Installing: /home/omron/Omron_TM_ROS2/install/tm_msgs/include/tm_msgs/srv/detail/write_item__type_support.h
[25.503s] -- Installing: /home/omron/Omron_TM_ROS2/install/tm_msgs/include/tm_msgs/srv/detail/connect_tm__functions.h
[25.503s] -- Installing: /home/omron/Omron_TM_ROS2/install/tm_msgs/include/tm_msgs/srv/connect_tm.h
[25.503s] -- Installing: /home/omron/Omron_TM_ROS2/install/tm_msgs/share/tm_msgs/environment/library_path.sh
[25.503s] -- Installing: /home/omron/Omron_TM_ROS2/install/tm_msgs/share/tm_msgs/environment/library_path.dsv
[25.503s] -- Installing: /home/omron/Omron_TM_ROS2/install/tm_msgs/lib/libtm_msgs__rosidl_generator_c.so
[25.504s] -- Set runtime path of "/home/omron/Omron_TM_ROS2/install/tm_msgs/lib/libtm_msgs__rosidl_generator_c.so" to ""
[25.504s] -- Up-to-date: /home/omron/Omron_TM_ROS2/install/tm_msgs/include/tm_msgs
[25.504s] -- Up-to-date: /home/omron/Omron_TM_ROS2/install/tm_msgs/include/tm_msgs/msg
[25.504s] -- Installing: /home/omron/Omron_TM_ROS2/install/tm_msgs/include/tm_msgs/msg/rosidl_typesupport_fastrtps_c__visibility_control.h
[25.504s] -- Up-to-date: /home/omron/Omron_TM_ROS2/install/tm_msgs/include/tm_msgs/msg/detail
[25.504s] -- Installing: /home/omron/Omron_TM_ROS2/install/tm_msgs/include/tm_msgs/msg/detail/sct_response__rosidl_typesupport_fastrtps_c.h
[25.504s] -- Installing: /home/omron/Omron_TM_ROS2/install/tm_msgs/include/tm_msgs/msg/detail/feedback_state__rosidl_typesupport_fastrtps_c.h
[25.505s] -- Installing: /home/omron/Omron_TM_ROS2/install/tm_msgs/include/tm_msgs/msg/detail/sta_response__rosidl_typesupport_fastrtps_c.h
[25.505s] -- Installing: /home/omron/Omron_TM_ROS2/install/tm_msgs/include/tm_msgs/msg/detail/svr_response__rosidl_typesupport_fastrtps_c.h
[25.505s] -- Up-to-date: /home/omron/Omron_TM_ROS2/install/tm_msgs/include/tm_msgs/srv
[25.505s] -- Up-to-date: /home/omron/Omron_TM_ROS2/install/tm_msgs/include/tm_msgs/srv/detail
[25.505s] -- Installing: /home/omron/Omron_TM_ROS2/install/tm_msgs/include/tm_msgs/srv/detail/set_event__rosidl_typesupport_fastrtps_c.h
[25.505s] -- Installing: /home/omron/Omron_TM_ROS2/install/tm_msgs/include/tm_msgs/srv/detail/send_script__rosidl_typesupport_fastrtps_c.h
[25.505s] -- Installing: /home/omron/Omron_TM_ROS2/install/tm_msgs/include/tm_msgs/srv/detail/set_io__rosidl_typesupport_fastrtps_c.h
[25.505s] -- Installing: /home/omron/Omron_TM_ROS2/install/tm_msgs/include/tm_msgs/srv/detail/connect_tm__rosidl_typesupport_fastrtps_c.h
[25.505s] -- Installing: /home/omron/Omron_TM_ROS2/install/tm_msgs/include/tm_msgs/srv/detail/set_positions__rosidl_typesupport_fastrtps_c.h
[25.506s] -- Installing: /home/omron/Omron_TM_ROS2/install/tm_msgs/include/tm_msgs/srv/detail/ask_sta__rosidl_typesupport_fastrtps_c.h
[25.506s] -- Installing: /home/omron/Omron_TM_ROS2/install/tm_msgs/include/tm_msgs/srv/detail/ask_item__rosidl_typesupport_fastrtps_c.h
[25.506s] -- Installing: /home/omron/Omron_TM_ROS2/install/tm_msgs/include/tm_msgs/srv/detail/write_item__rosidl_typesupport_fastrtps_c.h
[25.506s] -- Installing: /home/omron/Omron_TM_ROS2/install/tm_msgs/lib/libtm_msgs__rosidl_typesupport_fastrtps_c.so
[25.507s] -- Set runtime path of "/home/omron/Omron_TM_ROS2/install/tm_msgs/lib/libtm_msgs__rosidl_typesupport_fastrtps_c.so" to ""
[25.507s] -- Up-to-date: /home/omron/Omron_TM_ROS2/install/tm_msgs/include/tm_msgs
[25.507s] -- Up-to-date: /home/omron/Omron_TM_ROS2/install/tm_msgs/include/tm_msgs/msg
[25.507s] -- Installing: /home/omron/Omron_TM_ROS2/install/tm_msgs/include/tm_msgs/msg/rosidl_typesupport_fastrtps_cpp__visibility_control.h
[25.507s] -- Up-to-date: /home/omron/Omron_TM_ROS2/install/tm_msgs/include/tm_msgs/msg/detail
[25.508s] -- Installing: /home/omron/Omron_TM_ROS2/install/tm_msgs/include/tm_msgs/msg/detail/svr_response__rosidl_typesupport_fastrtps_cpp.hpp
[25.508s] -- Installing: /home/omron/Omron_TM_ROS2/install/tm_msgs/include/tm_msgs/msg/detail/sta_response__rosidl_typesupport_fastrtps_cpp.hpp
[25.508s] -- Installing: /home/omron/Omron_TM_ROS2/install/tm_msgs/include/tm_msgs/msg/detail/dds_fastrtps
[25.508s] -- Installing: /home/omron/Omron_TM_ROS2/install/tm_msgs/include/tm_msgs/msg/detail/feedback_state__rosidl_typesupport_fastrtps_cpp.hpp
[25.508s] -- Installing: /home/omron/Omron_TM_ROS2/install/tm_msgs/include/tm_msgs/msg/detail/sct_response__rosidl_typesupport_fastrtps_cpp.hpp
[25.508s] -- Up-to-date: /home/omron/Omron_TM_ROS2/install/tm_msgs/include/tm_msgs/srv
[25.508s] -- Up-to-date: /home/omron/Omron_TM_ROS2/install/tm_msgs/include/tm_msgs/srv/detail
[25.509s] -- Installing: /home/omron/Omron_TM_ROS2/install/tm_msgs/include/tm_msgs/srv/detail/connect_tm__rosidl_typesupport_fastrtps_cpp.hpp
[25.509s] -- Installing: /home/omron/Omron_TM_ROS2/install/tm_msgs/include/tm_msgs/srv/detail/dds_fastrtps
[25.509s] -- Installing: /home/omron/Omron_TM_ROS2/install/tm_msgs/include/tm_msgs/srv/detail/set_io__rosidl_typesupport_fastrtps_cpp.hpp
[25.509s] -- Installing: /home/omron/Omron_TM_ROS2/install/tm_msgs/include/tm_msgs/srv/detail/set_positions__rosidl_typesupport_fastrtps_cpp.hpp
[25.509s] -- Installing: /home/omron/Omron_TM_ROS2/install/tm_msgs/include/tm_msgs/srv/detail/ask_sta__rosidl_typesupport_fastrtps_cpp.hpp
[25.509s] -- Installing: /home/omron/Omron_TM_ROS2/install/tm_msgs/include/tm_msgs/srv/detail/set_event__rosidl_typesupport_fastrtps_cpp.hpp
[25.509s] -- Installing: /home/omron/Omron_TM_ROS2/install/tm_msgs/include/tm_msgs/srv/detail/write_item__rosidl_typesupport_fastrtps_cpp.hpp
[25.509s] -- Installing: /home/omron/Omron_TM_ROS2/install/tm_msgs/include/tm_msgs/srv/detail/ask_item__rosidl_typesupport_fastrtps_cpp.hpp
[25.510s] -- Installing: /home/omron/Omron_TM_ROS2/install/tm_msgs/include/tm_msgs/srv/detail/send_script__rosidl_typesupport_fastrtps_cpp.hpp
[25.510s] -- Installing: /home/omron/Omron_TM_ROS2/install/tm_msgs/lib/libtm_msgs__rosidl_typesupport_fastrtps_cpp.so
[25.510s] -- Set runtime path of "/home/omron/Omron_TM_ROS2/install/tm_msgs/lib/libtm_msgs__rosidl_typesupport_fastrtps_cpp.so" to ""
[25.510s] -- Up-to-date: /home/omron/Omron_TM_ROS2/install/tm_msgs/include/tm_msgs
[25.510s] -- Up-to-date: /home/omron/Omron_TM_ROS2/install/tm_msgs/include/tm_msgs/msg
[25.510s] -- Installing: /home/omron/Omron_TM_ROS2/install/tm_msgs/include/tm_msgs/msg/rosidl_typesupport_introspection_c__visibility_control.h
[25.511s] -- Up-to-date: /home/omron/Omron_TM_ROS2/install/tm_msgs/include/tm_msgs/msg/detail
[25.511s] -- Installing: /home/omron/Omron_TM_ROS2/install/tm_msgs/include/tm_msgs/msg/detail/feedback_state__rosidl_typesupport_introspection_c.h
[25.511s] -- Installing: /home/omron/Omron_TM_ROS2/install/tm_msgs/include/tm_msgs/msg/detail/feedback_state__type_support.c
[25.511s] -- Installing: /home/omron/Omron_TM_ROS2/install/tm_msgs/include/tm_msgs/msg/detail/sta_response__rosidl_typesupport_introspection_c.h
[25.511s] -- Installing: /home/omron/Omron_TM_ROS2/install/tm_msgs/include/tm_msgs/msg/detail/sta_response__type_support.c
[25.511s] -- Installing: /home/omron/Omron_TM_ROS2/install/tm_msgs/include/tm_msgs/msg/detail/sct_response__type_support.c
[25.511s] -- Installing: /home/omron/Omron_TM_ROS2/install/tm_msgs/include/tm_msgs/msg/detail/svr_response__type_support.c
[25.511s] -- Installing: /home/omron/Omron_TM_ROS2/install/tm_msgs/include/tm_msgs/msg/detail/sct_response__rosidl_typesupport_introspection_c.h
[25.512s] -- Installing: /home/omron/Omron_TM_ROS2/install/tm_msgs/include/tm_msgs/msg/detail/svr_response__rosidl_typesupport_introspection_c.h
[25.512s] -- Up-to-date: /home/omron/Omron_TM_ROS2/install/tm_msgs/include/tm_msgs/srv
[25.512s] -- Up-to-date: /home/omron/Omron_TM_ROS2/install/tm_msgs/include/tm_msgs/srv/detail
[25.512s] -- Installing: /home/omron/Omron_TM_ROS2/install/tm_msgs/include/tm_msgs/srv/detail/set_positions__type_support.c
[25.512s] -- Installing: /home/omron/Omron_TM_ROS2/install/tm_msgs/include/tm_msgs/srv/detail/send_script__type_support.c
[25.512s] -- Installing: /home/omron/Omron_TM_ROS2/install/tm_msgs/include/tm_msgs/srv/detail/connect_tm__type_support.c
[25.512s] -- Installing: /home/omron/Omron_TM_ROS2/install/tm_msgs/include/tm_msgs/srv/detail/set_event__rosidl_typesupport_introspection_c.h
[25.513s] -- Installing: /home/omron/Omron_TM_ROS2/install/tm_msgs/include/tm_msgs/srv/detail/set_io__rosidl_typesupport_introspection_c.h
[25.513s] -- Installing: /home/omron/Omron_TM_ROS2/install/tm_msgs/include/tm_msgs/srv/detail/set_positions__rosidl_typesupport_introspection_c.h
[25.513s] -- Installing: /home/omron/Omron_TM_ROS2/install/tm_msgs/include/tm_msgs/srv/detail/send_script__rosidl_typesupport_introspection_c.h
[25.513s] -- Installing: /home/omron/Omron_TM_ROS2/install/tm_msgs/include/tm_msgs/srv/detail/set_event__type_support.c
[25.513s] -- Installing: /home/omron/Omron_TM_ROS2/install/tm_msgs/include/tm_msgs/srv/detail/ask_sta__type_support.c
[25.513s] -- Installing: /home/omron/Omron_TM_ROS2/install/tm_msgs/include/tm_msgs/srv/detail/write_item__type_support.c
[25.513s] -- Installing: /home/omron/Omron_TM_ROS2/install/tm_msgs/include/tm_msgs/srv/detail/connect_tm__rosidl_typesupport_introspection_c.h
[25.513s] -- Installing: /home/omron/Omron_TM_ROS2/install/tm_msgs/include/tm_msgs/srv/detail/ask_sta__rosidl_typesupport_introspection_c.h
[25.514s] -- Installing: /home/omron/Omron_TM_ROS2/install/tm_msgs/include/tm_msgs/srv/detail/ask_item__type_support.c
[25.514s] -- Installing: /home/omron/Omron_TM_ROS2/install/tm_msgs/include/tm_msgs/srv/detail/write_item__rosidl_typesupport_introspection_c.h
[25.514s] -- Installing: /home/omron/Omron_TM_ROS2/install/tm_msgs/include/tm_msgs/srv/detail/set_io__type_support.c
[25.514s] -- Installing: /home/omron/Omron_TM_ROS2/install/tm_msgs/include/tm_msgs/srv/detail/ask_item__rosidl_typesupport_introspection_c.h
[25.514s] -- Installing: /home/omron/Omron_TM_ROS2/install/tm_msgs/lib/libtm_msgs__rosidl_typesupport_introspection_c.so
[25.514s] -- Set runtime path of "/home/omron/Omron_TM_ROS2/install/tm_msgs/lib/libtm_msgs__rosidl_typesupport_introspection_c.so" to ""
[25.515s] -- Installing: /home/omron/Omron_TM_ROS2/install/tm_msgs/lib/libtm_msgs__rosidl_typesupport_c.so
[25.515s] -- Set runtime path of "/home/omron/Omron_TM_ROS2/install/tm_msgs/lib/libtm_msgs__rosidl_typesupport_c.so" to ""
[25.515s] -- Up-to-date: /home/omron/Omron_TM_ROS2/install/tm_msgs/include/tm_msgs
[25.516s] -- Up-to-date: /home/omron/Omron_TM_ROS2/install/tm_msgs/include/tm_msgs/msg
[25.516s] -- Installing: /home/omron/Omron_TM_ROS2/install/tm_msgs/include/tm_msgs/msg/sct_response.hpp
[25.516s] -- Installing: /home/omron/Omron_TM_ROS2/install/tm_msgs/include/tm_msgs/msg/sta_response.hpp
[25.516s] -- Installing: /home/omron/Omron_TM_ROS2/install/tm_msgs/include/tm_msgs/msg/svr_response.hpp
[25.516s] -- Installing: /home/omron/Omron_TM_ROS2/install/tm_msgs/include/tm_msgs/msg/feedback_state.hpp
[25.517s] -- Up-to-date: /home/omron/Omron_TM_ROS2/install/tm_msgs/include/tm_msgs/msg/detail
[25.517s] -- Installing: /home/omron/Omron_TM_ROS2/install/tm_msgs/include/tm_msgs/msg/detail/svr_response__builder.hpp
[25.517s] -- Installing: /home/omron/Omron_TM_ROS2/install/tm_msgs/include/tm_msgs/msg/detail/svr_response__traits.hpp
[25.517s] -- Installing: /home/omron/Omron_TM_ROS2/install/tm_msgs/include/tm_msgs/msg/detail/svr_response__struct.hpp
[25.517s] -- Installing: /home/omron/Omron_TM_ROS2/install/tm_msgs/include/tm_msgs/msg/detail/sta_response__builder.hpp
[25.517s] -- Installing: /home/omron/Omron_TM_ROS2/install/tm_msgs/include/tm_msgs/msg/detail/sct_response__traits.hpp
[25.517s] -- Installing: /home/omron/Omron_TM_ROS2/install/tm_msgs/include/tm_msgs/msg/detail/feedback_state__builder.hpp
[25.518s] -- Installing: /home/omron/Omron_TM_ROS2/install/tm_msgs/include/tm_msgs/msg/detail/feedback_state__struct.hpp
[25.518s] -- Installing: /home/omron/Omron_TM_ROS2/install/tm_msgs/include/tm_msgs/msg/detail/sta_response__traits.hpp
[25.518s] -- Installing: /home/omron/Omron_TM_ROS2/install/tm_msgs/include/tm_msgs/msg/detail/feedback_state__traits.hpp
[25.518s] -- Installing: /home/omron/Omron_TM_ROS2/install/tm_msgs/include/tm_msgs/msg/detail/sct_response__builder.hpp
[25.518s] -- Installing: /home/omron/Omron_TM_ROS2/install/tm_msgs/include/tm_msgs/msg/detail/sta_response__struct.hpp
[25.518s] -- Installing: /home/omron/Omron_TM_ROS2/install/tm_msgs/include/tm_msgs/msg/detail/sct_response__struct.hpp
[25.518s] -- Up-to-date: /home/omron/Omron_TM_ROS2/install/tm_msgs/include/tm_msgs/srv
[25.519s] -- Installing: /home/omron/Omron_TM_ROS2/install/tm_msgs/include/tm_msgs/srv/set_positions.hpp
[25.519s] -- Installing: /home/omron/Omron_TM_ROS2/install/tm_msgs/include/tm_msgs/srv/ask_sta.hpp
[25.519s] -- Installing: /home/omron/Omron_TM_ROS2/install/tm_msgs/include/tm_msgs/srv/connect_tm.hpp
[25.519s] -- Installing: /home/omron/Omron_TM_ROS2/install/tm_msgs/include/tm_msgs/srv/ask_item.hpp
[25.519s] -- Installing: /home/omron/Omron_TM_ROS2/install/tm_msgs/include/tm_msgs/srv/set_event.hpp
[25.519s] -- Up-to-date: /home/omron/Omron_TM_ROS2/install/tm_msgs/include/tm_msgs/srv/detail
[25.519s] -- Installing: /home/omron/Omron_TM_ROS2/install/tm_msgs/include/tm_msgs/srv/detail/ask_item__struct.hpp
[25.520s] -- Installing: /home/omron/Omron_TM_ROS2/install/tm_msgs/include/tm_msgs/srv/detail/ask_item__traits.hpp
[25.520s] -- Installing: /home/omron/Omron_TM_ROS2/install/tm_msgs/include/tm_msgs/srv/detail/ask_sta__struct.hpp
[25.520s] -- Installing: /home/omron/Omron_TM_ROS2/install/tm_msgs/include/tm_msgs/srv/detail/write_item__builder.hpp
[25.520s] -- Installing: /home/omron/Omron_TM_ROS2/install/tm_msgs/include/tm_msgs/srv/detail/ask_item__builder.hpp
[25.520s] -- Installing: /home/omron/Omron_TM_ROS2/install/tm_msgs/include/tm_msgs/srv/detail/ask_sta__traits.hpp
[25.520s] -- Installing: /home/omron/Omron_TM_ROS2/install/tm_msgs/include/tm_msgs/srv/detail/write_item__traits.hpp
[25.520s] -- Installing: /home/omron/Omron_TM_ROS2/install/tm_msgs/include/tm_msgs/srv/detail/set_io__struct.hpp
[25.520s] -- Installing: /home/omron/Omron_TM_ROS2/install/tm_msgs/include/tm_msgs/srv/detail/set_positions__traits.hpp
[25.521s] -- Installing: /home/omron/Omron_TM_ROS2/install/tm_msgs/include/tm_msgs/srv/detail/set_io__traits.hpp
[25.521s] -- Installing: /home/omron/Omron_TM_ROS2/install/tm_msgs/include/tm_msgs/srv/detail/send_script__struct.hpp
[25.521s] -- Installing: /home/omron/Omron_TM_ROS2/install/tm_msgs/include/tm_msgs/srv/detail/set_io__builder.hpp
[25.521s] -- Installing: /home/omron/Omron_TM_ROS2/install/tm_msgs/include/tm_msgs/srv/detail/send_script__builder.hpp
[25.521s] -- Installing: /home/omron/Omron_TM_ROS2/install/tm_msgs/include/tm_msgs/srv/detail/set_positions__builder.hpp
[25.522s] -- Installing: /home/omron/Omron_TM_ROS2/install/tm_msgs/include/tm_msgs/srv/detail/set_positions__struct.hpp
[25.522s] -- Installing: /home/omron/Omron_TM_ROS2/install/tm_msgs/include/tm_msgs/srv/detail/connect_tm__traits.hpp
[25.522s] -- Installing: /home/omron/Omron_TM_ROS2/install/tm_msgs/include/tm_msgs/srv/detail/connect_tm__builder.hpp
[25.522s] -- Installing: /home/omron/Omron_TM_ROS2/install/tm_msgs/include/tm_msgs/srv/detail/send_script__traits.hpp
[25.522s] -- Installing: /home/omron/Omron_TM_ROS2/install/tm_msgs/include/tm_msgs/srv/detail/ask_sta__builder.hpp
[25.522s] -- Installing: /home/omron/Omron_TM_ROS2/install/tm_msgs/include/tm_msgs/srv/detail/set_event__traits.hpp
[25.522s] -- Installing: /home/omron/Omron_TM_ROS2/install/tm_msgs/include/tm_msgs/srv/detail/set_event__builder.hpp
[25.522s] -- Installing: /home/omron/Omron_TM_ROS2/install/tm_msgs/include/tm_msgs/srv/detail/set_event__struct.hpp
[25.523s] -- Installing: /home/omron/Omron_TM_ROS2/install/tm_msgs/include/tm_msgs/srv/detail/connect_tm__struct.hpp
[25.523s] -- Installing: /home/omron/Omron_TM_ROS2/install/tm_msgs/include/tm_msgs/srv/detail/write_item__struct.hpp
[25.523s] -- Installing: /home/omron/Omron_TM_ROS2/install/tm_msgs/include/tm_msgs/srv/set_io.hpp
[25.523s] -- Installing: /home/omron/Omron_TM_ROS2/install/tm_msgs/include/tm_msgs/srv/send_script.hpp
[25.523s] -- Installing: /home/omron/Omron_TM_ROS2/install/tm_msgs/include/tm_msgs/srv/write_item.hpp
[25.523s] -- Up-to-date: /home/omron/Omron_TM_ROS2/install/tm_msgs/include/tm_msgs
[25.523s] -- Up-to-date: /home/omron/Omron_TM_ROS2/install/tm_msgs/include/tm_msgs/msg
[25.523s] -- Up-to-date: /home/omron/Omron_TM_ROS2/install/tm_msgs/include/tm_msgs/msg/detail
[25.524s] -- Installing: /home/omron/Omron_TM_ROS2/install/tm_msgs/include/tm_msgs/msg/detail/feedback_state__rosidl_typesupport_introspection_cpp.hpp
[25.524s] -- Installing: /home/omron/Omron_TM_ROS2/install/tm_msgs/include/tm_msgs/msg/detail/svr_response__type_support.cpp
[25.524s] -- Installing: /home/omron/Omron_TM_ROS2/install/tm_msgs/include/tm_msgs/msg/detail/sta_response__type_support.cpp
[25.524s] -- Installing: /home/omron/Omron_TM_ROS2/install/tm_msgs/include/tm_msgs/msg/detail/sta_response__rosidl_typesupport_introspection_cpp.hpp
[25.524s] -- Installing: /home/omron/Omron_TM_ROS2/install/tm_msgs/include/tm_msgs/msg/detail/sct_response__type_support.cpp
[25.524s] -- Installing: /home/omron/Omron_TM_ROS2/install/tm_msgs/include/tm_msgs/msg/detail/sct_response__rosidl_typesupport_introspection_cpp.hpp
[25.524s] -- Installing: /home/omron/Omron_TM_ROS2/install/tm_msgs/include/tm_msgs/msg/detail/svr_response__rosidl_typesupport_introspection_cpp.hpp
[25.525s] -- Installing: /home/omron/Omron_TM_ROS2/install/tm_msgs/include/tm_msgs/msg/detail/feedback_state__type_support.cpp
[25.525s] -- Up-to-date: /home/omron/Omron_TM_ROS2/install/tm_msgs/include/tm_msgs/srv
[25.525s] -- Up-to-date: /home/omron/Omron_TM_ROS2/install/tm_msgs/include/tm_msgs/srv/detail
[25.525s] -- Installing: /home/omron/Omron_TM_ROS2/install/tm_msgs/include/tm_msgs/srv/detail/ask_item__rosidl_typesupport_introspection_cpp.hpp
[25.525s] -- Installing: /home/omron/Omron_TM_ROS2/install/tm_msgs/include/tm_msgs/srv/detail/ask_sta__type_support.cpp
[25.525s] -- Installing: /home/omron/Omron_TM_ROS2/install/tm_msgs/include/tm_msgs/srv/detail/set_event__type_support.cpp
[25.525s] -- Installing: /home/omron/Omron_TM_ROS2/install/tm_msgs/include/tm_msgs/srv/detail/ask_item__type_support.cpp
[25.525s] -- Installing: /home/omron/Omron_TM_ROS2/install/tm_msgs/include/tm_msgs/srv/detail/ask_sta__rosidl_typesupport_introspection_cpp.hpp
[25.526s] -- Installing: /home/omron/Omron_TM_ROS2/install/tm_msgs/include/tm_msgs/srv/detail/write_item__rosidl_typesupport_introspection_cpp.hpp
[25.526s] -- Installing: /home/omron/Omron_TM_ROS2/install/tm_msgs/include/tm_msgs/srv/detail/set_positions__rosidl_typesupport_introspection_cpp.hpp
[25.526s] -- Installing: /home/omron/Omron_TM_ROS2/install/tm_msgs/include/tm_msgs/srv/detail/connect_tm__type_support.cpp
[25.526s] -- Installing: /home/omron/Omron_TM_ROS2/install/tm_msgs/include/tm_msgs/srv/detail/connect_tm__rosidl_typesupport_introspection_cpp.hpp
[25.526s] -- Installing: /home/omron/Omron_TM_ROS2/install/tm_msgs/include/tm_msgs/srv/detail/set_io__type_support.cpp
[25.526s] -- Installing: /home/omron/Omron_TM_ROS2/install/tm_msgs/include/tm_msgs/srv/detail/send_script__type_support.cpp
[25.526s] -- Installing: /home/omron/Omron_TM_ROS2/install/tm_msgs/include/tm_msgs/srv/detail/send_script__rosidl_typesupport_introspection_cpp.hpp
[25.526s] -- Installing: /home/omron/Omron_TM_ROS2/install/tm_msgs/include/tm_msgs/srv/detail/write_item__type_support.cpp
[25.526s] -- Installing: /home/omron/Omron_TM_ROS2/install/tm_msgs/include/tm_msgs/srv/detail/set_io__rosidl_typesupport_introspection_cpp.hpp
[25.526s] -- Installing: /home/omron/Omron_TM_ROS2/install/tm_msgs/include/tm_msgs/srv/detail/set_positions__type_support.cpp
[25.526s] -- Installing: /home/omron/Omron_TM_ROS2/install/tm_msgs/include/tm_msgs/srv/detail/set_event__rosidl_typesupport_introspection_cpp.hpp
[25.526s] -- Installing: /home/omron/Omron_TM_ROS2/install/tm_msgs/lib/libtm_msgs__rosidl_typesupport_introspection_cpp.so
[25.527s] -- Set runtime path of "/home/omron/Omron_TM_ROS2/install/tm_msgs/lib/libtm_msgs__rosidl_typesupport_introspection_cpp.so" to ""
[25.528s] -- Installing: /home/omron/Omron_TM_ROS2/install/tm_msgs/lib/libtm_msgs__rosidl_typesupport_cpp.so
[25.528s] -- Set runtime path of "/home/omron/Omron_TM_ROS2/install/tm_msgs/lib/libtm_msgs__rosidl_typesupport_cpp.so" to ""
[25.528s] -- Installing: /home/omron/Omron_TM_ROS2/install/tm_msgs/share/tm_msgs/environment/pythonpath.sh
[25.528s] -- Installing: /home/omron/Omron_TM_ROS2/install/tm_msgs/share/tm_msgs/environment/pythonpath.dsv
[25.528s] -- Installing: /home/omron/Omron_TM_ROS2/install/tm_msgs/lib/python3.8/site-packages/tm_msgs/__init__.py
[25.569s] Compiling '/home/omron/Omron_TM_ROS2/install/tm_msgs/lib/python3.8/site-packages/tm_msgs/__init__.py'...
[25.575s] -- Installing: /home/omron/Omron_TM_ROS2/install/tm_msgs/lib/python3.8/site-packages/tm_msgs/msg
[25.575s] -- Installing: /home/omron/Omron_TM_ROS2/install/tm_msgs/lib/python3.8/site-packages/tm_msgs/msg/_sct_response_s.c
[25.575s] -- Installing: /home/omron/Omron_TM_ROS2/install/tm_msgs/lib/python3.8/site-packages/tm_msgs/msg/_sct_response.py
[25.575s] -- Installing: /home/omron/Omron_TM_ROS2/install/tm_msgs/lib/python3.8/site-packages/tm_msgs/msg/_sta_response.py
[25.576s] -- Installing: /home/omron/Omron_TM_ROS2/install/tm_msgs/lib/python3.8/site-packages/tm_msgs/msg/_feedback_state.py
[25.576s] -- Installing: /home/omron/Omron_TM_ROS2/install/tm_msgs/lib/python3.8/site-packages/tm_msgs/msg/_svr_response.py
[25.576s] -- Installing: /home/omron/Omron_TM_ROS2/install/tm_msgs/lib/python3.8/site-packages/tm_msgs/msg/_svr_response_s.c
[25.576s] -- Installing: /home/omron/Omron_TM_ROS2/install/tm_msgs/lib/python3.8/site-packages/tm_msgs/msg/__init__.py
[25.576s] -- Installing: /home/omron/Omron_TM_ROS2/install/tm_msgs/lib/python3.8/site-packages/tm_msgs/msg/_feedback_state_s.c
[25.580s] -- Installing: /home/omron/Omron_TM_ROS2/install/tm_msgs/lib/python3.8/site-packages/tm_msgs/msg/_sta_response_s.c
[25.580s] -- Installing: /home/omron/Omron_TM_ROS2/install/tm_msgs/lib/python3.8/site-packages/tm_msgs/srv
[25.580s] -- Installing: /home/omron/Omron_TM_ROS2/install/tm_msgs/lib/python3.8/site-packages/tm_msgs/srv/_write_item_s.c
[25.580s] -- Installing: /home/omron/Omron_TM_ROS2/install/tm_msgs/lib/python3.8/site-packages/tm_msgs/srv/_write_item.py
[25.580s] -- Installing: /home/omron/Omron_TM_ROS2/install/tm_msgs/lib/python3.8/site-packages/tm_msgs/srv/_set_event_s.c
[25.580s] -- Installing: /home/omron/Omron_TM_ROS2/install/tm_msgs/lib/python3.8/site-packages/tm_msgs/srv/_set_positions.py
[25.581s] -- Installing: /home/omron/Omron_TM_ROS2/install/tm_msgs/lib/python3.8/site-packages/tm_msgs/srv/_connect_tm_s.c
[25.581s] -- Installing: /home/omron/Omron_TM_ROS2/install/tm_msgs/lib/python3.8/site-packages/tm_msgs/srv/_send_script_s.c
[25.581s] -- Installing: /home/omron/Omron_TM_ROS2/install/tm_msgs/lib/python3.8/site-packages/tm_msgs/srv/_ask_item_s.c
[25.581s] -- Installing: /home/omron/Omron_TM_ROS2/install/tm_msgs/lib/python3.8/site-packages/tm_msgs/srv/_set_io.py
[25.581s] -- Installing: /home/omron/Omron_TM_ROS2/install/tm_msgs/lib/python3.8/site-packages/tm_msgs/srv/_set_event.py
[25.581s] -- Installing: /home/omron/Omron_TM_ROS2/install/tm_msgs/lib/python3.8/site-packages/tm_msgs/srv/__init__.py
[25.581s] -- Installing: /home/omron/Omron_TM_ROS2/install/tm_msgs/lib/python3.8/site-packages/tm_msgs/srv/_connect_tm.py
[25.581s] -- Installing: /home/omron/Omron_TM_ROS2/install/tm_msgs/lib/python3.8/site-packages/tm_msgs/srv/_ask_item.py
[25.581s] -- Installing: /home/omron/Omron_TM_ROS2/install/tm_msgs/lib/python3.8/site-packages/tm_msgs/srv/_send_script.py
[25.582s] -- Installing: /home/omron/Omron_TM_ROS2/install/tm_msgs/lib/python3.8/site-packages/tm_msgs/srv/_ask_sta.py
[25.582s] -- Installing: /home/omron/Omron_TM_ROS2/install/tm_msgs/lib/python3.8/site-packages/tm_msgs/srv/_set_io_s.c
[25.582s] -- Installing: /home/omron/Omron_TM_ROS2/install/tm_msgs/lib/python3.8/site-packages/tm_msgs/srv/_ask_sta_s.c
[25.582s] -- Installing: /home/omron/Omron_TM_ROS2/install/tm_msgs/lib/python3.8/site-packages/tm_msgs/srv/_set_positions_s.c
[25.582s] -- Installing: /home/omron/Omron_TM_ROS2/install/tm_msgs/lib/python3.8/site-packages/tm_msgs/tm_msgs_s__rosidl_typesupport_fastrtps_c.cpython-38-x86_64-linux-gnu.so
[25.582s] -- Set runtime path of "/home/omron/Omron_TM_ROS2/install/tm_msgs/lib/python3.8/site-packages/tm_msgs/tm_msgs_s__rosidl_typesupport_fastrtps_c.cpython-38-x86_64-linux-gnu.so" to ""
[25.582s] -- Installing: /home/omron/Omron_TM_ROS2/install/tm_msgs/lib/python3.8/site-packages/tm_msgs/tm_msgs_s__rosidl_typesupport_introspection_c.cpython-38-x86_64-linux-gnu.so
[25.582s] -- Set runtime path of "/home/omron/Omron_TM_ROS2/install/tm_msgs/lib/python3.8/site-packages/tm_msgs/tm_msgs_s__rosidl_typesupport_introspection_c.cpython-38-x86_64-linux-gnu.so" to ""
[25.582s] -- Installing: /home/omron/Omron_TM_ROS2/install/tm_msgs/lib/python3.8/site-packages/tm_msgs/tm_msgs_s__rosidl_typesupport_c.cpython-38-x86_64-linux-gnu.so
[25.583s] -- Set runtime path of "/home/omron/Omron_TM_ROS2/install/tm_msgs/lib/python3.8/site-packages/tm_msgs/tm_msgs_s__rosidl_typesupport_c.cpython-38-x86_64-linux-gnu.so" to ""
[25.583s] -- Installing: /home/omron/Omron_TM_ROS2/install/tm_msgs/lib/libtm_msgs__python.so
[25.583s] -- Set runtime path of "/home/omron/Omron_TM_ROS2/install/tm_msgs/lib/libtm_msgs__python.so" to ""
[25.583s] -- Installing: /home/omron/Omron_TM_ROS2/install/tm_msgs/share/tm_msgs/msg/FeedbackState.idl
[25.583s] -- Installing: /home/omron/Omron_TM_ROS2/install/tm_msgs/share/tm_msgs/msg/SvrResponse.idl
[25.583s] -- Installing: /home/omron/Omron_TM_ROS2/install/tm_msgs/share/tm_msgs/msg/SctResponse.idl
[25.584s] -- Installing: /home/omron/Omron_TM_ROS2/install/tm_msgs/share/tm_msgs/msg/StaResponse.idl
[25.584s] -- Installing: /home/omron/Omron_TM_ROS2/install/tm_msgs/share/tm_msgs/srv/ConnectTM.idl
[25.584s] -- Installing: /home/omron/Omron_TM_ROS2/install/tm_msgs/share/tm_msgs/srv/WriteItem.idl
[25.584s] -- Installing: /home/omron/Omron_TM_ROS2/install/tm_msgs/share/tm_msgs/srv/AskItem.idl
[25.584s] -- Installing: /home/omron/Omron_TM_ROS2/install/tm_msgs/share/tm_msgs/srv/SendScript.idl
[25.584s] -- Installing: /home/omron/Omron_TM_ROS2/install/tm_msgs/share/tm_msgs/srv/SetEvent.idl
[25.585s] -- Installing: /home/omron/Omron_TM_ROS2/install/tm_msgs/share/tm_msgs/srv/SetIO.idl
[25.585s] -- Installing: /home/omron/Omron_TM_ROS2/install/tm_msgs/share/tm_msgs/srv/SetPositions.idl
[25.585s] -- Installing: /home/omron/Omron_TM_ROS2/install/tm_msgs/share/tm_msgs/srv/AskSta.idl
[25.585s] -- Installing: /home/omron/Omron_TM_ROS2/install/tm_msgs/share/tm_msgs/msg/FeedbackState.msg
[25.585s] -- Installing: /home/omron/Omron_TM_ROS2/install/tm_msgs/share/tm_msgs/msg/SvrResponse.msg
[25.585s] -- Installing: /home/omron/Omron_TM_ROS2/install/tm_msgs/share/tm_msgs/msg/SctResponse.msg
[25.585s] -- Installing: /home/omron/Omron_TM_ROS2/install/tm_msgs/share/tm_msgs/msg/StaResponse.msg
[25.585s] -- Installing: /home/omron/Omron_TM_ROS2/install/tm_msgs/share/tm_msgs/srv/ConnectTM.srv
[25.586s] -- Installing: /home/omron/Omron_TM_ROS2/install/tm_msgs/share/tm_msgs/srv/ConnectTM_Request.msg
[25.586s] -- Installing: /home/omron/Omron_TM_ROS2/install/tm_msgs/share/tm_msgs/srv/ConnectTM_Response.msg
[25.586s] -- Installing: /home/omron/Omron_TM_ROS2/install/tm_msgs/share/tm_msgs/srv/WriteItem.srv
[25.586s] -- Installing: /home/omron/Omron_TM_ROS2/install/tm_msgs/share/tm_msgs/srv/WriteItem_Request.msg
[25.586s] -- Installing: /home/omron/Omron_TM_ROS2/install/tm_msgs/share/tm_msgs/srv/WriteItem_Response.msg
[25.586s] -- Installing: /home/omron/Omron_TM_ROS2/install/tm_msgs/share/tm_msgs/srv/AskItem.srv
[25.587s] -- Installing: /home/omron/Omron_TM_ROS2/install/tm_msgs/share/tm_msgs/srv/AskItem_Request.msg
[25.587s] -- Installing: /home/omron/Omron_TM_ROS2/install/tm_msgs/share/tm_msgs/srv/AskItem_Response.msg
[25.587s] -- Installing: /home/omron/Omron_TM_ROS2/install/tm_msgs/share/tm_msgs/srv/SendScript.srv
[25.587s] -- Installing: /home/omron/Omron_TM_ROS2/install/tm_msgs/share/tm_msgs/srv/SendScript_Request.msg
[25.587s] -- Installing: /home/omron/Omron_TM_ROS2/install/tm_msgs/share/tm_msgs/srv/SendScript_Response.msg
[25.587s] -- Installing: /home/omron/Omron_TM_ROS2/install/tm_msgs/share/tm_msgs/srv/SetEvent.srv
[25.588s] -- Installing: /home/omron/Omron_TM_ROS2/install/tm_msgs/share/tm_msgs/srv/SetEvent_Request.msg
[25.588s] -- Installing: /home/omron/Omron_TM_ROS2/install/tm_msgs/share/tm_msgs/srv/SetEvent_Response.msg
[25.588s] -- Installing: /home/omron/Omron_TM_ROS2/install/tm_msgs/share/tm_msgs/srv/SetIO.srv
[25.588s] -- Installing: /home/omron/Omron_TM_ROS2/install/tm_msgs/share/tm_msgs/srv/SetIO_Request.msg
[25.588s] -- Installing: /home/omron/Omron_TM_ROS2/install/tm_msgs/share/tm_msgs/srv/SetIO_Response.msg
[25.588s] -- Installing: /home/omron/Omron_TM_ROS2/install/tm_msgs/share/tm_msgs/srv/SetPositions.srv
[25.588s] -- Installing: /home/omron/Omron_TM_ROS2/install/tm_msgs/share/tm_msgs/srv/SetPositions_Request.msg
[25.589s] -- Installing: /home/omron/Omron_TM_ROS2/install/tm_msgs/share/tm_msgs/srv/SetPositions_Response.msg
[25.589s] -- Installing: /home/omron/Omron_TM_ROS2/install/tm_msgs/share/tm_msgs/srv/AskSta.srv
[25.589s] -- Installing: /home/omron/Omron_TM_ROS2/install/tm_msgs/share/tm_msgs/srv/AskSta_Request.msg
[25.589s] -- Installing: /home/omron/Omron_TM_ROS2/install/tm_msgs/share/tm_msgs/srv/AskSta_Response.msg
[25.589s] -- Installing: /home/omron/Omron_TM_ROS2/install/tm_msgs/share/ament_index/resource_index/package_run_dependencies/tm_msgs
[25.589s] -- Installing: /home/omron/Omron_TM_ROS2/install/tm_msgs/share/ament_index/resource_index/parent_prefix_path/tm_msgs
[25.589s] -- Installing: /home/omron/Omron_TM_ROS2/install/tm_msgs/share/tm_msgs/environment/ament_prefix_path.sh
[25.590s] -- Installing: /home/omron/Omron_TM_ROS2/install/tm_msgs/share/tm_msgs/environment/ament_prefix_path.dsv
[25.590s] -- Installing: /home/omron/Omron_TM_ROS2/install/tm_msgs/share/tm_msgs/environment/path.sh
[25.590s] -- Installing: /home/omron/Omron_TM_ROS2/install/tm_msgs/share/tm_msgs/environment/path.dsv
[25.590s] -- Installing: /home/omron/Omron_TM_ROS2/install/tm_msgs/share/tm_msgs/local_setup.bash
[25.590s] -- Installing: /home/omron/Omron_TM_ROS2/install/tm_msgs/share/tm_msgs/local_setup.sh
[25.590s] -- Installing: /home/omron/Omron_TM_ROS2/install/tm_msgs/share/tm_msgs/local_setup.zsh
[25.590s] -- Installing: /home/omron/Omron_TM_ROS2/install/tm_msgs/share/tm_msgs/local_setup.dsv
[25.590s] -- Installing: /home/omron/Omron_TM_ROS2/install/tm_msgs/share/tm_msgs/package.dsv
[25.591s] -- Installing: /home/omron/Omron_TM_ROS2/install/tm_msgs/share/ament_index/resource_index/packages/tm_msgs
[25.591s] -- Installing: /home/omron/Omron_TM_ROS2/install/tm_msgs/share/tm_msgs/cmake/tm_msgs__rosidl_generator_cExport.cmake
[25.591s] -- Installing: /home/omron/Omron_TM_ROS2/install/tm_msgs/share/tm_msgs/cmake/tm_msgs__rosidl_generator_cExport-noconfig.cmake
[25.591s] -- Installing: /home/omron/Omron_TM_ROS2/install/tm_msgs/share/tm_msgs/cmake/tm_msgs__rosidl_typesupport_introspection_cExport.cmake
[25.591s] -- Installing: /home/omron/Omron_TM_ROS2/install/tm_msgs/share/tm_msgs/cmake/tm_msgs__rosidl_typesupport_introspection_cExport-noconfig.cmake
[25.591s] -- Installing: /home/omron/Omron_TM_ROS2/install/tm_msgs/share/tm_msgs/cmake/tm_msgs__rosidl_typesupport_cExport.cmake
[25.591s] -- Installing: /home/omron/Omron_TM_ROS2/install/tm_msgs/share/tm_msgs/cmake/tm_msgs__rosidl_typesupport_cExport-noconfig.cmake
[25.592s] -- Installing: /home/omron/Omron_TM_ROS2/install/tm_msgs/share/tm_msgs/cmake/tm_msgs__rosidl_generator_cppExport.cmake
[25.592s] -- Installing: /home/omron/Omron_TM_ROS2/install/tm_msgs/share/tm_msgs/cmake/tm_msgs__rosidl_typesupport_introspection_cppExport.cmake
[25.592s] -- Installing: /home/omron/Omron_TM_ROS2/install/tm_msgs/share/tm_msgs/cmake/tm_msgs__rosidl_typesupport_introspection_cppExport-noconfig.cmake
[25.592s] -- Installing: /home/omron/Omron_TM_ROS2/install/tm_msgs/share/tm_msgs/cmake/tm_msgs__rosidl_typesupport_cppExport.cmake
[25.592s] -- Installing: /home/omron/Omron_TM_ROS2/install/tm_msgs/share/tm_msgs/cmake/tm_msgs__rosidl_typesupport_cppExport-noconfig.cmake
[25.592s] -- Installing: /home/omron/Omron_TM_ROS2/install/tm_msgs/share/tm_msgs/cmake/rosidl_cmake-extras.cmake
[25.592s] -- Installing: /home/omron/Omron_TM_ROS2/install/tm_msgs/share/tm_msgs/cmake/ament_cmake_export_dependencies-extras.cmake
[25.592s] -- Installing: /home/omron/Omron_TM_ROS2/install/tm_msgs/share/tm_msgs/cmake/ament_cmake_export_libraries-extras.cmake
[25.593s] -- Installing: /home/omron/Omron_TM_ROS2/install/tm_msgs/share/tm_msgs/cmake/ament_cmake_export_targets-extras.cmake
[25.593s] -- Installing: /home/omron/Omron_TM_ROS2/install/tm_msgs/share/tm_msgs/cmake/ament_cmake_export_include_directories-extras.cmake
[25.593s] -- Installing: /home/omron/Omron_TM_ROS2/install/tm_msgs/share/tm_msgs/cmake/rosidl_cmake_export_typesupport_libraries-extras.cmake
[25.593s] -- Installing: /home/omron/Omron_TM_ROS2/install/tm_msgs/share/tm_msgs/cmake/rosidl_cmake_export_typesupport_targets-extras.cmake
[25.593s] -- Installing: /home/omron/Omron_TM_ROS2/install/tm_msgs/share/tm_msgs/cmake/tm_msgsConfig.cmake
[25.593s] -- Installing: /home/omron/Omron_TM_ROS2/install/tm_msgs/share/tm_msgs/cmake/tm_msgsConfig-version.cmake
[25.593s] -- Installing: /home/omron/Omron_TM_ROS2/install/tm_msgs/share/tm_msgs/package.xml
[25.596s] Invoked command in '/home/omron/Omron_TM_ROS2/build/tm_msgs' returned '0': CMAKE_PREFIX_PATH=/opt/ros/foxy /usr/bin/cmake --install /home/omron/Omron_TM_ROS2/build/tm_msgs
