[0.023s] Invoking command in '/home/omron/Omron_TM_ROS2/build/demo': AMENT_PREFIX_PATH=/home/omron/Omron_TM_ROS2/install/tm_msgs:${AMENT_PREFIX_PATH} CMAKE_PREFIX_PATH=/home/omron/Omron_TM_ROS2/install/tm_msgs:/opt/ros/foxy LD_LIBRARY_PATH=/home/omron/Omron_TM_ROS2/install/tm_msgs/lib:${LD_LIBRARY_PATH} PYTHONPATH=/home/omron/Omron_TM_ROS2/install/tm_msgs/lib/python3.8/site-packages:${PYTHONPATH} /usr/bin/cmake /home/omron/Omron_TM_ROS2/demo -DCMAKE_INSTALL_PREFIX=/home/omron/Omron_TM_ROS2/install/demo
[0.104s] -- The C compiler identification is GNU 9.3.0
[0.196s] -- The CXX compiler identification is GNU 9.3.0
[0.203s] -- Check for working C compiler: /usr/bin/cc
[0.306s] -- Check for working C compiler: /usr/bin/cc -- works
[0.308s] -- Detecting C compiler ABI info
[0.396s] -- Detecting C compiler ABI info - done
[0.410s] -- Detecting C compile features
[0.410s] -- Detecting C compile features - done
[0.413s] -- Check for working CXX compiler: /usr/bin/c++
[0.522s] -- Check for working CXX compiler: /usr/bin/c++ -- works
[0.526s] -- Detecting CXX compiler ABI info
[0.625s] -- Detecting CXX compiler ABI info - done
[0.640s] -- Detecting CXX compile features
[0.640s] -- Detecting CXX compile features - done
[0.643s] -- Found ament_cmake: 0.9.8 (/opt/ros/foxy/share/ament_cmake/cmake)
[0.675s] -- Found PythonInterp: /usr/bin/python3 (found suitable version "3.8.5", minimum required is "3") 
[0.675s] -- Using PYTHON_EXECUTABLE: /usr/bin/python3
[0.959s] -- Found rclcpp: 2.3.1 (/opt/ros/foxy/share/rclcpp/cmake)
[1.022s] -- Using all available rosidl_typesupport_c: rosidl_typesupport_fastrtps_c;rosidl_typesupport_introspection_c
[1.031s] -- Found rosidl_adapter: 1.2.1 (/opt/ros/foxy/share/rosidl_adapter/cmake)
[1.123s] -- Found OpenSSL: /usr/lib/x86_64-linux-gnu/libcrypto.so (found version "1.1.1f")  
[1.151s] -- Found FastRTPS: /opt/ros/foxy/include  
[1.226s] -- Using all available rosidl_typesupport_cpp: rosidl_typesupport_fastrtps_cpp;rosidl_typesupport_introspection_cpp
[1.284s] -- Found rmw_implementation_cmake: 1.0.3 (/opt/ros/foxy/share/rmw_implementation_cmake/cmake)
[1.286s] -- Using RMW implementation 'rmw_fastrtps_cpp' as default
[1.287s] -- Looking for pthread.h
[1.369s] -- Looking for pthread.h - found
[1.369s] -- Performing Test CMAKE_HAVE_LIBC_PTHREAD
[1.454s] -- Performing Test CMAKE_HAVE_LIBC_PTHREAD - Failed
[1.455s] -- Looking for pthread_create in pthreads
[1.521s] -- Looking for pthread_create in pthreads - not found
[1.521s] -- Looking for pthread_create in pthread
[1.593s] -- Looking for pthread_create in pthread - found
[1.595s] -- Found Threads: TRUE  
[1.857s] -- Found sensor_msgs: 2.0.4 (/opt/ros/foxy/share/sensor_msgs/cmake)
[2.065s] -- Found tm_msgs: 1.0.0 (/home/omron/Omron_TM_ROS2/install/tm_msgs/share/tm_msgs/cmake)
[2.118s] -- Found ament_lint_auto: 0.9.6 (/opt/ros/foxy/share/ament_lint_auto/cmake)
[2.328s] -- Added test 'copyright' to check source files copyright and LICENSE
[2.330s] -- Added test 'cppcheck' to perform static code analysis on C / C++ code
[2.332s] -- Configured cppcheck include dirs: /home/omron/Omron_TM_ROS2/demo/include
[2.332s] -- Configured cppcheck exclude dirs and/or files: 
[2.333s] -- Added test 'cpplint' to check C / C++ code against the Google style
[2.334s] -- Configured cpplint exclude dirs and/or files: 
[2.336s] -- Added test 'lint_cmake' to check CMake code style
[2.337s] -- Added test 'uncrustify' to check C / C++ code style
[2.337s] -- Configured uncrustify additional arguments: 
[2.339s] -- Added test 'xmllint' to check XML markup files
[2.342s] -- Configuring done
[2.458s] -- Generating done
[2.464s] -- Build files have been written to: /home/omron/Omron_TM_ROS2/build/demo
[2.488s] Invoked command in '/home/omron/Omron_TM_ROS2/build/demo' returned '0': AMENT_PREFIX_PATH=/home/omron/Omron_TM_ROS2/install/tm_msgs:${AMENT_PREFIX_PATH} CMAKE_PREFIX_PATH=/home/omron/Omron_TM_ROS2/install/tm_msgs:/opt/ros/foxy LD_LIBRARY_PATH=/home/omron/Omron_TM_ROS2/install/tm_msgs/lib:${LD_LIBRARY_PATH} PYTHONPATH=/home/omron/Omron_TM_ROS2/install/tm_msgs/lib/python3.8/site-packages:${PYTHONPATH} /usr/bin/cmake /home/omron/Omron_TM_ROS2/demo -DCMAKE_INSTALL_PREFIX=/home/omron/Omron_TM_ROS2/install/demo
[2.489s] Invoking command in '/home/omron/Omron_TM_ROS2/build/demo': AMENT_PREFIX_PATH=/home/omron/Omron_TM_ROS2/install/tm_msgs:${AMENT_PREFIX_PATH} CMAKE_PREFIX_PATH=/home/omron/Omron_TM_ROS2/install/tm_msgs:/opt/ros/foxy LD_LIBRARY_PATH=/home/omron/Omron_TM_ROS2/install/tm_msgs/lib:${LD_LIBRARY_PATH} PYTHONPATH=/home/omron/Omron_TM_ROS2/install/tm_msgs/lib/python3.8/site-packages:${PYTHONPATH} /usr/bin/cmake --build /home/omron/Omron_TM_ROS2/build/demo -- -j8 -l8
[2.621s] [35m[1mScanning dependencies of target demo_ask_item[0m
[2.677s] [35m[1mScanning dependencies of target demo_get_svr_response[0m
[2.694s] [35m[1mScanning dependencies of target demo_get_sta_response[0m
[2.701s] [35m[1mScanning dependencies of target demo_set_io[0m
[2.727s] [35m[1mScanning dependencies of target demo_send_script[0m
[2.734s] [35m[1mScanning dependencies of target demo_set_positions[0m
[2.761s] [35m[1mScanning dependencies of target demo_ask_sta[0m
[2.761s] [35m[1mScanning dependencies of target demo_get_sct_response[0m
[2.869s] [  3%] [32mBuilding CXX object CMakeFiles/demo_ask_item.dir/src/demo_ask_item.cpp.o[0m
[2.899s] [  7%] [32mBuilding CXX object CMakeFiles/demo_set_io.dir/src/demo_set_io.cpp.o[0m
[2.960s] [ 11%] [32mBuilding CXX object CMakeFiles/demo_send_script.dir/src/demo_send_script.cpp.o[0m
[2.989s] [ 15%] [32mBuilding CXX object CMakeFiles/demo_get_sta_response.dir/get_status_demo_src/demo_get_sta_response.cpp.o[0m
[2.998s] [ 19%] [32mBuilding CXX object CMakeFiles/demo_get_svr_response.dir/get_status_demo_src/demo_get_svr_response.cpp.o[0m
[3.009s] [ 23%] [32mBuilding CXX object CMakeFiles/demo_set_positions.dir/src/demo_set_positions.cpp.o[0m
[3.051s] [ 26%] [32mBuilding CXX object CMakeFiles/demo_get_sct_response.dir/get_status_demo_src/demo_get_sct_response.cpp.o[0m
[3.084s] [ 30%] [32mBuilding CXX object CMakeFiles/demo_ask_sta.dir/src/demo_ask_sta.cpp.o[0m
[11.396s] [ 34%] [32m[1mLinking CXX executable demo_ask_item[0m
[11.944s] [ 34%] Built target demo_ask_item
[12.002s] [ 38%] [32m[1mLinking CXX executable demo_set_io[0m
[12.060s] [ 42%] [32m[1mLinking CXX executable demo_send_script[0m
[12.327s] [ 42%] Built target demo_set_io
[12.399s] [ 42%] Built target demo_send_script
[12.432s] [ 46%] [32m[1mLinking CXX executable demo_ask_sta[0m
[12.733s] [ 46%] Built target demo_ask_sta
[14.080s] [ 50%] [32m[1mLinking CXX executable demo_set_positions[0m
[14.364s] [ 50%] Built target demo_set_positions
[14.451s] [ 53%] [32m[1mLinking CXX executable demo_get_sta_response[0m
[14.961s] [ 53%] Built target demo_get_sta_response
[16.596s] [ 57%] [32m[1mLinking CXX executable demo_get_sct_response[0m
[16.871s] [ 61%] [32m[1mLinking CXX executable demo_get_svr_response[0m
[16.979s] [ 61%] Built target demo_get_sct_response
[17.137s] [ 61%] Built target demo_get_svr_response
[17.147s] [35m[1mScanning dependencies of target demo_write_item[0m
[17.186s] [ 65%] [32mBuilding CXX object CMakeFiles/demo_write_item.dir/src/demo_write_item.cpp.o[0m
[19.534s] [ 69%] [32m[1mLinking CXX executable demo_write_item[0m
[19.675s] [ 69%] Built target demo_write_item
[19.684s] [35m[1mScanning dependencies of target demo_leave_listen_node[0m
[19.725s] [ 73%] [32mBuilding CXX object CMakeFiles/demo_leave_listen_node.dir/src/demo_leave_listen_node.cpp.o[0m
[21.907s] [ 76%] [32m[1mLinking CXX executable demo_leave_listen_node[0m
[22.047s] [ 76%] Built target demo_leave_listen_node
[22.056s] [35m[1mScanning dependencies of target demo_get_feedback[0m
[22.092s] [ 80%] [32mBuilding CXX object CMakeFiles/demo_get_feedback.dir/get_status_demo_src/demo_get_feedback.cpp.o[0m
[26.485s] [ 84%] [32m[1mLinking CXX executable demo_get_feedback[0m
[26.732s] [ 84%] Built target demo_get_feedback
[26.743s] [35m[1mScanning dependencies of target demo_set_event[0m
[26.743s] [35m[1mScanning dependencies of target demo_connect_tm[0m
[26.778s] [ 88%] [32mBuilding CXX object CMakeFiles/demo_connect_tm.dir/src/demo_connect_tm.cpp.o[0m
[26.784s] [ 92%] [32mBuilding CXX object CMakeFiles/demo_set_event.dir/src/demo_set_event.cpp.o[0m
[28.926s] [ 96%] [32m[1mLinking CXX executable demo_set_event[0m
[28.940s] [100%] [32m[1mLinking CXX executable demo_connect_tm[0m
[29.075s] [100%] Built target demo_set_event
[29.087s] [100%] Built target demo_connect_tm
[29.097s] Invoked command in '/home/omron/Omron_TM_ROS2/build/demo' returned '0': AMENT_PREFIX_PATH=/home/omron/Omron_TM_ROS2/install/tm_msgs:${AMENT_PREFIX_PATH} CMAKE_PREFIX_PATH=/home/omron/Omron_TM_ROS2/install/tm_msgs:/opt/ros/foxy LD_LIBRARY_PATH=/home/omron/Omron_TM_ROS2/install/tm_msgs/lib:${LD_LIBRARY_PATH} PYTHONPATH=/home/omron/Omron_TM_ROS2/install/tm_msgs/lib/python3.8/site-packages:${PYTHONPATH} /usr/bin/cmake --build /home/omron/Omron_TM_ROS2/build/demo -- -j8 -l8
[29.141s] Invoking command in '/home/omron/Omron_TM_ROS2/build/demo': AMENT_PREFIX_PATH=/home/omron/Omron_TM_ROS2/install/tm_msgs:${AMENT_PREFIX_PATH} CMAKE_PREFIX_PATH=/home/omron/Omron_TM_ROS2/install/tm_msgs:/opt/ros/foxy LD_LIBRARY_PATH=/home/omron/Omron_TM_ROS2/install/tm_msgs/lib:${LD_LIBRARY_PATH} PYTHONPATH=/home/omron/Omron_TM_ROS2/install/tm_msgs/lib/python3.8/site-packages:${PYTHONPATH} /usr/bin/cmake --install /home/omron/Omron_TM_ROS2/build/demo
[29.150s] -- Install configuration: ""
[29.151s] -- Installing: /home/omron/Omron_TM_ROS2/install/demo/lib/demo/demo_send_script
[29.151s] -- Set runtime path of "/home/omron/Omron_TM_ROS2/install/demo/lib/demo/demo_send_script" to ""
[29.152s] -- Installing: /home/omron/Omron_TM_ROS2/install/demo/lib/demo/demo_ask_sta
[29.152s] -- Set runtime path of "/home/omron/Omron_TM_ROS2/install/demo/lib/demo/demo_ask_sta" to ""
[29.152s] -- Installing: /home/omron/Omron_TM_ROS2/install/demo/lib/demo/demo_connect_tm
[29.153s] -- Set runtime path of "/home/omron/Omron_TM_ROS2/install/demo/lib/demo/demo_connect_tm" to ""
[29.153s] -- Installing: /home/omron/Omron_TM_ROS2/install/demo/lib/demo/demo_set_event
[29.154s] -- Set runtime path of "/home/omron/Omron_TM_ROS2/install/demo/lib/demo/demo_set_event" to ""
[29.154s] -- Installing: /home/omron/Omron_TM_ROS2/install/demo/lib/demo/demo_set_io
[29.154s] -- Set runtime path of "/home/omron/Omron_TM_ROS2/install/demo/lib/demo/demo_set_io" to ""
[29.154s] -- Installing: /home/omron/Omron_TM_ROS2/install/demo/lib/demo/demo_set_positions
[29.155s] -- Set runtime path of "/home/omron/Omron_TM_ROS2/install/demo/lib/demo/demo_set_positions" to ""
[29.155s] -- Installing: /home/omron/Omron_TM_ROS2/install/demo/lib/demo/demo_write_item
[29.156s] -- Set runtime path of "/home/omron/Omron_TM_ROS2/install/demo/lib/demo/demo_write_item" to ""
[29.156s] -- Installing: /home/omron/Omron_TM_ROS2/install/demo/lib/demo/demo_ask_item
[29.157s] -- Set runtime path of "/home/omron/Omron_TM_ROS2/install/demo/lib/demo/demo_ask_item" to ""
[29.157s] -- Installing: /home/omron/Omron_TM_ROS2/install/demo/lib/demo/demo_get_feedback
[29.159s] -- Set runtime path of "/home/omron/Omron_TM_ROS2/install/demo/lib/demo/demo_get_feedback" to ""
[29.159s] -- Installing: /home/omron/Omron_TM_ROS2/install/demo/lib/demo/demo_get_sct_response
[29.160s] -- Set runtime path of "/home/omron/Omron_TM_ROS2/install/demo/lib/demo/demo_get_sct_response" to ""
[29.161s] -- Installing: /home/omron/Omron_TM_ROS2/install/demo/lib/demo/demo_get_sta_response
[29.162s] -- Set runtime path of "/home/omron/Omron_TM_ROS2/install/demo/lib/demo/demo_get_sta_response" to ""
[29.163s] -- Installing: /home/omron/Omron_TM_ROS2/install/demo/lib/demo/demo_get_svr_response
[29.165s] -- Set runtime path of "/home/omron/Omron_TM_ROS2/install/demo/lib/demo/demo_get_svr_response" to ""
[29.165s] -- Installing: /home/omron/Omron_TM_ROS2/install/demo/lib/demo/demo_leave_listen_node
[29.166s] -- Set runtime path of "/home/omron/Omron_TM_ROS2/install/demo/lib/demo/demo_leave_listen_node" to ""
[29.166s] -- Installing: /home/omron/Omron_TM_ROS2/install/demo/share/ament_index/resource_index/package_run_dependencies/demo
[29.166s] -- Installing: /home/omron/Omron_TM_ROS2/install/demo/share/ament_index/resource_index/parent_prefix_path/demo
[29.166s] -- Installing: /home/omron/Omron_TM_ROS2/install/demo/share/demo/environment/ament_prefix_path.sh
[29.166s] -- Installing: /home/omron/Omron_TM_ROS2/install/demo/share/demo/environment/ament_prefix_path.dsv
[29.166s] -- Installing: /home/omron/Omron_TM_ROS2/install/demo/share/demo/environment/path.sh
[29.166s] -- Installing: /home/omron/Omron_TM_ROS2/install/demo/share/demo/environment/path.dsv
[29.167s] -- Installing: /home/omron/Omron_TM_ROS2/install/demo/share/demo/local_setup.bash
[29.167s] -- Installing: /home/omron/Omron_TM_ROS2/install/demo/share/demo/local_setup.sh
[29.167s] -- Installing: /home/omron/Omron_TM_ROS2/install/demo/share/demo/local_setup.zsh
[29.167s] -- Installing: /home/omron/Omron_TM_ROS2/install/demo/share/demo/local_setup.dsv
[29.167s] -- Installing: /home/omron/Omron_TM_ROS2/install/demo/share/demo/package.dsv
[29.167s] -- Installing: /home/omron/Omron_TM_ROS2/install/demo/share/ament_index/resource_index/packages/demo
[29.167s] -- Installing: /home/omron/Omron_TM_ROS2/install/demo/share/demo/cmake/demoConfig.cmake
[29.167s] -- Installing: /home/omron/Omron_TM_ROS2/install/demo/share/demo/cmake/demoConfig-version.cmake
[29.168s] -- Installing: /home/omron/Omron_TM_ROS2/install/demo/share/demo/package.xml
[29.171s] Invoked command in '/home/omron/Omron_TM_ROS2/build/demo' returned '0': AMENT_PREFIX_PATH=/home/omron/Omron_TM_ROS2/install/tm_msgs:${AMENT_PREFIX_PATH} CMAKE_PREFIX_PATH=/home/omron/Omron_TM_ROS2/install/tm_msgs:/opt/ros/foxy LD_LIBRARY_PATH=/home/omron/Omron_TM_ROS2/install/tm_msgs/lib:${LD_LIBRARY_PATH} PYTHONPATH=/home/omron/Omron_TM_ROS2/install/tm_msgs/lib/python3.8/site-packages:${PYTHONPATH} /usr/bin/cmake --install /home/omron/Omron_TM_ROS2/build/demo
