running egg_info
writing ../build/tmr_mod_urdf/tmr_mod_urdf.egg-info/PKG-INFO
writing dependency_links to ../build/tmr_mod_urdf/tmr_mod_urdf.egg-info/dependency_links.txt
writing entry points to ../build/tmr_mod_urdf/tmr_mod_urdf.egg-info/entry_points.txt
writing requirements to ../build/tmr_mod_urdf/tmr_mod_urdf.egg-info/requires.txt
writing top-level names to ../build/tmr_mod_urdf/tmr_mod_urdf.egg-info/top_level.txt
reading manifest file '../build/tmr_mod_urdf/tmr_mod_urdf.egg-info/SOURCES.txt'
writing manifest file '../build/tmr_mod_urdf/tmr_mod_urdf.egg-info/SOURCES.txt'
running build
running build_py
copying tmr_mod_urdf/modify_urdf.py -> /home/gy/Omron_TM_ROS2/build/tmr_mod_urdf/build/lib/tmr_mod_urdf
copying tmr_mod_urdf/__init__.py -> /home/gy/Omron_TM_ROS2/build/tmr_mod_urdf/build/lib/tmr_mod_urdf
copying tmr_mod_urdf/modify_xacro.py -> /home/gy/Omron_TM_ROS2/build/tmr_mod_urdf/build/lib/tmr_mod_urdf
copying tmr_mod_urdf/_modify_urdf.py -> /home/gy/Omron_TM_ROS2/build/tmr_mod_urdf/build/lib/tmr_mod_urdf
running install
running install_lib
copying /home/gy/Omron_TM_ROS2/build/tmr_mod_urdf/build/lib/tmr_mod_urdf/modify_urdf.py -> /home/gy/Omron_TM_ROS2/install/tmr_mod_urdf/lib/python3.8/site-packages/tmr_mod_urdf
copying /home/gy/Omron_TM_ROS2/build/tmr_mod_urdf/build/lib/tmr_mod_urdf/__init__.py -> /home/gy/Omron_TM_ROS2/install/tmr_mod_urdf/lib/python3.8/site-packages/tmr_mod_urdf
copying /home/gy/Omron_TM_ROS2/build/tmr_mod_urdf/build/lib/tmr_mod_urdf/modify_xacro.py -> /home/gy/Omron_TM_ROS2/install/tmr_mod_urdf/lib/python3.8/site-packages/tmr_mod_urdf
copying /home/gy/Omron_TM_ROS2/build/tmr_mod_urdf/build/lib/tmr_mod_urdf/_modify_urdf.py -> /home/gy/Omron_TM_ROS2/install/tmr_mod_urdf/lib/python3.8/site-packages/tmr_mod_urdf
byte-compiling /home/gy/Omron_TM_ROS2/install/tmr_mod_urdf/lib/python3.8/site-packages/tmr_mod_urdf/modify_urdf.py to modify_urdf.cpython-38.pyc
byte-compiling /home/gy/Omron_TM_ROS2/install/tmr_mod_urdf/lib/python3.8/site-packages/tmr_mod_urdf/__init__.py to __init__.cpython-38.pyc
byte-compiling /home/gy/Omron_TM_ROS2/install/tmr_mod_urdf/lib/python3.8/site-packages/tmr_mod_urdf/modify_xacro.py to modify_xacro.cpython-38.pyc
byte-compiling /home/gy/Omron_TM_ROS2/install/tmr_mod_urdf/lib/python3.8/site-packages/tmr_mod_urdf/_modify_urdf.py to _modify_urdf.cpython-38.pyc
running install_data
copying resource/tmr_mod_urdf -> /home/gy/Omron_TM_ROS2/install/tmr_mod_urdf/share/ament_index/resource_index/packages
copying package.xml -> /home/gy/Omron_TM_ROS2/install/tmr_mod_urdf/share/tmr_mod_urdf
running install_egg_info
removing '/home/gy/Omron_TM_ROS2/install/tmr_mod_urdf/lib/python3.8/site-packages/tmr_mod_urdf-0.0.0-py3.8.egg-info' (and everything under it)
Copying ../build/tmr_mod_urdf/tmr_mod_urdf.egg-info to /home/gy/Omron_TM_ROS2/install/tmr_mod_urdf/lib/python3.8/site-packages/tmr_mod_urdf-0.0.0-py3.8.egg-info
running install_scripts
Installing modify_urdf script to /home/gy/Omron_TM_ROS2/install/tmr_mod_urdf/lib/tmr_mod_urdf
Installing modify_xacro script to /home/gy/Omron_TM_ROS2/install/tmr_mod_urdf/lib/tmr_mod_urdf
writing list of installed files to '/home/gy/Omron_TM_ROS2/build/tmr_mod_urdf/install.log'
