[0.639s] Invoking command in '/home/gy/Omron_TM_ROS2/rviz_tm': PYTHONPATH=/home/gy/Omron_TM_ROS2/install/rviz_tm/lib/python3.8/site-packages:${PYTHONPATH} /usr/bin/python3 setup.py egg_info --egg-base ../build/rviz_tm build --build-base /home/gy/Omron_TM_ROS2/build/rviz_tm/build install --prefix /home/gy/Omron_TM_ROS2/install/rviz_tm --record /home/gy/Omron_TM_ROS2/build/rviz_tm/install.log --single-version-externally-managed
[1.407s] running egg_info
[1.411s] creating ../build/rviz_tm/rviz_tm.egg-info
[1.411s] writing ../build/rviz_tm/rviz_tm.egg-info/PKG-INFO
[1.411s] writing dependency_links to ../build/rviz_tm/rviz_tm.egg-info/dependency_links.txt
[1.411s] writing entry points to ../build/rviz_tm/rviz_tm.egg-info/entry_points.txt
[1.412s] writing requirements to ../build/rviz_tm/rviz_tm.egg-info/requires.txt
[1.412s] writing top-level names to ../build/rviz_tm/rviz_tm.egg-info/top_level.txt
[1.414s] writing manifest file '../build/rviz_tm/rviz_tm.egg-info/SOURCES.txt'
[1.513s] reading manifest file '../build/rviz_tm/rviz_tm.egg-info/SOURCES.txt'
[1.515s] writing manifest file '../build/rviz_tm/rviz_tm.egg-info/SOURCES.txt'
[1.515s] running build
[1.515s] running build_py
[1.515s] creating /home/gy/Omron_TM_ROS2/build/rviz_tm/build
[1.516s] creating /home/gy/Omron_TM_ROS2/build/rviz_tm/build/lib
[1.516s] creating /home/gy/Omron_TM_ROS2/build/rviz_tm/build/lib/rviz_tm
[1.516s] copying rviz_tm/__init__.py -> /home/gy/Omron_TM_ROS2/build/rviz_tm/build/lib/rviz_tm
[1.516s] running install
[1.516s] running install_lib
[1.518s] creating /home/gy/Omron_TM_ROS2/install/rviz_tm/lib/python3.8/site-packages/rviz_tm
[1.518s] copying /home/gy/Omron_TM_ROS2/build/rviz_tm/build/lib/rviz_tm/__init__.py -> /home/gy/Omron_TM_ROS2/install/rviz_tm/lib/python3.8/site-packages/rviz_tm
[1.523s] byte-compiling /home/gy/Omron_TM_ROS2/install/rviz_tm/lib/python3.8/site-packages/rviz_tm/__init__.py to __init__.cpython-38.pyc
[1.531s] running install_data
[1.532s] creating /home/gy/Omron_TM_ROS2/install/rviz_tm/share/ament_index
[1.532s] creating /home/gy/Omron_TM_ROS2/install/rviz_tm/share/ament_index/resource_index
[1.532s] creating /home/gy/Omron_TM_ROS2/install/rviz_tm/share/ament_index/resource_index/packages
[1.532s] copying resource/rviz_tm -> /home/gy/Omron_TM_ROS2/install/rviz_tm/share/ament_index/resource_index/packages
[1.533s] copying package.xml -> /home/gy/Omron_TM_ROS2/install/rviz_tm/share/rviz_tm
[1.533s] copying launch/rviz_tm.launch.py -> /home/gy/Omron_TM_ROS2/install/rviz_tm/share/rviz_tm
[1.573s] copying urdf/tm5-900.urdf -> /home/gy/Omron_TM_ROS2/install/rviz_tm/share/rviz_tm
[1.587s] copying urdf/rviz_tm.rviz -> /home/gy/Omron_TM_ROS2/install/rviz_tm/share/rviz_tm
[1.603s] running install_egg_info
[1.605s] Copying ../build/rviz_tm/rviz_tm.egg-info to /home/gy/Omron_TM_ROS2/install/rviz_tm/lib/python3.8/site-packages/rviz_tm-0.0.0-py3.8.egg-info
[1.606s] running install_scripts
[1.655s] writing list of installed files to '/home/gy/Omron_TM_ROS2/build/rviz_tm/install.log'
[1.730s] Invoked command in '/home/gy/Omron_TM_ROS2/rviz_tm' returned '0': PYTHONPATH=/home/gy/Omron_TM_ROS2/install/rviz_tm/lib/python3.8/site-packages:${PYTHONPATH} /usr/bin/python3 setup.py egg_info --egg-base ../build/rviz_tm build --build-base /home/gy/Omron_TM_ROS2/build/rviz_tm/build install --prefix /home/gy/Omron_TM_ROS2/install/rviz_tm --record /home/gy/Omron_TM_ROS2/build/rviz_tm/install.log --single-version-externally-managed
