[0.496s] Invoking command in '/home/gy/Omron_TM_ROS2/build/pickplace': PYTHONPATH=/home/gy/Omron_TM_ROS2/install/pickplace/lib/python3.8/site-packages:${PYTHONPATH} /usr/bin/python3 setup.py develop --prefix /home/gy/Omron_TM_ROS2/install/pickplace --editable --build-directory /home/gy/Omron_TM_ROS2/build/pickplace/build --no-deps install_data --install-dir /home/gy/Omron_TM_ROS2/install/pickplace
[0.976s] running develop
[1.231s] running egg_info
[1.231s] writing pickplace.egg-info/PKG-INFO
[1.231s] writing dependency_links to pickplace.egg-info/dependency_links.txt
[1.232s] writing entry points to pickplace.egg-info/entry_points.txt
[1.232s] writing requirements to pickplace.egg-info/requires.txt
[1.232s] writing top-level names to pickplace.egg-info/top_level.txt
[1.305s] reading manifest file 'pickplace.egg-info/SOURCES.txt'
[1.307s] writing manifest file 'pickplace.egg-info/SOURCES.txt'
[1.386s] running build_ext
[1.387s] Creating /home/gy/Omron_TM_ROS2/install/pickplace/lib/python3.8/site-packages/pickplace.egg-link (link to .)
[1.389s] Installing pickplace script to /home/gy/Omron_TM_ROS2/install/pickplace/lib/pickplace
[1.389s] Installing teach_setup script to /home/gy/Omron_TM_ROS2/install/pickplace/lib/pickplace
[1.389s] Installing test script to /home/gy/Omron_TM_ROS2/install/pickplace/lib/pickplace
[1.389s] 
[1.389s] Installed /home/gy/Omron_TM_ROS2/build/pickplace
[1.390s] running install_data
[1.390s] copying pp_library/testform.py -> /home/gy/Omron_TM_ROS2/install/pickplace/share/pickplace/pp_library
[1.434s] Invoked command in '/home/gy/Omron_TM_ROS2/build/pickplace' returned '0': PYTHONPATH=/home/gy/Omron_TM_ROS2/install/pickplace/lib/python3.8/site-packages:${PYTHONPATH} /usr/bin/python3 setup.py develop --prefix /home/gy/Omron_TM_ROS2/install/pickplace --editable --build-directory /home/gy/Omron_TM_ROS2/build/pickplace/build --no-deps install_data --install-dir /home/gy/Omron_TM_ROS2/install/pickplace
