[0.026s] Invoking command in '/home/gy/Omron_TM_ROS2/build/tmr_msgs': CMAKE_PREFIX_PATH=${CMAKE_PREFIX_PATH}:/home/gy/Omron_TM_ROS2/install/tmr_mod_urdf:/home/gy/Omron_TM_ROS2/install/tm_get_status:/home/gy/Omron_TM_ROS2/install/rviz_tm:/home/gy/Omron_TM_ROS2/install/pickplace:/opt/ros/foxy /usr/bin/cmake /home/gy/Omron_TM_ROS2/tmr_msgs -DCMAKE_INSTALL_PREFIX=/home/gy/Omron_TM_ROS2/install/tmr_msgs
[0.141s] -- The C compiler identification is GNU 9.3.0
[0.241s] -- The CXX compiler identification is GNU 9.3.0
[0.253s] -- Check for working C compiler: /usr/bin/cc
[0.386s] -- Check for working C compiler: /usr/bin/cc -- works
[0.392s] -- Detecting C compiler ABI info
[0.537s] -- Detecting C compiler ABI info - done
[0.571s] -- Detecting C compile features
[0.573s] -- Detecting C compile features - done
[0.580s] -- Check for working CXX compiler: /usr/bin/c++
[0.729s] -- Check for working CXX compiler: /usr/bin/c++ -- works
[0.736s] -- Detecting CXX compiler ABI info
[0.913s] -- Detecting CXX compiler ABI info - done
[0.943s] -- Detecting CXX compile features
[0.946s] -- Detecting CXX compile features - done
[0.949s] -- Found ament_cmake: 0.9.8 (/opt/ros/foxy/share/ament_cmake/cmake)
[1.013s] -- Found PythonInterp: /usr/bin/python3 (found suitable version "3.8.5", minimum required is "3") 
[1.013s] -- Using PYTHON_EXECUTABLE: /usr/bin/python3
[1.455s] -- Found std_msgs: 2.0.3 (/opt/ros/foxy/share/std_msgs/cmake)
[1.525s] -- Using all available rosidl_typesupport_c: rosidl_typesupport_fastrtps_c;rosidl_typesupport_introspection_c
[1.549s] -- Found rosidl_adapter: 1.2.0 (/opt/ros/foxy/share/rosidl_adapter/cmake)
[1.716s] -- Found OpenSSL: /usr/lib/x86_64-linux-gnu/libcrypto.so (found version "1.1.1f")  
[1.792s] -- Found FastRTPS: /opt/ros/foxy/include  
[1.973s] -- Using all available rosidl_typesupport_cpp: rosidl_typesupport_fastrtps_cpp;rosidl_typesupport_introspection_cpp
[2.084s] -- Found rosidl_default_generators: 1.0.0 (/opt/ros/foxy/share/rosidl_default_generators/cmake)
[2.171s] -- Found PythonInterp: /usr/bin/python3 (found version "3.8.5") 
[2.816s] -- Found ament_cmake_ros: 0.9.1 (/opt/ros/foxy/share/ament_cmake_ros/cmake)
[3.280s] -- Using all available rosidl_typesupport_c: rosidl_typesupport_fastrtps_c;rosidl_typesupport_introspection_c
[3.453s] -- Using all available rosidl_typesupport_cpp: rosidl_typesupport_fastrtps_cpp;rosidl_typesupport_introspection_cpp
[3.518s] -- Found PythonInterp: /usr/bin/python3 (found suitable version "3.8.5", minimum required is "3.5") 
[3.521s] -- Found python_cmake_module: 0.8.0 (/opt/ros/foxy/share/python_cmake_module/cmake)
[3.596s] -- Found PythonLibs: /usr/lib/x86_64-linux-gnu/libpython3.8.so (found suitable version "3.8.5", minimum required is "3.5") 
[3.596s] -- Using PYTHON_EXECUTABLE: /usr/bin/python3
[3.596s] -- Using PYTHON_INCLUDE_DIRS: /usr/include/python3.8
[3.596s] -- Using PYTHON_LIBRARIES: /usr/lib/x86_64-linux-gnu/libpython3.8.so
[3.672s] -- Found PythonExtra: .so  
[3.967s] -- Configuring done
[4.473s] -- Generating done
[4.488s] -- Build files have been written to: /home/gy/Omron_TM_ROS2/build/tmr_msgs
[4.524s] Invoked command in '/home/gy/Omron_TM_ROS2/build/tmr_msgs' returned '0': CMAKE_PREFIX_PATH=${CMAKE_PREFIX_PATH}:/home/gy/Omron_TM_ROS2/install/tmr_mod_urdf:/home/gy/Omron_TM_ROS2/install/tm_get_status:/home/gy/Omron_TM_ROS2/install/rviz_tm:/home/gy/Omron_TM_ROS2/install/pickplace:/opt/ros/foxy /usr/bin/cmake /home/gy/Omron_TM_ROS2/tmr_msgs -DCMAKE_INSTALL_PREFIX=/home/gy/Omron_TM_ROS2/install/tmr_msgs
[4.525s] Invoking command in '/home/gy/Omron_TM_ROS2/build/tmr_msgs': CMAKE_PREFIX_PATH=${CMAKE_PREFIX_PATH}:/home/gy/Omron_TM_ROS2/install/tmr_mod_urdf:/home/gy/Omron_TM_ROS2/install/tm_get_status:/home/gy/Omron_TM_ROS2/install/rviz_tm:/home/gy/Omron_TM_ROS2/install/pickplace:/opt/ros/foxy /usr/bin/cmake --build /home/gy/Omron_TM_ROS2/build/tmr_msgs -- -j3 -l3
[4.808s] [35m[1mScanning dependencies of target tmr_msgs__cpp[0m
[4.836s] [  1%] [34m[1mGenerating C code for ROS interfaces[0m
[4.872s] [  1%] [34m[1mGenerating C++ code for ROS interfaces[0m
[13.179s] [35m[1mScanning dependencies of target tmr_msgs__rosidl_generator_c[0m
[13.413s] [  2%] [32mBuilding C object CMakeFiles/tmr_msgs__rosidl_generator_c.dir/rosidl_generator_c/tmr_msgs/msg/detail/feedback_state__functions.c.o[0m
[13.680s] [  3%] [32mBuilding C object CMakeFiles/tmr_msgs__rosidl_generator_c.dir/rosidl_generator_c/tmr_msgs/msg/detail/svr_response__functions.c.o[0m
[13.713s] [  3%] [32mBuilding C object CMakeFiles/tmr_msgs__rosidl_generator_c.dir/rosidl_generator_c/tmr_msgs/msg/detail/sct_response__functions.c.o[0m
[13.887s] [  4%] [32mBuilding C object CMakeFiles/tmr_msgs__rosidl_generator_c.dir/rosidl_generator_c/tmr_msgs/msg/detail/sta_response__functions.c.o[0m
[13.988s] [  5%] [32mBuilding C object CMakeFiles/tmr_msgs__rosidl_generator_c.dir/rosidl_generator_c/tmr_msgs/srv/detail/connect_tm__functions.c.o[0m
[14.139s] [  6%] [32mBuilding C object CMakeFiles/tmr_msgs__rosidl_generator_c.dir/rosidl_generator_c/tmr_msgs/srv/detail/write_item__functions.c.o[0m
[14.287s] [  6%] Built target tmr_msgs__cpp
[14.328s] [  7%] [32mBuilding C object CMakeFiles/tmr_msgs__rosidl_generator_c.dir/rosidl_generator_c/tmr_msgs/srv/detail/ask_item__functions.c.o[0m
[14.364s] [  8%] [34m[1mGenerating C++ introspection for ROS interfaces[0m
[14.416s] [  8%] [34m[1mGenerating C++ type support for eProsima Fast-RTPS[0m
[14.514s] [  9%] [32mBuilding C object CMakeFiles/tmr_msgs__rosidl_generator_c.dir/rosidl_generator_c/tmr_msgs/srv/detail/send_script__functions.c.o[0m
[14.799s] [ 10%] [32mBuilding C object CMakeFiles/tmr_msgs__rosidl_generator_c.dir/rosidl_generator_c/tmr_msgs/srv/detail/set_event__functions.c.o[0m
[15.105s] [ 10%] [32mBuilding C object CMakeFiles/tmr_msgs__rosidl_generator_c.dir/rosidl_generator_c/tmr_msgs/srv/detail/set_io__functions.c.o[0m
[15.303s] [ 11%] [32mBuilding C object CMakeFiles/tmr_msgs__rosidl_generator_c.dir/rosidl_generator_c/tmr_msgs/srv/detail/set_positions__functions.c.o[0m
[15.465s] [ 12%] [32mBuilding C object CMakeFiles/tmr_msgs__rosidl_generator_c.dir/rosidl_generator_c/tmr_msgs/srv/detail/ask_sta__functions.c.o[0m
[15.648s] [ 13%] [32m[1mLinking C shared library libtmr_msgs__rosidl_generator_c.so[0m
[15.998s] [ 13%] Built target tmr_msgs__rosidl_generator_c
[16.041s] [ 14%] [34m[1mGenerating C++ type support dispatch for ROS interfaces[0m
[22.660s] [35m[1mScanning dependencies of target tmr_msgs__rosidl_typesupport_introspection_cpp[0m
[22.808s] [ 14%] [32mBuilding CXX object CMakeFiles/tmr_msgs__rosidl_typesupport_introspection_cpp.dir/rosidl_typesupport_introspection_cpp/tmr_msgs/msg/detail/feedback_state__type_support.cpp.o[0m
[23.000s] [35m[1mScanning dependencies of target tmr_msgs__rosidl_typesupport_cpp[0m
[23.083s] [ 15%] [32mBuilding CXX object CMakeFiles/tmr_msgs__rosidl_typesupport_cpp.dir/rosidl_typesupport_cpp/tmr_msgs/msg/feedback_state__type_support.cpp.o[0m
[23.161s] [35m[1mScanning dependencies of target tmr_msgs__rosidl_typesupport_fastrtps_cpp[0m
[23.368s] [ 16%] [32mBuilding CXX object CMakeFiles/tmr_msgs__rosidl_typesupport_fastrtps_cpp.dir/rosidl_typesupport_fastrtps_cpp/tmr_msgs/msg/detail/dds_fastrtps/feedback_state__type_support.cpp.o[0m
[24.828s] [ 17%] [32mBuilding CXX object CMakeFiles/tmr_msgs__rosidl_typesupport_cpp.dir/rosidl_typesupport_cpp/tmr_msgs/msg/svr_response__type_support.cpp.o[0m
[25.162s] [ 18%] [32mBuilding CXX object CMakeFiles/tmr_msgs__rosidl_typesupport_introspection_cpp.dir/rosidl_typesupport_introspection_cpp/tmr_msgs/msg/detail/svr_response__type_support.cpp.o[0m
[26.181s] [ 19%] [32mBuilding CXX object CMakeFiles/tmr_msgs__rosidl_typesupport_cpp.dir/rosidl_typesupport_cpp/tmr_msgs/msg/sct_response__type_support.cpp.o[0m
[26.193s] [ 20%] [32mBuilding CXX object CMakeFiles/tmr_msgs__rosidl_typesupport_fastrtps_cpp.dir/rosidl_typesupport_fastrtps_cpp/tmr_msgs/msg/detail/dds_fastrtps/svr_response__type_support.cpp.o[0m
[26.728s] [ 21%] [32mBuilding CXX object CMakeFiles/tmr_msgs__rosidl_typesupport_introspection_cpp.dir/rosidl_typesupport_introspection_cpp/tmr_msgs/msg/detail/sct_response__type_support.cpp.o[0m
[27.900s] [ 22%] [32mBuilding CXX object CMakeFiles/tmr_msgs__rosidl_typesupport_cpp.dir/rosidl_typesupport_cpp/tmr_msgs/msg/sta_response__type_support.cpp.o[0m
[28.152s] [ 23%] [32mBuilding CXX object CMakeFiles/tmr_msgs__rosidl_typesupport_introspection_cpp.dir/rosidl_typesupport_introspection_cpp/tmr_msgs/msg/detail/sta_response__type_support.cpp.o[0m
[28.623s] [ 24%] [32mBuilding CXX object CMakeFiles/tmr_msgs__rosidl_typesupport_fastrtps_cpp.dir/rosidl_typesupport_fastrtps_cpp/tmr_msgs/msg/detail/dds_fastrtps/sct_response__type_support.cpp.o[0m
[29.004s] [ 25%] [32mBuilding CXX object CMakeFiles/tmr_msgs__rosidl_typesupport_introspection_cpp.dir/rosidl_typesupport_introspection_cpp/tmr_msgs/srv/detail/connect_tm__type_support.cpp.o[0m
[29.412s] [ 25%] [32mBuilding CXX object CMakeFiles/tmr_msgs__rosidl_typesupport_cpp.dir/rosidl_typesupport_cpp/tmr_msgs/srv/connect_tm__type_support.cpp.o[0m
[30.108s] [ 26%] [32mBuilding CXX object CMakeFiles/tmr_msgs__rosidl_typesupport_introspection_cpp.dir/rosidl_typesupport_introspection_cpp/tmr_msgs/srv/detail/write_item__type_support.cpp.o[0m
[30.963s] [ 27%] [32mBuilding CXX object CMakeFiles/tmr_msgs__rosidl_typesupport_fastrtps_cpp.dir/rosidl_typesupport_fastrtps_cpp/tmr_msgs/msg/detail/dds_fastrtps/sta_response__type_support.cpp.o[0m
[31.161s] [ 28%] [32mBuilding CXX object CMakeFiles/tmr_msgs__rosidl_typesupport_cpp.dir/rosidl_typesupport_cpp/tmr_msgs/srv/write_item__type_support.cpp.o[0m
[31.712s] [ 28%] [32mBuilding CXX object CMakeFiles/tmr_msgs__rosidl_typesupport_introspection_cpp.dir/rosidl_typesupport_introspection_cpp/tmr_msgs/srv/detail/ask_item__type_support.cpp.o[0m
[32.150s] [ 29%] [32mBuilding CXX object CMakeFiles/tmr_msgs__rosidl_typesupport_cpp.dir/rosidl_typesupport_cpp/tmr_msgs/srv/ask_item__type_support.cpp.o[0m
[32.968s] [ 30%] [32mBuilding CXX object CMakeFiles/tmr_msgs__rosidl_typesupport_introspection_cpp.dir/rosidl_typesupport_introspection_cpp/tmr_msgs/srv/detail/send_script__type_support.cpp.o[0m
[33.141s] [ 31%] [32mBuilding CXX object CMakeFiles/tmr_msgs__rosidl_typesupport_fastrtps_cpp.dir/rosidl_typesupport_fastrtps_cpp/tmr_msgs/srv/detail/dds_fastrtps/connect_tm__type_support.cpp.o[0m
[33.986s] [ 32%] [32mBuilding CXX object CMakeFiles/tmr_msgs__rosidl_typesupport_cpp.dir/rosidl_typesupport_cpp/tmr_msgs/srv/send_script__type_support.cpp.o[0m
[34.435s] [ 33%] [32mBuilding CXX object CMakeFiles/tmr_msgs__rosidl_typesupport_introspection_cpp.dir/rosidl_typesupport_introspection_cpp/tmr_msgs/srv/detail/set_event__type_support.cpp.o[0m
[36.304s] [ 34%] [32mBuilding CXX object CMakeFiles/tmr_msgs__rosidl_typesupport_cpp.dir/rosidl_typesupport_cpp/tmr_msgs/srv/set_event__type_support.cpp.o[0m
[36.306s] [ 35%] [32mBuilding CXX object CMakeFiles/tmr_msgs__rosidl_typesupport_introspection_cpp.dir/rosidl_typesupport_introspection_cpp/tmr_msgs/srv/detail/set_io__type_support.cpp.o[0m
[36.311s] [ 35%] [32mBuilding CXX object CMakeFiles/tmr_msgs__rosidl_typesupport_fastrtps_cpp.dir/rosidl_typesupport_fastrtps_cpp/tmr_msgs/srv/detail/dds_fastrtps/write_item__type_support.cpp.o[0m
[37.644s] [ 36%] [32mBuilding CXX object CMakeFiles/tmr_msgs__rosidl_typesupport_introspection_cpp.dir/rosidl_typesupport_introspection_cpp/tmr_msgs/srv/detail/set_positions__type_support.cpp.o[0m
[37.684s] [ 37%] [32mBuilding CXX object CMakeFiles/tmr_msgs__rosidl_typesupport_cpp.dir/rosidl_typesupport_cpp/tmr_msgs/srv/set_io__type_support.cpp.o[0m
[38.199s] [ 38%] [32mBuilding CXX object CMakeFiles/tmr_msgs__rosidl_typesupport_fastrtps_cpp.dir/rosidl_typesupport_fastrtps_cpp/tmr_msgs/srv/detail/dds_fastrtps/ask_item__type_support.cpp.o[0m
[39.269s] [ 39%] [32mBuilding CXX object CMakeFiles/tmr_msgs__rosidl_typesupport_introspection_cpp.dir/rosidl_typesupport_introspection_cpp/tmr_msgs/srv/detail/ask_sta__type_support.cpp.o[0m
[39.281s] [ 39%] [32mBuilding CXX object CMakeFiles/tmr_msgs__rosidl_typesupport_cpp.dir/rosidl_typesupport_cpp/tmr_msgs/srv/set_positions__type_support.cpp.o[0m
[40.055s] [ 40%] [32mBuilding CXX object CMakeFiles/tmr_msgs__rosidl_typesupport_fastrtps_cpp.dir/rosidl_typesupport_fastrtps_cpp/tmr_msgs/srv/detail/dds_fastrtps/send_script__type_support.cpp.o[0m
[40.662s] [ 41%] [32m[1mLinking CXX shared library libtmr_msgs__rosidl_typesupport_introspection_cpp.so[0m
[40.786s] [ 42%] [32mBuilding CXX object CMakeFiles/tmr_msgs__rosidl_typesupport_cpp.dir/rosidl_typesupport_cpp/tmr_msgs/srv/ask_sta__type_support.cpp.o[0m
[41.172s] [ 42%] Built target tmr_msgs__rosidl_typesupport_introspection_cpp
[41.853s] [ 43%] [32mBuilding CXX object CMakeFiles/tmr_msgs__rosidl_typesupport_fastrtps_cpp.dir/rosidl_typesupport_fastrtps_cpp/tmr_msgs/srv/detail/dds_fastrtps/set_event__type_support.cpp.o[0m
[42.047s] [ 44%] [32m[1mLinking CXX shared library libtmr_msgs__rosidl_typesupport_cpp.so[0m
[42.269s] [ 44%] Built target tmr_msgs__rosidl_typesupport_cpp
[42.907s] [ 45%] [32mBuilding CXX object CMakeFiles/tmr_msgs__rosidl_typesupport_fastrtps_cpp.dir/rosidl_typesupport_fastrtps_cpp/tmr_msgs/srv/detail/dds_fastrtps/set_io__type_support.cpp.o[0m
[43.977s] [ 46%] [32mBuilding CXX object CMakeFiles/tmr_msgs__rosidl_typesupport_fastrtps_cpp.dir/rosidl_typesupport_fastrtps_cpp/tmr_msgs/srv/detail/dds_fastrtps/set_positions__type_support.cpp.o[0m
[44.910s] [ 46%] [32mBuilding CXX object CMakeFiles/tmr_msgs__rosidl_typesupport_fastrtps_cpp.dir/rosidl_typesupport_fastrtps_cpp/tmr_msgs/srv/detail/dds_fastrtps/ask_sta__type_support.cpp.o[0m
[45.867s] [ 47%] [32m[1mLinking CXX shared library libtmr_msgs__rosidl_typesupport_fastrtps_cpp.so[0m
[46.104s] [ 47%] Built target tmr_msgs__rosidl_typesupport_fastrtps_cpp
[46.136s] [ 48%] [34m[1mGenerating C type support dispatch for ROS interfaces[0m
[48.898s] [35m[1mScanning dependencies of target tmr_msgs__rosidl_typesupport_c[0m
[48.967s] [ 49%] [32mBuilding CXX object CMakeFiles/tmr_msgs__rosidl_typesupport_c.dir/rosidl_typesupport_c/tmr_msgs/msg/feedback_state__type_support.cpp.o[0m
[49.030s] [ 49%] [32mBuilding CXX object CMakeFiles/tmr_msgs__rosidl_typesupport_c.dir/rosidl_typesupport_c/tmr_msgs/msg/svr_response__type_support.cpp.o[0m
[49.089s] [ 50%] [32mBuilding CXX object CMakeFiles/tmr_msgs__rosidl_typesupport_c.dir/rosidl_typesupport_c/tmr_msgs/msg/sct_response__type_support.cpp.o[0m
[49.150s] [ 51%] [32mBuilding CXX object CMakeFiles/tmr_msgs__rosidl_typesupport_c.dir/rosidl_typesupport_c/tmr_msgs/msg/sta_response__type_support.cpp.o[0m
[49.200s] [ 52%] [32mBuilding CXX object CMakeFiles/tmr_msgs__rosidl_typesupport_c.dir/rosidl_typesupport_c/tmr_msgs/srv/connect_tm__type_support.cpp.o[0m
[49.284s] [ 53%] [32mBuilding CXX object CMakeFiles/tmr_msgs__rosidl_typesupport_c.dir/rosidl_typesupport_c/tmr_msgs/srv/write_item__type_support.cpp.o[0m
[49.384s] [ 54%] [32mBuilding CXX object CMakeFiles/tmr_msgs__rosidl_typesupport_c.dir/rosidl_typesupport_c/tmr_msgs/srv/ask_item__type_support.cpp.o[0m
[49.515s] [ 54%] [32mBuilding CXX object CMakeFiles/tmr_msgs__rosidl_typesupport_c.dir/rosidl_typesupport_c/tmr_msgs/srv/send_script__type_support.cpp.o[0m
[49.608s] [ 55%] [32mBuilding CXX object CMakeFiles/tmr_msgs__rosidl_typesupport_c.dir/rosidl_typesupport_c/tmr_msgs/srv/set_event__type_support.cpp.o[0m
[49.690s] [ 56%] [32mBuilding CXX object CMakeFiles/tmr_msgs__rosidl_typesupport_c.dir/rosidl_typesupport_c/tmr_msgs/srv/set_io__type_support.cpp.o[0m
[49.769s] [ 57%] [32mBuilding CXX object CMakeFiles/tmr_msgs__rosidl_typesupport_c.dir/rosidl_typesupport_c/tmr_msgs/srv/set_positions__type_support.cpp.o[0m
[49.847s] [ 58%] [32mBuilding CXX object CMakeFiles/tmr_msgs__rosidl_typesupport_c.dir/rosidl_typesupport_c/tmr_msgs/srv/ask_sta__type_support.cpp.o[0m
[49.960s] [ 59%] [32m[1mLinking CXX shared library libtmr_msgs__rosidl_typesupport_c.so[0m
[50.069s] [ 59%] Built target tmr_msgs__rosidl_typesupport_c
[50.100s] [ 60%] [34m[1mGenerating C type support for eProsima Fast-RTPS[0m
[54.178s] [35m[1mScanning dependencies of target tmr_msgs__rosidl_typesupport_fastrtps_c[0m
[54.278s] [ 61%] [32mBuilding CXX object CMakeFiles/tmr_msgs__rosidl_typesupport_fastrtps_c.dir/rosidl_typesupport_fastrtps_c/tmr_msgs/msg/detail/feedback_state__type_support_c.cpp.o[0m
[55.193s] [ 62%] [32mBuilding CXX object CMakeFiles/tmr_msgs__rosidl_typesupport_fastrtps_c.dir/rosidl_typesupport_fastrtps_c/tmr_msgs/msg/detail/svr_response__type_support_c.cpp.o[0m
[56.024s] [ 62%] [32mBuilding CXX object CMakeFiles/tmr_msgs__rosidl_typesupport_fastrtps_c.dir/rosidl_typesupport_fastrtps_c/tmr_msgs/msg/detail/sct_response__type_support_c.cpp.o[0m
[56.752s] [ 63%] [32mBuilding CXX object CMakeFiles/tmr_msgs__rosidl_typesupport_fastrtps_c.dir/rosidl_typesupport_fastrtps_c/tmr_msgs/msg/detail/sta_response__type_support_c.cpp.o[0m
[57.549s] [ 64%] [32mBuilding CXX object CMakeFiles/tmr_msgs__rosidl_typesupport_fastrtps_c.dir/rosidl_typesupport_fastrtps_c/tmr_msgs/srv/detail/connect_tm__type_support_c.cpp.o[0m
[58.311s] [ 65%] [32mBuilding CXX object CMakeFiles/tmr_msgs__rosidl_typesupport_fastrtps_c.dir/rosidl_typesupport_fastrtps_c/tmr_msgs/srv/detail/write_item__type_support_c.cpp.o[0m
[59.149s] [ 66%] [32mBuilding CXX object CMakeFiles/tmr_msgs__rosidl_typesupport_fastrtps_c.dir/rosidl_typesupport_fastrtps_c/tmr_msgs/srv/detail/ask_item__type_support_c.cpp.o[0m
[60.122s] [ 67%] [32mBuilding CXX object CMakeFiles/tmr_msgs__rosidl_typesupport_fastrtps_c.dir/rosidl_typesupport_fastrtps_c/tmr_msgs/srv/detail/send_script__type_support_c.cpp.o[0m
[60.939s] [ 67%] [32mBuilding CXX object CMakeFiles/tmr_msgs__rosidl_typesupport_fastrtps_c.dir/rosidl_typesupport_fastrtps_c/tmr_msgs/srv/detail/set_event__type_support_c.cpp.o[0m
[61.693s] [ 68%] [32mBuilding CXX object CMakeFiles/tmr_msgs__rosidl_typesupport_fastrtps_c.dir/rosidl_typesupport_fastrtps_c/tmr_msgs/srv/detail/set_io__type_support_c.cpp.o[0m
[62.492s] [ 69%] [32mBuilding CXX object CMakeFiles/tmr_msgs__rosidl_typesupport_fastrtps_c.dir/rosidl_typesupport_fastrtps_c/tmr_msgs/srv/detail/set_positions__type_support_c.cpp.o[0m
[63.343s] [ 70%] [32mBuilding CXX object CMakeFiles/tmr_msgs__rosidl_typesupport_fastrtps_c.dir/rosidl_typesupport_fastrtps_c/tmr_msgs/srv/detail/ask_sta__type_support_c.cpp.o[0m
[64.245s] [ 71%] [32m[1mLinking CXX shared library libtmr_msgs__rosidl_typesupport_fastrtps_c.so[0m
[64.480s] [ 71%] Built target tmr_msgs__rosidl_typesupport_fastrtps_c
[64.508s] [ 72%] [34m[1mGenerating C introspection for ROS interfaces[0m
[67.779s] [35m[1mScanning dependencies of target tmr_msgs__rosidl_typesupport_introspection_c[0m
[67.812s] [ 73%] [32mBuilding C object CMakeFiles/tmr_msgs__rosidl_typesupport_introspection_c.dir/rosidl_typesupport_introspection_c/tmr_msgs/msg/detail/feedback_state__type_support.c.o[0m
[67.892s] [ 74%] [32mBuilding C object CMakeFiles/tmr_msgs__rosidl_typesupport_introspection_c.dir/rosidl_typesupport_introspection_c/tmr_msgs/msg/detail/sct_response__type_support.c.o[0m
[67.989s] [ 74%] [32mBuilding C object CMakeFiles/tmr_msgs__rosidl_typesupport_introspection_c.dir/rosidl_typesupport_introspection_c/tmr_msgs/msg/detail/sta_response__type_support.c.o[0m
[68.086s] [ 75%] [32mBuilding C object CMakeFiles/tmr_msgs__rosidl_typesupport_introspection_c.dir/rosidl_typesupport_introspection_c/tmr_msgs/srv/detail/connect_tm__type_support.c.o[0m
[68.178s] [ 76%] [32mBuilding C object CMakeFiles/tmr_msgs__rosidl_typesupport_introspection_c.dir/rosidl_typesupport_introspection_c/tmr_msgs/srv/detail/write_item__type_support.c.o[0m
[68.271s] [ 77%] [32mBuilding C object CMakeFiles/tmr_msgs__rosidl_typesupport_introspection_c.dir/rosidl_typesupport_introspection_c/tmr_msgs/srv/detail/ask_item__type_support.c.o[0m
[68.348s] [ 78%] [32mBuilding C object CMakeFiles/tmr_msgs__rosidl_typesupport_introspection_c.dir/rosidl_typesupport_introspection_c/tmr_msgs/srv/detail/send_script__type_support.c.o[0m
[68.449s] [ 79%] [32mBuilding C object CMakeFiles/tmr_msgs__rosidl_typesupport_introspection_c.dir/rosidl_typesupport_introspection_c/tmr_msgs/srv/detail/set_event__type_support.c.o[0m
[68.526s] [ 80%] [32mBuilding C object CMakeFiles/tmr_msgs__rosidl_typesupport_introspection_c.dir/rosidl_typesupport_introspection_c/tmr_msgs/srv/detail/set_io__type_support.c.o[0m
[68.609s] [ 80%] [32mBuilding C object CMakeFiles/tmr_msgs__rosidl_typesupport_introspection_c.dir/rosidl_typesupport_introspection_c/tmr_msgs/srv/detail/set_positions__type_support.c.o[0m
[68.700s] [ 81%] [32mBuilding C object CMakeFiles/tmr_msgs__rosidl_typesupport_introspection_c.dir/rosidl_typesupport_introspection_c/tmr_msgs/srv/detail/ask_sta__type_support.c.o[0m
[68.803s] [ 82%] [32mBuilding C object CMakeFiles/tmr_msgs__rosidl_typesupport_introspection_c.dir/rosidl_typesupport_introspection_c/tmr_msgs/msg/detail/svr_response__type_support.c.o[0m
[68.892s] [ 83%] [32m[1mLinking C shared library libtmr_msgs__rosidl_typesupport_introspection_c.so[0m
[68.993s] [ 83%] Built target tmr_msgs__rosidl_typesupport_introspection_c
[69.029s] [35m[1mScanning dependencies of target tmr_msgs[0m
[69.057s] [ 83%] Built target tmr_msgs
[69.095s] [35m[1mScanning dependencies of target tmr_msgs__py[0m
[69.135s] [ 84%] [34m[1mGenerating Python code for ROS interfaces[0m
[77.611s] [ 84%] Built target tmr_msgs__py
[77.622s] [35m[1mScanning dependencies of target tmr_msgs__python[0m
[77.718s] [ 85%] [32mBuilding C object CMakeFiles/tmr_msgs__python.dir/rosidl_generator_py/tmr_msgs/msg/_feedback_state_s.c.o[0m
[78.160s] [ 86%] [32mBuilding C object CMakeFiles/tmr_msgs__python.dir/rosidl_generator_py/tmr_msgs/msg/_sct_response_s.c.o[0m
[78.376s] [ 87%] [32mBuilding C object CMakeFiles/tmr_msgs__python.dir/rosidl_generator_py/tmr_msgs/msg/_sta_response_s.c.o[0m
[78.614s] [ 87%] [32mBuilding C object CMakeFiles/tmr_msgs__python.dir/rosidl_generator_py/tmr_msgs/srv/_connect_tm_s.c.o[0m
[78.851s] [ 88%] [32mBuilding C object CMakeFiles/tmr_msgs__python.dir/rosidl_generator_py/tmr_msgs/srv/_write_item_s.c.o[0m
[79.052s] [ 89%] [32mBuilding C object CMakeFiles/tmr_msgs__python.dir/rosidl_generator_py/tmr_msgs/srv/_ask_item_s.c.o[0m
[79.238s] [ 90%] [32mBuilding C object CMakeFiles/tmr_msgs__python.dir/rosidl_generator_py/tmr_msgs/srv/_send_script_s.c.o[0m
[79.395s] [ 91%] [32mBuilding C object CMakeFiles/tmr_msgs__python.dir/rosidl_generator_py/tmr_msgs/srv/_set_event_s.c.o[0m
[79.558s] [ 92%] [32mBuilding C object CMakeFiles/tmr_msgs__python.dir/rosidl_generator_py/tmr_msgs/srv/_set_io_s.c.o[0m
[79.748s] [ 92%] [32mBuilding C object CMakeFiles/tmr_msgs__python.dir/rosidl_generator_py/tmr_msgs/srv/_set_positions_s.c.o[0m
[79.922s] [ 93%] [32mBuilding C object CMakeFiles/tmr_msgs__python.dir/rosidl_generator_py/tmr_msgs/srv/_ask_sta_s.c.o[0m
[80.099s] [ 94%] [32mBuilding C object CMakeFiles/tmr_msgs__python.dir/rosidl_generator_py/tmr_msgs/msg/_svr_response_s.c.o[0m
[80.287s] [ 95%] [32m[1mLinking C shared library rosidl_generator_py/tmr_msgs/libtmr_msgs__python.so[0m
[80.407s] [ 95%] Built target tmr_msgs__python
[80.430s] [35m[1mScanning dependencies of target tmr_msgs__rosidl_typesupport_c__pyext[0m
[80.482s] [ 95%] [32mBuilding C object CMakeFiles/tmr_msgs__rosidl_typesupport_c__pyext.dir/rosidl_generator_py/tmr_msgs/_tmr_msgs_s.ep.rosidl_typesupport_c.c.o[0m
[80.781s] [ 96%] [32m[1mLinking C shared library rosidl_generator_py/tmr_msgs/tmr_msgs_s__rosidl_typesupport_c.cpython-38-x86_64-linux-gnu.so[0m
[80.888s] [ 96%] Built target tmr_msgs__rosidl_typesupport_c__pyext
[80.916s] [35m[1mScanning dependencies of target tmr_msgs__rosidl_typesupport_introspection_c__pyext[0m
[80.963s] [ 97%] [32mBuilding C object CMakeFiles/tmr_msgs__rosidl_typesupport_introspection_c__pyext.dir/rosidl_generator_py/tmr_msgs/_tmr_msgs_s.ep.rosidl_typesupport_introspection_c.c.o[0m
[81.302s] [ 98%] [32m[1mLinking C shared library rosidl_generator_py/tmr_msgs/tmr_msgs_s__rosidl_typesupport_introspection_c.cpython-38-x86_64-linux-gnu.so[0m
[81.369s] [ 98%] Built target tmr_msgs__rosidl_typesupport_introspection_c__pyext
[81.400s] [35m[1mScanning dependencies of target tmr_msgs__rosidl_typesupport_fastrtps_c__pyext[0m
[81.452s] [ 99%] [32mBuilding C object CMakeFiles/tmr_msgs__rosidl_typesupport_fastrtps_c__pyext.dir/rosidl_generator_py/tmr_msgs/_tmr_msgs_s.ep.rosidl_typesupport_fastrtps_c.c.o[0m
[81.788s] [100%] [32m[1mLinking CXX shared library rosidl_generator_py/tmr_msgs/tmr_msgs_s__rosidl_typesupport_fastrtps_c.cpython-38-x86_64-linux-gnu.so[0m
[81.968s] [100%] Built target tmr_msgs__rosidl_typesupport_fastrtps_c__pyext
[82.017s] Invoked command in '/home/gy/Omron_TM_ROS2/build/tmr_msgs' returned '0': CMAKE_PREFIX_PATH=${CMAKE_PREFIX_PATH}:/home/gy/Omron_TM_ROS2/install/tmr_mod_urdf:/home/gy/Omron_TM_ROS2/install/tm_get_status:/home/gy/Omron_TM_ROS2/install/rviz_tm:/home/gy/Omron_TM_ROS2/install/pickplace:/opt/ros/foxy /usr/bin/cmake --build /home/gy/Omron_TM_ROS2/build/tmr_msgs -- -j3 -l3
[82.664s] Invoking command in '/home/gy/Omron_TM_ROS2/build/tmr_msgs': CMAKE_PREFIX_PATH=${CMAKE_PREFIX_PATH}:/home/gy/Omron_TM_ROS2/install/tmr_mod_urdf:/home/gy/Omron_TM_ROS2/install/tm_get_status:/home/gy/Omron_TM_ROS2/install/rviz_tm:/home/gy/Omron_TM_ROS2/install/pickplace:/opt/ros/foxy /usr/bin/cmake --install /home/gy/Omron_TM_ROS2/build/tmr_msgs
[82.684s] -- Install configuration: ""
[82.700s] -- Installing: /home/gy/Omron_TM_ROS2/install/tmr_msgs/share/ament_index/resource_index/rosidl_interfaces/tmr_msgs
[82.759s] -- Up-to-date: /home/gy/Omron_TM_ROS2/install/tmr_msgs/include/tmr_msgs
[82.760s] -- Up-to-date: /home/gy/Omron_TM_ROS2/install/tmr_msgs/include/tmr_msgs/srv
[82.760s] -- Up-to-date: /home/gy/Omron_TM_ROS2/install/tmr_msgs/include/tmr_msgs/srv/detail
[82.760s] -- Installing: /home/gy/Omron_TM_ROS2/install/tmr_msgs/include/tmr_msgs/srv/detail/set_io__type_support.h
[82.760s] -- Installing: /home/gy/Omron_TM_ROS2/install/tmr_msgs/include/tmr_msgs/srv/detail/set_positions__functions.h
[82.760s] -- Installing: /home/gy/Omron_TM_ROS2/install/tmr_msgs/include/tmr_msgs/srv/detail/ask_sta__functions.h
[82.760s] -- Installing: /home/gy/Omron_TM_ROS2/install/tmr_msgs/include/tmr_msgs/srv/detail/set_positions__functions.c
[82.760s] -- Installing: /home/gy/Omron_TM_ROS2/install/tmr_msgs/include/tmr_msgs/srv/detail/set_io__functions.h
[82.760s] -- Installing: /home/gy/Omron_TM_ROS2/install/tmr_msgs/include/tmr_msgs/srv/detail/send_script__type_support.h
[82.761s] -- Installing: /home/gy/Omron_TM_ROS2/install/tmr_msgs/include/tmr_msgs/srv/detail/send_script__struct.h
[82.761s] -- Installing: /home/gy/Omron_TM_ROS2/install/tmr_msgs/include/tmr_msgs/srv/detail/set_event__struct.h
[82.761s] -- Installing: /home/gy/Omron_TM_ROS2/install/tmr_msgs/include/tmr_msgs/srv/detail/set_event__functions.h
[82.761s] -- Installing: /home/gy/Omron_TM_ROS2/install/tmr_msgs/include/tmr_msgs/srv/detail/set_event__type_support.h
[82.761s] -- Installing: /home/gy/Omron_TM_ROS2/install/tmr_msgs/include/tmr_msgs/srv/detail/connect_tm__functions.c
[82.761s] -- Installing: /home/gy/Omron_TM_ROS2/install/tmr_msgs/include/tmr_msgs/srv/detail/ask_sta__struct.h
[82.761s] -- Installing: /home/gy/Omron_TM_ROS2/install/tmr_msgs/include/tmr_msgs/srv/detail/set_io__struct.h
[82.762s] -- Installing: /home/gy/Omron_TM_ROS2/install/tmr_msgs/include/tmr_msgs/srv/detail/send_script__functions.h
[82.762s] -- Installing: /home/gy/Omron_TM_ROS2/install/tmr_msgs/include/tmr_msgs/srv/detail/set_positions__type_support.h
[82.762s] -- Installing: /home/gy/Omron_TM_ROS2/install/tmr_msgs/include/tmr_msgs/srv/detail/set_io__functions.c
[82.762s] -- Installing: /home/gy/Omron_TM_ROS2/install/tmr_msgs/include/tmr_msgs/srv/detail/ask_sta__functions.c
[82.762s] -- Installing: /home/gy/Omron_TM_ROS2/install/tmr_msgs/include/tmr_msgs/srv/detail/ask_item__functions.c
[82.762s] -- Installing: /home/gy/Omron_TM_ROS2/install/tmr_msgs/include/tmr_msgs/srv/detail/write_item__functions.h
[82.762s] -- Installing: /home/gy/Omron_TM_ROS2/install/tmr_msgs/include/tmr_msgs/srv/detail/connect_tm__type_support.h
[82.762s] -- Installing: /home/gy/Omron_TM_ROS2/install/tmr_msgs/include/tmr_msgs/srv/detail/send_script__functions.c
[82.768s] -- Installing: /home/gy/Omron_TM_ROS2/install/tmr_msgs/include/tmr_msgs/srv/detail/ask_item__type_support.h
[82.768s] -- Installing: /home/gy/Omron_TM_ROS2/install/tmr_msgs/include/tmr_msgs/srv/detail/set_positions__struct.h
[82.768s] -- Installing: /home/gy/Omron_TM_ROS2/install/tmr_msgs/include/tmr_msgs/srv/detail/write_item__functions.c
[82.768s] -- Installing: /home/gy/Omron_TM_ROS2/install/tmr_msgs/include/tmr_msgs/srv/detail/write_item__struct.h
[82.768s] -- Installing: /home/gy/Omron_TM_ROS2/install/tmr_msgs/include/tmr_msgs/srv/detail/connect_tm__struct.h
[82.768s] -- Installing: /home/gy/Omron_TM_ROS2/install/tmr_msgs/include/tmr_msgs/srv/detail/ask_item__functions.h
[82.769s] -- Installing: /home/gy/Omron_TM_ROS2/install/tmr_msgs/include/tmr_msgs/srv/detail/set_event__functions.c
[82.769s] -- Installing: /home/gy/Omron_TM_ROS2/install/tmr_msgs/include/tmr_msgs/srv/detail/connect_tm__functions.h
[82.769s] -- Installing: /home/gy/Omron_TM_ROS2/install/tmr_msgs/include/tmr_msgs/srv/detail/ask_item__struct.h
[82.769s] -- Installing: /home/gy/Omron_TM_ROS2/install/tmr_msgs/include/tmr_msgs/srv/detail/write_item__type_support.h
[82.769s] -- Installing: /home/gy/Omron_TM_ROS2/install/tmr_msgs/include/tmr_msgs/srv/detail/ask_sta__type_support.h
[82.769s] -- Installing: /home/gy/Omron_TM_ROS2/install/tmr_msgs/include/tmr_msgs/srv/connect_tm.h
[82.770s] -- Installing: /home/gy/Omron_TM_ROS2/install/tmr_msgs/include/tmr_msgs/srv/ask_item.h
[82.770s] -- Installing: /home/gy/Omron_TM_ROS2/install/tmr_msgs/include/tmr_msgs/srv/write_item.h
[82.770s] -- Installing: /home/gy/Omron_TM_ROS2/install/tmr_msgs/include/tmr_msgs/srv/set_io.h
[82.778s] -- Installing: /home/gy/Omron_TM_ROS2/install/tmr_msgs/include/tmr_msgs/srv/set_positions.h
[82.779s] -- Installing: /home/gy/Omron_TM_ROS2/install/tmr_msgs/include/tmr_msgs/srv/send_script.h
[82.783s] -- Installing: /home/gy/Omron_TM_ROS2/install/tmr_msgs/include/tmr_msgs/srv/ask_sta.h
[82.784s] -- Installing: /home/gy/Omron_TM_ROS2/install/tmr_msgs/include/tmr_msgs/srv/set_event.h
[82.787s] -- Up-to-date: /home/gy/Omron_TM_ROS2/install/tmr_msgs/include/tmr_msgs/msg
[82.788s] -- Up-to-date: /home/gy/Omron_TM_ROS2/install/tmr_msgs/include/tmr_msgs/msg/detail
[82.788s] -- Installing: /home/gy/Omron_TM_ROS2/install/tmr_msgs/include/tmr_msgs/msg/detail/feedback_state__type_support.h
[82.788s] -- Installing: /home/gy/Omron_TM_ROS2/install/tmr_msgs/include/tmr_msgs/msg/detail/feedback_state__functions.h
[82.788s] -- Installing: /home/gy/Omron_TM_ROS2/install/tmr_msgs/include/tmr_msgs/msg/detail/svr_response__type_support.h
[82.788s] -- Installing: /home/gy/Omron_TM_ROS2/install/tmr_msgs/include/tmr_msgs/msg/detail/sta_response__functions.c
[82.788s] -- Installing: /home/gy/Omron_TM_ROS2/install/tmr_msgs/include/tmr_msgs/msg/detail/sta_response__type_support.h
[82.789s] -- Installing: /home/gy/Omron_TM_ROS2/install/tmr_msgs/include/tmr_msgs/msg/detail/sct_response__functions.c
[82.789s] -- Installing: /home/gy/Omron_TM_ROS2/install/tmr_msgs/include/tmr_msgs/msg/detail/feedback_state__functions.c
[82.789s] -- Installing: /home/gy/Omron_TM_ROS2/install/tmr_msgs/include/tmr_msgs/msg/detail/sct_response__type_support.h
[82.789s] -- Installing: /home/gy/Omron_TM_ROS2/install/tmr_msgs/include/tmr_msgs/msg/detail/svr_response__struct.h
[82.789s] -- Installing: /home/gy/Omron_TM_ROS2/install/tmr_msgs/include/tmr_msgs/msg/detail/svr_response__functions.h
[82.789s] -- Installing: /home/gy/Omron_TM_ROS2/install/tmr_msgs/include/tmr_msgs/msg/detail/sct_response__functions.h
[82.789s] -- Installing: /home/gy/Omron_TM_ROS2/install/tmr_msgs/include/tmr_msgs/msg/detail/feedback_state__struct.h
[82.790s] -- Installing: /home/gy/Omron_TM_ROS2/install/tmr_msgs/include/tmr_msgs/msg/detail/sta_response__functions.h
[82.796s] -- Installing: /home/gy/Omron_TM_ROS2/install/tmr_msgs/include/tmr_msgs/msg/detail/svr_response__functions.c
[82.796s] -- Installing: /home/gy/Omron_TM_ROS2/install/tmr_msgs/include/tmr_msgs/msg/detail/sta_response__struct.h
[82.797s] -- Installing: /home/gy/Omron_TM_ROS2/install/tmr_msgs/include/tmr_msgs/msg/detail/sct_response__struct.h
[82.797s] -- Installing: /home/gy/Omron_TM_ROS2/install/tmr_msgs/include/tmr_msgs/msg/svr_response.h
[82.797s] -- Installing: /home/gy/Omron_TM_ROS2/install/tmr_msgs/include/tmr_msgs/msg/feedback_state.h
[82.797s] -- Installing: /home/gy/Omron_TM_ROS2/install/tmr_msgs/include/tmr_msgs/msg/sct_response.h
[82.797s] -- Installing: /home/gy/Omron_TM_ROS2/install/tmr_msgs/include/tmr_msgs/msg/rosidl_generator_c__visibility_control.h
[82.797s] -- Installing: /home/gy/Omron_TM_ROS2/install/tmr_msgs/include/tmr_msgs/msg/sta_response.h
[82.797s] -- Up-to-date: /home/gy/Omron_TM_ROS2/install/tmr_msgs/share/tmr_msgs/environment/library_path.sh
[82.798s] -- Installing: /home/gy/Omron_TM_ROS2/install/tmr_msgs/share/tmr_msgs/environment/library_path.dsv
[82.798s] -- Installing: /home/gy/Omron_TM_ROS2/install/tmr_msgs/lib/libtmr_msgs__rosidl_generator_c.so
[82.805s] -- Set runtime path of "/home/gy/Omron_TM_ROS2/install/tmr_msgs/lib/libtmr_msgs__rosidl_generator_c.so" to ""
[82.806s] -- Up-to-date: /home/gy/Omron_TM_ROS2/install/tmr_msgs/include/tmr_msgs
[82.813s] -- Up-to-date: /home/gy/Omron_TM_ROS2/install/tmr_msgs/include/tmr_msgs/srv
[82.814s] -- Up-to-date: /home/gy/Omron_TM_ROS2/install/tmr_msgs/include/tmr_msgs/srv/detail
[82.814s] -- Installing: /home/gy/Omron_TM_ROS2/install/tmr_msgs/include/tmr_msgs/srv/detail/connect_tm__rosidl_typesupport_fastrtps_c.h
[82.814s] -- Installing: /home/gy/Omron_TM_ROS2/install/tmr_msgs/include/tmr_msgs/srv/detail/set_event__rosidl_typesupport_fastrtps_c.h
[82.815s] -- Installing: /home/gy/Omron_TM_ROS2/install/tmr_msgs/include/tmr_msgs/srv/detail/set_io__rosidl_typesupport_fastrtps_c.h
[82.815s] -- Installing: /home/gy/Omron_TM_ROS2/install/tmr_msgs/include/tmr_msgs/srv/detail/ask_sta__rosidl_typesupport_fastrtps_c.h
[82.815s] -- Installing: /home/gy/Omron_TM_ROS2/install/tmr_msgs/include/tmr_msgs/srv/detail/set_positions__rosidl_typesupport_fastrtps_c.h
[82.816s] -- Installing: /home/gy/Omron_TM_ROS2/install/tmr_msgs/include/tmr_msgs/srv/detail/send_script__rosidl_typesupport_fastrtps_c.h
[82.816s] -- Installing: /home/gy/Omron_TM_ROS2/install/tmr_msgs/include/tmr_msgs/srv/detail/ask_item__rosidl_typesupport_fastrtps_c.h
[82.816s] -- Installing: /home/gy/Omron_TM_ROS2/install/tmr_msgs/include/tmr_msgs/srv/detail/write_item__rosidl_typesupport_fastrtps_c.h
[82.817s] -- Up-to-date: /home/gy/Omron_TM_ROS2/install/tmr_msgs/include/tmr_msgs/msg
[82.817s] -- Up-to-date: /home/gy/Omron_TM_ROS2/install/tmr_msgs/include/tmr_msgs/msg/detail
[82.817s] -- Installing: /home/gy/Omron_TM_ROS2/install/tmr_msgs/include/tmr_msgs/msg/detail/sct_response__rosidl_typesupport_fastrtps_c.h
[82.820s] -- Installing: /home/gy/Omron_TM_ROS2/install/tmr_msgs/include/tmr_msgs/msg/detail/sta_response__rosidl_typesupport_fastrtps_c.h
[82.824s] -- Installing: /home/gy/Omron_TM_ROS2/install/tmr_msgs/include/tmr_msgs/msg/detail/feedback_state__rosidl_typesupport_fastrtps_c.h
[82.826s] -- Installing: /home/gy/Omron_TM_ROS2/install/tmr_msgs/include/tmr_msgs/msg/detail/svr_response__rosidl_typesupport_fastrtps_c.h
[82.827s] -- Installing: /home/gy/Omron_TM_ROS2/install/tmr_msgs/include/tmr_msgs/msg/rosidl_typesupport_fastrtps_c__visibility_control.h
[82.828s] -- Installing: /home/gy/Omron_TM_ROS2/install/tmr_msgs/lib/libtmr_msgs__rosidl_typesupport_fastrtps_c.so
[82.828s] -- Set runtime path of "/home/gy/Omron_TM_ROS2/install/tmr_msgs/lib/libtmr_msgs__rosidl_typesupport_fastrtps_c.so" to ""
[82.828s] -- Up-to-date: /home/gy/Omron_TM_ROS2/install/tmr_msgs/include/tmr_msgs
[82.828s] -- Up-to-date: /home/gy/Omron_TM_ROS2/install/tmr_msgs/include/tmr_msgs/srv
[82.828s] -- Up-to-date: /home/gy/Omron_TM_ROS2/install/tmr_msgs/include/tmr_msgs/srv/detail
[82.828s] -- Installing: /home/gy/Omron_TM_ROS2/install/tmr_msgs/include/tmr_msgs/srv/detail/connect_tm__rosidl_typesupport_fastrtps_cpp.hpp
[82.828s] -- Installing: /home/gy/Omron_TM_ROS2/install/tmr_msgs/include/tmr_msgs/srv/detail/set_io__rosidl_typesupport_fastrtps_cpp.hpp
[82.828s] -- Installing: /home/gy/Omron_TM_ROS2/install/tmr_msgs/include/tmr_msgs/srv/detail/ask_sta__rosidl_typesupport_fastrtps_cpp.hpp
[82.829s] -- Installing: /home/gy/Omron_TM_ROS2/install/tmr_msgs/include/tmr_msgs/srv/detail/write_item__rosidl_typesupport_fastrtps_cpp.hpp
[82.829s] -- Installing: /home/gy/Omron_TM_ROS2/install/tmr_msgs/include/tmr_msgs/srv/detail/send_script__rosidl_typesupport_fastrtps_cpp.hpp
[82.829s] -- Installing: /home/gy/Omron_TM_ROS2/install/tmr_msgs/include/tmr_msgs/srv/detail/set_event__rosidl_typesupport_fastrtps_cpp.hpp
[82.829s] -- Installing: /home/gy/Omron_TM_ROS2/install/tmr_msgs/include/tmr_msgs/srv/detail/ask_item__rosidl_typesupport_fastrtps_cpp.hpp
[82.829s] -- Up-to-date: /home/gy/Omron_TM_ROS2/install/tmr_msgs/include/tmr_msgs/srv/detail/dds_fastrtps
[82.829s] -- Installing: /home/gy/Omron_TM_ROS2/install/tmr_msgs/include/tmr_msgs/srv/detail/set_positions__rosidl_typesupport_fastrtps_cpp.hpp
[82.829s] -- Up-to-date: /home/gy/Omron_TM_ROS2/install/tmr_msgs/include/tmr_msgs/msg
[82.830s] -- Up-to-date: /home/gy/Omron_TM_ROS2/install/tmr_msgs/include/tmr_msgs/msg/detail
[82.830s] -- Installing: /home/gy/Omron_TM_ROS2/install/tmr_msgs/include/tmr_msgs/msg/detail/sct_response__rosidl_typesupport_fastrtps_cpp.hpp
[82.839s] -- Installing: /home/gy/Omron_TM_ROS2/install/tmr_msgs/include/tmr_msgs/msg/detail/svr_response__rosidl_typesupport_fastrtps_cpp.hpp
[82.840s] -- Installing: /home/gy/Omron_TM_ROS2/install/tmr_msgs/include/tmr_msgs/msg/detail/sta_response__rosidl_typesupport_fastrtps_cpp.hpp
[82.841s] -- Installing: /home/gy/Omron_TM_ROS2/install/tmr_msgs/include/tmr_msgs/msg/detail/feedback_state__rosidl_typesupport_fastrtps_cpp.hpp
[82.842s] -- Up-to-date: /home/gy/Omron_TM_ROS2/install/tmr_msgs/include/tmr_msgs/msg/detail/dds_fastrtps
[82.844s] -- Installing: /home/gy/Omron_TM_ROS2/install/tmr_msgs/include/tmr_msgs/msg/rosidl_typesupport_fastrtps_cpp__visibility_control.h
[82.845s] -- Installing: /home/gy/Omron_TM_ROS2/install/tmr_msgs/lib/libtmr_msgs__rosidl_typesupport_fastrtps_cpp.so
[82.846s] -- Set runtime path of "/home/gy/Omron_TM_ROS2/install/tmr_msgs/lib/libtmr_msgs__rosidl_typesupport_fastrtps_cpp.so" to ""
[82.847s] -- Up-to-date: /home/gy/Omron_TM_ROS2/install/tmr_msgs/include/tmr_msgs
[82.851s] -- Up-to-date: /home/gy/Omron_TM_ROS2/install/tmr_msgs/include/tmr_msgs/srv
[82.852s] -- Up-to-date: /home/gy/Omron_TM_ROS2/install/tmr_msgs/include/tmr_msgs/srv/detail
[82.855s] -- Installing: /home/gy/Omron_TM_ROS2/install/tmr_msgs/include/tmr_msgs/srv/detail/write_item__type_support.c
[82.855s] -- Installing: /home/gy/Omron_TM_ROS2/install/tmr_msgs/include/tmr_msgs/srv/detail/ask_item__rosidl_typesupport_introspection_c.h
[82.856s] -- Installing: /home/gy/Omron_TM_ROS2/install/tmr_msgs/include/tmr_msgs/srv/detail/set_io__rosidl_typesupport_introspection_c.h
[82.863s] -- Installing: /home/gy/Omron_TM_ROS2/install/tmr_msgs/include/tmr_msgs/srv/detail/send_script__type_support.c
[82.864s] -- Installing: /home/gy/Omron_TM_ROS2/install/tmr_msgs/include/tmr_msgs/srv/detail/ask_sta__rosidl_typesupport_introspection_c.h
[82.864s] -- Installing: /home/gy/Omron_TM_ROS2/install/tmr_msgs/include/tmr_msgs/srv/detail/ask_item__type_support.c
[82.864s] -- Installing: /home/gy/Omron_TM_ROS2/install/tmr_msgs/include/tmr_msgs/srv/detail/set_positions__type_support.c
[82.864s] -- Installing: /home/gy/Omron_TM_ROS2/install/tmr_msgs/include/tmr_msgs/srv/detail/send_script__rosidl_typesupport_introspection_c.h
[82.864s] -- Installing: /home/gy/Omron_TM_ROS2/install/tmr_msgs/include/tmr_msgs/srv/detail/set_positions__rosidl_typesupport_introspection_c.h
[82.864s] -- Installing: /home/gy/Omron_TM_ROS2/install/tmr_msgs/include/tmr_msgs/srv/detail/connect_tm__type_support.c
[82.864s] -- Installing: /home/gy/Omron_TM_ROS2/install/tmr_msgs/include/tmr_msgs/srv/detail/connect_tm__rosidl_typesupport_introspection_c.h
[82.865s] -- Installing: /home/gy/Omron_TM_ROS2/install/tmr_msgs/include/tmr_msgs/srv/detail/set_event__type_support.c
[82.865s] -- Installing: /home/gy/Omron_TM_ROS2/install/tmr_msgs/include/tmr_msgs/srv/detail/write_item__rosidl_typesupport_introspection_c.h
[82.865s] -- Installing: /home/gy/Omron_TM_ROS2/install/tmr_msgs/include/tmr_msgs/srv/detail/ask_sta__type_support.c
[82.865s] -- Installing: /home/gy/Omron_TM_ROS2/install/tmr_msgs/include/tmr_msgs/srv/detail/set_io__type_support.c
[82.865s] -- Installing: /home/gy/Omron_TM_ROS2/install/tmr_msgs/include/tmr_msgs/srv/detail/set_event__rosidl_typesupport_introspection_c.h
[82.868s] -- Up-to-date: /home/gy/Omron_TM_ROS2/install/tmr_msgs/include/tmr_msgs/msg
[82.868s] -- Up-to-date: /home/gy/Omron_TM_ROS2/install/tmr_msgs/include/tmr_msgs/msg/detail
[82.875s] -- Installing: /home/gy/Omron_TM_ROS2/install/tmr_msgs/include/tmr_msgs/msg/detail/sct_response__type_support.c
[82.876s] -- Installing: /home/gy/Omron_TM_ROS2/install/tmr_msgs/include/tmr_msgs/msg/detail/feedback_state__rosidl_typesupport_introspection_c.h
[82.877s] -- Installing: /home/gy/Omron_TM_ROS2/install/tmr_msgs/include/tmr_msgs/msg/detail/svr_response__type_support.c
[82.877s] -- Installing: /home/gy/Omron_TM_ROS2/install/tmr_msgs/include/tmr_msgs/msg/detail/sct_response__rosidl_typesupport_introspection_c.h
[82.877s] -- Installing: /home/gy/Omron_TM_ROS2/install/tmr_msgs/include/tmr_msgs/msg/detail/sta_response__type_support.c
[82.877s] -- Installing: /home/gy/Omron_TM_ROS2/install/tmr_msgs/include/tmr_msgs/msg/detail/svr_response__rosidl_typesupport_introspection_c.h
[82.883s] -- Installing: /home/gy/Omron_TM_ROS2/install/tmr_msgs/include/tmr_msgs/msg/detail/feedback_state__type_support.c
[82.884s] -- Installing: /home/gy/Omron_TM_ROS2/install/tmr_msgs/include/tmr_msgs/msg/detail/sta_response__rosidl_typesupport_introspection_c.h
[82.884s] -- Installing: /home/gy/Omron_TM_ROS2/install/tmr_msgs/include/tmr_msgs/msg/rosidl_typesupport_introspection_c__visibility_control.h
[82.884s] -- Installing: /home/gy/Omron_TM_ROS2/install/tmr_msgs/lib/libtmr_msgs__rosidl_typesupport_introspection_c.so
[82.884s] -- Set runtime path of "/home/gy/Omron_TM_ROS2/install/tmr_msgs/lib/libtmr_msgs__rosidl_typesupport_introspection_c.so" to ""
[82.884s] -- Installing: /home/gy/Omron_TM_ROS2/install/tmr_msgs/lib/libtmr_msgs__rosidl_typesupport_c.so
[82.884s] -- Set runtime path of "/home/gy/Omron_TM_ROS2/install/tmr_msgs/lib/libtmr_msgs__rosidl_typesupport_c.so" to ""
[82.884s] -- Up-to-date: /home/gy/Omron_TM_ROS2/install/tmr_msgs/include/tmr_msgs
[82.884s] -- Up-to-date: /home/gy/Omron_TM_ROS2/install/tmr_msgs/include/tmr_msgs/srv
[82.885s] -- Up-to-date: /home/gy/Omron_TM_ROS2/install/tmr_msgs/include/tmr_msgs/srv/detail
[82.885s] -- Installing: /home/gy/Omron_TM_ROS2/install/tmr_msgs/include/tmr_msgs/srv/detail/set_positions__struct.hpp
[82.885s] -- Installing: /home/gy/Omron_TM_ROS2/install/tmr_msgs/include/tmr_msgs/srv/detail/set_positions__traits.hpp
[82.885s] -- Installing: /home/gy/Omron_TM_ROS2/install/tmr_msgs/include/tmr_msgs/srv/detail/send_script__builder.hpp
[82.885s] -- Installing: /home/gy/Omron_TM_ROS2/install/tmr_msgs/include/tmr_msgs/srv/detail/connect_tm__struct.hpp
[82.885s] -- Installing: /home/gy/Omron_TM_ROS2/install/tmr_msgs/include/tmr_msgs/srv/detail/connect_tm__traits.hpp
[82.885s] -- Installing: /home/gy/Omron_TM_ROS2/install/tmr_msgs/include/tmr_msgs/srv/detail/ask_sta__struct.hpp
[82.885s] -- Installing: /home/gy/Omron_TM_ROS2/install/tmr_msgs/include/tmr_msgs/srv/detail/write_item__builder.hpp
[82.886s] -- Installing: /home/gy/Omron_TM_ROS2/install/tmr_msgs/include/tmr_msgs/srv/detail/send_script__struct.hpp
[82.886s] -- Installing: /home/gy/Omron_TM_ROS2/install/tmr_msgs/include/tmr_msgs/srv/detail/send_script__traits.hpp
[82.886s] -- Installing: /home/gy/Omron_TM_ROS2/install/tmr_msgs/include/tmr_msgs/srv/detail/write_item__traits.hpp
[82.886s] -- Installing: /home/gy/Omron_TM_ROS2/install/tmr_msgs/include/tmr_msgs/srv/detail/ask_sta__builder.hpp
[82.886s] -- Installing: /home/gy/Omron_TM_ROS2/install/tmr_msgs/include/tmr_msgs/srv/detail/set_positions__builder.hpp
[82.886s] -- Installing: /home/gy/Omron_TM_ROS2/install/tmr_msgs/include/tmr_msgs/srv/detail/connect_tm__builder.hpp
[82.886s] -- Installing: /home/gy/Omron_TM_ROS2/install/tmr_msgs/include/tmr_msgs/srv/detail/set_io__builder.hpp
[82.887s] -- Installing: /home/gy/Omron_TM_ROS2/install/tmr_msgs/include/tmr_msgs/srv/detail/ask_item__struct.hpp
[82.887s] -- Installing: /home/gy/Omron_TM_ROS2/install/tmr_msgs/include/tmr_msgs/srv/detail/set_io__traits.hpp
[82.887s] -- Installing: /home/gy/Omron_TM_ROS2/install/tmr_msgs/include/tmr_msgs/srv/detail/ask_item__builder.hpp
[82.887s] -- Installing: /home/gy/Omron_TM_ROS2/install/tmr_msgs/include/tmr_msgs/srv/detail/write_item__struct.hpp
[82.887s] -- Installing: /home/gy/Omron_TM_ROS2/install/tmr_msgs/include/tmr_msgs/srv/detail/set_event__struct.hpp
[82.887s] -- Installing: /home/gy/Omron_TM_ROS2/install/tmr_msgs/include/tmr_msgs/srv/detail/set_event__builder.hpp
[82.896s] -- Installing: /home/gy/Omron_TM_ROS2/install/tmr_msgs/include/tmr_msgs/srv/detail/set_event__traits.hpp
[82.901s] -- Installing: /home/gy/Omron_TM_ROS2/install/tmr_msgs/include/tmr_msgs/srv/detail/set_io__struct.hpp
[82.901s] -- Installing: /home/gy/Omron_TM_ROS2/install/tmr_msgs/include/tmr_msgs/srv/detail/ask_sta__traits.hpp
[82.901s] -- Installing: /home/gy/Omron_TM_ROS2/install/tmr_msgs/include/tmr_msgs/srv/detail/ask_item__traits.hpp
[82.901s] -- Installing: /home/gy/Omron_TM_ROS2/install/tmr_msgs/include/tmr_msgs/srv/ask_item.hpp
[82.902s] -- Installing: /home/gy/Omron_TM_ROS2/install/tmr_msgs/include/tmr_msgs/srv/write_item.hpp
[82.902s] -- Installing: /home/gy/Omron_TM_ROS2/install/tmr_msgs/include/tmr_msgs/srv/send_script.hpp
[82.902s] -- Installing: /home/gy/Omron_TM_ROS2/install/tmr_msgs/include/tmr_msgs/srv/set_io.hpp
[82.902s] -- Installing: /home/gy/Omron_TM_ROS2/install/tmr_msgs/include/tmr_msgs/srv/connect_tm.hpp
[82.902s] -- Installing: /home/gy/Omron_TM_ROS2/install/tmr_msgs/include/tmr_msgs/srv/set_event.hpp
[82.902s] -- Installing: /home/gy/Omron_TM_ROS2/install/tmr_msgs/include/tmr_msgs/srv/set_positions.hpp
[82.902s] -- Installing: /home/gy/Omron_TM_ROS2/install/tmr_msgs/include/tmr_msgs/srv/ask_sta.hpp
[82.902s] -- Up-to-date: /home/gy/Omron_TM_ROS2/install/tmr_msgs/include/tmr_msgs/msg
[82.903s] -- Up-to-date: /home/gy/Omron_TM_ROS2/install/tmr_msgs/include/tmr_msgs/msg/detail
[82.903s] -- Installing: /home/gy/Omron_TM_ROS2/install/tmr_msgs/include/tmr_msgs/msg/detail/sct_response__traits.hpp
[82.903s] -- Installing: /home/gy/Omron_TM_ROS2/install/tmr_msgs/include/tmr_msgs/msg/detail/svr_response__traits.hpp
[82.903s] -- Installing: /home/gy/Omron_TM_ROS2/install/tmr_msgs/include/tmr_msgs/msg/detail/feedback_state__builder.hpp
[82.903s] -- Installing: /home/gy/Omron_TM_ROS2/install/tmr_msgs/include/tmr_msgs/msg/detail/sta_response__builder.hpp
[82.911s] -- Installing: /home/gy/Omron_TM_ROS2/install/tmr_msgs/include/tmr_msgs/msg/detail/feedback_state__struct.hpp
[82.911s] -- Installing: /home/gy/Omron_TM_ROS2/install/tmr_msgs/include/tmr_msgs/msg/detail/sct_response__struct.hpp
[82.912s] -- Installing: /home/gy/Omron_TM_ROS2/install/tmr_msgs/include/tmr_msgs/msg/detail/sct_response__builder.hpp
[82.918s] -- Installing: /home/gy/Omron_TM_ROS2/install/tmr_msgs/include/tmr_msgs/msg/detail/feedback_state__traits.hpp
[82.918s] -- Installing: /home/gy/Omron_TM_ROS2/install/tmr_msgs/include/tmr_msgs/msg/detail/sta_response__struct.hpp
[82.919s] -- Installing: /home/gy/Omron_TM_ROS2/install/tmr_msgs/include/tmr_msgs/msg/detail/svr_response__struct.hpp
[82.919s] -- Installing: /home/gy/Omron_TM_ROS2/install/tmr_msgs/include/tmr_msgs/msg/detail/svr_response__builder.hpp
[82.919s] -- Installing: /home/gy/Omron_TM_ROS2/install/tmr_msgs/include/tmr_msgs/msg/detail/sta_response__traits.hpp
[82.919s] -- Installing: /home/gy/Omron_TM_ROS2/install/tmr_msgs/include/tmr_msgs/msg/svr_response.hpp
[82.919s] -- Installing: /home/gy/Omron_TM_ROS2/install/tmr_msgs/include/tmr_msgs/msg/sta_response.hpp
[82.919s] -- Installing: /home/gy/Omron_TM_ROS2/install/tmr_msgs/include/tmr_msgs/msg/sct_response.hpp
[82.919s] -- Installing: /home/gy/Omron_TM_ROS2/install/tmr_msgs/include/tmr_msgs/msg/feedback_state.hpp
[82.920s] -- Up-to-date: /home/gy/Omron_TM_ROS2/install/tmr_msgs/include/tmr_msgs
[82.920s] -- Up-to-date: /home/gy/Omron_TM_ROS2/install/tmr_msgs/include/tmr_msgs/srv
[82.920s] -- Up-to-date: /home/gy/Omron_TM_ROS2/install/tmr_msgs/include/tmr_msgs/srv/detail
[82.920s] -- Installing: /home/gy/Omron_TM_ROS2/install/tmr_msgs/include/tmr_msgs/srv/detail/send_script__type_support.cpp
[82.920s] -- Installing: /home/gy/Omron_TM_ROS2/install/tmr_msgs/include/tmr_msgs/srv/detail/set_positions__type_support.cpp
[82.920s] -- Installing: /home/gy/Omron_TM_ROS2/install/tmr_msgs/include/tmr_msgs/srv/detail/connect_tm__rosidl_typesupport_introspection_cpp.hpp
[82.920s] -- Installing: /home/gy/Omron_TM_ROS2/install/tmr_msgs/include/tmr_msgs/srv/detail/set_event__rosidl_typesupport_introspection_cpp.hpp
[82.920s] -- Installing: /home/gy/Omron_TM_ROS2/install/tmr_msgs/include/tmr_msgs/srv/detail/write_item__type_support.cpp
[82.921s] -- Installing: /home/gy/Omron_TM_ROS2/install/tmr_msgs/include/tmr_msgs/srv/detail/send_script__rosidl_typesupport_introspection_cpp.hpp
[82.921s] -- Installing: /home/gy/Omron_TM_ROS2/install/tmr_msgs/include/tmr_msgs/srv/detail/ask_item__type_support.cpp
[82.921s] -- Installing: /home/gy/Omron_TM_ROS2/install/tmr_msgs/include/tmr_msgs/srv/detail/set_io__type_support.cpp
[82.921s] -- Installing: /home/gy/Omron_TM_ROS2/install/tmr_msgs/include/tmr_msgs/srv/detail/write_item__rosidl_typesupport_introspection_cpp.hpp
[82.921s] -- Installing: /home/gy/Omron_TM_ROS2/install/tmr_msgs/include/tmr_msgs/srv/detail/set_positions__rosidl_typesupport_introspection_cpp.hpp
[82.921s] -- Installing: /home/gy/Omron_TM_ROS2/install/tmr_msgs/include/tmr_msgs/srv/detail/set_event__type_support.cpp
[82.921s] -- Installing: /home/gy/Omron_TM_ROS2/install/tmr_msgs/include/tmr_msgs/srv/detail/ask_sta__rosidl_typesupport_introspection_cpp.hpp
[82.921s] -- Installing: /home/gy/Omron_TM_ROS2/install/tmr_msgs/include/tmr_msgs/srv/detail/ask_item__rosidl_typesupport_introspection_cpp.hpp
[82.922s] -- Installing: /home/gy/Omron_TM_ROS2/install/tmr_msgs/include/tmr_msgs/srv/detail/ask_sta__type_support.cpp
[82.922s] -- Installing: /home/gy/Omron_TM_ROS2/install/tmr_msgs/include/tmr_msgs/srv/detail/set_io__rosidl_typesupport_introspection_cpp.hpp
[82.922s] -- Installing: /home/gy/Omron_TM_ROS2/install/tmr_msgs/include/tmr_msgs/srv/detail/connect_tm__type_support.cpp
[82.922s] -- Up-to-date: /home/gy/Omron_TM_ROS2/install/tmr_msgs/include/tmr_msgs/msg
[82.922s] -- Up-to-date: /home/gy/Omron_TM_ROS2/install/tmr_msgs/include/tmr_msgs/msg/detail
[82.922s] -- Installing: /home/gy/Omron_TM_ROS2/install/tmr_msgs/include/tmr_msgs/msg/detail/feedback_state__rosidl_typesupport_introspection_cpp.hpp
[82.922s] -- Installing: /home/gy/Omron_TM_ROS2/install/tmr_msgs/include/tmr_msgs/msg/detail/sct_response__type_support.cpp
[82.922s] -- Installing: /home/gy/Omron_TM_ROS2/install/tmr_msgs/include/tmr_msgs/msg/detail/feedback_state__type_support.cpp
[82.923s] -- Installing: /home/gy/Omron_TM_ROS2/install/tmr_msgs/include/tmr_msgs/msg/detail/sta_response__rosidl_typesupport_introspection_cpp.hpp
[82.923s] -- Installing: /home/gy/Omron_TM_ROS2/install/tmr_msgs/include/tmr_msgs/msg/detail/sct_response__rosidl_typesupport_introspection_cpp.hpp
[82.923s] -- Installing: /home/gy/Omron_TM_ROS2/install/tmr_msgs/include/tmr_msgs/msg/detail/svr_response__type_support.cpp
[82.923s] -- Installing: /home/gy/Omron_TM_ROS2/install/tmr_msgs/include/tmr_msgs/msg/detail/svr_response__rosidl_typesupport_introspection_cpp.hpp
[82.923s] -- Installing: /home/gy/Omron_TM_ROS2/install/tmr_msgs/include/tmr_msgs/msg/detail/sta_response__type_support.cpp
[82.923s] -- Installing: /home/gy/Omron_TM_ROS2/install/tmr_msgs/lib/libtmr_msgs__rosidl_typesupport_introspection_cpp.so
[82.923s] -- Set runtime path of "/home/gy/Omron_TM_ROS2/install/tmr_msgs/lib/libtmr_msgs__rosidl_typesupport_introspection_cpp.so" to ""
[82.923s] -- Installing: /home/gy/Omron_TM_ROS2/install/tmr_msgs/lib/libtmr_msgs__rosidl_typesupport_cpp.so
[82.923s] -- Set runtime path of "/home/gy/Omron_TM_ROS2/install/tmr_msgs/lib/libtmr_msgs__rosidl_typesupport_cpp.so" to ""
[82.924s] -- Installing: /home/gy/Omron_TM_ROS2/install/tmr_msgs/share/tmr_msgs/environment/pythonpath.sh
[82.924s] -- Installing: /home/gy/Omron_TM_ROS2/install/tmr_msgs/share/tmr_msgs/environment/pythonpath.dsv
[82.926s] -- Installing: /home/gy/Omron_TM_ROS2/install/tmr_msgs/lib/python3.8/site-packages/tmr_msgs/__init__.py
[83.040s] Compiling '/home/gy/Omron_TM_ROS2/install/tmr_msgs/lib/python3.8/site-packages/tmr_msgs/__init__.py'...
[83.052s] -- Up-to-date: /home/gy/Omron_TM_ROS2/install/tmr_msgs/lib/python3.8/site-packages/tmr_msgs/msg
[83.052s] -- Installing: /home/gy/Omron_TM_ROS2/install/tmr_msgs/lib/python3.8/site-packages/tmr_msgs/msg/_sct_response_s.c
[83.053s] -- Installing: /home/gy/Omron_TM_ROS2/install/tmr_msgs/lib/python3.8/site-packages/tmr_msgs/msg/_sct_response.py
[83.053s] -- Installing: /home/gy/Omron_TM_ROS2/install/tmr_msgs/lib/python3.8/site-packages/tmr_msgs/msg/_svr_response_s.c
[83.053s] -- Installing: /home/gy/Omron_TM_ROS2/install/tmr_msgs/lib/python3.8/site-packages/tmr_msgs/msg/_feedback_state.py
[83.053s] -- Installing: /home/gy/Omron_TM_ROS2/install/tmr_msgs/lib/python3.8/site-packages/tmr_msgs/msg/_feedback_state_s.c
[83.053s] -- Installing: /home/gy/Omron_TM_ROS2/install/tmr_msgs/lib/python3.8/site-packages/tmr_msgs/msg/__init__.py
[83.053s] -- Installing: /home/gy/Omron_TM_ROS2/install/tmr_msgs/lib/python3.8/site-packages/tmr_msgs/msg/_sta_response.py
[83.053s] -- Installing: /home/gy/Omron_TM_ROS2/install/tmr_msgs/lib/python3.8/site-packages/tmr_msgs/msg/_svr_response.py
[83.054s] -- Installing: /home/gy/Omron_TM_ROS2/install/tmr_msgs/lib/python3.8/site-packages/tmr_msgs/msg/_sta_response_s.c
[83.054s] -- Up-to-date: /home/gy/Omron_TM_ROS2/install/tmr_msgs/lib/python3.8/site-packages/tmr_msgs/srv
[83.054s] -- Installing: /home/gy/Omron_TM_ROS2/install/tmr_msgs/lib/python3.8/site-packages/tmr_msgs/srv/_write_item_s.c
[83.055s] -- Installing: /home/gy/Omron_TM_ROS2/install/tmr_msgs/lib/python3.8/site-packages/tmr_msgs/srv/_set_event.py
[83.056s] -- Installing: /home/gy/Omron_TM_ROS2/install/tmr_msgs/lib/python3.8/site-packages/tmr_msgs/srv/_write_item.py
[83.056s] -- Installing: /home/gy/Omron_TM_ROS2/install/tmr_msgs/lib/python3.8/site-packages/tmr_msgs/srv/_connect_tm.py
[83.057s] -- Installing: /home/gy/Omron_TM_ROS2/install/tmr_msgs/lib/python3.8/site-packages/tmr_msgs/srv/_send_script_s.c
[83.057s] -- Installing: /home/gy/Omron_TM_ROS2/install/tmr_msgs/lib/python3.8/site-packages/tmr_msgs/srv/_set_event_s.c
[83.057s] -- Installing: /home/gy/Omron_TM_ROS2/install/tmr_msgs/lib/python3.8/site-packages/tmr_msgs/srv/_set_positions.py
[83.058s] -- Installing: /home/gy/Omron_TM_ROS2/install/tmr_msgs/lib/python3.8/site-packages/tmr_msgs/srv/__init__.py
[83.058s] -- Installing: /home/gy/Omron_TM_ROS2/install/tmr_msgs/lib/python3.8/site-packages/tmr_msgs/srv/_ask_item_s.c
[83.058s] -- Installing: /home/gy/Omron_TM_ROS2/install/tmr_msgs/lib/python3.8/site-packages/tmr_msgs/srv/_set_io.py
[83.058s] -- Installing: /home/gy/Omron_TM_ROS2/install/tmr_msgs/lib/python3.8/site-packages/tmr_msgs/srv/_connect_tm_s.c
[83.058s] -- Installing: /home/gy/Omron_TM_ROS2/install/tmr_msgs/lib/python3.8/site-packages/tmr_msgs/srv/_send_script.py
[83.058s] -- Installing: /home/gy/Omron_TM_ROS2/install/tmr_msgs/lib/python3.8/site-packages/tmr_msgs/srv/_set_positions_s.c
[83.058s] -- Installing: /home/gy/Omron_TM_ROS2/install/tmr_msgs/lib/python3.8/site-packages/tmr_msgs/srv/_set_io_s.c
[83.059s] -- Installing: /home/gy/Omron_TM_ROS2/install/tmr_msgs/lib/python3.8/site-packages/tmr_msgs/srv/_ask_sta.py
[83.059s] -- Installing: /home/gy/Omron_TM_ROS2/install/tmr_msgs/lib/python3.8/site-packages/tmr_msgs/srv/_ask_sta_s.c
[83.059s] -- Installing: /home/gy/Omron_TM_ROS2/install/tmr_msgs/lib/python3.8/site-packages/tmr_msgs/srv/_ask_item.py
[83.059s] -- Installing: /home/gy/Omron_TM_ROS2/install/tmr_msgs/lib/python3.8/site-packages/tmr_msgs/tmr_msgs_s__rosidl_typesupport_fastrtps_c.cpython-38-x86_64-linux-gnu.so
[83.084s] -- Set runtime path of "/home/gy/Omron_TM_ROS2/install/tmr_msgs/lib/python3.8/site-packages/tmr_msgs/tmr_msgs_s__rosidl_typesupport_fastrtps_c.cpython-38-x86_64-linux-gnu.so" to ""
[83.085s] -- Installing: /home/gy/Omron_TM_ROS2/install/tmr_msgs/lib/python3.8/site-packages/tmr_msgs/tmr_msgs_s__rosidl_typesupport_introspection_c.cpython-38-x86_64-linux-gnu.so
[83.086s] -- Set runtime path of "/home/gy/Omron_TM_ROS2/install/tmr_msgs/lib/python3.8/site-packages/tmr_msgs/tmr_msgs_s__rosidl_typesupport_introspection_c.cpython-38-x86_64-linux-gnu.so" to ""
[83.086s] -- Installing: /home/gy/Omron_TM_ROS2/install/tmr_msgs/lib/python3.8/site-packages/tmr_msgs/tmr_msgs_s__rosidl_typesupport_c.cpython-38-x86_64-linux-gnu.so
[83.093s] -- Set runtime path of "/home/gy/Omron_TM_ROS2/install/tmr_msgs/lib/python3.8/site-packages/tmr_msgs/tmr_msgs_s__rosidl_typesupport_c.cpython-38-x86_64-linux-gnu.so" to ""
[83.094s] -- Installing: /home/gy/Omron_TM_ROS2/install/tmr_msgs/lib/libtmr_msgs__python.so
[83.095s] -- Set runtime path of "/home/gy/Omron_TM_ROS2/install/tmr_msgs/lib/libtmr_msgs__python.so" to ""
[83.095s] -- Installing: /home/gy/Omron_TM_ROS2/install/tmr_msgs/share/tmr_msgs/msg/FeedbackState.idl
[83.095s] -- Installing: /home/gy/Omron_TM_ROS2/install/tmr_msgs/share/tmr_msgs/msg/SvrResponse.idl
[83.096s] -- Installing: /home/gy/Omron_TM_ROS2/install/tmr_msgs/share/tmr_msgs/msg/SctResponse.idl
[83.096s] -- Installing: /home/gy/Omron_TM_ROS2/install/tmr_msgs/share/tmr_msgs/msg/StaResponse.idl
[83.108s] -- Installing: /home/gy/Omron_TM_ROS2/install/tmr_msgs/share/tmr_msgs/srv/ConnectTM.idl
[83.108s] -- Installing: /home/gy/Omron_TM_ROS2/install/tmr_msgs/share/tmr_msgs/srv/WriteItem.idl
[83.108s] -- Installing: /home/gy/Omron_TM_ROS2/install/tmr_msgs/share/tmr_msgs/srv/AskItem.idl
[83.108s] -- Installing: /home/gy/Omron_TM_ROS2/install/tmr_msgs/share/tmr_msgs/srv/SendScript.idl
[83.108s] -- Installing: /home/gy/Omron_TM_ROS2/install/tmr_msgs/share/tmr_msgs/srv/SetEvent.idl
[83.108s] -- Installing: /home/gy/Omron_TM_ROS2/install/tmr_msgs/share/tmr_msgs/srv/SetIO.idl
[83.108s] -- Installing: /home/gy/Omron_TM_ROS2/install/tmr_msgs/share/tmr_msgs/srv/SetPositions.idl
[83.108s] -- Installing: /home/gy/Omron_TM_ROS2/install/tmr_msgs/share/tmr_msgs/srv/AskSta.idl
[83.109s] -- Up-to-date: /home/gy/Omron_TM_ROS2/install/tmr_msgs/share/tmr_msgs/msg/FeedbackState.msg
[83.109s] -- Up-to-date: /home/gy/Omron_TM_ROS2/install/tmr_msgs/share/tmr_msgs/msg/SvrResponse.msg
[83.109s] -- Up-to-date: /home/gy/Omron_TM_ROS2/install/tmr_msgs/share/tmr_msgs/msg/SctResponse.msg
[83.109s] -- Up-to-date: /home/gy/Omron_TM_ROS2/install/tmr_msgs/share/tmr_msgs/msg/StaResponse.msg
[83.109s] -- Up-to-date: /home/gy/Omron_TM_ROS2/install/tmr_msgs/share/tmr_msgs/srv/ConnectTM.srv
[83.109s] -- Installing: /home/gy/Omron_TM_ROS2/install/tmr_msgs/share/tmr_msgs/srv/ConnectTM_Request.msg
[83.117s] -- Installing: /home/gy/Omron_TM_ROS2/install/tmr_msgs/share/tmr_msgs/srv/ConnectTM_Response.msg
[83.117s] -- Up-to-date: /home/gy/Omron_TM_ROS2/install/tmr_msgs/share/tmr_msgs/srv/WriteItem.srv
[83.117s] -- Installing: /home/gy/Omron_TM_ROS2/install/tmr_msgs/share/tmr_msgs/srv/WriteItem_Request.msg
[83.117s] -- Installing: /home/gy/Omron_TM_ROS2/install/tmr_msgs/share/tmr_msgs/srv/WriteItem_Response.msg
[83.118s] -- Up-to-date: /home/gy/Omron_TM_ROS2/install/tmr_msgs/share/tmr_msgs/srv/AskItem.srv
[83.118s] -- Installing: /home/gy/Omron_TM_ROS2/install/tmr_msgs/share/tmr_msgs/srv/AskItem_Request.msg
[83.118s] -- Installing: /home/gy/Omron_TM_ROS2/install/tmr_msgs/share/tmr_msgs/srv/AskItem_Response.msg
[83.118s] -- Up-to-date: /home/gy/Omron_TM_ROS2/install/tmr_msgs/share/tmr_msgs/srv/SendScript.srv
[83.118s] -- Installing: /home/gy/Omron_TM_ROS2/install/tmr_msgs/share/tmr_msgs/srv/SendScript_Request.msg
[83.118s] -- Installing: /home/gy/Omron_TM_ROS2/install/tmr_msgs/share/tmr_msgs/srv/SendScript_Response.msg
[83.123s] -- Up-to-date: /home/gy/Omron_TM_ROS2/install/tmr_msgs/share/tmr_msgs/srv/SetEvent.srv
[83.124s] -- Installing: /home/gy/Omron_TM_ROS2/install/tmr_msgs/share/tmr_msgs/srv/SetEvent_Request.msg
[83.124s] -- Installing: /home/gy/Omron_TM_ROS2/install/tmr_msgs/share/tmr_msgs/srv/SetEvent_Response.msg
[83.124s] -- Up-to-date: /home/gy/Omron_TM_ROS2/install/tmr_msgs/share/tmr_msgs/srv/SetIO.srv
[83.124s] -- Installing: /home/gy/Omron_TM_ROS2/install/tmr_msgs/share/tmr_msgs/srv/SetIO_Request.msg
[83.125s] -- Installing: /home/gy/Omron_TM_ROS2/install/tmr_msgs/share/tmr_msgs/srv/SetIO_Response.msg
[83.125s] -- Up-to-date: /home/gy/Omron_TM_ROS2/install/tmr_msgs/share/tmr_msgs/srv/SetPositions.srv
[83.125s] -- Installing: /home/gy/Omron_TM_ROS2/install/tmr_msgs/share/tmr_msgs/srv/SetPositions_Request.msg
[83.125s] -- Installing: /home/gy/Omron_TM_ROS2/install/tmr_msgs/share/tmr_msgs/srv/SetPositions_Response.msg
[83.125s] -- Up-to-date: /home/gy/Omron_TM_ROS2/install/tmr_msgs/share/tmr_msgs/srv/AskSta.srv
[83.125s] -- Installing: /home/gy/Omron_TM_ROS2/install/tmr_msgs/share/tmr_msgs/srv/AskSta_Request.msg
[83.126s] -- Installing: /home/gy/Omron_TM_ROS2/install/tmr_msgs/share/tmr_msgs/srv/AskSta_Response.msg
[83.126s] -- Installing: /home/gy/Omron_TM_ROS2/install/tmr_msgs/share/ament_index/resource_index/package_run_dependencies/tmr_msgs
[83.126s] -- Installing: /home/gy/Omron_TM_ROS2/install/tmr_msgs/share/ament_index/resource_index/parent_prefix_path/tmr_msgs
[83.127s] -- Up-to-date: /home/gy/Omron_TM_ROS2/install/tmr_msgs/share/tmr_msgs/environment/ament_prefix_path.sh
[83.129s] -- Installing: /home/gy/Omron_TM_ROS2/install/tmr_msgs/share/tmr_msgs/environment/ament_prefix_path.dsv
[83.129s] -- Up-to-date: /home/gy/Omron_TM_ROS2/install/tmr_msgs/share/tmr_msgs/environment/path.sh
[83.133s] -- Installing: /home/gy/Omron_TM_ROS2/install/tmr_msgs/share/tmr_msgs/environment/path.dsv
[83.136s] -- Installing: /home/gy/Omron_TM_ROS2/install/tmr_msgs/share/tmr_msgs/local_setup.bash
[83.136s] -- Installing: /home/gy/Omron_TM_ROS2/install/tmr_msgs/share/tmr_msgs/local_setup.sh
[83.136s] -- Installing: /home/gy/Omron_TM_ROS2/install/tmr_msgs/share/tmr_msgs/local_setup.zsh
[83.136s] -- Installing: /home/gy/Omron_TM_ROS2/install/tmr_msgs/share/tmr_msgs/local_setup.dsv
[83.136s] -- Installing: /home/gy/Omron_TM_ROS2/install/tmr_msgs/share/tmr_msgs/package.dsv
[83.136s] -- Installing: /home/gy/Omron_TM_ROS2/install/tmr_msgs/share/ament_index/resource_index/packages/tmr_msgs
[83.137s] -- Installing: /home/gy/Omron_TM_ROS2/install/tmr_msgs/share/tmr_msgs/cmake/tmr_msgs__rosidl_generator_cExport.cmake
[83.137s] -- Installing: /home/gy/Omron_TM_ROS2/install/tmr_msgs/share/tmr_msgs/cmake/tmr_msgs__rosidl_generator_cExport-noconfig.cmake
[83.138s] -- Installing: /home/gy/Omron_TM_ROS2/install/tmr_msgs/share/tmr_msgs/cmake/tmr_msgs__rosidl_typesupport_introspection_cExport.cmake
[83.138s] -- Installing: /home/gy/Omron_TM_ROS2/install/tmr_msgs/share/tmr_msgs/cmake/tmr_msgs__rosidl_typesupport_introspection_cExport-noconfig.cmake
[83.149s] -- Installing: /home/gy/Omron_TM_ROS2/install/tmr_msgs/share/tmr_msgs/cmake/tmr_msgs__rosidl_typesupport_cExport.cmake
[83.149s] -- Installing: /home/gy/Omron_TM_ROS2/install/tmr_msgs/share/tmr_msgs/cmake/tmr_msgs__rosidl_typesupport_cExport-noconfig.cmake
[83.151s] -- Installing: /home/gy/Omron_TM_ROS2/install/tmr_msgs/share/tmr_msgs/cmake/tmr_msgs__rosidl_generator_cppExport.cmake
[83.151s] -- Installing: /home/gy/Omron_TM_ROS2/install/tmr_msgs/share/tmr_msgs/cmake/tmr_msgs__rosidl_typesupport_introspection_cppExport.cmake
[83.152s] -- Installing: /home/gy/Omron_TM_ROS2/install/tmr_msgs/share/tmr_msgs/cmake/tmr_msgs__rosidl_typesupport_introspection_cppExport-noconfig.cmake
[83.152s] -- Installing: /home/gy/Omron_TM_ROS2/install/tmr_msgs/share/tmr_msgs/cmake/tmr_msgs__rosidl_typesupport_cppExport.cmake
[83.152s] -- Installing: /home/gy/Omron_TM_ROS2/install/tmr_msgs/share/tmr_msgs/cmake/tmr_msgs__rosidl_typesupport_cppExport-noconfig.cmake
[83.153s] -- Installing: /home/gy/Omron_TM_ROS2/install/tmr_msgs/share/tmr_msgs/cmake/rosidl_cmake-extras.cmake
[83.154s] -- Installing: /home/gy/Omron_TM_ROS2/install/tmr_msgs/share/tmr_msgs/cmake/ament_cmake_export_dependencies-extras.cmake
[83.154s] -- Installing: /home/gy/Omron_TM_ROS2/install/tmr_msgs/share/tmr_msgs/cmake/ament_cmake_export_libraries-extras.cmake
[83.154s] -- Installing: /home/gy/Omron_TM_ROS2/install/tmr_msgs/share/tmr_msgs/cmake/ament_cmake_export_targets-extras.cmake
[83.154s] -- Installing: /home/gy/Omron_TM_ROS2/install/tmr_msgs/share/tmr_msgs/cmake/ament_cmake_export_include_directories-extras.cmake
[83.154s] -- Installing: /home/gy/Omron_TM_ROS2/install/tmr_msgs/share/tmr_msgs/cmake/rosidl_cmake_export_typesupport_libraries-extras.cmake
[83.155s] -- Installing: /home/gy/Omron_TM_ROS2/install/tmr_msgs/share/tmr_msgs/cmake/rosidl_cmake_export_typesupport_targets-extras.cmake
[83.155s] -- Installing: /home/gy/Omron_TM_ROS2/install/tmr_msgs/share/tmr_msgs/cmake/tmr_msgsConfig.cmake
[83.155s] -- Installing: /home/gy/Omron_TM_ROS2/install/tmr_msgs/share/tmr_msgs/cmake/tmr_msgsConfig-version.cmake
[83.155s] -- Up-to-date: /home/gy/Omron_TM_ROS2/install/tmr_msgs/share/tmr_msgs/package.xml
[83.161s] Invoked command in '/home/gy/Omron_TM_ROS2/build/tmr_msgs' returned '0': CMAKE_PREFIX_PATH=${CMAKE_PREFIX_PATH}:/home/gy/Omron_TM_ROS2/install/tmr_mod_urdf:/home/gy/Omron_TM_ROS2/install/tm_get_status:/home/gy/Omron_TM_ROS2/install/rviz_tm:/home/gy/Omron_TM_ROS2/install/pickplace:/opt/ros/foxy /usr/bin/cmake --install /home/gy/Omron_TM_ROS2/build/tmr_msgs
