[0.688s] Invoking command in '/home/gy/Omron_TM_ROS2/pickplace': PYTHONPATH=/home/gy/Omron_TM_ROS2/install/pickplace/lib/python3.8/site-packages:${PYTHONPATH} /usr/bin/python3 setup.py egg_info --egg-base ../build/pickplace build --build-base /home/gy/Omron_TM_ROS2/build/pickplace/build install --prefix /home/gy/Omron_TM_ROS2/install/pickplace --record /home/gy/Omron_TM_ROS2/build/pickplace/install.log --single-version-externally-managed
[1.375s] running egg_info
[1.376s] writing ../build/pickplace/pickplace.egg-info/PKG-INFO
[1.383s] writing dependency_links to ../build/pickplace/pickplace.egg-info/dependency_links.txt
[1.383s] writing entry points to ../build/pickplace/pickplace.egg-info/entry_points.txt
[1.383s] writing requirements to ../build/pickplace/pickplace.egg-info/requires.txt
[1.383s] writing top-level names to ../build/pickplace/pickplace.egg-info/top_level.txt
[1.479s] reading manifest file '../build/pickplace/pickplace.egg-info/SOURCES.txt'
[1.483s] writing manifest file '../build/pickplace/pickplace.egg-info/SOURCES.txt'
[1.483s] running build
[1.483s] running build_py
[1.483s] running install
[1.493s] running install_lib
[1.493s] running install_data
[1.494s] copying launch/rviz.launch.py -> /home/gy/Omron_TM_ROS2/install/pickplace/share/pickplace
[1.494s] running install_egg_info
[1.498s] removing '/home/gy/Omron_TM_ROS2/install/pickplace/lib/python3.8/site-packages/pickplace-0.0.0-py3.8.egg-info' (and everything under it)
[1.498s] Copying ../build/pickplace/pickplace.egg-info to /home/gy/Omron_TM_ROS2/install/pickplace/lib/python3.8/site-packages/pickplace-0.0.0-py3.8.egg-info
[1.498s] running install_scripts
[1.544s] Installing pickplace script to /home/gy/Omron_TM_ROS2/install/pickplace/lib/pickplace
[1.544s] Installing teach_setup script to /home/gy/Omron_TM_ROS2/install/pickplace/lib/pickplace
[1.547s] writing list of installed files to '/home/gy/Omron_TM_ROS2/build/pickplace/install.log'
[1.611s] Invoked command in '/home/gy/Omron_TM_ROS2/pickplace' returned '0': PYTHONPATH=/home/gy/Omron_TM_ROS2/install/pickplace/lib/python3.8/site-packages:${PYTHONPATH} /usr/bin/python3 setup.py egg_info --egg-base ../build/pickplace build --build-base /home/gy/Omron_TM_ROS2/build/pickplace/build install --prefix /home/gy/Omron_TM_ROS2/install/pickplace --record /home/gy/Omron_TM_ROS2/build/pickplace/install.log --single-version-externally-managed
