[0.039s] Invoking command in '/home/gy/Omron_TM_ROS2/build/tmr_moveit_cpp_demo': CMAKE_PREFIX_PATH=${CMAKE_PREFIX_PATH}:/home/gy/Omron_TM_ROS2/install/tmr_mod_urdf:/home/gy/Omron_TM_ROS2/install/tm_get_status:/home/gy/Omron_TM_ROS2/install/rviz_tm:/home/gy/Omron_TM_ROS2/install/pickplace:/opt/ros/foxy /usr/bin/cmake --build /home/gy/Omron_TM_ROS2/build/tmr_moveit_cpp_demo -- -j3 -l3
[0.149s] Invoked command in '/home/gy/Omron_TM_ROS2/build/tmr_moveit_cpp_demo' returned '0': CMAKE_PREFIX_PATH=${CMAKE_PREFIX_PATH}:/home/gy/Omron_TM_ROS2/install/tmr_mod_urdf:/home/gy/Omron_TM_ROS2/install/tm_get_status:/home/gy/Omron_TM_ROS2/install/rviz_tm:/home/gy/Omron_TM_ROS2/install/pickplace:/opt/ros/foxy /usr/bin/cmake --build /home/gy/Omron_TM_ROS2/build/tmr_moveit_cpp_demo -- -j3 -l3
[0.203s] Invoking command in '/home/gy/Omron_TM_ROS2/build/tmr_moveit_cpp_demo': CMAKE_PREFIX_PATH=${CMAKE_PREFIX_PATH}:/home/gy/Omron_TM_ROS2/install/tmr_mod_urdf:/home/gy/Omron_TM_ROS2/install/tm_get_status:/home/gy/Omron_TM_ROS2/install/rviz_tm:/home/gy/Omron_TM_ROS2/install/pickplace:/opt/ros/foxy /usr/bin/cmake --install /home/gy/Omron_TM_ROS2/build/tmr_moveit_cpp_demo
[0.244s] -- Install configuration: ""
[0.248s] -- Execute custom install script
[0.248s] -- Up-to-date symlink: /home/gy/Omron_TM_ROS2/install/tmr_moveit_cpp_demo/share/tmr_moveit_cpp_demo/launch/run_moveit_cpp.launch.py
[0.248s] -- Up-to-date symlink: /home/gy/Omron_TM_ROS2/install/tmr_moveit_cpp_demo/share/tmr_moveit_cpp_demo/launch/run_moveit_cpp.rviz
[0.252s] -- Up-to-date symlink: /home/gy/Omron_TM_ROS2/install/tmr_moveit_cpp_demo/share/tmr_moveit_cpp_demo/config/controllers.yaml
[0.252s] -- Up-to-date symlink: /home/gy/Omron_TM_ROS2/install/tmr_moveit_cpp_demo/share/tmr_moveit_cpp_demo/config/moveit_cpp.yaml
[0.252s] -- Up-to-date symlink: /home/gy/Omron_TM_ROS2/install/tmr_moveit_cpp_demo/share/ament_index/resource_index/package_run_dependencies/tmr_moveit_cpp_demo
[0.252s] -- Up-to-date symlink: /home/gy/Omron_TM_ROS2/install/tmr_moveit_cpp_demo/share/ament_index/resource_index/parent_prefix_path/tmr_moveit_cpp_demo
[0.253s] -- Up-to-date symlink: /home/gy/Omron_TM_ROS2/install/tmr_moveit_cpp_demo/share/tmr_moveit_cpp_demo/environment/ament_prefix_path.sh
[0.253s] -- Up-to-date symlink: /home/gy/Omron_TM_ROS2/install/tmr_moveit_cpp_demo/share/tmr_moveit_cpp_demo/environment/ament_prefix_path.dsv
[0.253s] -- Up-to-date symlink: /home/gy/Omron_TM_ROS2/install/tmr_moveit_cpp_demo/share/tmr_moveit_cpp_demo/environment/path.sh
[0.263s] -- Up-to-date symlink: /home/gy/Omron_TM_ROS2/install/tmr_moveit_cpp_demo/share/tmr_moveit_cpp_demo/environment/path.dsv
[0.263s] -- Up-to-date symlink: /home/gy/Omron_TM_ROS2/install/tmr_moveit_cpp_demo/share/tmr_moveit_cpp_demo/local_setup.bash
[0.263s] -- Up-to-date symlink: /home/gy/Omron_TM_ROS2/install/tmr_moveit_cpp_demo/share/tmr_moveit_cpp_demo/local_setup.sh
[0.268s] -- Up-to-date symlink: /home/gy/Omron_TM_ROS2/install/tmr_moveit_cpp_demo/share/tmr_moveit_cpp_demo/local_setup.zsh
[0.268s] -- Up-to-date symlink: /home/gy/Omron_TM_ROS2/install/tmr_moveit_cpp_demo/share/tmr_moveit_cpp_demo/local_setup.dsv
[0.268s] -- Symlinking: /home/gy/Omron_TM_ROS2/install/tmr_moveit_cpp_demo/share/tmr_moveit_cpp_demo/package.dsv
[0.293s] -- Up-to-date symlink: /home/gy/Omron_TM_ROS2/install/tmr_moveit_cpp_demo/share/ament_index/resource_index/packages/tmr_moveit_cpp_demo
[0.293s] -- Up-to-date symlink: /home/gy/Omron_TM_ROS2/install/tmr_moveit_cpp_demo/share/tmr_moveit_cpp_demo/cmake/tmr_moveit_cpp_demoConfig.cmake
[0.294s] -- Up-to-date symlink: /home/gy/Omron_TM_ROS2/install/tmr_moveit_cpp_demo/share/tmr_moveit_cpp_demo/cmake/tmr_moveit_cpp_demoConfig-version.cmake
[0.294s] -- Up-to-date symlink: /home/gy/Omron_TM_ROS2/install/tmr_moveit_cpp_demo/share/tmr_moveit_cpp_demo/package.xml
[0.300s] Invoked command in '/home/gy/Omron_TM_ROS2/build/tmr_moveit_cpp_demo' returned '0': CMAKE_PREFIX_PATH=${CMAKE_PREFIX_PATH}:/home/gy/Omron_TM_ROS2/install/tmr_mod_urdf:/home/gy/Omron_TM_ROS2/install/tm_get_status:/home/gy/Omron_TM_ROS2/install/rviz_tm:/home/gy/Omron_TM_ROS2/install/pickplace:/opt/ros/foxy /usr/bin/cmake --install /home/gy/Omron_TM_ROS2/build/tmr_moveit_cpp_demo
