[0.091s] Invoking command in '/home/omron/Omron_TM_ROS2/build/tmr_msgs': CMAKE_PREFIX_PATH=${CMAKE_PREFIX_PATH}:/home/omron/Omron_TM_ROS2/install/tmr_mod_urdf:/home/omron/Omron_TM_ROS2/install/tm_get_status:/home/omron/Omron_TM_ROS2/install/rviz_tm:/home/omron/Omron_TM_ROS2/install/pickplace:/opt/ros/foxy /usr/bin/cmake --build /home/omron/Omron_TM_ROS2/build/tmr_msgs -- -j8 -l8
[0.944s] [ 12%] Built target tmr_msgs__rosidl_generator_c
[0.944s] [ 12%] Built target tmr_msgs__cpp
[0.945s] [ 24%] Built target tmr_msgs__rosidl_typesupport_c
[0.945s] [ 36%] Built target tmr_msgs__rosidl_typesupport_introspection_cpp
[0.945s] [ 48%] Built target tmr_msgs__rosidl_typesupport_introspection_c
[0.945s] [ 60%] Built target tmr_msgs__rosidl_typesupport_cpp
[0.946s] [ 71%] Built target tmr_msgs__rosidl_typesupport_fastrtps_cpp
[0.946s] [ 83%] Built target tmr_msgs__rosidl_typesupport_fastrtps_c
[0.946s] [ 83%] Built target tmr_msgs
[0.946s] [ 84%] Built target tmr_msgs__py
[0.946s] [ 95%] Built target tmr_msgs__python
[0.946s] [ 97%] Built target tmr_msgs__rosidl_typesupport_introspection_c__pyext
[0.946s] [ 98%] Built target tmr_msgs__rosidl_typesupport_c__pyext
[0.946s] [100%] Built target tmr_msgs__rosidl_typesupport_fastrtps_c__pyext
[0.951s] Invoked command in '/home/omron/Omron_TM_ROS2/build/tmr_msgs' returned '0': CMAKE_PREFIX_PATH=${CMAKE_PREFIX_PATH}:/home/omron/Omron_TM_ROS2/install/tmr_mod_urdf:/home/omron/Omron_TM_ROS2/install/tm_get_status:/home/omron/Omron_TM_ROS2/install/rviz_tm:/home/omron/Omron_TM_ROS2/install/pickplace:/opt/ros/foxy /usr/bin/cmake --build /home/omron/Omron_TM_ROS2/build/tmr_msgs -- -j8 -l8
[1.686s] Invoking command in '/home/omron/Omron_TM_ROS2/build/tmr_msgs': CMAKE_PREFIX_PATH=${CMAKE_PREFIX_PATH}:/home/omron/Omron_TM_ROS2/install/tmr_mod_urdf:/home/omron/Omron_TM_ROS2/install/tm_get_status:/home/omron/Omron_TM_ROS2/install/rviz_tm:/home/omron/Omron_TM_ROS2/install/pickplace:/opt/ros/foxy /usr/bin/cmake --install /home/omron/Omron_TM_ROS2/build/tmr_msgs
[1.753s] -- Install configuration: ""
[1.753s] -- Up-to-date: /home/omron/Omron_TM_ROS2/install/tmr_msgs/share/ament_index/resource_index/rosidl_interfaces/tmr_msgs
[1.753s] -- Up-to-date: /home/omron/Omron_TM_ROS2/install/tmr_msgs/include/tmr_msgs
[1.753s] -- Up-to-date: /home/omron/Omron_TM_ROS2/install/tmr_msgs/include/tmr_msgs/msg
[1.754s] -- Up-to-date: /home/omron/Omron_TM_ROS2/install/tmr_msgs/include/tmr_msgs/msg/sta_response.h
[1.754s] -- Up-to-date: /home/omron/Omron_TM_ROS2/install/tmr_msgs/include/tmr_msgs/msg/svr_response.h
[1.754s] -- Up-to-date: /home/omron/Omron_TM_ROS2/install/tmr_msgs/include/tmr_msgs/msg/sct_response.h
[1.754s] -- Up-to-date: /home/omron/Omron_TM_ROS2/install/tmr_msgs/include/tmr_msgs/msg/feedback_state.h
[1.754s] -- Up-to-date: /home/omron/Omron_TM_ROS2/install/tmr_msgs/include/tmr_msgs/msg/detail
[1.754s] -- Up-to-date: /home/omron/Omron_TM_ROS2/install/tmr_msgs/include/tmr_msgs/msg/detail/sta_response__functions.h
[1.754s] -- Up-to-date: /home/omron/Omron_TM_ROS2/install/tmr_msgs/include/tmr_msgs/msg/detail/sct_response__type_support.h
[1.754s] -- Up-to-date: /home/omron/Omron_TM_ROS2/install/tmr_msgs/include/tmr_msgs/msg/detail/svr_response__struct.h
[1.755s] -- Up-to-date: /home/omron/Omron_TM_ROS2/install/tmr_msgs/include/tmr_msgs/msg/detail/svr_response__functions.h
[1.755s] -- Up-to-date: /home/omron/Omron_TM_ROS2/install/tmr_msgs/include/tmr_msgs/msg/detail/sct_response__struct.h
[1.755s] -- Up-to-date: /home/omron/Omron_TM_ROS2/install/tmr_msgs/include/tmr_msgs/msg/detail/sta_response__type_support.h
[1.755s] -- Up-to-date: /home/omron/Omron_TM_ROS2/install/tmr_msgs/include/tmr_msgs/msg/detail/feedback_state__functions.c
[1.755s] -- Up-to-date: /home/omron/Omron_TM_ROS2/install/tmr_msgs/include/tmr_msgs/msg/detail/feedback_state__functions.h
[1.755s] -- Up-to-date: /home/omron/Omron_TM_ROS2/install/tmr_msgs/include/tmr_msgs/msg/detail/svr_response__functions.c
[1.755s] -- Up-to-date: /home/omron/Omron_TM_ROS2/install/tmr_msgs/include/tmr_msgs/msg/detail/sct_response__functions.c
[1.755s] -- Up-to-date: /home/omron/Omron_TM_ROS2/install/tmr_msgs/include/tmr_msgs/msg/detail/sta_response__functions.c
[1.755s] -- Up-to-date: /home/omron/Omron_TM_ROS2/install/tmr_msgs/include/tmr_msgs/msg/detail/feedback_state__struct.h
[1.756s] -- Up-to-date: /home/omron/Omron_TM_ROS2/install/tmr_msgs/include/tmr_msgs/msg/detail/sct_response__functions.h
[1.756s] -- Up-to-date: /home/omron/Omron_TM_ROS2/install/tmr_msgs/include/tmr_msgs/msg/detail/sta_response__struct.h
[1.756s] -- Up-to-date: /home/omron/Omron_TM_ROS2/install/tmr_msgs/include/tmr_msgs/msg/detail/feedback_state__type_support.h
[1.756s] -- Up-to-date: /home/omron/Omron_TM_ROS2/install/tmr_msgs/include/tmr_msgs/msg/detail/svr_response__type_support.h
[1.756s] -- Up-to-date: /home/omron/Omron_TM_ROS2/install/tmr_msgs/include/tmr_msgs/msg/rosidl_generator_c__visibility_control.h
[1.756s] -- Up-to-date: /home/omron/Omron_TM_ROS2/install/tmr_msgs/include/tmr_msgs/srv
[1.756s] -- Up-to-date: /home/omron/Omron_TM_ROS2/install/tmr_msgs/include/tmr_msgs/srv/set_positions.h
[1.756s] -- Up-to-date: /home/omron/Omron_TM_ROS2/install/tmr_msgs/include/tmr_msgs/srv/write_item.h
[1.757s] -- Up-to-date: /home/omron/Omron_TM_ROS2/install/tmr_msgs/include/tmr_msgs/srv/ask_sta.h
[1.757s] -- Up-to-date: /home/omron/Omron_TM_ROS2/install/tmr_msgs/include/tmr_msgs/srv/send_script.h
[1.757s] -- Up-to-date: /home/omron/Omron_TM_ROS2/install/tmr_msgs/include/tmr_msgs/srv/ask_item.h
[1.757s] -- Up-to-date: /home/omron/Omron_TM_ROS2/install/tmr_msgs/include/tmr_msgs/srv/set_io.h
[1.757s] -- Up-to-date: /home/omron/Omron_TM_ROS2/install/tmr_msgs/include/tmr_msgs/srv/set_event.h
[1.757s] -- Up-to-date: /home/omron/Omron_TM_ROS2/install/tmr_msgs/include/tmr_msgs/srv/detail
[1.757s] -- Up-to-date: /home/omron/Omron_TM_ROS2/install/tmr_msgs/include/tmr_msgs/srv/detail/connect_tm__struct.h
[1.757s] -- Up-to-date: /home/omron/Omron_TM_ROS2/install/tmr_msgs/include/tmr_msgs/srv/detail/ask_item__functions.c
[1.758s] -- Up-to-date: /home/omron/Omron_TM_ROS2/install/tmr_msgs/include/tmr_msgs/srv/detail/send_script__type_support.h
[1.758s] -- Up-to-date: /home/omron/Omron_TM_ROS2/install/tmr_msgs/include/tmr_msgs/srv/detail/set_event__struct.h
[1.758s] -- Up-to-date: /home/omron/Omron_TM_ROS2/install/tmr_msgs/include/tmr_msgs/srv/detail/set_io__type_support.h
[1.758s] -- Up-to-date: /home/omron/Omron_TM_ROS2/install/tmr_msgs/include/tmr_msgs/srv/detail/set_io__struct.h
[1.758s] -- Up-to-date: /home/omron/Omron_TM_ROS2/install/tmr_msgs/include/tmr_msgs/srv/detail/write_item__functions.c
[1.758s] -- Up-to-date: /home/omron/Omron_TM_ROS2/install/tmr_msgs/include/tmr_msgs/srv/detail/ask_item__type_support.h
[1.758s] -- Up-to-date: /home/omron/Omron_TM_ROS2/install/tmr_msgs/include/tmr_msgs/srv/detail/ask_sta__struct.h
[1.758s] -- Up-to-date: /home/omron/Omron_TM_ROS2/install/tmr_msgs/include/tmr_msgs/srv/detail/ask_sta__functions.h
[1.759s] -- Up-to-date: /home/omron/Omron_TM_ROS2/install/tmr_msgs/include/tmr_msgs/srv/detail/set_positions__type_support.h
[1.759s] -- Up-to-date: /home/omron/Omron_TM_ROS2/install/tmr_msgs/include/tmr_msgs/srv/detail/connect_tm__type_support.h
[1.759s] -- Up-to-date: /home/omron/Omron_TM_ROS2/install/tmr_msgs/include/tmr_msgs/srv/detail/set_positions__struct.h
[1.759s] -- Up-to-date: /home/omron/Omron_TM_ROS2/install/tmr_msgs/include/tmr_msgs/srv/detail/connect_tm__functions.c
[1.759s] -- Up-to-date: /home/omron/Omron_TM_ROS2/install/tmr_msgs/include/tmr_msgs/srv/detail/ask_sta__functions.c
[1.759s] -- Up-to-date: /home/omron/Omron_TM_ROS2/install/tmr_msgs/include/tmr_msgs/srv/detail/ask_item__functions.h
[1.759s] -- Up-to-date: /home/omron/Omron_TM_ROS2/install/tmr_msgs/include/tmr_msgs/srv/detail/set_io__functions.h
[1.759s] -- Up-to-date: /home/omron/Omron_TM_ROS2/install/tmr_msgs/include/tmr_msgs/srv/detail/set_positions__functions.c
[1.760s] -- Up-to-date: /home/omron/Omron_TM_ROS2/install/tmr_msgs/include/tmr_msgs/srv/detail/set_event__functions.c
[1.760s] -- Up-to-date: /home/omron/Omron_TM_ROS2/install/tmr_msgs/include/tmr_msgs/srv/detail/set_positions__functions.h
[1.760s] -- Up-to-date: /home/omron/Omron_TM_ROS2/install/tmr_msgs/include/tmr_msgs/srv/detail/set_event__functions.h
[1.760s] -- Up-to-date: /home/omron/Omron_TM_ROS2/install/tmr_msgs/include/tmr_msgs/srv/detail/ask_item__struct.h
[1.760s] -- Up-to-date: /home/omron/Omron_TM_ROS2/install/tmr_msgs/include/tmr_msgs/srv/detail/send_script__struct.h
[1.760s] -- Up-to-date: /home/omron/Omron_TM_ROS2/install/tmr_msgs/include/tmr_msgs/srv/detail/write_item__functions.h
[1.760s] -- Up-to-date: /home/omron/Omron_TM_ROS2/install/tmr_msgs/include/tmr_msgs/srv/detail/ask_sta__type_support.h
[1.760s] -- Up-to-date: /home/omron/Omron_TM_ROS2/install/tmr_msgs/include/tmr_msgs/srv/detail/set_io__functions.c
[1.760s] -- Up-to-date: /home/omron/Omron_TM_ROS2/install/tmr_msgs/include/tmr_msgs/srv/detail/send_script__functions.c
[1.761s] -- Up-to-date: /home/omron/Omron_TM_ROS2/install/tmr_msgs/include/tmr_msgs/srv/detail/write_item__struct.h
[1.761s] -- Up-to-date: /home/omron/Omron_TM_ROS2/install/tmr_msgs/include/tmr_msgs/srv/detail/set_event__type_support.h
[1.761s] -- Up-to-date: /home/omron/Omron_TM_ROS2/install/tmr_msgs/include/tmr_msgs/srv/detail/send_script__functions.h
[1.761s] -- Up-to-date: /home/omron/Omron_TM_ROS2/install/tmr_msgs/include/tmr_msgs/srv/detail/write_item__type_support.h
[1.761s] -- Up-to-date: /home/omron/Omron_TM_ROS2/install/tmr_msgs/include/tmr_msgs/srv/detail/connect_tm__functions.h
[1.761s] -- Up-to-date: /home/omron/Omron_TM_ROS2/install/tmr_msgs/include/tmr_msgs/srv/connect_tm.h
[1.761s] -- Up-to-date: /home/omron/Omron_TM_ROS2/install/tmr_msgs/share/tmr_msgs/environment/library_path.sh
[1.761s] -- Up-to-date: /home/omron/Omron_TM_ROS2/install/tmr_msgs/share/tmr_msgs/environment/library_path.dsv
[1.762s] -- Up-to-date: /home/omron/Omron_TM_ROS2/install/tmr_msgs/lib/libtmr_msgs__rosidl_generator_c.so
[1.762s] -- Up-to-date: /home/omron/Omron_TM_ROS2/install/tmr_msgs/include/tmr_msgs
[1.762s] -- Up-to-date: /home/omron/Omron_TM_ROS2/install/tmr_msgs/include/tmr_msgs/msg
[1.762s] -- Up-to-date: /home/omron/Omron_TM_ROS2/install/tmr_msgs/include/tmr_msgs/msg/rosidl_typesupport_fastrtps_c__visibility_control.h
[1.762s] -- Up-to-date: /home/omron/Omron_TM_ROS2/install/tmr_msgs/include/tmr_msgs/msg/detail
[1.762s] -- Up-to-date: /home/omron/Omron_TM_ROS2/install/tmr_msgs/include/tmr_msgs/msg/detail/sct_response__rosidl_typesupport_fastrtps_c.h
[1.762s] -- Up-to-date: /home/omron/Omron_TM_ROS2/install/tmr_msgs/include/tmr_msgs/msg/detail/feedback_state__rosidl_typesupport_fastrtps_c.h
[1.762s] -- Up-to-date: /home/omron/Omron_TM_ROS2/install/tmr_msgs/include/tmr_msgs/msg/detail/sta_response__rosidl_typesupport_fastrtps_c.h
[1.763s] -- Up-to-date: /home/omron/Omron_TM_ROS2/install/tmr_msgs/include/tmr_msgs/msg/detail/svr_response__rosidl_typesupport_fastrtps_c.h
[1.763s] -- Up-to-date: /home/omron/Omron_TM_ROS2/install/tmr_msgs/include/tmr_msgs/srv
[1.763s] -- Up-to-date: /home/omron/Omron_TM_ROS2/install/tmr_msgs/include/tmr_msgs/srv/detail
[1.763s] -- Up-to-date: /home/omron/Omron_TM_ROS2/install/tmr_msgs/include/tmr_msgs/srv/detail/set_event__rosidl_typesupport_fastrtps_c.h
[1.763s] -- Up-to-date: /home/omron/Omron_TM_ROS2/install/tmr_msgs/include/tmr_msgs/srv/detail/send_script__rosidl_typesupport_fastrtps_c.h
[1.763s] -- Up-to-date: /home/omron/Omron_TM_ROS2/install/tmr_msgs/include/tmr_msgs/srv/detail/set_io__rosidl_typesupport_fastrtps_c.h
[1.763s] -- Up-to-date: /home/omron/Omron_TM_ROS2/install/tmr_msgs/include/tmr_msgs/srv/detail/connect_tm__rosidl_typesupport_fastrtps_c.h
[1.763s] -- Up-to-date: /home/omron/Omron_TM_ROS2/install/tmr_msgs/include/tmr_msgs/srv/detail/set_positions__rosidl_typesupport_fastrtps_c.h
[1.764s] -- Up-to-date: /home/omron/Omron_TM_ROS2/install/tmr_msgs/include/tmr_msgs/srv/detail/ask_sta__rosidl_typesupport_fastrtps_c.h
[1.764s] -- Up-to-date: /home/omron/Omron_TM_ROS2/install/tmr_msgs/include/tmr_msgs/srv/detail/ask_item__rosidl_typesupport_fastrtps_c.h
[1.764s] -- Up-to-date: /home/omron/Omron_TM_ROS2/install/tmr_msgs/include/tmr_msgs/srv/detail/write_item__rosidl_typesupport_fastrtps_c.h
[1.764s] -- Up-to-date: /home/omron/Omron_TM_ROS2/install/tmr_msgs/lib/libtmr_msgs__rosidl_typesupport_fastrtps_c.so
[1.764s] -- Up-to-date: /home/omron/Omron_TM_ROS2/install/tmr_msgs/include/tmr_msgs
[1.764s] -- Up-to-date: /home/omron/Omron_TM_ROS2/install/tmr_msgs/include/tmr_msgs/msg
[1.764s] -- Up-to-date: /home/omron/Omron_TM_ROS2/install/tmr_msgs/include/tmr_msgs/msg/rosidl_typesupport_fastrtps_cpp__visibility_control.h
[1.765s] -- Up-to-date: /home/omron/Omron_TM_ROS2/install/tmr_msgs/include/tmr_msgs/msg/detail
[1.765s] -- Up-to-date: /home/omron/Omron_TM_ROS2/install/tmr_msgs/include/tmr_msgs/msg/detail/svr_response__rosidl_typesupport_fastrtps_cpp.hpp
[1.765s] -- Up-to-date: /home/omron/Omron_TM_ROS2/install/tmr_msgs/include/tmr_msgs/msg/detail/sta_response__rosidl_typesupport_fastrtps_cpp.hpp
[1.765s] -- Up-to-date: /home/omron/Omron_TM_ROS2/install/tmr_msgs/include/tmr_msgs/msg/detail/dds_fastrtps
[1.772s] -- Up-to-date: /home/omron/Omron_TM_ROS2/install/tmr_msgs/include/tmr_msgs/msg/detail/feedback_state__rosidl_typesupport_fastrtps_cpp.hpp
[1.772s] -- Up-to-date: /home/omron/Omron_TM_ROS2/install/tmr_msgs/include/tmr_msgs/msg/detail/sct_response__rosidl_typesupport_fastrtps_cpp.hpp
[1.776s] -- Up-to-date: /home/omron/Omron_TM_ROS2/install/tmr_msgs/include/tmr_msgs/srv
[1.776s] -- Up-to-date: /home/omron/Omron_TM_ROS2/install/tmr_msgs/include/tmr_msgs/srv/detail
[1.777s] -- Up-to-date: /home/omron/Omron_TM_ROS2/install/tmr_msgs/include/tmr_msgs/srv/detail/connect_tm__rosidl_typesupport_fastrtps_cpp.hpp
[1.777s] -- Up-to-date: /home/omron/Omron_TM_ROS2/install/tmr_msgs/include/tmr_msgs/srv/detail/dds_fastrtps
[1.777s] -- Up-to-date: /home/omron/Omron_TM_ROS2/install/tmr_msgs/include/tmr_msgs/srv/detail/set_io__rosidl_typesupport_fastrtps_cpp.hpp
[1.777s] -- Up-to-date: /home/omron/Omron_TM_ROS2/install/tmr_msgs/include/tmr_msgs/srv/detail/set_positions__rosidl_typesupport_fastrtps_cpp.hpp
[1.777s] -- Up-to-date: /home/omron/Omron_TM_ROS2/install/tmr_msgs/include/tmr_msgs/srv/detail/ask_sta__rosidl_typesupport_fastrtps_cpp.hpp
[1.777s] -- Up-to-date: /home/omron/Omron_TM_ROS2/install/tmr_msgs/include/tmr_msgs/srv/detail/set_event__rosidl_typesupport_fastrtps_cpp.hpp
[1.778s] -- Up-to-date: /home/omron/Omron_TM_ROS2/install/tmr_msgs/include/tmr_msgs/srv/detail/write_item__rosidl_typesupport_fastrtps_cpp.hpp
[1.778s] -- Up-to-date: /home/omron/Omron_TM_ROS2/install/tmr_msgs/include/tmr_msgs/srv/detail/ask_item__rosidl_typesupport_fastrtps_cpp.hpp
[1.778s] -- Up-to-date: /home/omron/Omron_TM_ROS2/install/tmr_msgs/include/tmr_msgs/srv/detail/send_script__rosidl_typesupport_fastrtps_cpp.hpp
[1.778s] -- Up-to-date: /home/omron/Omron_TM_ROS2/install/tmr_msgs/lib/libtmr_msgs__rosidl_typesupport_fastrtps_cpp.so
[1.778s] -- Up-to-date: /home/omron/Omron_TM_ROS2/install/tmr_msgs/include/tmr_msgs
[1.778s] -- Up-to-date: /home/omron/Omron_TM_ROS2/install/tmr_msgs/include/tmr_msgs/msg
[1.778s] -- Up-to-date: /home/omron/Omron_TM_ROS2/install/tmr_msgs/include/tmr_msgs/msg/rosidl_typesupport_introspection_c__visibility_control.h
[1.778s] -- Up-to-date: /home/omron/Omron_TM_ROS2/install/tmr_msgs/include/tmr_msgs/msg/detail
[1.779s] -- Up-to-date: /home/omron/Omron_TM_ROS2/install/tmr_msgs/include/tmr_msgs/msg/detail/feedback_state__rosidl_typesupport_introspection_c.h
[1.779s] -- Up-to-date: /home/omron/Omron_TM_ROS2/install/tmr_msgs/include/tmr_msgs/msg/detail/feedback_state__type_support.c
[1.779s] -- Up-to-date: /home/omron/Omron_TM_ROS2/install/tmr_msgs/include/tmr_msgs/msg/detail/sta_response__rosidl_typesupport_introspection_c.h
[1.779s] -- Up-to-date: /home/omron/Omron_TM_ROS2/install/tmr_msgs/include/tmr_msgs/msg/detail/sta_response__type_support.c
[1.779s] -- Up-to-date: /home/omron/Omron_TM_ROS2/install/tmr_msgs/include/tmr_msgs/msg/detail/sct_response__type_support.c
[1.779s] -- Up-to-date: /home/omron/Omron_TM_ROS2/install/tmr_msgs/include/tmr_msgs/msg/detail/svr_response__type_support.c
[1.779s] -- Up-to-date: /home/omron/Omron_TM_ROS2/install/tmr_msgs/include/tmr_msgs/msg/detail/sct_response__rosidl_typesupport_introspection_c.h
[1.779s] -- Up-to-date: /home/omron/Omron_TM_ROS2/install/tmr_msgs/include/tmr_msgs/msg/detail/svr_response__rosidl_typesupport_introspection_c.h
[1.780s] -- Up-to-date: /home/omron/Omron_TM_ROS2/install/tmr_msgs/include/tmr_msgs/srv
[1.780s] -- Up-to-date: /home/omron/Omron_TM_ROS2/install/tmr_msgs/include/tmr_msgs/srv/detail
[1.780s] -- Up-to-date: /home/omron/Omron_TM_ROS2/install/tmr_msgs/include/tmr_msgs/srv/detail/set_positions__type_support.c
[1.780s] -- Up-to-date: /home/omron/Omron_TM_ROS2/install/tmr_msgs/include/tmr_msgs/srv/detail/send_script__type_support.c
[1.780s] -- Up-to-date: /home/omron/Omron_TM_ROS2/install/tmr_msgs/include/tmr_msgs/srv/detail/connect_tm__type_support.c
[1.780s] -- Up-to-date: /home/omron/Omron_TM_ROS2/install/tmr_msgs/include/tmr_msgs/srv/detail/set_event__rosidl_typesupport_introspection_c.h
[1.780s] -- Up-to-date: /home/omron/Omron_TM_ROS2/install/tmr_msgs/include/tmr_msgs/srv/detail/set_io__rosidl_typesupport_introspection_c.h
[1.780s] -- Up-to-date: /home/omron/Omron_TM_ROS2/install/tmr_msgs/include/tmr_msgs/srv/detail/set_positions__rosidl_typesupport_introspection_c.h
[1.781s] -- Up-to-date: /home/omron/Omron_TM_ROS2/install/tmr_msgs/include/tmr_msgs/srv/detail/send_script__rosidl_typesupport_introspection_c.h
[1.781s] -- Up-to-date: /home/omron/Omron_TM_ROS2/install/tmr_msgs/include/tmr_msgs/srv/detail/set_event__type_support.c
[1.781s] -- Up-to-date: /home/omron/Omron_TM_ROS2/install/tmr_msgs/include/tmr_msgs/srv/detail/ask_sta__type_support.c
[1.781s] -- Up-to-date: /home/omron/Omron_TM_ROS2/install/tmr_msgs/include/tmr_msgs/srv/detail/write_item__type_support.c
[1.781s] -- Up-to-date: /home/omron/Omron_TM_ROS2/install/tmr_msgs/include/tmr_msgs/srv/detail/connect_tm__rosidl_typesupport_introspection_c.h
[1.781s] -- Up-to-date: /home/omron/Omron_TM_ROS2/install/tmr_msgs/include/tmr_msgs/srv/detail/ask_sta__rosidl_typesupport_introspection_c.h
[1.781s] -- Up-to-date: /home/omron/Omron_TM_ROS2/install/tmr_msgs/include/tmr_msgs/srv/detail/ask_item__type_support.c
[1.781s] -- Up-to-date: /home/omron/Omron_TM_ROS2/install/tmr_msgs/include/tmr_msgs/srv/detail/write_item__rosidl_typesupport_introspection_c.h
[1.781s] -- Up-to-date: /home/omron/Omron_TM_ROS2/install/tmr_msgs/include/tmr_msgs/srv/detail/set_io__type_support.c
[1.782s] -- Up-to-date: /home/omron/Omron_TM_ROS2/install/tmr_msgs/include/tmr_msgs/srv/detail/ask_item__rosidl_typesupport_introspection_c.h
[1.782s] -- Up-to-date: /home/omron/Omron_TM_ROS2/install/tmr_msgs/lib/libtmr_msgs__rosidl_typesupport_introspection_c.so
[1.782s] -- Up-to-date: /home/omron/Omron_TM_ROS2/install/tmr_msgs/lib/libtmr_msgs__rosidl_typesupport_c.so
[1.782s] -- Up-to-date: /home/omron/Omron_TM_ROS2/install/tmr_msgs/include/tmr_msgs
[1.782s] -- Up-to-date: /home/omron/Omron_TM_ROS2/install/tmr_msgs/include/tmr_msgs/msg
[1.782s] -- Up-to-date: /home/omron/Omron_TM_ROS2/install/tmr_msgs/include/tmr_msgs/msg/sct_response.hpp
[1.782s] -- Up-to-date: /home/omron/Omron_TM_ROS2/install/tmr_msgs/include/tmr_msgs/msg/sta_response.hpp
[1.782s] -- Up-to-date: /home/omron/Omron_TM_ROS2/install/tmr_msgs/include/tmr_msgs/msg/svr_response.hpp
[1.782s] -- Up-to-date: /home/omron/Omron_TM_ROS2/install/tmr_msgs/include/tmr_msgs/msg/feedback_state.hpp
[1.783s] -- Up-to-date: /home/omron/Omron_TM_ROS2/install/tmr_msgs/include/tmr_msgs/msg/detail
[1.783s] -- Up-to-date: /home/omron/Omron_TM_ROS2/install/tmr_msgs/include/tmr_msgs/msg/detail/svr_response__builder.hpp
[1.783s] -- Up-to-date: /home/omron/Omron_TM_ROS2/install/tmr_msgs/include/tmr_msgs/msg/detail/svr_response__traits.hpp
[1.783s] -- Up-to-date: /home/omron/Omron_TM_ROS2/install/tmr_msgs/include/tmr_msgs/msg/detail/svr_response__struct.hpp
[1.783s] -- Up-to-date: /home/omron/Omron_TM_ROS2/install/tmr_msgs/include/tmr_msgs/msg/detail/sta_response__builder.hpp
[1.783s] -- Up-to-date: /home/omron/Omron_TM_ROS2/install/tmr_msgs/include/tmr_msgs/msg/detail/sct_response__traits.hpp
[1.783s] -- Up-to-date: /home/omron/Omron_TM_ROS2/install/tmr_msgs/include/tmr_msgs/msg/detail/feedback_state__builder.hpp
[1.783s] -- Up-to-date: /home/omron/Omron_TM_ROS2/install/tmr_msgs/include/tmr_msgs/msg/detail/feedback_state__struct.hpp
[1.784s] -- Up-to-date: /home/omron/Omron_TM_ROS2/install/tmr_msgs/include/tmr_msgs/msg/detail/sta_response__traits.hpp
[1.784s] -- Up-to-date: /home/omron/Omron_TM_ROS2/install/tmr_msgs/include/tmr_msgs/msg/detail/feedback_state__traits.hpp
[1.784s] -- Up-to-date: /home/omron/Omron_TM_ROS2/install/tmr_msgs/include/tmr_msgs/msg/detail/sct_response__builder.hpp
[1.784s] -- Up-to-date: /home/omron/Omron_TM_ROS2/install/tmr_msgs/include/tmr_msgs/msg/detail/sta_response__struct.hpp
[1.785s] -- Up-to-date: /home/omron/Omron_TM_ROS2/install/tmr_msgs/include/tmr_msgs/msg/detail/sct_response__struct.hpp
[1.785s] -- Up-to-date: /home/omron/Omron_TM_ROS2/install/tmr_msgs/include/tmr_msgs/srv
[1.785s] -- Up-to-date: /home/omron/Omron_TM_ROS2/install/tmr_msgs/include/tmr_msgs/srv/set_positions.hpp
[1.785s] -- Up-to-date: /home/omron/Omron_TM_ROS2/install/tmr_msgs/include/tmr_msgs/srv/ask_sta.hpp
[1.785s] -- Up-to-date: /home/omron/Omron_TM_ROS2/install/tmr_msgs/include/tmr_msgs/srv/connect_tm.hpp
[1.785s] -- Up-to-date: /home/omron/Omron_TM_ROS2/install/tmr_msgs/include/tmr_msgs/srv/ask_item.hpp
[1.785s] -- Up-to-date: /home/omron/Omron_TM_ROS2/install/tmr_msgs/include/tmr_msgs/srv/set_event.hpp
[1.786s] -- Up-to-date: /home/omron/Omron_TM_ROS2/install/tmr_msgs/include/tmr_msgs/srv/detail
[1.786s] -- Up-to-date: /home/omron/Omron_TM_ROS2/install/tmr_msgs/include/tmr_msgs/srv/detail/ask_item__struct.hpp
[1.786s] -- Up-to-date: /home/omron/Omron_TM_ROS2/install/tmr_msgs/include/tmr_msgs/srv/detail/ask_item__traits.hpp
[1.786s] -- Up-to-date: /home/omron/Omron_TM_ROS2/install/tmr_msgs/include/tmr_msgs/srv/detail/ask_sta__struct.hpp
[1.786s] -- Up-to-date: /home/omron/Omron_TM_ROS2/install/tmr_msgs/include/tmr_msgs/srv/detail/write_item__builder.hpp
[1.786s] -- Up-to-date: /home/omron/Omron_TM_ROS2/install/tmr_msgs/include/tmr_msgs/srv/detail/ask_item__builder.hpp
[1.786s] -- Up-to-date: /home/omron/Omron_TM_ROS2/install/tmr_msgs/include/tmr_msgs/srv/detail/ask_sta__traits.hpp
[1.786s] -- Up-to-date: /home/omron/Omron_TM_ROS2/install/tmr_msgs/include/tmr_msgs/srv/detail/write_item__traits.hpp
[1.786s] -- Up-to-date: /home/omron/Omron_TM_ROS2/install/tmr_msgs/include/tmr_msgs/srv/detail/set_io__struct.hpp
[1.786s] -- Up-to-date: /home/omron/Omron_TM_ROS2/install/tmr_msgs/include/tmr_msgs/srv/detail/set_positions__traits.hpp
[1.787s] -- Up-to-date: /home/omron/Omron_TM_ROS2/install/tmr_msgs/include/tmr_msgs/srv/detail/set_io__traits.hpp
[1.787s] -- Up-to-date: /home/omron/Omron_TM_ROS2/install/tmr_msgs/include/tmr_msgs/srv/detail/send_script__struct.hpp
[1.787s] -- Up-to-date: /home/omron/Omron_TM_ROS2/install/tmr_msgs/include/tmr_msgs/srv/detail/set_io__builder.hpp
[1.787s] -- Up-to-date: /home/omron/Omron_TM_ROS2/install/tmr_msgs/include/tmr_msgs/srv/detail/send_script__builder.hpp
[1.787s] -- Up-to-date: /home/omron/Omron_TM_ROS2/install/tmr_msgs/include/tmr_msgs/srv/detail/set_positions__builder.hpp
[1.787s] -- Up-to-date: /home/omron/Omron_TM_ROS2/install/tmr_msgs/include/tmr_msgs/srv/detail/set_positions__struct.hpp
[1.787s] -- Up-to-date: /home/omron/Omron_TM_ROS2/install/tmr_msgs/include/tmr_msgs/srv/detail/connect_tm__traits.hpp
[1.801s] -- Up-to-date: /home/omron/Omron_TM_ROS2/install/tmr_msgs/include/tmr_msgs/srv/detail/connect_tm__builder.hpp
[1.802s] -- Up-to-date: /home/omron/Omron_TM_ROS2/install/tmr_msgs/include/tmr_msgs/srv/detail/send_script__traits.hpp
[1.802s] -- Up-to-date: /home/omron/Omron_TM_ROS2/install/tmr_msgs/include/tmr_msgs/srv/detail/ask_sta__builder.hpp
[1.802s] -- Up-to-date: /home/omron/Omron_TM_ROS2/install/tmr_msgs/include/tmr_msgs/srv/detail/set_event__traits.hpp
[1.802s] -- Up-to-date: /home/omron/Omron_TM_ROS2/install/tmr_msgs/include/tmr_msgs/srv/detail/set_event__builder.hpp
[1.802s] -- Up-to-date: /home/omron/Omron_TM_ROS2/install/tmr_msgs/include/tmr_msgs/srv/detail/set_event__struct.hpp
[1.802s] -- Up-to-date: /home/omron/Omron_TM_ROS2/install/tmr_msgs/include/tmr_msgs/srv/detail/connect_tm__struct.hpp
[1.802s] -- Up-to-date: /home/omron/Omron_TM_ROS2/install/tmr_msgs/include/tmr_msgs/srv/detail/write_item__struct.hpp
[1.803s] -- Up-to-date: /home/omron/Omron_TM_ROS2/install/tmr_msgs/include/tmr_msgs/srv/set_io.hpp
[1.803s] -- Up-to-date: /home/omron/Omron_TM_ROS2/install/tmr_msgs/include/tmr_msgs/srv/send_script.hpp
[1.803s] -- Up-to-date: /home/omron/Omron_TM_ROS2/install/tmr_msgs/include/tmr_msgs/srv/write_item.hpp
[1.803s] -- Up-to-date: /home/omron/Omron_TM_ROS2/install/tmr_msgs/include/tmr_msgs
[1.803s] -- Up-to-date: /home/omron/Omron_TM_ROS2/install/tmr_msgs/include/tmr_msgs/msg
[1.803s] -- Up-to-date: /home/omron/Omron_TM_ROS2/install/tmr_msgs/include/tmr_msgs/msg/detail
[1.803s] -- Up-to-date: /home/omron/Omron_TM_ROS2/install/tmr_msgs/include/tmr_msgs/msg/detail/feedback_state__rosidl_typesupport_introspection_cpp.hpp
[1.803s] -- Up-to-date: /home/omron/Omron_TM_ROS2/install/tmr_msgs/include/tmr_msgs/msg/detail/svr_response__type_support.cpp
[1.803s] -- Up-to-date: /home/omron/Omron_TM_ROS2/install/tmr_msgs/include/tmr_msgs/msg/detail/sta_response__type_support.cpp
[1.804s] -- Up-to-date: /home/omron/Omron_TM_ROS2/install/tmr_msgs/include/tmr_msgs/msg/detail/sta_response__rosidl_typesupport_introspection_cpp.hpp
[1.804s] -- Up-to-date: /home/omron/Omron_TM_ROS2/install/tmr_msgs/include/tmr_msgs/msg/detail/sct_response__type_support.cpp
[1.804s] -- Up-to-date: /home/omron/Omron_TM_ROS2/install/tmr_msgs/include/tmr_msgs/msg/detail/sct_response__rosidl_typesupport_introspection_cpp.hpp
[1.804s] -- Up-to-date: /home/omron/Omron_TM_ROS2/install/tmr_msgs/include/tmr_msgs/msg/detail/svr_response__rosidl_typesupport_introspection_cpp.hpp
[1.804s] -- Up-to-date: /home/omron/Omron_TM_ROS2/install/tmr_msgs/include/tmr_msgs/msg/detail/feedback_state__type_support.cpp
[1.804s] -- Up-to-date: /home/omron/Omron_TM_ROS2/install/tmr_msgs/include/tmr_msgs/srv
[1.804s] -- Up-to-date: /home/omron/Omron_TM_ROS2/install/tmr_msgs/include/tmr_msgs/srv/detail
[1.804s] -- Up-to-date: /home/omron/Omron_TM_ROS2/install/tmr_msgs/include/tmr_msgs/srv/detail/ask_item__rosidl_typesupport_introspection_cpp.hpp
[1.805s] -- Up-to-date: /home/omron/Omron_TM_ROS2/install/tmr_msgs/include/tmr_msgs/srv/detail/ask_sta__type_support.cpp
[1.805s] -- Up-to-date: /home/omron/Omron_TM_ROS2/install/tmr_msgs/include/tmr_msgs/srv/detail/set_event__type_support.cpp
[1.805s] -- Up-to-date: /home/omron/Omron_TM_ROS2/install/tmr_msgs/include/tmr_msgs/srv/detail/ask_item__type_support.cpp
[1.805s] -- Up-to-date: /home/omron/Omron_TM_ROS2/install/tmr_msgs/include/tmr_msgs/srv/detail/ask_sta__rosidl_typesupport_introspection_cpp.hpp
[1.805s] -- Up-to-date: /home/omron/Omron_TM_ROS2/install/tmr_msgs/include/tmr_msgs/srv/detail/write_item__rosidl_typesupport_introspection_cpp.hpp
[1.805s] -- Up-to-date: /home/omron/Omron_TM_ROS2/install/tmr_msgs/include/tmr_msgs/srv/detail/set_positions__rosidl_typesupport_introspection_cpp.hpp
[1.805s] -- Up-to-date: /home/omron/Omron_TM_ROS2/install/tmr_msgs/include/tmr_msgs/srv/detail/connect_tm__type_support.cpp
[1.805s] -- Up-to-date: /home/omron/Omron_TM_ROS2/install/tmr_msgs/include/tmr_msgs/srv/detail/connect_tm__rosidl_typesupport_introspection_cpp.hpp
[1.806s] -- Up-to-date: /home/omron/Omron_TM_ROS2/install/tmr_msgs/include/tmr_msgs/srv/detail/set_io__type_support.cpp
[1.806s] -- Up-to-date: /home/omron/Omron_TM_ROS2/install/tmr_msgs/include/tmr_msgs/srv/detail/send_script__type_support.cpp
[1.806s] -- Up-to-date: /home/omron/Omron_TM_ROS2/install/tmr_msgs/include/tmr_msgs/srv/detail/send_script__rosidl_typesupport_introspection_cpp.hpp
[1.806s] -- Up-to-date: /home/omron/Omron_TM_ROS2/install/tmr_msgs/include/tmr_msgs/srv/detail/write_item__type_support.cpp
[1.807s] -- Up-to-date: /home/omron/Omron_TM_ROS2/install/tmr_msgs/include/tmr_msgs/srv/detail/set_io__rosidl_typesupport_introspection_cpp.hpp
[1.810s] -- Up-to-date: /home/omron/Omron_TM_ROS2/install/tmr_msgs/include/tmr_msgs/srv/detail/set_positions__type_support.cpp
[1.810s] -- Up-to-date: /home/omron/Omron_TM_ROS2/install/tmr_msgs/include/tmr_msgs/srv/detail/set_event__rosidl_typesupport_introspection_cpp.hpp
[1.887s] -- Up-to-date: /home/omron/Omron_TM_ROS2/install/tmr_msgs/lib/libtmr_msgs__rosidl_typesupport_introspection_cpp.so
[1.887s] -- Up-to-date: /home/omron/Omron_TM_ROS2/install/tmr_msgs/lib/libtmr_msgs__rosidl_typesupport_cpp.so
[1.887s] -- Up-to-date: /home/omron/Omron_TM_ROS2/install/tmr_msgs/share/tmr_msgs/environment/pythonpath.sh
[1.887s] -- Up-to-date: /home/omron/Omron_TM_ROS2/install/tmr_msgs/share/tmr_msgs/environment/pythonpath.dsv
[1.887s] -- Up-to-date: /home/omron/Omron_TM_ROS2/install/tmr_msgs/lib/python3.8/site-packages/tmr_msgs/__init__.py
[1.897s] -- Up-to-date: /home/omron/Omron_TM_ROS2/install/tmr_msgs/lib/python3.8/site-packages/tmr_msgs/msg
[1.897s] -- Up-to-date: /home/omron/Omron_TM_ROS2/install/tmr_msgs/lib/python3.8/site-packages/tmr_msgs/msg/_sct_response_s.c
[1.897s] -- Up-to-date: /home/omron/Omron_TM_ROS2/install/tmr_msgs/lib/python3.8/site-packages/tmr_msgs/msg/_sct_response.py
[1.897s] -- Up-to-date: /home/omron/Omron_TM_ROS2/install/tmr_msgs/lib/python3.8/site-packages/tmr_msgs/msg/_sta_response.py
[1.897s] -- Up-to-date: /home/omron/Omron_TM_ROS2/install/tmr_msgs/lib/python3.8/site-packages/tmr_msgs/msg/_feedback_state.py
[1.897s] -- Up-to-date: /home/omron/Omron_TM_ROS2/install/tmr_msgs/lib/python3.8/site-packages/tmr_msgs/msg/_svr_response.py
[1.897s] -- Up-to-date: /home/omron/Omron_TM_ROS2/install/tmr_msgs/lib/python3.8/site-packages/tmr_msgs/msg/_svr_response_s.c
[1.897s] -- Up-to-date: /home/omron/Omron_TM_ROS2/install/tmr_msgs/lib/python3.8/site-packages/tmr_msgs/msg/__init__.py
[1.897s] -- Up-to-date: /home/omron/Omron_TM_ROS2/install/tmr_msgs/lib/python3.8/site-packages/tmr_msgs/msg/_feedback_state_s.c
[1.897s] -- Up-to-date: /home/omron/Omron_TM_ROS2/install/tmr_msgs/lib/python3.8/site-packages/tmr_msgs/msg/_sta_response_s.c
[1.897s] -- Up-to-date: /home/omron/Omron_TM_ROS2/install/tmr_msgs/lib/python3.8/site-packages/tmr_msgs/srv
[1.898s] -- Up-to-date: /home/omron/Omron_TM_ROS2/install/tmr_msgs/lib/python3.8/site-packages/tmr_msgs/srv/_write_item_s.c
[1.898s] -- Up-to-date: /home/omron/Omron_TM_ROS2/install/tmr_msgs/lib/python3.8/site-packages/tmr_msgs/srv/_write_item.py
[1.898s] -- Up-to-date: /home/omron/Omron_TM_ROS2/install/tmr_msgs/lib/python3.8/site-packages/tmr_msgs/srv/_set_event_s.c
[1.898s] -- Up-to-date: /home/omron/Omron_TM_ROS2/install/tmr_msgs/lib/python3.8/site-packages/tmr_msgs/srv/_set_positions.py
[1.898s] -- Up-to-date: /home/omron/Omron_TM_ROS2/install/tmr_msgs/lib/python3.8/site-packages/tmr_msgs/srv/_connect_tm_s.c
[1.898s] -- Up-to-date: /home/omron/Omron_TM_ROS2/install/tmr_msgs/lib/python3.8/site-packages/tmr_msgs/srv/_send_script_s.c
[1.898s] -- Up-to-date: /home/omron/Omron_TM_ROS2/install/tmr_msgs/lib/python3.8/site-packages/tmr_msgs/srv/_ask_item_s.c
[1.898s] -- Up-to-date: /home/omron/Omron_TM_ROS2/install/tmr_msgs/lib/python3.8/site-packages/tmr_msgs/srv/_set_io.py
[1.898s] -- Up-to-date: /home/omron/Omron_TM_ROS2/install/tmr_msgs/lib/python3.8/site-packages/tmr_msgs/srv/_set_event.py
[1.898s] -- Up-to-date: /home/omron/Omron_TM_ROS2/install/tmr_msgs/lib/python3.8/site-packages/tmr_msgs/srv/__init__.py
[1.898s] -- Up-to-date: /home/omron/Omron_TM_ROS2/install/tmr_msgs/lib/python3.8/site-packages/tmr_msgs/srv/_connect_tm.py
[1.898s] -- Up-to-date: /home/omron/Omron_TM_ROS2/install/tmr_msgs/lib/python3.8/site-packages/tmr_msgs/srv/_ask_item.py
[1.898s] -- Up-to-date: /home/omron/Omron_TM_ROS2/install/tmr_msgs/lib/python3.8/site-packages/tmr_msgs/srv/_send_script.py
[1.899s] -- Up-to-date: /home/omron/Omron_TM_ROS2/install/tmr_msgs/lib/python3.8/site-packages/tmr_msgs/srv/_ask_sta.py
[1.899s] -- Up-to-date: /home/omron/Omron_TM_ROS2/install/tmr_msgs/lib/python3.8/site-packages/tmr_msgs/srv/_set_io_s.c
[1.899s] -- Up-to-date: /home/omron/Omron_TM_ROS2/install/tmr_msgs/lib/python3.8/site-packages/tmr_msgs/srv/_ask_sta_s.c
[1.899s] -- Up-to-date: /home/omron/Omron_TM_ROS2/install/tmr_msgs/lib/python3.8/site-packages/tmr_msgs/srv/_set_positions_s.c
[1.899s] -- Up-to-date: /home/omron/Omron_TM_ROS2/install/tmr_msgs/lib/python3.8/site-packages/tmr_msgs/tmr_msgs_s__rosidl_typesupport_fastrtps_c.cpython-38-x86_64-linux-gnu.so
[1.899s] -- Up-to-date: /home/omron/Omron_TM_ROS2/install/tmr_msgs/lib/python3.8/site-packages/tmr_msgs/tmr_msgs_s__rosidl_typesupport_introspection_c.cpython-38-x86_64-linux-gnu.so
[1.899s] -- Up-to-date: /home/omron/Omron_TM_ROS2/install/tmr_msgs/lib/python3.8/site-packages/tmr_msgs/tmr_msgs_s__rosidl_typesupport_c.cpython-38-x86_64-linux-gnu.so
[1.899s] -- Up-to-date: /home/omron/Omron_TM_ROS2/install/tmr_msgs/lib/libtmr_msgs__python.so
[1.900s] -- Up-to-date: /home/omron/Omron_TM_ROS2/install/tmr_msgs/share/tmr_msgs/msg/FeedbackState.idl
[1.900s] -- Up-to-date: /home/omron/Omron_TM_ROS2/install/tmr_msgs/share/tmr_msgs/msg/SvrResponse.idl
[1.900s] -- Up-to-date: /home/omron/Omron_TM_ROS2/install/tmr_msgs/share/tmr_msgs/msg/SctResponse.idl
[1.900s] -- Up-to-date: /home/omron/Omron_TM_ROS2/install/tmr_msgs/share/tmr_msgs/msg/StaResponse.idl
[1.900s] -- Up-to-date: /home/omron/Omron_TM_ROS2/install/tmr_msgs/share/tmr_msgs/srv/ConnectTM.idl
[1.900s] -- Up-to-date: /home/omron/Omron_TM_ROS2/install/tmr_msgs/share/tmr_msgs/srv/WriteItem.idl
[1.900s] -- Up-to-date: /home/omron/Omron_TM_ROS2/install/tmr_msgs/share/tmr_msgs/srv/AskItem.idl
[1.900s] -- Up-to-date: /home/omron/Omron_TM_ROS2/install/tmr_msgs/share/tmr_msgs/srv/SendScript.idl
[1.900s] -- Up-to-date: /home/omron/Omron_TM_ROS2/install/tmr_msgs/share/tmr_msgs/srv/SetEvent.idl
[1.900s] -- Up-to-date: /home/omron/Omron_TM_ROS2/install/tmr_msgs/share/tmr_msgs/srv/SetIO.idl
[1.900s] -- Up-to-date: /home/omron/Omron_TM_ROS2/install/tmr_msgs/share/tmr_msgs/srv/SetPositions.idl
[1.900s] -- Up-to-date: /home/omron/Omron_TM_ROS2/install/tmr_msgs/share/tmr_msgs/srv/AskSta.idl
[1.900s] -- Up-to-date: /home/omron/Omron_TM_ROS2/install/tmr_msgs/share/tmr_msgs/msg/FeedbackState.msg
[1.901s] -- Up-to-date: /home/omron/Omron_TM_ROS2/install/tmr_msgs/share/tmr_msgs/msg/SvrResponse.msg
[1.901s] -- Up-to-date: /home/omron/Omron_TM_ROS2/install/tmr_msgs/share/tmr_msgs/msg/SctResponse.msg
[1.901s] -- Up-to-date: /home/omron/Omron_TM_ROS2/install/tmr_msgs/share/tmr_msgs/msg/StaResponse.msg
[1.901s] -- Up-to-date: /home/omron/Omron_TM_ROS2/install/tmr_msgs/share/tmr_msgs/srv/ConnectTM.srv
[1.901s] -- Up-to-date: /home/omron/Omron_TM_ROS2/install/tmr_msgs/share/tmr_msgs/srv/ConnectTM_Request.msg
[1.901s] -- Up-to-date: /home/omron/Omron_TM_ROS2/install/tmr_msgs/share/tmr_msgs/srv/ConnectTM_Response.msg
[1.901s] -- Up-to-date: /home/omron/Omron_TM_ROS2/install/tmr_msgs/share/tmr_msgs/srv/WriteItem.srv
[1.901s] -- Up-to-date: /home/omron/Omron_TM_ROS2/install/tmr_msgs/share/tmr_msgs/srv/WriteItem_Request.msg
[1.901s] -- Up-to-date: /home/omron/Omron_TM_ROS2/install/tmr_msgs/share/tmr_msgs/srv/WriteItem_Response.msg
[1.901s] -- Up-to-date: /home/omron/Omron_TM_ROS2/install/tmr_msgs/share/tmr_msgs/srv/AskItem.srv
[1.901s] -- Up-to-date: /home/omron/Omron_TM_ROS2/install/tmr_msgs/share/tmr_msgs/srv/AskItem_Request.msg
[1.901s] -- Up-to-date: /home/omron/Omron_TM_ROS2/install/tmr_msgs/share/tmr_msgs/srv/AskItem_Response.msg
[1.901s] -- Up-to-date: /home/omron/Omron_TM_ROS2/install/tmr_msgs/share/tmr_msgs/srv/SendScript.srv
[1.901s] -- Up-to-date: /home/omron/Omron_TM_ROS2/install/tmr_msgs/share/tmr_msgs/srv/SendScript_Request.msg
[1.901s] -- Up-to-date: /home/omron/Omron_TM_ROS2/install/tmr_msgs/share/tmr_msgs/srv/SendScript_Response.msg
[1.902s] -- Up-to-date: /home/omron/Omron_TM_ROS2/install/tmr_msgs/share/tmr_msgs/srv/SetEvent.srv
[1.902s] -- Up-to-date: /home/omron/Omron_TM_ROS2/install/tmr_msgs/share/tmr_msgs/srv/SetEvent_Request.msg
[1.902s] -- Up-to-date: /home/omron/Omron_TM_ROS2/install/tmr_msgs/share/tmr_msgs/srv/SetEvent_Response.msg
[1.902s] -- Up-to-date: /home/omron/Omron_TM_ROS2/install/tmr_msgs/share/tmr_msgs/srv/SetIO.srv
[1.902s] -- Up-to-date: /home/omron/Omron_TM_ROS2/install/tmr_msgs/share/tmr_msgs/srv/SetIO_Request.msg
[1.902s] -- Up-to-date: /home/omron/Omron_TM_ROS2/install/tmr_msgs/share/tmr_msgs/srv/SetIO_Response.msg
[1.902s] -- Up-to-date: /home/omron/Omron_TM_ROS2/install/tmr_msgs/share/tmr_msgs/srv/SetPositions.srv
[1.902s] -- Up-to-date: /home/omron/Omron_TM_ROS2/install/tmr_msgs/share/tmr_msgs/srv/SetPositions_Request.msg
[1.902s] -- Up-to-date: /home/omron/Omron_TM_ROS2/install/tmr_msgs/share/tmr_msgs/srv/SetPositions_Response.msg
[1.902s] -- Up-to-date: /home/omron/Omron_TM_ROS2/install/tmr_msgs/share/tmr_msgs/srv/AskSta.srv
[1.902s] -- Up-to-date: /home/omron/Omron_TM_ROS2/install/tmr_msgs/share/tmr_msgs/srv/AskSta_Request.msg
[1.902s] -- Up-to-date: /home/omron/Omron_TM_ROS2/install/tmr_msgs/share/tmr_msgs/srv/AskSta_Response.msg
[1.902s] -- Up-to-date: /home/omron/Omron_TM_ROS2/install/tmr_msgs/share/ament_index/resource_index/package_run_dependencies/tmr_msgs
[1.903s] -- Up-to-date: /home/omron/Omron_TM_ROS2/install/tmr_msgs/share/ament_index/resource_index/parent_prefix_path/tmr_msgs
[1.903s] -- Up-to-date: /home/omron/Omron_TM_ROS2/install/tmr_msgs/share/tmr_msgs/environment/ament_prefix_path.sh
[1.904s] -- Up-to-date: /home/omron/Omron_TM_ROS2/install/tmr_msgs/share/tmr_msgs/environment/ament_prefix_path.dsv
[1.906s] -- Up-to-date: /home/omron/Omron_TM_ROS2/install/tmr_msgs/share/tmr_msgs/environment/path.sh
[1.907s] -- Up-to-date: /home/omron/Omron_TM_ROS2/install/tmr_msgs/share/tmr_msgs/environment/path.dsv
[1.907s] -- Up-to-date: /home/omron/Omron_TM_ROS2/install/tmr_msgs/share/tmr_msgs/local_setup.bash
[1.907s] -- Up-to-date: /home/omron/Omron_TM_ROS2/install/tmr_msgs/share/tmr_msgs/local_setup.sh
[1.907s] -- Up-to-date: /home/omron/Omron_TM_ROS2/install/tmr_msgs/share/tmr_msgs/local_setup.zsh
[1.907s] -- Up-to-date: /home/omron/Omron_TM_ROS2/install/tmr_msgs/share/tmr_msgs/local_setup.dsv
[1.907s] -- Installing: /home/omron/Omron_TM_ROS2/install/tmr_msgs/share/tmr_msgs/package.dsv
[1.908s] -- Up-to-date: /home/omron/Omron_TM_ROS2/install/tmr_msgs/share/ament_index/resource_index/packages/tmr_msgs
[1.908s] -- Up-to-date: /home/omron/Omron_TM_ROS2/install/tmr_msgs/share/tmr_msgs/cmake/tmr_msgs__rosidl_generator_cExport.cmake
[1.909s] -- Up-to-date: /home/omron/Omron_TM_ROS2/install/tmr_msgs/share/tmr_msgs/cmake/tmr_msgs__rosidl_generator_cExport-noconfig.cmake
[1.909s] -- Up-to-date: /home/omron/Omron_TM_ROS2/install/tmr_msgs/share/tmr_msgs/cmake/tmr_msgs__rosidl_typesupport_introspection_cExport.cmake
[1.909s] -- Up-to-date: /home/omron/Omron_TM_ROS2/install/tmr_msgs/share/tmr_msgs/cmake/tmr_msgs__rosidl_typesupport_introspection_cExport-noconfig.cmake
[1.910s] -- Up-to-date: /home/omron/Omron_TM_ROS2/install/tmr_msgs/share/tmr_msgs/cmake/tmr_msgs__rosidl_typesupport_cExport.cmake
[1.910s] -- Up-to-date: /home/omron/Omron_TM_ROS2/install/tmr_msgs/share/tmr_msgs/cmake/tmr_msgs__rosidl_typesupport_cExport-noconfig.cmake
[1.910s] -- Up-to-date: /home/omron/Omron_TM_ROS2/install/tmr_msgs/share/tmr_msgs/cmake/tmr_msgs__rosidl_generator_cppExport.cmake
[1.910s] -- Up-to-date: /home/omron/Omron_TM_ROS2/install/tmr_msgs/share/tmr_msgs/cmake/tmr_msgs__rosidl_typesupport_introspection_cppExport.cmake
[1.910s] -- Up-to-date: /home/omron/Omron_TM_ROS2/install/tmr_msgs/share/tmr_msgs/cmake/tmr_msgs__rosidl_typesupport_introspection_cppExport-noconfig.cmake
[1.910s] -- Up-to-date: /home/omron/Omron_TM_ROS2/install/tmr_msgs/share/tmr_msgs/cmake/tmr_msgs__rosidl_typesupport_cppExport.cmake
[1.910s] -- Up-to-date: /home/omron/Omron_TM_ROS2/install/tmr_msgs/share/tmr_msgs/cmake/tmr_msgs__rosidl_typesupport_cppExport-noconfig.cmake
[1.910s] -- Up-to-date: /home/omron/Omron_TM_ROS2/install/tmr_msgs/share/tmr_msgs/cmake/rosidl_cmake-extras.cmake
[1.910s] -- Up-to-date: /home/omron/Omron_TM_ROS2/install/tmr_msgs/share/tmr_msgs/cmake/ament_cmake_export_dependencies-extras.cmake
[1.911s] -- Up-to-date: /home/omron/Omron_TM_ROS2/install/tmr_msgs/share/tmr_msgs/cmake/ament_cmake_export_libraries-extras.cmake
[1.911s] -- Up-to-date: /home/omron/Omron_TM_ROS2/install/tmr_msgs/share/tmr_msgs/cmake/ament_cmake_export_targets-extras.cmake
[1.911s] -- Up-to-date: /home/omron/Omron_TM_ROS2/install/tmr_msgs/share/tmr_msgs/cmake/ament_cmake_export_include_directories-extras.cmake
[1.911s] -- Up-to-date: /home/omron/Omron_TM_ROS2/install/tmr_msgs/share/tmr_msgs/cmake/rosidl_cmake_export_typesupport_libraries-extras.cmake
[1.911s] -- Up-to-date: /home/omron/Omron_TM_ROS2/install/tmr_msgs/share/tmr_msgs/cmake/rosidl_cmake_export_typesupport_targets-extras.cmake
[1.911s] -- Up-to-date: /home/omron/Omron_TM_ROS2/install/tmr_msgs/share/tmr_msgs/cmake/tmr_msgsConfig.cmake
[1.911s] -- Up-to-date: /home/omron/Omron_TM_ROS2/install/tmr_msgs/share/tmr_msgs/cmake/tmr_msgsConfig-version.cmake
[1.911s] -- Up-to-date: /home/omron/Omron_TM_ROS2/install/tmr_msgs/share/tmr_msgs/package.xml
[1.914s] Invoked command in '/home/omron/Omron_TM_ROS2/build/tmr_msgs' returned '0': CMAKE_PREFIX_PATH=${CMAKE_PREFIX_PATH}:/home/omron/Omron_TM_ROS2/install/tmr_mod_urdf:/home/omron/Omron_TM_ROS2/install/tm_get_status:/home/omron/Omron_TM_ROS2/install/rviz_tm:/home/omron/Omron_TM_ROS2/install/pickplace:/opt/ros/foxy /usr/bin/cmake --install /home/omron/Omron_TM_ROS2/build/tmr_msgs
