[0.074s] Invoking command in '/home/gy/tmr_ros2/build/demo': AMENT_PREFIX_PATH=/home/gy/tmr_ros2/install/tm_msgs:${AMENT_PREFIX_PATH} CMAKE_PREFIX_PATH=/home/gy/tmr_ros2/install/tm_msgs:/home/gy/tmr_ros2/install/tmrlib:/home/gy/tmr_ros2/install/tmr_msgs:/home/gy/tmr_ros2/install/tmr_moveit_cpp_demo:/home/gy/tmr_ros2/install/tmr_description:/home/gy/tmr_ros2/install/custom_package:/home/gy/tmr_ros2/install/techman_robot_msgs:/home/gy/tmr_ros2/install/tmr_mod_urdf:/home/gy/tmr_ros2/install/tm_get_status:/opt/ros/foxy LD_LIBRARY_PATH=/home/gy/tmr_ros2/install/tm_msgs/lib:/home/gy/tmr_ros2/install/tmrlib/lib:/home/gy/tmr_ros2/install/tmr_msgs/lib:/home/gy/tmr_ros2/install/techman_robot_msgs/lib:/opt/ros/foxy/opt/yaml_cpp_vendor/lib:/opt/ros/foxy/opt/rviz_ogre_vendor/lib:/opt/ros/foxy/lib/x86_64-linux-gnu:/opt/ros/foxy/lib PYTHONPATH=/home/gy/tmr_ros2/install/tm_msgs/lib/python3.8/site-packages:/home/gy/tmr_ros2/install/tmr_msgs/lib/python3.8/site-packages:/home/gy/tmr_ros2/install/tmr_mod_urdf/lib/python3.8/site-packages:/home/gy/tmr_ros2/install/tm_get_status/lib/python3.8/site-packages:/home/gy/tmr_ros2/install/techman_robot_msgs/lib/python3.8/site-packages:/opt/ros/foxy/lib/python3.8/site-packages /usr/bin/cmake --build /home/gy/tmr_ros2/build/demo -- -j3 -l3
[0.249s] [35m[1mScanning dependencies of target demo_ask_item[0m
[0.271s] [35m[1mScanning dependencies of target demo_set_positions[0m
[0.275s] [35m[1mScanning dependencies of target demo_get_svr_response[0m
[3.206s] [  7%] [32mBuilding CXX object CMakeFiles/demo_ask_item.dir/src/demo_ask_item.cpp.o[0m
[3.206s] [  7%] [32mBuilding CXX object CMakeFiles/demo_get_svr_response.dir/get_status_demo_src/demo_get_svr_response.cpp.o[0m
[3.218s] [ 11%] [32mBuilding CXX object CMakeFiles/demo_set_positions.dir/src/demo_set_positions.cpp.o[0m
[57.862s] [ 19%] [32m[1mLinking CXX executable demo_ask_item[0m
[57.950s] [ 19%] [32m[1mLinking CXX executable demo_set_positions[0m
[57.950s] [ 23%] [32m[1mLinking CXX executable demo_get_svr_response[0m
[69.652s] [ 23%] Built target demo_set_positions
[69.693s] [ 23%] Built target demo_ask_item
[69.826s] [ 23%] Built target demo_get_svr_response
[70.032s] [35m[1mScanning dependencies of target demo_set_io[0m
[84.321s] [ 26%] [32mBuilding CXX object CMakeFiles/demo_set_io.dir/src/demo_set_io.cpp.o[0m
[91.186s] [ 30%] [32m[1mLinking CXX executable demo_set_io[0m
[91.466s] [ 30%] Built target demo_set_io
[91.723s] [35m[1mScanning dependencies of target demo_send_script[0m
[92.057s] [ 34%] [32mBuilding CXX object CMakeFiles/demo_send_script.dir/src/demo_send_script.cpp.o[0m
[95.967s] [ 38%] [32m[1mLinking CXX executable demo_send_script[0m
[96.254s] [ 38%] Built target demo_send_script
[96.439s] [35m[1mScanning dependencies of target demo_ask_sta[0m
[96.754s] [ 42%] [32mBuilding CXX object CMakeFiles/demo_ask_sta.dir/src/demo_ask_sta.cpp.o[0m
[100.662s] [ 46%] [32m[1mLinking CXX executable demo_ask_sta[0m
[100.943s] [ 46%] Built target demo_ask_sta
[101.152s] [35m[1mScanning dependencies of target demo_get_sct_response[0m
[102.699s] [ 50%] [32mBuilding CXX object CMakeFiles/demo_get_sct_response.dir/get_status_demo_src/demo_get_sct_response.cpp.o[0m
[110.848s] [ 53%] [32m[1mLinking CXX executable demo_get_sct_response[0m
[111.339s] [ 53%] Built target demo_get_sct_response
[111.547s] [35m[1mScanning dependencies of target demo_set_event[0m
[111.835s] [ 57%] [32mBuilding CXX object CMakeFiles/demo_set_event.dir/src/demo_set_event.cpp.o[0m
[115.892s] [ 61%] [32m[1mLinking CXX executable demo_set_event[0m
[116.191s] [ 61%] Built target demo_set_event
[116.413s] [35m[1mScanning dependencies of target demo_connect_tm[0m
[116.742s] [ 65%] [32mBuilding CXX object CMakeFiles/demo_connect_tm.dir/src/demo_connect_tm.cpp.o[0m
[120.939s] [ 69%] [32m[1mLinking CXX executable demo_connect_tm[0m
[121.201s] [ 69%] Built target demo_connect_tm
[121.421s] [35m[1mScanning dependencies of target demo_get_feedback[0m
[121.813s] [ 73%] [32mBuilding CXX object CMakeFiles/demo_get_feedback.dir/get_status_demo_src/demo_get_feedback.cpp.o[0m
[130.804s] [ 76%] [32m[1mLinking CXX executable demo_get_feedback[0m
[131.350s] [ 76%] Built target demo_get_feedback
[131.529s] [35m[1mScanning dependencies of target demo_leave_listen_node[0m
[131.670s] [ 80%] [32mBuilding CXX object CMakeFiles/demo_leave_listen_node.dir/src/demo_leave_listen_node.cpp.o[0m
[136.463s] [ 84%] [32m[1mLinking CXX executable demo_leave_listen_node[0m
[136.805s] [ 84%] Built target demo_leave_listen_node
[136.940s] [35m[1mScanning dependencies of target demo_write_item[0m
[137.169s] [ 88%] [32mBuilding CXX object CMakeFiles/demo_write_item.dir/src/demo_write_item.cpp.o[0m
[141.494s] [ 92%] [32m[1mLinking CXX executable demo_write_item[0m
[141.827s] [ 92%] Built target demo_write_item
[141.949s] [35m[1mScanning dependencies of target demo_get_sta_response[0m
[142.108s] [ 96%] [32mBuilding CXX object CMakeFiles/demo_get_sta_response.dir/get_status_demo_src/demo_get_sta_response.cpp.o[0m
[150.642s] [100%] [32m[1mLinking CXX executable demo_get_sta_response[0m
[151.195s] [100%] Built target demo_get_sta_response
[151.261s] Invoked command in '/home/gy/tmr_ros2/build/demo' returned '0': AMENT_PREFIX_PATH=/home/gy/tmr_ros2/install/tm_msgs:${AMENT_PREFIX_PATH} CMAKE_PREFIX_PATH=/home/gy/tmr_ros2/install/tm_msgs:/home/gy/tmr_ros2/install/tmrlib:/home/gy/tmr_ros2/install/tmr_msgs:/home/gy/tmr_ros2/install/tmr_moveit_cpp_demo:/home/gy/tmr_ros2/install/tmr_description:/home/gy/tmr_ros2/install/custom_package:/home/gy/tmr_ros2/install/techman_robot_msgs:/home/gy/tmr_ros2/install/tmr_mod_urdf:/home/gy/tmr_ros2/install/tm_get_status:/opt/ros/foxy LD_LIBRARY_PATH=/home/gy/tmr_ros2/install/tm_msgs/lib:/home/gy/tmr_ros2/install/tmrlib/lib:/home/gy/tmr_ros2/install/tmr_msgs/lib:/home/gy/tmr_ros2/install/techman_robot_msgs/lib:/opt/ros/foxy/opt/yaml_cpp_vendor/lib:/opt/ros/foxy/opt/rviz_ogre_vendor/lib:/opt/ros/foxy/lib/x86_64-linux-gnu:/opt/ros/foxy/lib PYTHONPATH=/home/gy/tmr_ros2/install/tm_msgs/lib/python3.8/site-packages:/home/gy/tmr_ros2/install/tmr_msgs/lib/python3.8/site-packages:/home/gy/tmr_ros2/install/tmr_mod_urdf/lib/python3.8/site-packages:/home/gy/tmr_ros2/install/tm_get_status/lib/python3.8/site-packages:/home/gy/tmr_ros2/install/techman_robot_msgs/lib/python3.8/site-packages:/opt/ros/foxy/lib/python3.8/site-packages /usr/bin/cmake --build /home/gy/tmr_ros2/build/demo -- -j3 -l3
[151.444s] Invoking command in '/home/gy/tmr_ros2/build/demo': AMENT_PREFIX_PATH=/home/gy/tmr_ros2/install/tm_msgs:${AMENT_PREFIX_PATH} CMAKE_PREFIX_PATH=/home/gy/tmr_ros2/install/tm_msgs:/home/gy/tmr_ros2/install/tmrlib:/home/gy/tmr_ros2/install/tmr_msgs:/home/gy/tmr_ros2/install/tmr_moveit_cpp_demo:/home/gy/tmr_ros2/install/tmr_description:/home/gy/tmr_ros2/install/custom_package:/home/gy/tmr_ros2/install/techman_robot_msgs:/home/gy/tmr_ros2/install/tmr_mod_urdf:/home/gy/tmr_ros2/install/tm_get_status:/opt/ros/foxy LD_LIBRARY_PATH=/home/gy/tmr_ros2/install/tm_msgs/lib:/home/gy/tmr_ros2/install/tmrlib/lib:/home/gy/tmr_ros2/install/tmr_msgs/lib:/home/gy/tmr_ros2/install/techman_robot_msgs/lib:/opt/ros/foxy/opt/yaml_cpp_vendor/lib:/opt/ros/foxy/opt/rviz_ogre_vendor/lib:/opt/ros/foxy/lib/x86_64-linux-gnu:/opt/ros/foxy/lib PYTHONPATH=/home/gy/tmr_ros2/install/tm_msgs/lib/python3.8/site-packages:/home/gy/tmr_ros2/install/tmr_msgs/lib/python3.8/site-packages:/home/gy/tmr_ros2/install/tmr_mod_urdf/lib/python3.8/site-packages:/home/gy/tmr_ros2/install/tm_get_status/lib/python3.8/site-packages:/home/gy/tmr_ros2/install/techman_robot_msgs/lib/python3.8/site-packages:/opt/ros/foxy/lib/python3.8/site-packages /usr/bin/cmake --install /home/gy/tmr_ros2/build/demo
[151.500s] -- Install configuration: ""
[151.505s] -- Installing: /home/gy/tmr_ros2/install/demo/lib/demo/demo_send_script
[151.506s] -- Set runtime path of "/home/gy/tmr_ros2/install/demo/lib/demo/demo_send_script" to ""
[151.507s] -- Installing: /home/gy/tmr_ros2/install/demo/lib/demo/demo_ask_sta
[151.508s] -- Set runtime path of "/home/gy/tmr_ros2/install/demo/lib/demo/demo_ask_sta" to ""
[151.511s] -- Installing: /home/gy/tmr_ros2/install/demo/lib/demo/demo_connect_tm
[151.513s] -- Set runtime path of "/home/gy/tmr_ros2/install/demo/lib/demo/demo_connect_tm" to ""
[151.519s] -- Installing: /home/gy/tmr_ros2/install/demo/lib/demo/demo_set_event
[151.519s] -- Set runtime path of "/home/gy/tmr_ros2/install/demo/lib/demo/demo_set_event" to ""
[151.519s] -- Installing: /home/gy/tmr_ros2/install/demo/lib/demo/demo_set_io
[151.519s] -- Set runtime path of "/home/gy/tmr_ros2/install/demo/lib/demo/demo_set_io" to ""
[151.519s] -- Installing: /home/gy/tmr_ros2/install/demo/lib/demo/demo_set_positions
[151.520s] -- Set runtime path of "/home/gy/tmr_ros2/install/demo/lib/demo/demo_set_positions" to ""
[151.522s] -- Installing: /home/gy/tmr_ros2/install/demo/lib/demo/demo_write_item
[151.523s] -- Set runtime path of "/home/gy/tmr_ros2/install/demo/lib/demo/demo_write_item" to ""
[151.526s] -- Installing: /home/gy/tmr_ros2/install/demo/lib/demo/demo_ask_item
[151.527s] -- Set runtime path of "/home/gy/tmr_ros2/install/demo/lib/demo/demo_ask_item" to ""
[151.528s] -- Installing: /home/gy/tmr_ros2/install/demo/lib/demo/demo_get_feedback
[151.537s] -- Set runtime path of "/home/gy/tmr_ros2/install/demo/lib/demo/demo_get_feedback" to ""
[151.537s] -- Installing: /home/gy/tmr_ros2/install/demo/lib/demo/demo_get_sct_response
[151.541s] -- Set runtime path of "/home/gy/tmr_ros2/install/demo/lib/demo/demo_get_sct_response" to ""
[151.542s] -- Installing: /home/gy/tmr_ros2/install/demo/lib/demo/demo_get_sta_response
[151.547s] -- Set runtime path of "/home/gy/tmr_ros2/install/demo/lib/demo/demo_get_sta_response" to ""
[151.548s] -- Installing: /home/gy/tmr_ros2/install/demo/lib/demo/demo_get_svr_response
[151.554s] -- Set runtime path of "/home/gy/tmr_ros2/install/demo/lib/demo/demo_get_svr_response" to ""
[151.555s] -- Installing: /home/gy/tmr_ros2/install/demo/lib/demo/demo_leave_listen_node
[151.558s] -- Set runtime path of "/home/gy/tmr_ros2/install/demo/lib/demo/demo_leave_listen_node" to ""
[151.598s] -- Installing: /home/gy/tmr_ros2/install/demo/share/ament_index/resource_index/package_run_dependencies/demo
[151.622s] -- Installing: /home/gy/tmr_ros2/install/demo/share/ament_index/resource_index/parent_prefix_path/demo
[151.622s] -- Installing: /home/gy/tmr_ros2/install/demo/share/demo/environment/ament_prefix_path.sh
[151.649s] -- Installing: /home/gy/tmr_ros2/install/demo/share/demo/environment/ament_prefix_path.dsv
[151.675s] -- Installing: /home/gy/tmr_ros2/install/demo/share/demo/environment/path.sh
[151.676s] -- Installing: /home/gy/tmr_ros2/install/demo/share/demo/environment/path.dsv
[151.687s] -- Installing: /home/gy/tmr_ros2/install/demo/share/demo/local_setup.bash
[151.692s] -- Installing: /home/gy/tmr_ros2/install/demo/share/demo/local_setup.sh
[151.696s] -- Installing: /home/gy/tmr_ros2/install/demo/share/demo/local_setup.zsh
[151.704s] -- Installing: /home/gy/tmr_ros2/install/demo/share/demo/local_setup.dsv
[151.719s] -- Installing: /home/gy/tmr_ros2/install/demo/share/demo/package.dsv
[151.761s] -- Installing: /home/gy/tmr_ros2/install/demo/share/ament_index/resource_index/packages/demo
[151.778s] -- Installing: /home/gy/tmr_ros2/install/demo/share/demo/cmake/demoConfig.cmake
[151.785s] -- Installing: /home/gy/tmr_ros2/install/demo/share/demo/cmake/demoConfig-version.cmake
[151.797s] -- Installing: /home/gy/tmr_ros2/install/demo/share/demo/package.xml
[151.834s] Invoked command in '/home/gy/tmr_ros2/build/demo' returned '0': AMENT_PREFIX_PATH=/home/gy/tmr_ros2/install/tm_msgs:${AMENT_PREFIX_PATH} CMAKE_PREFIX_PATH=/home/gy/tmr_ros2/install/tm_msgs:/home/gy/tmr_ros2/install/tmrlib:/home/gy/tmr_ros2/install/tmr_msgs:/home/gy/tmr_ros2/install/tmr_moveit_cpp_demo:/home/gy/tmr_ros2/install/tmr_description:/home/gy/tmr_ros2/install/custom_package:/home/gy/tmr_ros2/install/techman_robot_msgs:/home/gy/tmr_ros2/install/tmr_mod_urdf:/home/gy/tmr_ros2/install/tm_get_status:/opt/ros/foxy LD_LIBRARY_PATH=/home/gy/tmr_ros2/install/tm_msgs/lib:/home/gy/tmr_ros2/install/tmrlib/lib:/home/gy/tmr_ros2/install/tmr_msgs/lib:/home/gy/tmr_ros2/install/techman_robot_msgs/lib:/opt/ros/foxy/opt/yaml_cpp_vendor/lib:/opt/ros/foxy/opt/rviz_ogre_vendor/lib:/opt/ros/foxy/lib/x86_64-linux-gnu:/opt/ros/foxy/lib PYTHONPATH=/home/gy/tmr_ros2/install/tm_msgs/lib/python3.8/site-packages:/home/gy/tmr_ros2/install/tmr_msgs/lib/python3.8/site-packages:/home/gy/tmr_ros2/install/tmr_mod_urdf/lib/python3.8/site-packages:/home/gy/tmr_ros2/install/tm_get_status/lib/python3.8/site-packages:/home/gy/tmr_ros2/install/techman_robot_msgs/lib/python3.8/site-packages:/opt/ros/foxy/lib/python3.8/site-packages /usr/bin/cmake --install /home/gy/tmr_ros2/build/demo
