[0.022s] Invoking command in '/home/omron/Omron_TM_ROS2/build/tm_driver': AMENT_PREFIX_PATH=/home/omron/Omron_TM_ROS2/install/tm_msgs:${AMENT_PREFIX_PATH} CMAKE_PREFIX_PATH=/home/omron/Omron_TM_ROS2/install/tm_msgs:/opt/ros/foxy LD_LIBRARY_PATH=/home/omron/Omron_TM_ROS2/install/tm_msgs/lib:${LD_LIBRARY_PATH} PYTHONPATH=/home/omron/Omron_TM_ROS2/install/tm_msgs/lib/python3.8/site-packages:${PYTHONPATH} /usr/bin/cmake /home/omron/Omron_TM_ROS2/tm_driver -DCMAKE_INSTALL_PREFIX=/home/omron/Omron_TM_ROS2/install/tm_driver
[0.094s] -- The C compiler identification is GNU 9.3.0
[0.172s] -- The CXX compiler identification is GNU 9.3.0
[0.178s] -- Check for working C compiler: /usr/bin/cc
[0.259s] -- Check for working C compiler: /usr/bin/cc -- works
[0.259s] -- Detecting C compiler ABI info
[0.345s] -- Detecting C compiler ABI info - done
[0.361s] -- Detecting C compile features
[0.361s] -- Detecting C compile features - done
[0.364s] -- Check for working CXX compiler: /usr/bin/c++
[0.469s] -- Check for working CXX compiler: /usr/bin/c++ -- works
[0.471s] -- Detecting CXX compiler ABI info
[0.557s] -- Detecting CXX compiler ABI info - done
[0.571s] -- Detecting CXX compile features
[0.572s] -- Detecting CXX compile features - done
[0.574s] -- Found ament_cmake: 0.9.8 (/opt/ros/foxy/share/ament_cmake/cmake)
[0.602s] -- Found PythonInterp: /usr/bin/python3 (found suitable version "3.8.5", minimum required is "3") 
[0.602s] -- Using PYTHON_EXECUTABLE: /usr/bin/python3
[0.838s] -- Found rclcpp: 2.3.1 (/opt/ros/foxy/share/rclcpp/cmake)
[0.901s] -- Using all available rosidl_typesupport_c: rosidl_typesupport_fastrtps_c;rosidl_typesupport_introspection_c
[0.910s] -- Found rosidl_adapter: 1.2.1 (/opt/ros/foxy/share/rosidl_adapter/cmake)
[1.011s] -- Found OpenSSL: /usr/lib/x86_64-linux-gnu/libcrypto.so (found version "1.1.1f")  
[1.051s] -- Found FastRTPS: /opt/ros/foxy/include  
[1.147s] -- Using all available rosidl_typesupport_cpp: rosidl_typesupport_fastrtps_cpp;rosidl_typesupport_introspection_cpp
[1.221s] -- Found rmw_implementation_cmake: 1.0.3 (/opt/ros/foxy/share/rmw_implementation_cmake/cmake)
[1.223s] -- Using RMW implementation 'rmw_fastrtps_cpp' as default
[1.224s] -- Looking for pthread.h
[1.315s] -- Looking for pthread.h - found
[1.315s] -- Performing Test CMAKE_HAVE_LIBC_PTHREAD
[1.395s] -- Performing Test CMAKE_HAVE_LIBC_PTHREAD - Failed
[1.396s] -- Looking for pthread_create in pthreads
[1.452s] -- Looking for pthread_create in pthreads - not found
[1.452s] -- Looking for pthread_create in pthread
[1.526s] -- Looking for pthread_create in pthread - found
[1.527s] -- Found Threads: TRUE  
[1.700s] -- Found sensor_msgs: 2.0.4 (/opt/ros/foxy/share/sensor_msgs/cmake)
[1.837s] -- Found tm_msgs: 1.0.0 (/home/omron/Omron_TM_ROS2/install/tm_msgs/share/tm_msgs/cmake)
[1.891s] -- Found ament_lint_auto: 0.9.6 (/opt/ros/foxy/share/ament_lint_auto/cmake)
[1.980s] -- Added test 'copyright' to check source files copyright and LICENSE
[1.982s] -- Added test 'cppcheck' to perform static code analysis on C / C++ code
[1.983s] -- Configured cppcheck include dirs: /home/omron/Omron_TM_ROS2/tm_driver/include
[1.983s] -- Configured cppcheck exclude dirs and/or files: 
[1.985s] -- Added test 'cpplint' to check C / C++ code against the Google style
[1.985s] -- Configured cpplint exclude dirs and/or files: 
[1.986s] -- Added test 'flake8' to check Python code syntax and style conventions
[1.987s] -- Added test 'lint_cmake' to check CMake code style
[1.988s] -- Added test 'pep257' to check Python code against some of the style conventions in PEP 257
[1.991s] -- Added test 'uncrustify' to check C / C++ code style
[1.991s] -- Configured uncrustify additional arguments: 
[1.992s] -- Added test 'xmllint' to check XML markup files
[1.995s] -- Configuring done
[2.006s] -- Generating done
[2.007s] -- Build files have been written to: /home/omron/Omron_TM_ROS2/build/tm_driver
[2.036s] Invoked command in '/home/omron/Omron_TM_ROS2/build/tm_driver' returned '0': AMENT_PREFIX_PATH=/home/omron/Omron_TM_ROS2/install/tm_msgs:${AMENT_PREFIX_PATH} CMAKE_PREFIX_PATH=/home/omron/Omron_TM_ROS2/install/tm_msgs:/opt/ros/foxy LD_LIBRARY_PATH=/home/omron/Omron_TM_ROS2/install/tm_msgs/lib:${LD_LIBRARY_PATH} PYTHONPATH=/home/omron/Omron_TM_ROS2/install/tm_msgs/lib/python3.8/site-packages:${PYTHONPATH} /usr/bin/cmake /home/omron/Omron_TM_ROS2/tm_driver -DCMAKE_INSTALL_PREFIX=/home/omron/Omron_TM_ROS2/install/tm_driver
[2.038s] Invoking command in '/home/omron/Omron_TM_ROS2/build/tm_driver': AMENT_PREFIX_PATH=/home/omron/Omron_TM_ROS2/install/tm_msgs:${AMENT_PREFIX_PATH} CMAKE_PREFIX_PATH=/home/omron/Omron_TM_ROS2/install/tm_msgs:/opt/ros/foxy LD_LIBRARY_PATH=/home/omron/Omron_TM_ROS2/install/tm_msgs/lib:${LD_LIBRARY_PATH} PYTHONPATH=/home/omron/Omron_TM_ROS2/install/tm_msgs/lib/python3.8/site-packages:${PYTHONPATH} /usr/bin/cmake --build /home/omron/Omron_TM_ROS2/build/tm_driver -- -j8 -l8
[2.137s] [35m[1mScanning dependencies of target tm_driver[0m
[2.317s] [  8%] [32mBuilding CXX object CMakeFiles/tm_driver.dir/src/tm_ros2_sct.cpp.o[0m
[2.320s] [ 16%] [32mBuilding CXX object CMakeFiles/tm_driver.dir/src/tm_ros2_composition.cpp.o[0m
[2.351s] [ 25%] [32mBuilding CXX object CMakeFiles/tm_driver.dir/src/tm_ros2_svr.cpp.o[0m
[2.393s] [ 33%] [32mBuilding CXX object CMakeFiles/tm_driver.dir/src/tm_driver.cpp.o[0m
[2.450s] [ 41%] [32mBuilding CXX object CMakeFiles/tm_driver.dir/src/tm_command.cpp.o[0m
[2.458s] [ 50%] [32mBuilding CXX object CMakeFiles/tm_driver.dir/src/tm_sct_communication.cpp.o[0m
[2.478s] [ 58%] [32mBuilding CXX object CMakeFiles/tm_driver.dir/src/tm_svr_communication.cpp.o[0m
[2.485s] [ 66%] [32mBuilding CXX object CMakeFiles/tm_driver.dir/src/tm_communication.cpp.o[0m
[3.661s] [ 75%] [32mBuilding CXX object CMakeFiles/tm_driver.dir/src/tm_robot_state.cpp.o[0m
[4.193s] [ 83%] [32mBuilding CXX object CMakeFiles/tm_driver.dir/src/tm_packet.cpp.o[0m
[6.447s] [ 91%] [32mBuilding CXX object CMakeFiles/tm_driver.dir/src/tm_print.cpp.o[0m
[17.615s] [100%] [32m[1mLinking CXX executable tm_driver[0m
[18.177s] [100%] Built target tm_driver
[18.199s] Invoked command in '/home/omron/Omron_TM_ROS2/build/tm_driver' returned '0': AMENT_PREFIX_PATH=/home/omron/Omron_TM_ROS2/install/tm_msgs:${AMENT_PREFIX_PATH} CMAKE_PREFIX_PATH=/home/omron/Omron_TM_ROS2/install/tm_msgs:/opt/ros/foxy LD_LIBRARY_PATH=/home/omron/Omron_TM_ROS2/install/tm_msgs/lib:${LD_LIBRARY_PATH} PYTHONPATH=/home/omron/Omron_TM_ROS2/install/tm_msgs/lib/python3.8/site-packages:${PYTHONPATH} /usr/bin/cmake --build /home/omron/Omron_TM_ROS2/build/tm_driver -- -j8 -l8
[18.236s] Invoking command in '/home/omron/Omron_TM_ROS2/build/tm_driver': AMENT_PREFIX_PATH=/home/omron/Omron_TM_ROS2/install/tm_msgs:${AMENT_PREFIX_PATH} CMAKE_PREFIX_PATH=/home/omron/Omron_TM_ROS2/install/tm_msgs:/opt/ros/foxy LD_LIBRARY_PATH=/home/omron/Omron_TM_ROS2/install/tm_msgs/lib:${LD_LIBRARY_PATH} PYTHONPATH=/home/omron/Omron_TM_ROS2/install/tm_msgs/lib/python3.8/site-packages:${PYTHONPATH} /usr/bin/cmake --install /home/omron/Omron_TM_ROS2/build/tm_driver
[18.247s] -- Install configuration: ""
[18.248s] -- Installing: /home/omron/Omron_TM_ROS2/install/tm_driver/lib/tm_driver/tm_driver
[18.253s] -- Set runtime path of "/home/omron/Omron_TM_ROS2/install/tm_driver/lib/tm_driver/tm_driver" to ""
[18.253s] -- Installing: /home/omron/Omron_TM_ROS2/install/tm_driver/share/tm_driver/launch
[18.254s] -- Installing: /home/omron/Omron_TM_ROS2/install/tm_driver/share/tm_driver/launch/tm_bringup.py
[18.255s] -- Installing: /home/omron/Omron_TM_ROS2/install/tm_driver/share/tm_driver/launch/tm_bringup.launch.py
[18.256s] -- Installing: /home/omron/Omron_TM_ROS2/install/tm_driver/share/ament_index/resource_index/package_run_dependencies/tm_driver
[18.257s] -- Installing: /home/omron/Omron_TM_ROS2/install/tm_driver/share/ament_index/resource_index/parent_prefix_path/tm_driver
[18.259s] -- Installing: /home/omron/Omron_TM_ROS2/install/tm_driver/share/tm_driver/environment/ament_prefix_path.sh
[18.260s] -- Installing: /home/omron/Omron_TM_ROS2/install/tm_driver/share/tm_driver/environment/ament_prefix_path.dsv
[18.260s] -- Installing: /home/omron/Omron_TM_ROS2/install/tm_driver/share/tm_driver/environment/path.sh
[18.261s] -- Installing: /home/omron/Omron_TM_ROS2/install/tm_driver/share/tm_driver/environment/path.dsv
[18.261s] -- Installing: /home/omron/Omron_TM_ROS2/install/tm_driver/share/tm_driver/local_setup.bash
[18.262s] -- Installing: /home/omron/Omron_TM_ROS2/install/tm_driver/share/tm_driver/local_setup.sh
[18.262s] -- Installing: /home/omron/Omron_TM_ROS2/install/tm_driver/share/tm_driver/local_setup.zsh
[18.262s] -- Installing: /home/omron/Omron_TM_ROS2/install/tm_driver/share/tm_driver/local_setup.dsv
[18.263s] -- Installing: /home/omron/Omron_TM_ROS2/install/tm_driver/share/tm_driver/package.dsv
[18.263s] -- Installing: /home/omron/Omron_TM_ROS2/install/tm_driver/share/ament_index/resource_index/packages/tm_driver
[18.264s] -- Installing: /home/omron/Omron_TM_ROS2/install/tm_driver/share/tm_driver/cmake/tm_driverConfig.cmake
[18.264s] -- Installing: /home/omron/Omron_TM_ROS2/install/tm_driver/share/tm_driver/cmake/tm_driverConfig-version.cmake
[18.264s] -- Installing: /home/omron/Omron_TM_ROS2/install/tm_driver/share/tm_driver/package.xml
[18.267s] Invoked command in '/home/omron/Omron_TM_ROS2/build/tm_driver' returned '0': AMENT_PREFIX_PATH=/home/omron/Omron_TM_ROS2/install/tm_msgs:${AMENT_PREFIX_PATH} CMAKE_PREFIX_PATH=/home/omron/Omron_TM_ROS2/install/tm_msgs:/opt/ros/foxy LD_LIBRARY_PATH=/home/omron/Omron_TM_ROS2/install/tm_msgs/lib:${LD_LIBRARY_PATH} PYTHONPATH=/home/omron/Omron_TM_ROS2/install/tm_msgs/lib/python3.8/site-packages:${PYTHONPATH} /usr/bin/cmake --install /home/omron/Omron_TM_ROS2/build/tm_driver
