[0.515s] Invoking command in '/home/gy/Omron_TM_ROS2/src/pickplace': PYTHONPATH=/home/gy/Omron_TM_ROS2/src/install/pickplace/lib/python3.8/site-packages:${PYTHONPATH} /usr/bin/python3 setup.py egg_info --egg-base ../build/pickplace build --build-base /home/gy/Omron_TM_ROS2/src/build/pickplace/build install --prefix /home/gy/Omron_TM_ROS2/src/install/pickplace --record /home/gy/Omron_TM_ROS2/src/build/pickplace/install.log --single-version-externally-managed
[0.991s] running egg_info
[0.993s] writing ../build/pickplace/pickplace.egg-info/PKG-INFO
[0.994s] writing dependency_links to ../build/pickplace/pickplace.egg-info/dependency_links.txt
[0.995s] writing entry points to ../build/pickplace/pickplace.egg-info/entry_points.txt
[0.995s] writing requirements to ../build/pickplace/pickplace.egg-info/requires.txt
[0.996s] writing top-level names to ../build/pickplace/pickplace.egg-info/top_level.txt
[1.072s] reading manifest file '../build/pickplace/pickplace.egg-info/SOURCES.txt'
[1.074s] writing manifest file '../build/pickplace/pickplace.egg-info/SOURCES.txt'
[1.075s] running build
[1.075s] running build_py
[1.076s] copying pickplace/params.py -> /home/gy/Omron_TM_ROS2/src/build/pickplace/build/lib/pickplace
[1.076s] running install
[1.081s] running install_lib
[1.081s] copying /home/gy/Omron_TM_ROS2/src/build/pickplace/build/lib/pickplace/params.py -> /home/gy/Omron_TM_ROS2/src/install/pickplace/lib/python3.8/site-packages/pickplace
[1.082s] byte-compiling /home/gy/Omron_TM_ROS2/src/install/pickplace/lib/python3.8/site-packages/pickplace/params.py to params.cpython-38.pyc
[1.086s] running install_data
[1.088s] running install_egg_info
[1.092s] removing '/home/gy/Omron_TM_ROS2/src/install/pickplace/lib/python3.8/site-packages/pickplace-0.0.0-py3.8.egg-info' (and everything under it)
[1.093s] Copying ../build/pickplace/pickplace.egg-info to /home/gy/Omron_TM_ROS2/src/install/pickplace/lib/python3.8/site-packages/pickplace-0.0.0-py3.8.egg-info
[1.094s] running install_scripts
[1.132s] Installing param_talker script to /home/gy/Omron_TM_ROS2/src/install/pickplace/lib/pickplace
[1.133s] writing list of installed files to '/home/gy/Omron_TM_ROS2/src/build/pickplace/install.log'
[1.169s] Invoked command in '/home/gy/Omron_TM_ROS2/src/pickplace' returned '0': PYTHONPATH=/home/gy/Omron_TM_ROS2/src/install/pickplace/lib/python3.8/site-packages:${PYTHONPATH} /usr/bin/python3 setup.py egg_info --egg-base ../build/pickplace build --build-base /home/gy/Omron_TM_ROS2/src/build/pickplace/build install --prefix /home/gy/Omron_TM_ROS2/src/install/pickplace --record /home/gy/Omron_TM_ROS2/src/build/pickplace/install.log --single-version-externally-managed
