-- The C compiler identification is GNU 9.3.0
-- The CXX compiler identification is GNU 9.3.0
-- Check for working C compiler: /usr/bin/cc
-- Check for working C compiler: /usr/bin/cc -- works
-- Detecting C compiler ABI info
-- Detecting C compiler ABI info - done
-- Detecting C compile features
-- Detecting C compile features - done
-- Check for working CXX compiler: /usr/bin/c++
-- Check for working CXX compiler: /usr/bin/c++ -- works
-- Detecting CXX compiler ABI info
-- Detecting CXX compiler ABI info - done
-- Detecting CXX compile features
-- Detecting CXX compile features - done
-- Found ament_cmake: 0.9.8 (/opt/ros/foxy/share/ament_cmake/cmake)
-- Found PythonInterp: /usr/bin/python3 (found suitable version "3.8.5", minimum required is "3") 
-- Using PYTHON_EXECUTABLE: /usr/bin/python3
-- Found rclcpp: 2.3.0 (/opt/ros/foxy/share/rclcpp/cmake)
-- Using all available rosidl_typesupport_c: rosidl_typesupport_fastrtps_c;rosidl_typesupport_introspection_c
-- Found rosidl_adapter: 1.2.0 (/opt/ros/foxy/share/rosidl_adapter/cmake)
-- Found OpenSSL: /usr/lib/x86_64-linux-gnu/libcrypto.so (found version "1.1.1f")  
-- Found FastRTPS: /opt/ros/foxy/include  
-- Using all available rosidl_typesupport_cpp: rosidl_typesupport_fastrtps_cpp;rosidl_typesupport_introspection_cpp
-- Found rmw_implementation_cmake: 1.0.2 (/opt/ros/foxy/share/rmw_implementation_cmake/cmake)
-- Using RMW implementation 'rmw_fastrtps_cpp' as default
-- Looking for pthread.h
-- Looking for pthread.h - found
-- Performing Test CMAKE_HAVE_LIBC_PTHREAD
-- Performing Test CMAKE_HAVE_LIBC_PTHREAD - Failed
-- Looking for pthread_create in pthreads
-- Looking for pthread_create in pthreads - not found
-- Looking for pthread_create in pthread
-- Looking for pthread_create in pthread - found
-- Found Threads: TRUE  
-- Found rclcpp_action: 2.3.0 (/opt/ros/foxy/share/rclcpp_action/cmake)
-- Found ament_index_cpp: 1.0.2 (/opt/ros/foxy/share/ament_index_cpp/cmake)
-- Found tm_msgs: 1.0.0 (/home/gy/tmr_ros2/install/tm_msgs/share/tm_msgs/cmake)
-- Found ament_lint_auto: 0.9.6 (/opt/ros/foxy/share/ament_lint_auto/cmake)
-- Added test 'copyright' to check source files copyright and LICENSE
-- Added test 'cppcheck' to perform static code analysis on C / C++ code
-- Configured cppcheck include dirs: 
-- Configured cppcheck exclude dirs and/or files: 
-- Added test 'cpplint' to check C / C++ code against the Google style
-- Configured cpplint exclude dirs and/or files: 
-- Added test 'lint_cmake' to check CMake code style
-- Added test 'uncrustify' to check C / C++ code style
-- Configured uncrustify additional arguments: 
-- Added test 'xmllint' to check XML markup files
-- Configuring done
-- Generating done
-- Build files have been written to: /home/gy/tmr_ros2/build/ui_for_debug_and_demo
[35m[1mScanning dependencies of target robot_ui_autogen[0m
[ 14%] [34m[1mAutomatic MOC and UIC for target robot_ui[0m
[ 14%] Built target robot_ui_autogen
[ 28%] [34m[1mGenerating ui_tm_ros_driver_windows.h[0m
[35m[1mScanning dependencies of target robot_ui[0m
[ 42%] [32mBuilding CXX object CMakeFiles/robot_ui.dir/robot_ui_autogen/mocs_compilation.cpp.o[0m
[ 57%] [32mBuilding CXX object CMakeFiles/robot_ui.dir/src/ros_page.cpp.o[0m
[ 71%] [32mBuilding CXX object CMakeFiles/robot_ui.dir/src/tm_ros_driver_windows.cpp.o[0m
[ 85%] [32mBuilding CXX object CMakeFiles/robot_ui.dir/src/main.cpp.o[0m
[100%] [32m[1mLinking CXX executable robot_ui[0m
[100%] Built target robot_ui
-- Install configuration: ""
-- Installing: /home/gy/tmr_ros2/install/ui_for_debug_and_demo/lib/ui_for_debug_and_demo/robot_ui
-- Set runtime path of "/home/gy/tmr_ros2/install/ui_for_debug_and_demo/lib/ui_for_debug_and_demo/robot_ui" to ""
-- Installing: /home/gy/tmr_ros2/install/ui_for_debug_and_demo/share/ament_index/resource_index/package_run_dependencies/ui_for_debug_and_demo
-- Installing: /home/gy/tmr_ros2/install/ui_for_debug_and_demo/share/ament_index/resource_index/parent_prefix_path/ui_for_debug_and_demo
-- Installing: /home/gy/tmr_ros2/install/ui_for_debug_and_demo/share/ui_for_debug_and_demo/environment/ament_prefix_path.sh
-- Installing: /home/gy/tmr_ros2/install/ui_for_debug_and_demo/share/ui_for_debug_and_demo/environment/ament_prefix_path.dsv
-- Installing: /home/gy/tmr_ros2/install/ui_for_debug_and_demo/share/ui_for_debug_and_demo/environment/path.sh
-- Installing: /home/gy/tmr_ros2/install/ui_for_debug_and_demo/share/ui_for_debug_and_demo/environment/path.dsv
-- Installing: /home/gy/tmr_ros2/install/ui_for_debug_and_demo/share/ui_for_debug_and_demo/local_setup.bash
-- Installing: /home/gy/tmr_ros2/install/ui_for_debug_and_demo/share/ui_for_debug_and_demo/local_setup.sh
-- Installing: /home/gy/tmr_ros2/install/ui_for_debug_and_demo/share/ui_for_debug_and_demo/local_setup.zsh
-- Installing: /home/gy/tmr_ros2/install/ui_for_debug_and_demo/share/ui_for_debug_and_demo/local_setup.dsv
-- Installing: /home/gy/tmr_ros2/install/ui_for_debug_and_demo/share/ui_for_debug_and_demo/package.dsv
-- Installing: /home/gy/tmr_ros2/install/ui_for_debug_and_demo/share/ament_index/resource_index/packages/ui_for_debug_and_demo
-- Installing: /home/gy/tmr_ros2/install/ui_for_debug_and_demo/share/ui_for_debug_and_demo/cmake/ui_for_debug_and_demoConfig.cmake
-- Installing: /home/gy/tmr_ros2/install/ui_for_debug_and_demo/share/ui_for_debug_and_demo/cmake/ui_for_debug_and_demoConfig-version.cmake
-- Installing: /home/gy/tmr_ros2/install/ui_for_debug_and_demo/share/ui_for_debug_and_demo/package.xml
