[0.072s] Invoking command in '/home/gy/Omron_TM_ROS2/build/tmr_driver': CMAKE_PREFIX_PATH=/home/gy/Omron_TM_ROS2/install/tmrlib:/home/gy/Omron_TM_ROS2/install/tmr_msgs:/home/gy/Omron_TM_ROS2/install/ui_for_debug_and_demo:/home/gy/Omron_TM_ROS2/install/tmr_driver:/home/gy/Omron_TM_ROS2/install/tmr_moveit_cpp_demo:/home/gy/Omron_TM_ROS2/install/tmr_moveit_config_tm5-900:/home/gy/Omron_TM_ROS2/install/tmr_description:/home/gy/Omron_TM_ROS2/install/tm_driver:/home/gy/Omron_TM_ROS2/install/demo:/home/gy/Omron_TM_ROS2/install/tm_msgs:/home/gy/Omron_TM_ROS2/install/tm_models:/home/gy/Omron_TM_ROS2/install/custom_package:/home/gy/Omron_TM_ROS2/install/techman_robot_msgs:/home/gy/Omron_TM_ROS2/install/tmr_mod_urdf:/home/gy/Omron_TM_ROS2/install/tm_get_status:/home/gy/Omron_TM_ROS2/install/rviz_tm:/home/gy/Omron_TM_ROS2/install/pickplace:/opt/ros/foxy LD_LIBRARY_PATH=/home/gy/Omron_TM_ROS2/install/tmr_msgs/lib:/home/gy/Omron_TM_ROS2/install/tmrlib/lib:/home/gy/Omron_TM_ROS2/install/tm_msgs/lib:/home/gy/Omron_TM_ROS2/install/techman_robot_msgs/lib:/opt/ros/foxy/opt/yaml_cpp_vendor/lib:/opt/ros/foxy/opt/rviz_ogre_vendor/lib:/opt/ros/foxy/lib/x86_64-linux-gnu:/opt/ros/foxy/lib /usr/bin/cmake /home/gy/Omron_TM_ROS2/tmr_driver -DCMAKE_INSTALL_PREFIX=/home/gy/Omron_TM_ROS2/install/tmr_driver
[0.340s] -- The C compiler identification is GNU 9.3.0
[0.593s] -- The CXX compiler identification is GNU 9.3.0
[0.615s] -- Check for working C compiler: /usr/bin/cc
[0.917s] -- Check for working C compiler: /usr/bin/cc -- works
[0.921s] -- Detecting C compiler ABI info
[1.222s] -- Detecting C compiler ABI info - done
[1.287s] -- Detecting C compile features
[1.288s] -- Detecting C compile features - done
[1.298s] -- Check for working CXX compiler: /usr/bin/c++
[1.612s] -- Check for working CXX compiler: /usr/bin/c++ -- works
[1.616s] -- Detecting CXX compiler ABI info
[1.958s] -- Detecting CXX compiler ABI info - done
[2.063s] -- Detecting CXX compile features
[2.064s] -- Detecting CXX compile features - done
[2.086s] -- Found ament_cmake: 0.9.8 (/opt/ros/foxy/share/ament_cmake/cmake)
[2.189s] -- Found PythonInterp: /usr/bin/python3 (found suitable version "3.8.5", minimum required is "3") 
[2.191s] -- Using PYTHON_EXECUTABLE: /usr/bin/python3
[2.758s] -- Found rclcpp: 2.3.1 (/opt/ros/foxy/share/rclcpp/cmake)
[3.019s] -- Using all available rosidl_typesupport_c: rosidl_typesupport_fastrtps_c;rosidl_typesupport_introspection_c
[3.057s] -- Found rosidl_adapter: 1.2.1 (/opt/ros/foxy/share/rosidl_adapter/cmake)
[3.397s] -- Found OpenSSL: /usr/lib/x86_64-linux-gnu/libcrypto.so (found version "1.1.1f")  
[3.512s] -- Found FastRTPS: /opt/ros/foxy/include  
[3.856s] -- Using all available rosidl_typesupport_cpp: rosidl_typesupport_fastrtps_cpp;rosidl_typesupport_introspection_cpp
[4.148s] -- Found rmw_implementation_cmake: 1.0.3 (/opt/ros/foxy/share/rmw_implementation_cmake/cmake)
[4.167s] -- Using RMW implementation 'rmw_fastrtps_cpp' as default
[4.167s] -- Looking for pthread.h
[4.482s] -- Looking for pthread.h - found
[4.482s] -- Performing Test CMAKE_HAVE_LIBC_PTHREAD
[4.931s] -- Performing Test CMAKE_HAVE_LIBC_PTHREAD - Failed
[4.932s] -- Looking for pthread_create in pthreads
[5.218s] -- Looking for pthread_create in pthreads - not found
[5.218s] -- Looking for pthread_create in pthread
[5.538s] -- Looking for pthread_create in pthread - found
[5.539s] -- Found Threads: TRUE  
[6.333s] -- Found sensor_msgs: 2.0.4 (/opt/ros/foxy/share/sensor_msgs/cmake)
[6.840s] -- Found trajectory_msgs: 2.0.4 (/opt/ros/foxy/share/trajectory_msgs/cmake)
[7.378s] -- Found control_msgs: 2.5.0 (/opt/ros/foxy/share/control_msgs/cmake)
[8.708s] -- Found rclcpp_action: 2.3.1 (/opt/ros/foxy/share/rclcpp_action/cmake)
[8.873s] -- Found tmr_msgs: 1.0.0 (/home/gy/Omron_TM_ROS2/install/tmr_msgs/share/tmr_msgs/cmake)
[8.969s] -- Found tmrlib: 1.0.0 (/home/gy/Omron_TM_ROS2/install/tmrlib/share/tmrlib/cmake)
[8.970s] -- Found ament_lint_auto: 0.9.6 (/opt/ros/foxy/share/ament_lint_auto/cmake)
[9.184s] -- Added test 'copyright' to check source files copyright and LICENSE
[9.193s] -- Added test 'cppcheck' to perform static code analysis on C / C++ code
[9.198s] -- Configured cppcheck include dirs: /home/gy/Omron_TM_ROS2/tmr_driver/include
[9.198s] -- Configured cppcheck exclude dirs and/or files: 
[9.202s] -- Added test 'cpplint' to check C / C++ code against the Google style
[9.202s] -- Configured cpplint exclude dirs and/or files: 
[9.210s] -- Added test 'flake8' to check Python code syntax and style conventions
[9.214s] -- Added test 'lint_cmake' to check CMake code style
[9.218s] -- Added test 'pep257' to check Python code against some of the style conventions in PEP 257
[9.226s] -- Added test 'uncrustify' to check C / C++ code style
[9.226s] -- Configured uncrustify additional arguments: 
[9.226s] -- Added test 'xmllint' to check XML markup files
[9.246s] -- Configuring done
[9.334s] -- Generating done
[9.342s] -- Build files have been written to: /home/gy/Omron_TM_ROS2/build/tmr_driver
[9.372s] Invoked command in '/home/gy/Omron_TM_ROS2/build/tmr_driver' returned '0': CMAKE_PREFIX_PATH=/home/gy/Omron_TM_ROS2/install/tmrlib:/home/gy/Omron_TM_ROS2/install/tmr_msgs:/home/gy/Omron_TM_ROS2/install/ui_for_debug_and_demo:/home/gy/Omron_TM_ROS2/install/tmr_driver:/home/gy/Omron_TM_ROS2/install/tmr_moveit_cpp_demo:/home/gy/Omron_TM_ROS2/install/tmr_moveit_config_tm5-900:/home/gy/Omron_TM_ROS2/install/tmr_description:/home/gy/Omron_TM_ROS2/install/tm_driver:/home/gy/Omron_TM_ROS2/install/demo:/home/gy/Omron_TM_ROS2/install/tm_msgs:/home/gy/Omron_TM_ROS2/install/tm_models:/home/gy/Omron_TM_ROS2/install/custom_package:/home/gy/Omron_TM_ROS2/install/techman_robot_msgs:/home/gy/Omron_TM_ROS2/install/tmr_mod_urdf:/home/gy/Omron_TM_ROS2/install/tm_get_status:/home/gy/Omron_TM_ROS2/install/rviz_tm:/home/gy/Omron_TM_ROS2/install/pickplace:/opt/ros/foxy LD_LIBRARY_PATH=/home/gy/Omron_TM_ROS2/install/tmr_msgs/lib:/home/gy/Omron_TM_ROS2/install/tmrlib/lib:/home/gy/Omron_TM_ROS2/install/tm_msgs/lib:/home/gy/Omron_TM_ROS2/install/techman_robot_msgs/lib:/opt/ros/foxy/opt/yaml_cpp_vendor/lib:/opt/ros/foxy/opt/rviz_ogre_vendor/lib:/opt/ros/foxy/lib/x86_64-linux-gnu:/opt/ros/foxy/lib /usr/bin/cmake /home/gy/Omron_TM_ROS2/tmr_driver -DCMAKE_INSTALL_PREFIX=/home/gy/Omron_TM_ROS2/install/tmr_driver
[9.379s] Invoking command in '/home/gy/Omron_TM_ROS2/build/tmr_driver': CMAKE_PREFIX_PATH=/home/gy/Omron_TM_ROS2/install/tmrlib:/home/gy/Omron_TM_ROS2/install/tmr_msgs:/home/gy/Omron_TM_ROS2/install/ui_for_debug_and_demo:/home/gy/Omron_TM_ROS2/install/tmr_driver:/home/gy/Omron_TM_ROS2/install/tmr_moveit_cpp_demo:/home/gy/Omron_TM_ROS2/install/tmr_moveit_config_tm5-900:/home/gy/Omron_TM_ROS2/install/tmr_description:/home/gy/Omron_TM_ROS2/install/tm_driver:/home/gy/Omron_TM_ROS2/install/demo:/home/gy/Omron_TM_ROS2/install/tm_msgs:/home/gy/Omron_TM_ROS2/install/tm_models:/home/gy/Omron_TM_ROS2/install/custom_package:/home/gy/Omron_TM_ROS2/install/techman_robot_msgs:/home/gy/Omron_TM_ROS2/install/tmr_mod_urdf:/home/gy/Omron_TM_ROS2/install/tm_get_status:/home/gy/Omron_TM_ROS2/install/rviz_tm:/home/gy/Omron_TM_ROS2/install/pickplace:/opt/ros/foxy LD_LIBRARY_PATH=/home/gy/Omron_TM_ROS2/install/tmr_msgs/lib:/home/gy/Omron_TM_ROS2/install/tmrlib/lib:/home/gy/Omron_TM_ROS2/install/tm_msgs/lib:/home/gy/Omron_TM_ROS2/install/techman_robot_msgs/lib:/opt/ros/foxy/opt/yaml_cpp_vendor/lib:/opt/ros/foxy/opt/rviz_ogre_vendor/lib:/opt/ros/foxy/lib/x86_64-linux-gnu:/opt/ros/foxy/lib /usr/bin/cmake --build /home/gy/Omron_TM_ROS2/build/tmr_driver -- -j3 -l3
[9.530s] [35m[1mScanning dependencies of target tmr_driver[0m
[9.914s] [ 25%] [32mBuilding CXX object CMakeFiles/tmr_driver.dir/src/tmr_ros2_composition.cpp.o[0m
[17.414s] [ 50%] [32mBuilding CXX object CMakeFiles/tmr_driver.dir/src/tmr_ros2_svr.cpp.o[0m
[34.245s] [ 75%] [32mBuilding CXX object CMakeFiles/tmr_driver.dir/src/tmr_ros2_sct.cpp.o[0m
[55.634s] [100%] [32m[1mLinking CXX executable tmr_driver[0m
[57.514s] [100%] Built target tmr_driver
[57.545s] Invoked command in '/home/gy/Omron_TM_ROS2/build/tmr_driver' returned '0': CMAKE_PREFIX_PATH=/home/gy/Omron_TM_ROS2/install/tmrlib:/home/gy/Omron_TM_ROS2/install/tmr_msgs:/home/gy/Omron_TM_ROS2/install/ui_for_debug_and_demo:/home/gy/Omron_TM_ROS2/install/tmr_driver:/home/gy/Omron_TM_ROS2/install/tmr_moveit_cpp_demo:/home/gy/Omron_TM_ROS2/install/tmr_moveit_config_tm5-900:/home/gy/Omron_TM_ROS2/install/tmr_description:/home/gy/Omron_TM_ROS2/install/tm_driver:/home/gy/Omron_TM_ROS2/install/demo:/home/gy/Omron_TM_ROS2/install/tm_msgs:/home/gy/Omron_TM_ROS2/install/tm_models:/home/gy/Omron_TM_ROS2/install/custom_package:/home/gy/Omron_TM_ROS2/install/techman_robot_msgs:/home/gy/Omron_TM_ROS2/install/tmr_mod_urdf:/home/gy/Omron_TM_ROS2/install/tm_get_status:/home/gy/Omron_TM_ROS2/install/rviz_tm:/home/gy/Omron_TM_ROS2/install/pickplace:/opt/ros/foxy LD_LIBRARY_PATH=/home/gy/Omron_TM_ROS2/install/tmr_msgs/lib:/home/gy/Omron_TM_ROS2/install/tmrlib/lib:/home/gy/Omron_TM_ROS2/install/tm_msgs/lib:/home/gy/Omron_TM_ROS2/install/techman_robot_msgs/lib:/opt/ros/foxy/opt/yaml_cpp_vendor/lib:/opt/ros/foxy/opt/rviz_ogre_vendor/lib:/opt/ros/foxy/lib/x86_64-linux-gnu:/opt/ros/foxy/lib /usr/bin/cmake --build /home/gy/Omron_TM_ROS2/build/tmr_driver -- -j3 -l3
[57.735s] Invoking command in '/home/gy/Omron_TM_ROS2/build/tmr_driver': CMAKE_PREFIX_PATH=/home/gy/Omron_TM_ROS2/install/tmrlib:/home/gy/Omron_TM_ROS2/install/tmr_msgs:/home/gy/Omron_TM_ROS2/install/ui_for_debug_and_demo:/home/gy/Omron_TM_ROS2/install/tmr_driver:/home/gy/Omron_TM_ROS2/install/tmr_moveit_cpp_demo:/home/gy/Omron_TM_ROS2/install/tmr_moveit_config_tm5-900:/home/gy/Omron_TM_ROS2/install/tmr_description:/home/gy/Omron_TM_ROS2/install/tm_driver:/home/gy/Omron_TM_ROS2/install/demo:/home/gy/Omron_TM_ROS2/install/tm_msgs:/home/gy/Omron_TM_ROS2/install/tm_models:/home/gy/Omron_TM_ROS2/install/custom_package:/home/gy/Omron_TM_ROS2/install/techman_robot_msgs:/home/gy/Omron_TM_ROS2/install/tmr_mod_urdf:/home/gy/Omron_TM_ROS2/install/tm_get_status:/home/gy/Omron_TM_ROS2/install/rviz_tm:/home/gy/Omron_TM_ROS2/install/pickplace:/opt/ros/foxy LD_LIBRARY_PATH=/home/gy/Omron_TM_ROS2/install/tmr_msgs/lib:/home/gy/Omron_TM_ROS2/install/tmrlib/lib:/home/gy/Omron_TM_ROS2/install/tm_msgs/lib:/home/gy/Omron_TM_ROS2/install/techman_robot_msgs/lib:/opt/ros/foxy/opt/yaml_cpp_vendor/lib:/opt/ros/foxy/opt/rviz_ogre_vendor/lib:/opt/ros/foxy/lib/x86_64-linux-gnu:/opt/ros/foxy/lib /usr/bin/cmake --install /home/gy/Omron_TM_ROS2/build/tmr_driver
[57.750s] -- Install configuration: ""
[57.753s] -- Installing: /home/gy/Omron_TM_ROS2/install/tmr_driver/lib/tmr_driver/tmr_driver
[57.762s] -- Set runtime path of "/home/gy/Omron_TM_ROS2/install/tmr_driver/lib/tmr_driver/tmr_driver" to ""
[57.766s] -- Installing: /home/gy/Omron_TM_ROS2/install/tmr_driver/share/tmr_driver/launch
[57.766s] -- Installing: /home/gy/Omron_TM_ROS2/install/tmr_driver/share/tmr_driver/launch/tmr_bringup.py
[57.766s] -- Installing: /home/gy/Omron_TM_ROS2/install/tmr_driver/share/tmr_driver/launch/tmr_bringup.launch.py
[57.766s] -- Installing: /home/gy/Omron_TM_ROS2/install/tmr_driver/share/ament_index/resource_index/package_run_dependencies/tmr_driver
[57.766s] -- Installing: /home/gy/Omron_TM_ROS2/install/tmr_driver/share/ament_index/resource_index/parent_prefix_path/tmr_driver
[57.767s] -- Installing: /home/gy/Omron_TM_ROS2/install/tmr_driver/share/tmr_driver/environment/ament_prefix_path.sh
[57.785s] -- Installing: /home/gy/Omron_TM_ROS2/install/tmr_driver/share/tmr_driver/environment/ament_prefix_path.dsv
[57.785s] -- Installing: /home/gy/Omron_TM_ROS2/install/tmr_driver/share/tmr_driver/environment/path.sh
[57.786s] -- Installing: /home/gy/Omron_TM_ROS2/install/tmr_driver/share/tmr_driver/environment/path.dsv
[57.786s] -- Installing: /home/gy/Omron_TM_ROS2/install/tmr_driver/share/tmr_driver/local_setup.bash
[57.786s] -- Installing: /home/gy/Omron_TM_ROS2/install/tmr_driver/share/tmr_driver/local_setup.sh
[57.791s] -- Installing: /home/gy/Omron_TM_ROS2/install/tmr_driver/share/tmr_driver/local_setup.zsh
[57.791s] -- Installing: /home/gy/Omron_TM_ROS2/install/tmr_driver/share/tmr_driver/local_setup.dsv
[57.791s] -- Installing: /home/gy/Omron_TM_ROS2/install/tmr_driver/share/tmr_driver/package.dsv
[57.793s] -- Installing: /home/gy/Omron_TM_ROS2/install/tmr_driver/share/ament_index/resource_index/packages/tmr_driver
[57.793s] -- Installing: /home/gy/Omron_TM_ROS2/install/tmr_driver/share/tmr_driver/cmake/tmr_driverConfig.cmake
[57.793s] -- Installing: /home/gy/Omron_TM_ROS2/install/tmr_driver/share/tmr_driver/cmake/tmr_driverConfig-version.cmake
[57.793s] -- Installing: /home/gy/Omron_TM_ROS2/install/tmr_driver/share/tmr_driver/package.xml
[57.805s] Invoked command in '/home/gy/Omron_TM_ROS2/build/tmr_driver' returned '0': CMAKE_PREFIX_PATH=/home/gy/Omron_TM_ROS2/install/tmrlib:/home/gy/Omron_TM_ROS2/install/tmr_msgs:/home/gy/Omron_TM_ROS2/install/ui_for_debug_and_demo:/home/gy/Omron_TM_ROS2/install/tmr_driver:/home/gy/Omron_TM_ROS2/install/tmr_moveit_cpp_demo:/home/gy/Omron_TM_ROS2/install/tmr_moveit_config_tm5-900:/home/gy/Omron_TM_ROS2/install/tmr_description:/home/gy/Omron_TM_ROS2/install/tm_driver:/home/gy/Omron_TM_ROS2/install/demo:/home/gy/Omron_TM_ROS2/install/tm_msgs:/home/gy/Omron_TM_ROS2/install/tm_models:/home/gy/Omron_TM_ROS2/install/custom_package:/home/gy/Omron_TM_ROS2/install/techman_robot_msgs:/home/gy/Omron_TM_ROS2/install/tmr_mod_urdf:/home/gy/Omron_TM_ROS2/install/tm_get_status:/home/gy/Omron_TM_ROS2/install/rviz_tm:/home/gy/Omron_TM_ROS2/install/pickplace:/opt/ros/foxy LD_LIBRARY_PATH=/home/gy/Omron_TM_ROS2/install/tmr_msgs/lib:/home/gy/Omron_TM_ROS2/install/tmrlib/lib:/home/gy/Omron_TM_ROS2/install/tm_msgs/lib:/home/gy/Omron_TM_ROS2/install/techman_robot_msgs/lib:/opt/ros/foxy/opt/yaml_cpp_vendor/lib:/opt/ros/foxy/opt/rviz_ogre_vendor/lib:/opt/ros/foxy/lib/x86_64-linux-gnu:/opt/ros/foxy/lib /usr/bin/cmake --install /home/gy/Omron_TM_ROS2/build/tmr_driver
