[0.635s] Invoking command in '/home/gy/Omron_TM_ROS2/techman_robot_get_status': PYTHONPATH=/home/gy/Omron_TM_ROS2/install/tm_get_status/lib/python3.8/site-packages:${PYTHONPATH} /usr/bin/python3 setup.py egg_info --egg-base ../build/tm_get_status build --build-base /home/gy/Omron_TM_ROS2/build/tm_get_status/build install --prefix /home/gy/Omron_TM_ROS2/install/tm_get_status --record /home/gy/Omron_TM_ROS2/build/tm_get_status/install.log --single-version-externally-managed
[1.202s] running egg_info
[1.204s] writing ../build/tm_get_status/tm_get_status.egg-info/PKG-INFO
[1.205s] writing dependency_links to ../build/tm_get_status/tm_get_status.egg-info/dependency_links.txt
[1.206s] writing entry points to ../build/tm_get_status/tm_get_status.egg-info/entry_points.txt
[1.207s] writing requirements to ../build/tm_get_status/tm_get_status.egg-info/requires.txt
[1.207s] writing top-level names to ../build/tm_get_status/tm_get_status.egg-info/top_level.txt
[1.297s] reading manifest file '../build/tm_get_status/tm_get_status.egg-info/SOURCES.txt'
[1.300s] writing manifest file '../build/tm_get_status/tm_get_status.egg-info/SOURCES.txt'
[1.300s] running build
[1.302s] running build_py
[1.302s] running install
[1.303s] running install_lib
[1.305s] running install_data
[1.306s] running install_egg_info
[1.309s] removing '/home/gy/Omron_TM_ROS2/install/tm_get_status/lib/python3.8/site-packages/tm_get_status-0.0.1-py3.8.egg-info' (and everything under it)
[1.310s] Copying ../build/tm_get_status/tm_get_status.egg-info to /home/gy/Omron_TM_ROS2/install/tm_get_status/lib/python3.8/site-packages/tm_get_status-0.0.1-py3.8.egg-info
[1.311s] running install_scripts
[1.352s] Installing image_talker script to /home/gy/Omron_TM_ROS2/install/tm_get_status/lib/tm_get_status
[1.352s] Installing status_talker script to /home/gy/Omron_TM_ROS2/install/tm_get_status/lib/tm_get_status
[1.353s] writing list of installed files to '/home/gy/Omron_TM_ROS2/build/tm_get_status/install.log'
[1.662s] Invoked command in '/home/gy/Omron_TM_ROS2/techman_robot_get_status' returned '0': PYTHONPATH=/home/gy/Omron_TM_ROS2/install/tm_get_status/lib/python3.8/site-packages:${PYTHONPATH} /usr/bin/python3 setup.py egg_info --egg-base ../build/tm_get_status build --build-base /home/gy/Omron_TM_ROS2/build/tm_get_status/build install --prefix /home/gy/Omron_TM_ROS2/install/tm_get_status --record /home/gy/Omron_TM_ROS2/build/tm_get_status/install.log --single-version-externally-managed
