[0.494s] Invoking command in '/home/gy/Omron_TM_ROS2/build/pickplace': PYTHONPATH=/home/gy/Omron_TM_ROS2/install/pickplace/lib/python3.8/site-packages:${PYTHONPATH} /usr/bin/python3 setup.py develop --prefix /home/gy/Omron_TM_ROS2/install/pickplace --editable --build-directory /home/gy/Omron_TM_ROS2/build/pickplace/build --no-deps install_data --install-dir /home/gy/Omron_TM_ROS2/install/pickplace
[0.960s] running develop
[1.219s] running egg_info
[1.219s] writing pickplace.egg-info/PKG-INFO
[1.219s] writing dependency_links to pickplace.egg-info/dependency_links.txt
[1.219s] writing entry points to pickplace.egg-info/entry_points.txt
[1.220s] writing requirements to pickplace.egg-info/requires.txt
[1.220s] writing top-level names to pickplace.egg-info/top_level.txt
[1.291s] reading manifest file 'pickplace.egg-info/SOURCES.txt'
[1.293s] writing manifest file 'pickplace.egg-info/SOURCES.txt'
[1.372s] running build_ext
[1.373s] Creating /home/gy/Omron_TM_ROS2/install/pickplace/lib/python3.8/site-packages/site.py
[1.377s] Creating /home/gy/Omron_TM_ROS2/install/pickplace/lib/python3.8/site-packages/pickplace.egg-link (link to .)
[1.379s] Installing initialise script to /home/gy/Omron_TM_ROS2/install/pickplace/lib/pickplace
[1.379s] Installing pickplace script to /home/gy/Omron_TM_ROS2/install/pickplace/lib/pickplace
[1.379s] 
[1.380s] Installed /home/gy/Omron_TM_ROS2/build/pickplace
[1.380s] running install_data
[1.380s] creating /home/gy/Omron_TM_ROS2/install/pickplace/share/ament_index
[1.380s] creating /home/gy/Omron_TM_ROS2/install/pickplace/share/ament_index/resource_index
[1.381s] creating /home/gy/Omron_TM_ROS2/install/pickplace/share/ament_index/resource_index/packages
[1.381s] copying resource/pickplace -> /home/gy/Omron_TM_ROS2/install/pickplace/share/ament_index/resource_index/packages
[1.381s] copying package.xml -> /home/gy/Omron_TM_ROS2/install/pickplace/share/pickplace
[1.381s] creating /home/gy/Omron_TM_ROS2/install/pickplace/share/pickplace/pp_library
[1.381s] copying pp_library/Modbus.py -> /home/gy/Omron_TM_ROS2/install/pickplace/share/pickplace/pp_library
[1.381s] copying pp_library/Script.py -> /home/gy/Omron_TM_ROS2/install/pickplace/share/pickplace/pp_library
[1.382s] copying pp_library/Transform.py -> /home/gy/Omron_TM_ROS2/install/pickplace/share/pickplace/pp_library
[1.382s] copying pp_library/IO.py -> /home/gy/Omron_TM_ROS2/install/pickplace/share/pickplace/pp_library
[1.382s] copying pp_library/Move.py -> /home/gy/Omron_TM_ROS2/install/pickplace/share/pickplace/pp_library
[1.382s] copying pp_library/Waiter.py -> /home/gy/Omron_TM_ROS2/install/pickplace/share/pickplace/pp_library
[1.428s] Invoked command in '/home/gy/Omron_TM_ROS2/build/pickplace' returned '0': PYTHONPATH=/home/gy/Omron_TM_ROS2/install/pickplace/lib/python3.8/site-packages:${PYTHONPATH} /usr/bin/python3 setup.py develop --prefix /home/gy/Omron_TM_ROS2/install/pickplace --editable --build-directory /home/gy/Omron_TM_ROS2/build/pickplace/build --no-deps install_data --install-dir /home/gy/Omron_TM_ROS2/install/pickplace
