[0.022s] Invoking command in '/home/omron/Omron_TM_ROS2/build/ui_for_debug_and_demo': AMENT_PREFIX_PATH=/home/omron/Omron_TM_ROS2/install/tm_msgs:${AMENT_PREFIX_PATH} CMAKE_PREFIX_PATH=/home/omron/Omron_TM_ROS2/install/tm_msgs:/opt/ros/foxy LD_LIBRARY_PATH=/home/omron/Omron_TM_ROS2/install/tm_msgs/lib:${LD_LIBRARY_PATH} PYTHONPATH=/home/omron/Omron_TM_ROS2/install/tm_msgs/lib/python3.8/site-packages:${PYTHONPATH} /usr/bin/cmake /home/omron/Omron_TM_ROS2/ui_for_debug_and_demo -DCMAKE_INSTALL_PREFIX=/home/omron/Omron_TM_ROS2/install/ui_for_debug_and_demo
[0.103s] -- The C compiler identification is GNU 9.3.0
[0.188s] -- The CXX compiler identification is GNU 9.3.0
[0.195s] -- Check for working C compiler: /usr/bin/cc
[0.282s] -- Check for working C compiler: /usr/bin/cc -- works
[0.283s] -- Detecting C compiler ABI info
[0.369s] -- Detecting C compiler ABI info - done
[0.383s] -- Detecting C compile features
[0.384s] -- Detecting C compile features - done
[0.387s] -- Check for working CXX compiler: /usr/bin/c++
[0.489s] -- Check for working CXX compiler: /usr/bin/c++ -- works
[0.490s] -- Detecting CXX compiler ABI info
[0.591s] -- Detecting CXX compiler ABI info - done
[0.604s] -- Detecting CXX compile features
[0.605s] -- Detecting CXX compile features - done
[0.607s] -- Found ament_cmake: 0.9.8 (/opt/ros/foxy/share/ament_cmake/cmake)
[0.630s] -- Found PythonInterp: /usr/bin/python3 (found suitable version "3.8.5", minimum required is "3") 
[0.630s] -- Using PYTHON_EXECUTABLE: /usr/bin/python3
[0.850s] -- Found rclcpp: 2.3.1 (/opt/ros/foxy/share/rclcpp/cmake)
[0.905s] -- Using all available rosidl_typesupport_c: rosidl_typesupport_fastrtps_c;rosidl_typesupport_introspection_c
[0.912s] -- Found rosidl_adapter: 1.2.1 (/opt/ros/foxy/share/rosidl_adapter/cmake)
[0.995s] -- Found OpenSSL: /usr/lib/x86_64-linux-gnu/libcrypto.so (found version "1.1.1f")  
[1.035s] -- Found FastRTPS: /opt/ros/foxy/include  
[1.134s] -- Using all available rosidl_typesupport_cpp: rosidl_typesupport_fastrtps_cpp;rosidl_typesupport_introspection_cpp
[1.199s] -- Found rmw_implementation_cmake: 1.0.3 (/opt/ros/foxy/share/rmw_implementation_cmake/cmake)
[1.201s] -- Using RMW implementation 'rmw_fastrtps_cpp' as default
[1.202s] -- Looking for pthread.h
[1.287s] -- Looking for pthread.h - found
[1.287s] -- Performing Test CMAKE_HAVE_LIBC_PTHREAD
[1.360s] -- Performing Test CMAKE_HAVE_LIBC_PTHREAD - Failed
[1.360s] -- Looking for pthread_create in pthreads
[1.425s] -- Looking for pthread_create in pthreads - not found
[1.425s] -- Looking for pthread_create in pthread
[1.498s] -- Looking for pthread_create in pthread - found
[1.499s] -- Found Threads: TRUE  
[1.705s] -- Found rclcpp_action: 2.3.1 (/opt/ros/foxy/share/rclcpp_action/cmake)
[1.793s] -- Found ament_index_cpp: 1.0.2 (/opt/ros/foxy/share/ament_index_cpp/cmake)
[1.796s] -- Found tm_msgs: 1.0.0 (/home/omron/Omron_TM_ROS2/install/tm_msgs/share/tm_msgs/cmake)
[1.832s] -- Found ament_lint_auto: 0.9.6 (/opt/ros/foxy/share/ament_lint_auto/cmake)
[1.930s] -- Added test 'copyright' to check source files copyright and LICENSE
[1.931s] -- Added test 'cppcheck' to perform static code analysis on C / C++ code
[1.932s] -- Configured cppcheck include dirs: 
[1.932s] -- Configured cppcheck exclude dirs and/or files: 
[1.933s] -- Added test 'cpplint' to check C / C++ code against the Google style
[1.933s] -- Configured cpplint exclude dirs and/or files: 
[1.934s] -- Added test 'lint_cmake' to check CMake code style
[1.935s] -- Added test 'uncrustify' to check C / C++ code style
[1.935s] -- Configured uncrustify additional arguments: 
[1.935s] -- Added test 'xmllint' to check XML markup files
[1.938s] -- Configuring done
[2.020s] -- Generating done
[2.020s] -- Build files have been written to: /home/omron/Omron_TM_ROS2/build/ui_for_debug_and_demo
[2.034s] Invoked command in '/home/omron/Omron_TM_ROS2/build/ui_for_debug_and_demo' returned '0': AMENT_PREFIX_PATH=/home/omron/Omron_TM_ROS2/install/tm_msgs:${AMENT_PREFIX_PATH} CMAKE_PREFIX_PATH=/home/omron/Omron_TM_ROS2/install/tm_msgs:/opt/ros/foxy LD_LIBRARY_PATH=/home/omron/Omron_TM_ROS2/install/tm_msgs/lib:${LD_LIBRARY_PATH} PYTHONPATH=/home/omron/Omron_TM_ROS2/install/tm_msgs/lib/python3.8/site-packages:${PYTHONPATH} /usr/bin/cmake /home/omron/Omron_TM_ROS2/ui_for_debug_and_demo -DCMAKE_INSTALL_PREFIX=/home/omron/Omron_TM_ROS2/install/ui_for_debug_and_demo
[2.035s] Invoking command in '/home/omron/Omron_TM_ROS2/build/ui_for_debug_and_demo': AMENT_PREFIX_PATH=/home/omron/Omron_TM_ROS2/install/tm_msgs:${AMENT_PREFIX_PATH} CMAKE_PREFIX_PATH=/home/omron/Omron_TM_ROS2/install/tm_msgs:/opt/ros/foxy LD_LIBRARY_PATH=/home/omron/Omron_TM_ROS2/install/tm_msgs/lib:${LD_LIBRARY_PATH} PYTHONPATH=/home/omron/Omron_TM_ROS2/install/tm_msgs/lib/python3.8/site-packages:${PYTHONPATH} /usr/bin/cmake --build /home/omron/Omron_TM_ROS2/build/ui_for_debug_and_demo -- -j8 -l8
[2.213s] [35m[1mScanning dependencies of target robot_ui_autogen[0m
[2.277s] [ 14%] [34m[1mAutomatic MOC and UIC for target robot_ui[0m
[3.387s] [ 14%] Built target robot_ui_autogen
[3.461s] [ 28%] [34m[1mGenerating ui_tm_ros_driver_windows.h[0m
[3.586s] [35m[1mScanning dependencies of target robot_ui[0m
[3.936s] [ 42%] [32mBuilding CXX object CMakeFiles/robot_ui.dir/robot_ui_autogen/mocs_compilation.cpp.o[0m
[3.959s] [ 57%] [32mBuilding CXX object CMakeFiles/robot_ui.dir/src/main.cpp.o[0m
[3.971s] [ 71%] [32mBuilding CXX object CMakeFiles/robot_ui.dir/src/ros_page.cpp.o[0m
[3.988s] [ 85%] [32mBuilding CXX object CMakeFiles/robot_ui.dir/src/tm_ros_driver_windows.cpp.o[0m
[23.697s] [100%] [32m[1mLinking CXX executable robot_ui[0m
[24.701s] [100%] Built target robot_ui
[24.712s] Invoked command in '/home/omron/Omron_TM_ROS2/build/ui_for_debug_and_demo' returned '0': AMENT_PREFIX_PATH=/home/omron/Omron_TM_ROS2/install/tm_msgs:${AMENT_PREFIX_PATH} CMAKE_PREFIX_PATH=/home/omron/Omron_TM_ROS2/install/tm_msgs:/opt/ros/foxy LD_LIBRARY_PATH=/home/omron/Omron_TM_ROS2/install/tm_msgs/lib:${LD_LIBRARY_PATH} PYTHONPATH=/home/omron/Omron_TM_ROS2/install/tm_msgs/lib/python3.8/site-packages:${PYTHONPATH} /usr/bin/cmake --build /home/omron/Omron_TM_ROS2/build/ui_for_debug_and_demo -- -j8 -l8
[24.740s] Invoking command in '/home/omron/Omron_TM_ROS2/build/ui_for_debug_and_demo': AMENT_PREFIX_PATH=/home/omron/Omron_TM_ROS2/install/tm_msgs:${AMENT_PREFIX_PATH} CMAKE_PREFIX_PATH=/home/omron/Omron_TM_ROS2/install/tm_msgs:/opt/ros/foxy LD_LIBRARY_PATH=/home/omron/Omron_TM_ROS2/install/tm_msgs/lib:${LD_LIBRARY_PATH} PYTHONPATH=/home/omron/Omron_TM_ROS2/install/tm_msgs/lib/python3.8/site-packages:${PYTHONPATH} /usr/bin/cmake --install /home/omron/Omron_TM_ROS2/build/ui_for_debug_and_demo
[24.748s] -- Install configuration: ""
[24.748s] -- Installing: /home/omron/Omron_TM_ROS2/install/ui_for_debug_and_demo/lib/ui_for_debug_and_demo/robot_ui
[24.752s] -- Set runtime path of "/home/omron/Omron_TM_ROS2/install/ui_for_debug_and_demo/lib/ui_for_debug_and_demo/robot_ui" to ""
[24.753s] -- Installing: /home/omron/Omron_TM_ROS2/install/ui_for_debug_and_demo/share/ament_index/resource_index/package_run_dependencies/ui_for_debug_and_demo
[24.754s] -- Installing: /home/omron/Omron_TM_ROS2/install/ui_for_debug_and_demo/share/ament_index/resource_index/parent_prefix_path/ui_for_debug_and_demo
[24.754s] -- Installing: /home/omron/Omron_TM_ROS2/install/ui_for_debug_and_demo/share/ui_for_debug_and_demo/environment/ament_prefix_path.sh
[24.754s] -- Installing: /home/omron/Omron_TM_ROS2/install/ui_for_debug_and_demo/share/ui_for_debug_and_demo/environment/ament_prefix_path.dsv
[24.755s] -- Installing: /home/omron/Omron_TM_ROS2/install/ui_for_debug_and_demo/share/ui_for_debug_and_demo/environment/path.sh
[24.755s] -- Installing: /home/omron/Omron_TM_ROS2/install/ui_for_debug_and_demo/share/ui_for_debug_and_demo/environment/path.dsv
[24.755s] -- Installing: /home/omron/Omron_TM_ROS2/install/ui_for_debug_and_demo/share/ui_for_debug_and_demo/local_setup.bash
[24.756s] -- Installing: /home/omron/Omron_TM_ROS2/install/ui_for_debug_and_demo/share/ui_for_debug_and_demo/local_setup.sh
[24.756s] -- Installing: /home/omron/Omron_TM_ROS2/install/ui_for_debug_and_demo/share/ui_for_debug_and_demo/local_setup.zsh
[24.756s] -- Installing: /home/omron/Omron_TM_ROS2/install/ui_for_debug_and_demo/share/ui_for_debug_and_demo/local_setup.dsv
[24.757s] -- Installing: /home/omron/Omron_TM_ROS2/install/ui_for_debug_and_demo/share/ui_for_debug_and_demo/package.dsv
[24.757s] -- Installing: /home/omron/Omron_TM_ROS2/install/ui_for_debug_and_demo/share/ament_index/resource_index/packages/ui_for_debug_and_demo
[24.757s] -- Installing: /home/omron/Omron_TM_ROS2/install/ui_for_debug_and_demo/share/ui_for_debug_and_demo/cmake/ui_for_debug_and_demoConfig.cmake
[24.758s] -- Installing: /home/omron/Omron_TM_ROS2/install/ui_for_debug_and_demo/share/ui_for_debug_and_demo/cmake/ui_for_debug_and_demoConfig-version.cmake
[24.758s] -- Installing: /home/omron/Omron_TM_ROS2/install/ui_for_debug_and_demo/share/ui_for_debug_and_demo/package.xml
[24.763s] Invoked command in '/home/omron/Omron_TM_ROS2/build/ui_for_debug_and_demo' returned '0': AMENT_PREFIX_PATH=/home/omron/Omron_TM_ROS2/install/tm_msgs:${AMENT_PREFIX_PATH} CMAKE_PREFIX_PATH=/home/omron/Omron_TM_ROS2/install/tm_msgs:/opt/ros/foxy LD_LIBRARY_PATH=/home/omron/Omron_TM_ROS2/install/tm_msgs/lib:${LD_LIBRARY_PATH} PYTHONPATH=/home/omron/Omron_TM_ROS2/install/tm_msgs/lib/python3.8/site-packages:${PYTHONPATH} /usr/bin/cmake --install /home/omron/Omron_TM_ROS2/build/ui_for_debug_and_demo
