[0.502s] Invoking command in '/home/gy/Omron_TM_ROS2/src/pickplace': PYTHONPATH=/home/gy/Omron_TM_ROS2/install/pickplace/lib/python3.8/site-packages:${PYTHONPATH} /usr/bin/python3 setup.py egg_info --egg-base ../../build/pickplace build --build-base /home/gy/Omron_TM_ROS2/build/pickplace/build install --prefix /home/gy/Omron_TM_ROS2/install/pickplace --record /home/gy/Omron_TM_ROS2/build/pickplace/install.log --single-version-externally-managed
[0.950s] running egg_info
[0.952s] writing ../../build/pickplace/pickplace.egg-info/PKG-INFO
[0.952s] writing dependency_links to ../../build/pickplace/pickplace.egg-info/dependency_links.txt
[0.952s] writing entry points to ../../build/pickplace/pickplace.egg-info/entry_points.txt
[0.953s] writing requirements to ../../build/pickplace/pickplace.egg-info/requires.txt
[0.953s] writing top-level names to ../../build/pickplace/pickplace.egg-info/top_level.txt
[1.025s] reading manifest file '../../build/pickplace/pickplace.egg-info/SOURCES.txt'
[1.032s] writing manifest file '../../build/pickplace/pickplace.egg-info/SOURCES.txt'
[1.032s] running build
[1.032s] running build_py
[1.032s] copying pickplace/params.py -> /home/gy/Omron_TM_ROS2/build/pickplace/build/lib/pickplace
[1.033s] running install
[1.034s] running install_lib
[1.036s] copying /home/gy/Omron_TM_ROS2/build/pickplace/build/lib/pickplace/params.py -> /home/gy/Omron_TM_ROS2/install/pickplace/lib/python3.8/site-packages/pickplace
[1.037s] byte-compiling /home/gy/Omron_TM_ROS2/install/pickplace/lib/python3.8/site-packages/pickplace/params.py to params.cpython-38.pyc
[1.040s] running install_data
[1.041s] running install_egg_info
[1.045s] removing '/home/gy/Omron_TM_ROS2/install/pickplace/lib/python3.8/site-packages/pickplace-0.0.0-py3.8.egg-info' (and everything under it)
[1.045s] Copying ../../build/pickplace/pickplace.egg-info to /home/gy/Omron_TM_ROS2/install/pickplace/lib/python3.8/site-packages/pickplace-0.0.0-py3.8.egg-info
[1.048s] running install_scripts
[1.081s] Installing param_talker script to /home/gy/Omron_TM_ROS2/install/pickplace/lib/pickplace
[1.081s] writing list of installed files to '/home/gy/Omron_TM_ROS2/build/pickplace/install.log'
[1.118s] Invoked command in '/home/gy/Omron_TM_ROS2/src/pickplace' returned '0': PYTHONPATH=/home/gy/Omron_TM_ROS2/install/pickplace/lib/python3.8/site-packages:${PYTHONPATH} /usr/bin/python3 setup.py egg_info --egg-base ../../build/pickplace build --build-base /home/gy/Omron_TM_ROS2/build/pickplace/build install --prefix /home/gy/Omron_TM_ROS2/install/pickplace --record /home/gy/Omron_TM_ROS2/build/pickplace/install.log --single-version-externally-managed
