[0.096s] Invoking command in '/home/gy/Omron_TM_ROS2/build/tm_msgs': CMAKE_PREFIX_PATH=/home/gy/Omron_TM_ROS2/install/tmr_mod_urdf:/home/gy/Omron_TM_ROS2/install/tm_get_status:/home/gy/Omron_TM_ROS2/install/rviz_tm:/home/gy/Omron_TM_ROS2/install/pickplace:/opt/ros/foxy:${CMAKE_PREFIX_PATH} /usr/bin/cmake --build /home/gy/Omron_TM_ROS2/build/tm_msgs -- -j3 -l3
[0.273s] [ 12%] Built target tm_msgs__rosidl_generator_c
[0.331s] [ 12%] Built target tm_msgs__cpp
[0.401s] [ 24%] Built target tm_msgs__rosidl_typesupport_introspection_c
[0.501s] [ 35%] Built target tm_msgs__rosidl_typesupport_fastrtps_cpp
[0.570s] [ 47%] Built target tm_msgs__rosidl_typesupport_introspection_cpp
[0.634s] [ 59%] Built target tm_msgs__rosidl_typesupport_cpp
[0.714s] [ 71%] Built target tm_msgs__rosidl_typesupport_fastrtps_c
[0.781s] [ 83%] Built target tm_msgs__rosidl_typesupport_c
[0.816s] [ 83%] Built target tm_msgs
[0.849s] [ 84%] Built target tm_msgs__py
[0.922s] [ 95%] Built target tm_msgs__python
[0.989s] [ 96%] Built target tm_msgs__rosidl_typesupport_c__pyext
[1.049s] [ 98%] Built target tm_msgs__rosidl_typesupport_fastrtps_c__pyext
[1.129s] [100%] Built target tm_msgs__rosidl_typesupport_introspection_c__pyext
[1.159s] Invoked command in '/home/gy/Omron_TM_ROS2/build/tm_msgs' returned '0': CMAKE_PREFIX_PATH=/home/gy/Omron_TM_ROS2/install/tmr_mod_urdf:/home/gy/Omron_TM_ROS2/install/tm_get_status:/home/gy/Omron_TM_ROS2/install/rviz_tm:/home/gy/Omron_TM_ROS2/install/pickplace:/opt/ros/foxy:${CMAKE_PREFIX_PATH} /usr/bin/cmake --build /home/gy/Omron_TM_ROS2/build/tm_msgs -- -j3 -l3
[2.296s] Invoking command in '/home/gy/Omron_TM_ROS2/build/tm_msgs': CMAKE_PREFIX_PATH=/home/gy/Omron_TM_ROS2/install/tmr_mod_urdf:/home/gy/Omron_TM_ROS2/install/tm_get_status:/home/gy/Omron_TM_ROS2/install/rviz_tm:/home/gy/Omron_TM_ROS2/install/pickplace:/opt/ros/foxy:${CMAKE_PREFIX_PATH} /usr/bin/cmake --install /home/gy/Omron_TM_ROS2/build/tm_msgs
[2.335s] -- Install configuration: ""
[2.335s] -- Installing: /home/gy/Omron_TM_ROS2/install/tm_msgs/share/ament_index/resource_index/rosidl_interfaces/tm_msgs
[2.335s] -- Installing: /home/gy/Omron_TM_ROS2/install/tm_msgs/include/tm_msgs
[2.336s] -- Installing: /home/gy/Omron_TM_ROS2/install/tm_msgs/include/tm_msgs/srv
[2.336s] -- Installing: /home/gy/Omron_TM_ROS2/install/tm_msgs/include/tm_msgs/srv/detail
[2.336s] -- Installing: /home/gy/Omron_TM_ROS2/install/tm_msgs/include/tm_msgs/srv/detail/set_io__type_support.h
[2.336s] -- Installing: /home/gy/Omron_TM_ROS2/install/tm_msgs/include/tm_msgs/srv/detail/set_positions__functions.h
[2.337s] -- Installing: /home/gy/Omron_TM_ROS2/install/tm_msgs/include/tm_msgs/srv/detail/ask_sta__functions.h
[2.337s] -- Installing: /home/gy/Omron_TM_ROS2/install/tm_msgs/include/tm_msgs/srv/detail/set_positions__functions.c
[2.337s] -- Installing: /home/gy/Omron_TM_ROS2/install/tm_msgs/include/tm_msgs/srv/detail/set_io__functions.h
[2.337s] -- Installing: /home/gy/Omron_TM_ROS2/install/tm_msgs/include/tm_msgs/srv/detail/send_script__type_support.h
[2.337s] -- Installing: /home/gy/Omron_TM_ROS2/install/tm_msgs/include/tm_msgs/srv/detail/send_script__struct.h
[2.337s] -- Installing: /home/gy/Omron_TM_ROS2/install/tm_msgs/include/tm_msgs/srv/detail/set_event__struct.h
[2.337s] -- Installing: /home/gy/Omron_TM_ROS2/install/tm_msgs/include/tm_msgs/srv/detail/set_event__functions.h
[2.338s] -- Installing: /home/gy/Omron_TM_ROS2/install/tm_msgs/include/tm_msgs/srv/detail/set_event__type_support.h
[2.338s] -- Installing: /home/gy/Omron_TM_ROS2/install/tm_msgs/include/tm_msgs/srv/detail/connect_tm__functions.c
[2.338s] -- Installing: /home/gy/Omron_TM_ROS2/install/tm_msgs/include/tm_msgs/srv/detail/ask_sta__struct.h
[2.338s] -- Installing: /home/gy/Omron_TM_ROS2/install/tm_msgs/include/tm_msgs/srv/detail/set_io__struct.h
[2.338s] -- Installing: /home/gy/Omron_TM_ROS2/install/tm_msgs/include/tm_msgs/srv/detail/send_script__functions.h
[2.338s] -- Installing: /home/gy/Omron_TM_ROS2/install/tm_msgs/include/tm_msgs/srv/detail/set_positions__type_support.h
[2.338s] -- Installing: /home/gy/Omron_TM_ROS2/install/tm_msgs/include/tm_msgs/srv/detail/set_io__functions.c
[2.339s] -- Installing: /home/gy/Omron_TM_ROS2/install/tm_msgs/include/tm_msgs/srv/detail/ask_sta__functions.c
[2.339s] -- Installing: /home/gy/Omron_TM_ROS2/install/tm_msgs/include/tm_msgs/srv/detail/ask_item__functions.c
[2.339s] -- Installing: /home/gy/Omron_TM_ROS2/install/tm_msgs/include/tm_msgs/srv/detail/write_item__functions.h
[2.339s] -- Installing: /home/gy/Omron_TM_ROS2/install/tm_msgs/include/tm_msgs/srv/detail/connect_tm__type_support.h
[2.339s] -- Installing: /home/gy/Omron_TM_ROS2/install/tm_msgs/include/tm_msgs/srv/detail/send_script__functions.c
[2.339s] -- Installing: /home/gy/Omron_TM_ROS2/install/tm_msgs/include/tm_msgs/srv/detail/ask_item__type_support.h
[2.339s] -- Installing: /home/gy/Omron_TM_ROS2/install/tm_msgs/include/tm_msgs/srv/detail/set_positions__struct.h
[2.339s] -- Installing: /home/gy/Omron_TM_ROS2/install/tm_msgs/include/tm_msgs/srv/detail/write_item__functions.c
[2.340s] -- Installing: /home/gy/Omron_TM_ROS2/install/tm_msgs/include/tm_msgs/srv/detail/write_item__struct.h
[2.340s] -- Installing: /home/gy/Omron_TM_ROS2/install/tm_msgs/include/tm_msgs/srv/detail/connect_tm__struct.h
[2.340s] -- Installing: /home/gy/Omron_TM_ROS2/install/tm_msgs/include/tm_msgs/srv/detail/ask_item__functions.h
[2.340s] -- Installing: /home/gy/Omron_TM_ROS2/install/tm_msgs/include/tm_msgs/srv/detail/set_event__functions.c
[2.340s] -- Installing: /home/gy/Omron_TM_ROS2/install/tm_msgs/include/tm_msgs/srv/detail/connect_tm__functions.h
[2.340s] -- Installing: /home/gy/Omron_TM_ROS2/install/tm_msgs/include/tm_msgs/srv/detail/ask_item__struct.h
[2.340s] -- Installing: /home/gy/Omron_TM_ROS2/install/tm_msgs/include/tm_msgs/srv/detail/write_item__type_support.h
[2.340s] -- Installing: /home/gy/Omron_TM_ROS2/install/tm_msgs/include/tm_msgs/srv/detail/ask_sta__type_support.h
[2.341s] -- Installing: /home/gy/Omron_TM_ROS2/install/tm_msgs/include/tm_msgs/srv/connect_tm.h
[2.350s] -- Installing: /home/gy/Omron_TM_ROS2/install/tm_msgs/include/tm_msgs/srv/ask_item.h
[2.350s] -- Installing: /home/gy/Omron_TM_ROS2/install/tm_msgs/include/tm_msgs/srv/write_item.h
[2.350s] -- Installing: /home/gy/Omron_TM_ROS2/install/tm_msgs/include/tm_msgs/srv/set_io.h
[2.351s] -- Installing: /home/gy/Omron_TM_ROS2/install/tm_msgs/include/tm_msgs/srv/set_positions.h
[2.351s] -- Installing: /home/gy/Omron_TM_ROS2/install/tm_msgs/include/tm_msgs/srv/send_script.h
[2.351s] -- Installing: /home/gy/Omron_TM_ROS2/install/tm_msgs/include/tm_msgs/srv/ask_sta.h
[2.351s] -- Installing: /home/gy/Omron_TM_ROS2/install/tm_msgs/include/tm_msgs/srv/set_event.h
[2.351s] -- Installing: /home/gy/Omron_TM_ROS2/install/tm_msgs/include/tm_msgs/msg
[2.351s] -- Installing: /home/gy/Omron_TM_ROS2/install/tm_msgs/include/tm_msgs/msg/detail
[2.351s] -- Installing: /home/gy/Omron_TM_ROS2/install/tm_msgs/include/tm_msgs/msg/detail/feedback_state__type_support.h
[2.351s] -- Installing: /home/gy/Omron_TM_ROS2/install/tm_msgs/include/tm_msgs/msg/detail/feedback_state__functions.h
[2.351s] -- Installing: /home/gy/Omron_TM_ROS2/install/tm_msgs/include/tm_msgs/msg/detail/svr_response__type_support.h
[2.351s] -- Installing: /home/gy/Omron_TM_ROS2/install/tm_msgs/include/tm_msgs/msg/detail/sta_response__functions.c
[2.352s] -- Installing: /home/gy/Omron_TM_ROS2/install/tm_msgs/include/tm_msgs/msg/detail/sta_response__type_support.h
[2.352s] -- Installing: /home/gy/Omron_TM_ROS2/install/tm_msgs/include/tm_msgs/msg/detail/sct_response__functions.c
[2.352s] -- Installing: /home/gy/Omron_TM_ROS2/install/tm_msgs/include/tm_msgs/msg/detail/feedback_state__functions.c
[2.352s] -- Installing: /home/gy/Omron_TM_ROS2/install/tm_msgs/include/tm_msgs/msg/detail/sct_response__type_support.h
[2.352s] -- Installing: /home/gy/Omron_TM_ROS2/install/tm_msgs/include/tm_msgs/msg/detail/svr_response__struct.h
[2.353s] -- Installing: /home/gy/Omron_TM_ROS2/install/tm_msgs/include/tm_msgs/msg/detail/svr_response__functions.h
[2.353s] -- Installing: /home/gy/Omron_TM_ROS2/install/tm_msgs/include/tm_msgs/msg/detail/sct_response__functions.h
[2.354s] -- Installing: /home/gy/Omron_TM_ROS2/install/tm_msgs/include/tm_msgs/msg/detail/feedback_state__struct.h
[2.354s] -- Installing: /home/gy/Omron_TM_ROS2/install/tm_msgs/include/tm_msgs/msg/detail/sta_response__functions.h
[2.355s] -- Installing: /home/gy/Omron_TM_ROS2/install/tm_msgs/include/tm_msgs/msg/detail/svr_response__functions.c
[2.355s] -- Installing: /home/gy/Omron_TM_ROS2/install/tm_msgs/include/tm_msgs/msg/detail/sta_response__struct.h
[2.355s] -- Installing: /home/gy/Omron_TM_ROS2/install/tm_msgs/include/tm_msgs/msg/detail/sct_response__struct.h
[2.355s] -- Installing: /home/gy/Omron_TM_ROS2/install/tm_msgs/include/tm_msgs/msg/svr_response.h
[2.355s] -- Installing: /home/gy/Omron_TM_ROS2/install/tm_msgs/include/tm_msgs/msg/feedback_state.h
[2.355s] -- Installing: /home/gy/Omron_TM_ROS2/install/tm_msgs/include/tm_msgs/msg/sct_response.h
[2.355s] -- Installing: /home/gy/Omron_TM_ROS2/install/tm_msgs/include/tm_msgs/msg/rosidl_generator_c__visibility_control.h
[2.356s] -- Installing: /home/gy/Omron_TM_ROS2/install/tm_msgs/include/tm_msgs/msg/sta_response.h
[2.356s] -- Installing: /home/gy/Omron_TM_ROS2/install/tm_msgs/share/tm_msgs/environment/library_path.sh
[2.356s] -- Installing: /home/gy/Omron_TM_ROS2/install/tm_msgs/share/tm_msgs/environment/library_path.dsv
[2.356s] -- Installing: /home/gy/Omron_TM_ROS2/install/tm_msgs/lib/libtm_msgs__rosidl_generator_c.so
[2.356s] -- Set runtime path of "/home/gy/Omron_TM_ROS2/install/tm_msgs/lib/libtm_msgs__rosidl_generator_c.so" to ""
[2.356s] -- Up-to-date: /home/gy/Omron_TM_ROS2/install/tm_msgs/include/tm_msgs
[2.356s] -- Up-to-date: /home/gy/Omron_TM_ROS2/install/tm_msgs/include/tm_msgs/srv
[2.357s] -- Up-to-date: /home/gy/Omron_TM_ROS2/install/tm_msgs/include/tm_msgs/srv/detail
[2.357s] -- Installing: /home/gy/Omron_TM_ROS2/install/tm_msgs/include/tm_msgs/srv/detail/connect_tm__rosidl_typesupport_fastrtps_c.h
[2.357s] -- Installing: /home/gy/Omron_TM_ROS2/install/tm_msgs/include/tm_msgs/srv/detail/set_event__rosidl_typesupport_fastrtps_c.h
[2.357s] -- Installing: /home/gy/Omron_TM_ROS2/install/tm_msgs/include/tm_msgs/srv/detail/set_io__rosidl_typesupport_fastrtps_c.h
[2.357s] -- Installing: /home/gy/Omron_TM_ROS2/install/tm_msgs/include/tm_msgs/srv/detail/ask_sta__rosidl_typesupport_fastrtps_c.h
[2.357s] -- Installing: /home/gy/Omron_TM_ROS2/install/tm_msgs/include/tm_msgs/srv/detail/set_positions__rosidl_typesupport_fastrtps_c.h
[2.357s] -- Installing: /home/gy/Omron_TM_ROS2/install/tm_msgs/include/tm_msgs/srv/detail/send_script__rosidl_typesupport_fastrtps_c.h
[2.369s] -- Installing: /home/gy/Omron_TM_ROS2/install/tm_msgs/include/tm_msgs/srv/detail/ask_item__rosidl_typesupport_fastrtps_c.h
[2.370s] -- Installing: /home/gy/Omron_TM_ROS2/install/tm_msgs/include/tm_msgs/srv/detail/write_item__rosidl_typesupport_fastrtps_c.h
[2.370s] -- Up-to-date: /home/gy/Omron_TM_ROS2/install/tm_msgs/include/tm_msgs/msg
[2.370s] -- Up-to-date: /home/gy/Omron_TM_ROS2/install/tm_msgs/include/tm_msgs/msg/detail
[2.370s] -- Installing: /home/gy/Omron_TM_ROS2/install/tm_msgs/include/tm_msgs/msg/detail/sct_response__rosidl_typesupport_fastrtps_c.h
[2.370s] -- Installing: /home/gy/Omron_TM_ROS2/install/tm_msgs/include/tm_msgs/msg/detail/sta_response__rosidl_typesupport_fastrtps_c.h
[2.371s] -- Installing: /home/gy/Omron_TM_ROS2/install/tm_msgs/include/tm_msgs/msg/detail/feedback_state__rosidl_typesupport_fastrtps_c.h
[2.371s] -- Installing: /home/gy/Omron_TM_ROS2/install/tm_msgs/include/tm_msgs/msg/detail/svr_response__rosidl_typesupport_fastrtps_c.h
[2.371s] -- Installing: /home/gy/Omron_TM_ROS2/install/tm_msgs/include/tm_msgs/msg/rosidl_typesupport_fastrtps_c__visibility_control.h
[2.371s] -- Installing: /home/gy/Omron_TM_ROS2/install/tm_msgs/lib/libtm_msgs__rosidl_typesupport_fastrtps_c.so
[2.371s] -- Set runtime path of "/home/gy/Omron_TM_ROS2/install/tm_msgs/lib/libtm_msgs__rosidl_typesupport_fastrtps_c.so" to ""
[2.371s] -- Up-to-date: /home/gy/Omron_TM_ROS2/install/tm_msgs/include/tm_msgs
[2.371s] -- Up-to-date: /home/gy/Omron_TM_ROS2/install/tm_msgs/include/tm_msgs/srv
[2.372s] -- Up-to-date: /home/gy/Omron_TM_ROS2/install/tm_msgs/include/tm_msgs/srv/detail
[2.372s] -- Installing: /home/gy/Omron_TM_ROS2/install/tm_msgs/include/tm_msgs/srv/detail/connect_tm__rosidl_typesupport_fastrtps_cpp.hpp
[2.372s] -- Installing: /home/gy/Omron_TM_ROS2/install/tm_msgs/include/tm_msgs/srv/detail/set_io__rosidl_typesupport_fastrtps_cpp.hpp
[2.372s] -- Installing: /home/gy/Omron_TM_ROS2/install/tm_msgs/include/tm_msgs/srv/detail/ask_sta__rosidl_typesupport_fastrtps_cpp.hpp
[2.372s] -- Installing: /home/gy/Omron_TM_ROS2/install/tm_msgs/include/tm_msgs/srv/detail/write_item__rosidl_typesupport_fastrtps_cpp.hpp
[2.372s] -- Installing: /home/gy/Omron_TM_ROS2/install/tm_msgs/include/tm_msgs/srv/detail/send_script__rosidl_typesupport_fastrtps_cpp.hpp
[2.372s] -- Installing: /home/gy/Omron_TM_ROS2/install/tm_msgs/include/tm_msgs/srv/detail/set_event__rosidl_typesupport_fastrtps_cpp.hpp
[2.372s] -- Installing: /home/gy/Omron_TM_ROS2/install/tm_msgs/include/tm_msgs/srv/detail/ask_item__rosidl_typesupport_fastrtps_cpp.hpp
[2.373s] -- Installing: /home/gy/Omron_TM_ROS2/install/tm_msgs/include/tm_msgs/srv/detail/dds_fastrtps
[2.373s] -- Installing: /home/gy/Omron_TM_ROS2/install/tm_msgs/include/tm_msgs/srv/detail/set_positions__rosidl_typesupport_fastrtps_cpp.hpp
[2.377s] -- Up-to-date: /home/gy/Omron_TM_ROS2/install/tm_msgs/include/tm_msgs/msg
[2.377s] -- Up-to-date: /home/gy/Omron_TM_ROS2/install/tm_msgs/include/tm_msgs/msg/detail
[2.378s] -- Installing: /home/gy/Omron_TM_ROS2/install/tm_msgs/include/tm_msgs/msg/detail/sct_response__rosidl_typesupport_fastrtps_cpp.hpp
[2.378s] -- Installing: /home/gy/Omron_TM_ROS2/install/tm_msgs/include/tm_msgs/msg/detail/svr_response__rosidl_typesupport_fastrtps_cpp.hpp
[2.378s] -- Installing: /home/gy/Omron_TM_ROS2/install/tm_msgs/include/tm_msgs/msg/detail/sta_response__rosidl_typesupport_fastrtps_cpp.hpp
[2.378s] -- Installing: /home/gy/Omron_TM_ROS2/install/tm_msgs/include/tm_msgs/msg/detail/feedback_state__rosidl_typesupport_fastrtps_cpp.hpp
[2.378s] -- Installing: /home/gy/Omron_TM_ROS2/install/tm_msgs/include/tm_msgs/msg/detail/dds_fastrtps
[2.378s] -- Installing: /home/gy/Omron_TM_ROS2/install/tm_msgs/include/tm_msgs/msg/rosidl_typesupport_fastrtps_cpp__visibility_control.h
[2.378s] -- Installing: /home/gy/Omron_TM_ROS2/install/tm_msgs/lib/libtm_msgs__rosidl_typesupport_fastrtps_cpp.so
[2.378s] -- Set runtime path of "/home/gy/Omron_TM_ROS2/install/tm_msgs/lib/libtm_msgs__rosidl_typesupport_fastrtps_cpp.so" to ""
[2.379s] -- Up-to-date: /home/gy/Omron_TM_ROS2/install/tm_msgs/include/tm_msgs
[2.379s] -- Up-to-date: /home/gy/Omron_TM_ROS2/install/tm_msgs/include/tm_msgs/srv
[2.379s] -- Up-to-date: /home/gy/Omron_TM_ROS2/install/tm_msgs/include/tm_msgs/srv/detail
[2.379s] -- Installing: /home/gy/Omron_TM_ROS2/install/tm_msgs/include/tm_msgs/srv/detail/write_item__type_support.c
[2.379s] -- Installing: /home/gy/Omron_TM_ROS2/install/tm_msgs/include/tm_msgs/srv/detail/ask_item__rosidl_typesupport_introspection_c.h
[2.379s] -- Installing: /home/gy/Omron_TM_ROS2/install/tm_msgs/include/tm_msgs/srv/detail/set_io__rosidl_typesupport_introspection_c.h
[2.379s] -- Installing: /home/gy/Omron_TM_ROS2/install/tm_msgs/include/tm_msgs/srv/detail/send_script__type_support.c
[2.380s] -- Installing: /home/gy/Omron_TM_ROS2/install/tm_msgs/include/tm_msgs/srv/detail/ask_sta__rosidl_typesupport_introspection_c.h
[2.380s] -- Installing: /home/gy/Omron_TM_ROS2/install/tm_msgs/include/tm_msgs/srv/detail/ask_item__type_support.c
[2.380s] -- Installing: /home/gy/Omron_TM_ROS2/install/tm_msgs/include/tm_msgs/srv/detail/set_positions__type_support.c
[2.380s] -- Installing: /home/gy/Omron_TM_ROS2/install/tm_msgs/include/tm_msgs/srv/detail/send_script__rosidl_typesupport_introspection_c.h
[2.380s] -- Installing: /home/gy/Omron_TM_ROS2/install/tm_msgs/include/tm_msgs/srv/detail/set_positions__rosidl_typesupport_introspection_c.h
[2.380s] -- Installing: /home/gy/Omron_TM_ROS2/install/tm_msgs/include/tm_msgs/srv/detail/connect_tm__type_support.c
[2.380s] -- Installing: /home/gy/Omron_TM_ROS2/install/tm_msgs/include/tm_msgs/srv/detail/connect_tm__rosidl_typesupport_introspection_c.h
[2.381s] -- Installing: /home/gy/Omron_TM_ROS2/install/tm_msgs/include/tm_msgs/srv/detail/set_event__type_support.c
[2.381s] -- Installing: /home/gy/Omron_TM_ROS2/install/tm_msgs/include/tm_msgs/srv/detail/write_item__rosidl_typesupport_introspection_c.h
[2.386s] -- Installing: /home/gy/Omron_TM_ROS2/install/tm_msgs/include/tm_msgs/srv/detail/ask_sta__type_support.c
[2.386s] -- Installing: /home/gy/Omron_TM_ROS2/install/tm_msgs/include/tm_msgs/srv/detail/set_io__type_support.c
[2.386s] -- Installing: /home/gy/Omron_TM_ROS2/install/tm_msgs/include/tm_msgs/srv/detail/set_event__rosidl_typesupport_introspection_c.h
[2.387s] -- Up-to-date: /home/gy/Omron_TM_ROS2/install/tm_msgs/include/tm_msgs/msg
[2.387s] -- Up-to-date: /home/gy/Omron_TM_ROS2/install/tm_msgs/include/tm_msgs/msg/detail
[2.387s] -- Installing: /home/gy/Omron_TM_ROS2/install/tm_msgs/include/tm_msgs/msg/detail/sct_response__type_support.c
[2.387s] -- Installing: /home/gy/Omron_TM_ROS2/install/tm_msgs/include/tm_msgs/msg/detail/feedback_state__rosidl_typesupport_introspection_c.h
[2.387s] -- Installing: /home/gy/Omron_TM_ROS2/install/tm_msgs/include/tm_msgs/msg/detail/svr_response__type_support.c
[2.387s] -- Installing: /home/gy/Omron_TM_ROS2/install/tm_msgs/include/tm_msgs/msg/detail/sct_response__rosidl_typesupport_introspection_c.h
[2.387s] -- Installing: /home/gy/Omron_TM_ROS2/install/tm_msgs/include/tm_msgs/msg/detail/sta_response__type_support.c
[2.387s] -- Installing: /home/gy/Omron_TM_ROS2/install/tm_msgs/include/tm_msgs/msg/detail/svr_response__rosidl_typesupport_introspection_c.h
[2.388s] -- Installing: /home/gy/Omron_TM_ROS2/install/tm_msgs/include/tm_msgs/msg/detail/feedback_state__type_support.c
[2.388s] -- Installing: /home/gy/Omron_TM_ROS2/install/tm_msgs/include/tm_msgs/msg/detail/sta_response__rosidl_typesupport_introspection_c.h
[2.388s] -- Installing: /home/gy/Omron_TM_ROS2/install/tm_msgs/include/tm_msgs/msg/rosidl_typesupport_introspection_c__visibility_control.h
[2.388s] -- Installing: /home/gy/Omron_TM_ROS2/install/tm_msgs/lib/libtm_msgs__rosidl_typesupport_introspection_c.so
[2.388s] -- Set runtime path of "/home/gy/Omron_TM_ROS2/install/tm_msgs/lib/libtm_msgs__rosidl_typesupport_introspection_c.so" to ""
[2.388s] -- Installing: /home/gy/Omron_TM_ROS2/install/tm_msgs/lib/libtm_msgs__rosidl_typesupport_c.so
[2.388s] -- Set runtime path of "/home/gy/Omron_TM_ROS2/install/tm_msgs/lib/libtm_msgs__rosidl_typesupport_c.so" to ""
[2.389s] -- Up-to-date: /home/gy/Omron_TM_ROS2/install/tm_msgs/include/tm_msgs
[2.389s] -- Up-to-date: /home/gy/Omron_TM_ROS2/install/tm_msgs/include/tm_msgs/srv
[2.389s] -- Up-to-date: /home/gy/Omron_TM_ROS2/install/tm_msgs/include/tm_msgs/srv/detail
[2.389s] -- Installing: /home/gy/Omron_TM_ROS2/install/tm_msgs/include/tm_msgs/srv/detail/set_positions__struct.hpp
[2.389s] -- Installing: /home/gy/Omron_TM_ROS2/install/tm_msgs/include/tm_msgs/srv/detail/set_positions__traits.hpp
[2.389s] -- Installing: /home/gy/Omron_TM_ROS2/install/tm_msgs/include/tm_msgs/srv/detail/send_script__builder.hpp
[2.397s] -- Installing: /home/gy/Omron_TM_ROS2/install/tm_msgs/include/tm_msgs/srv/detail/connect_tm__struct.hpp
[2.398s] -- Installing: /home/gy/Omron_TM_ROS2/install/tm_msgs/include/tm_msgs/srv/detail/connect_tm__traits.hpp
[2.398s] -- Installing: /home/gy/Omron_TM_ROS2/install/tm_msgs/include/tm_msgs/srv/detail/ask_sta__struct.hpp
[2.398s] -- Installing: /home/gy/Omron_TM_ROS2/install/tm_msgs/include/tm_msgs/srv/detail/write_item__builder.hpp
[2.398s] -- Installing: /home/gy/Omron_TM_ROS2/install/tm_msgs/include/tm_msgs/srv/detail/send_script__struct.hpp
[2.398s] -- Installing: /home/gy/Omron_TM_ROS2/install/tm_msgs/include/tm_msgs/srv/detail/send_script__traits.hpp
[2.398s] -- Installing: /home/gy/Omron_TM_ROS2/install/tm_msgs/include/tm_msgs/srv/detail/write_item__traits.hpp
[2.398s] -- Installing: /home/gy/Omron_TM_ROS2/install/tm_msgs/include/tm_msgs/srv/detail/ask_sta__builder.hpp
[2.398s] -- Installing: /home/gy/Omron_TM_ROS2/install/tm_msgs/include/tm_msgs/srv/detail/set_positions__builder.hpp
[2.399s] -- Installing: /home/gy/Omron_TM_ROS2/install/tm_msgs/include/tm_msgs/srv/detail/connect_tm__builder.hpp
[2.399s] -- Installing: /home/gy/Omron_TM_ROS2/install/tm_msgs/include/tm_msgs/srv/detail/set_io__builder.hpp
[2.399s] -- Installing: /home/gy/Omron_TM_ROS2/install/tm_msgs/include/tm_msgs/srv/detail/ask_item__struct.hpp
[2.399s] -- Installing: /home/gy/Omron_TM_ROS2/install/tm_msgs/include/tm_msgs/srv/detail/set_io__traits.hpp
[2.399s] -- Installing: /home/gy/Omron_TM_ROS2/install/tm_msgs/include/tm_msgs/srv/detail/ask_item__builder.hpp
[2.399s] -- Installing: /home/gy/Omron_TM_ROS2/install/tm_msgs/include/tm_msgs/srv/detail/write_item__struct.hpp
[2.399s] -- Installing: /home/gy/Omron_TM_ROS2/install/tm_msgs/include/tm_msgs/srv/detail/set_event__struct.hpp
[2.399s] -- Installing: /home/gy/Omron_TM_ROS2/install/tm_msgs/include/tm_msgs/srv/detail/set_event__builder.hpp
[2.399s] -- Installing: /home/gy/Omron_TM_ROS2/install/tm_msgs/include/tm_msgs/srv/detail/set_event__traits.hpp
[2.400s] -- Installing: /home/gy/Omron_TM_ROS2/install/tm_msgs/include/tm_msgs/srv/detail/set_io__struct.hpp
[2.400s] -- Installing: /home/gy/Omron_TM_ROS2/install/tm_msgs/include/tm_msgs/srv/detail/ask_sta__traits.hpp
[2.400s] -- Installing: /home/gy/Omron_TM_ROS2/install/tm_msgs/include/tm_msgs/srv/detail/ask_item__traits.hpp
[2.400s] -- Installing: /home/gy/Omron_TM_ROS2/install/tm_msgs/include/tm_msgs/srv/ask_item.hpp
[2.400s] -- Installing: /home/gy/Omron_TM_ROS2/install/tm_msgs/include/tm_msgs/srv/write_item.hpp
[2.400s] -- Installing: /home/gy/Omron_TM_ROS2/install/tm_msgs/include/tm_msgs/srv/send_script.hpp
[2.400s] -- Installing: /home/gy/Omron_TM_ROS2/install/tm_msgs/include/tm_msgs/srv/set_io.hpp
[2.401s] -- Installing: /home/gy/Omron_TM_ROS2/install/tm_msgs/include/tm_msgs/srv/connect_tm.hpp
[2.401s] -- Installing: /home/gy/Omron_TM_ROS2/install/tm_msgs/include/tm_msgs/srv/set_event.hpp
[2.401s] -- Installing: /home/gy/Omron_TM_ROS2/install/tm_msgs/include/tm_msgs/srv/set_positions.hpp
[2.401s] -- Installing: /home/gy/Omron_TM_ROS2/install/tm_msgs/include/tm_msgs/srv/ask_sta.hpp
[2.401s] -- Up-to-date: /home/gy/Omron_TM_ROS2/install/tm_msgs/include/tm_msgs/msg
[2.401s] -- Up-to-date: /home/gy/Omron_TM_ROS2/install/tm_msgs/include/tm_msgs/msg/detail
[2.410s] -- Installing: /home/gy/Omron_TM_ROS2/install/tm_msgs/include/tm_msgs/msg/detail/sct_response__traits.hpp
[2.410s] -- Installing: /home/gy/Omron_TM_ROS2/install/tm_msgs/include/tm_msgs/msg/detail/svr_response__traits.hpp
[2.410s] -- Installing: /home/gy/Omron_TM_ROS2/install/tm_msgs/include/tm_msgs/msg/detail/feedback_state__builder.hpp
[2.410s] -- Installing: /home/gy/Omron_TM_ROS2/install/tm_msgs/include/tm_msgs/msg/detail/sta_response__builder.hpp
[2.410s] -- Installing: /home/gy/Omron_TM_ROS2/install/tm_msgs/include/tm_msgs/msg/detail/feedback_state__struct.hpp
[2.411s] -- Installing: /home/gy/Omron_TM_ROS2/install/tm_msgs/include/tm_msgs/msg/detail/sct_response__struct.hpp
[2.411s] -- Installing: /home/gy/Omron_TM_ROS2/install/tm_msgs/include/tm_msgs/msg/detail/sct_response__builder.hpp
[2.411s] -- Installing: /home/gy/Omron_TM_ROS2/install/tm_msgs/include/tm_msgs/msg/detail/feedback_state__traits.hpp
[2.411s] -- Installing: /home/gy/Omron_TM_ROS2/install/tm_msgs/include/tm_msgs/msg/detail/sta_response__struct.hpp
[2.411s] -- Installing: /home/gy/Omron_TM_ROS2/install/tm_msgs/include/tm_msgs/msg/detail/svr_response__struct.hpp
[2.411s] -- Installing: /home/gy/Omron_TM_ROS2/install/tm_msgs/include/tm_msgs/msg/detail/svr_response__builder.hpp
[2.412s] -- Installing: /home/gy/Omron_TM_ROS2/install/tm_msgs/include/tm_msgs/msg/detail/sta_response__traits.hpp
[2.412s] -- Installing: /home/gy/Omron_TM_ROS2/install/tm_msgs/include/tm_msgs/msg/svr_response.hpp
[2.412s] -- Installing: /home/gy/Omron_TM_ROS2/install/tm_msgs/include/tm_msgs/msg/sta_response.hpp
[2.412s] -- Installing: /home/gy/Omron_TM_ROS2/install/tm_msgs/include/tm_msgs/msg/sct_response.hpp
[2.412s] -- Installing: /home/gy/Omron_TM_ROS2/install/tm_msgs/include/tm_msgs/msg/feedback_state.hpp
[2.412s] -- Up-to-date: /home/gy/Omron_TM_ROS2/install/tm_msgs/include/tm_msgs
[2.414s] -- Up-to-date: /home/gy/Omron_TM_ROS2/install/tm_msgs/include/tm_msgs/srv
[2.414s] -- Up-to-date: /home/gy/Omron_TM_ROS2/install/tm_msgs/include/tm_msgs/srv/detail
[2.414s] -- Installing: /home/gy/Omron_TM_ROS2/install/tm_msgs/include/tm_msgs/srv/detail/send_script__type_support.cpp
[2.414s] -- Installing: /home/gy/Omron_TM_ROS2/install/tm_msgs/include/tm_msgs/srv/detail/set_positions__type_support.cpp
[2.423s] -- Installing: /home/gy/Omron_TM_ROS2/install/tm_msgs/include/tm_msgs/srv/detail/connect_tm__rosidl_typesupport_introspection_cpp.hpp
[2.423s] -- Installing: /home/gy/Omron_TM_ROS2/install/tm_msgs/include/tm_msgs/srv/detail/set_event__rosidl_typesupport_introspection_cpp.hpp
[2.423s] -- Installing: /home/gy/Omron_TM_ROS2/install/tm_msgs/include/tm_msgs/srv/detail/write_item__type_support.cpp
[2.423s] -- Installing: /home/gy/Omron_TM_ROS2/install/tm_msgs/include/tm_msgs/srv/detail/send_script__rosidl_typesupport_introspection_cpp.hpp
[2.423s] -- Installing: /home/gy/Omron_TM_ROS2/install/tm_msgs/include/tm_msgs/srv/detail/ask_item__type_support.cpp
[2.424s] -- Installing: /home/gy/Omron_TM_ROS2/install/tm_msgs/include/tm_msgs/srv/detail/set_io__type_support.cpp
[2.424s] -- Installing: /home/gy/Omron_TM_ROS2/install/tm_msgs/include/tm_msgs/srv/detail/write_item__rosidl_typesupport_introspection_cpp.hpp
[2.424s] -- Installing: /home/gy/Omron_TM_ROS2/install/tm_msgs/include/tm_msgs/srv/detail/set_positions__rosidl_typesupport_introspection_cpp.hpp
[2.424s] -- Installing: /home/gy/Omron_TM_ROS2/install/tm_msgs/include/tm_msgs/srv/detail/set_event__type_support.cpp
[2.424s] -- Installing: /home/gy/Omron_TM_ROS2/install/tm_msgs/include/tm_msgs/srv/detail/ask_sta__rosidl_typesupport_introspection_cpp.hpp
[2.424s] -- Installing: /home/gy/Omron_TM_ROS2/install/tm_msgs/include/tm_msgs/srv/detail/ask_item__rosidl_typesupport_introspection_cpp.hpp
[2.425s] -- Installing: /home/gy/Omron_TM_ROS2/install/tm_msgs/include/tm_msgs/srv/detail/ask_sta__type_support.cpp
[2.425s] -- Installing: /home/gy/Omron_TM_ROS2/install/tm_msgs/include/tm_msgs/srv/detail/set_io__rosidl_typesupport_introspection_cpp.hpp
[2.425s] -- Installing: /home/gy/Omron_TM_ROS2/install/tm_msgs/include/tm_msgs/srv/detail/connect_tm__type_support.cpp
[2.425s] -- Up-to-date: /home/gy/Omron_TM_ROS2/install/tm_msgs/include/tm_msgs/msg
[2.425s] -- Up-to-date: /home/gy/Omron_TM_ROS2/install/tm_msgs/include/tm_msgs/msg/detail
[2.426s] -- Installing: /home/gy/Omron_TM_ROS2/install/tm_msgs/include/tm_msgs/msg/detail/feedback_state__rosidl_typesupport_introspection_cpp.hpp
[2.426s] -- Installing: /home/gy/Omron_TM_ROS2/install/tm_msgs/include/tm_msgs/msg/detail/sct_response__type_support.cpp
[2.427s] -- Installing: /home/gy/Omron_TM_ROS2/install/tm_msgs/include/tm_msgs/msg/detail/feedback_state__type_support.cpp
[2.427s] -- Installing: /home/gy/Omron_TM_ROS2/install/tm_msgs/include/tm_msgs/msg/detail/sta_response__rosidl_typesupport_introspection_cpp.hpp
[2.427s] -- Installing: /home/gy/Omron_TM_ROS2/install/tm_msgs/include/tm_msgs/msg/detail/sct_response__rosidl_typesupport_introspection_cpp.hpp
[2.427s] -- Installing: /home/gy/Omron_TM_ROS2/install/tm_msgs/include/tm_msgs/msg/detail/svr_response__type_support.cpp
[2.427s] -- Installing: /home/gy/Omron_TM_ROS2/install/tm_msgs/include/tm_msgs/msg/detail/svr_response__rosidl_typesupport_introspection_cpp.hpp
[2.427s] -- Installing: /home/gy/Omron_TM_ROS2/install/tm_msgs/include/tm_msgs/msg/detail/sta_response__type_support.cpp
[2.427s] -- Installing: /home/gy/Omron_TM_ROS2/install/tm_msgs/lib/libtm_msgs__rosidl_typesupport_introspection_cpp.so
[2.428s] -- Set runtime path of "/home/gy/Omron_TM_ROS2/install/tm_msgs/lib/libtm_msgs__rosidl_typesupport_introspection_cpp.so" to ""
[2.428s] -- Installing: /home/gy/Omron_TM_ROS2/install/tm_msgs/lib/libtm_msgs__rosidl_typesupport_cpp.so
[2.428s] -- Set runtime path of "/home/gy/Omron_TM_ROS2/install/tm_msgs/lib/libtm_msgs__rosidl_typesupport_cpp.so" to ""
[2.428s] -- Installing: /home/gy/Omron_TM_ROS2/install/tm_msgs/share/tm_msgs/environment/pythonpath.sh
[2.428s] -- Installing: /home/gy/Omron_TM_ROS2/install/tm_msgs/share/tm_msgs/environment/pythonpath.dsv
[2.428s] -- Installing: /home/gy/Omron_TM_ROS2/install/tm_msgs/lib/python3.8/site-packages/tm_msgs/__init__.py
[2.517s] Compiling '/home/gy/Omron_TM_ROS2/install/tm_msgs/lib/python3.8/site-packages/tm_msgs/__init__.py'...
[2.544s] -- Installing: /home/gy/Omron_TM_ROS2/install/tm_msgs/lib/python3.8/site-packages/tm_msgs/msg
[2.551s] -- Installing: /home/gy/Omron_TM_ROS2/install/tm_msgs/lib/python3.8/site-packages/tm_msgs/msg/_sct_response_s.c
[2.553s] -- Installing: /home/gy/Omron_TM_ROS2/install/tm_msgs/lib/python3.8/site-packages/tm_msgs/msg/_sct_response.py
[2.553s] -- Installing: /home/gy/Omron_TM_ROS2/install/tm_msgs/lib/python3.8/site-packages/tm_msgs/msg/_svr_response_s.c
[2.553s] -- Installing: /home/gy/Omron_TM_ROS2/install/tm_msgs/lib/python3.8/site-packages/tm_msgs/msg/_feedback_state.py
[2.554s] -- Installing: /home/gy/Omron_TM_ROS2/install/tm_msgs/lib/python3.8/site-packages/tm_msgs/msg/_feedback_state_s.c
[2.554s] -- Installing: /home/gy/Omron_TM_ROS2/install/tm_msgs/lib/python3.8/site-packages/tm_msgs/msg/__init__.py
[2.554s] -- Installing: /home/gy/Omron_TM_ROS2/install/tm_msgs/lib/python3.8/site-packages/tm_msgs/msg/_sta_response.py
[2.554s] -- Installing: /home/gy/Omron_TM_ROS2/install/tm_msgs/lib/python3.8/site-packages/tm_msgs/msg/_svr_response.py
[2.554s] -- Installing: /home/gy/Omron_TM_ROS2/install/tm_msgs/lib/python3.8/site-packages/tm_msgs/msg/_sta_response_s.c
[2.554s] -- Installing: /home/gy/Omron_TM_ROS2/install/tm_msgs/lib/python3.8/site-packages/tm_msgs/srv
[2.554s] -- Installing: /home/gy/Omron_TM_ROS2/install/tm_msgs/lib/python3.8/site-packages/tm_msgs/srv/_write_item_s.c
[2.554s] -- Installing: /home/gy/Omron_TM_ROS2/install/tm_msgs/lib/python3.8/site-packages/tm_msgs/srv/_set_event.py
[2.555s] -- Installing: /home/gy/Omron_TM_ROS2/install/tm_msgs/lib/python3.8/site-packages/tm_msgs/srv/_write_item.py
[2.555s] -- Installing: /home/gy/Omron_TM_ROS2/install/tm_msgs/lib/python3.8/site-packages/tm_msgs/srv/_connect_tm.py
[2.555s] -- Installing: /home/gy/Omron_TM_ROS2/install/tm_msgs/lib/python3.8/site-packages/tm_msgs/srv/_send_script_s.c
[2.555s] -- Installing: /home/gy/Omron_TM_ROS2/install/tm_msgs/lib/python3.8/site-packages/tm_msgs/srv/_set_event_s.c
[2.555s] -- Installing: /home/gy/Omron_TM_ROS2/install/tm_msgs/lib/python3.8/site-packages/tm_msgs/srv/_set_positions.py
[2.556s] -- Installing: /home/gy/Omron_TM_ROS2/install/tm_msgs/lib/python3.8/site-packages/tm_msgs/srv/__init__.py
[2.556s] -- Installing: /home/gy/Omron_TM_ROS2/install/tm_msgs/lib/python3.8/site-packages/tm_msgs/srv/_ask_item_s.c
[2.556s] -- Installing: /home/gy/Omron_TM_ROS2/install/tm_msgs/lib/python3.8/site-packages/tm_msgs/srv/_set_io.py
[2.556s] -- Installing: /home/gy/Omron_TM_ROS2/install/tm_msgs/lib/python3.8/site-packages/tm_msgs/srv/_connect_tm_s.c
[2.556s] -- Installing: /home/gy/Omron_TM_ROS2/install/tm_msgs/lib/python3.8/site-packages/tm_msgs/srv/_send_script.py
[2.556s] -- Installing: /home/gy/Omron_TM_ROS2/install/tm_msgs/lib/python3.8/site-packages/tm_msgs/srv/_set_positions_s.c
[2.557s] -- Installing: /home/gy/Omron_TM_ROS2/install/tm_msgs/lib/python3.8/site-packages/tm_msgs/srv/_set_io_s.c
[2.557s] -- Installing: /home/gy/Omron_TM_ROS2/install/tm_msgs/lib/python3.8/site-packages/tm_msgs/srv/_ask_sta.py
[2.557s] -- Installing: /home/gy/Omron_TM_ROS2/install/tm_msgs/lib/python3.8/site-packages/tm_msgs/srv/_ask_sta_s.c
[2.557s] -- Installing: /home/gy/Omron_TM_ROS2/install/tm_msgs/lib/python3.8/site-packages/tm_msgs/srv/_ask_item.py
[2.558s] -- Installing: /home/gy/Omron_TM_ROS2/install/tm_msgs/lib/python3.8/site-packages/tm_msgs/tm_msgs_s__rosidl_typesupport_fastrtps_c.cpython-38-x86_64-linux-gnu.so
[2.558s] -- Set runtime path of "/home/gy/Omron_TM_ROS2/install/tm_msgs/lib/python3.8/site-packages/tm_msgs/tm_msgs_s__rosidl_typesupport_fastrtps_c.cpython-38-x86_64-linux-gnu.so" to ""
[2.559s] -- Installing: /home/gy/Omron_TM_ROS2/install/tm_msgs/lib/python3.8/site-packages/tm_msgs/tm_msgs_s__rosidl_typesupport_introspection_c.cpython-38-x86_64-linux-gnu.so
[2.559s] -- Set runtime path of "/home/gy/Omron_TM_ROS2/install/tm_msgs/lib/python3.8/site-packages/tm_msgs/tm_msgs_s__rosidl_typesupport_introspection_c.cpython-38-x86_64-linux-gnu.so" to ""
[2.559s] -- Installing: /home/gy/Omron_TM_ROS2/install/tm_msgs/lib/python3.8/site-packages/tm_msgs/tm_msgs_s__rosidl_typesupport_c.cpython-38-x86_64-linux-gnu.so
[2.559s] -- Set runtime path of "/home/gy/Omron_TM_ROS2/install/tm_msgs/lib/python3.8/site-packages/tm_msgs/tm_msgs_s__rosidl_typesupport_c.cpython-38-x86_64-linux-gnu.so" to ""
[2.559s] -- Installing: /home/gy/Omron_TM_ROS2/install/tm_msgs/lib/libtm_msgs__python.so
[2.560s] -- Set runtime path of "/home/gy/Omron_TM_ROS2/install/tm_msgs/lib/libtm_msgs__python.so" to ""
[2.560s] -- Installing: /home/gy/Omron_TM_ROS2/install/tm_msgs/share/tm_msgs/msg/FeedbackState.idl
[2.560s] -- Installing: /home/gy/Omron_TM_ROS2/install/tm_msgs/share/tm_msgs/msg/SvrResponse.idl
[2.560s] -- Installing: /home/gy/Omron_TM_ROS2/install/tm_msgs/share/tm_msgs/msg/SctResponse.idl
[2.560s] -- Installing: /home/gy/Omron_TM_ROS2/install/tm_msgs/share/tm_msgs/msg/StaResponse.idl
[2.560s] -- Installing: /home/gy/Omron_TM_ROS2/install/tm_msgs/share/tm_msgs/srv/ConnectTM.idl
[2.561s] -- Installing: /home/gy/Omron_TM_ROS2/install/tm_msgs/share/tm_msgs/srv/WriteItem.idl
[2.561s] -- Installing: /home/gy/Omron_TM_ROS2/install/tm_msgs/share/tm_msgs/srv/AskItem.idl
[2.565s] -- Installing: /home/gy/Omron_TM_ROS2/install/tm_msgs/share/tm_msgs/srv/SendScript.idl
[2.565s] -- Installing: /home/gy/Omron_TM_ROS2/install/tm_msgs/share/tm_msgs/srv/SetEvent.idl
[2.566s] -- Installing: /home/gy/Omron_TM_ROS2/install/tm_msgs/share/tm_msgs/srv/SetIO.idl
[2.566s] -- Installing: /home/gy/Omron_TM_ROS2/install/tm_msgs/share/tm_msgs/srv/SetPositions.idl
[2.566s] -- Installing: /home/gy/Omron_TM_ROS2/install/tm_msgs/share/tm_msgs/srv/AskSta.idl
[2.566s] -- Installing: /home/gy/Omron_TM_ROS2/install/tm_msgs/share/tm_msgs/msg/FeedbackState.msg
[2.567s] -- Installing: /home/gy/Omron_TM_ROS2/install/tm_msgs/share/tm_msgs/msg/SvrResponse.msg
[2.567s] -- Installing: /home/gy/Omron_TM_ROS2/install/tm_msgs/share/tm_msgs/msg/SctResponse.msg
[2.567s] -- Installing: /home/gy/Omron_TM_ROS2/install/tm_msgs/share/tm_msgs/msg/StaResponse.msg
[2.567s] -- Installing: /home/gy/Omron_TM_ROS2/install/tm_msgs/share/tm_msgs/srv/ConnectTM.srv
[2.567s] -- Installing: /home/gy/Omron_TM_ROS2/install/tm_msgs/share/tm_msgs/srv/ConnectTM_Request.msg
[2.567s] -- Installing: /home/gy/Omron_TM_ROS2/install/tm_msgs/share/tm_msgs/srv/ConnectTM_Response.msg
[2.567s] -- Installing: /home/gy/Omron_TM_ROS2/install/tm_msgs/share/tm_msgs/srv/WriteItem.srv
[2.568s] -- Installing: /home/gy/Omron_TM_ROS2/install/tm_msgs/share/tm_msgs/srv/WriteItem_Request.msg
[2.571s] -- Installing: /home/gy/Omron_TM_ROS2/install/tm_msgs/share/tm_msgs/srv/WriteItem_Response.msg
[2.571s] -- Installing: /home/gy/Omron_TM_ROS2/install/tm_msgs/share/tm_msgs/srv/AskItem.srv
[2.571s] -- Installing: /home/gy/Omron_TM_ROS2/install/tm_msgs/share/tm_msgs/srv/AskItem_Request.msg
[2.571s] -- Installing: /home/gy/Omron_TM_ROS2/install/tm_msgs/share/tm_msgs/srv/AskItem_Response.msg
[2.571s] -- Installing: /home/gy/Omron_TM_ROS2/install/tm_msgs/share/tm_msgs/srv/SendScript.srv
[2.571s] -- Installing: /home/gy/Omron_TM_ROS2/install/tm_msgs/share/tm_msgs/srv/SendScript_Request.msg
[2.572s] -- Installing: /home/gy/Omron_TM_ROS2/install/tm_msgs/share/tm_msgs/srv/SendScript_Response.msg
[2.572s] -- Installing: /home/gy/Omron_TM_ROS2/install/tm_msgs/share/tm_msgs/srv/SetEvent.srv
[2.572s] -- Installing: /home/gy/Omron_TM_ROS2/install/tm_msgs/share/tm_msgs/srv/SetEvent_Request.msg
[2.572s] -- Installing: /home/gy/Omron_TM_ROS2/install/tm_msgs/share/tm_msgs/srv/SetEvent_Response.msg
[2.572s] -- Installing: /home/gy/Omron_TM_ROS2/install/tm_msgs/share/tm_msgs/srv/SetIO.srv
[2.573s] -- Installing: /home/gy/Omron_TM_ROS2/install/tm_msgs/share/tm_msgs/srv/SetIO_Request.msg
[2.573s] -- Installing: /home/gy/Omron_TM_ROS2/install/tm_msgs/share/tm_msgs/srv/SetIO_Response.msg
[2.573s] -- Installing: /home/gy/Omron_TM_ROS2/install/tm_msgs/share/tm_msgs/srv/SetPositions.srv
[2.573s] -- Installing: /home/gy/Omron_TM_ROS2/install/tm_msgs/share/tm_msgs/srv/SetPositions_Request.msg
[2.573s] -- Installing: /home/gy/Omron_TM_ROS2/install/tm_msgs/share/tm_msgs/srv/SetPositions_Response.msg
[2.581s] -- Installing: /home/gy/Omron_TM_ROS2/install/tm_msgs/share/tm_msgs/srv/AskSta.srv
[2.581s] -- Installing: /home/gy/Omron_TM_ROS2/install/tm_msgs/share/tm_msgs/srv/AskSta_Request.msg
[2.582s] -- Installing: /home/gy/Omron_TM_ROS2/install/tm_msgs/share/tm_msgs/srv/AskSta_Response.msg
[2.582s] -- Installing: /home/gy/Omron_TM_ROS2/install/tm_msgs/share/ament_index/resource_index/package_run_dependencies/tm_msgs
[2.582s] -- Installing: /home/gy/Omron_TM_ROS2/install/tm_msgs/share/ament_index/resource_index/parent_prefix_path/tm_msgs
[2.582s] -- Installing: /home/gy/Omron_TM_ROS2/install/tm_msgs/share/tm_msgs/environment/ament_prefix_path.sh
[2.582s] -- Installing: /home/gy/Omron_TM_ROS2/install/tm_msgs/share/tm_msgs/environment/ament_prefix_path.dsv
[2.583s] -- Installing: /home/gy/Omron_TM_ROS2/install/tm_msgs/share/tm_msgs/environment/path.sh
[2.583s] -- Installing: /home/gy/Omron_TM_ROS2/install/tm_msgs/share/tm_msgs/environment/path.dsv
[2.583s] -- Installing: /home/gy/Omron_TM_ROS2/install/tm_msgs/share/tm_msgs/local_setup.bash
[2.583s] -- Installing: /home/gy/Omron_TM_ROS2/install/tm_msgs/share/tm_msgs/local_setup.sh
[2.583s] -- Installing: /home/gy/Omron_TM_ROS2/install/tm_msgs/share/tm_msgs/local_setup.zsh
[2.583s] -- Installing: /home/gy/Omron_TM_ROS2/install/tm_msgs/share/tm_msgs/local_setup.dsv
[2.584s] -- Installing: /home/gy/Omron_TM_ROS2/install/tm_msgs/share/tm_msgs/package.dsv
[2.584s] -- Installing: /home/gy/Omron_TM_ROS2/install/tm_msgs/share/ament_index/resource_index/packages/tm_msgs
[2.584s] -- Installing: /home/gy/Omron_TM_ROS2/install/tm_msgs/share/tm_msgs/cmake/tm_msgs__rosidl_generator_cExport.cmake
[2.584s] -- Installing: /home/gy/Omron_TM_ROS2/install/tm_msgs/share/tm_msgs/cmake/tm_msgs__rosidl_generator_cExport-noconfig.cmake
[2.584s] -- Installing: /home/gy/Omron_TM_ROS2/install/tm_msgs/share/tm_msgs/cmake/tm_msgs__rosidl_typesupport_introspection_cExport.cmake
[2.584s] -- Installing: /home/gy/Omron_TM_ROS2/install/tm_msgs/share/tm_msgs/cmake/tm_msgs__rosidl_typesupport_introspection_cExport-noconfig.cmake
[2.584s] -- Installing: /home/gy/Omron_TM_ROS2/install/tm_msgs/share/tm_msgs/cmake/tm_msgs__rosidl_typesupport_cExport.cmake
[2.584s] -- Installing: /home/gy/Omron_TM_ROS2/install/tm_msgs/share/tm_msgs/cmake/tm_msgs__rosidl_typesupport_cExport-noconfig.cmake
[2.585s] -- Installing: /home/gy/Omron_TM_ROS2/install/tm_msgs/share/tm_msgs/cmake/tm_msgs__rosidl_generator_cppExport.cmake
[2.585s] -- Installing: /home/gy/Omron_TM_ROS2/install/tm_msgs/share/tm_msgs/cmake/tm_msgs__rosidl_typesupport_introspection_cppExport.cmake
[2.585s] -- Installing: /home/gy/Omron_TM_ROS2/install/tm_msgs/share/tm_msgs/cmake/tm_msgs__rosidl_typesupport_introspection_cppExport-noconfig.cmake
[2.585s] -- Installing: /home/gy/Omron_TM_ROS2/install/tm_msgs/share/tm_msgs/cmake/tm_msgs__rosidl_typesupport_cppExport.cmake
[2.585s] -- Installing: /home/gy/Omron_TM_ROS2/install/tm_msgs/share/tm_msgs/cmake/tm_msgs__rosidl_typesupport_cppExport-noconfig.cmake
[2.585s] -- Installing: /home/gy/Omron_TM_ROS2/install/tm_msgs/share/tm_msgs/cmake/rosidl_cmake-extras.cmake
[2.585s] -- Installing: /home/gy/Omron_TM_ROS2/install/tm_msgs/share/tm_msgs/cmake/ament_cmake_export_dependencies-extras.cmake
[2.595s] -- Installing: /home/gy/Omron_TM_ROS2/install/tm_msgs/share/tm_msgs/cmake/ament_cmake_export_libraries-extras.cmake
[2.596s] -- Installing: /home/gy/Omron_TM_ROS2/install/tm_msgs/share/tm_msgs/cmake/ament_cmake_export_targets-extras.cmake
[2.596s] -- Installing: /home/gy/Omron_TM_ROS2/install/tm_msgs/share/tm_msgs/cmake/ament_cmake_export_include_directories-extras.cmake
[2.596s] -- Installing: /home/gy/Omron_TM_ROS2/install/tm_msgs/share/tm_msgs/cmake/rosidl_cmake_export_typesupport_libraries-extras.cmake
[2.596s] -- Installing: /home/gy/Omron_TM_ROS2/install/tm_msgs/share/tm_msgs/cmake/rosidl_cmake_export_typesupport_targets-extras.cmake
[2.596s] -- Installing: /home/gy/Omron_TM_ROS2/install/tm_msgs/share/tm_msgs/cmake/tm_msgsConfig.cmake
[2.596s] -- Installing: /home/gy/Omron_TM_ROS2/install/tm_msgs/share/tm_msgs/cmake/tm_msgsConfig-version.cmake
[2.596s] -- Installing: /home/gy/Omron_TM_ROS2/install/tm_msgs/share/tm_msgs/package.xml
[3.246s] Invoked command in '/home/gy/Omron_TM_ROS2/build/tm_msgs' returned '0': CMAKE_PREFIX_PATH=/home/gy/Omron_TM_ROS2/install/tmr_mod_urdf:/home/gy/Omron_TM_ROS2/install/tm_get_status:/home/gy/Omron_TM_ROS2/install/rviz_tm:/home/gy/Omron_TM_ROS2/install/pickplace:/opt/ros/foxy:${CMAKE_PREFIX_PATH} /usr/bin/cmake --install /home/gy/Omron_TM_ROS2/build/tm_msgs
