[0.034s] Invoking command in '/home/gy/Omron_TM_ROS2/build/tmr_moveit_config_tm5-900': CMAKE_PREFIX_PATH=/home/gy/Omron_TM_ROS2/install/tmr_description:/home/gy/Omron_TM_ROS2/install/ui_for_debug_and_demo:/home/gy/Omron_TM_ROS2/install/tmr_driver:/home/gy/Omron_TM_ROS2/install/tmrlib:/home/gy/Omron_TM_ROS2/install/tmr_msgs:/home/gy/Omron_TM_ROS2/install/tmr_moveit_cpp_demo:/home/gy/Omron_TM_ROS2/install/tmr_moveit_config_tm5-900:/home/gy/Omron_TM_ROS2/install/tm_driver:/home/gy/Omron_TM_ROS2/install/demo:/home/gy/Omron_TM_ROS2/install/tm_msgs:/home/gy/Omron_TM_ROS2/install/tm_models:/home/gy/Omron_TM_ROS2/install/custom_package:/home/gy/Omron_TM_ROS2/install/techman_robot_msgs:/home/gy/Omron_TM_ROS2/install/tmr_mod_urdf:/home/gy/Omron_TM_ROS2/install/tm_get_status:/home/gy/Omron_TM_ROS2/install/rviz_tm:/home/gy/Omron_TM_ROS2/install/pickplace:/opt/ros/foxy /usr/bin/cmake --build /home/gy/Omron_TM_ROS2/build/tmr_moveit_config_tm5-900 -- -j3 -l3
[0.194s] Invoked command in '/home/gy/Omron_TM_ROS2/build/tmr_moveit_config_tm5-900' returned '0': CMAKE_PREFIX_PATH=/home/gy/Omron_TM_ROS2/install/tmr_description:/home/gy/Omron_TM_ROS2/install/ui_for_debug_and_demo:/home/gy/Omron_TM_ROS2/install/tmr_driver:/home/gy/Omron_TM_ROS2/install/tmrlib:/home/gy/Omron_TM_ROS2/install/tmr_msgs:/home/gy/Omron_TM_ROS2/install/tmr_moveit_cpp_demo:/home/gy/Omron_TM_ROS2/install/tmr_moveit_config_tm5-900:/home/gy/Omron_TM_ROS2/install/tm_driver:/home/gy/Omron_TM_ROS2/install/demo:/home/gy/Omron_TM_ROS2/install/tm_msgs:/home/gy/Omron_TM_ROS2/install/tm_models:/home/gy/Omron_TM_ROS2/install/custom_package:/home/gy/Omron_TM_ROS2/install/techman_robot_msgs:/home/gy/Omron_TM_ROS2/install/tmr_mod_urdf:/home/gy/Omron_TM_ROS2/install/tm_get_status:/home/gy/Omron_TM_ROS2/install/rviz_tm:/home/gy/Omron_TM_ROS2/install/pickplace:/opt/ros/foxy /usr/bin/cmake --build /home/gy/Omron_TM_ROS2/build/tmr_moveit_config_tm5-900 -- -j3 -l3
[0.249s] Invoking command in '/home/gy/Omron_TM_ROS2/build/tmr_moveit_config_tm5-900': CMAKE_PREFIX_PATH=/home/gy/Omron_TM_ROS2/install/tmr_description:/home/gy/Omron_TM_ROS2/install/ui_for_debug_and_demo:/home/gy/Omron_TM_ROS2/install/tmr_driver:/home/gy/Omron_TM_ROS2/install/tmrlib:/home/gy/Omron_TM_ROS2/install/tmr_msgs:/home/gy/Omron_TM_ROS2/install/tmr_moveit_cpp_demo:/home/gy/Omron_TM_ROS2/install/tmr_moveit_config_tm5-900:/home/gy/Omron_TM_ROS2/install/tm_driver:/home/gy/Omron_TM_ROS2/install/demo:/home/gy/Omron_TM_ROS2/install/tm_msgs:/home/gy/Omron_TM_ROS2/install/tm_models:/home/gy/Omron_TM_ROS2/install/custom_package:/home/gy/Omron_TM_ROS2/install/techman_robot_msgs:/home/gy/Omron_TM_ROS2/install/tmr_mod_urdf:/home/gy/Omron_TM_ROS2/install/tm_get_status:/home/gy/Omron_TM_ROS2/install/rviz_tm:/home/gy/Omron_TM_ROS2/install/pickplace:/opt/ros/foxy /usr/bin/cmake --install /home/gy/Omron_TM_ROS2/build/tmr_moveit_config_tm5-900
[0.292s] -- Install configuration: ""
[0.293s] -- Execute custom install script
[0.301s] -- Up-to-date symlink: /home/gy/Omron_TM_ROS2/install/tmr_moveit_config_tm5-900/share/ament_index/resource_index/package_run_dependencies/tmr_moveit_config_tm5-900
[0.302s] -- Up-to-date symlink: /home/gy/Omron_TM_ROS2/install/tmr_moveit_config_tm5-900/share/ament_index/resource_index/parent_prefix_path/tmr_moveit_config_tm5-900
[0.302s] -- Up-to-date symlink: /home/gy/Omron_TM_ROS2/install/tmr_moveit_config_tm5-900/share/tmr_moveit_config_tm5-900/environment/ament_prefix_path.sh
[0.303s] -- Up-to-date symlink: /home/gy/Omron_TM_ROS2/install/tmr_moveit_config_tm5-900/share/tmr_moveit_config_tm5-900/environment/ament_prefix_path.dsv
[0.303s] -- Up-to-date symlink: /home/gy/Omron_TM_ROS2/install/tmr_moveit_config_tm5-900/share/tmr_moveit_config_tm5-900/environment/path.sh
[0.304s] -- Up-to-date symlink: /home/gy/Omron_TM_ROS2/install/tmr_moveit_config_tm5-900/share/tmr_moveit_config_tm5-900/environment/path.dsv
[0.304s] -- Up-to-date symlink: /home/gy/Omron_TM_ROS2/install/tmr_moveit_config_tm5-900/share/tmr_moveit_config_tm5-900/local_setup.bash
[0.305s] -- Up-to-date symlink: /home/gy/Omron_TM_ROS2/install/tmr_moveit_config_tm5-900/share/tmr_moveit_config_tm5-900/local_setup.sh
[0.310s] -- Up-to-date symlink: /home/gy/Omron_TM_ROS2/install/tmr_moveit_config_tm5-900/share/tmr_moveit_config_tm5-900/local_setup.zsh
[0.311s] -- Up-to-date symlink: /home/gy/Omron_TM_ROS2/install/tmr_moveit_config_tm5-900/share/tmr_moveit_config_tm5-900/local_setup.dsv
[0.311s] -- Symlinking: /home/gy/Omron_TM_ROS2/install/tmr_moveit_config_tm5-900/share/tmr_moveit_config_tm5-900/package.dsv
[0.326s] -- Up-to-date symlink: /home/gy/Omron_TM_ROS2/install/tmr_moveit_config_tm5-900/share/ament_index/resource_index/packages/tmr_moveit_config_tm5-900
[0.327s] -- Up-to-date symlink: /home/gy/Omron_TM_ROS2/install/tmr_moveit_config_tm5-900/share/tmr_moveit_config_tm5-900/cmake/tmr_moveit_config_tm5-900Config.cmake
[0.327s] -- Up-to-date symlink: /home/gy/Omron_TM_ROS2/install/tmr_moveit_config_tm5-900/share/tmr_moveit_config_tm5-900/cmake/tmr_moveit_config_tm5-900Config-version.cmake
[0.328s] -- Up-to-date symlink: /home/gy/Omron_TM_ROS2/install/tmr_moveit_config_tm5-900/share/tmr_moveit_config_tm5-900/package.xml
[0.329s] -- Up-to-date symlink: /home/gy/Omron_TM_ROS2/install/tmr_moveit_config_tm5-900/share/tmr_moveit_config_tm5-900/config/chomp_planning.yaml
[0.330s] -- Up-to-date symlink: /home/gy/Omron_TM_ROS2/install/tmr_moveit_config_tm5-900/share/tmr_moveit_config_tm5-900/config/fake_controllers.yaml
[0.330s] -- Up-to-date symlink: /home/gy/Omron_TM_ROS2/install/tmr_moveit_config_tm5-900/share/tmr_moveit_config_tm5-900/config/joint_limits.yaml
[0.331s] -- Up-to-date symlink: /home/gy/Omron_TM_ROS2/install/tmr_moveit_config_tm5-900/share/tmr_moveit_config_tm5-900/config/kinematics.yaml
[0.331s] -- Up-to-date symlink: /home/gy/Omron_TM_ROS2/install/tmr_moveit_config_tm5-900/share/tmr_moveit_config_tm5-900/config/ompl_planning.yaml
[0.332s] -- Up-to-date symlink: /home/gy/Omron_TM_ROS2/install/tmr_moveit_config_tm5-900/share/tmr_moveit_config_tm5-900/config/ros_controllers.yaml
[0.332s] -- Up-to-date symlink: /home/gy/Omron_TM_ROS2/install/tmr_moveit_config_tm5-900/share/tmr_moveit_config_tm5-900/config/sensors_3d.yaml
[0.333s] -- Up-to-date symlink: /home/gy/Omron_TM_ROS2/install/tmr_moveit_config_tm5-900/share/tmr_moveit_config_tm5-900/config/stomp_planning.yaml
[0.333s] -- Up-to-date symlink: /home/gy/Omron_TM_ROS2/install/tmr_moveit_config_tm5-900/share/tmr_moveit_config_tm5-900/config/tm5-900.srdf
[0.342s] Invoked command in '/home/gy/Omron_TM_ROS2/build/tmr_moveit_config_tm5-900' returned '0': CMAKE_PREFIX_PATH=/home/gy/Omron_TM_ROS2/install/tmr_description:/home/gy/Omron_TM_ROS2/install/ui_for_debug_and_demo:/home/gy/Omron_TM_ROS2/install/tmr_driver:/home/gy/Omron_TM_ROS2/install/tmrlib:/home/gy/Omron_TM_ROS2/install/tmr_msgs:/home/gy/Omron_TM_ROS2/install/tmr_moveit_cpp_demo:/home/gy/Omron_TM_ROS2/install/tmr_moveit_config_tm5-900:/home/gy/Omron_TM_ROS2/install/tm_driver:/home/gy/Omron_TM_ROS2/install/demo:/home/gy/Omron_TM_ROS2/install/tm_msgs:/home/gy/Omron_TM_ROS2/install/tm_models:/home/gy/Omron_TM_ROS2/install/custom_package:/home/gy/Omron_TM_ROS2/install/techman_robot_msgs:/home/gy/Omron_TM_ROS2/install/tmr_mod_urdf:/home/gy/Omron_TM_ROS2/install/tm_get_status:/home/gy/Omron_TM_ROS2/install/rviz_tm:/home/gy/Omron_TM_ROS2/install/pickplace:/opt/ros/foxy /usr/bin/cmake --install /home/gy/Omron_TM_ROS2/build/tmr_moveit_config_tm5-900
