[0.536s] Invoking command in '/home/gy/Omron_TM_ROS2/build/pickplace': PYTHONPATH=/home/gy/Omron_TM_ROS2/install/pickplace/lib/python3.8/site-packages:${PYTHONPATH} /usr/bin/python3 setup.py develop --prefix /home/gy/Omron_TM_ROS2/install/pickplace --editable --build-directory /home/gy/Omron_TM_ROS2/build/pickplace/build --no-deps install_data --install-dir /home/gy/Omron_TM_ROS2/install/pickplace
[1.003s] running develop
[1.241s] running egg_info
[1.241s] writing pickplace.egg-info/PKG-INFO
[1.242s] writing dependency_links to pickplace.egg-info/dependency_links.txt
[1.243s] writing entry points to pickplace.egg-info/entry_points.txt
[1.243s] writing requirements to pickplace.egg-info/requires.txt
[1.244s] writing top-level names to pickplace.egg-info/top_level.txt
[1.310s] reading manifest file 'pickplace.egg-info/SOURCES.txt'
[1.312s] writing manifest file 'pickplace.egg-info/SOURCES.txt'
[1.400s] running build_ext
[1.401s] Creating /home/gy/Omron_TM_ROS2/install/pickplace/lib/python3.8/site-packages/pickplace.egg-link (link to .)
[1.403s] Installing pickplace script to /home/gy/Omron_TM_ROS2/install/pickplace/lib/pickplace
[1.404s] Installing teach_setup script to /home/gy/Omron_TM_ROS2/install/pickplace/lib/pickplace
[1.405s] Installing test script to /home/gy/Omron_TM_ROS2/install/pickplace/lib/pickplace
[1.405s] 
[1.406s] Installed /home/gy/Omron_TM_ROS2/build/pickplace
[1.406s] running install_data
[1.407s] copying pp_library/Transform.py -> /home/gy/Omron_TM_ROS2/install/pickplace/share/pickplace/pp_library
[1.450s] Invoked command in '/home/gy/Omron_TM_ROS2/build/pickplace' returned '0': PYTHONPATH=/home/gy/Omron_TM_ROS2/install/pickplace/lib/python3.8/site-packages:${PYTHONPATH} /usr/bin/python3 setup.py develop --prefix /home/gy/Omron_TM_ROS2/install/pickplace --editable --build-directory /home/gy/Omron_TM_ROS2/build/pickplace/build --no-deps install_data --install-dir /home/gy/Omron_TM_ROS2/install/pickplace
