[0.943s] Invoking command in '/home/omron/Omron_TM_ROS2/pickplace': PYTHONPATH=/home/omron/Omron_TM_ROS2/install/pickplace/lib/python3.8/site-packages:${PYTHONPATH} /usr/bin/python3 setup.py egg_info --egg-base ../build/pickplace build --build-base /home/omron/Omron_TM_ROS2/build/pickplace/build install --prefix /home/omron/Omron_TM_ROS2/install/pickplace --record /home/omron/Omron_TM_ROS2/build/pickplace/install.log --single-version-externally-managed
[1.287s] running egg_info
[1.287s] writing ../build/pickplace/pickplace.egg-info/PKG-INFO
[1.287s] writing dependency_links to ../build/pickplace/pickplace.egg-info/dependency_links.txt
[1.287s] writing entry points to ../build/pickplace/pickplace.egg-info/entry_points.txt
[1.287s] writing requirements to ../build/pickplace/pickplace.egg-info/requires.txt
[1.287s] writing top-level names to ../build/pickplace/pickplace.egg-info/top_level.txt
[1.334s] reading manifest file '../build/pickplace/pickplace.egg-info/SOURCES.txt'
[1.335s] writing manifest file '../build/pickplace/pickplace.egg-info/SOURCES.txt'
[1.335s] running build
[1.335s] running build_py
[1.335s] running install
[1.335s] running install_lib
[1.336s] running install_data
[1.337s] running install_egg_info
[1.344s] removing '/home/omron/Omron_TM_ROS2/install/pickplace/lib/python3.8/site-packages/pickplace-0.0.0-py3.8.egg-info' (and everything under it)
[1.345s] Copying ../build/pickplace/pickplace.egg-info to /home/omron/Omron_TM_ROS2/install/pickplace/lib/python3.8/site-packages/pickplace-0.0.0-py3.8.egg-info
[1.348s] running install_scripts
[1.388s] Installing destination_publisher script to /home/omron/Omron_TM_ROS2/install/pickplace/lib/pickplace
[1.389s] Installing pickplace script to /home/omron/Omron_TM_ROS2/install/pickplace/lib/pickplace
[1.389s] Installing teach_setup script to /home/omron/Omron_TM_ROS2/install/pickplace/lib/pickplace
[1.389s] writing list of installed files to '/home/omron/Omron_TM_ROS2/build/pickplace/install.log'
[1.622s] Invoked command in '/home/omron/Omron_TM_ROS2/pickplace' returned '0': PYTHONPATH=/home/omron/Omron_TM_ROS2/install/pickplace/lib/python3.8/site-packages:${PYTHONPATH} /usr/bin/python3 setup.py egg_info --egg-base ../build/pickplace build --build-base /home/omron/Omron_TM_ROS2/build/pickplace/build install --prefix /home/omron/Omron_TM_ROS2/install/pickplace --record /home/omron/Omron_TM_ROS2/build/pickplace/install.log --single-version-externally-managed
