[0.025s] Invoking command in '/home/gy/Omron_TM_ROS2/build/tmr_msgs': CMAKE_PREFIX_PATH=/home/gy/Omron_TM_ROS2/install/tmr_mod_urdf:/home/gy/Omron_TM_ROS2/install/tm_get_status:/home/gy/Omron_TM_ROS2/install/rviz_tm:/home/gy/Omron_TM_ROS2/install/pickplace:/opt/ros/foxy:${CMAKE_PREFIX_PATH} /usr/bin/cmake --build /home/gy/Omron_TM_ROS2/build/tmr_msgs -- -j3 -l3
[0.281s] [  0%] Built target tmr_msgs__cpp
[0.297s] [ 12%] Built target tmr_msgs__rosidl_generator_c
[0.387s] [ 24%] Built target tmr_msgs__rosidl_typesupport_introspection_cpp
[0.447s] [ 35%] Built target tmr_msgs__rosidl_typesupport_fastrtps_cpp
[0.454s] [ 47%] Built target tmr_msgs__rosidl_typesupport_introspection_c
[0.494s] [ 59%] Built target tmr_msgs__rosidl_typesupport_c
[0.538s] [ 71%] Built target tmr_msgs__rosidl_typesupport_cpp
[0.566s] [ 83%] Built target tmr_msgs__rosidl_typesupport_fastrtps_c
[0.612s] [ 83%] Built target tmr_msgs
[0.655s] [ 84%] Built target tmr_msgs__py
[0.748s] [ 95%] Built target tmr_msgs__python
[0.847s] [ 97%] Built target tmr_msgs__rosidl_typesupport_fastrtps_c__pyext
[0.853s] [ 98%] Built target tmr_msgs__rosidl_typesupport_c__pyext
[0.883s] [100%] Built target tmr_msgs__rosidl_typesupport_introspection_c__pyext
[0.978s] Invoked command in '/home/gy/Omron_TM_ROS2/build/tmr_msgs' returned '0': CMAKE_PREFIX_PATH=/home/gy/Omron_TM_ROS2/install/tmr_mod_urdf:/home/gy/Omron_TM_ROS2/install/tm_get_status:/home/gy/Omron_TM_ROS2/install/rviz_tm:/home/gy/Omron_TM_ROS2/install/pickplace:/opt/ros/foxy:${CMAKE_PREFIX_PATH} /usr/bin/cmake --build /home/gy/Omron_TM_ROS2/build/tmr_msgs -- -j3 -l3
[2.321s] Invoking command in '/home/gy/Omron_TM_ROS2/build/tmr_msgs': CMAKE_PREFIX_PATH=/home/gy/Omron_TM_ROS2/install/tmr_mod_urdf:/home/gy/Omron_TM_ROS2/install/tm_get_status:/home/gy/Omron_TM_ROS2/install/rviz_tm:/home/gy/Omron_TM_ROS2/install/pickplace:/opt/ros/foxy:${CMAKE_PREFIX_PATH} /usr/bin/cmake --install /home/gy/Omron_TM_ROS2/build/tmr_msgs
[2.335s] -- Install configuration: ""
[2.337s] -- Up-to-date: /home/gy/Omron_TM_ROS2/install/tmr_msgs/share/ament_index/resource_index/rosidl_interfaces/tmr_msgs
[2.337s] -- Up-to-date: /home/gy/Omron_TM_ROS2/install/tmr_msgs/include/tmr_msgs
[2.339s] -- Up-to-date: /home/gy/Omron_TM_ROS2/install/tmr_msgs/include/tmr_msgs/srv
[2.341s] -- Up-to-date: /home/gy/Omron_TM_ROS2/install/tmr_msgs/include/tmr_msgs/srv/detail
[2.346s] -- Up-to-date: /home/gy/Omron_TM_ROS2/install/tmr_msgs/include/tmr_msgs/srv/detail/set_io__type_support.h
[2.346s] -- Up-to-date: /home/gy/Omron_TM_ROS2/install/tmr_msgs/include/tmr_msgs/srv/detail/set_positions__functions.h
[2.346s] -- Up-to-date: /home/gy/Omron_TM_ROS2/install/tmr_msgs/include/tmr_msgs/srv/detail/ask_sta__functions.h
[2.347s] -- Up-to-date: /home/gy/Omron_TM_ROS2/install/tmr_msgs/include/tmr_msgs/srv/detail/set_positions__functions.c
[2.350s] -- Up-to-date: /home/gy/Omron_TM_ROS2/install/tmr_msgs/include/tmr_msgs/srv/detail/set_io__functions.h
[2.381s] -- Up-to-date: /home/gy/Omron_TM_ROS2/install/tmr_msgs/include/tmr_msgs/srv/detail/send_script__type_support.h
[2.382s] -- Up-to-date: /home/gy/Omron_TM_ROS2/install/tmr_msgs/include/tmr_msgs/srv/detail/send_script__struct.h
[2.394s] -- Up-to-date: /home/gy/Omron_TM_ROS2/install/tmr_msgs/include/tmr_msgs/srv/detail/set_event__struct.h
[2.394s] -- Up-to-date: /home/gy/Omron_TM_ROS2/install/tmr_msgs/include/tmr_msgs/srv/detail/set_event__functions.h
[2.395s] -- Up-to-date: /home/gy/Omron_TM_ROS2/install/tmr_msgs/include/tmr_msgs/srv/detail/set_event__type_support.h
[2.395s] -- Up-to-date: /home/gy/Omron_TM_ROS2/install/tmr_msgs/include/tmr_msgs/srv/detail/connect_tm__functions.c
[2.395s] -- Up-to-date: /home/gy/Omron_TM_ROS2/install/tmr_msgs/include/tmr_msgs/srv/detail/ask_sta__struct.h
[2.395s] -- Up-to-date: /home/gy/Omron_TM_ROS2/install/tmr_msgs/include/tmr_msgs/srv/detail/set_io__struct.h
[2.395s] -- Up-to-date: /home/gy/Omron_TM_ROS2/install/tmr_msgs/include/tmr_msgs/srv/detail/send_script__functions.h
[2.395s] -- Up-to-date: /home/gy/Omron_TM_ROS2/install/tmr_msgs/include/tmr_msgs/srv/detail/set_positions__type_support.h
[2.395s] -- Up-to-date: /home/gy/Omron_TM_ROS2/install/tmr_msgs/include/tmr_msgs/srv/detail/set_io__functions.c
[2.395s] -- Up-to-date: /home/gy/Omron_TM_ROS2/install/tmr_msgs/include/tmr_msgs/srv/detail/ask_sta__functions.c
[2.395s] -- Up-to-date: /home/gy/Omron_TM_ROS2/install/tmr_msgs/include/tmr_msgs/srv/detail/ask_item__functions.c
[2.395s] -- Up-to-date: /home/gy/Omron_TM_ROS2/install/tmr_msgs/include/tmr_msgs/srv/detail/write_item__functions.h
[2.395s] -- Up-to-date: /home/gy/Omron_TM_ROS2/install/tmr_msgs/include/tmr_msgs/srv/detail/connect_tm__type_support.h
[2.396s] -- Up-to-date: /home/gy/Omron_TM_ROS2/install/tmr_msgs/include/tmr_msgs/srv/detail/send_script__functions.c
[2.396s] -- Up-to-date: /home/gy/Omron_TM_ROS2/install/tmr_msgs/include/tmr_msgs/srv/detail/ask_item__type_support.h
[2.396s] -- Up-to-date: /home/gy/Omron_TM_ROS2/install/tmr_msgs/include/tmr_msgs/srv/detail/set_positions__struct.h
[2.396s] -- Up-to-date: /home/gy/Omron_TM_ROS2/install/tmr_msgs/include/tmr_msgs/srv/detail/write_item__functions.c
[2.396s] -- Up-to-date: /home/gy/Omron_TM_ROS2/install/tmr_msgs/include/tmr_msgs/srv/detail/write_item__struct.h
[2.396s] -- Up-to-date: /home/gy/Omron_TM_ROS2/install/tmr_msgs/include/tmr_msgs/srv/detail/connect_tm__struct.h
[2.397s] -- Up-to-date: /home/gy/Omron_TM_ROS2/install/tmr_msgs/include/tmr_msgs/srv/detail/ask_item__functions.h
[2.397s] -- Up-to-date: /home/gy/Omron_TM_ROS2/install/tmr_msgs/include/tmr_msgs/srv/detail/set_event__functions.c
[2.397s] -- Up-to-date: /home/gy/Omron_TM_ROS2/install/tmr_msgs/include/tmr_msgs/srv/detail/connect_tm__functions.h
[2.397s] -- Up-to-date: /home/gy/Omron_TM_ROS2/install/tmr_msgs/include/tmr_msgs/srv/detail/ask_item__struct.h
[2.407s] -- Up-to-date: /home/gy/Omron_TM_ROS2/install/tmr_msgs/include/tmr_msgs/srv/detail/write_item__type_support.h
[2.407s] -- Up-to-date: /home/gy/Omron_TM_ROS2/install/tmr_msgs/include/tmr_msgs/srv/detail/ask_sta__type_support.h
[2.407s] -- Up-to-date: /home/gy/Omron_TM_ROS2/install/tmr_msgs/include/tmr_msgs/srv/connect_tm.h
[2.407s] -- Up-to-date: /home/gy/Omron_TM_ROS2/install/tmr_msgs/include/tmr_msgs/srv/ask_item.h
[2.407s] -- Up-to-date: /home/gy/Omron_TM_ROS2/install/tmr_msgs/include/tmr_msgs/srv/write_item.h
[2.408s] -- Up-to-date: /home/gy/Omron_TM_ROS2/install/tmr_msgs/include/tmr_msgs/srv/set_io.h
[2.408s] -- Up-to-date: /home/gy/Omron_TM_ROS2/install/tmr_msgs/include/tmr_msgs/srv/set_positions.h
[2.408s] -- Up-to-date: /home/gy/Omron_TM_ROS2/install/tmr_msgs/include/tmr_msgs/srv/send_script.h
[2.408s] -- Up-to-date: /home/gy/Omron_TM_ROS2/install/tmr_msgs/include/tmr_msgs/srv/ask_sta.h
[2.408s] -- Up-to-date: /home/gy/Omron_TM_ROS2/install/tmr_msgs/include/tmr_msgs/srv/set_event.h
[2.408s] -- Up-to-date: /home/gy/Omron_TM_ROS2/install/tmr_msgs/include/tmr_msgs/msg
[2.408s] -- Up-to-date: /home/gy/Omron_TM_ROS2/install/tmr_msgs/include/tmr_msgs/msg/detail
[2.408s] -- Up-to-date: /home/gy/Omron_TM_ROS2/install/tmr_msgs/include/tmr_msgs/msg/detail/feedback_state__type_support.h
[2.409s] -- Up-to-date: /home/gy/Omron_TM_ROS2/install/tmr_msgs/include/tmr_msgs/msg/detail/feedback_state__functions.h
[2.409s] -- Up-to-date: /home/gy/Omron_TM_ROS2/install/tmr_msgs/include/tmr_msgs/msg/detail/svr_response__type_support.h
[2.409s] -- Up-to-date: /home/gy/Omron_TM_ROS2/install/tmr_msgs/include/tmr_msgs/msg/detail/sta_response__functions.c
[2.409s] -- Up-to-date: /home/gy/Omron_TM_ROS2/install/tmr_msgs/include/tmr_msgs/msg/detail/sta_response__type_support.h
[2.409s] -- Up-to-date: /home/gy/Omron_TM_ROS2/install/tmr_msgs/include/tmr_msgs/msg/detail/sct_response__functions.c
[2.409s] -- Up-to-date: /home/gy/Omron_TM_ROS2/install/tmr_msgs/include/tmr_msgs/msg/detail/feedback_state__functions.c
[2.409s] -- Up-to-date: /home/gy/Omron_TM_ROS2/install/tmr_msgs/include/tmr_msgs/msg/detail/sct_response__type_support.h
[2.409s] -- Up-to-date: /home/gy/Omron_TM_ROS2/install/tmr_msgs/include/tmr_msgs/msg/detail/svr_response__struct.h
[2.413s] -- Up-to-date: /home/gy/Omron_TM_ROS2/install/tmr_msgs/include/tmr_msgs/msg/detail/svr_response__functions.h
[2.414s] -- Up-to-date: /home/gy/Omron_TM_ROS2/install/tmr_msgs/include/tmr_msgs/msg/detail/sct_response__functions.h
[2.414s] -- Up-to-date: /home/gy/Omron_TM_ROS2/install/tmr_msgs/include/tmr_msgs/msg/detail/feedback_state__struct.h
[2.414s] -- Up-to-date: /home/gy/Omron_TM_ROS2/install/tmr_msgs/include/tmr_msgs/msg/detail/sta_response__functions.h
[2.414s] -- Up-to-date: /home/gy/Omron_TM_ROS2/install/tmr_msgs/include/tmr_msgs/msg/detail/svr_response__functions.c
[2.414s] -- Up-to-date: /home/gy/Omron_TM_ROS2/install/tmr_msgs/include/tmr_msgs/msg/detail/sta_response__struct.h
[2.414s] -- Up-to-date: /home/gy/Omron_TM_ROS2/install/tmr_msgs/include/tmr_msgs/msg/detail/sct_response__struct.h
[2.414s] -- Up-to-date: /home/gy/Omron_TM_ROS2/install/tmr_msgs/include/tmr_msgs/msg/svr_response.h
[2.415s] -- Up-to-date: /home/gy/Omron_TM_ROS2/install/tmr_msgs/include/tmr_msgs/msg/feedback_state.h
[2.415s] -- Up-to-date: /home/gy/Omron_TM_ROS2/install/tmr_msgs/include/tmr_msgs/msg/sct_response.h
[2.415s] -- Up-to-date: /home/gy/Omron_TM_ROS2/install/tmr_msgs/include/tmr_msgs/msg/rosidl_generator_c__visibility_control.h
[2.415s] -- Up-to-date: /home/gy/Omron_TM_ROS2/install/tmr_msgs/include/tmr_msgs/msg/sta_response.h
[2.415s] -- Up-to-date: /home/gy/Omron_TM_ROS2/install/tmr_msgs/share/tmr_msgs/environment/library_path.sh
[2.415s] -- Up-to-date: /home/gy/Omron_TM_ROS2/install/tmr_msgs/share/tmr_msgs/environment/library_path.dsv
[2.415s] -- Up-to-date: /home/gy/Omron_TM_ROS2/install/tmr_msgs/lib/libtmr_msgs__rosidl_generator_c.so
[2.415s] -- Up-to-date: /home/gy/Omron_TM_ROS2/install/tmr_msgs/include/tmr_msgs
[2.415s] -- Up-to-date: /home/gy/Omron_TM_ROS2/install/tmr_msgs/include/tmr_msgs/srv
[2.415s] -- Up-to-date: /home/gy/Omron_TM_ROS2/install/tmr_msgs/include/tmr_msgs/srv/detail
[2.415s] -- Up-to-date: /home/gy/Omron_TM_ROS2/install/tmr_msgs/include/tmr_msgs/srv/detail/connect_tm__rosidl_typesupport_fastrtps_c.h
[2.416s] -- Up-to-date: /home/gy/Omron_TM_ROS2/install/tmr_msgs/include/tmr_msgs/srv/detail/set_event__rosidl_typesupport_fastrtps_c.h
[2.416s] -- Up-to-date: /home/gy/Omron_TM_ROS2/install/tmr_msgs/include/tmr_msgs/srv/detail/set_io__rosidl_typesupport_fastrtps_c.h
[2.416s] -- Up-to-date: /home/gy/Omron_TM_ROS2/install/tmr_msgs/include/tmr_msgs/srv/detail/ask_sta__rosidl_typesupport_fastrtps_c.h
[2.416s] -- Up-to-date: /home/gy/Omron_TM_ROS2/install/tmr_msgs/include/tmr_msgs/srv/detail/set_positions__rosidl_typesupport_fastrtps_c.h
[2.416s] -- Up-to-date: /home/gy/Omron_TM_ROS2/install/tmr_msgs/include/tmr_msgs/srv/detail/send_script__rosidl_typesupport_fastrtps_c.h
[2.416s] -- Up-to-date: /home/gy/Omron_TM_ROS2/install/tmr_msgs/include/tmr_msgs/srv/detail/ask_item__rosidl_typesupport_fastrtps_c.h
[2.416s] -- Up-to-date: /home/gy/Omron_TM_ROS2/install/tmr_msgs/include/tmr_msgs/srv/detail/write_item__rosidl_typesupport_fastrtps_c.h
[2.416s] -- Up-to-date: /home/gy/Omron_TM_ROS2/install/tmr_msgs/include/tmr_msgs/msg
[2.417s] -- Up-to-date: /home/gy/Omron_TM_ROS2/install/tmr_msgs/include/tmr_msgs/msg/detail
[2.417s] -- Up-to-date: /home/gy/Omron_TM_ROS2/install/tmr_msgs/include/tmr_msgs/msg/detail/sct_response__rosidl_typesupport_fastrtps_c.h
[2.417s] -- Up-to-date: /home/gy/Omron_TM_ROS2/install/tmr_msgs/include/tmr_msgs/msg/detail/sta_response__rosidl_typesupport_fastrtps_c.h
[2.417s] -- Up-to-date: /home/gy/Omron_TM_ROS2/install/tmr_msgs/include/tmr_msgs/msg/detail/feedback_state__rosidl_typesupport_fastrtps_c.h
[2.436s] -- Up-to-date: /home/gy/Omron_TM_ROS2/install/tmr_msgs/include/tmr_msgs/msg/detail/svr_response__rosidl_typesupport_fastrtps_c.h
[2.436s] -- Up-to-date: /home/gy/Omron_TM_ROS2/install/tmr_msgs/include/tmr_msgs/msg/rosidl_typesupport_fastrtps_c__visibility_control.h
[2.436s] -- Up-to-date: /home/gy/Omron_TM_ROS2/install/tmr_msgs/lib/libtmr_msgs__rosidl_typesupport_fastrtps_c.so
[2.436s] -- Up-to-date: /home/gy/Omron_TM_ROS2/install/tmr_msgs/include/tmr_msgs
[2.437s] -- Up-to-date: /home/gy/Omron_TM_ROS2/install/tmr_msgs/include/tmr_msgs/srv
[2.437s] -- Up-to-date: /home/gy/Omron_TM_ROS2/install/tmr_msgs/include/tmr_msgs/srv/detail
[2.437s] -- Up-to-date: /home/gy/Omron_TM_ROS2/install/tmr_msgs/include/tmr_msgs/srv/detail/connect_tm__rosidl_typesupport_fastrtps_cpp.hpp
[2.437s] -- Up-to-date: /home/gy/Omron_TM_ROS2/install/tmr_msgs/include/tmr_msgs/srv/detail/set_io__rosidl_typesupport_fastrtps_cpp.hpp
[2.437s] -- Up-to-date: /home/gy/Omron_TM_ROS2/install/tmr_msgs/include/tmr_msgs/srv/detail/ask_sta__rosidl_typesupport_fastrtps_cpp.hpp
[2.437s] -- Up-to-date: /home/gy/Omron_TM_ROS2/install/tmr_msgs/include/tmr_msgs/srv/detail/write_item__rosidl_typesupport_fastrtps_cpp.hpp
[2.438s] -- Up-to-date: /home/gy/Omron_TM_ROS2/install/tmr_msgs/include/tmr_msgs/srv/detail/send_script__rosidl_typesupport_fastrtps_cpp.hpp
[2.438s] -- Up-to-date: /home/gy/Omron_TM_ROS2/install/tmr_msgs/include/tmr_msgs/srv/detail/set_event__rosidl_typesupport_fastrtps_cpp.hpp
[2.438s] -- Up-to-date: /home/gy/Omron_TM_ROS2/install/tmr_msgs/include/tmr_msgs/srv/detail/ask_item__rosidl_typesupport_fastrtps_cpp.hpp
[2.438s] -- Up-to-date: /home/gy/Omron_TM_ROS2/install/tmr_msgs/include/tmr_msgs/srv/detail/dds_fastrtps
[2.438s] -- Up-to-date: /home/gy/Omron_TM_ROS2/install/tmr_msgs/include/tmr_msgs/srv/detail/set_positions__rosidl_typesupport_fastrtps_cpp.hpp
[2.438s] -- Up-to-date: /home/gy/Omron_TM_ROS2/install/tmr_msgs/include/tmr_msgs/msg
[2.438s] -- Up-to-date: /home/gy/Omron_TM_ROS2/install/tmr_msgs/include/tmr_msgs/msg/detail
[2.438s] -- Up-to-date: /home/gy/Omron_TM_ROS2/install/tmr_msgs/include/tmr_msgs/msg/detail/sct_response__rosidl_typesupport_fastrtps_cpp.hpp
[2.439s] -- Up-to-date: /home/gy/Omron_TM_ROS2/install/tmr_msgs/include/tmr_msgs/msg/detail/svr_response__rosidl_typesupport_fastrtps_cpp.hpp
[2.439s] -- Up-to-date: /home/gy/Omron_TM_ROS2/install/tmr_msgs/include/tmr_msgs/msg/detail/sta_response__rosidl_typesupport_fastrtps_cpp.hpp
[2.439s] -- Up-to-date: /home/gy/Omron_TM_ROS2/install/tmr_msgs/include/tmr_msgs/msg/detail/feedback_state__rosidl_typesupport_fastrtps_cpp.hpp
[2.439s] -- Up-to-date: /home/gy/Omron_TM_ROS2/install/tmr_msgs/include/tmr_msgs/msg/detail/dds_fastrtps
[2.439s] -- Up-to-date: /home/gy/Omron_TM_ROS2/install/tmr_msgs/include/tmr_msgs/msg/rosidl_typesupport_fastrtps_cpp__visibility_control.h
[2.439s] -- Up-to-date: /home/gy/Omron_TM_ROS2/install/tmr_msgs/lib/libtmr_msgs__rosidl_typesupport_fastrtps_cpp.so
[2.439s] -- Up-to-date: /home/gy/Omron_TM_ROS2/install/tmr_msgs/include/tmr_msgs
[2.440s] -- Up-to-date: /home/gy/Omron_TM_ROS2/install/tmr_msgs/include/tmr_msgs/srv
[2.440s] -- Up-to-date: /home/gy/Omron_TM_ROS2/install/tmr_msgs/include/tmr_msgs/srv/detail
[2.440s] -- Up-to-date: /home/gy/Omron_TM_ROS2/install/tmr_msgs/include/tmr_msgs/srv/detail/write_item__type_support.c
[2.440s] -- Up-to-date: /home/gy/Omron_TM_ROS2/install/tmr_msgs/include/tmr_msgs/srv/detail/ask_item__rosidl_typesupport_introspection_c.h
[2.440s] -- Up-to-date: /home/gy/Omron_TM_ROS2/install/tmr_msgs/include/tmr_msgs/srv/detail/set_io__rosidl_typesupport_introspection_c.h
[2.440s] -- Up-to-date: /home/gy/Omron_TM_ROS2/install/tmr_msgs/include/tmr_msgs/srv/detail/send_script__type_support.c
[2.440s] -- Up-to-date: /home/gy/Omron_TM_ROS2/install/tmr_msgs/include/tmr_msgs/srv/detail/ask_sta__rosidl_typesupport_introspection_c.h
[2.440s] -- Up-to-date: /home/gy/Omron_TM_ROS2/install/tmr_msgs/include/tmr_msgs/srv/detail/ask_item__type_support.c
[2.441s] -- Up-to-date: /home/gy/Omron_TM_ROS2/install/tmr_msgs/include/tmr_msgs/srv/detail/set_positions__type_support.c
[2.441s] -- Up-to-date: /home/gy/Omron_TM_ROS2/install/tmr_msgs/include/tmr_msgs/srv/detail/send_script__rosidl_typesupport_introspection_c.h
[2.445s] -- Up-to-date: /home/gy/Omron_TM_ROS2/install/tmr_msgs/include/tmr_msgs/srv/detail/set_positions__rosidl_typesupport_introspection_c.h
[2.446s] -- Up-to-date: /home/gy/Omron_TM_ROS2/install/tmr_msgs/include/tmr_msgs/srv/detail/connect_tm__type_support.c
[2.446s] -- Up-to-date: /home/gy/Omron_TM_ROS2/install/tmr_msgs/include/tmr_msgs/srv/detail/connect_tm__rosidl_typesupport_introspection_c.h
[2.446s] -- Up-to-date: /home/gy/Omron_TM_ROS2/install/tmr_msgs/include/tmr_msgs/srv/detail/set_event__type_support.c
[2.446s] -- Up-to-date: /home/gy/Omron_TM_ROS2/install/tmr_msgs/include/tmr_msgs/srv/detail/write_item__rosidl_typesupport_introspection_c.h
[2.446s] -- Up-to-date: /home/gy/Omron_TM_ROS2/install/tmr_msgs/include/tmr_msgs/srv/detail/ask_sta__type_support.c
[2.446s] -- Up-to-date: /home/gy/Omron_TM_ROS2/install/tmr_msgs/include/tmr_msgs/srv/detail/set_io__type_support.c
[2.447s] -- Up-to-date: /home/gy/Omron_TM_ROS2/install/tmr_msgs/include/tmr_msgs/srv/detail/set_event__rosidl_typesupport_introspection_c.h
[2.447s] -- Up-to-date: /home/gy/Omron_TM_ROS2/install/tmr_msgs/include/tmr_msgs/msg
[2.447s] -- Up-to-date: /home/gy/Omron_TM_ROS2/install/tmr_msgs/include/tmr_msgs/msg/detail
[2.447s] -- Up-to-date: /home/gy/Omron_TM_ROS2/install/tmr_msgs/include/tmr_msgs/msg/detail/sct_response__type_support.c
[2.447s] -- Up-to-date: /home/gy/Omron_TM_ROS2/install/tmr_msgs/include/tmr_msgs/msg/detail/feedback_state__rosidl_typesupport_introspection_c.h
[2.447s] -- Up-to-date: /home/gy/Omron_TM_ROS2/install/tmr_msgs/include/tmr_msgs/msg/detail/svr_response__type_support.c
[2.447s] -- Up-to-date: /home/gy/Omron_TM_ROS2/install/tmr_msgs/include/tmr_msgs/msg/detail/sct_response__rosidl_typesupport_introspection_c.h
[2.447s] -- Up-to-date: /home/gy/Omron_TM_ROS2/install/tmr_msgs/include/tmr_msgs/msg/detail/sta_response__type_support.c
[2.448s] -- Up-to-date: /home/gy/Omron_TM_ROS2/install/tmr_msgs/include/tmr_msgs/msg/detail/svr_response__rosidl_typesupport_introspection_c.h
[2.448s] -- Up-to-date: /home/gy/Omron_TM_ROS2/install/tmr_msgs/include/tmr_msgs/msg/detail/feedback_state__type_support.c
[2.448s] -- Up-to-date: /home/gy/Omron_TM_ROS2/install/tmr_msgs/include/tmr_msgs/msg/detail/sta_response__rosidl_typesupport_introspection_c.h
[2.448s] -- Up-to-date: /home/gy/Omron_TM_ROS2/install/tmr_msgs/include/tmr_msgs/msg/rosidl_typesupport_introspection_c__visibility_control.h
[2.448s] -- Up-to-date: /home/gy/Omron_TM_ROS2/install/tmr_msgs/lib/libtmr_msgs__rosidl_typesupport_introspection_c.so
[2.448s] -- Up-to-date: /home/gy/Omron_TM_ROS2/install/tmr_msgs/lib/libtmr_msgs__rosidl_typesupport_c.so
[2.448s] -- Up-to-date: /home/gy/Omron_TM_ROS2/install/tmr_msgs/include/tmr_msgs
[2.448s] -- Up-to-date: /home/gy/Omron_TM_ROS2/install/tmr_msgs/include/tmr_msgs/srv
[2.449s] -- Up-to-date: /home/gy/Omron_TM_ROS2/install/tmr_msgs/include/tmr_msgs/srv/detail
[2.449s] -- Up-to-date: /home/gy/Omron_TM_ROS2/install/tmr_msgs/include/tmr_msgs/srv/detail/set_positions__struct.hpp
[2.449s] -- Up-to-date: /home/gy/Omron_TM_ROS2/install/tmr_msgs/include/tmr_msgs/srv/detail/set_positions__traits.hpp
[2.449s] -- Up-to-date: /home/gy/Omron_TM_ROS2/install/tmr_msgs/include/tmr_msgs/srv/detail/send_script__builder.hpp
[2.449s] -- Up-to-date: /home/gy/Omron_TM_ROS2/install/tmr_msgs/include/tmr_msgs/srv/detail/connect_tm__struct.hpp
[2.458s] -- Up-to-date: /home/gy/Omron_TM_ROS2/install/tmr_msgs/include/tmr_msgs/srv/detail/connect_tm__traits.hpp
[2.458s] -- Up-to-date: /home/gy/Omron_TM_ROS2/install/tmr_msgs/include/tmr_msgs/srv/detail/ask_sta__struct.hpp
[2.458s] -- Up-to-date: /home/gy/Omron_TM_ROS2/install/tmr_msgs/include/tmr_msgs/srv/detail/write_item__builder.hpp
[2.458s] -- Up-to-date: /home/gy/Omron_TM_ROS2/install/tmr_msgs/include/tmr_msgs/srv/detail/send_script__struct.hpp
[2.458s] -- Up-to-date: /home/gy/Omron_TM_ROS2/install/tmr_msgs/include/tmr_msgs/srv/detail/send_script__traits.hpp
[2.458s] -- Up-to-date: /home/gy/Omron_TM_ROS2/install/tmr_msgs/include/tmr_msgs/srv/detail/write_item__traits.hpp
[2.459s] -- Up-to-date: /home/gy/Omron_TM_ROS2/install/tmr_msgs/include/tmr_msgs/srv/detail/ask_sta__builder.hpp
[2.459s] -- Up-to-date: /home/gy/Omron_TM_ROS2/install/tmr_msgs/include/tmr_msgs/srv/detail/set_positions__builder.hpp
[2.459s] -- Up-to-date: /home/gy/Omron_TM_ROS2/install/tmr_msgs/include/tmr_msgs/srv/detail/connect_tm__builder.hpp
[2.459s] -- Up-to-date: /home/gy/Omron_TM_ROS2/install/tmr_msgs/include/tmr_msgs/srv/detail/set_io__builder.hpp
[2.459s] -- Up-to-date: /home/gy/Omron_TM_ROS2/install/tmr_msgs/include/tmr_msgs/srv/detail/ask_item__struct.hpp
[2.459s] -- Up-to-date: /home/gy/Omron_TM_ROS2/install/tmr_msgs/include/tmr_msgs/srv/detail/set_io__traits.hpp
[2.459s] -- Up-to-date: /home/gy/Omron_TM_ROS2/install/tmr_msgs/include/tmr_msgs/srv/detail/ask_item__builder.hpp
[2.459s] -- Up-to-date: /home/gy/Omron_TM_ROS2/install/tmr_msgs/include/tmr_msgs/srv/detail/write_item__struct.hpp
[2.460s] -- Up-to-date: /home/gy/Omron_TM_ROS2/install/tmr_msgs/include/tmr_msgs/srv/detail/set_event__struct.hpp
[2.460s] -- Up-to-date: /home/gy/Omron_TM_ROS2/install/tmr_msgs/include/tmr_msgs/srv/detail/set_event__builder.hpp
[2.460s] -- Up-to-date: /home/gy/Omron_TM_ROS2/install/tmr_msgs/include/tmr_msgs/srv/detail/set_event__traits.hpp
[2.460s] -- Up-to-date: /home/gy/Omron_TM_ROS2/install/tmr_msgs/include/tmr_msgs/srv/detail/set_io__struct.hpp
[2.460s] -- Up-to-date: /home/gy/Omron_TM_ROS2/install/tmr_msgs/include/tmr_msgs/srv/detail/ask_sta__traits.hpp
[2.460s] -- Up-to-date: /home/gy/Omron_TM_ROS2/install/tmr_msgs/include/tmr_msgs/srv/detail/ask_item__traits.hpp
[2.460s] -- Up-to-date: /home/gy/Omron_TM_ROS2/install/tmr_msgs/include/tmr_msgs/srv/ask_item.hpp
[2.460s] -- Up-to-date: /home/gy/Omron_TM_ROS2/install/tmr_msgs/include/tmr_msgs/srv/write_item.hpp
[2.461s] -- Up-to-date: /home/gy/Omron_TM_ROS2/install/tmr_msgs/include/tmr_msgs/srv/send_script.hpp
[2.461s] -- Up-to-date: /home/gy/Omron_TM_ROS2/install/tmr_msgs/include/tmr_msgs/srv/set_io.hpp
[2.461s] -- Up-to-date: /home/gy/Omron_TM_ROS2/install/tmr_msgs/include/tmr_msgs/srv/connect_tm.hpp
[2.461s] -- Up-to-date: /home/gy/Omron_TM_ROS2/install/tmr_msgs/include/tmr_msgs/srv/set_event.hpp
[2.461s] -- Up-to-date: /home/gy/Omron_TM_ROS2/install/tmr_msgs/include/tmr_msgs/srv/set_positions.hpp
[2.477s] -- Up-to-date: /home/gy/Omron_TM_ROS2/install/tmr_msgs/include/tmr_msgs/srv/ask_sta.hpp
[2.478s] -- Up-to-date: /home/gy/Omron_TM_ROS2/install/tmr_msgs/include/tmr_msgs/msg
[2.478s] -- Up-to-date: /home/gy/Omron_TM_ROS2/install/tmr_msgs/include/tmr_msgs/msg/detail
[2.478s] -- Up-to-date: /home/gy/Omron_TM_ROS2/install/tmr_msgs/include/tmr_msgs/msg/detail/sct_response__traits.hpp
[2.478s] -- Up-to-date: /home/gy/Omron_TM_ROS2/install/tmr_msgs/include/tmr_msgs/msg/detail/svr_response__traits.hpp
[2.479s] -- Up-to-date: /home/gy/Omron_TM_ROS2/install/tmr_msgs/include/tmr_msgs/msg/detail/feedback_state__builder.hpp
[2.479s] -- Up-to-date: /home/gy/Omron_TM_ROS2/install/tmr_msgs/include/tmr_msgs/msg/detail/sta_response__builder.hpp
[2.479s] -- Up-to-date: /home/gy/Omron_TM_ROS2/install/tmr_msgs/include/tmr_msgs/msg/detail/feedback_state__struct.hpp
[2.479s] -- Up-to-date: /home/gy/Omron_TM_ROS2/install/tmr_msgs/include/tmr_msgs/msg/detail/sct_response__struct.hpp
[2.479s] -- Up-to-date: /home/gy/Omron_TM_ROS2/install/tmr_msgs/include/tmr_msgs/msg/detail/sct_response__builder.hpp
[2.479s] -- Up-to-date: /home/gy/Omron_TM_ROS2/install/tmr_msgs/include/tmr_msgs/msg/detail/feedback_state__traits.hpp
[2.479s] -- Up-to-date: /home/gy/Omron_TM_ROS2/install/tmr_msgs/include/tmr_msgs/msg/detail/sta_response__struct.hpp
[2.480s] -- Up-to-date: /home/gy/Omron_TM_ROS2/install/tmr_msgs/include/tmr_msgs/msg/detail/svr_response__struct.hpp
[2.480s] -- Up-to-date: /home/gy/Omron_TM_ROS2/install/tmr_msgs/include/tmr_msgs/msg/detail/svr_response__builder.hpp
[2.480s] -- Up-to-date: /home/gy/Omron_TM_ROS2/install/tmr_msgs/include/tmr_msgs/msg/detail/sta_response__traits.hpp
[2.480s] -- Up-to-date: /home/gy/Omron_TM_ROS2/install/tmr_msgs/include/tmr_msgs/msg/svr_response.hpp
[2.480s] -- Up-to-date: /home/gy/Omron_TM_ROS2/install/tmr_msgs/include/tmr_msgs/msg/sta_response.hpp
[2.480s] -- Up-to-date: /home/gy/Omron_TM_ROS2/install/tmr_msgs/include/tmr_msgs/msg/sct_response.hpp
[2.493s] -- Up-to-date: /home/gy/Omron_TM_ROS2/install/tmr_msgs/include/tmr_msgs/msg/feedback_state.hpp
[2.494s] -- Up-to-date: /home/gy/Omron_TM_ROS2/install/tmr_msgs/include/tmr_msgs
[2.494s] -- Up-to-date: /home/gy/Omron_TM_ROS2/install/tmr_msgs/include/tmr_msgs/srv
[2.494s] -- Up-to-date: /home/gy/Omron_TM_ROS2/install/tmr_msgs/include/tmr_msgs/srv/detail
[2.494s] -- Up-to-date: /home/gy/Omron_TM_ROS2/install/tmr_msgs/include/tmr_msgs/srv/detail/send_script__type_support.cpp
[2.494s] -- Up-to-date: /home/gy/Omron_TM_ROS2/install/tmr_msgs/include/tmr_msgs/srv/detail/set_positions__type_support.cpp
[2.495s] -- Up-to-date: /home/gy/Omron_TM_ROS2/install/tmr_msgs/include/tmr_msgs/srv/detail/connect_tm__rosidl_typesupport_introspection_cpp.hpp
[2.495s] -- Up-to-date: /home/gy/Omron_TM_ROS2/install/tmr_msgs/include/tmr_msgs/srv/detail/set_event__rosidl_typesupport_introspection_cpp.hpp
[2.495s] -- Up-to-date: /home/gy/Omron_TM_ROS2/install/tmr_msgs/include/tmr_msgs/srv/detail/write_item__type_support.cpp
[2.495s] -- Up-to-date: /home/gy/Omron_TM_ROS2/install/tmr_msgs/include/tmr_msgs/srv/detail/send_script__rosidl_typesupport_introspection_cpp.hpp
[2.495s] -- Up-to-date: /home/gy/Omron_TM_ROS2/install/tmr_msgs/include/tmr_msgs/srv/detail/ask_item__type_support.cpp
[2.495s] -- Up-to-date: /home/gy/Omron_TM_ROS2/install/tmr_msgs/include/tmr_msgs/srv/detail/set_io__type_support.cpp
[2.495s] -- Up-to-date: /home/gy/Omron_TM_ROS2/install/tmr_msgs/include/tmr_msgs/srv/detail/write_item__rosidl_typesupport_introspection_cpp.hpp
[2.495s] -- Up-to-date: /home/gy/Omron_TM_ROS2/install/tmr_msgs/include/tmr_msgs/srv/detail/set_positions__rosidl_typesupport_introspection_cpp.hpp
[2.496s] -- Up-to-date: /home/gy/Omron_TM_ROS2/install/tmr_msgs/include/tmr_msgs/srv/detail/set_event__type_support.cpp
[2.496s] -- Up-to-date: /home/gy/Omron_TM_ROS2/install/tmr_msgs/include/tmr_msgs/srv/detail/ask_sta__rosidl_typesupport_introspection_cpp.hpp
[2.496s] -- Up-to-date: /home/gy/Omron_TM_ROS2/install/tmr_msgs/include/tmr_msgs/srv/detail/ask_item__rosidl_typesupport_introspection_cpp.hpp
[2.496s] -- Up-to-date: /home/gy/Omron_TM_ROS2/install/tmr_msgs/include/tmr_msgs/srv/detail/ask_sta__type_support.cpp
[2.496s] -- Up-to-date: /home/gy/Omron_TM_ROS2/install/tmr_msgs/include/tmr_msgs/srv/detail/set_io__rosidl_typesupport_introspection_cpp.hpp
[2.496s] -- Up-to-date: /home/gy/Omron_TM_ROS2/install/tmr_msgs/include/tmr_msgs/srv/detail/connect_tm__type_support.cpp
[2.496s] -- Up-to-date: /home/gy/Omron_TM_ROS2/install/tmr_msgs/include/tmr_msgs/msg
[2.497s] -- Up-to-date: /home/gy/Omron_TM_ROS2/install/tmr_msgs/include/tmr_msgs/msg/detail
[2.497s] -- Up-to-date: /home/gy/Omron_TM_ROS2/install/tmr_msgs/include/tmr_msgs/msg/detail/feedback_state__rosidl_typesupport_introspection_cpp.hpp
[2.497s] -- Up-to-date: /home/gy/Omron_TM_ROS2/install/tmr_msgs/include/tmr_msgs/msg/detail/sct_response__type_support.cpp
[2.497s] -- Up-to-date: /home/gy/Omron_TM_ROS2/install/tmr_msgs/include/tmr_msgs/msg/detail/feedback_state__type_support.cpp
[2.497s] -- Up-to-date: /home/gy/Omron_TM_ROS2/install/tmr_msgs/include/tmr_msgs/msg/detail/sta_response__rosidl_typesupport_introspection_cpp.hpp
[2.497s] -- Up-to-date: /home/gy/Omron_TM_ROS2/install/tmr_msgs/include/tmr_msgs/msg/detail/sct_response__rosidl_typesupport_introspection_cpp.hpp
[2.510s] -- Up-to-date: /home/gy/Omron_TM_ROS2/install/tmr_msgs/include/tmr_msgs/msg/detail/svr_response__type_support.cpp
[2.510s] -- Up-to-date: /home/gy/Omron_TM_ROS2/install/tmr_msgs/include/tmr_msgs/msg/detail/svr_response__rosidl_typesupport_introspection_cpp.hpp
[2.510s] -- Up-to-date: /home/gy/Omron_TM_ROS2/install/tmr_msgs/include/tmr_msgs/msg/detail/sta_response__type_support.cpp
[2.510s] -- Up-to-date: /home/gy/Omron_TM_ROS2/install/tmr_msgs/lib/libtmr_msgs__rosidl_typesupport_introspection_cpp.so
[2.510s] -- Up-to-date: /home/gy/Omron_TM_ROS2/install/tmr_msgs/lib/libtmr_msgs__rosidl_typesupport_cpp.so
[2.510s] -- Up-to-date: /home/gy/Omron_TM_ROS2/install/tmr_msgs/share/tmr_msgs/environment/pythonpath.sh
[2.511s] -- Up-to-date: /home/gy/Omron_TM_ROS2/install/tmr_msgs/share/tmr_msgs/environment/pythonpath.dsv
[2.511s] -- Up-to-date: /home/gy/Omron_TM_ROS2/install/tmr_msgs/lib/python3.8/site-packages/tmr_msgs/__init__.py
[2.558s] -- Up-to-date: /home/gy/Omron_TM_ROS2/install/tmr_msgs/lib/python3.8/site-packages/tmr_msgs/msg
[2.558s] -- Up-to-date: /home/gy/Omron_TM_ROS2/install/tmr_msgs/lib/python3.8/site-packages/tmr_msgs/msg/_sct_response_s.c
[2.558s] -- Up-to-date: /home/gy/Omron_TM_ROS2/install/tmr_msgs/lib/python3.8/site-packages/tmr_msgs/msg/_sct_response.py
[2.558s] -- Up-to-date: /home/gy/Omron_TM_ROS2/install/tmr_msgs/lib/python3.8/site-packages/tmr_msgs/msg/_svr_response_s.c
[2.559s] -- Up-to-date: /home/gy/Omron_TM_ROS2/install/tmr_msgs/lib/python3.8/site-packages/tmr_msgs/msg/_feedback_state.py
[2.559s] -- Up-to-date: /home/gy/Omron_TM_ROS2/install/tmr_msgs/lib/python3.8/site-packages/tmr_msgs/msg/_feedback_state_s.c
[2.559s] -- Up-to-date: /home/gy/Omron_TM_ROS2/install/tmr_msgs/lib/python3.8/site-packages/tmr_msgs/msg/__init__.py
[2.559s] -- Up-to-date: /home/gy/Omron_TM_ROS2/install/tmr_msgs/lib/python3.8/site-packages/tmr_msgs/msg/_sta_response.py
[2.560s] -- Up-to-date: /home/gy/Omron_TM_ROS2/install/tmr_msgs/lib/python3.8/site-packages/tmr_msgs/msg/_svr_response.py
[2.563s] -- Up-to-date: /home/gy/Omron_TM_ROS2/install/tmr_msgs/lib/python3.8/site-packages/tmr_msgs/msg/_sta_response_s.c
[2.569s] -- Up-to-date: /home/gy/Omron_TM_ROS2/install/tmr_msgs/lib/python3.8/site-packages/tmr_msgs/srv
[2.570s] -- Up-to-date: /home/gy/Omron_TM_ROS2/install/tmr_msgs/lib/python3.8/site-packages/tmr_msgs/srv/_write_item_s.c
[2.570s] -- Up-to-date: /home/gy/Omron_TM_ROS2/install/tmr_msgs/lib/python3.8/site-packages/tmr_msgs/srv/_set_event.py
[2.570s] -- Up-to-date: /home/gy/Omron_TM_ROS2/install/tmr_msgs/lib/python3.8/site-packages/tmr_msgs/srv/_write_item.py
[2.570s] -- Up-to-date: /home/gy/Omron_TM_ROS2/install/tmr_msgs/lib/python3.8/site-packages/tmr_msgs/srv/_connect_tm.py
[2.570s] -- Up-to-date: /home/gy/Omron_TM_ROS2/install/tmr_msgs/lib/python3.8/site-packages/tmr_msgs/srv/_send_script_s.c
[2.571s] -- Up-to-date: /home/gy/Omron_TM_ROS2/install/tmr_msgs/lib/python3.8/site-packages/tmr_msgs/srv/_set_event_s.c
[2.571s] -- Up-to-date: /home/gy/Omron_TM_ROS2/install/tmr_msgs/lib/python3.8/site-packages/tmr_msgs/srv/_set_positions.py
[2.571s] -- Up-to-date: /home/gy/Omron_TM_ROS2/install/tmr_msgs/lib/python3.8/site-packages/tmr_msgs/srv/__init__.py
[2.571s] -- Up-to-date: /home/gy/Omron_TM_ROS2/install/tmr_msgs/lib/python3.8/site-packages/tmr_msgs/srv/_ask_item_s.c
[2.572s] -- Up-to-date: /home/gy/Omron_TM_ROS2/install/tmr_msgs/lib/python3.8/site-packages/tmr_msgs/srv/_set_io.py
[2.572s] -- Up-to-date: /home/gy/Omron_TM_ROS2/install/tmr_msgs/lib/python3.8/site-packages/tmr_msgs/srv/_connect_tm_s.c
[2.574s] -- Up-to-date: /home/gy/Omron_TM_ROS2/install/tmr_msgs/lib/python3.8/site-packages/tmr_msgs/srv/_send_script.py
[2.574s] -- Up-to-date: /home/gy/Omron_TM_ROS2/install/tmr_msgs/lib/python3.8/site-packages/tmr_msgs/srv/_set_positions_s.c
[2.574s] -- Up-to-date: /home/gy/Omron_TM_ROS2/install/tmr_msgs/lib/python3.8/site-packages/tmr_msgs/srv/_set_io_s.c
[2.574s] -- Up-to-date: /home/gy/Omron_TM_ROS2/install/tmr_msgs/lib/python3.8/site-packages/tmr_msgs/srv/_ask_sta.py
[2.574s] -- Up-to-date: /home/gy/Omron_TM_ROS2/install/tmr_msgs/lib/python3.8/site-packages/tmr_msgs/srv/_ask_sta_s.c
[2.574s] -- Up-to-date: /home/gy/Omron_TM_ROS2/install/tmr_msgs/lib/python3.8/site-packages/tmr_msgs/srv/_ask_item.py
[2.574s] -- Up-to-date: /home/gy/Omron_TM_ROS2/install/tmr_msgs/lib/python3.8/site-packages/tmr_msgs/tmr_msgs_s__rosidl_typesupport_fastrtps_c.cpython-38-x86_64-linux-gnu.so
[2.575s] -- Up-to-date: /home/gy/Omron_TM_ROS2/install/tmr_msgs/lib/python3.8/site-packages/tmr_msgs/tmr_msgs_s__rosidl_typesupport_introspection_c.cpython-38-x86_64-linux-gnu.so
[2.575s] -- Up-to-date: /home/gy/Omron_TM_ROS2/install/tmr_msgs/lib/python3.8/site-packages/tmr_msgs/tmr_msgs_s__rosidl_typesupport_c.cpython-38-x86_64-linux-gnu.so
[2.575s] -- Up-to-date: /home/gy/Omron_TM_ROS2/install/tmr_msgs/lib/libtmr_msgs__python.so
[2.575s] -- Up-to-date: /home/gy/Omron_TM_ROS2/install/tmr_msgs/share/tmr_msgs/msg/FeedbackState.idl
[2.575s] -- Up-to-date: /home/gy/Omron_TM_ROS2/install/tmr_msgs/share/tmr_msgs/msg/SvrResponse.idl
[2.575s] -- Up-to-date: /home/gy/Omron_TM_ROS2/install/tmr_msgs/share/tmr_msgs/msg/SctResponse.idl
[2.575s] -- Up-to-date: /home/gy/Omron_TM_ROS2/install/tmr_msgs/share/tmr_msgs/msg/StaResponse.idl
[2.575s] -- Up-to-date: /home/gy/Omron_TM_ROS2/install/tmr_msgs/share/tmr_msgs/srv/ConnectTM.idl
[2.576s] -- Up-to-date: /home/gy/Omron_TM_ROS2/install/tmr_msgs/share/tmr_msgs/srv/WriteItem.idl
[2.576s] -- Up-to-date: /home/gy/Omron_TM_ROS2/install/tmr_msgs/share/tmr_msgs/srv/AskItem.idl
[2.576s] -- Up-to-date: /home/gy/Omron_TM_ROS2/install/tmr_msgs/share/tmr_msgs/srv/SendScript.idl
[2.576s] -- Up-to-date: /home/gy/Omron_TM_ROS2/install/tmr_msgs/share/tmr_msgs/srv/SetEvent.idl
[2.576s] -- Up-to-date: /home/gy/Omron_TM_ROS2/install/tmr_msgs/share/tmr_msgs/srv/SetIO.idl
[2.576s] -- Up-to-date: /home/gy/Omron_TM_ROS2/install/tmr_msgs/share/tmr_msgs/srv/SetPositions.idl
[2.577s] -- Up-to-date: /home/gy/Omron_TM_ROS2/install/tmr_msgs/share/tmr_msgs/srv/AskSta.idl
[2.577s] -- Up-to-date: /home/gy/Omron_TM_ROS2/install/tmr_msgs/share/tmr_msgs/msg/FeedbackState.msg
[2.577s] -- Up-to-date: /home/gy/Omron_TM_ROS2/install/tmr_msgs/share/tmr_msgs/msg/SvrResponse.msg
[2.577s] -- Up-to-date: /home/gy/Omron_TM_ROS2/install/tmr_msgs/share/tmr_msgs/msg/SctResponse.msg
[2.577s] -- Up-to-date: /home/gy/Omron_TM_ROS2/install/tmr_msgs/share/tmr_msgs/msg/StaResponse.msg
[2.581s] -- Up-to-date: /home/gy/Omron_TM_ROS2/install/tmr_msgs/share/tmr_msgs/srv/ConnectTM.srv
[2.582s] -- Up-to-date: /home/gy/Omron_TM_ROS2/install/tmr_msgs/share/tmr_msgs/srv/ConnectTM_Request.msg
[2.582s] -- Up-to-date: /home/gy/Omron_TM_ROS2/install/tmr_msgs/share/tmr_msgs/srv/ConnectTM_Response.msg
[2.582s] -- Up-to-date: /home/gy/Omron_TM_ROS2/install/tmr_msgs/share/tmr_msgs/srv/WriteItem.srv
[2.582s] -- Up-to-date: /home/gy/Omron_TM_ROS2/install/tmr_msgs/share/tmr_msgs/srv/WriteItem_Request.msg
[2.582s] -- Up-to-date: /home/gy/Omron_TM_ROS2/install/tmr_msgs/share/tmr_msgs/srv/WriteItem_Response.msg
[2.582s] -- Up-to-date: /home/gy/Omron_TM_ROS2/install/tmr_msgs/share/tmr_msgs/srv/AskItem.srv
[2.583s] -- Up-to-date: /home/gy/Omron_TM_ROS2/install/tmr_msgs/share/tmr_msgs/srv/AskItem_Request.msg
[2.583s] -- Up-to-date: /home/gy/Omron_TM_ROS2/install/tmr_msgs/share/tmr_msgs/srv/AskItem_Response.msg
[2.583s] -- Up-to-date: /home/gy/Omron_TM_ROS2/install/tmr_msgs/share/tmr_msgs/srv/SendScript.srv
[2.583s] -- Up-to-date: /home/gy/Omron_TM_ROS2/install/tmr_msgs/share/tmr_msgs/srv/SendScript_Request.msg
[2.583s] -- Up-to-date: /home/gy/Omron_TM_ROS2/install/tmr_msgs/share/tmr_msgs/srv/SendScript_Response.msg
[2.584s] -- Up-to-date: /home/gy/Omron_TM_ROS2/install/tmr_msgs/share/tmr_msgs/srv/SetEvent.srv
[2.584s] -- Up-to-date: /home/gy/Omron_TM_ROS2/install/tmr_msgs/share/tmr_msgs/srv/SetEvent_Request.msg
[2.585s] -- Up-to-date: /home/gy/Omron_TM_ROS2/install/tmr_msgs/share/tmr_msgs/srv/SetEvent_Response.msg
[2.586s] -- Up-to-date: /home/gy/Omron_TM_ROS2/install/tmr_msgs/share/tmr_msgs/srv/SetIO.srv
[2.588s] -- Up-to-date: /home/gy/Omron_TM_ROS2/install/tmr_msgs/share/tmr_msgs/srv/SetIO_Request.msg
[2.588s] -- Up-to-date: /home/gy/Omron_TM_ROS2/install/tmr_msgs/share/tmr_msgs/srv/SetIO_Response.msg
[2.588s] -- Up-to-date: /home/gy/Omron_TM_ROS2/install/tmr_msgs/share/tmr_msgs/srv/SetPositions.srv
[2.589s] -- Up-to-date: /home/gy/Omron_TM_ROS2/install/tmr_msgs/share/tmr_msgs/srv/SetPositions_Request.msg
[2.589s] -- Up-to-date: /home/gy/Omron_TM_ROS2/install/tmr_msgs/share/tmr_msgs/srv/SetPositions_Response.msg
[2.593s] -- Up-to-date: /home/gy/Omron_TM_ROS2/install/tmr_msgs/share/tmr_msgs/srv/AskSta.srv
[2.594s] -- Up-to-date: /home/gy/Omron_TM_ROS2/install/tmr_msgs/share/tmr_msgs/srv/AskSta_Request.msg
[2.594s] -- Up-to-date: /home/gy/Omron_TM_ROS2/install/tmr_msgs/share/tmr_msgs/srv/AskSta_Response.msg
[2.594s] -- Up-to-date: /home/gy/Omron_TM_ROS2/install/tmr_msgs/share/ament_index/resource_index/package_run_dependencies/tmr_msgs
[2.594s] -- Up-to-date: /home/gy/Omron_TM_ROS2/install/tmr_msgs/share/ament_index/resource_index/parent_prefix_path/tmr_msgs
[2.594s] -- Up-to-date: /home/gy/Omron_TM_ROS2/install/tmr_msgs/share/tmr_msgs/environment/ament_prefix_path.sh
[2.594s] -- Up-to-date: /home/gy/Omron_TM_ROS2/install/tmr_msgs/share/tmr_msgs/environment/ament_prefix_path.dsv
[2.595s] -- Up-to-date: /home/gy/Omron_TM_ROS2/install/tmr_msgs/share/tmr_msgs/environment/path.sh
[2.595s] -- Up-to-date: /home/gy/Omron_TM_ROS2/install/tmr_msgs/share/tmr_msgs/environment/path.dsv
[2.595s] -- Up-to-date: /home/gy/Omron_TM_ROS2/install/tmr_msgs/share/tmr_msgs/local_setup.bash
[2.596s] -- Up-to-date: /home/gy/Omron_TM_ROS2/install/tmr_msgs/share/tmr_msgs/local_setup.sh
[2.596s] -- Up-to-date: /home/gy/Omron_TM_ROS2/install/tmr_msgs/share/tmr_msgs/local_setup.zsh
[2.596s] -- Up-to-date: /home/gy/Omron_TM_ROS2/install/tmr_msgs/share/tmr_msgs/local_setup.dsv
[2.601s] -- Installing: /home/gy/Omron_TM_ROS2/install/tmr_msgs/share/tmr_msgs/package.dsv
[2.602s] -- Up-to-date: /home/gy/Omron_TM_ROS2/install/tmr_msgs/share/ament_index/resource_index/packages/tmr_msgs
[2.602s] -- Up-to-date: /home/gy/Omron_TM_ROS2/install/tmr_msgs/share/tmr_msgs/cmake/tmr_msgs__rosidl_generator_cExport.cmake
[2.602s] -- Up-to-date: /home/gy/Omron_TM_ROS2/install/tmr_msgs/share/tmr_msgs/cmake/tmr_msgs__rosidl_generator_cExport-noconfig.cmake
[2.602s] -- Up-to-date: /home/gy/Omron_TM_ROS2/install/tmr_msgs/share/tmr_msgs/cmake/tmr_msgs__rosidl_typesupport_introspection_cExport.cmake
[2.604s] -- Up-to-date: /home/gy/Omron_TM_ROS2/install/tmr_msgs/share/tmr_msgs/cmake/tmr_msgs__rosidl_typesupport_introspection_cExport-noconfig.cmake
[2.604s] -- Up-to-date: /home/gy/Omron_TM_ROS2/install/tmr_msgs/share/tmr_msgs/cmake/tmr_msgs__rosidl_typesupport_cExport.cmake
[2.604s] -- Up-to-date: /home/gy/Omron_TM_ROS2/install/tmr_msgs/share/tmr_msgs/cmake/tmr_msgs__rosidl_typesupport_cExport-noconfig.cmake
[2.604s] -- Up-to-date: /home/gy/Omron_TM_ROS2/install/tmr_msgs/share/tmr_msgs/cmake/tmr_msgs__rosidl_generator_cppExport.cmake
[2.604s] -- Up-to-date: /home/gy/Omron_TM_ROS2/install/tmr_msgs/share/tmr_msgs/cmake/tmr_msgs__rosidl_typesupport_introspection_cppExport.cmake
[2.604s] -- Up-to-date: /home/gy/Omron_TM_ROS2/install/tmr_msgs/share/tmr_msgs/cmake/tmr_msgs__rosidl_typesupport_introspection_cppExport-noconfig.cmake
[2.605s] -- Up-to-date: /home/gy/Omron_TM_ROS2/install/tmr_msgs/share/tmr_msgs/cmake/tmr_msgs__rosidl_typesupport_cppExport.cmake
[2.605s] -- Up-to-date: /home/gy/Omron_TM_ROS2/install/tmr_msgs/share/tmr_msgs/cmake/tmr_msgs__rosidl_typesupport_cppExport-noconfig.cmake
[2.605s] -- Up-to-date: /home/gy/Omron_TM_ROS2/install/tmr_msgs/share/tmr_msgs/cmake/rosidl_cmake-extras.cmake
[2.605s] -- Up-to-date: /home/gy/Omron_TM_ROS2/install/tmr_msgs/share/tmr_msgs/cmake/ament_cmake_export_dependencies-extras.cmake
[2.605s] -- Up-to-date: /home/gy/Omron_TM_ROS2/install/tmr_msgs/share/tmr_msgs/cmake/ament_cmake_export_libraries-extras.cmake
[2.605s] -- Up-to-date: /home/gy/Omron_TM_ROS2/install/tmr_msgs/share/tmr_msgs/cmake/ament_cmake_export_targets-extras.cmake
[2.605s] -- Up-to-date: /home/gy/Omron_TM_ROS2/install/tmr_msgs/share/tmr_msgs/cmake/ament_cmake_export_include_directories-extras.cmake
[2.605s] -- Up-to-date: /home/gy/Omron_TM_ROS2/install/tmr_msgs/share/tmr_msgs/cmake/rosidl_cmake_export_typesupport_libraries-extras.cmake
[2.606s] -- Up-to-date: /home/gy/Omron_TM_ROS2/install/tmr_msgs/share/tmr_msgs/cmake/rosidl_cmake_export_typesupport_targets-extras.cmake
[2.606s] -- Up-to-date: /home/gy/Omron_TM_ROS2/install/tmr_msgs/share/tmr_msgs/cmake/tmr_msgsConfig.cmake
[2.606s] -- Up-to-date: /home/gy/Omron_TM_ROS2/install/tmr_msgs/share/tmr_msgs/cmake/tmr_msgsConfig-version.cmake
[2.606s] -- Up-to-date: /home/gy/Omron_TM_ROS2/install/tmr_msgs/share/tmr_msgs/package.xml
[2.618s] Invoked command in '/home/gy/Omron_TM_ROS2/build/tmr_msgs' returned '0': CMAKE_PREFIX_PATH=/home/gy/Omron_TM_ROS2/install/tmr_mod_urdf:/home/gy/Omron_TM_ROS2/install/tm_get_status:/home/gy/Omron_TM_ROS2/install/rviz_tm:/home/gy/Omron_TM_ROS2/install/pickplace:/opt/ros/foxy:${CMAKE_PREFIX_PATH} /usr/bin/cmake --install /home/gy/Omron_TM_ROS2/build/tmr_msgs
