[0.028s] Invoking command in '/home/gy/Omron_TM_ROS2/build/tmrlib': CMAKE_PREFIX_PATH=${CMAKE_PREFIX_PATH}:/home/gy/Omron_TM_ROS2/install/tmr_mod_urdf:/home/gy/Omron_TM_ROS2/install/tm_get_status:/home/gy/Omron_TM_ROS2/install/rviz_tm:/home/gy/Omron_TM_ROS2/install/pickplace:/opt/ros/foxy /usr/bin/cmake /home/gy/Omron_TM_ROS2/tmrlib -DCMAKE_INSTALL_PREFIX=/home/gy/Omron_TM_ROS2/install/tmrlib
[0.359s] -- The C compiler identification is GNU 9.3.0
[0.652s] -- The CXX compiler identification is GNU 9.3.0
[0.699s] -- Check for working C compiler: /usr/bin/cc
[1.067s] -- Check for working C compiler: /usr/bin/cc -- works
[1.067s] -- Detecting C compiler ABI info
[1.271s] -- Detecting C compiler ABI info - done
[1.391s] -- Detecting C compile features
[1.392s] -- Detecting C compile features - done
[1.412s] -- Check for working CXX compiler: /usr/bin/c++
[1.854s] -- Check for working CXX compiler: /usr/bin/c++ -- works
[1.854s] -- Detecting CXX compiler ABI info
[2.083s] -- Detecting CXX compiler ABI info - done
[2.159s] -- Detecting CXX compile features
[2.161s] -- Detecting CXX compile features - done
[2.165s] -- Found ament_cmake: 0.9.8 (/opt/ros/foxy/share/ament_cmake/cmake)
[2.247s] -- Found PythonInterp: /usr/bin/python3 (found suitable version "3.8.5", minimum required is "3") 
[2.247s] -- Using PYTHON_EXECUTABLE: /usr/bin/python3
[3.307s] -- Found rclcpp: 2.3.1 (/opt/ros/foxy/share/rclcpp/cmake)
[3.533s] -- Using all available rosidl_typesupport_c: rosidl_typesupport_fastrtps_c;rosidl_typesupport_introspection_c
[3.556s] -- Found rosidl_adapter: 1.2.1 (/opt/ros/foxy/share/rosidl_adapter/cmake)
[3.936s] -- Found OpenSSL: /usr/lib/x86_64-linux-gnu/libcrypto.so (found version "1.1.1f")  
[4.067s] -- Found FastRTPS: /opt/ros/foxy/include  
[4.331s] -- Using all available rosidl_typesupport_cpp: rosidl_typesupport_fastrtps_cpp;rosidl_typesupport_introspection_cpp
[4.547s] -- Found rmw_implementation_cmake: 1.0.3 (/opt/ros/foxy/share/rmw_implementation_cmake/cmake)
[4.557s] -- Using RMW implementation 'rmw_fastrtps_cpp' as default
[4.562s] -- Looking for pthread.h
[4.742s] -- Looking for pthread.h - found
[4.742s] -- Performing Test CMAKE_HAVE_LIBC_PTHREAD
[5.069s] -- Performing Test CMAKE_HAVE_LIBC_PTHREAD - Failed
[5.070s] -- Looking for pthread_create in pthreads
[5.340s] -- Looking for pthread_create in pthreads - not found
[5.340s] -- Looking for pthread_create in pthread
[5.606s] -- Looking for pthread_create in pthread - found
[5.611s] -- Found Threads: TRUE  
[6.431s] -- Found ament_lint_auto: 0.9.6 (/opt/ros/foxy/share/ament_lint_auto/cmake)
[6.736s] -- Added test 'copyright' to check source files copyright and LICENSE
[6.746s] -- Added test 'cppcheck' to perform static code analysis on C / C++ code
[6.759s] -- Configured cppcheck include dirs: /home/gy/Omron_TM_ROS2/tmrlib/include
[6.759s] -- Configured cppcheck exclude dirs and/or files: 
[6.760s] -- Added test 'cpplint' to check C / C++ code against the Google style
[6.760s] -- Configured cpplint exclude dirs and/or files: 
[6.760s] -- Added test 'lint_cmake' to check CMake code style
[6.764s] -- Added test 'uncrustify' to check C / C++ code style
[6.765s] -- Configured uncrustify additional arguments: 
[6.777s] -- Added test 'xmllint' to check XML markup files
[6.787s] -- Configuring done
[6.826s] -- Generating done
[6.839s] -- Build files have been written to: /home/gy/Omron_TM_ROS2/build/tmrlib
[6.860s] Invoked command in '/home/gy/Omron_TM_ROS2/build/tmrlib' returned '0': CMAKE_PREFIX_PATH=${CMAKE_PREFIX_PATH}:/home/gy/Omron_TM_ROS2/install/tmr_mod_urdf:/home/gy/Omron_TM_ROS2/install/tm_get_status:/home/gy/Omron_TM_ROS2/install/rviz_tm:/home/gy/Omron_TM_ROS2/install/pickplace:/opt/ros/foxy /usr/bin/cmake /home/gy/Omron_TM_ROS2/tmrlib -DCMAKE_INSTALL_PREFIX=/home/gy/Omron_TM_ROS2/install/tmrlib
[6.861s] Invoking command in '/home/gy/Omron_TM_ROS2/build/tmrlib': CMAKE_PREFIX_PATH=${CMAKE_PREFIX_PATH}:/home/gy/Omron_TM_ROS2/install/tmr_mod_urdf:/home/gy/Omron_TM_ROS2/install/tm_get_status:/home/gy/Omron_TM_ROS2/install/rviz_tm:/home/gy/Omron_TM_ROS2/install/pickplace:/opt/ros/foxy /usr/bin/cmake --build /home/gy/Omron_TM_ROS2/build/tmrlib -- -j3 -l3
[7.035s] [35m[1mScanning dependencies of target tmrdriver[0m
[7.243s] [ 12%] [32mBuilding CXX object CMakeFiles/tmrdriver.dir/src/tmr_driver.cpp.o[0m
[9.711s] [ 25%] [32mBuilding CXX object CMakeFiles/tmrdriver.dir/src/tmr_tmsct_communication.cpp.o[0m
[11.719s] [ 37%] [32mBuilding CXX object CMakeFiles/tmrdriver.dir/src/tmr_tmsvr_communication.cpp.o[0m
[13.784s] [ 50%] [32mBuilding CXX object CMakeFiles/tmrdriver.dir/src/tmr_communication.cpp.o[0m
[16.010s] [ 62%] [32mBuilding CXX object CMakeFiles/tmrdriver.dir/src/tmr_robot_state.cpp.o[0m
[19.804s] [ 75%] [32mBuilding CXX object CMakeFiles/tmrdriver.dir/src/tmr_tmpacket.cpp.o[0m
[21.927s] [ 87%] [32mBuilding CXX object CMakeFiles/tmrdriver.dir/src/tmr_command.cpp.o[0m
[23.493s] [100%] [32m[1mLinking CXX static library libtmrdriver.a[0m
[23.728s] [100%] Built target tmrdriver
[23.757s] Invoked command in '/home/gy/Omron_TM_ROS2/build/tmrlib' returned '0': CMAKE_PREFIX_PATH=${CMAKE_PREFIX_PATH}:/home/gy/Omron_TM_ROS2/install/tmr_mod_urdf:/home/gy/Omron_TM_ROS2/install/tm_get_status:/home/gy/Omron_TM_ROS2/install/rviz_tm:/home/gy/Omron_TM_ROS2/install/pickplace:/opt/ros/foxy /usr/bin/cmake --build /home/gy/Omron_TM_ROS2/build/tmrlib -- -j3 -l3
[24.047s] Invoking command in '/home/gy/Omron_TM_ROS2/build/tmrlib': CMAKE_PREFIX_PATH=${CMAKE_PREFIX_PATH}:/home/gy/Omron_TM_ROS2/install/tmr_mod_urdf:/home/gy/Omron_TM_ROS2/install/tm_get_status:/home/gy/Omron_TM_ROS2/install/rviz_tm:/home/gy/Omron_TM_ROS2/install/pickplace:/opt/ros/foxy /usr/bin/cmake --install /home/gy/Omron_TM_ROS2/build/tmrlib
[24.051s] -- Install configuration: ""
[24.058s] -- Installing: /home/gy/Omron_TM_ROS2/install/tmrlib/share/tmrlib/environment/library_path.sh
[24.058s] -- Installing: /home/gy/Omron_TM_ROS2/install/tmrlib/share/tmrlib/environment/library_path.dsv
[24.058s] -- Installing: /home/gy/Omron_TM_ROS2/install/tmrlib/include
[24.059s] -- Installing: /home/gy/Omron_TM_ROS2/install/tmrlib/include/tmr
[24.059s] -- Installing: /home/gy/Omron_TM_ROS2/install/tmrlib/include/tmr/tmr_communication.h
[24.059s] -- Installing: /home/gy/Omron_TM_ROS2/install/tmrlib/include/tmr/tmr_tmpacket.h
[24.059s] -- Installing: /home/gy/Omron_TM_ROS2/install/tmrlib/include/tmr/tmr_print.h
[24.059s] -- Installing: /home/gy/Omron_TM_ROS2/install/tmrlib/include/tmr/tmr_robot_state.h
[24.059s] -- Installing: /home/gy/Omron_TM_ROS2/install/tmrlib/include/tmr/tmr_tmsct_communication.h
[24.059s] -- Installing: /home/gy/Omron_TM_ROS2/install/tmrlib/include/tmr/tmr_command.h
[24.060s] -- Installing: /home/gy/Omron_TM_ROS2/install/tmrlib/include/tmr/tmr_tmsvr_communication.h
[24.060s] -- Installing: /home/gy/Omron_TM_ROS2/install/tmrlib/include/tmr/tmr_data_table.h
[24.073s] -- Installing: /home/gy/Omron_TM_ROS2/install/tmrlib/include/tmr/tmr_driver.h
[24.074s] -- Installing: /home/gy/Omron_TM_ROS2/install/tmrlib/lib/libtmrdriver.a
[24.077s] -- Installing: /home/gy/Omron_TM_ROS2/install/tmrlib/share/ament_index/resource_index/package_run_dependencies/tmrlib
[24.077s] -- Installing: /home/gy/Omron_TM_ROS2/install/tmrlib/share/ament_index/resource_index/parent_prefix_path/tmrlib
[24.078s] -- Installing: /home/gy/Omron_TM_ROS2/install/tmrlib/share/tmrlib/environment/ament_prefix_path.sh
[24.078s] -- Installing: /home/gy/Omron_TM_ROS2/install/tmrlib/share/tmrlib/environment/ament_prefix_path.dsv
[24.078s] -- Installing: /home/gy/Omron_TM_ROS2/install/tmrlib/share/tmrlib/environment/path.sh
[24.078s] -- Installing: /home/gy/Omron_TM_ROS2/install/tmrlib/share/tmrlib/environment/path.dsv
[24.079s] -- Installing: /home/gy/Omron_TM_ROS2/install/tmrlib/share/tmrlib/local_setup.bash
[24.079s] -- Installing: /home/gy/Omron_TM_ROS2/install/tmrlib/share/tmrlib/local_setup.sh
[24.079s] -- Installing: /home/gy/Omron_TM_ROS2/install/tmrlib/share/tmrlib/local_setup.zsh
[24.079s] -- Installing: /home/gy/Omron_TM_ROS2/install/tmrlib/share/tmrlib/local_setup.dsv
[24.079s] -- Installing: /home/gy/Omron_TM_ROS2/install/tmrlib/share/tmrlib/package.dsv
[24.079s] -- Installing: /home/gy/Omron_TM_ROS2/install/tmrlib/share/ament_index/resource_index/packages/tmrlib
[24.080s] -- Installing: /home/gy/Omron_TM_ROS2/install/tmrlib/share/tmrlib/cmake/export_tmrdriverExport.cmake
[24.080s] -- Installing: /home/gy/Omron_TM_ROS2/install/tmrlib/share/tmrlib/cmake/export_tmrdriverExport-noconfig.cmake
[24.080s] -- Installing: /home/gy/Omron_TM_ROS2/install/tmrlib/share/tmrlib/cmake/ament_cmake_export_targets-extras.cmake
[24.080s] -- Installing: /home/gy/Omron_TM_ROS2/install/tmrlib/share/tmrlib/cmake/tmrlibConfig.cmake
[24.080s] -- Installing: /home/gy/Omron_TM_ROS2/install/tmrlib/share/tmrlib/cmake/tmrlibConfig-version.cmake
[24.080s] -- Installing: /home/gy/Omron_TM_ROS2/install/tmrlib/share/tmrlib/package.xml
[24.094s] Invoked command in '/home/gy/Omron_TM_ROS2/build/tmrlib' returned '0': CMAKE_PREFIX_PATH=${CMAKE_PREFIX_PATH}:/home/gy/Omron_TM_ROS2/install/tmr_mod_urdf:/home/gy/Omron_TM_ROS2/install/tm_get_status:/home/gy/Omron_TM_ROS2/install/rviz_tm:/home/gy/Omron_TM_ROS2/install/pickplace:/opt/ros/foxy /usr/bin/cmake --install /home/gy/Omron_TM_ROS2/build/tmrlib
