[0.688s] Invoking command in '/home/gy/Omron_TM_ROS2/pickplace': PYTHONPATH=/home/gy/Omron_TM_ROS2/install/pickplace/lib/python3.8/site-packages:${PYTHONPATH} /usr/bin/python3 setup.py egg_info --egg-base ../build/pickplace build --build-base /home/gy/Omron_TM_ROS2/build/pickplace/build install --prefix /home/gy/Omron_TM_ROS2/install/pickplace --record /home/gy/Omron_TM_ROS2/build/pickplace/install.log --single-version-externally-managed
[1.180s] running egg_info
[1.181s] writing ../build/pickplace/pickplace.egg-info/PKG-INFO
[1.181s] writing dependency_links to ../build/pickplace/pickplace.egg-info/dependency_links.txt
[1.181s] writing entry points to ../build/pickplace/pickplace.egg-info/entry_points.txt
[1.182s] writing requirements to ../build/pickplace/pickplace.egg-info/requires.txt
[1.182s] writing top-level names to ../build/pickplace/pickplace.egg-info/top_level.txt
[1.280s] reading manifest file '../build/pickplace/pickplace.egg-info/SOURCES.txt'
[1.285s] writing manifest file '../build/pickplace/pickplace.egg-info/SOURCES.txt'
[1.286s] running build
[1.286s] running build_py
[1.286s] running install
[1.288s] running install_lib
[1.291s] running install_data
[1.313s] running install_egg_info
[1.331s] removing '/home/gy/Omron_TM_ROS2/install/pickplace/lib/python3.8/site-packages/pickplace-0.0.0-py3.8.egg-info' (and everything under it)
[1.332s] Copying ../build/pickplace/pickplace.egg-info to /home/gy/Omron_TM_ROS2/install/pickplace/lib/python3.8/site-packages/pickplace-0.0.0-py3.8.egg-info
[1.343s] running install_scripts
[1.423s] Installing initialise script to /home/gy/Omron_TM_ROS2/install/pickplace/lib/pickplace
[1.424s] Installing pickplace script to /home/gy/Omron_TM_ROS2/install/pickplace/lib/pickplace
[1.425s] writing list of installed files to '/home/gy/Omron_TM_ROS2/build/pickplace/install.log'
[1.469s] Invoked command in '/home/gy/Omron_TM_ROS2/pickplace' returned '0': PYTHONPATH=/home/gy/Omron_TM_ROS2/install/pickplace/lib/python3.8/site-packages:${PYTHONPATH} /usr/bin/python3 setup.py egg_info --egg-base ../build/pickplace build --build-base /home/gy/Omron_TM_ROS2/build/pickplace/build install --prefix /home/gy/Omron_TM_ROS2/install/pickplace --record /home/gy/Omron_TM_ROS2/build/pickplace/install.log --single-version-externally-managed
