[0.652s] DEBUG:colcon:Command line arguments: ['/usr/bin/colcon', 'build', '--symlink-install', '--packages-select', 'pickplace']
[0.653s] DEBUG:colcon:Parsed command line arguments: Namespace(ament_cmake_args=None, base_paths=['.'], build_base='build', catkin_cmake_args=None, catkin_skip_building_tests=False, cmake_args=None, cmake_clean_cache=False, cmake_clean_first=False, cmake_force_configure=False, cmake_target=None, cmake_target_skip_unavailable=False, continue_on_error=False, event_handlers=None, executor='parallel', ignore_user_meta=False, install_base='install', log_base=None, log_level=None, main=<bound method BuildVerb.main of <colcon_core.verb.build.BuildVerb object at 0x7f0d363bddf0>>, merge_install=False, metas=['./colcon.meta'], packages_above=None, packages_above_and_dependencies=None, packages_above_depth=None, packages_end=None, packages_ignore=None, packages_ignore_regex=None, packages_select=['pickplace'], packages_select_build_failed=False, packages_select_by_dep=None, packages_select_regex=None, packages_select_test_failures=False, packages_skip=None, packages_skip_build_finished=False, packages_skip_by_dep=None, packages_skip_regex=None, packages_skip_test_passed=False, packages_skip_up_to=None, packages_start=None, packages_up_to=None, packages_up_to_regex=None, parallel_workers=3, paths=None, symlink_install=True, test_result_base=None, verb_extension=<colcon_core.verb.build.BuildVerb object at 0x7f0d363bddf0>, verb_name='build', verb_parser=<colcon_defaults.argument_parser.defaults.DefaultArgumentsDecorator object at 0x7f0d363ca3a0>)
[0.667s] Level 1:colcon.colcon_core.package_discovery:discover_packages(colcon_meta) check parameters
[0.667s] Level 1:colcon.colcon_core.package_discovery:discover_packages(recursive) check parameters
[0.667s] Level 1:colcon.colcon_core.package_discovery:discover_packages(ignore) check parameters
[0.667s] Level 1:colcon.colcon_core.package_discovery:discover_packages(path) check parameters
[0.667s] Level 1:colcon.colcon_core.package_discovery:discover_packages(colcon_meta) discover
[0.667s] Level 1:colcon.colcon_core.package_discovery:discover_packages(recursive) discover
[0.667s] INFO:colcon.colcon_core.package_discovery:Crawling recursively for packages in '/home/gy/Omron_TM_ROS2'
[0.667s] Level 1:colcon.colcon_core.package_identification:_identify(.) by extensions ['ignore', 'ignore_ament_install']
[0.668s] Level 1:colcon.colcon_core.package_identification:_identify(.) by extension 'ignore'
[0.668s] Level 1:colcon.colcon_core.package_identification:_identify(.) by extension 'ignore_ament_install'
[0.668s] Level 1:colcon.colcon_core.package_identification:_identify(.) by extensions ['colcon_pkg']
[0.668s] Level 1:colcon.colcon_core.package_identification:_identify(.) by extension 'colcon_pkg'
[0.668s] Level 1:colcon.colcon_core.package_identification:_identify(.) by extensions ['colcon_meta']
[0.668s] Level 1:colcon.colcon_core.package_identification:_identify(.) by extension 'colcon_meta'
[0.668s] Level 1:colcon.colcon_core.package_identification:_identify(.) by extensions ['ros']
[0.668s] Level 1:colcon.colcon_core.package_identification:_identify(.) by extension 'ros'
[0.695s] Level 1:colcon.colcon_core.package_identification:_identify(.) by extensions ['cmake', 'python']
[0.695s] Level 1:colcon.colcon_core.package_identification:_identify(.) by extension 'cmake'
[0.695s] Level 1:colcon.colcon_core.package_identification:_identify(.) by extension 'python'
[0.695s] Level 1:colcon.colcon_core.package_identification:_identify(.) by extensions ['python_setup_py']
[0.695s] Level 1:colcon.colcon_core.package_identification:_identify(.) by extension 'python_setup_py'
[0.695s] Level 1:colcon.colcon_core.package_identification:_identify(TM_Export) by extensions ['ignore', 'ignore_ament_install']
[0.695s] Level 1:colcon.colcon_core.package_identification:_identify(TM_Export) by extension 'ignore'
[0.696s] Level 1:colcon.colcon_core.package_identification:_identify(TM_Export) by extension 'ignore_ament_install'
[0.696s] Level 1:colcon.colcon_core.package_identification:_identify(TM_Export) by extensions ['colcon_pkg']
[0.696s] Level 1:colcon.colcon_core.package_identification:_identify(TM_Export) by extension 'colcon_pkg'
[0.696s] Level 1:colcon.colcon_core.package_identification:_identify(TM_Export) by extensions ['colcon_meta']
[0.696s] Level 1:colcon.colcon_core.package_identification:_identify(TM_Export) by extension 'colcon_meta'
[0.696s] Level 1:colcon.colcon_core.package_identification:_identify(TM_Export) by extensions ['ros']
[0.696s] Level 1:colcon.colcon_core.package_identification:_identify(TM_Export) by extension 'ros'
[0.696s] Level 1:colcon.colcon_core.package_identification:_identify(TM_Export) by extensions ['cmake', 'python']
[0.696s] Level 1:colcon.colcon_core.package_identification:_identify(TM_Export) by extension 'cmake'
[0.696s] Level 1:colcon.colcon_core.package_identification:_identify(TM_Export) by extension 'python'
[0.696s] Level 1:colcon.colcon_core.package_identification:_identify(TM_Export) by extensions ['python_setup_py']
[0.696s] Level 1:colcon.colcon_core.package_identification:_identify(TM_Export) by extension 'python_setup_py'
[0.697s] Level 1:colcon.colcon_core.package_identification:_identify(TM_Export/TM002038_BC184961) by extensions ['ignore', 'ignore_ament_install']
[0.697s] Level 1:colcon.colcon_core.package_identification:_identify(TM_Export/TM002038_BC184961) by extension 'ignore'
[0.697s] Level 1:colcon.colcon_core.package_identification:_identify(TM_Export/TM002038_BC184961) by extension 'ignore_ament_install'
[0.697s] Level 1:colcon.colcon_core.package_identification:_identify(TM_Export/TM002038_BC184961) by extensions ['colcon_pkg']
[0.697s] Level 1:colcon.colcon_core.package_identification:_identify(TM_Export/TM002038_BC184961) by extension 'colcon_pkg'
[0.697s] Level 1:colcon.colcon_core.package_identification:_identify(TM_Export/TM002038_BC184961) by extensions ['colcon_meta']
[0.697s] Level 1:colcon.colcon_core.package_identification:_identify(TM_Export/TM002038_BC184961) by extension 'colcon_meta'
[0.697s] Level 1:colcon.colcon_core.package_identification:_identify(TM_Export/TM002038_BC184961) by extensions ['ros']
[0.697s] Level 1:colcon.colcon_core.package_identification:_identify(TM_Export/TM002038_BC184961) by extension 'ros'
[0.697s] Level 1:colcon.colcon_core.package_identification:_identify(TM_Export/TM002038_BC184961) by extensions ['cmake', 'python']
[0.698s] Level 1:colcon.colcon_core.package_identification:_identify(TM_Export/TM002038_BC184961) by extension 'cmake'
[0.698s] Level 1:colcon.colcon_core.package_identification:_identify(TM_Export/TM002038_BC184961) by extension 'python'
[0.698s] Level 1:colcon.colcon_core.package_identification:_identify(TM_Export/TM002038_BC184961) by extensions ['python_setup_py']
[0.698s] Level 1:colcon.colcon_core.package_identification:_identify(TM_Export/TM002038_BC184961) by extension 'python_setup_py'
[0.698s] Level 1:colcon.colcon_core.package_identification:_identify(TM_Export/TM002038_BC184961/Projects) by extensions ['ignore', 'ignore_ament_install']
[0.698s] Level 1:colcon.colcon_core.package_identification:_identify(TM_Export/TM002038_BC184961/Projects) by extension 'ignore'
[0.698s] Level 1:colcon.colcon_core.package_identification:_identify(TM_Export/TM002038_BC184961/Projects) by extension 'ignore_ament_install'
[0.698s] Level 1:colcon.colcon_core.package_identification:_identify(TM_Export/TM002038_BC184961/Projects) by extensions ['colcon_pkg']
[0.698s] Level 1:colcon.colcon_core.package_identification:_identify(TM_Export/TM002038_BC184961/Projects) by extension 'colcon_pkg'
[0.698s] Level 1:colcon.colcon_core.package_identification:_identify(TM_Export/TM002038_BC184961/Projects) by extensions ['colcon_meta']
[0.698s] Level 1:colcon.colcon_core.package_identification:_identify(TM_Export/TM002038_BC184961/Projects) by extension 'colcon_meta'
[0.699s] Level 1:colcon.colcon_core.package_identification:_identify(TM_Export/TM002038_BC184961/Projects) by extensions ['ros']
[0.699s] Level 1:colcon.colcon_core.package_identification:_identify(TM_Export/TM002038_BC184961/Projects) by extension 'ros'
[0.699s] Level 1:colcon.colcon_core.package_identification:_identify(TM_Export/TM002038_BC184961/Projects) by extensions ['cmake', 'python']
[0.699s] Level 1:colcon.colcon_core.package_identification:_identify(TM_Export/TM002038_BC184961/Projects) by extension 'cmake'
[0.699s] Level 1:colcon.colcon_core.package_identification:_identify(TM_Export/TM002038_BC184961/Projects) by extension 'python'
[0.699s] Level 1:colcon.colcon_core.package_identification:_identify(TM_Export/TM002038_BC184961/Projects) by extensions ['python_setup_py']
[0.699s] Level 1:colcon.colcon_core.package_identification:_identify(TM_Export/TM002038_BC184961/Projects) by extension 'python_setup_py'
[0.699s] Level 1:colcon.colcon_core.package_identification:_identify(build) by extensions ['ignore', 'ignore_ament_install']
[0.700s] Level 1:colcon.colcon_core.package_identification:_identify(build) by extension 'ignore'
[0.700s] Level 1:colcon.colcon_core.package_identification:_identify(build) ignored
[0.700s] Level 1:colcon.colcon_core.package_identification:_identify(custom_package) by extensions ['ignore', 'ignore_ament_install']
[0.700s] Level 1:colcon.colcon_core.package_identification:_identify(custom_package) by extension 'ignore'
[0.700s] Level 1:colcon.colcon_core.package_identification:_identify(custom_package) by extension 'ignore_ament_install'
[0.700s] Level 1:colcon.colcon_core.package_identification:_identify(custom_package) by extensions ['colcon_pkg']
[0.700s] Level 1:colcon.colcon_core.package_identification:_identify(custom_package) by extension 'colcon_pkg'
[0.700s] Level 1:colcon.colcon_core.package_identification:_identify(custom_package) by extensions ['colcon_meta']
[0.700s] Level 1:colcon.colcon_core.package_identification:_identify(custom_package) by extension 'colcon_meta'
[0.700s] Level 1:colcon.colcon_core.package_identification:_identify(custom_package) by extensions ['ros']
[0.701s] Level 1:colcon.colcon_core.package_identification:_identify(custom_package) by extension 'ros'
[0.722s] DEBUG:colcon.colcon_core.package_identification:Package 'custom_package' with type 'ros.ament_cmake' and name 'custom_package'
[0.722s] Level 1:colcon.colcon_core.package_identification:_identify(demo) by extensions ['ignore', 'ignore_ament_install']
[0.723s] Level 1:colcon.colcon_core.package_identification:_identify(demo) by extension 'ignore'
[0.723s] Level 1:colcon.colcon_core.package_identification:_identify(demo) by extension 'ignore_ament_install'
[0.723s] Level 1:colcon.colcon_core.package_identification:_identify(demo) by extensions ['colcon_pkg']
[0.723s] Level 1:colcon.colcon_core.package_identification:_identify(demo) by extension 'colcon_pkg'
[0.723s] Level 1:colcon.colcon_core.package_identification:_identify(demo) by extensions ['colcon_meta']
[0.723s] Level 1:colcon.colcon_core.package_identification:_identify(demo) by extension 'colcon_meta'
[0.723s] Level 1:colcon.colcon_core.package_identification:_identify(demo) by extensions ['ros']
[0.723s] Level 1:colcon.colcon_core.package_identification:_identify(demo) by extension 'ros'
[0.725s] DEBUG:colcon.colcon_core.package_identification:Package 'demo' with type 'ros.ament_cmake' and name 'demo'
[0.725s] Level 1:colcon.colcon_core.package_identification:_identify(docs) by extensions ['ignore', 'ignore_ament_install']
[0.725s] Level 1:colcon.colcon_core.package_identification:_identify(docs) by extension 'ignore'
[0.725s] Level 1:colcon.colcon_core.package_identification:_identify(docs) by extension 'ignore_ament_install'
[0.725s] Level 1:colcon.colcon_core.package_identification:_identify(docs) by extensions ['colcon_pkg']
[0.725s] Level 1:colcon.colcon_core.package_identification:_identify(docs) by extension 'colcon_pkg'
[0.726s] Level 1:colcon.colcon_core.package_identification:_identify(docs) by extensions ['colcon_meta']
[0.726s] Level 1:colcon.colcon_core.package_identification:_identify(docs) by extension 'colcon_meta'
[0.726s] Level 1:colcon.colcon_core.package_identification:_identify(docs) by extensions ['ros']
[0.726s] Level 1:colcon.colcon_core.package_identification:_identify(docs) by extension 'ros'
[0.726s] Level 1:colcon.colcon_core.package_identification:_identify(docs) by extensions ['cmake', 'python']
[0.726s] Level 1:colcon.colcon_core.package_identification:_identify(docs) by extension 'cmake'
[0.726s] Level 1:colcon.colcon_core.package_identification:_identify(docs) by extension 'python'
[0.726s] Level 1:colcon.colcon_core.package_identification:_identify(docs) by extensions ['python_setup_py']
[0.726s] Level 1:colcon.colcon_core.package_identification:_identify(docs) by extension 'python_setup_py'
[0.727s] Level 1:colcon.colcon_core.package_identification:_identify(docs/images) by extensions ['ignore', 'ignore_ament_install']
[0.727s] Level 1:colcon.colcon_core.package_identification:_identify(docs/images) by extension 'ignore'
[0.727s] Level 1:colcon.colcon_core.package_identification:_identify(docs/images) by extension 'ignore_ament_install'
[0.727s] Level 1:colcon.colcon_core.package_identification:_identify(docs/images) by extensions ['colcon_pkg']
[0.727s] Level 1:colcon.colcon_core.package_identification:_identify(docs/images) by extension 'colcon_pkg'
[0.727s] Level 1:colcon.colcon_core.package_identification:_identify(docs/images) by extensions ['colcon_meta']
[0.727s] Level 1:colcon.colcon_core.package_identification:_identify(docs/images) by extension 'colcon_meta'
[0.727s] Level 1:colcon.colcon_core.package_identification:_identify(docs/images) by extensions ['ros']
[0.727s] Level 1:colcon.colcon_core.package_identification:_identify(docs/images) by extension 'ros'
[0.728s] Level 1:colcon.colcon_core.package_identification:_identify(docs/images) by extensions ['cmake', 'python']
[0.728s] Level 1:colcon.colcon_core.package_identification:_identify(docs/images) by extension 'cmake'
[0.728s] Level 1:colcon.colcon_core.package_identification:_identify(docs/images) by extension 'python'
[0.728s] Level 1:colcon.colcon_core.package_identification:_identify(docs/images) by extensions ['python_setup_py']
[0.728s] Level 1:colcon.colcon_core.package_identification:_identify(docs/images) by extension 'python_setup_py'
[0.728s] Level 1:colcon.colcon_core.package_identification:_identify(figures) by extensions ['ignore', 'ignore_ament_install']
[0.728s] Level 1:colcon.colcon_core.package_identification:_identify(figures) by extension 'ignore'
[0.728s] Level 1:colcon.colcon_core.package_identification:_identify(figures) by extension 'ignore_ament_install'
[0.728s] Level 1:colcon.colcon_core.package_identification:_identify(figures) by extensions ['colcon_pkg']
[0.728s] Level 1:colcon.colcon_core.package_identification:_identify(figures) by extension 'colcon_pkg'
[0.728s] Level 1:colcon.colcon_core.package_identification:_identify(figures) by extensions ['colcon_meta']
[0.729s] Level 1:colcon.colcon_core.package_identification:_identify(figures) by extension 'colcon_meta'
[0.729s] Level 1:colcon.colcon_core.package_identification:_identify(figures) by extensions ['ros']
[0.729s] Level 1:colcon.colcon_core.package_identification:_identify(figures) by extension 'ros'
[0.729s] Level 1:colcon.colcon_core.package_identification:_identify(figures) by extensions ['cmake', 'python']
[0.729s] Level 1:colcon.colcon_core.package_identification:_identify(figures) by extension 'cmake'
[0.729s] Level 1:colcon.colcon_core.package_identification:_identify(figures) by extension 'python'
[0.729s] Level 1:colcon.colcon_core.package_identification:_identify(figures) by extensions ['python_setup_py']
[0.729s] Level 1:colcon.colcon_core.package_identification:_identify(figures) by extension 'python_setup_py'
[0.729s] Level 1:colcon.colcon_core.package_identification:_identify(install) by extensions ['ignore', 'ignore_ament_install']
[0.729s] Level 1:colcon.colcon_core.package_identification:_identify(install) by extension 'ignore'
[0.730s] Level 1:colcon.colcon_core.package_identification:_identify(install) ignored
[0.730s] Level 1:colcon.colcon_core.package_identification:_identify(log) by extensions ['ignore', 'ignore_ament_install']
[0.730s] Level 1:colcon.colcon_core.package_identification:_identify(log) by extension 'ignore'
[0.731s] Level 1:colcon.colcon_core.package_identification:_identify(log) ignored
[0.731s] Level 1:colcon.colcon_core.package_identification:_identify(pickplace) by extensions ['ignore', 'ignore_ament_install']
[0.731s] Level 1:colcon.colcon_core.package_identification:_identify(pickplace) by extension 'ignore'
[0.731s] Level 1:colcon.colcon_core.package_identification:_identify(pickplace) by extension 'ignore_ament_install'
[0.731s] Level 1:colcon.colcon_core.package_identification:_identify(pickplace) by extensions ['colcon_pkg']
[0.731s] Level 1:colcon.colcon_core.package_identification:_identify(pickplace) by extension 'colcon_pkg'
[0.731s] Level 1:colcon.colcon_core.package_identification:_identify(pickplace) by extensions ['colcon_meta']
[0.731s] Level 1:colcon.colcon_core.package_identification:_identify(pickplace) by extension 'colcon_meta'
[0.732s] Level 1:colcon.colcon_core.package_identification:_identify(pickplace) by extensions ['ros']
[0.732s] Level 1:colcon.colcon_core.package_identification:_identify(pickplace) by extension 'ros'
[0.733s] DEBUG:colcon.colcon_core.package_identification:Package 'pickplace' with type 'ros.ament_python' and name 'pickplace'
[0.733s] Level 1:colcon.colcon_core.package_identification:_identify(rviz_tm) by extensions ['ignore', 'ignore_ament_install']
[0.733s] Level 1:colcon.colcon_core.package_identification:_identify(rviz_tm) by extension 'ignore'
[0.733s] Level 1:colcon.colcon_core.package_identification:_identify(rviz_tm) by extension 'ignore_ament_install'
[0.733s] Level 1:colcon.colcon_core.package_identification:_identify(rviz_tm) by extensions ['colcon_pkg']
[0.733s] Level 1:colcon.colcon_core.package_identification:_identify(rviz_tm) by extension 'colcon_pkg'
[0.733s] Level 1:colcon.colcon_core.package_identification:_identify(rviz_tm) by extensions ['colcon_meta']
[0.733s] Level 1:colcon.colcon_core.package_identification:_identify(rviz_tm) by extension 'colcon_meta'
[0.734s] Level 1:colcon.colcon_core.package_identification:_identify(rviz_tm) by extensions ['ros']
[0.734s] Level 1:colcon.colcon_core.package_identification:_identify(rviz_tm) by extension 'ros'
[0.735s] DEBUG:colcon.colcon_core.package_identification:Package 'rviz_tm' with type 'ros.ament_python' and name 'rviz_tm'
[0.735s] Level 1:colcon.colcon_core.package_identification:_identify(scripts) by extensions ['ignore', 'ignore_ament_install']
[0.736s] Level 1:colcon.colcon_core.package_identification:_identify(scripts) by extension 'ignore'
[0.736s] Level 1:colcon.colcon_core.package_identification:_identify(scripts) by extension 'ignore_ament_install'
[0.736s] Level 1:colcon.colcon_core.package_identification:_identify(scripts) by extensions ['colcon_pkg']
[0.736s] Level 1:colcon.colcon_core.package_identification:_identify(scripts) by extension 'colcon_pkg'
[0.736s] Level 1:colcon.colcon_core.package_identification:_identify(scripts) by extensions ['colcon_meta']
[0.736s] Level 1:colcon.colcon_core.package_identification:_identify(scripts) by extension 'colcon_meta'
[0.736s] Level 1:colcon.colcon_core.package_identification:_identify(scripts) by extensions ['ros']
[0.736s] Level 1:colcon.colcon_core.package_identification:_identify(scripts) by extension 'ros'
[0.736s] Level 1:colcon.colcon_core.package_identification:_identify(scripts) by extensions ['cmake', 'python']
[0.736s] Level 1:colcon.colcon_core.package_identification:_identify(scripts) by extension 'cmake'
[0.736s] Level 1:colcon.colcon_core.package_identification:_identify(scripts) by extension 'python'
[0.736s] Level 1:colcon.colcon_core.package_identification:_identify(scripts) by extensions ['python_setup_py']
[0.737s] Level 1:colcon.colcon_core.package_identification:_identify(scripts) by extension 'python_setup_py'
[0.737s] Level 1:colcon.colcon_core.package_identification:_identify(scripts/NewPPP) by extensions ['ignore', 'ignore_ament_install']
[0.737s] Level 1:colcon.colcon_core.package_identification:_identify(scripts/NewPPP) by extension 'ignore'
[0.737s] Level 1:colcon.colcon_core.package_identification:_identify(scripts/NewPPP) by extension 'ignore_ament_install'
[0.737s] Level 1:colcon.colcon_core.package_identification:_identify(scripts/NewPPP) by extensions ['colcon_pkg']
[0.737s] Level 1:colcon.colcon_core.package_identification:_identify(scripts/NewPPP) by extension 'colcon_pkg'
[0.737s] Level 1:colcon.colcon_core.package_identification:_identify(scripts/NewPPP) by extensions ['colcon_meta']
[0.737s] Level 1:colcon.colcon_core.package_identification:_identify(scripts/NewPPP) by extension 'colcon_meta'
[0.737s] Level 1:colcon.colcon_core.package_identification:_identify(scripts/NewPPP) by extensions ['ros']
[0.738s] Level 1:colcon.colcon_core.package_identification:_identify(scripts/NewPPP) by extension 'ros'
[0.738s] Level 1:colcon.colcon_core.package_identification:_identify(scripts/NewPPP) by extensions ['cmake', 'python']
[0.738s] Level 1:colcon.colcon_core.package_identification:_identify(scripts/NewPPP) by extension 'cmake'
[0.738s] Level 1:colcon.colcon_core.package_identification:_identify(scripts/NewPPP) by extension 'python'
[0.738s] Level 1:colcon.colcon_core.package_identification:_identify(scripts/NewPPP) by extensions ['python_setup_py']
[0.738s] Level 1:colcon.colcon_core.package_identification:_identify(scripts/NewPPP) by extension 'python_setup_py'
[0.738s] Level 1:colcon.colcon_core.package_identification:_identify(scripts/NewPPP/__pycache__) by extensions ['ignore', 'ignore_ament_install']
[0.738s] Level 1:colcon.colcon_core.package_identification:_identify(scripts/NewPPP/__pycache__) by extension 'ignore'
[0.738s] Level 1:colcon.colcon_core.package_identification:_identify(scripts/NewPPP/__pycache__) by extension 'ignore_ament_install'
[0.739s] Level 1:colcon.colcon_core.package_identification:_identify(scripts/NewPPP/__pycache__) by extensions ['colcon_pkg']
[0.739s] Level 1:colcon.colcon_core.package_identification:_identify(scripts/NewPPP/__pycache__) by extension 'colcon_pkg'
[0.739s] Level 1:colcon.colcon_core.package_identification:_identify(scripts/NewPPP/__pycache__) by extensions ['colcon_meta']
[0.739s] Level 1:colcon.colcon_core.package_identification:_identify(scripts/NewPPP/__pycache__) by extension 'colcon_meta'
[0.739s] Level 1:colcon.colcon_core.package_identification:_identify(scripts/NewPPP/__pycache__) by extensions ['ros']
[0.739s] Level 1:colcon.colcon_core.package_identification:_identify(scripts/NewPPP/__pycache__) by extension 'ros'
[0.739s] Level 1:colcon.colcon_core.package_identification:_identify(scripts/NewPPP/__pycache__) by extensions ['cmake', 'python']
[0.739s] Level 1:colcon.colcon_core.package_identification:_identify(scripts/NewPPP/__pycache__) by extension 'cmake'
[0.739s] Level 1:colcon.colcon_core.package_identification:_identify(scripts/NewPPP/__pycache__) by extension 'python'
[0.739s] Level 1:colcon.colcon_core.package_identification:_identify(scripts/NewPPP/__pycache__) by extensions ['python_setup_py']
[0.739s] Level 1:colcon.colcon_core.package_identification:_identify(scripts/NewPPP/__pycache__) by extension 'python_setup_py'
[0.740s] Level 1:colcon.colcon_core.package_identification:_identify(scripts/NewPPP/build) by extensions ['ignore', 'ignore_ament_install']
[0.740s] Level 1:colcon.colcon_core.package_identification:_identify(scripts/NewPPP/build) by extension 'ignore'
[0.740s] Level 1:colcon.colcon_core.package_identification:_identify(scripts/NewPPP/build) ignored
[0.740s] Level 1:colcon.colcon_core.package_identification:_identify(scripts/NewPPP/install) by extensions ['ignore', 'ignore_ament_install']
[0.740s] Level 1:colcon.colcon_core.package_identification:_identify(scripts/NewPPP/install) by extension 'ignore'
[0.740s] Level 1:colcon.colcon_core.package_identification:_identify(scripts/NewPPP/install) ignored
[0.740s] Level 1:colcon.colcon_core.package_identification:_identify(scripts/NewPPP/libraries) by extensions ['ignore', 'ignore_ament_install']
[0.741s] Level 1:colcon.colcon_core.package_identification:_identify(scripts/NewPPP/libraries) by extension 'ignore'
[0.741s] Level 1:colcon.colcon_core.package_identification:_identify(scripts/NewPPP/libraries) by extension 'ignore_ament_install'
[0.741s] Level 1:colcon.colcon_core.package_identification:_identify(scripts/NewPPP/libraries) by extensions ['colcon_pkg']
[0.741s] Level 1:colcon.colcon_core.package_identification:_identify(scripts/NewPPP/libraries) by extension 'colcon_pkg'
[0.741s] Level 1:colcon.colcon_core.package_identification:_identify(scripts/NewPPP/libraries) by extensions ['colcon_meta']
[0.741s] Level 1:colcon.colcon_core.package_identification:_identify(scripts/NewPPP/libraries) by extension 'colcon_meta'
[0.741s] Level 1:colcon.colcon_core.package_identification:_identify(scripts/NewPPP/libraries) by extensions ['ros']
[0.741s] Level 1:colcon.colcon_core.package_identification:_identify(scripts/NewPPP/libraries) by extension 'ros'
[0.742s] Level 1:colcon.colcon_core.package_identification:_identify(scripts/NewPPP/libraries) by extensions ['cmake', 'python']
[0.742s] Level 1:colcon.colcon_core.package_identification:_identify(scripts/NewPPP/libraries) by extension 'cmake'
[0.742s] Level 1:colcon.colcon_core.package_identification:_identify(scripts/NewPPP/libraries) by extension 'python'
[0.742s] Level 1:colcon.colcon_core.package_identification:_identify(scripts/NewPPP/libraries) by extensions ['python_setup_py']
[0.742s] Level 1:colcon.colcon_core.package_identification:_identify(scripts/NewPPP/libraries) by extension 'python_setup_py'
[0.742s] Level 1:colcon.colcon_core.package_identification:_identify(scripts/NewPPP/libraries/__pycache__) by extensions ['ignore', 'ignore_ament_install']
[0.742s] Level 1:colcon.colcon_core.package_identification:_identify(scripts/NewPPP/libraries/__pycache__) by extension 'ignore'
[0.742s] Level 1:colcon.colcon_core.package_identification:_identify(scripts/NewPPP/libraries/__pycache__) by extension 'ignore_ament_install'
[0.742s] Level 1:colcon.colcon_core.package_identification:_identify(scripts/NewPPP/libraries/__pycache__) by extensions ['colcon_pkg']
[0.742s] Level 1:colcon.colcon_core.package_identification:_identify(scripts/NewPPP/libraries/__pycache__) by extension 'colcon_pkg'
[0.742s] Level 1:colcon.colcon_core.package_identification:_identify(scripts/NewPPP/libraries/__pycache__) by extensions ['colcon_meta']
[0.742s] Level 1:colcon.colcon_core.package_identification:_identify(scripts/NewPPP/libraries/__pycache__) by extension 'colcon_meta'
[0.743s] Level 1:colcon.colcon_core.package_identification:_identify(scripts/NewPPP/libraries/__pycache__) by extensions ['ros']
[0.743s] Level 1:colcon.colcon_core.package_identification:_identify(scripts/NewPPP/libraries/__pycache__) by extension 'ros'
[0.743s] Level 1:colcon.colcon_core.package_identification:_identify(scripts/NewPPP/libraries/__pycache__) by extensions ['cmake', 'python']
[0.743s] Level 1:colcon.colcon_core.package_identification:_identify(scripts/NewPPP/libraries/__pycache__) by extension 'cmake'
[0.743s] Level 1:colcon.colcon_core.package_identification:_identify(scripts/NewPPP/libraries/__pycache__) by extension 'python'
[0.743s] Level 1:colcon.colcon_core.package_identification:_identify(scripts/NewPPP/libraries/__pycache__) by extensions ['python_setup_py']
[0.743s] Level 1:colcon.colcon_core.package_identification:_identify(scripts/NewPPP/libraries/__pycache__) by extension 'python_setup_py'
[0.743s] Level 1:colcon.colcon_core.package_identification:_identify(scripts/NewPPP/log) by extensions ['ignore', 'ignore_ament_install']
[0.743s] Level 1:colcon.colcon_core.package_identification:_identify(scripts/NewPPP/log) by extension 'ignore'
[0.743s] Level 1:colcon.colcon_core.package_identification:_identify(scripts/NewPPP/log) ignored
[0.744s] Level 1:colcon.colcon_core.package_identification:_identify(scripts/NotUsed) by extensions ['ignore', 'ignore_ament_install']
[0.744s] Level 1:colcon.colcon_core.package_identification:_identify(scripts/NotUsed) by extension 'ignore'
[0.744s] Level 1:colcon.colcon_core.package_identification:_identify(scripts/NotUsed) by extension 'ignore_ament_install'
[0.744s] Level 1:colcon.colcon_core.package_identification:_identify(scripts/NotUsed) by extensions ['colcon_pkg']
[0.744s] Level 1:colcon.colcon_core.package_identification:_identify(scripts/NotUsed) by extension 'colcon_pkg'
[0.744s] Level 1:colcon.colcon_core.package_identification:_identify(scripts/NotUsed) by extensions ['colcon_meta']
[0.744s] Level 1:colcon.colcon_core.package_identification:_identify(scripts/NotUsed) by extension 'colcon_meta'
[0.744s] Level 1:colcon.colcon_core.package_identification:_identify(scripts/NotUsed) by extensions ['ros']
[0.744s] Level 1:colcon.colcon_core.package_identification:_identify(scripts/NotUsed) by extension 'ros'
[0.745s] Level 1:colcon.colcon_core.package_identification:_identify(scripts/NotUsed) by extensions ['cmake', 'python']
[0.745s] Level 1:colcon.colcon_core.package_identification:_identify(scripts/NotUsed) by extension 'cmake'
[0.745s] Level 1:colcon.colcon_core.package_identification:_identify(scripts/NotUsed) by extension 'python'
[0.745s] Level 1:colcon.colcon_core.package_identification:_identify(scripts/NotUsed) by extensions ['python_setup_py']
[0.745s] Level 1:colcon.colcon_core.package_identification:_identify(scripts/NotUsed) by extension 'python_setup_py'
[0.745s] Level 1:colcon.colcon_core.package_identification:_identify(scripts/Vive) by extensions ['ignore', 'ignore_ament_install']
[0.745s] Level 1:colcon.colcon_core.package_identification:_identify(scripts/Vive) by extension 'ignore'
[0.745s] Level 1:colcon.colcon_core.package_identification:_identify(scripts/Vive) by extension 'ignore_ament_install'
[0.745s] Level 1:colcon.colcon_core.package_identification:_identify(scripts/Vive) by extensions ['colcon_pkg']
[0.745s] Level 1:colcon.colcon_core.package_identification:_identify(scripts/Vive) by extension 'colcon_pkg'
[0.746s] Level 1:colcon.colcon_core.package_identification:_identify(scripts/Vive) by extensions ['colcon_meta']
[0.746s] Level 1:colcon.colcon_core.package_identification:_identify(scripts/Vive) by extension 'colcon_meta'
[0.746s] Level 1:colcon.colcon_core.package_identification:_identify(scripts/Vive) by extensions ['ros']
[0.746s] Level 1:colcon.colcon_core.package_identification:_identify(scripts/Vive) by extension 'ros'
[0.746s] Level 1:colcon.colcon_core.package_identification:_identify(scripts/Vive) by extensions ['cmake', 'python']
[0.746s] Level 1:colcon.colcon_core.package_identification:_identify(scripts/Vive) by extension 'cmake'
[0.746s] Level 1:colcon.colcon_core.package_identification:_identify(scripts/Vive) by extension 'python'
[0.746s] Level 1:colcon.colcon_core.package_identification:_identify(scripts/Vive) by extensions ['python_setup_py']
[0.746s] Level 1:colcon.colcon_core.package_identification:_identify(scripts/Vive) by extension 'python_setup_py'
[0.747s] Level 1:colcon.colcon_core.package_identification:_identify(scripts/Vive/libraries) by extensions ['ignore', 'ignore_ament_install']
[0.747s] Level 1:colcon.colcon_core.package_identification:_identify(scripts/Vive/libraries) by extension 'ignore'
[0.747s] Level 1:colcon.colcon_core.package_identification:_identify(scripts/Vive/libraries) by extension 'ignore_ament_install'
[0.747s] Level 1:colcon.colcon_core.package_identification:_identify(scripts/Vive/libraries) by extensions ['colcon_pkg']
[0.747s] Level 1:colcon.colcon_core.package_identification:_identify(scripts/Vive/libraries) by extension 'colcon_pkg'
[0.747s] Level 1:colcon.colcon_core.package_identification:_identify(scripts/Vive/libraries) by extensions ['colcon_meta']
[0.747s] Level 1:colcon.colcon_core.package_identification:_identify(scripts/Vive/libraries) by extension 'colcon_meta'
[0.747s] Level 1:colcon.colcon_core.package_identification:_identify(scripts/Vive/libraries) by extensions ['ros']
[0.747s] Level 1:colcon.colcon_core.package_identification:_identify(scripts/Vive/libraries) by extension 'ros'
[0.747s] Level 1:colcon.colcon_core.package_identification:_identify(scripts/Vive/libraries) by extensions ['cmake', 'python']
[0.748s] Level 1:colcon.colcon_core.package_identification:_identify(scripts/Vive/libraries) by extension 'cmake'
[0.748s] Level 1:colcon.colcon_core.package_identification:_identify(scripts/Vive/libraries) by extension 'python'
[0.748s] Level 1:colcon.colcon_core.package_identification:_identify(scripts/Vive/libraries) by extensions ['python_setup_py']
[0.748s] Level 1:colcon.colcon_core.package_identification:_identify(scripts/Vive/libraries) by extension 'python_setup_py'
[0.748s] Level 1:colcon.colcon_core.package_identification:_identify(scripts/Vive/libraries/__pycache__) by extensions ['ignore', 'ignore_ament_install']
[0.748s] Level 1:colcon.colcon_core.package_identification:_identify(scripts/Vive/libraries/__pycache__) by extension 'ignore'
[0.748s] Level 1:colcon.colcon_core.package_identification:_identify(scripts/Vive/libraries/__pycache__) by extension 'ignore_ament_install'
[0.748s] Level 1:colcon.colcon_core.package_identification:_identify(scripts/Vive/libraries/__pycache__) by extensions ['colcon_pkg']
[0.748s] Level 1:colcon.colcon_core.package_identification:_identify(scripts/Vive/libraries/__pycache__) by extension 'colcon_pkg'
[0.748s] Level 1:colcon.colcon_core.package_identification:_identify(scripts/Vive/libraries/__pycache__) by extensions ['colcon_meta']
[0.748s] Level 1:colcon.colcon_core.package_identification:_identify(scripts/Vive/libraries/__pycache__) by extension 'colcon_meta'
[0.749s] Level 1:colcon.colcon_core.package_identification:_identify(scripts/Vive/libraries/__pycache__) by extensions ['ros']
[0.749s] Level 1:colcon.colcon_core.package_identification:_identify(scripts/Vive/libraries/__pycache__) by extension 'ros'
[0.749s] Level 1:colcon.colcon_core.package_identification:_identify(scripts/Vive/libraries/__pycache__) by extensions ['cmake', 'python']
[0.749s] Level 1:colcon.colcon_core.package_identification:_identify(scripts/Vive/libraries/__pycache__) by extension 'cmake'
[0.749s] Level 1:colcon.colcon_core.package_identification:_identify(scripts/Vive/libraries/__pycache__) by extension 'python'
[0.749s] Level 1:colcon.colcon_core.package_identification:_identify(scripts/Vive/libraries/__pycache__) by extensions ['python_setup_py']
[0.749s] Level 1:colcon.colcon_core.package_identification:_identify(scripts/Vive/libraries/__pycache__) by extension 'python_setup_py'
[0.749s] Level 1:colcon.colcon_core.package_identification:_identify(techman_robot_get_status) by extensions ['ignore', 'ignore_ament_install']
[0.749s] Level 1:colcon.colcon_core.package_identification:_identify(techman_robot_get_status) by extension 'ignore'
[0.749s] Level 1:colcon.colcon_core.package_identification:_identify(techman_robot_get_status) by extension 'ignore_ament_install'
[0.750s] Level 1:colcon.colcon_core.package_identification:_identify(techman_robot_get_status) by extensions ['colcon_pkg']
[0.750s] Level 1:colcon.colcon_core.package_identification:_identify(techman_robot_get_status) by extension 'colcon_pkg'
[0.750s] Level 1:colcon.colcon_core.package_identification:_identify(techman_robot_get_status) by extensions ['colcon_meta']
[0.750s] Level 1:colcon.colcon_core.package_identification:_identify(techman_robot_get_status) by extension 'colcon_meta'
[0.750s] Level 1:colcon.colcon_core.package_identification:_identify(techman_robot_get_status) by extensions ['ros']
[0.750s] Level 1:colcon.colcon_core.package_identification:_identify(techman_robot_get_status) by extension 'ros'
[0.751s] DEBUG:colcon.colcon_core.package_identification:Package 'techman_robot_get_status' with type 'ros.ament_python' and name 'tm_get_status'
[0.751s] Level 1:colcon.colcon_core.package_identification:_identify(techman_robot_msgs) by extensions ['ignore', 'ignore_ament_install']
[0.751s] Level 1:colcon.colcon_core.package_identification:_identify(techman_robot_msgs) by extension 'ignore'
[0.752s] Level 1:colcon.colcon_core.package_identification:_identify(techman_robot_msgs) by extension 'ignore_ament_install'
[0.752s] Level 1:colcon.colcon_core.package_identification:_identify(techman_robot_msgs) by extensions ['colcon_pkg']
[0.752s] Level 1:colcon.colcon_core.package_identification:_identify(techman_robot_msgs) by extension 'colcon_pkg'
[0.752s] Level 1:colcon.colcon_core.package_identification:_identify(techman_robot_msgs) by extensions ['colcon_meta']
[0.752s] Level 1:colcon.colcon_core.package_identification:_identify(techman_robot_msgs) by extension 'colcon_meta'
[0.752s] Level 1:colcon.colcon_core.package_identification:_identify(techman_robot_msgs) by extensions ['ros']
[0.752s] Level 1:colcon.colcon_core.package_identification:_identify(techman_robot_msgs) by extension 'ros'
[0.753s] DEBUG:colcon.colcon_core.package_identification:Package 'techman_robot_msgs' with type 'ros.ament_cmake' and name 'techman_robot_msgs'
[0.754s] Level 1:colcon.colcon_core.package_identification:_identify(tm_driver) by extensions ['ignore', 'ignore_ament_install']
[0.754s] Level 1:colcon.colcon_core.package_identification:_identify(tm_driver) by extension 'ignore'
[0.754s] Level 1:colcon.colcon_core.package_identification:_identify(tm_driver) by extension 'ignore_ament_install'
[0.754s] Level 1:colcon.colcon_core.package_identification:_identify(tm_driver) by extensions ['colcon_pkg']
[0.754s] Level 1:colcon.colcon_core.package_identification:_identify(tm_driver) by extension 'colcon_pkg'
[0.754s] Level 1:colcon.colcon_core.package_identification:_identify(tm_driver) by extensions ['colcon_meta']
[0.754s] Level 1:colcon.colcon_core.package_identification:_identify(tm_driver) by extension 'colcon_meta'
[0.754s] Level 1:colcon.colcon_core.package_identification:_identify(tm_driver) by extensions ['ros']
[0.754s] Level 1:colcon.colcon_core.package_identification:_identify(tm_driver) by extension 'ros'
[0.756s] DEBUG:colcon.colcon_core.package_identification:Package 'tm_driver' with type 'ros.ament_cmake' and name 'tm_driver'
[0.756s] Level 1:colcon.colcon_core.package_identification:_identify(tm_models) by extensions ['ignore', 'ignore_ament_install']
[0.756s] Level 1:colcon.colcon_core.package_identification:_identify(tm_models) by extension 'ignore'
[0.756s] Level 1:colcon.colcon_core.package_identification:_identify(tm_models) by extension 'ignore_ament_install'
[0.756s] Level 1:colcon.colcon_core.package_identification:_identify(tm_models) by extensions ['colcon_pkg']
[0.756s] Level 1:colcon.colcon_core.package_identification:_identify(tm_models) by extension 'colcon_pkg'
[0.756s] Level 1:colcon.colcon_core.package_identification:_identify(tm_models) by extensions ['colcon_meta']
[0.756s] Level 1:colcon.colcon_core.package_identification:_identify(tm_models) by extension 'colcon_meta'
[0.757s] Level 1:colcon.colcon_core.package_identification:_identify(tm_models) by extensions ['ros']
[0.757s] Level 1:colcon.colcon_core.package_identification:_identify(tm_models) by extension 'ros'
[0.757s] DEBUG:colcon.colcon_core.package_identification:Package 'tm_models' with type 'ros.ament_cmake' and name 'tm_models'
[0.758s] Level 1:colcon.colcon_core.package_identification:_identify(tm_msgs) by extensions ['ignore', 'ignore_ament_install']
[0.758s] Level 1:colcon.colcon_core.package_identification:_identify(tm_msgs) by extension 'ignore'
[0.758s] Level 1:colcon.colcon_core.package_identification:_identify(tm_msgs) by extension 'ignore_ament_install'
[0.758s] Level 1:colcon.colcon_core.package_identification:_identify(tm_msgs) by extensions ['colcon_pkg']
[0.758s] Level 1:colcon.colcon_core.package_identification:_identify(tm_msgs) by extension 'colcon_pkg'
[0.758s] Level 1:colcon.colcon_core.package_identification:_identify(tm_msgs) by extensions ['colcon_meta']
[0.758s] Level 1:colcon.colcon_core.package_identification:_identify(tm_msgs) by extension 'colcon_meta'
[0.758s] Level 1:colcon.colcon_core.package_identification:_identify(tm_msgs) by extensions ['ros']
[0.758s] Level 1:colcon.colcon_core.package_identification:_identify(tm_msgs) by extension 'ros'
[0.759s] DEBUG:colcon.colcon_core.package_identification:Package 'tm_msgs' with type 'ros.ament_cmake' and name 'tm_msgs'
[0.759s] Level 1:colcon.colcon_core.package_identification:_identify(tmr_description) by extensions ['ignore', 'ignore_ament_install']
[0.760s] Level 1:colcon.colcon_core.package_identification:_identify(tmr_description) by extension 'ignore'
[0.760s] Level 1:colcon.colcon_core.package_identification:_identify(tmr_description) by extension 'ignore_ament_install'
[0.760s] Level 1:colcon.colcon_core.package_identification:_identify(tmr_description) by extensions ['colcon_pkg']
[0.760s] Level 1:colcon.colcon_core.package_identification:_identify(tmr_description) by extension 'colcon_pkg'
[0.760s] Level 1:colcon.colcon_core.package_identification:_identify(tmr_description) by extensions ['colcon_meta']
[0.760s] Level 1:colcon.colcon_core.package_identification:_identify(tmr_description) by extension 'colcon_meta'
[0.760s] Level 1:colcon.colcon_core.package_identification:_identify(tmr_description) by extensions ['ros']
[0.760s] Level 1:colcon.colcon_core.package_identification:_identify(tmr_description) by extension 'ros'
[0.761s] DEBUG:colcon.colcon_core.package_identification:Package 'tmr_description' with type 'ros.ament_cmake' and name 'tmr_description'
[0.761s] Level 1:colcon.colcon_core.package_identification:_identify(tmr_driver) by extensions ['ignore', 'ignore_ament_install']
[0.761s] Level 1:colcon.colcon_core.package_identification:_identify(tmr_driver) by extension 'ignore'
[0.761s] Level 1:colcon.colcon_core.package_identification:_identify(tmr_driver) by extension 'ignore_ament_install'
[0.762s] Level 1:colcon.colcon_core.package_identification:_identify(tmr_driver) by extensions ['colcon_pkg']
[0.762s] Level 1:colcon.colcon_core.package_identification:_identify(tmr_driver) by extension 'colcon_pkg'
[0.762s] Level 1:colcon.colcon_core.package_identification:_identify(tmr_driver) by extensions ['colcon_meta']
[0.762s] Level 1:colcon.colcon_core.package_identification:_identify(tmr_driver) by extension 'colcon_meta'
[0.762s] Level 1:colcon.colcon_core.package_identification:_identify(tmr_driver) by extensions ['ros']
[0.762s] Level 1:colcon.colcon_core.package_identification:_identify(tmr_driver) by extension 'ros'
[0.763s] DEBUG:colcon.colcon_core.package_identification:Package 'tmr_driver' with type 'ros.ament_cmake' and name 'tmr_driver'
[0.764s] Level 1:colcon.colcon_core.package_identification:_identify(tmr_mod_urdf) by extensions ['ignore', 'ignore_ament_install']
[0.764s] Level 1:colcon.colcon_core.package_identification:_identify(tmr_mod_urdf) by extension 'ignore'
[0.764s] Level 1:colcon.colcon_core.package_identification:_identify(tmr_mod_urdf) by extension 'ignore_ament_install'
[0.764s] Level 1:colcon.colcon_core.package_identification:_identify(tmr_mod_urdf) by extensions ['colcon_pkg']
[0.764s] Level 1:colcon.colcon_core.package_identification:_identify(tmr_mod_urdf) by extension 'colcon_pkg'
[0.764s] Level 1:colcon.colcon_core.package_identification:_identify(tmr_mod_urdf) by extensions ['colcon_meta']
[0.764s] Level 1:colcon.colcon_core.package_identification:_identify(tmr_mod_urdf) by extension 'colcon_meta'
[0.764s] Level 1:colcon.colcon_core.package_identification:_identify(tmr_mod_urdf) by extensions ['ros']
[0.764s] Level 1:colcon.colcon_core.package_identification:_identify(tmr_mod_urdf) by extension 'ros'
[0.765s] DEBUG:colcon.colcon_core.package_identification:Package 'tmr_mod_urdf' with type 'ros.ament_python' and name 'tmr_mod_urdf'
[0.765s] Level 1:colcon.colcon_core.package_identification:_identify(tmr_moveit_config_tm5-900) by extensions ['ignore', 'ignore_ament_install']
[0.766s] Level 1:colcon.colcon_core.package_identification:_identify(tmr_moveit_config_tm5-900) by extension 'ignore'
[0.766s] Level 1:colcon.colcon_core.package_identification:_identify(tmr_moveit_config_tm5-900) by extension 'ignore_ament_install'
[0.766s] Level 1:colcon.colcon_core.package_identification:_identify(tmr_moveit_config_tm5-900) by extensions ['colcon_pkg']
[0.766s] Level 1:colcon.colcon_core.package_identification:_identify(tmr_moveit_config_tm5-900) by extension 'colcon_pkg'
[0.766s] Level 1:colcon.colcon_core.package_identification:_identify(tmr_moveit_config_tm5-900) by extensions ['colcon_meta']
[0.766s] Level 1:colcon.colcon_core.package_identification:_identify(tmr_moveit_config_tm5-900) by extension 'colcon_meta'
[0.766s] Level 1:colcon.colcon_core.package_identification:_identify(tmr_moveit_config_tm5-900) by extensions ['ros']
[0.766s] Level 1:colcon.colcon_core.package_identification:_identify(tmr_moveit_config_tm5-900) by extension 'ros'
[0.768s] DEBUG:colcon.colcon_core.package_identification:Package 'tmr_moveit_config_tm5-900' with type 'ros.ament_cmake' and name 'tmr_moveit_config_tm5-900'
[0.768s] Level 1:colcon.colcon_core.package_identification:_identify(tmr_moveit_cpp_demo) by extensions ['ignore', 'ignore_ament_install']
[0.768s] Level 1:colcon.colcon_core.package_identification:_identify(tmr_moveit_cpp_demo) by extension 'ignore'
[0.768s] Level 1:colcon.colcon_core.package_identification:_identify(tmr_moveit_cpp_demo) by extension 'ignore_ament_install'
[0.768s] Level 1:colcon.colcon_core.package_identification:_identify(tmr_moveit_cpp_demo) by extensions ['colcon_pkg']
[0.768s] Level 1:colcon.colcon_core.package_identification:_identify(tmr_moveit_cpp_demo) by extension 'colcon_pkg'
[0.768s] Level 1:colcon.colcon_core.package_identification:_identify(tmr_moveit_cpp_demo) by extensions ['colcon_meta']
[0.768s] Level 1:colcon.colcon_core.package_identification:_identify(tmr_moveit_cpp_demo) by extension 'colcon_meta'
[0.768s] Level 1:colcon.colcon_core.package_identification:_identify(tmr_moveit_cpp_demo) by extensions ['ros']
[0.769s] Level 1:colcon.colcon_core.package_identification:_identify(tmr_moveit_cpp_demo) by extension 'ros'
[0.770s] DEBUG:colcon.colcon_core.package_identification:Package 'tmr_moveit_cpp_demo' with type 'ros.ament_cmake' and name 'tmr_moveit_cpp_demo'
[0.770s] Level 1:colcon.colcon_core.package_identification:_identify(tmr_msgs) by extensions ['ignore', 'ignore_ament_install']
[0.770s] Level 1:colcon.colcon_core.package_identification:_identify(tmr_msgs) by extension 'ignore'
[0.770s] Level 1:colcon.colcon_core.package_identification:_identify(tmr_msgs) by extension 'ignore_ament_install'
[0.770s] Level 1:colcon.colcon_core.package_identification:_identify(tmr_msgs) by extensions ['colcon_pkg']
[0.770s] Level 1:colcon.colcon_core.package_identification:_identify(tmr_msgs) by extension 'colcon_pkg'
[0.770s] Level 1:colcon.colcon_core.package_identification:_identify(tmr_msgs) by extensions ['colcon_meta']
[0.770s] Level 1:colcon.colcon_core.package_identification:_identify(tmr_msgs) by extension 'colcon_meta'
[0.770s] Level 1:colcon.colcon_core.package_identification:_identify(tmr_msgs) by extensions ['ros']
[0.770s] Level 1:colcon.colcon_core.package_identification:_identify(tmr_msgs) by extension 'ros'
[0.771s] DEBUG:colcon.colcon_core.package_identification:Package 'tmr_msgs' with type 'ros.ament_cmake' and name 'tmr_msgs'
[0.772s] Level 1:colcon.colcon_core.package_identification:_identify(tmrlib) by extensions ['ignore', 'ignore_ament_install']
[0.772s] Level 1:colcon.colcon_core.package_identification:_identify(tmrlib) by extension 'ignore'
[0.772s] Level 1:colcon.colcon_core.package_identification:_identify(tmrlib) by extension 'ignore_ament_install'
[0.772s] Level 1:colcon.colcon_core.package_identification:_identify(tmrlib) by extensions ['colcon_pkg']
[0.772s] Level 1:colcon.colcon_core.package_identification:_identify(tmrlib) by extension 'colcon_pkg'
[0.772s] Level 1:colcon.colcon_core.package_identification:_identify(tmrlib) by extensions ['colcon_meta']
[0.772s] Level 1:colcon.colcon_core.package_identification:_identify(tmrlib) by extension 'colcon_meta'
[0.772s] Level 1:colcon.colcon_core.package_identification:_identify(tmrlib) by extensions ['ros']
[0.772s] Level 1:colcon.colcon_core.package_identification:_identify(tmrlib) by extension 'ros'
[0.773s] DEBUG:colcon.colcon_core.package_identification:Package 'tmrlib' with type 'ros.ament_cmake' and name 'tmrlib'
[0.774s] Level 1:colcon.colcon_core.package_identification:_identify(ui_for_debug_and_demo) by extensions ['ignore', 'ignore_ament_install']
[0.776s] Level 1:colcon.colcon_core.package_identification:_identify(ui_for_debug_and_demo) by extension 'ignore'
[0.776s] Level 1:colcon.colcon_core.package_identification:_identify(ui_for_debug_and_demo) by extension 'ignore_ament_install'
[0.776s] Level 1:colcon.colcon_core.package_identification:_identify(ui_for_debug_and_demo) by extensions ['colcon_pkg']
[0.776s] Level 1:colcon.colcon_core.package_identification:_identify(ui_for_debug_and_demo) by extension 'colcon_pkg'
[0.776s] Level 1:colcon.colcon_core.package_identification:_identify(ui_for_debug_and_demo) by extensions ['colcon_meta']
[0.776s] Level 1:colcon.colcon_core.package_identification:_identify(ui_for_debug_and_demo) by extension 'colcon_meta'
[0.776s] Level 1:colcon.colcon_core.package_identification:_identify(ui_for_debug_and_demo) by extensions ['ros']
[0.776s] Level 1:colcon.colcon_core.package_identification:_identify(ui_for_debug_and_demo) by extension 'ros'
[0.778s] DEBUG:colcon.colcon_core.package_identification:Package 'ui_for_debug_and_demo' with type 'ros.ament_cmake' and name 'ui_for_debug_and_demo'
[0.778s] Level 1:colcon.colcon_core.package_discovery:discover_packages(recursive) using defaults
[0.778s] Level 1:colcon.colcon_core.package_discovery:discover_packages(ignore) discover
[0.778s] Level 1:colcon.colcon_core.package_discovery:discover_packages(ignore) using defaults
[0.778s] Level 1:colcon.colcon_core.package_discovery:discover_packages(path) discover
[0.778s] Level 1:colcon.colcon_core.package_discovery:discover_packages(path) using defaults
[0.815s] INFO:colcon.colcon_core.package_selection:Skipping not selected package 'rviz_tm' in 'rviz_tm'
[0.816s] INFO:colcon.colcon_core.package_selection:Skipping not selected package 'techman_robot_msgs' in 'techman_robot_msgs'
[0.816s] INFO:colcon.colcon_core.package_selection:Skipping not selected package 'tm_get_status' in 'techman_robot_get_status'
[0.816s] INFO:colcon.colcon_core.package_selection:Skipping not selected package 'tm_models' in 'tm_models'
[0.816s] INFO:colcon.colcon_core.package_selection:Skipping not selected package 'tm_msgs' in 'tm_msgs'
[0.816s] INFO:colcon.colcon_core.package_selection:Skipping not selected package 'tmr_description' in 'tmr_description'
[0.816s] INFO:colcon.colcon_core.package_selection:Skipping not selected package 'tmr_mod_urdf' in 'tmr_mod_urdf'
[0.816s] INFO:colcon.colcon_core.package_selection:Skipping not selected package 'tmr_moveit_cpp_demo' in 'tmr_moveit_cpp_demo'
[0.816s] INFO:colcon.colcon_core.package_selection:Skipping not selected package 'tmr_msgs' in 'tmr_msgs'
[0.816s] INFO:colcon.colcon_core.package_selection:Skipping not selected package 'tmrlib' in 'tmrlib'
[0.816s] INFO:colcon.colcon_core.package_selection:Skipping not selected package 'custom_package' in 'custom_package'
[0.816s] INFO:colcon.colcon_core.package_selection:Skipping not selected package 'demo' in 'demo'
[0.816s] INFO:colcon.colcon_core.package_selection:Skipping not selected package 'tm_driver' in 'tm_driver'
[0.816s] INFO:colcon.colcon_core.package_selection:Skipping not selected package 'tmr_driver' in 'tmr_driver'
[0.816s] INFO:colcon.colcon_core.package_selection:Skipping not selected package 'tmr_moveit_config_tm5-900' in 'tmr_moveit_config_tm5-900'
[0.816s] INFO:colcon.colcon_core.package_selection:Skipping not selected package 'ui_for_debug_and_demo' in 'ui_for_debug_and_demo'
[0.822s] Level 5:colcon.colcon_core.verb:set package 'pickplace' build argument 'cmake_args' from command line to 'None'
[0.822s] Level 5:colcon.colcon_core.verb:set package 'pickplace' build argument 'cmake_target' from command line to 'None'
[0.822s] Level 5:colcon.colcon_core.verb:set package 'pickplace' build argument 'cmake_target_skip_unavailable' from command line to 'False'
[0.822s] Level 5:colcon.colcon_core.verb:set package 'pickplace' build argument 'cmake_clean_cache' from command line to 'False'
[0.822s] Level 5:colcon.colcon_core.verb:set package 'pickplace' build argument 'cmake_clean_first' from command line to 'False'
[0.822s] Level 5:colcon.colcon_core.verb:set package 'pickplace' build argument 'cmake_force_configure' from command line to 'False'
[0.822s] Level 5:colcon.colcon_core.verb:set package 'pickplace' build argument 'ament_cmake_args' from command line to 'None'
[0.822s] Level 5:colcon.colcon_core.verb:set package 'pickplace' build argument 'catkin_cmake_args' from command line to 'None'
[0.822s] Level 5:colcon.colcon_core.verb:set package 'pickplace' build argument 'catkin_skip_building_tests' from command line to 'False'
[0.822s] DEBUG:colcon.colcon_core.verb:Building package 'pickplace' with the following arguments: {'ament_cmake_args': None, 'build_base': '/home/gy/Omron_TM_ROS2/build/pickplace', 'catkin_cmake_args': None, 'catkin_skip_building_tests': False, 'cmake_args': None, 'cmake_clean_cache': False, 'cmake_clean_first': False, 'cmake_force_configure': False, 'cmake_target': None, 'cmake_target_skip_unavailable': False, 'install_base': '/home/gy/Omron_TM_ROS2/install/pickplace', 'merge_install': False, 'path': '/home/gy/Omron_TM_ROS2/pickplace', 'symlink_install': True, 'test_result_base': None}
[0.823s] INFO:colcon.colcon_core.executor:Executing jobs using 'parallel' executor
[0.830s] DEBUG:colcon.colcon_parallel_executor.executor.parallel:run_until_complete
[0.831s] INFO:colcon.colcon_ros.task.ament_python.build:Building ROS package in '/home/gy/Omron_TM_ROS2/pickplace' with build type 'ament_python'
[0.831s] Level 1:colcon.colcon_core.shell:create_environment_hook('pickplace', 'ament_prefix_path')
[0.838s] INFO:colcon.colcon_core.plugin_system:Skipping extension 'colcon_core.shell.bat': Not used on non-Windows systems
[0.838s] INFO:colcon.colcon_core.shell:Creating environment hook '/home/gy/Omron_TM_ROS2/install/pickplace/share/pickplace/hook/ament_prefix_path.ps1'
[0.839s] INFO:colcon.colcon_core.shell:Creating environment descriptor '/home/gy/Omron_TM_ROS2/install/pickplace/share/pickplace/hook/ament_prefix_path.dsv'
[0.844s] INFO:colcon.colcon_core.shell:Creating environment hook '/home/gy/Omron_TM_ROS2/install/pickplace/share/pickplace/hook/ament_prefix_path.sh'
[0.846s] INFO:colcon.colcon_core.shell:Skip shell extension 'powershell' for command environment: Not usable outside of PowerShell
[0.846s] DEBUG:colcon.colcon_core.shell:Skip shell extension 'dsv' for command environment
[0.856s] DEBUG:colcon.colcon_core.shell:Ignoring prefix path '/opt/ros/foxy'
[1.334s] INFO:colcon.colcon_core.task.python.build:Building Python package in '/home/gy/Omron_TM_ROS2/pickplace'
[1.336s] INFO:colcon.colcon_core.shell:Skip shell extension 'powershell' for command environment: Not usable outside of PowerShell
[1.336s] DEBUG:colcon.colcon_core.shell:Skip shell extension 'dsv' for command environment
[1.343s] DEBUG:colcon.colcon_core.shell:Ignoring prefix path '/opt/ros/foxy'
[1.358s] DEBUG:colcon.colcon_core.event_handler.log_command:Invoking command in '/home/gy/Omron_TM_ROS2/build/pickplace': PYTHONPATH=/home/gy/Omron_TM_ROS2/install/pickplace/lib/python3.8/site-packages:${PYTHONPATH} /usr/bin/python3 setup.py develop --prefix /home/gy/Omron_TM_ROS2/install/pickplace --editable --build-directory /home/gy/Omron_TM_ROS2/build/pickplace/build --no-deps install_data --install-dir /home/gy/Omron_TM_ROS2/install/pickplace
[2.307s] Level 1:colcon.colcon_core.shell:create_environment_hook('pickplace', 'pythonpath_develop')
[2.309s] INFO:colcon.colcon_core.shell:Creating environment hook '/home/gy/Omron_TM_ROS2/build/pickplace/share/pickplace/hook/pythonpath_develop.ps1'
[2.309s] DEBUG:colcon.colcon_core.event_handler.log_command:Invoked command in '/home/gy/Omron_TM_ROS2/build/pickplace' returned '0': PYTHONPATH=/home/gy/Omron_TM_ROS2/install/pickplace/lib/python3.8/site-packages:${PYTHONPATH} /usr/bin/python3 setup.py develop --prefix /home/gy/Omron_TM_ROS2/install/pickplace --editable --build-directory /home/gy/Omron_TM_ROS2/build/pickplace/build --no-deps install_data --install-dir /home/gy/Omron_TM_ROS2/install/pickplace
[2.310s] INFO:colcon.colcon_core.shell:Creating environment descriptor '/home/gy/Omron_TM_ROS2/build/pickplace/share/pickplace/hook/pythonpath_develop.dsv'
[2.311s] INFO:colcon.colcon_core.shell:Creating environment hook '/home/gy/Omron_TM_ROS2/build/pickplace/share/pickplace/hook/pythonpath_develop.sh'
[2.317s] Level 1:colcon.colcon_core.environment:checking '/home/gy/Omron_TM_ROS2/install/pickplace' for CMake module files
[2.318s] Level 1:colcon.colcon_core.environment:checking '/home/gy/Omron_TM_ROS2/install/pickplace' for CMake config files
[2.319s] Level 1:colcon.colcon_core.environment:checking '/home/gy/Omron_TM_ROS2/install/pickplace/lib'
[2.320s] Level 1:colcon.colcon_core.environment:checking '/home/gy/Omron_TM_ROS2/install/pickplace/bin'
[2.320s] Level 1:colcon.colcon_core.environment:checking '/home/gy/Omron_TM_ROS2/install/pickplace/lib/pkgconfig/pickplace.pc'
[2.320s] Level 1:colcon.colcon_core.environment:checking '/home/gy/Omron_TM_ROS2/install/pickplace/lib/python3.8/site-packages'
[2.320s] Level 1:colcon.colcon_core.shell:create_environment_hook('pickplace', 'pythonpath')
[2.321s] INFO:colcon.colcon_core.shell:Creating environment hook '/home/gy/Omron_TM_ROS2/install/pickplace/share/pickplace/hook/pythonpath.ps1'
[2.322s] INFO:colcon.colcon_core.shell:Creating environment descriptor '/home/gy/Omron_TM_ROS2/install/pickplace/share/pickplace/hook/pythonpath.dsv'
[2.322s] INFO:colcon.colcon_core.shell:Creating environment hook '/home/gy/Omron_TM_ROS2/install/pickplace/share/pickplace/hook/pythonpath.sh'
[2.323s] Level 1:colcon.colcon_core.environment:create_environment_scripts_only(pickplace)
[2.325s] INFO:colcon.colcon_core.shell:Creating package script '/home/gy/Omron_TM_ROS2/install/pickplace/share/pickplace/package.ps1'
[2.327s] INFO:colcon.colcon_core.shell:Creating package descriptor '/home/gy/Omron_TM_ROS2/install/pickplace/share/pickplace/package.dsv'
[2.328s] INFO:colcon.colcon_core.shell:Creating package script '/home/gy/Omron_TM_ROS2/install/pickplace/share/pickplace/package.sh'
[2.330s] INFO:colcon.colcon_core.shell:Creating package script '/home/gy/Omron_TM_ROS2/install/pickplace/share/pickplace/package.bash'
[2.331s] INFO:colcon.colcon_core.shell:Creating package script '/home/gy/Omron_TM_ROS2/install/pickplace/share/pickplace/package.zsh'
[2.333s] Level 1:colcon.colcon_core.environment:create_file_with_runtime_dependencies(/home/gy/Omron_TM_ROS2/install/pickplace/share/colcon-core/packages/pickplace)
[2.334s] DEBUG:colcon.colcon_parallel_executor.executor.parallel:closing loop
[2.335s] DEBUG:colcon.colcon_parallel_executor.executor.parallel:loop closed
[2.335s] DEBUG:colcon.colcon_parallel_executor.executor.parallel:run_until_complete finished with '0'
[2.335s] DEBUG:colcon.colcon_core.event_reactor:joining thread
[2.346s] INFO:colcon.colcon_core.plugin_system:Skipping extension 'colcon_notification.desktop_notification.terminal_notifier': Not used on non-Darwin systems
[2.347s] INFO:colcon.colcon_core.plugin_system:Skipping extension 'colcon_notification.desktop_notification.win32': Not used on non-Windows systems
[2.347s] INFO:colcon.colcon_notification.desktop_notification:Sending desktop notification using 'notify2'
[2.375s] DEBUG:colcon.colcon_core.event_reactor:joined thread
[2.376s] INFO:colcon.colcon_core.shell:Creating prefix script '/home/gy/Omron_TM_ROS2/install/local_setup.ps1'
[2.378s] INFO:colcon.colcon_core.shell:Creating prefix util module '/home/gy/Omron_TM_ROS2/install/_local_setup_util_ps1.py'
[2.381s] INFO:colcon.colcon_core.shell:Creating prefix chain script '/home/gy/Omron_TM_ROS2/install/setup.ps1'
[2.387s] INFO:colcon.colcon_core.shell:Creating prefix script '/home/gy/Omron_TM_ROS2/install/local_setup.sh'
[2.389s] INFO:colcon.colcon_core.shell:Creating prefix util module '/home/gy/Omron_TM_ROS2/install/_local_setup_util_sh.py'
[2.390s] INFO:colcon.colcon_core.shell:Creating prefix chain script '/home/gy/Omron_TM_ROS2/install/setup.sh'
[2.396s] INFO:colcon.colcon_core.shell:Creating prefix script '/home/gy/Omron_TM_ROS2/install/local_setup.bash'
[2.397s] INFO:colcon.colcon_core.shell:Creating prefix chain script '/home/gy/Omron_TM_ROS2/install/setup.bash'
[2.405s] INFO:colcon.colcon_core.shell:Creating prefix script '/home/gy/Omron_TM_ROS2/install/local_setup.zsh'
[2.407s] INFO:colcon.colcon_core.shell:Creating prefix chain script '/home/gy/Omron_TM_ROS2/install/setup.zsh'
