[0.050s] Invoking command in '/home/gy/Omron_TM_ROS2/build/tm_msgs': CMAKE_PREFIX_PATH=${CMAKE_PREFIX_PATH}:/home/gy/Omron_TM_ROS2/install/tmr_mod_urdf:/home/gy/Omron_TM_ROS2/install/tm_get_status:/opt/ros/foxy /usr/bin/cmake --build /home/gy/Omron_TM_ROS2/build/tm_msgs -- -j3 -l3
[0.300s] CMake Error: The current CMakeCache.txt directory /home/gy/Omron_TM_ROS2/build/tm_msgs/CMakeCache.txt is different than the directory /home/gy/tmr_ros2/build/tm_msgs where CMakeCache.txt was created. This may result in binaries being created in the wrong place. If you are not sure, reedit the CMakeCache.txt
[0.472s] [  0%] Built target tm_msgs__cpp
[0.531s] [ 12%] Built target tm_msgs__rosidl_generator_c
[0.632s] [ 24%] Built target tm_msgs__rosidl_typesupport_introspection_cpp
[0.682s] [ 35%] Built target tm_msgs__rosidl_typesupport_fastrtps_cpp
[0.685s] [ 47%] Built target tm_msgs__rosidl_typesupport_cpp
[0.748s] [ 59%] Built target tm_msgs__rosidl_typesupport_c
[0.785s] [ 71%] Built target tm_msgs__rosidl_typesupport_introspection_c
[0.807s] [ 83%] Built target tm_msgs__rosidl_typesupport_fastrtps_c
[0.885s] [ 83%] Built target tm_msgs
[1.001s] [ 84%] Built target tm_msgs__py
[1.122s] [ 95%] Built target tm_msgs__python
[1.211s] [ 96%] Built target tm_msgs__rosidl_typesupport_c__pyext
[1.226s] [ 98%] Built target tm_msgs__rosidl_typesupport_introspection_c__pyext
[1.254s] [100%] Built target tm_msgs__rosidl_typesupport_fastrtps_c__pyext
[1.284s] Invoked command in '/home/gy/Omron_TM_ROS2/build/tm_msgs' returned '0': CMAKE_PREFIX_PATH=${CMAKE_PREFIX_PATH}:/home/gy/Omron_TM_ROS2/install/tmr_mod_urdf:/home/gy/Omron_TM_ROS2/install/tm_get_status:/opt/ros/foxy /usr/bin/cmake --build /home/gy/Omron_TM_ROS2/build/tm_msgs -- -j3 -l3
[1.945s] Invoking command in '/home/gy/Omron_TM_ROS2/build/tm_msgs': CMAKE_PREFIX_PATH=${CMAKE_PREFIX_PATH}:/home/gy/Omron_TM_ROS2/install/tmr_mod_urdf:/home/gy/Omron_TM_ROS2/install/tm_get_status:/opt/ros/foxy /usr/bin/cmake --install /home/gy/Omron_TM_ROS2/build/tm_msgs
[1.962s] -- Install configuration: ""
[1.963s] -- Up-to-date: /home/gy/tmr_ros2/install/tm_msgs/share/ament_index/resource_index/rosidl_interfaces/tm_msgs
[1.963s] -- Up-to-date: /home/gy/tmr_ros2/install/tm_msgs/include/tm_msgs
[1.963s] -- Up-to-date: /home/gy/tmr_ros2/install/tm_msgs/include/tm_msgs/srv
[1.963s] -- Up-to-date: /home/gy/tmr_ros2/install/tm_msgs/include/tm_msgs/srv/detail
[1.963s] -- Up-to-date: /home/gy/tmr_ros2/install/tm_msgs/include/tm_msgs/srv/detail/set_io__type_support.h
[1.963s] -- Up-to-date: /home/gy/tmr_ros2/install/tm_msgs/include/tm_msgs/srv/detail/set_positions__functions.h
[1.964s] -- Up-to-date: /home/gy/tmr_ros2/install/tm_msgs/include/tm_msgs/srv/detail/ask_sta__functions.h
[1.964s] -- Up-to-date: /home/gy/tmr_ros2/install/tm_msgs/include/tm_msgs/srv/detail/set_positions__functions.c
[1.964s] -- Up-to-date: /home/gy/tmr_ros2/install/tm_msgs/include/tm_msgs/srv/detail/set_io__functions.h
[1.964s] -- Up-to-date: /home/gy/tmr_ros2/install/tm_msgs/include/tm_msgs/srv/detail/send_script__type_support.h
[1.964s] -- Up-to-date: /home/gy/tmr_ros2/install/tm_msgs/include/tm_msgs/srv/detail/send_script__struct.h
[1.964s] -- Up-to-date: /home/gy/tmr_ros2/install/tm_msgs/include/tm_msgs/srv/detail/set_event__struct.h
[1.964s] -- Up-to-date: /home/gy/tmr_ros2/install/tm_msgs/include/tm_msgs/srv/detail/set_event__functions.h
[1.965s] -- Up-to-date: /home/gy/tmr_ros2/install/tm_msgs/include/tm_msgs/srv/detail/set_event__type_support.h
[1.965s] -- Up-to-date: /home/gy/tmr_ros2/install/tm_msgs/include/tm_msgs/srv/detail/connect_tm__functions.c
[1.965s] -- Up-to-date: /home/gy/tmr_ros2/install/tm_msgs/include/tm_msgs/srv/detail/ask_sta__struct.h
[1.965s] -- Up-to-date: /home/gy/tmr_ros2/install/tm_msgs/include/tm_msgs/srv/detail/set_io__struct.h
[1.965s] -- Up-to-date: /home/gy/tmr_ros2/install/tm_msgs/include/tm_msgs/srv/detail/send_script__functions.h
[1.966s] -- Up-to-date: /home/gy/tmr_ros2/install/tm_msgs/include/tm_msgs/srv/detail/set_positions__type_support.h
[1.966s] -- Up-to-date: /home/gy/tmr_ros2/install/tm_msgs/include/tm_msgs/srv/detail/set_io__functions.c
[1.966s] -- Up-to-date: /home/gy/tmr_ros2/install/tm_msgs/include/tm_msgs/srv/detail/ask_sta__functions.c
[1.966s] -- Up-to-date: /home/gy/tmr_ros2/install/tm_msgs/include/tm_msgs/srv/detail/ask_item__functions.c
[1.966s] -- Up-to-date: /home/gy/tmr_ros2/install/tm_msgs/include/tm_msgs/srv/detail/write_item__functions.h
[1.967s] -- Up-to-date: /home/gy/tmr_ros2/install/tm_msgs/include/tm_msgs/srv/detail/connect_tm__type_support.h
[1.967s] -- Up-to-date: /home/gy/tmr_ros2/install/tm_msgs/include/tm_msgs/srv/detail/send_script__functions.c
[1.967s] -- Up-to-date: /home/gy/tmr_ros2/install/tm_msgs/include/tm_msgs/srv/detail/ask_item__type_support.h
[1.967s] -- Up-to-date: /home/gy/tmr_ros2/install/tm_msgs/include/tm_msgs/srv/detail/set_positions__struct.h
[1.967s] -- Up-to-date: /home/gy/tmr_ros2/install/tm_msgs/include/tm_msgs/srv/detail/write_item__functions.c
[1.967s] -- Up-to-date: /home/gy/tmr_ros2/install/tm_msgs/include/tm_msgs/srv/detail/write_item__struct.h
[1.967s] -- Up-to-date: /home/gy/tmr_ros2/install/tm_msgs/include/tm_msgs/srv/detail/connect_tm__struct.h
[1.967s] -- Up-to-date: /home/gy/tmr_ros2/install/tm_msgs/include/tm_msgs/srv/detail/ask_item__functions.h
[1.968s] -- Up-to-date: /home/gy/tmr_ros2/install/tm_msgs/include/tm_msgs/srv/detail/set_event__functions.c
[1.968s] -- Up-to-date: /home/gy/tmr_ros2/install/tm_msgs/include/tm_msgs/srv/detail/connect_tm__functions.h
[1.968s] -- Up-to-date: /home/gy/tmr_ros2/install/tm_msgs/include/tm_msgs/srv/detail/ask_item__struct.h
[1.968s] -- Up-to-date: /home/gy/tmr_ros2/install/tm_msgs/include/tm_msgs/srv/detail/write_item__type_support.h
[1.968s] -- Up-to-date: /home/gy/tmr_ros2/install/tm_msgs/include/tm_msgs/srv/detail/ask_sta__type_support.h
[1.968s] -- Up-to-date: /home/gy/tmr_ros2/install/tm_msgs/include/tm_msgs/srv/connect_tm.h
[1.968s] -- Up-to-date: /home/gy/tmr_ros2/install/tm_msgs/include/tm_msgs/srv/ask_item.h
[1.968s] -- Up-to-date: /home/gy/tmr_ros2/install/tm_msgs/include/tm_msgs/srv/write_item.h
[1.969s] -- Up-to-date: /home/gy/tmr_ros2/install/tm_msgs/include/tm_msgs/srv/set_io.h
[1.969s] -- Up-to-date: /home/gy/tmr_ros2/install/tm_msgs/include/tm_msgs/srv/set_positions.h
[1.969s] -- Up-to-date: /home/gy/tmr_ros2/install/tm_msgs/include/tm_msgs/srv/send_script.h
[1.969s] -- Up-to-date: /home/gy/tmr_ros2/install/tm_msgs/include/tm_msgs/srv/ask_sta.h
[1.969s] -- Up-to-date: /home/gy/tmr_ros2/install/tm_msgs/include/tm_msgs/srv/set_event.h
[1.969s] -- Up-to-date: /home/gy/tmr_ros2/install/tm_msgs/include/tm_msgs/msg
[1.970s] -- Up-to-date: /home/gy/tmr_ros2/install/tm_msgs/include/tm_msgs/msg/detail
[1.975s] -- Up-to-date: /home/gy/tmr_ros2/install/tm_msgs/include/tm_msgs/msg/detail/feedback_state__type_support.h
[1.975s] -- Up-to-date: /home/gy/tmr_ros2/install/tm_msgs/include/tm_msgs/msg/detail/feedback_state__functions.h
[1.975s] -- Up-to-date: /home/gy/tmr_ros2/install/tm_msgs/include/tm_msgs/msg/detail/svr_response__type_support.h
[1.975s] -- Up-to-date: /home/gy/tmr_ros2/install/tm_msgs/include/tm_msgs/msg/detail/sta_response__functions.c
[1.979s] -- Up-to-date: /home/gy/tmr_ros2/install/tm_msgs/include/tm_msgs/msg/detail/sta_response__type_support.h
[1.981s] -- Up-to-date: /home/gy/tmr_ros2/install/tm_msgs/include/tm_msgs/msg/detail/sct_response__functions.c
[1.986s] -- Up-to-date: /home/gy/tmr_ros2/install/tm_msgs/include/tm_msgs/msg/detail/feedback_state__functions.c
[1.987s] -- Up-to-date: /home/gy/tmr_ros2/install/tm_msgs/include/tm_msgs/msg/detail/sct_response__type_support.h
[1.988s] -- Up-to-date: /home/gy/tmr_ros2/install/tm_msgs/include/tm_msgs/msg/detail/svr_response__struct.h
[1.988s] -- Up-to-date: /home/gy/tmr_ros2/install/tm_msgs/include/tm_msgs/msg/detail/svr_response__functions.h
[1.989s] -- Up-to-date: /home/gy/tmr_ros2/install/tm_msgs/include/tm_msgs/msg/detail/sct_response__functions.h
[1.989s] -- Up-to-date: /home/gy/tmr_ros2/install/tm_msgs/include/tm_msgs/msg/detail/feedback_state__struct.h
[1.989s] -- Up-to-date: /home/gy/tmr_ros2/install/tm_msgs/include/tm_msgs/msg/detail/sta_response__functions.h
[1.989s] -- Up-to-date: /home/gy/tmr_ros2/install/tm_msgs/include/tm_msgs/msg/detail/svr_response__functions.c
[1.989s] -- Up-to-date: /home/gy/tmr_ros2/install/tm_msgs/include/tm_msgs/msg/detail/sta_response__struct.h
[1.989s] -- Up-to-date: /home/gy/tmr_ros2/install/tm_msgs/include/tm_msgs/msg/detail/sct_response__struct.h
[1.990s] -- Up-to-date: /home/gy/tmr_ros2/install/tm_msgs/include/tm_msgs/msg/svr_response.h
[1.990s] -- Up-to-date: /home/gy/tmr_ros2/install/tm_msgs/include/tm_msgs/msg/feedback_state.h
[1.990s] -- Up-to-date: /home/gy/tmr_ros2/install/tm_msgs/include/tm_msgs/msg/sct_response.h
[1.990s] -- Up-to-date: /home/gy/tmr_ros2/install/tm_msgs/include/tm_msgs/msg/rosidl_generator_c__visibility_control.h
[1.990s] -- Up-to-date: /home/gy/tmr_ros2/install/tm_msgs/include/tm_msgs/msg/sta_response.h
[1.990s] -- Up-to-date: /home/gy/tmr_ros2/install/tm_msgs/share/tm_msgs/environment/library_path.sh
[1.991s] -- Up-to-date: /home/gy/tmr_ros2/install/tm_msgs/share/tm_msgs/environment/library_path.dsv
[1.991s] -- Up-to-date: /home/gy/tmr_ros2/install/tm_msgs/lib/libtm_msgs__rosidl_generator_c.so
[1.991s] -- Up-to-date: /home/gy/tmr_ros2/install/tm_msgs/include/tm_msgs
[1.991s] -- Up-to-date: /home/gy/tmr_ros2/install/tm_msgs/include/tm_msgs/srv
[1.991s] -- Up-to-date: /home/gy/tmr_ros2/install/tm_msgs/include/tm_msgs/srv/detail
[1.992s] -- Up-to-date: /home/gy/tmr_ros2/install/tm_msgs/include/tm_msgs/srv/detail/connect_tm__rosidl_typesupport_fastrtps_c.h
[1.992s] -- Up-to-date: /home/gy/tmr_ros2/install/tm_msgs/include/tm_msgs/srv/detail/set_event__rosidl_typesupport_fastrtps_c.h
[1.992s] -- Up-to-date: /home/gy/tmr_ros2/install/tm_msgs/include/tm_msgs/srv/detail/set_io__rosidl_typesupport_fastrtps_c.h
[1.999s] -- Up-to-date: /home/gy/tmr_ros2/install/tm_msgs/include/tm_msgs/srv/detail/ask_sta__rosidl_typesupport_fastrtps_c.h
[2.000s] -- Up-to-date: /home/gy/tmr_ros2/install/tm_msgs/include/tm_msgs/srv/detail/set_positions__rosidl_typesupport_fastrtps_c.h
[2.000s] -- Up-to-date: /home/gy/tmr_ros2/install/tm_msgs/include/tm_msgs/srv/detail/send_script__rosidl_typesupport_fastrtps_c.h
[2.000s] -- Up-to-date: /home/gy/tmr_ros2/install/tm_msgs/include/tm_msgs/srv/detail/ask_item__rosidl_typesupport_fastrtps_c.h
[2.000s] -- Up-to-date: /home/gy/tmr_ros2/install/tm_msgs/include/tm_msgs/srv/detail/write_item__rosidl_typesupport_fastrtps_c.h
[2.000s] -- Up-to-date: /home/gy/tmr_ros2/install/tm_msgs/include/tm_msgs/msg
[2.000s] -- Up-to-date: /home/gy/tmr_ros2/install/tm_msgs/include/tm_msgs/msg/detail
[2.001s] -- Up-to-date: /home/gy/tmr_ros2/install/tm_msgs/include/tm_msgs/msg/detail/sct_response__rosidl_typesupport_fastrtps_c.h
[2.001s] -- Up-to-date: /home/gy/tmr_ros2/install/tm_msgs/include/tm_msgs/msg/detail/sta_response__rosidl_typesupport_fastrtps_c.h
[2.001s] -- Up-to-date: /home/gy/tmr_ros2/install/tm_msgs/include/tm_msgs/msg/detail/feedback_state__rosidl_typesupport_fastrtps_c.h
[2.001s] -- Up-to-date: /home/gy/tmr_ros2/install/tm_msgs/include/tm_msgs/msg/detail/svr_response__rosidl_typesupport_fastrtps_c.h
[2.001s] -- Up-to-date: /home/gy/tmr_ros2/install/tm_msgs/include/tm_msgs/msg/rosidl_typesupport_fastrtps_c__visibility_control.h
[2.001s] -- Up-to-date: /home/gy/tmr_ros2/install/tm_msgs/lib/libtm_msgs__rosidl_typesupport_fastrtps_c.so
[2.001s] -- Up-to-date: /home/gy/tmr_ros2/install/tm_msgs/include/tm_msgs
[2.002s] -- Up-to-date: /home/gy/tmr_ros2/install/tm_msgs/include/tm_msgs/srv
[2.002s] -- Up-to-date: /home/gy/tmr_ros2/install/tm_msgs/include/tm_msgs/srv/detail
[2.002s] -- Up-to-date: /home/gy/tmr_ros2/install/tm_msgs/include/tm_msgs/srv/detail/connect_tm__rosidl_typesupport_fastrtps_cpp.hpp
[2.002s] -- Up-to-date: /home/gy/tmr_ros2/install/tm_msgs/include/tm_msgs/srv/detail/set_io__rosidl_typesupport_fastrtps_cpp.hpp
[2.002s] -- Up-to-date: /home/gy/tmr_ros2/install/tm_msgs/include/tm_msgs/srv/detail/ask_sta__rosidl_typesupport_fastrtps_cpp.hpp
[2.002s] -- Up-to-date: /home/gy/tmr_ros2/install/tm_msgs/include/tm_msgs/srv/detail/write_item__rosidl_typesupport_fastrtps_cpp.hpp
[2.002s] -- Up-to-date: /home/gy/tmr_ros2/install/tm_msgs/include/tm_msgs/srv/detail/send_script__rosidl_typesupport_fastrtps_cpp.hpp
[2.002s] -- Up-to-date: /home/gy/tmr_ros2/install/tm_msgs/include/tm_msgs/srv/detail/set_event__rosidl_typesupport_fastrtps_cpp.hpp
[2.003s] -- Up-to-date: /home/gy/tmr_ros2/install/tm_msgs/include/tm_msgs/srv/detail/ask_item__rosidl_typesupport_fastrtps_cpp.hpp
[2.003s] -- Up-to-date: /home/gy/tmr_ros2/install/tm_msgs/include/tm_msgs/srv/detail/dds_fastrtps
[2.003s] -- Up-to-date: /home/gy/tmr_ros2/install/tm_msgs/include/tm_msgs/srv/detail/set_positions__rosidl_typesupport_fastrtps_cpp.hpp
[2.003s] -- Up-to-date: /home/gy/tmr_ros2/install/tm_msgs/include/tm_msgs/msg
[2.003s] -- Up-to-date: /home/gy/tmr_ros2/install/tm_msgs/include/tm_msgs/msg/detail
[2.003s] -- Up-to-date: /home/gy/tmr_ros2/install/tm_msgs/include/tm_msgs/msg/detail/sct_response__rosidl_typesupport_fastrtps_cpp.hpp
[2.003s] -- Up-to-date: /home/gy/tmr_ros2/install/tm_msgs/include/tm_msgs/msg/detail/svr_response__rosidl_typesupport_fastrtps_cpp.hpp
[2.005s] -- Up-to-date: /home/gy/tmr_ros2/install/tm_msgs/include/tm_msgs/msg/detail/sta_response__rosidl_typesupport_fastrtps_cpp.hpp
[2.005s] -- Up-to-date: /home/gy/tmr_ros2/install/tm_msgs/include/tm_msgs/msg/detail/feedback_state__rosidl_typesupport_fastrtps_cpp.hpp
[2.005s] -- Up-to-date: /home/gy/tmr_ros2/install/tm_msgs/include/tm_msgs/msg/detail/dds_fastrtps
[2.006s] -- Up-to-date: /home/gy/tmr_ros2/install/tm_msgs/include/tm_msgs/msg/rosidl_typesupport_fastrtps_cpp__visibility_control.h
[2.006s] -- Up-to-date: /home/gy/tmr_ros2/install/tm_msgs/lib/libtm_msgs__rosidl_typesupport_fastrtps_cpp.so
[2.006s] -- Up-to-date: /home/gy/tmr_ros2/install/tm_msgs/include/tm_msgs
[2.006s] -- Up-to-date: /home/gy/tmr_ros2/install/tm_msgs/include/tm_msgs/srv
[2.006s] -- Up-to-date: /home/gy/tmr_ros2/install/tm_msgs/include/tm_msgs/srv/detail
[2.006s] -- Up-to-date: /home/gy/tmr_ros2/install/tm_msgs/include/tm_msgs/srv/detail/write_item__type_support.c
[2.006s] -- Up-to-date: /home/gy/tmr_ros2/install/tm_msgs/include/tm_msgs/srv/detail/ask_item__rosidl_typesupport_introspection_c.h
[2.007s] -- Up-to-date: /home/gy/tmr_ros2/install/tm_msgs/include/tm_msgs/srv/detail/set_io__rosidl_typesupport_introspection_c.h
[2.007s] -- Up-to-date: /home/gy/tmr_ros2/install/tm_msgs/include/tm_msgs/srv/detail/send_script__type_support.c
[2.007s] -- Up-to-date: /home/gy/tmr_ros2/install/tm_msgs/include/tm_msgs/srv/detail/ask_sta__rosidl_typesupport_introspection_c.h
[2.007s] -- Up-to-date: /home/gy/tmr_ros2/install/tm_msgs/include/tm_msgs/srv/detail/ask_item__type_support.c
[2.007s] -- Up-to-date: /home/gy/tmr_ros2/install/tm_msgs/include/tm_msgs/srv/detail/set_positions__type_support.c
[2.007s] -- Up-to-date: /home/gy/tmr_ros2/install/tm_msgs/include/tm_msgs/srv/detail/send_script__rosidl_typesupport_introspection_c.h
[2.007s] -- Up-to-date: /home/gy/tmr_ros2/install/tm_msgs/include/tm_msgs/srv/detail/set_positions__rosidl_typesupport_introspection_c.h
[2.008s] -- Up-to-date: /home/gy/tmr_ros2/install/tm_msgs/include/tm_msgs/srv/detail/connect_tm__type_support.c
[2.008s] -- Up-to-date: /home/gy/tmr_ros2/install/tm_msgs/include/tm_msgs/srv/detail/connect_tm__rosidl_typesupport_introspection_c.h
[2.008s] -- Up-to-date: /home/gy/tmr_ros2/install/tm_msgs/include/tm_msgs/srv/detail/set_event__type_support.c
[2.008s] -- Up-to-date: /home/gy/tmr_ros2/install/tm_msgs/include/tm_msgs/srv/detail/write_item__rosidl_typesupport_introspection_c.h
[2.008s] -- Up-to-date: /home/gy/tmr_ros2/install/tm_msgs/include/tm_msgs/srv/detail/ask_sta__type_support.c
[2.008s] -- Up-to-date: /home/gy/tmr_ros2/install/tm_msgs/include/tm_msgs/srv/detail/set_io__type_support.c
[2.008s] -- Up-to-date: /home/gy/tmr_ros2/install/tm_msgs/include/tm_msgs/srv/detail/set_event__rosidl_typesupport_introspection_c.h
[2.008s] -- Up-to-date: /home/gy/tmr_ros2/install/tm_msgs/include/tm_msgs/msg
[2.009s] -- Up-to-date: /home/gy/tmr_ros2/install/tm_msgs/include/tm_msgs/msg/detail
[2.009s] -- Up-to-date: /home/gy/tmr_ros2/install/tm_msgs/include/tm_msgs/msg/detail/sct_response__type_support.c
[2.010s] -- Up-to-date: /home/gy/tmr_ros2/install/tm_msgs/include/tm_msgs/msg/detail/feedback_state__rosidl_typesupport_introspection_c.h
[2.013s] -- Up-to-date: /home/gy/tmr_ros2/install/tm_msgs/include/tm_msgs/msg/detail/svr_response__type_support.c
[2.013s] -- Up-to-date: /home/gy/tmr_ros2/install/tm_msgs/include/tm_msgs/msg/detail/sct_response__rosidl_typesupport_introspection_c.h
[2.013s] -- Up-to-date: /home/gy/tmr_ros2/install/tm_msgs/include/tm_msgs/msg/detail/sta_response__type_support.c
[2.013s] -- Up-to-date: /home/gy/tmr_ros2/install/tm_msgs/include/tm_msgs/msg/detail/svr_response__rosidl_typesupport_introspection_c.h
[2.013s] -- Up-to-date: /home/gy/tmr_ros2/install/tm_msgs/include/tm_msgs/msg/detail/feedback_state__type_support.c
[2.013s] -- Up-to-date: /home/gy/tmr_ros2/install/tm_msgs/include/tm_msgs/msg/detail/sta_response__rosidl_typesupport_introspection_c.h
[2.014s] -- Up-to-date: /home/gy/tmr_ros2/install/tm_msgs/include/tm_msgs/msg/rosidl_typesupport_introspection_c__visibility_control.h
[2.014s] -- Up-to-date: /home/gy/tmr_ros2/install/tm_msgs/lib/libtm_msgs__rosidl_typesupport_introspection_c.so
[2.015s] -- Up-to-date: /home/gy/tmr_ros2/install/tm_msgs/lib/libtm_msgs__rosidl_typesupport_c.so
[2.017s] -- Up-to-date: /home/gy/tmr_ros2/install/tm_msgs/include/tm_msgs
[2.017s] -- Up-to-date: /home/gy/tmr_ros2/install/tm_msgs/include/tm_msgs/srv
[2.017s] -- Up-to-date: /home/gy/tmr_ros2/install/tm_msgs/include/tm_msgs/srv/detail
[2.017s] -- Up-to-date: /home/gy/tmr_ros2/install/tm_msgs/include/tm_msgs/srv/detail/set_positions__struct.hpp
[2.018s] -- Up-to-date: /home/gy/tmr_ros2/install/tm_msgs/include/tm_msgs/srv/detail/set_positions__traits.hpp
[2.018s] -- Up-to-date: /home/gy/tmr_ros2/install/tm_msgs/include/tm_msgs/srv/detail/send_script__builder.hpp
[2.018s] -- Up-to-date: /home/gy/tmr_ros2/install/tm_msgs/include/tm_msgs/srv/detail/connect_tm__struct.hpp
[2.018s] -- Up-to-date: /home/gy/tmr_ros2/install/tm_msgs/include/tm_msgs/srv/detail/connect_tm__traits.hpp
[2.018s] -- Up-to-date: /home/gy/tmr_ros2/install/tm_msgs/include/tm_msgs/srv/detail/ask_sta__struct.hpp
[2.018s] -- Up-to-date: /home/gy/tmr_ros2/install/tm_msgs/include/tm_msgs/srv/detail/write_item__builder.hpp
[2.018s] -- Up-to-date: /home/gy/tmr_ros2/install/tm_msgs/include/tm_msgs/srv/detail/send_script__struct.hpp
[2.018s] -- Up-to-date: /home/gy/tmr_ros2/install/tm_msgs/include/tm_msgs/srv/detail/send_script__traits.hpp
[2.019s] -- Up-to-date: /home/gy/tmr_ros2/install/tm_msgs/include/tm_msgs/srv/detail/write_item__traits.hpp
[2.019s] -- Up-to-date: /home/gy/tmr_ros2/install/tm_msgs/include/tm_msgs/srv/detail/ask_sta__builder.hpp
[2.019s] -- Up-to-date: /home/gy/tmr_ros2/install/tm_msgs/include/tm_msgs/srv/detail/set_positions__builder.hpp
[2.020s] -- Up-to-date: /home/gy/tmr_ros2/install/tm_msgs/include/tm_msgs/srv/detail/connect_tm__builder.hpp
[2.020s] -- Up-to-date: /home/gy/tmr_ros2/install/tm_msgs/include/tm_msgs/srv/detail/set_io__builder.hpp
[2.020s] -- Up-to-date: /home/gy/tmr_ros2/install/tm_msgs/include/tm_msgs/srv/detail/ask_item__struct.hpp
[2.020s] -- Up-to-date: /home/gy/tmr_ros2/install/tm_msgs/include/tm_msgs/srv/detail/set_io__traits.hpp
[2.020s] -- Up-to-date: /home/gy/tmr_ros2/install/tm_msgs/include/tm_msgs/srv/detail/ask_item__builder.hpp
[2.020s] -- Up-to-date: /home/gy/tmr_ros2/install/tm_msgs/include/tm_msgs/srv/detail/write_item__struct.hpp
[2.020s] -- Up-to-date: /home/gy/tmr_ros2/install/tm_msgs/include/tm_msgs/srv/detail/set_event__struct.hpp
[2.020s] -- Up-to-date: /home/gy/tmr_ros2/install/tm_msgs/include/tm_msgs/srv/detail/set_event__builder.hpp
[2.021s] -- Up-to-date: /home/gy/tmr_ros2/install/tm_msgs/include/tm_msgs/srv/detail/set_event__traits.hpp
[2.021s] -- Up-to-date: /home/gy/tmr_ros2/install/tm_msgs/include/tm_msgs/srv/detail/set_io__struct.hpp
[2.021s] -- Up-to-date: /home/gy/tmr_ros2/install/tm_msgs/include/tm_msgs/srv/detail/ask_sta__traits.hpp
[2.021s] -- Up-to-date: /home/gy/tmr_ros2/install/tm_msgs/include/tm_msgs/srv/detail/ask_item__traits.hpp
[2.021s] -- Up-to-date: /home/gy/tmr_ros2/install/tm_msgs/include/tm_msgs/srv/ask_item.hpp
[2.021s] -- Up-to-date: /home/gy/tmr_ros2/install/tm_msgs/include/tm_msgs/srv/write_item.hpp
[2.021s] -- Up-to-date: /home/gy/tmr_ros2/install/tm_msgs/include/tm_msgs/srv/send_script.hpp
[2.022s] -- Up-to-date: /home/gy/tmr_ros2/install/tm_msgs/include/tm_msgs/srv/set_io.hpp
[2.022s] -- Up-to-date: /home/gy/tmr_ros2/install/tm_msgs/include/tm_msgs/srv/connect_tm.hpp
[2.022s] -- Up-to-date: /home/gy/tmr_ros2/install/tm_msgs/include/tm_msgs/srv/set_event.hpp
[2.022s] -- Up-to-date: /home/gy/tmr_ros2/install/tm_msgs/include/tm_msgs/srv/set_positions.hpp
[2.022s] -- Up-to-date: /home/gy/tmr_ros2/install/tm_msgs/include/tm_msgs/srv/ask_sta.hpp
[2.022s] -- Up-to-date: /home/gy/tmr_ros2/install/tm_msgs/include/tm_msgs/msg
[2.022s] -- Up-to-date: /home/gy/tmr_ros2/install/tm_msgs/include/tm_msgs/msg/detail
[2.023s] -- Up-to-date: /home/gy/tmr_ros2/install/tm_msgs/include/tm_msgs/msg/detail/sct_response__traits.hpp
[2.023s] -- Up-to-date: /home/gy/tmr_ros2/install/tm_msgs/include/tm_msgs/msg/detail/svr_response__traits.hpp
[2.023s] -- Up-to-date: /home/gy/tmr_ros2/install/tm_msgs/include/tm_msgs/msg/detail/feedback_state__builder.hpp
[2.023s] -- Up-to-date: /home/gy/tmr_ros2/install/tm_msgs/include/tm_msgs/msg/detail/sta_response__builder.hpp
[2.023s] -- Up-to-date: /home/gy/tmr_ros2/install/tm_msgs/include/tm_msgs/msg/detail/feedback_state__struct.hpp
[2.023s] -- Up-to-date: /home/gy/tmr_ros2/install/tm_msgs/include/tm_msgs/msg/detail/sct_response__struct.hpp
[2.023s] -- Up-to-date: /home/gy/tmr_ros2/install/tm_msgs/include/tm_msgs/msg/detail/sct_response__builder.hpp
[2.023s] -- Up-to-date: /home/gy/tmr_ros2/install/tm_msgs/include/tm_msgs/msg/detail/feedback_state__traits.hpp
[2.024s] -- Up-to-date: /home/gy/tmr_ros2/install/tm_msgs/include/tm_msgs/msg/detail/sta_response__struct.hpp
[2.024s] -- Up-to-date: /home/gy/tmr_ros2/install/tm_msgs/include/tm_msgs/msg/detail/svr_response__struct.hpp
[2.024s] -- Up-to-date: /home/gy/tmr_ros2/install/tm_msgs/include/tm_msgs/msg/detail/svr_response__builder.hpp
[2.024s] -- Up-to-date: /home/gy/tmr_ros2/install/tm_msgs/include/tm_msgs/msg/detail/sta_response__traits.hpp
[2.024s] -- Up-to-date: /home/gy/tmr_ros2/install/tm_msgs/include/tm_msgs/msg/svr_response.hpp
[2.024s] -- Up-to-date: /home/gy/tmr_ros2/install/tm_msgs/include/tm_msgs/msg/sta_response.hpp
[2.024s] -- Up-to-date: /home/gy/tmr_ros2/install/tm_msgs/include/tm_msgs/msg/sct_response.hpp
[2.024s] -- Up-to-date: /home/gy/tmr_ros2/install/tm_msgs/include/tm_msgs/msg/feedback_state.hpp
[2.025s] -- Up-to-date: /home/gy/tmr_ros2/install/tm_msgs/include/tm_msgs
[2.025s] -- Up-to-date: /home/gy/tmr_ros2/install/tm_msgs/include/tm_msgs/srv
[2.025s] -- Up-to-date: /home/gy/tmr_ros2/install/tm_msgs/include/tm_msgs/srv/detail
[2.025s] -- Up-to-date: /home/gy/tmr_ros2/install/tm_msgs/include/tm_msgs/srv/detail/send_script__type_support.cpp
[2.025s] -- Up-to-date: /home/gy/tmr_ros2/install/tm_msgs/include/tm_msgs/srv/detail/set_positions__type_support.cpp
[2.025s] -- Up-to-date: /home/gy/tmr_ros2/install/tm_msgs/include/tm_msgs/srv/detail/connect_tm__rosidl_typesupport_introspection_cpp.hpp
[2.025s] -- Up-to-date: /home/gy/tmr_ros2/install/tm_msgs/include/tm_msgs/srv/detail/set_event__rosidl_typesupport_introspection_cpp.hpp
[2.026s] -- Up-to-date: /home/gy/tmr_ros2/install/tm_msgs/include/tm_msgs/srv/detail/write_item__type_support.cpp
[2.026s] -- Up-to-date: /home/gy/tmr_ros2/install/tm_msgs/include/tm_msgs/srv/detail/send_script__rosidl_typesupport_introspection_cpp.hpp
[2.026s] -- Up-to-date: /home/gy/tmr_ros2/install/tm_msgs/include/tm_msgs/srv/detail/ask_item__type_support.cpp
[2.026s] -- Up-to-date: /home/gy/tmr_ros2/install/tm_msgs/include/tm_msgs/srv/detail/set_io__type_support.cpp
[2.026s] -- Up-to-date: /home/gy/tmr_ros2/install/tm_msgs/include/tm_msgs/srv/detail/write_item__rosidl_typesupport_introspection_cpp.hpp
[2.026s] -- Up-to-date: /home/gy/tmr_ros2/install/tm_msgs/include/tm_msgs/srv/detail/set_positions__rosidl_typesupport_introspection_cpp.hpp
[2.026s] -- Up-to-date: /home/gy/tmr_ros2/install/tm_msgs/include/tm_msgs/srv/detail/set_event__type_support.cpp
[2.026s] -- Up-to-date: /home/gy/tmr_ros2/install/tm_msgs/include/tm_msgs/srv/detail/ask_sta__rosidl_typesupport_introspection_cpp.hpp
[2.027s] -- Up-to-date: /home/gy/tmr_ros2/install/tm_msgs/include/tm_msgs/srv/detail/ask_item__rosidl_typesupport_introspection_cpp.hpp
[2.027s] -- Up-to-date: /home/gy/tmr_ros2/install/tm_msgs/include/tm_msgs/srv/detail/ask_sta__type_support.cpp
[2.027s] -- Up-to-date: /home/gy/tmr_ros2/install/tm_msgs/include/tm_msgs/srv/detail/set_io__rosidl_typesupport_introspection_cpp.hpp
[2.027s] -- Up-to-date: /home/gy/tmr_ros2/install/tm_msgs/include/tm_msgs/srv/detail/connect_tm__type_support.cpp
[2.027s] -- Up-to-date: /home/gy/tmr_ros2/install/tm_msgs/include/tm_msgs/msg
[2.027s] -- Up-to-date: /home/gy/tmr_ros2/install/tm_msgs/include/tm_msgs/msg/detail
[2.027s] -- Up-to-date: /home/gy/tmr_ros2/install/tm_msgs/include/tm_msgs/msg/detail/feedback_state__rosidl_typesupport_introspection_cpp.hpp
[2.027s] -- Up-to-date: /home/gy/tmr_ros2/install/tm_msgs/include/tm_msgs/msg/detail/sct_response__type_support.cpp
[2.027s] -- Up-to-date: /home/gy/tmr_ros2/install/tm_msgs/include/tm_msgs/msg/detail/feedback_state__type_support.cpp
[2.028s] -- Up-to-date: /home/gy/tmr_ros2/install/tm_msgs/include/tm_msgs/msg/detail/sta_response__rosidl_typesupport_introspection_cpp.hpp
[2.028s] -- Up-to-date: /home/gy/tmr_ros2/install/tm_msgs/include/tm_msgs/msg/detail/sct_response__rosidl_typesupport_introspection_cpp.hpp
[2.028s] -- Up-to-date: /home/gy/tmr_ros2/install/tm_msgs/include/tm_msgs/msg/detail/svr_response__type_support.cpp
[2.028s] -- Up-to-date: /home/gy/tmr_ros2/install/tm_msgs/include/tm_msgs/msg/detail/svr_response__rosidl_typesupport_introspection_cpp.hpp
[2.028s] -- Up-to-date: /home/gy/tmr_ros2/install/tm_msgs/include/tm_msgs/msg/detail/sta_response__type_support.cpp
[2.028s] -- Up-to-date: /home/gy/tmr_ros2/install/tm_msgs/lib/libtm_msgs__rosidl_typesupport_introspection_cpp.so
[2.028s] -- Up-to-date: /home/gy/tmr_ros2/install/tm_msgs/lib/libtm_msgs__rosidl_typesupport_cpp.so
[2.029s] -- Up-to-date: /home/gy/tmr_ros2/install/tm_msgs/share/tm_msgs/environment/pythonpath.sh
[2.029s] -- Up-to-date: /home/gy/tmr_ros2/install/tm_msgs/share/tm_msgs/environment/pythonpath.dsv
[2.029s] -- Up-to-date: /home/gy/tmr_ros2/install/tm_msgs/lib/python3.8/site-packages/tm_msgs/__init__.py
[2.112s] -- Up-to-date: /home/gy/tmr_ros2/install/tm_msgs/lib/python3.8/site-packages/tm_msgs/msg
[2.112s] -- Up-to-date: /home/gy/tmr_ros2/install/tm_msgs/lib/python3.8/site-packages/tm_msgs/msg/_sct_response_s.c
[2.113s] -- Up-to-date: /home/gy/tmr_ros2/install/tm_msgs/lib/python3.8/site-packages/tm_msgs/msg/_sct_response.py
[2.114s] -- Up-to-date: /home/gy/tmr_ros2/install/tm_msgs/lib/python3.8/site-packages/tm_msgs/msg/_svr_response_s.c
[2.114s] -- Up-to-date: /home/gy/tmr_ros2/install/tm_msgs/lib/python3.8/site-packages/tm_msgs/msg/_feedback_state.py
[2.114s] -- Up-to-date: /home/gy/tmr_ros2/install/tm_msgs/lib/python3.8/site-packages/tm_msgs/msg/_feedback_state_s.c
[2.114s] -- Up-to-date: /home/gy/tmr_ros2/install/tm_msgs/lib/python3.8/site-packages/tm_msgs/msg/__init__.py
[2.114s] -- Up-to-date: /home/gy/tmr_ros2/install/tm_msgs/lib/python3.8/site-packages/tm_msgs/msg/_sta_response.py
[2.114s] -- Up-to-date: /home/gy/tmr_ros2/install/tm_msgs/lib/python3.8/site-packages/tm_msgs/msg/_svr_response.py
[2.114s] -- Up-to-date: /home/gy/tmr_ros2/install/tm_msgs/lib/python3.8/site-packages/tm_msgs/msg/_sta_response_s.c
[2.114s] -- Up-to-date: /home/gy/tmr_ros2/install/tm_msgs/lib/python3.8/site-packages/tm_msgs/srv
[2.117s] -- Up-to-date: /home/gy/tmr_ros2/install/tm_msgs/lib/python3.8/site-packages/tm_msgs/srv/_write_item_s.c
[2.117s] -- Up-to-date: /home/gy/tmr_ros2/install/tm_msgs/lib/python3.8/site-packages/tm_msgs/srv/_set_event.py
[2.117s] -- Up-to-date: /home/gy/tmr_ros2/install/tm_msgs/lib/python3.8/site-packages/tm_msgs/srv/_write_item.py
[2.117s] -- Up-to-date: /home/gy/tmr_ros2/install/tm_msgs/lib/python3.8/site-packages/tm_msgs/srv/_connect_tm.py
[2.117s] -- Up-to-date: /home/gy/tmr_ros2/install/tm_msgs/lib/python3.8/site-packages/tm_msgs/srv/_send_script_s.c
[2.118s] -- Up-to-date: /home/gy/tmr_ros2/install/tm_msgs/lib/python3.8/site-packages/tm_msgs/srv/_set_event_s.c
[2.118s] -- Up-to-date: /home/gy/tmr_ros2/install/tm_msgs/lib/python3.8/site-packages/tm_msgs/srv/_set_positions.py
[2.118s] -- Up-to-date: /home/gy/tmr_ros2/install/tm_msgs/lib/python3.8/site-packages/tm_msgs/srv/__init__.py
[2.118s] -- Up-to-date: /home/gy/tmr_ros2/install/tm_msgs/lib/python3.8/site-packages/tm_msgs/srv/_ask_item_s.c
[2.118s] -- Up-to-date: /home/gy/tmr_ros2/install/tm_msgs/lib/python3.8/site-packages/tm_msgs/srv/_set_io.py
[2.118s] -- Up-to-date: /home/gy/tmr_ros2/install/tm_msgs/lib/python3.8/site-packages/tm_msgs/srv/_connect_tm_s.c
[2.118s] -- Up-to-date: /home/gy/tmr_ros2/install/tm_msgs/lib/python3.8/site-packages/tm_msgs/srv/_send_script.py
[2.118s] -- Up-to-date: /home/gy/tmr_ros2/install/tm_msgs/lib/python3.8/site-packages/tm_msgs/srv/_set_positions_s.c
[2.119s] -- Up-to-date: /home/gy/tmr_ros2/install/tm_msgs/lib/python3.8/site-packages/tm_msgs/srv/_set_io_s.c
[2.119s] -- Up-to-date: /home/gy/tmr_ros2/install/tm_msgs/lib/python3.8/site-packages/tm_msgs/srv/_ask_sta.py
[2.119s] -- Up-to-date: /home/gy/tmr_ros2/install/tm_msgs/lib/python3.8/site-packages/tm_msgs/srv/_ask_sta_s.c
[2.119s] -- Up-to-date: /home/gy/tmr_ros2/install/tm_msgs/lib/python3.8/site-packages/tm_msgs/srv/_ask_item.py
[2.119s] -- Up-to-date: /home/gy/tmr_ros2/install/tm_msgs/lib/python3.8/site-packages/tm_msgs/tm_msgs_s__rosidl_typesupport_fastrtps_c.cpython-38-x86_64-linux-gnu.so
[2.120s] -- Up-to-date: /home/gy/tmr_ros2/install/tm_msgs/lib/python3.8/site-packages/tm_msgs/tm_msgs_s__rosidl_typesupport_introspection_c.cpython-38-x86_64-linux-gnu.so
[2.120s] -- Up-to-date: /home/gy/tmr_ros2/install/tm_msgs/lib/python3.8/site-packages/tm_msgs/tm_msgs_s__rosidl_typesupport_c.cpython-38-x86_64-linux-gnu.so
[2.120s] -- Up-to-date: /home/gy/tmr_ros2/install/tm_msgs/lib/libtm_msgs__python.so
[2.121s] -- Up-to-date: /home/gy/tmr_ros2/install/tm_msgs/share/tm_msgs/msg/FeedbackState.idl
[2.121s] -- Up-to-date: /home/gy/tmr_ros2/install/tm_msgs/share/tm_msgs/msg/SvrResponse.idl
[2.122s] -- Up-to-date: /home/gy/tmr_ros2/install/tm_msgs/share/tm_msgs/msg/SctResponse.idl
[2.122s] -- Up-to-date: /home/gy/tmr_ros2/install/tm_msgs/share/tm_msgs/msg/StaResponse.idl
[2.123s] -- Up-to-date: /home/gy/tmr_ros2/install/tm_msgs/share/tm_msgs/srv/ConnectTM.idl
[2.123s] -- Up-to-date: /home/gy/tmr_ros2/install/tm_msgs/share/tm_msgs/srv/WriteItem.idl
[2.123s] -- Up-to-date: /home/gy/tmr_ros2/install/tm_msgs/share/tm_msgs/srv/AskItem.idl
[2.124s] -- Up-to-date: /home/gy/tmr_ros2/install/tm_msgs/share/tm_msgs/srv/SendScript.idl
[2.124s] -- Up-to-date: /home/gy/tmr_ros2/install/tm_msgs/share/tm_msgs/srv/SetEvent.idl
[2.124s] -- Up-to-date: /home/gy/tmr_ros2/install/tm_msgs/share/tm_msgs/srv/SetIO.idl
[2.124s] -- Up-to-date: /home/gy/tmr_ros2/install/tm_msgs/share/tm_msgs/srv/SetPositions.idl
[2.125s] -- Up-to-date: /home/gy/tmr_ros2/install/tm_msgs/share/tm_msgs/srv/AskSta.idl
[2.125s] -- Up-to-date: /home/gy/tmr_ros2/install/tm_msgs/share/tm_msgs/msg/FeedbackState.msg
[2.125s] -- Up-to-date: /home/gy/tmr_ros2/install/tm_msgs/share/tm_msgs/msg/SvrResponse.msg
[2.125s] -- Up-to-date: /home/gy/tmr_ros2/install/tm_msgs/share/tm_msgs/msg/SctResponse.msg
[2.125s] -- Up-to-date: /home/gy/tmr_ros2/install/tm_msgs/share/tm_msgs/msg/StaResponse.msg
[2.126s] -- Up-to-date: /home/gy/tmr_ros2/install/tm_msgs/share/tm_msgs/srv/ConnectTM.srv
[2.126s] -- Up-to-date: /home/gy/tmr_ros2/install/tm_msgs/share/tm_msgs/srv/ConnectTM_Request.msg
[2.126s] -- Up-to-date: /home/gy/tmr_ros2/install/tm_msgs/share/tm_msgs/srv/ConnectTM_Response.msg
[2.126s] -- Up-to-date: /home/gy/tmr_ros2/install/tm_msgs/share/tm_msgs/srv/WriteItem.srv
[2.126s] -- Up-to-date: /home/gy/tmr_ros2/install/tm_msgs/share/tm_msgs/srv/WriteItem_Request.msg
[2.126s] -- Up-to-date: /home/gy/tmr_ros2/install/tm_msgs/share/tm_msgs/srv/WriteItem_Response.msg
[2.126s] -- Up-to-date: /home/gy/tmr_ros2/install/tm_msgs/share/tm_msgs/srv/AskItem.srv
[2.126s] -- Up-to-date: /home/gy/tmr_ros2/install/tm_msgs/share/tm_msgs/srv/AskItem_Request.msg
[2.127s] -- Up-to-date: /home/gy/tmr_ros2/install/tm_msgs/share/tm_msgs/srv/AskItem_Response.msg
[2.127s] -- Up-to-date: /home/gy/tmr_ros2/install/tm_msgs/share/tm_msgs/srv/SendScript.srv
[2.127s] -- Up-to-date: /home/gy/tmr_ros2/install/tm_msgs/share/tm_msgs/srv/SendScript_Request.msg
[2.127s] -- Up-to-date: /home/gy/tmr_ros2/install/tm_msgs/share/tm_msgs/srv/SendScript_Response.msg
[2.127s] -- Up-to-date: /home/gy/tmr_ros2/install/tm_msgs/share/tm_msgs/srv/SetEvent.srv
[2.128s] -- Up-to-date: /home/gy/tmr_ros2/install/tm_msgs/share/tm_msgs/srv/SetEvent_Request.msg
[2.128s] -- Up-to-date: /home/gy/tmr_ros2/install/tm_msgs/share/tm_msgs/srv/SetEvent_Response.msg
[2.128s] -- Up-to-date: /home/gy/tmr_ros2/install/tm_msgs/share/tm_msgs/srv/SetIO.srv
[2.128s] -- Up-to-date: /home/gy/tmr_ros2/install/tm_msgs/share/tm_msgs/srv/SetIO_Request.msg
[2.128s] -- Up-to-date: /home/gy/tmr_ros2/install/tm_msgs/share/tm_msgs/srv/SetIO_Response.msg
[2.129s] -- Up-to-date: /home/gy/tmr_ros2/install/tm_msgs/share/tm_msgs/srv/SetPositions.srv
[2.129s] -- Up-to-date: /home/gy/tmr_ros2/install/tm_msgs/share/tm_msgs/srv/SetPositions_Request.msg
[2.129s] -- Up-to-date: /home/gy/tmr_ros2/install/tm_msgs/share/tm_msgs/srv/SetPositions_Response.msg
[2.129s] -- Up-to-date: /home/gy/tmr_ros2/install/tm_msgs/share/tm_msgs/srv/AskSta.srv
[2.130s] -- Up-to-date: /home/gy/tmr_ros2/install/tm_msgs/share/tm_msgs/srv/AskSta_Request.msg
[2.130s] -- Up-to-date: /home/gy/tmr_ros2/install/tm_msgs/share/tm_msgs/srv/AskSta_Response.msg
[2.130s] -- Up-to-date: /home/gy/tmr_ros2/install/tm_msgs/share/ament_index/resource_index/package_run_dependencies/tm_msgs
[2.130s] -- Up-to-date: /home/gy/tmr_ros2/install/tm_msgs/share/ament_index/resource_index/parent_prefix_path/tm_msgs
[2.130s] -- Up-to-date: /home/gy/tmr_ros2/install/tm_msgs/share/tm_msgs/environment/ament_prefix_path.sh
[2.131s] -- Up-to-date: /home/gy/tmr_ros2/install/tm_msgs/share/tm_msgs/environment/ament_prefix_path.dsv
[2.131s] -- Up-to-date: /home/gy/tmr_ros2/install/tm_msgs/share/tm_msgs/environment/path.sh
[2.131s] -- Up-to-date: /home/gy/tmr_ros2/install/tm_msgs/share/tm_msgs/environment/path.dsv
[2.131s] -- Up-to-date: /home/gy/tmr_ros2/install/tm_msgs/share/tm_msgs/local_setup.bash
[2.131s] -- Up-to-date: /home/gy/tmr_ros2/install/tm_msgs/share/tm_msgs/local_setup.sh
[2.131s] -- Up-to-date: /home/gy/tmr_ros2/install/tm_msgs/share/tm_msgs/local_setup.zsh
[2.131s] -- Up-to-date: /home/gy/tmr_ros2/install/tm_msgs/share/tm_msgs/local_setup.dsv
[2.131s] -- Installing: /home/gy/tmr_ros2/install/tm_msgs/share/tm_msgs/package.dsv
[2.132s] -- Up-to-date: /home/gy/tmr_ros2/install/tm_msgs/share/ament_index/resource_index/packages/tm_msgs
[2.132s] -- Up-to-date: /home/gy/tmr_ros2/install/tm_msgs/share/tm_msgs/cmake/tm_msgs__rosidl_generator_cExport.cmake
[2.132s] -- Up-to-date: /home/gy/tmr_ros2/install/tm_msgs/share/tm_msgs/cmake/tm_msgs__rosidl_generator_cExport-noconfig.cmake
[2.139s] -- Up-to-date: /home/gy/tmr_ros2/install/tm_msgs/share/tm_msgs/cmake/tm_msgs__rosidl_typesupport_introspection_cExport.cmake
[2.140s] -- Up-to-date: /home/gy/tmr_ros2/install/tm_msgs/share/tm_msgs/cmake/tm_msgs__rosidl_typesupport_introspection_cExport-noconfig.cmake
[2.140s] -- Up-to-date: /home/gy/tmr_ros2/install/tm_msgs/share/tm_msgs/cmake/tm_msgs__rosidl_typesupport_cExport.cmake
[2.141s] -- Up-to-date: /home/gy/tmr_ros2/install/tm_msgs/share/tm_msgs/cmake/tm_msgs__rosidl_typesupport_cExport-noconfig.cmake
[2.141s] -- Up-to-date: /home/gy/tmr_ros2/install/tm_msgs/share/tm_msgs/cmake/tm_msgs__rosidl_generator_cppExport.cmake
[2.142s] -- Up-to-date: /home/gy/tmr_ros2/install/tm_msgs/share/tm_msgs/cmake/tm_msgs__rosidl_typesupport_introspection_cppExport.cmake
[2.143s] -- Up-to-date: /home/gy/tmr_ros2/install/tm_msgs/share/tm_msgs/cmake/tm_msgs__rosidl_typesupport_introspection_cppExport-noconfig.cmake
[2.143s] -- Up-to-date: /home/gy/tmr_ros2/install/tm_msgs/share/tm_msgs/cmake/tm_msgs__rosidl_typesupport_cppExport.cmake
[2.145s] -- Up-to-date: /home/gy/tmr_ros2/install/tm_msgs/share/tm_msgs/cmake/tm_msgs__rosidl_typesupport_cppExport-noconfig.cmake
[2.147s] -- Up-to-date: /home/gy/tmr_ros2/install/tm_msgs/share/tm_msgs/cmake/rosidl_cmake-extras.cmake
[2.148s] -- Up-to-date: /home/gy/tmr_ros2/install/tm_msgs/share/tm_msgs/cmake/ament_cmake_export_dependencies-extras.cmake
[2.148s] -- Up-to-date: /home/gy/tmr_ros2/install/tm_msgs/share/tm_msgs/cmake/ament_cmake_export_libraries-extras.cmake
[2.149s] -- Up-to-date: /home/gy/tmr_ros2/install/tm_msgs/share/tm_msgs/cmake/ament_cmake_export_targets-extras.cmake
[2.149s] -- Up-to-date: /home/gy/tmr_ros2/install/tm_msgs/share/tm_msgs/cmake/ament_cmake_export_include_directories-extras.cmake
[2.149s] -- Up-to-date: /home/gy/tmr_ros2/install/tm_msgs/share/tm_msgs/cmake/rosidl_cmake_export_typesupport_libraries-extras.cmake
[2.149s] -- Up-to-date: /home/gy/tmr_ros2/install/tm_msgs/share/tm_msgs/cmake/rosidl_cmake_export_typesupport_targets-extras.cmake
[2.149s] -- Up-to-date: /home/gy/tmr_ros2/install/tm_msgs/share/tm_msgs/cmake/tm_msgsConfig.cmake
[2.150s] -- Up-to-date: /home/gy/tmr_ros2/install/tm_msgs/share/tm_msgs/cmake/tm_msgsConfig-version.cmake
[2.150s] -- Up-to-date: /home/gy/tmr_ros2/install/tm_msgs/share/tm_msgs/package.xml
[2.151s] Invoked command in '/home/gy/Omron_TM_ROS2/build/tm_msgs' returned '0': CMAKE_PREFIX_PATH=${CMAKE_PREFIX_PATH}:/home/gy/Omron_TM_ROS2/install/tmr_mod_urdf:/home/gy/Omron_TM_ROS2/install/tm_get_status:/opt/ros/foxy /usr/bin/cmake --install /home/gy/Omron_TM_ROS2/build/tm_msgs
