[0.640s] Invoking command in '/home/gy/Omron_TM_ROS2/pickplace': PYTHONPATH=/home/gy/Omron_TM_ROS2/install/pickplace/lib/python3.8/site-packages:${PYTHONPATH} /usr/bin/python3 setup.py egg_info --egg-base ../build/pickplace build --build-base /home/gy/Omron_TM_ROS2/build/pickplace/build install --prefix /home/gy/Omron_TM_ROS2/install/pickplace --record /home/gy/Omron_TM_ROS2/build/pickplace/install.log --single-version-externally-managed
[1.114s] running egg_info
[1.116s] writing ../build/pickplace/pickplace.egg-info/PKG-INFO
[1.117s] writing dependency_links to ../build/pickplace/pickplace.egg-info/dependency_links.txt
[1.117s] writing entry points to ../build/pickplace/pickplace.egg-info/entry_points.txt
[1.118s] writing requirements to ../build/pickplace/pickplace.egg-info/requires.txt
[1.118s] writing top-level names to ../build/pickplace/pickplace.egg-info/top_level.txt
[1.194s] reading manifest file '../build/pickplace/pickplace.egg-info/SOURCES.txt'
[1.196s] writing manifest file '../build/pickplace/pickplace.egg-info/SOURCES.txt'
[1.197s] running build
[1.197s] running build_py
[1.198s] running install
[1.199s] running install_lib
[1.202s] running install_data
[1.204s] copying launch/rviz.launch.py -> /home/gy/Omron_TM_ROS2/install/pickplace/share/pickplace
[1.204s] running install_egg_info
[1.208s] removing '/home/gy/Omron_TM_ROS2/install/pickplace/lib/python3.8/site-packages/pickplace-0.0.0-py3.8.egg-info' (and everything under it)
[1.208s] Copying ../build/pickplace/pickplace.egg-info to /home/gy/Omron_TM_ROS2/install/pickplace/lib/python3.8/site-packages/pickplace-0.0.0-py3.8.egg-info
[1.210s] running install_scripts
[1.257s] Installing pickplace script to /home/gy/Omron_TM_ROS2/install/pickplace/lib/pickplace
[1.258s] Installing teach_setup script to /home/gy/Omron_TM_ROS2/install/pickplace/lib/pickplace
[1.258s] writing list of installed files to '/home/gy/Omron_TM_ROS2/build/pickplace/install.log'
[1.310s] Invoked command in '/home/gy/Omron_TM_ROS2/pickplace' returned '0': PYTHONPATH=/home/gy/Omron_TM_ROS2/install/pickplace/lib/python3.8/site-packages:${PYTHONPATH} /usr/bin/python3 setup.py egg_info --egg-base ../build/pickplace build --build-base /home/gy/Omron_TM_ROS2/build/pickplace/build install --prefix /home/gy/Omron_TM_ROS2/install/pickplace --record /home/gy/Omron_TM_ROS2/build/pickplace/install.log --single-version-externally-managed
