[0.762s] Invoking command in '/home/gy/Omron_TM_ROS2/pickplace': PYTHONPATH=/home/gy/Omron_TM_ROS2/install/pickplace/lib/python3.8/site-packages:${PYTHONPATH} /usr/bin/python3 setup.py egg_info --egg-base ../build/pickplace build --build-base /home/gy/Omron_TM_ROS2/build/pickplace/build install --prefix /home/gy/Omron_TM_ROS2/install/pickplace --record /home/gy/Omron_TM_ROS2/build/pickplace/install.log --single-version-externally-managed
[1.334s] running egg_info
[1.335s] writing ../build/pickplace/pickplace.egg-info/PKG-INFO
[1.337s] writing dependency_links to ../build/pickplace/pickplace.egg-info/dependency_links.txt
[1.337s] writing entry points to ../build/pickplace/pickplace.egg-info/entry_points.txt
[1.338s] writing requirements to ../build/pickplace/pickplace.egg-info/requires.txt
[1.340s] writing top-level names to ../build/pickplace/pickplace.egg-info/top_level.txt
[1.441s] reading manifest file '../build/pickplace/pickplace.egg-info/SOURCES.txt'
[1.487s] writing manifest file '../build/pickplace/pickplace.egg-info/SOURCES.txt'
[1.487s] running build
[1.491s] running build_py
[1.491s] copying pickplace/__init__.py -> /home/gy/Omron_TM_ROS2/build/pickplace/build/lib/pickplace
[1.492s] running install
[1.492s] running install_lib
[1.492s] copying /home/gy/Omron_TM_ROS2/build/pickplace/build/lib/pickplace/__init__.py -> /home/gy/Omron_TM_ROS2/install/pickplace/lib/python3.8/site-packages/pickplace
[1.495s] byte-compiling /home/gy/Omron_TM_ROS2/install/pickplace/lib/python3.8/site-packages/pickplace/__init__.py to __init__.cpython-38.pyc
[1.496s] running install_data
[1.498s] running install_egg_info
[1.503s] removing '/home/gy/Omron_TM_ROS2/install/pickplace/lib/python3.8/site-packages/pickplace-0.0.0-py3.8.egg-info' (and everything under it)
[1.503s] Copying ../build/pickplace/pickplace.egg-info to /home/gy/Omron_TM_ROS2/install/pickplace/lib/python3.8/site-packages/pickplace-0.0.0-py3.8.egg-info
[1.520s] running install_scripts
[1.560s] Installing pickplace script to /home/gy/Omron_TM_ROS2/install/pickplace/lib/pickplace
[1.560s] Installing teach_setup script to /home/gy/Omron_TM_ROS2/install/pickplace/lib/pickplace
[1.563s] writing list of installed files to '/home/gy/Omron_TM_ROS2/build/pickplace/install.log'
[1.612s] Invoked command in '/home/gy/Omron_TM_ROS2/pickplace' returned '0': PYTHONPATH=/home/gy/Omron_TM_ROS2/install/pickplace/lib/python3.8/site-packages:${PYTHONPATH} /usr/bin/python3 setup.py egg_info --egg-base ../build/pickplace build --build-base /home/gy/Omron_TM_ROS2/build/pickplace/build install --prefix /home/gy/Omron_TM_ROS2/install/pickplace --record /home/gy/Omron_TM_ROS2/build/pickplace/install.log --single-version-externally-managed
