-- Install configuration: ""
-- Up-to-date: /home/gy/Omron_TM_ROS2/tm_models/install/tm_models/share/ament_index/resource_index/package_run_dependencies/tm_models
-- Up-to-date: /home/gy/Omron_TM_ROS2/tm_models/install/tm_models/share/ament_index/resource_index/parent_prefix_path/tm_models
-- Up-to-date: /home/gy/Omron_TM_ROS2/tm_models/install/tm_models/share/tm_models/environment/ament_prefix_path.sh
-- Up-to-date: /home/gy/Omron_TM_ROS2/tm_models/install/tm_models/share/tm_models/environment/ament_prefix_path.dsv
-- Up-to-date: /home/gy/Omron_TM_ROS2/tm_models/install/tm_models/share/tm_models/environment/path.sh
-- Up-to-date: /home/gy/Omron_TM_ROS2/tm_models/install/tm_models/share/tm_models/environment/path.dsv
-- Up-to-date: /home/gy/Omron_TM_ROS2/tm_models/install/tm_models/share/tm_models/local_setup.bash
-- Up-to-date: /home/gy/Omron_TM_ROS2/tm_models/install/tm_models/share/tm_models/local_setup.sh
-- Up-to-date: /home/gy/Omron_TM_ROS2/tm_models/install/tm_models/share/tm_models/local_setup.zsh
-- Up-to-date: /home/gy/Omron_TM_ROS2/tm_models/install/tm_models/share/tm_models/local_setup.dsv
-- Up-to-date: /home/gy/Omron_TM_ROS2/tm_models/install/tm_models/share/tm_models/package.dsv
-- Up-to-date: /home/gy/Omron_TM_ROS2/tm_models/install/tm_models/share/ament_index/resource_index/packages/tm_models
-- Up-to-date: /home/gy/Omron_TM_ROS2/tm_models/install/tm_models/share/tm_models/cmake/tm_modelsConfig.cmake
-- Up-to-date: /home/gy/Omron_TM_ROS2/tm_models/install/tm_models/share/tm_models/cmake/tm_modelsConfig-version.cmake
-- Up-to-date: /home/gy/Omron_TM_ROS2/tm_models/install/tm_models/share/tm_models/package.xml
-- Up-to-date: /home/gy/Omron_TM_ROS2/tm_models/install/tm_models/share/tm_models/launch
-- Up-to-date: /home/gy/Omron_TM_ROS2/tm_models/install/tm_models/share/tm_models/launch/view_robot.rviz
-- Up-to-date: /home/gy/Omron_TM_ROS2/tm_models/install/tm_models/share/tm_models/launch/view_tm12.launch
-- Up-to-date: /home/gy/Omron_TM_ROS2/tm_models/install/tm_models/share/tm_models/launch/tm12_upload.launch
-- Up-to-date: /home/gy/Omron_TM_ROS2/tm_models/install/tm_models/share/tm_models/urdf
-- Up-to-date: /home/gy/Omron_TM_ROS2/tm_models/install/tm_models/share/tm_models/urdf/log
-- Up-to-date: /home/gy/Omron_TM_ROS2/tm_models/install/tm_models/share/tm_models/urdf/log/build_2021-04-20_14-45-09
-- Up-to-date: /home/gy/Omron_TM_ROS2/tm_models/install/tm_models/share/tm_models/urdf/log/build_2021-04-20_14-45-09/events.log
-- Up-to-date: /home/gy/Omron_TM_ROS2/tm_models/install/tm_models/share/tm_models/urdf/log/build_2021-04-20_14-45-09/logger_all.log
-- Up-to-date: /home/gy/Omron_TM_ROS2/tm_models/install/tm_models/share/tm_models/urdf/log/build_2021-04-20_09-21-56
-- Up-to-date: /home/gy/Omron_TM_ROS2/tm_models/install/tm_models/share/tm_models/urdf/log/build_2021-04-20_09-21-56/events.log
-- Up-to-date: /home/gy/Omron_TM_ROS2/tm_models/install/tm_models/share/tm_models/urdf/log/build_2021-04-20_09-21-56/logger_all.log
-- Installing: /home/gy/Omron_TM_ROS2/tm_models/install/tm_models/share/tm_models/urdf/log/COLCON_IGNORE
-- Installing: /home/gy/Omron_TM_ROS2/tm_models/install/tm_models/share/tm_models/urdf/log/build_2021-04-20_16-49-20
-- Installing: /home/gy/Omron_TM_ROS2/tm_models/install/tm_models/share/tm_models/urdf/log/build_2021-04-20_16-49-20/events.log
-- Installing: /home/gy/Omron_TM_ROS2/tm_models/install/tm_models/share/tm_models/urdf/log/build_2021-04-20_16-49-20/logger_all.log
-- Up-to-date: /home/gy/Omron_TM_ROS2/tm_models/install/tm_models/share/tm_models/urdf/log/latest
-- Installing: /home/gy/Omron_TM_ROS2/tm_models/install/tm_models/share/tm_models/urdf/log/latest_build
-- Up-to-date: /home/gy/Omron_TM_ROS2/tm_models/install/tm_models/share/tm_models/urdf/tm5_700_robot.urdf.xacro
-- Up-to-date: /home/gy/Omron_TM_ROS2/tm_models/install/tm_models/share/tm_models/urdf/tm.transmission.xacro
-- Up-to-date: /home/gy/Omron_TM_ROS2/tm_models/install/tm_models/share/tm_models/urdf/tm12.urdf.xacro
-- Up-to-date: /home/gy/Omron_TM_ROS2/tm_models/install/tm_models/share/tm_models/urdf/common.gazebo.xacro
-- Up-to-date: /home/gy/Omron_TM_ROS2/tm_models/install/tm_models/share/tm_models/urdf/tm5_900_simple.urdf
-- Up-to-date: /home/gy/Omron_TM_ROS2/tm_models/install/tm_models/share/tm_models/urdf/tm5_700.urdf.xacro
-- Up-to-date: /home/gy/Omron_TM_ROS2/tm_models/install/tm_models/share/tm_models/urdf/tm12_robot.urdf.xacro
-- Up-to-date: /home/gy/Omron_TM_ROS2/tm_models/install/tm_models/share/tm_models/urdf/install
-- Installing: /home/gy/Omron_TM_ROS2/tm_models/install/tm_models/share/tm_models/urdf/install/local_setup.bash
-- Installing: /home/gy/Omron_TM_ROS2/tm_models/install/tm_models/share/tm_models/urdf/install/setup.zsh
-- Installing: /home/gy/Omron_TM_ROS2/tm_models/install/tm_models/share/tm_models/urdf/install/setup.ps1
-- Up-to-date: /home/gy/Omron_TM_ROS2/tm_models/install/tm_models/share/tm_models/urdf/install/.colcon_install_layout
-- Installing: /home/gy/Omron_TM_ROS2/tm_models/install/tm_models/share/tm_models/urdf/install/_local_setup_util_sh.py
-- Installing: /home/gy/Omron_TM_ROS2/tm_models/install/tm_models/share/tm_models/urdf/install/_local_setup_util_ps1.py
-- Installing: /home/gy/Omron_TM_ROS2/tm_models/install/tm_models/share/tm_models/urdf/install/local_setup.ps1
-- Installing: /home/gy/Omron_TM_ROS2/tm_models/install/tm_models/share/tm_models/urdf/install/local_setup.sh
-- Up-to-date: /home/gy/Omron_TM_ROS2/tm_models/install/tm_models/share/tm_models/urdf/install/COLCON_IGNORE
-- Installing: /home/gy/Omron_TM_ROS2/tm_models/install/tm_models/share/tm_models/urdf/install/setup.sh
-- Installing: /home/gy/Omron_TM_ROS2/tm_models/install/tm_models/share/tm_models/urdf/install/setup.bash
-- Installing: /home/gy/Omron_TM_ROS2/tm_models/install/tm_models/share/tm_models/urdf/install/local_setup.zsh
-- Up-to-date: /home/gy/Omron_TM_ROS2/tm_models/install/tm_models/share/tm_models/urdf/tm5_900.urdf.xacro
-- Up-to-date: /home/gy/Omron_TM_ROS2/tm_models/install/tm_models/share/tm_models/urdf/tm.gazebo.xacro
-- Up-to-date: /home/gy/Omron_TM_ROS2/tm_models/install/tm_models/share/tm_models/urdf/build
-- Up-to-date: /home/gy/Omron_TM_ROS2/tm_models/install/tm_models/share/tm_models/urdf/build/.built_by
-- Up-to-date: /home/gy/Omron_TM_ROS2/tm_models/install/tm_models/share/tm_models/urdf/build/COLCON_IGNORE
-- Installing: /home/gy/Omron_TM_ROS2/tm_models/install/tm_models/share/tm_models/urdf/tm12.urdf
-- Up-to-date: /home/gy/Omron_TM_ROS2/tm_models/install/tm_models/share/tm_models/urdf/tm5_900_robot.urdf.xacro
-- Up-to-date: /home/gy/Omron_TM_ROS2/tm_models/install/tm_models/share/tm_models/meshes
-- Up-to-date: /home/gy/Omron_TM_ROS2/tm_models/install/tm_models/share/tm_models/meshes/tm12_1300
-- Up-to-date: /home/gy/Omron_TM_ROS2/tm_models/install/tm_models/share/tm_models/meshes/tm12_1300/visual
-- Up-to-date: /home/gy/Omron_TM_ROS2/tm_models/install/tm_models/share/tm_models/meshes/tm12_1300/visual/tm12_arm2.obj
-- Up-to-date: /home/gy/Omron_TM_ROS2/tm_models/install/tm_models/share/tm_models/meshes/tm12_1300/visual/tm12_base.stl
-- Up-to-date: /home/gy/Omron_TM_ROS2/tm_models/install/tm_models/share/tm_models/meshes/tm12_1300/visual/tm_100w_02.mtl
-- Up-to-date: /home/gy/Omron_TM_ROS2/tm_models/install/tm_models/share/tm_models/meshes/tm12_1300/visual/tm12_arm2.stl
-- Up-to-date: /home/gy/Omron_TM_ROS2/tm_models/install/tm_models/share/tm_models/meshes/tm12_1300/visual/tm_100w_01.mtl
-- Up-to-date: /home/gy/Omron_TM_ROS2/tm_models/install/tm_models/share/tm_models/meshes/tm12_1300/visual/tm_750w_01.stl
-- Up-to-date: /home/gy/Omron_TM_ROS2/tm_models/install/tm_models/share/tm_models/meshes/tm12_1300/visual/tm_100w_02.stl
-- Up-to-date: /home/gy/Omron_TM_ROS2/tm_models/install/tm_models/share/tm_models/meshes/tm12_1300/visual/tm12_arm1.mtl
-- Up-to-date: /home/gy/Omron_TM_ROS2/tm_models/install/tm_models/share/tm_models/meshes/tm12_1300/visual/tm12_arm2.mtl
-- Up-to-date: /home/gy/Omron_TM_ROS2/tm_models/install/tm_models/share/tm_models/meshes/tm12_1300/visual/tm_100w_01.obj
-- Up-to-date: /home/gy/Omron_TM_ROS2/tm_models/install/tm_models/share/tm_models/meshes/tm12_1300/visual/tm_100w_02.obj
-- Up-to-date: /home/gy/Omron_TM_ROS2/tm_models/install/tm_models/share/tm_models/meshes/tm12_1300/visual/tm_ee.stl
-- Up-to-date: /home/gy/Omron_TM_ROS2/tm_models/install/tm_models/share/tm_models/meshes/tm12_1300/visual/tm_750w_01.obj
-- Up-to-date: /home/gy/Omron_TM_ROS2/tm_models/install/tm_models/share/tm_models/meshes/tm12_1300/visual/tm_ee.mtl
-- Up-to-date: /home/gy/Omron_TM_ROS2/tm_models/install/tm_models/share/tm_models/meshes/tm12_1300/visual/tm_750w_01.mtl
-- Up-to-date: /home/gy/Omron_TM_ROS2/tm_models/install/tm_models/share/tm_models/meshes/tm12_1300/visual/tm_100w_01.stl
-- Up-to-date: /home/gy/Omron_TM_ROS2/tm_models/install/tm_models/share/tm_models/meshes/tm12_1300/visual/tm12_base.obj
-- Up-to-date: /home/gy/Omron_TM_ROS2/tm_models/install/tm_models/share/tm_models/meshes/tm12_1300/visual/tm_ee.obj
-- Up-to-date: /home/gy/Omron_TM_ROS2/tm_models/install/tm_models/share/tm_models/meshes/tm12_1300/visual/tm12_base.mtl
-- Up-to-date: /home/gy/Omron_TM_ROS2/tm_models/install/tm_models/share/tm_models/meshes/tm12_1300/visual/tm12_arm1.stl
-- Up-to-date: /home/gy/Omron_TM_ROS2/tm_models/install/tm_models/share/tm_models/meshes/tm12_1300/visual/tm12_arm1.obj
-- Up-to-date: /home/gy/Omron_TM_ROS2/tm_models/install/tm_models/share/tm_models/meshes/tm12_1300/collision
-- Up-to-date: /home/gy/Omron_TM_ROS2/tm_models/install/tm_models/share/tm_models/meshes/tm12_1300/collision/tm_100w_02_c.STL
-- Up-to-date: /home/gy/Omron_TM_ROS2/tm_models/install/tm_models/share/tm_models/meshes/tm12_1300/collision/tm_400w_01_c.STL
-- Up-to-date: /home/gy/Omron_TM_ROS2/tm_models/install/tm_models/share/tm_models/meshes/tm12_1300/collision/tm12_arm1_c.STL
-- Up-to-date: /home/gy/Omron_TM_ROS2/tm_models/install/tm_models/share/tm_models/meshes/tm12_1300/collision/tm_100w_02_c.stl
-- Up-to-date: /home/gy/Omron_TM_ROS2/tm_models/install/tm_models/share/tm_models/meshes/tm12_1300/collision/tm_750w_01_c.STL
-- Up-to-date: /home/gy/Omron_TM_ROS2/tm_models/install/tm_models/share/tm_models/meshes/tm12_1300/collision/tm_100w_01_c.STL
-- Up-to-date: /home/gy/Omron_TM_ROS2/tm_models/install/tm_models/share/tm_models/meshes/tm12_1300/collision/tm_ee_c.stl
-- Up-to-date: /home/gy/Omron_TM_ROS2/tm_models/install/tm_models/share/tm_models/meshes/tm12_1300/collision/tm12_arm2_c.STL
-- Up-to-date: /home/gy/Omron_TM_ROS2/tm_models/install/tm_models/share/tm_models/meshes/tm12_1300/collision/tm12_base_c.STL
-- Up-to-date: /home/gy/Omron_TM_ROS2/tm_models/install/tm_models/share/tm_models/meshes/tm5_700
-- Up-to-date: /home/gy/Omron_TM_ROS2/tm_models/install/tm_models/share/tm_models/meshes/tm5_700/visual
-- Up-to-date: /home/gy/Omron_TM_ROS2/tm_models/install/tm_models/share/tm_models/meshes/tm5_700/visual/tm5_700_arm1.obj
-- Up-to-date: /home/gy/Omron_TM_ROS2/tm_models/install/tm_models/share/tm_models/meshes/tm5_700/visual/tm5_700_arm1.mtl
-- Up-to-date: /home/gy/Omron_TM_ROS2/tm_models/install/tm_models/share/tm_models/meshes/tm5_700/visual/tm5_700_arm2.obj
-- Up-to-date: /home/gy/Omron_TM_ROS2/tm_models/install/tm_models/share/tm_models/meshes/tm5_700/visual/tm5_700_arm2.mtl
-- Up-to-date: /home/gy/Omron_TM_ROS2/tm_models/install/tm_models/share/tm_models/meshes/tm5_700/visual/tm5_700_arm1.stl
-- Up-to-date: /home/gy/Omron_TM_ROS2/tm_models/install/tm_models/share/tm_models/meshes/tm5_700/visual/tm5_700_arm2.stl
-- Up-to-date: /home/gy/Omron_TM_ROS2/tm_models/install/tm_models/share/tm_models/meshes/tm5_700/collision
-- Up-to-date: /home/gy/Omron_TM_ROS2/tm_models/install/tm_models/share/tm_models/meshes/tm5_700/collision/tm5_700_arm1_c.STL
-- Up-to-date: /home/gy/Omron_TM_ROS2/tm_models/install/tm_models/share/tm_models/meshes/tm5_700/collision/tm5_700_arm2_c.STL
-- Up-to-date: /home/gy/Omron_TM_ROS2/tm_models/install/tm_models/share/tm_models/meshes/tm5_900
-- Up-to-date: /home/gy/Omron_TM_ROS2/tm_models/install/tm_models/share/tm_models/meshes/tm5_900/visual
-- Up-to-date: /home/gy/Omron_TM_ROS2/tm_models/install/tm_models/share/tm_models/meshes/tm5_900/visual/tm5_900_arm1.obj
-- Up-to-date: /home/gy/Omron_TM_ROS2/tm_models/install/tm_models/share/tm_models/meshes/tm5_900/visual/tm_100w_02.mtl
-- Up-to-date: /home/gy/Omron_TM_ROS2/tm_models/install/tm_models/share/tm_models/meshes/tm5_900/visual/tm5_base.obj
-- Up-to-date: /home/gy/Omron_TM_ROS2/tm_models/install/tm_models/share/tm_models/meshes/tm5_900/visual/tm_100w_01.mtl
-- Up-to-date: /home/gy/Omron_TM_ROS2/tm_models/install/tm_models/share/tm_models/meshes/tm5_900/visual/tm_100w_02.stl
-- Up-to-date: /home/gy/Omron_TM_ROS2/tm_models/install/tm_models/share/tm_models/meshes/tm5_900/visual/tm5_900_arm1.mtl
-- Up-to-date: /home/gy/Omron_TM_ROS2/tm_models/install/tm_models/share/tm_models/meshes/tm5_900/visual/tm5_900_arm2.obj
-- Up-to-date: /home/gy/Omron_TM_ROS2/tm_models/install/tm_models/share/tm_models/meshes/tm5_900/visual/tm5_900_arm2.stl
-- Up-to-date: /home/gy/Omron_TM_ROS2/tm_models/install/tm_models/share/tm_models/meshes/tm5_900/visual/tm_100w_01.obj
-- Up-to-date: /home/gy/Omron_TM_ROS2/tm_models/install/tm_models/share/tm_models/meshes/tm5_900/visual/tm5_base.mtl
-- Up-to-date: /home/gy/Omron_TM_ROS2/tm_models/install/tm_models/share/tm_models/meshes/tm5_900/visual/tm5_base.stl
-- Up-to-date: /home/gy/Omron_TM_ROS2/tm_models/install/tm_models/share/tm_models/meshes/tm5_900/visual/tm5_900_arm1.stl
-- Up-to-date: /home/gy/Omron_TM_ROS2/tm_models/install/tm_models/share/tm_models/meshes/tm5_900/visual/tm_100w_02.obj
-- Up-to-date: /home/gy/Omron_TM_ROS2/tm_models/install/tm_models/share/tm_models/meshes/tm5_900/visual/tm_ee.stl
-- Up-to-date: /home/gy/Omron_TM_ROS2/tm_models/install/tm_models/share/tm_models/meshes/tm5_900/visual/tm_400w_01.stl
-- Up-to-date: /home/gy/Omron_TM_ROS2/tm_models/install/tm_models/share/tm_models/meshes/tm5_900/visual/tm_400w_01.obj
-- Up-to-date: /home/gy/Omron_TM_ROS2/tm_models/install/tm_models/share/tm_models/meshes/tm5_900/visual/tm_400w_01.mtl
-- Up-to-date: /home/gy/Omron_TM_ROS2/tm_models/install/tm_models/share/tm_models/meshes/tm5_900/visual/tm_ee.mtl
-- Up-to-date: /home/gy/Omron_TM_ROS2/tm_models/install/tm_models/share/tm_models/meshes/tm5_900/visual/tm_100w_01.stl
-- Up-to-date: /home/gy/Omron_TM_ROS2/tm_models/install/tm_models/share/tm_models/meshes/tm5_900/visual/tm_ee.obj
-- Up-to-date: /home/gy/Omron_TM_ROS2/tm_models/install/tm_models/share/tm_models/meshes/tm5_900/visual/tm5_900_arm2.mtl
-- Up-to-date: /home/gy/Omron_TM_ROS2/tm_models/install/tm_models/share/tm_models/meshes/tm5_900/collision
-- Up-to-date: /home/gy/Omron_TM_ROS2/tm_models/install/tm_models/share/tm_models/meshes/tm5_900/collision/tm_100w_02_c.STL
-- Up-to-date: /home/gy/Omron_TM_ROS2/tm_models/install/tm_models/share/tm_models/meshes/tm5_900/collision/tm_400w_01_c.STL
-- Up-to-date: /home/gy/Omron_TM_ROS2/tm_models/install/tm_models/share/tm_models/meshes/tm5_900/collision/tm_100w_02_c.stl
-- Up-to-date: /home/gy/Omron_TM_ROS2/tm_models/install/tm_models/share/tm_models/meshes/tm5_900/collision/tm_100w_01_c.STL
-- Up-to-date: /home/gy/Omron_TM_ROS2/tm_models/install/tm_models/share/tm_models/meshes/tm5_900/collision/tm5_900_arm2_c.STL
-- Up-to-date: /home/gy/Omron_TM_ROS2/tm_models/install/tm_models/share/tm_models/meshes/tm5_900/collision/tm_ee_c.stl
-- Up-to-date: /home/gy/Omron_TM_ROS2/tm_models/install/tm_models/share/tm_models/meshes/tm5_900/collision/tm5_900_arm1_c.STL
-- Up-to-date: /home/gy/Omron_TM_ROS2/tm_models/install/tm_models/share/tm_models/meshes/tm5_900/collision/tm5_base_c.STL
