[0.858s] Invoking command in '/home/gy/Omron_TM_ROS2/rviz_tm': PYTHONPATH=/home/gy/Omron_TM_ROS2/install/rviz_tm/lib/python3.8/site-packages:${PYTHONPATH} /usr/bin/python3 setup.py egg_info --egg-base ../build/rviz_tm build --build-base /home/gy/Omron_TM_ROS2/build/rviz_tm/build install --prefix /home/gy/Omron_TM_ROS2/install/rviz_tm --record /home/gy/Omron_TM_ROS2/build/rviz_tm/install.log --single-version-externally-managed
[1.464s] running egg_info
[1.470s] writing ../build/rviz_tm/rviz_tm.egg-info/PKG-INFO
[1.470s] writing dependency_links to ../build/rviz_tm/rviz_tm.egg-info/dependency_links.txt
[1.470s] writing entry points to ../build/rviz_tm/rviz_tm.egg-info/entry_points.txt
[1.471s] writing requirements to ../build/rviz_tm/rviz_tm.egg-info/requires.txt
[1.471s] writing top-level names to ../build/rviz_tm/rviz_tm.egg-info/top_level.txt
[1.567s] reading manifest file '../build/rviz_tm/rviz_tm.egg-info/SOURCES.txt'
[1.603s] writing manifest file '../build/rviz_tm/rviz_tm.egg-info/SOURCES.txt'
[1.603s] running build
[1.611s] running build_py
[1.611s] running install
[1.611s] running install_lib
[1.617s] running install_data
[1.627s] running install_egg_info
[1.638s] removing '/home/gy/Omron_TM_ROS2/install/rviz_tm/lib/python3.8/site-packages/rviz_tm-0.0.0-py3.8.egg-info' (and everything under it)
[1.684s] Copying ../build/rviz_tm/rviz_tm.egg-info to /home/gy/Omron_TM_ROS2/install/rviz_tm/lib/python3.8/site-packages/rviz_tm-0.0.0-py3.8.egg-info
[1.685s] running install_scripts
[1.746s] writing list of installed files to '/home/gy/Omron_TM_ROS2/build/rviz_tm/install.log'
[2.290s] Invoked command in '/home/gy/Omron_TM_ROS2/rviz_tm' returned '0': PYTHONPATH=/home/gy/Omron_TM_ROS2/install/rviz_tm/lib/python3.8/site-packages:${PYTHONPATH} /usr/bin/python3 setup.py egg_info --egg-base ../build/rviz_tm build --build-base /home/gy/Omron_TM_ROS2/build/rviz_tm/build install --prefix /home/gy/Omron_TM_ROS2/install/rviz_tm --record /home/gy/Omron_TM_ROS2/build/rviz_tm/install.log --single-version-externally-managed
