[100%] Built target tm_driver
-- Install configuration: ""
-- Up-to-date: /home/omron/Omron_TM_ROS2/install/tm_driver/lib/tm_driver/tm_driver
-- Up-to-date: /home/omron/Omron_TM_ROS2/install/tm_driver/share/tm_driver/launch
-- Up-to-date: /home/omron/Omron_TM_ROS2/install/tm_driver/share/tm_driver/launch/tm_bringup.py
-- Up-to-date: /home/omron/Omron_TM_ROS2/install/tm_driver/share/tm_driver/launch/tm_bringup.launch.py
-- Up-to-date: /home/omron/Omron_TM_ROS2/install/tm_driver/share/ament_index/resource_index/package_run_dependencies/tm_driver
-- Up-to-date: /home/omron/Omron_TM_ROS2/install/tm_driver/share/ament_index/resource_index/parent_prefix_path/tm_driver
-- Up-to-date: /home/omron/Omron_TM_ROS2/install/tm_driver/share/tm_driver/environment/ament_prefix_path.sh
-- Up-to-date: /home/omron/Omron_TM_ROS2/install/tm_driver/share/tm_driver/environment/ament_prefix_path.dsv
-- Up-to-date: /home/omron/Omron_TM_ROS2/install/tm_driver/share/tm_driver/environment/path.sh
-- Up-to-date: /home/omron/Omron_TM_ROS2/install/tm_driver/share/tm_driver/environment/path.dsv
-- Up-to-date: /home/omron/Omron_TM_ROS2/install/tm_driver/share/tm_driver/local_setup.bash
-- Up-to-date: /home/omron/Omron_TM_ROS2/install/tm_driver/share/tm_driver/local_setup.sh
-- Up-to-date: /home/omron/Omron_TM_ROS2/install/tm_driver/share/tm_driver/local_setup.zsh
-- Up-to-date: /home/omron/Omron_TM_ROS2/install/tm_driver/share/tm_driver/local_setup.dsv
-- Installing: /home/omron/Omron_TM_ROS2/install/tm_driver/share/tm_driver/package.dsv
-- Up-to-date: /home/omron/Omron_TM_ROS2/install/tm_driver/share/ament_index/resource_index/packages/tm_driver
-- Up-to-date: /home/omron/Omron_TM_ROS2/install/tm_driver/share/tm_driver/cmake/tm_driverConfig.cmake
-- Up-to-date: /home/omron/Omron_TM_ROS2/install/tm_driver/share/tm_driver/cmake/tm_driverConfig-version.cmake
-- Up-to-date: /home/omron/Omron_TM_ROS2/install/tm_driver/share/tm_driver/package.xml
