[0.021s] Invoking command in '/home/gy/Omron_TM_ROS2/build/tmrlib': CMAKE_PREFIX_PATH=${CMAKE_PREFIX_PATH}:/home/gy/Omron_TM_ROS2/install/pickplace:/home/gy/Omron_TM_ROS2/install/tmr_mod_urdf:/home/gy/Omron_TM_ROS2/install/tm_get_status:/opt/ros/foxy /usr/bin/cmake --build /home/gy/Omron_TM_ROS2/build/tmrlib -- -j3 -l3
[0.046s] CMake Error: The current CMakeCache.txt directory /home/gy/Omron_TM_ROS2/build/tmrlib/CMakeCache.txt is different than the directory /home/gy/tmr_ros2/build/tmrlib where CMakeCache.txt was created. This may result in binaries being created in the wrong place. If you are not sure, reedit the CMakeCache.txt
[0.173s] [100%] Built target tmrdriver
[0.195s] Invoked command in '/home/gy/Omron_TM_ROS2/build/tmrlib' returned '0': CMAKE_PREFIX_PATH=${CMAKE_PREFIX_PATH}:/home/gy/Omron_TM_ROS2/install/pickplace:/home/gy/Omron_TM_ROS2/install/tmr_mod_urdf:/home/gy/Omron_TM_ROS2/install/tm_get_status:/opt/ros/foxy /usr/bin/cmake --build /home/gy/Omron_TM_ROS2/build/tmrlib -- -j3 -l3
[0.279s] Invoking command in '/home/gy/Omron_TM_ROS2/build/tmrlib': CMAKE_PREFIX_PATH=${CMAKE_PREFIX_PATH}:/home/gy/Omron_TM_ROS2/install/pickplace:/home/gy/Omron_TM_ROS2/install/tmr_mod_urdf:/home/gy/Omron_TM_ROS2/install/tm_get_status:/opt/ros/foxy /usr/bin/cmake --install /home/gy/Omron_TM_ROS2/build/tmrlib
[0.296s] -- Install configuration: ""
[0.296s] -- Up-to-date: /home/gy/tmr_ros2/install/tmrlib/share/tmrlib/environment/library_path.sh
[0.297s] -- Up-to-date: /home/gy/tmr_ros2/install/tmrlib/share/tmrlib/environment/library_path.dsv
[0.297s] -- Up-to-date: /home/gy/tmr_ros2/install/tmrlib/include
[0.297s] -- Up-to-date: /home/gy/tmr_ros2/install/tmrlib/include/tmr
[0.297s] -- Up-to-date: /home/gy/tmr_ros2/install/tmrlib/include/tmr/tmr_communication.h
[0.297s] -- Up-to-date: /home/gy/tmr_ros2/install/tmrlib/include/tmr/tmr_tmpacket.h
[0.298s] -- Up-to-date: /home/gy/tmr_ros2/install/tmrlib/include/tmr/tmr_print.h
[0.298s] -- Up-to-date: /home/gy/tmr_ros2/install/tmrlib/include/tmr/tmr_robot_state.h
[0.298s] -- Up-to-date: /home/gy/tmr_ros2/install/tmrlib/include/tmr/tmr_tmsct_communication.h
[0.298s] -- Up-to-date: /home/gy/tmr_ros2/install/tmrlib/include/tmr/tmr_command.h
[0.299s] -- Up-to-date: /home/gy/tmr_ros2/install/tmrlib/include/tmr/tmr_tmsvr_communication.h
[0.299s] -- Up-to-date: /home/gy/tmr_ros2/install/tmrlib/include/tmr/tmr_data_table.h
[0.299s] -- Up-to-date: /home/gy/tmr_ros2/install/tmrlib/include/tmr/tmr_driver.h
[0.299s] -- Up-to-date: /home/gy/tmr_ros2/install/tmrlib/lib/libtmrdriver.a
[0.299s] -- Up-to-date: /home/gy/tmr_ros2/install/tmrlib/share/ament_index/resource_index/package_run_dependencies/tmrlib
[0.299s] -- Up-to-date: /home/gy/tmr_ros2/install/tmrlib/share/ament_index/resource_index/parent_prefix_path/tmrlib
[0.300s] -- Up-to-date: /home/gy/tmr_ros2/install/tmrlib/share/tmrlib/environment/ament_prefix_path.sh
[0.300s] -- Up-to-date: /home/gy/tmr_ros2/install/tmrlib/share/tmrlib/environment/ament_prefix_path.dsv
[0.300s] -- Up-to-date: /home/gy/tmr_ros2/install/tmrlib/share/tmrlib/environment/path.sh
[0.300s] -- Up-to-date: /home/gy/tmr_ros2/install/tmrlib/share/tmrlib/environment/path.dsv
[0.301s] -- Up-to-date: /home/gy/tmr_ros2/install/tmrlib/share/tmrlib/local_setup.bash
[0.302s] -- Up-to-date: /home/gy/tmr_ros2/install/tmrlib/share/tmrlib/local_setup.sh
[0.302s] -- Up-to-date: /home/gy/tmr_ros2/install/tmrlib/share/tmrlib/local_setup.zsh
[0.302s] -- Up-to-date: /home/gy/tmr_ros2/install/tmrlib/share/tmrlib/local_setup.dsv
[0.302s] -- Installing: /home/gy/tmr_ros2/install/tmrlib/share/tmrlib/package.dsv
[0.303s] -- Up-to-date: /home/gy/tmr_ros2/install/tmrlib/share/ament_index/resource_index/packages/tmrlib
[0.303s] -- Up-to-date: /home/gy/tmr_ros2/install/tmrlib/share/tmrlib/cmake/export_tmrdriverExport.cmake
[0.303s] -- Up-to-date: /home/gy/tmr_ros2/install/tmrlib/share/tmrlib/cmake/export_tmrdriverExport-noconfig.cmake
[0.303s] -- Up-to-date: /home/gy/tmr_ros2/install/tmrlib/share/tmrlib/cmake/ament_cmake_export_targets-extras.cmake
[0.304s] -- Up-to-date: /home/gy/tmr_ros2/install/tmrlib/share/tmrlib/cmake/tmrlibConfig.cmake
[0.304s] -- Up-to-date: /home/gy/tmr_ros2/install/tmrlib/share/tmrlib/cmake/tmrlibConfig-version.cmake
[0.305s] -- Up-to-date: /home/gy/tmr_ros2/install/tmrlib/share/tmrlib/package.xml
[0.310s] Invoked command in '/home/gy/Omron_TM_ROS2/build/tmrlib' returned '0': CMAKE_PREFIX_PATH=${CMAKE_PREFIX_PATH}:/home/gy/Omron_TM_ROS2/install/pickplace:/home/gy/Omron_TM_ROS2/install/tmr_mod_urdf:/home/gy/Omron_TM_ROS2/install/tm_get_status:/opt/ros/foxy /usr/bin/cmake --install /home/gy/Omron_TM_ROS2/build/tmrlib
