[0.039s] Invoking command in '/home/gy/tmr_ros2/build/tmr_msgs': CMAKE_PREFIX_PATH=${CMAKE_PREFIX_PATH}:/home/gy/tmr_ros2/install/tmr_mod_urdf:/home/gy/tmr_ros2/install/tm_get_status:/opt/ros/foxy /usr/bin/cmake --build /home/gy/tmr_ros2/build/tmr_msgs -- -j3 -l3
[0.268s] [  0%] Built target tmr_msgs__cpp
[0.305s] [ 12%] Built target tmr_msgs__rosidl_generator_c
[0.430s] [ 24%] Built target tmr_msgs__rosidl_typesupport_cpp
[0.443s] [ 36%] Built target tmr_msgs__rosidl_typesupport_introspection_cpp
[0.459s] [ 47%] Built target tmr_msgs__rosidl_typesupport_fastrtps_cpp
[0.529s] [ 59%] Built target tmr_msgs__rosidl_typesupport_c
[0.552s] [ 71%] Built target tmr_msgs__rosidl_typesupport_introspection_c
[0.585s] [ 83%] Built target tmr_msgs__rosidl_typesupport_fastrtps_c
[0.641s] [ 83%] Built target tmr_msgs
[0.738s] [ 84%] Built target tmr_msgs__py
[0.812s] [ 95%] Built target tmr_msgs__python
[0.874s] [ 96%] Built target tmr_msgs__rosidl_typesupport_c__pyext
[0.940s] [ 98%] Built target tmr_msgs__rosidl_typesupport_introspection_c__pyext
[0.962s] [100%] Built target tmr_msgs__rosidl_typesupport_fastrtps_c__pyext
[1.011s] Invoked command in '/home/gy/tmr_ros2/build/tmr_msgs' returned '0': CMAKE_PREFIX_PATH=${CMAKE_PREFIX_PATH}:/home/gy/tmr_ros2/install/tmr_mod_urdf:/home/gy/tmr_ros2/install/tm_get_status:/opt/ros/foxy /usr/bin/cmake --build /home/gy/tmr_ros2/build/tmr_msgs -- -j3 -l3
[2.928s] Invoking command in '/home/gy/tmr_ros2/build/tmr_msgs': CMAKE_PREFIX_PATH=${CMAKE_PREFIX_PATH}:/home/gy/tmr_ros2/install/tmr_mod_urdf:/home/gy/tmr_ros2/install/tm_get_status:/opt/ros/foxy /usr/bin/cmake --install /home/gy/tmr_ros2/build/tmr_msgs
[3.026s] -- Install configuration: ""
[3.026s] -- Up-to-date: /home/gy/tmr_ros2/install/tmr_msgs/share/ament_index/resource_index/rosidl_interfaces/tmr_msgs
[3.026s] -- Up-to-date: /home/gy/tmr_ros2/install/tmr_msgs/include/tmr_msgs
[3.027s] -- Up-to-date: /home/gy/tmr_ros2/install/tmr_msgs/include/tmr_msgs/srv
[3.027s] -- Up-to-date: /home/gy/tmr_ros2/install/tmr_msgs/include/tmr_msgs/srv/detail
[3.027s] -- Up-to-date: /home/gy/tmr_ros2/install/tmr_msgs/include/tmr_msgs/srv/detail/set_io__type_support.h
[3.027s] -- Up-to-date: /home/gy/tmr_ros2/install/tmr_msgs/include/tmr_msgs/srv/detail/set_positions__functions.h
[3.028s] -- Up-to-date: /home/gy/tmr_ros2/install/tmr_msgs/include/tmr_msgs/srv/detail/ask_sta__functions.h
[3.028s] -- Up-to-date: /home/gy/tmr_ros2/install/tmr_msgs/include/tmr_msgs/srv/detail/set_positions__functions.c
[3.028s] -- Up-to-date: /home/gy/tmr_ros2/install/tmr_msgs/include/tmr_msgs/srv/detail/set_io__functions.h
[3.028s] -- Up-to-date: /home/gy/tmr_ros2/install/tmr_msgs/include/tmr_msgs/srv/detail/send_script__type_support.h
[3.028s] -- Up-to-date: /home/gy/tmr_ros2/install/tmr_msgs/include/tmr_msgs/srv/detail/send_script__struct.h
[3.029s] -- Up-to-date: /home/gy/tmr_ros2/install/tmr_msgs/include/tmr_msgs/srv/detail/set_event__struct.h
[3.029s] -- Up-to-date: /home/gy/tmr_ros2/install/tmr_msgs/include/tmr_msgs/srv/detail/set_event__functions.h
[3.029s] -- Up-to-date: /home/gy/tmr_ros2/install/tmr_msgs/include/tmr_msgs/srv/detail/set_event__type_support.h
[3.029s] -- Up-to-date: /home/gy/tmr_ros2/install/tmr_msgs/include/tmr_msgs/srv/detail/connect_tm__functions.c
[3.029s] -- Up-to-date: /home/gy/tmr_ros2/install/tmr_msgs/include/tmr_msgs/srv/detail/ask_sta__struct.h
[3.030s] -- Up-to-date: /home/gy/tmr_ros2/install/tmr_msgs/include/tmr_msgs/srv/detail/set_io__struct.h
[3.030s] -- Up-to-date: /home/gy/tmr_ros2/install/tmr_msgs/include/tmr_msgs/srv/detail/send_script__functions.h
[3.030s] -- Up-to-date: /home/gy/tmr_ros2/install/tmr_msgs/include/tmr_msgs/srv/detail/set_positions__type_support.h
[3.030s] -- Up-to-date: /home/gy/tmr_ros2/install/tmr_msgs/include/tmr_msgs/srv/detail/set_io__functions.c
[3.031s] -- Up-to-date: /home/gy/tmr_ros2/install/tmr_msgs/include/tmr_msgs/srv/detail/ask_sta__functions.c
[3.032s] -- Up-to-date: /home/gy/tmr_ros2/install/tmr_msgs/include/tmr_msgs/srv/detail/ask_item__functions.c
[3.032s] -- Up-to-date: /home/gy/tmr_ros2/install/tmr_msgs/include/tmr_msgs/srv/detail/write_item__functions.h
[3.033s] -- Up-to-date: /home/gy/tmr_ros2/install/tmr_msgs/include/tmr_msgs/srv/detail/connect_tm__type_support.h
[3.033s] -- Up-to-date: /home/gy/tmr_ros2/install/tmr_msgs/include/tmr_msgs/srv/detail/send_script__functions.c
[3.033s] -- Up-to-date: /home/gy/tmr_ros2/install/tmr_msgs/include/tmr_msgs/srv/detail/ask_item__type_support.h
[3.033s] -- Up-to-date: /home/gy/tmr_ros2/install/tmr_msgs/include/tmr_msgs/srv/detail/set_positions__struct.h
[3.033s] -- Up-to-date: /home/gy/tmr_ros2/install/tmr_msgs/include/tmr_msgs/srv/detail/write_item__functions.c
[3.033s] -- Up-to-date: /home/gy/tmr_ros2/install/tmr_msgs/include/tmr_msgs/srv/detail/write_item__struct.h
[3.033s] -- Up-to-date: /home/gy/tmr_ros2/install/tmr_msgs/include/tmr_msgs/srv/detail/connect_tm__struct.h
[3.034s] -- Up-to-date: /home/gy/tmr_ros2/install/tmr_msgs/include/tmr_msgs/srv/detail/ask_item__functions.h
[3.034s] -- Up-to-date: /home/gy/tmr_ros2/install/tmr_msgs/include/tmr_msgs/srv/detail/set_event__functions.c
[3.034s] -- Up-to-date: /home/gy/tmr_ros2/install/tmr_msgs/include/tmr_msgs/srv/detail/connect_tm__functions.h
[3.034s] -- Up-to-date: /home/gy/tmr_ros2/install/tmr_msgs/include/tmr_msgs/srv/detail/ask_item__struct.h
[3.034s] -- Up-to-date: /home/gy/tmr_ros2/install/tmr_msgs/include/tmr_msgs/srv/detail/write_item__type_support.h
[3.034s] -- Up-to-date: /home/gy/tmr_ros2/install/tmr_msgs/include/tmr_msgs/srv/detail/ask_sta__type_support.h
[3.034s] -- Up-to-date: /home/gy/tmr_ros2/install/tmr_msgs/include/tmr_msgs/srv/connect_tm.h
[3.043s] -- Up-to-date: /home/gy/tmr_ros2/install/tmr_msgs/include/tmr_msgs/srv/ask_item.h
[3.043s] -- Up-to-date: /home/gy/tmr_ros2/install/tmr_msgs/include/tmr_msgs/srv/write_item.h
[3.043s] -- Up-to-date: /home/gy/tmr_ros2/install/tmr_msgs/include/tmr_msgs/srv/set_io.h
[3.044s] -- Up-to-date: /home/gy/tmr_ros2/install/tmr_msgs/include/tmr_msgs/srv/set_positions.h
[3.045s] -- Up-to-date: /home/gy/tmr_ros2/install/tmr_msgs/include/tmr_msgs/srv/send_script.h
[3.046s] -- Up-to-date: /home/gy/tmr_ros2/install/tmr_msgs/include/tmr_msgs/srv/ask_sta.h
[3.046s] -- Up-to-date: /home/gy/tmr_ros2/install/tmr_msgs/include/tmr_msgs/srv/set_event.h
[3.046s] -- Up-to-date: /home/gy/tmr_ros2/install/tmr_msgs/include/tmr_msgs/msg
[3.047s] -- Up-to-date: /home/gy/tmr_ros2/install/tmr_msgs/include/tmr_msgs/msg/detail
[3.049s] -- Up-to-date: /home/gy/tmr_ros2/install/tmr_msgs/include/tmr_msgs/msg/detail/feedback_state__type_support.h
[3.049s] -- Up-to-date: /home/gy/tmr_ros2/install/tmr_msgs/include/tmr_msgs/msg/detail/feedback_state__functions.h
[3.049s] -- Up-to-date: /home/gy/tmr_ros2/install/tmr_msgs/include/tmr_msgs/msg/detail/svr_response__type_support.h
[3.049s] -- Up-to-date: /home/gy/tmr_ros2/install/tmr_msgs/include/tmr_msgs/msg/detail/sta_response__functions.c
[3.049s] -- Up-to-date: /home/gy/tmr_ros2/install/tmr_msgs/include/tmr_msgs/msg/detail/sta_response__type_support.h
[3.050s] -- Up-to-date: /home/gy/tmr_ros2/install/tmr_msgs/include/tmr_msgs/msg/detail/sct_response__functions.c
[3.050s] -- Up-to-date: /home/gy/tmr_ros2/install/tmr_msgs/include/tmr_msgs/msg/detail/feedback_state__functions.c
[3.050s] -- Up-to-date: /home/gy/tmr_ros2/install/tmr_msgs/include/tmr_msgs/msg/detail/sct_response__type_support.h
[3.050s] -- Up-to-date: /home/gy/tmr_ros2/install/tmr_msgs/include/tmr_msgs/msg/detail/svr_response__struct.h
[3.050s] -- Up-to-date: /home/gy/tmr_ros2/install/tmr_msgs/include/tmr_msgs/msg/detail/svr_response__functions.h
[3.051s] -- Up-to-date: /home/gy/tmr_ros2/install/tmr_msgs/include/tmr_msgs/msg/detail/sct_response__functions.h
[3.051s] -- Up-to-date: /home/gy/tmr_ros2/install/tmr_msgs/include/tmr_msgs/msg/detail/feedback_state__struct.h
[3.051s] -- Up-to-date: /home/gy/tmr_ros2/install/tmr_msgs/include/tmr_msgs/msg/detail/sta_response__functions.h
[3.051s] -- Up-to-date: /home/gy/tmr_ros2/install/tmr_msgs/include/tmr_msgs/msg/detail/svr_response__functions.c
[3.051s] -- Up-to-date: /home/gy/tmr_ros2/install/tmr_msgs/include/tmr_msgs/msg/detail/sta_response__struct.h
[3.051s] -- Up-to-date: /home/gy/tmr_ros2/install/tmr_msgs/include/tmr_msgs/msg/detail/sct_response__struct.h
[3.052s] -- Up-to-date: /home/gy/tmr_ros2/install/tmr_msgs/include/tmr_msgs/msg/svr_response.h
[3.052s] -- Up-to-date: /home/gy/tmr_ros2/install/tmr_msgs/include/tmr_msgs/msg/feedback_state.h
[3.052s] -- Up-to-date: /home/gy/tmr_ros2/install/tmr_msgs/include/tmr_msgs/msg/sct_response.h
[3.052s] -- Up-to-date: /home/gy/tmr_ros2/install/tmr_msgs/include/tmr_msgs/msg/rosidl_generator_c__visibility_control.h
[3.052s] -- Up-to-date: /home/gy/tmr_ros2/install/tmr_msgs/include/tmr_msgs/msg/sta_response.h
[3.052s] -- Up-to-date: /home/gy/tmr_ros2/install/tmr_msgs/share/tmr_msgs/environment/library_path.sh
[3.052s] -- Up-to-date: /home/gy/tmr_ros2/install/tmr_msgs/share/tmr_msgs/environment/library_path.dsv
[3.053s] -- Up-to-date: /home/gy/tmr_ros2/install/tmr_msgs/lib/libtmr_msgs__rosidl_generator_c.so
[3.053s] -- Up-to-date: /home/gy/tmr_ros2/install/tmr_msgs/include/tmr_msgs
[3.053s] -- Up-to-date: /home/gy/tmr_ros2/install/tmr_msgs/include/tmr_msgs/srv
[3.053s] -- Up-to-date: /home/gy/tmr_ros2/install/tmr_msgs/include/tmr_msgs/srv/detail
[3.053s] -- Up-to-date: /home/gy/tmr_ros2/install/tmr_msgs/include/tmr_msgs/srv/detail/connect_tm__rosidl_typesupport_fastrtps_c.h
[3.053s] -- Up-to-date: /home/gy/tmr_ros2/install/tmr_msgs/include/tmr_msgs/srv/detail/set_event__rosidl_typesupport_fastrtps_c.h
[3.053s] -- Up-to-date: /home/gy/tmr_ros2/install/tmr_msgs/include/tmr_msgs/srv/detail/set_io__rosidl_typesupport_fastrtps_c.h
[3.054s] -- Up-to-date: /home/gy/tmr_ros2/install/tmr_msgs/include/tmr_msgs/srv/detail/ask_sta__rosidl_typesupport_fastrtps_c.h
[3.054s] -- Up-to-date: /home/gy/tmr_ros2/install/tmr_msgs/include/tmr_msgs/srv/detail/set_positions__rosidl_typesupport_fastrtps_c.h
[3.054s] -- Up-to-date: /home/gy/tmr_ros2/install/tmr_msgs/include/tmr_msgs/srv/detail/send_script__rosidl_typesupport_fastrtps_c.h
[3.054s] -- Up-to-date: /home/gy/tmr_ros2/install/tmr_msgs/include/tmr_msgs/srv/detail/ask_item__rosidl_typesupport_fastrtps_c.h
[3.054s] -- Up-to-date: /home/gy/tmr_ros2/install/tmr_msgs/include/tmr_msgs/srv/detail/write_item__rosidl_typesupport_fastrtps_c.h
[3.054s] -- Up-to-date: /home/gy/tmr_ros2/install/tmr_msgs/include/tmr_msgs/msg
[3.054s] -- Up-to-date: /home/gy/tmr_ros2/install/tmr_msgs/include/tmr_msgs/msg/detail
[3.054s] -- Up-to-date: /home/gy/tmr_ros2/install/tmr_msgs/include/tmr_msgs/msg/detail/sct_response__rosidl_typesupport_fastrtps_c.h
[3.061s] -- Up-to-date: /home/gy/tmr_ros2/install/tmr_msgs/include/tmr_msgs/msg/detail/sta_response__rosidl_typesupport_fastrtps_c.h
[3.061s] -- Up-to-date: /home/gy/tmr_ros2/install/tmr_msgs/include/tmr_msgs/msg/detail/feedback_state__rosidl_typesupport_fastrtps_c.h
[3.073s] -- Up-to-date: /home/gy/tmr_ros2/install/tmr_msgs/include/tmr_msgs/msg/detail/svr_response__rosidl_typesupport_fastrtps_c.h
[3.073s] -- Up-to-date: /home/gy/tmr_ros2/install/tmr_msgs/include/tmr_msgs/msg/rosidl_typesupport_fastrtps_c__visibility_control.h
[3.073s] -- Up-to-date: /home/gy/tmr_ros2/install/tmr_msgs/lib/libtmr_msgs__rosidl_typesupport_fastrtps_c.so
[3.073s] -- Up-to-date: /home/gy/tmr_ros2/install/tmr_msgs/include/tmr_msgs
[3.073s] -- Up-to-date: /home/gy/tmr_ros2/install/tmr_msgs/include/tmr_msgs/srv
[3.073s] -- Up-to-date: /home/gy/tmr_ros2/install/tmr_msgs/include/tmr_msgs/srv/detail
[3.073s] -- Up-to-date: /home/gy/tmr_ros2/install/tmr_msgs/include/tmr_msgs/srv/detail/connect_tm__rosidl_typesupport_fastrtps_cpp.hpp
[3.073s] -- Up-to-date: /home/gy/tmr_ros2/install/tmr_msgs/include/tmr_msgs/srv/detail/set_io__rosidl_typesupport_fastrtps_cpp.hpp
[3.073s] -- Up-to-date: /home/gy/tmr_ros2/install/tmr_msgs/include/tmr_msgs/srv/detail/ask_sta__rosidl_typesupport_fastrtps_cpp.hpp
[3.074s] -- Up-to-date: /home/gy/tmr_ros2/install/tmr_msgs/include/tmr_msgs/srv/detail/write_item__rosidl_typesupport_fastrtps_cpp.hpp
[3.074s] -- Up-to-date: /home/gy/tmr_ros2/install/tmr_msgs/include/tmr_msgs/srv/detail/send_script__rosidl_typesupport_fastrtps_cpp.hpp
[3.074s] -- Up-to-date: /home/gy/tmr_ros2/install/tmr_msgs/include/tmr_msgs/srv/detail/set_event__rosidl_typesupport_fastrtps_cpp.hpp
[3.074s] -- Up-to-date: /home/gy/tmr_ros2/install/tmr_msgs/include/tmr_msgs/srv/detail/ask_item__rosidl_typesupport_fastrtps_cpp.hpp
[3.074s] -- Up-to-date: /home/gy/tmr_ros2/install/tmr_msgs/include/tmr_msgs/srv/detail/dds_fastrtps
[3.074s] -- Up-to-date: /home/gy/tmr_ros2/install/tmr_msgs/include/tmr_msgs/srv/detail/set_positions__rosidl_typesupport_fastrtps_cpp.hpp
[3.074s] -- Up-to-date: /home/gy/tmr_ros2/install/tmr_msgs/include/tmr_msgs/msg
[3.074s] -- Up-to-date: /home/gy/tmr_ros2/install/tmr_msgs/include/tmr_msgs/msg/detail
[3.078s] -- Up-to-date: /home/gy/tmr_ros2/install/tmr_msgs/include/tmr_msgs/msg/detail/sct_response__rosidl_typesupport_fastrtps_cpp.hpp
[3.078s] -- Up-to-date: /home/gy/tmr_ros2/install/tmr_msgs/include/tmr_msgs/msg/detail/svr_response__rosidl_typesupport_fastrtps_cpp.hpp
[3.079s] -- Up-to-date: /home/gy/tmr_ros2/install/tmr_msgs/include/tmr_msgs/msg/detail/sta_response__rosidl_typesupport_fastrtps_cpp.hpp
[3.079s] -- Up-to-date: /home/gy/tmr_ros2/install/tmr_msgs/include/tmr_msgs/msg/detail/feedback_state__rosidl_typesupport_fastrtps_cpp.hpp
[3.079s] -- Up-to-date: /home/gy/tmr_ros2/install/tmr_msgs/include/tmr_msgs/msg/detail/dds_fastrtps
[3.079s] -- Up-to-date: /home/gy/tmr_ros2/install/tmr_msgs/include/tmr_msgs/msg/rosidl_typesupport_fastrtps_cpp__visibility_control.h
[3.079s] -- Up-to-date: /home/gy/tmr_ros2/install/tmr_msgs/lib/libtmr_msgs__rosidl_typesupport_fastrtps_cpp.so
[3.079s] -- Up-to-date: /home/gy/tmr_ros2/install/tmr_msgs/include/tmr_msgs
[3.079s] -- Up-to-date: /home/gy/tmr_ros2/install/tmr_msgs/include/tmr_msgs/srv
[3.080s] -- Up-to-date: /home/gy/tmr_ros2/install/tmr_msgs/include/tmr_msgs/srv/detail
[3.094s] -- Up-to-date: /home/gy/tmr_ros2/install/tmr_msgs/include/tmr_msgs/srv/detail/write_item__type_support.c
[3.094s] -- Up-to-date: /home/gy/tmr_ros2/install/tmr_msgs/include/tmr_msgs/srv/detail/ask_item__rosidl_typesupport_introspection_c.h
[3.095s] -- Up-to-date: /home/gy/tmr_ros2/install/tmr_msgs/include/tmr_msgs/srv/detail/set_io__rosidl_typesupport_introspection_c.h
[3.095s] -- Up-to-date: /home/gy/tmr_ros2/install/tmr_msgs/include/tmr_msgs/srv/detail/send_script__type_support.c
[3.095s] -- Up-to-date: /home/gy/tmr_ros2/install/tmr_msgs/include/tmr_msgs/srv/detail/ask_sta__rosidl_typesupport_introspection_c.h
[3.095s] -- Up-to-date: /home/gy/tmr_ros2/install/tmr_msgs/include/tmr_msgs/srv/detail/ask_item__type_support.c
[3.095s] -- Up-to-date: /home/gy/tmr_ros2/install/tmr_msgs/include/tmr_msgs/srv/detail/set_positions__type_support.c
[3.095s] -- Up-to-date: /home/gy/tmr_ros2/install/tmr_msgs/include/tmr_msgs/srv/detail/send_script__rosidl_typesupport_introspection_c.h
[3.096s] -- Up-to-date: /home/gy/tmr_ros2/install/tmr_msgs/include/tmr_msgs/srv/detail/set_positions__rosidl_typesupport_introspection_c.h
[3.096s] -- Up-to-date: /home/gy/tmr_ros2/install/tmr_msgs/include/tmr_msgs/srv/detail/connect_tm__type_support.c
[3.096s] -- Up-to-date: /home/gy/tmr_ros2/install/tmr_msgs/include/tmr_msgs/srv/detail/connect_tm__rosidl_typesupport_introspection_c.h
[3.096s] -- Up-to-date: /home/gy/tmr_ros2/install/tmr_msgs/include/tmr_msgs/srv/detail/set_event__type_support.c
[3.096s] -- Up-to-date: /home/gy/tmr_ros2/install/tmr_msgs/include/tmr_msgs/srv/detail/write_item__rosidl_typesupport_introspection_c.h
[3.096s] -- Up-to-date: /home/gy/tmr_ros2/install/tmr_msgs/include/tmr_msgs/srv/detail/ask_sta__type_support.c
[3.096s] -- Up-to-date: /home/gy/tmr_ros2/install/tmr_msgs/include/tmr_msgs/srv/detail/set_io__type_support.c
[3.096s] -- Up-to-date: /home/gy/tmr_ros2/install/tmr_msgs/include/tmr_msgs/srv/detail/set_event__rosidl_typesupport_introspection_c.h
[3.097s] -- Up-to-date: /home/gy/tmr_ros2/install/tmr_msgs/include/tmr_msgs/msg
[3.097s] -- Up-to-date: /home/gy/tmr_ros2/install/tmr_msgs/include/tmr_msgs/msg/detail
[3.097s] -- Up-to-date: /home/gy/tmr_ros2/install/tmr_msgs/include/tmr_msgs/msg/detail/sct_response__type_support.c
[3.097s] -- Up-to-date: /home/gy/tmr_ros2/install/tmr_msgs/include/tmr_msgs/msg/detail/feedback_state__rosidl_typesupport_introspection_c.h
[3.097s] -- Up-to-date: /home/gy/tmr_ros2/install/tmr_msgs/include/tmr_msgs/msg/detail/svr_response__type_support.c
[3.097s] -- Up-to-date: /home/gy/tmr_ros2/install/tmr_msgs/include/tmr_msgs/msg/detail/sct_response__rosidl_typesupport_introspection_c.h
[3.097s] -- Up-to-date: /home/gy/tmr_ros2/install/tmr_msgs/include/tmr_msgs/msg/detail/sta_response__type_support.c
[3.097s] -- Up-to-date: /home/gy/tmr_ros2/install/tmr_msgs/include/tmr_msgs/msg/detail/svr_response__rosidl_typesupport_introspection_c.h
[3.098s] -- Up-to-date: /home/gy/tmr_ros2/install/tmr_msgs/include/tmr_msgs/msg/detail/feedback_state__type_support.c
[3.098s] -- Up-to-date: /home/gy/tmr_ros2/install/tmr_msgs/include/tmr_msgs/msg/detail/sta_response__rosidl_typesupport_introspection_c.h
[3.098s] -- Up-to-date: /home/gy/tmr_ros2/install/tmr_msgs/include/tmr_msgs/msg/rosidl_typesupport_introspection_c__visibility_control.h
[3.100s] -- Up-to-date: /home/gy/tmr_ros2/install/tmr_msgs/lib/libtmr_msgs__rosidl_typesupport_introspection_c.so
[3.101s] -- Up-to-date: /home/gy/tmr_ros2/install/tmr_msgs/lib/libtmr_msgs__rosidl_typesupport_c.so
[3.101s] -- Up-to-date: /home/gy/tmr_ros2/install/tmr_msgs/include/tmr_msgs
[3.101s] -- Up-to-date: /home/gy/tmr_ros2/install/tmr_msgs/include/tmr_msgs/srv
[3.101s] -- Up-to-date: /home/gy/tmr_ros2/install/tmr_msgs/include/tmr_msgs/srv/detail
[3.101s] -- Up-to-date: /home/gy/tmr_ros2/install/tmr_msgs/include/tmr_msgs/srv/detail/set_positions__struct.hpp
[3.101s] -- Up-to-date: /home/gy/tmr_ros2/install/tmr_msgs/include/tmr_msgs/srv/detail/set_positions__traits.hpp
[3.101s] -- Up-to-date: /home/gy/tmr_ros2/install/tmr_msgs/include/tmr_msgs/srv/detail/send_script__builder.hpp
[3.101s] -- Up-to-date: /home/gy/tmr_ros2/install/tmr_msgs/include/tmr_msgs/srv/detail/connect_tm__struct.hpp
[3.101s] -- Up-to-date: /home/gy/tmr_ros2/install/tmr_msgs/include/tmr_msgs/srv/detail/connect_tm__traits.hpp
[3.102s] -- Up-to-date: /home/gy/tmr_ros2/install/tmr_msgs/include/tmr_msgs/srv/detail/ask_sta__struct.hpp
[3.102s] -- Up-to-date: /home/gy/tmr_ros2/install/tmr_msgs/include/tmr_msgs/srv/detail/write_item__builder.hpp
[3.102s] -- Up-to-date: /home/gy/tmr_ros2/install/tmr_msgs/include/tmr_msgs/srv/detail/send_script__struct.hpp
[3.102s] -- Up-to-date: /home/gy/tmr_ros2/install/tmr_msgs/include/tmr_msgs/srv/detail/send_script__traits.hpp
[3.102s] -- Up-to-date: /home/gy/tmr_ros2/install/tmr_msgs/include/tmr_msgs/srv/detail/write_item__traits.hpp
[3.102s] -- Up-to-date: /home/gy/tmr_ros2/install/tmr_msgs/include/tmr_msgs/srv/detail/ask_sta__builder.hpp
[3.102s] -- Up-to-date: /home/gy/tmr_ros2/install/tmr_msgs/include/tmr_msgs/srv/detail/set_positions__builder.hpp
[3.103s] -- Up-to-date: /home/gy/tmr_ros2/install/tmr_msgs/include/tmr_msgs/srv/detail/connect_tm__builder.hpp
[3.103s] -- Up-to-date: /home/gy/tmr_ros2/install/tmr_msgs/include/tmr_msgs/srv/detail/set_io__builder.hpp
[3.103s] -- Up-to-date: /home/gy/tmr_ros2/install/tmr_msgs/include/tmr_msgs/srv/detail/ask_item__struct.hpp
[3.103s] -- Up-to-date: /home/gy/tmr_ros2/install/tmr_msgs/include/tmr_msgs/srv/detail/set_io__traits.hpp
[3.104s] -- Up-to-date: /home/gy/tmr_ros2/install/tmr_msgs/include/tmr_msgs/srv/detail/ask_item__builder.hpp
[3.104s] -- Up-to-date: /home/gy/tmr_ros2/install/tmr_msgs/include/tmr_msgs/srv/detail/write_item__struct.hpp
[3.104s] -- Up-to-date: /home/gy/tmr_ros2/install/tmr_msgs/include/tmr_msgs/srv/detail/set_event__struct.hpp
[3.105s] -- Up-to-date: /home/gy/tmr_ros2/install/tmr_msgs/include/tmr_msgs/srv/detail/set_event__builder.hpp
[3.105s] -- Up-to-date: /home/gy/tmr_ros2/install/tmr_msgs/include/tmr_msgs/srv/detail/set_event__traits.hpp
[3.105s] -- Up-to-date: /home/gy/tmr_ros2/install/tmr_msgs/include/tmr_msgs/srv/detail/set_io__struct.hpp
[3.105s] -- Up-to-date: /home/gy/tmr_ros2/install/tmr_msgs/include/tmr_msgs/srv/detail/ask_sta__traits.hpp
[3.106s] -- Up-to-date: /home/gy/tmr_ros2/install/tmr_msgs/include/tmr_msgs/srv/detail/ask_item__traits.hpp
[3.106s] -- Up-to-date: /home/gy/tmr_ros2/install/tmr_msgs/include/tmr_msgs/srv/ask_item.hpp
[3.107s] -- Up-to-date: /home/gy/tmr_ros2/install/tmr_msgs/include/tmr_msgs/srv/write_item.hpp
[3.107s] -- Up-to-date: /home/gy/tmr_ros2/install/tmr_msgs/include/tmr_msgs/srv/send_script.hpp
[3.107s] -- Up-to-date: /home/gy/tmr_ros2/install/tmr_msgs/include/tmr_msgs/srv/set_io.hpp
[3.107s] -- Up-to-date: /home/gy/tmr_ros2/install/tmr_msgs/include/tmr_msgs/srv/connect_tm.hpp
[3.107s] -- Up-to-date: /home/gy/tmr_ros2/install/tmr_msgs/include/tmr_msgs/srv/set_event.hpp
[3.108s] -- Up-to-date: /home/gy/tmr_ros2/install/tmr_msgs/include/tmr_msgs/srv/set_positions.hpp
[3.108s] -- Up-to-date: /home/gy/tmr_ros2/install/tmr_msgs/include/tmr_msgs/srv/ask_sta.hpp
[3.108s] -- Up-to-date: /home/gy/tmr_ros2/install/tmr_msgs/include/tmr_msgs/msg
[3.118s] -- Up-to-date: /home/gy/tmr_ros2/install/tmr_msgs/include/tmr_msgs/msg/detail
[3.118s] -- Up-to-date: /home/gy/tmr_ros2/install/tmr_msgs/include/tmr_msgs/msg/detail/sct_response__traits.hpp
[3.118s] -- Up-to-date: /home/gy/tmr_ros2/install/tmr_msgs/include/tmr_msgs/msg/detail/svr_response__traits.hpp
[3.119s] -- Up-to-date: /home/gy/tmr_ros2/install/tmr_msgs/include/tmr_msgs/msg/detail/feedback_state__builder.hpp
[3.119s] -- Up-to-date: /home/gy/tmr_ros2/install/tmr_msgs/include/tmr_msgs/msg/detail/sta_response__builder.hpp
[3.119s] -- Up-to-date: /home/gy/tmr_ros2/install/tmr_msgs/include/tmr_msgs/msg/detail/feedback_state__struct.hpp
[3.119s] -- Up-to-date: /home/gy/tmr_ros2/install/tmr_msgs/include/tmr_msgs/msg/detail/sct_response__struct.hpp
[3.120s] -- Up-to-date: /home/gy/tmr_ros2/install/tmr_msgs/include/tmr_msgs/msg/detail/sct_response__builder.hpp
[3.120s] -- Up-to-date: /home/gy/tmr_ros2/install/tmr_msgs/include/tmr_msgs/msg/detail/feedback_state__traits.hpp
[3.120s] -- Up-to-date: /home/gy/tmr_ros2/install/tmr_msgs/include/tmr_msgs/msg/detail/sta_response__struct.hpp
[3.120s] -- Up-to-date: /home/gy/tmr_ros2/install/tmr_msgs/include/tmr_msgs/msg/detail/svr_response__struct.hpp
[3.120s] -- Up-to-date: /home/gy/tmr_ros2/install/tmr_msgs/include/tmr_msgs/msg/detail/svr_response__builder.hpp
[3.120s] -- Up-to-date: /home/gy/tmr_ros2/install/tmr_msgs/include/tmr_msgs/msg/detail/sta_response__traits.hpp
[3.121s] -- Up-to-date: /home/gy/tmr_ros2/install/tmr_msgs/include/tmr_msgs/msg/svr_response.hpp
[3.125s] -- Up-to-date: /home/gy/tmr_ros2/install/tmr_msgs/include/tmr_msgs/msg/sta_response.hpp
[3.125s] -- Up-to-date: /home/gy/tmr_ros2/install/tmr_msgs/include/tmr_msgs/msg/sct_response.hpp
[3.125s] -- Up-to-date: /home/gy/tmr_ros2/install/tmr_msgs/include/tmr_msgs/msg/feedback_state.hpp
[3.126s] -- Up-to-date: /home/gy/tmr_ros2/install/tmr_msgs/include/tmr_msgs
[3.126s] -- Up-to-date: /home/gy/tmr_ros2/install/tmr_msgs/include/tmr_msgs/srv
[3.126s] -- Up-to-date: /home/gy/tmr_ros2/install/tmr_msgs/include/tmr_msgs/srv/detail
[3.126s] -- Up-to-date: /home/gy/tmr_ros2/install/tmr_msgs/include/tmr_msgs/srv/detail/send_script__type_support.cpp
[3.127s] -- Up-to-date: /home/gy/tmr_ros2/install/tmr_msgs/include/tmr_msgs/srv/detail/set_positions__type_support.cpp
[3.127s] -- Up-to-date: /home/gy/tmr_ros2/install/tmr_msgs/include/tmr_msgs/srv/detail/connect_tm__rosidl_typesupport_introspection_cpp.hpp
[3.127s] -- Up-to-date: /home/gy/tmr_ros2/install/tmr_msgs/include/tmr_msgs/srv/detail/set_event__rosidl_typesupport_introspection_cpp.hpp
[3.127s] -- Up-to-date: /home/gy/tmr_ros2/install/tmr_msgs/include/tmr_msgs/srv/detail/write_item__type_support.cpp
[3.128s] -- Up-to-date: /home/gy/tmr_ros2/install/tmr_msgs/include/tmr_msgs/srv/detail/send_script__rosidl_typesupport_introspection_cpp.hpp
[3.128s] -- Up-to-date: /home/gy/tmr_ros2/install/tmr_msgs/include/tmr_msgs/srv/detail/ask_item__type_support.cpp
[3.129s] -- Up-to-date: /home/gy/tmr_ros2/install/tmr_msgs/include/tmr_msgs/srv/detail/set_io__type_support.cpp
[3.129s] -- Up-to-date: /home/gy/tmr_ros2/install/tmr_msgs/include/tmr_msgs/srv/detail/write_item__rosidl_typesupport_introspection_cpp.hpp
[3.129s] -- Up-to-date: /home/gy/tmr_ros2/install/tmr_msgs/include/tmr_msgs/srv/detail/set_positions__rosidl_typesupport_introspection_cpp.hpp
[3.129s] -- Up-to-date: /home/gy/tmr_ros2/install/tmr_msgs/include/tmr_msgs/srv/detail/set_event__type_support.cpp
[3.129s] -- Up-to-date: /home/gy/tmr_ros2/install/tmr_msgs/include/tmr_msgs/srv/detail/ask_sta__rosidl_typesupport_introspection_cpp.hpp
[3.131s] -- Up-to-date: /home/gy/tmr_ros2/install/tmr_msgs/include/tmr_msgs/srv/detail/ask_item__rosidl_typesupport_introspection_cpp.hpp
[3.132s] -- Up-to-date: /home/gy/tmr_ros2/install/tmr_msgs/include/tmr_msgs/srv/detail/ask_sta__type_support.cpp
[3.132s] -- Up-to-date: /home/gy/tmr_ros2/install/tmr_msgs/include/tmr_msgs/srv/detail/set_io__rosidl_typesupport_introspection_cpp.hpp
[3.132s] -- Up-to-date: /home/gy/tmr_ros2/install/tmr_msgs/include/tmr_msgs/srv/detail/connect_tm__type_support.cpp
[3.132s] -- Up-to-date: /home/gy/tmr_ros2/install/tmr_msgs/include/tmr_msgs/msg
[3.132s] -- Up-to-date: /home/gy/tmr_ros2/install/tmr_msgs/include/tmr_msgs/msg/detail
[3.133s] -- Up-to-date: /home/gy/tmr_ros2/install/tmr_msgs/include/tmr_msgs/msg/detail/feedback_state__rosidl_typesupport_introspection_cpp.hpp
[3.133s] -- Up-to-date: /home/gy/tmr_ros2/install/tmr_msgs/include/tmr_msgs/msg/detail/sct_response__type_support.cpp
[3.133s] -- Up-to-date: /home/gy/tmr_ros2/install/tmr_msgs/include/tmr_msgs/msg/detail/feedback_state__type_support.cpp
[3.133s] -- Up-to-date: /home/gy/tmr_ros2/install/tmr_msgs/include/tmr_msgs/msg/detail/sta_response__rosidl_typesupport_introspection_cpp.hpp
[3.133s] -- Up-to-date: /home/gy/tmr_ros2/install/tmr_msgs/include/tmr_msgs/msg/detail/sct_response__rosidl_typesupport_introspection_cpp.hpp
[3.133s] -- Up-to-date: /home/gy/tmr_ros2/install/tmr_msgs/include/tmr_msgs/msg/detail/svr_response__type_support.cpp
[3.134s] -- Up-to-date: /home/gy/tmr_ros2/install/tmr_msgs/include/tmr_msgs/msg/detail/svr_response__rosidl_typesupport_introspection_cpp.hpp
[3.134s] -- Up-to-date: /home/gy/tmr_ros2/install/tmr_msgs/include/tmr_msgs/msg/detail/sta_response__type_support.cpp
[3.134s] -- Up-to-date: /home/gy/tmr_ros2/install/tmr_msgs/lib/libtmr_msgs__rosidl_typesupport_introspection_cpp.so
[3.134s] -- Up-to-date: /home/gy/tmr_ros2/install/tmr_msgs/lib/libtmr_msgs__rosidl_typesupport_cpp.so
[3.134s] -- Up-to-date: /home/gy/tmr_ros2/install/tmr_msgs/share/tmr_msgs/environment/pythonpath.sh
[3.135s] -- Up-to-date: /home/gy/tmr_ros2/install/tmr_msgs/share/tmr_msgs/environment/pythonpath.dsv
[3.135s] -- Up-to-date: /home/gy/tmr_ros2/install/tmr_msgs/lib/python3.8/site-packages/tmr_msgs/__init__.py
[3.135s] -- Up-to-date: /home/gy/tmr_ros2/install/tmr_msgs/lib/python3.8/site-packages/tmr_msgs/msg
[3.135s] -- Up-to-date: /home/gy/tmr_ros2/install/tmr_msgs/lib/python3.8/site-packages/tmr_msgs/msg/_sct_response_s.c
[3.135s] -- Up-to-date: /home/gy/tmr_ros2/install/tmr_msgs/lib/python3.8/site-packages/tmr_msgs/msg/_sct_response.py
[3.135s] -- Up-to-date: /home/gy/tmr_ros2/install/tmr_msgs/lib/python3.8/site-packages/tmr_msgs/msg/_svr_response_s.c
[3.136s] -- Up-to-date: /home/gy/tmr_ros2/install/tmr_msgs/lib/python3.8/site-packages/tmr_msgs/msg/_feedback_state.py
[3.136s] -- Up-to-date: /home/gy/tmr_ros2/install/tmr_msgs/lib/python3.8/site-packages/tmr_msgs/msg/_feedback_state_s.c
[3.139s] -- Up-to-date: /home/gy/tmr_ros2/install/tmr_msgs/lib/python3.8/site-packages/tmr_msgs/msg/__init__.py
[3.139s] -- Up-to-date: /home/gy/tmr_ros2/install/tmr_msgs/lib/python3.8/site-packages/tmr_msgs/msg/_sta_response.py
[3.139s] -- Up-to-date: /home/gy/tmr_ros2/install/tmr_msgs/lib/python3.8/site-packages/tmr_msgs/msg/_svr_response.py
[3.139s] -- Up-to-date: /home/gy/tmr_ros2/install/tmr_msgs/lib/python3.8/site-packages/tmr_msgs/msg/_sta_response_s.c
[3.140s] -- Up-to-date: /home/gy/tmr_ros2/install/tmr_msgs/lib/python3.8/site-packages/tmr_msgs/srv
[3.140s] -- Up-to-date: /home/gy/tmr_ros2/install/tmr_msgs/lib/python3.8/site-packages/tmr_msgs/srv/_write_item_s.c
[3.140s] -- Up-to-date: /home/gy/tmr_ros2/install/tmr_msgs/lib/python3.8/site-packages/tmr_msgs/srv/_set_event.py
[3.140s] -- Up-to-date: /home/gy/tmr_ros2/install/tmr_msgs/lib/python3.8/site-packages/tmr_msgs/srv/_write_item.py
[3.140s] -- Up-to-date: /home/gy/tmr_ros2/install/tmr_msgs/lib/python3.8/site-packages/tmr_msgs/srv/_connect_tm.py
[3.140s] -- Up-to-date: /home/gy/tmr_ros2/install/tmr_msgs/lib/python3.8/site-packages/tmr_msgs/srv/_send_script_s.c
[3.141s] -- Up-to-date: /home/gy/tmr_ros2/install/tmr_msgs/lib/python3.8/site-packages/tmr_msgs/srv/_set_event_s.c
[3.141s] -- Up-to-date: /home/gy/tmr_ros2/install/tmr_msgs/lib/python3.8/site-packages/tmr_msgs/srv/_set_positions.py
[3.141s] -- Up-to-date: /home/gy/tmr_ros2/install/tmr_msgs/lib/python3.8/site-packages/tmr_msgs/srv/__init__.py
[3.141s] -- Up-to-date: /home/gy/tmr_ros2/install/tmr_msgs/lib/python3.8/site-packages/tmr_msgs/srv/_ask_item_s.c
[3.142s] -- Up-to-date: /home/gy/tmr_ros2/install/tmr_msgs/lib/python3.8/site-packages/tmr_msgs/srv/_set_io.py
[3.142s] -- Up-to-date: /home/gy/tmr_ros2/install/tmr_msgs/lib/python3.8/site-packages/tmr_msgs/srv/_connect_tm_s.c
[3.142s] -- Up-to-date: /home/gy/tmr_ros2/install/tmr_msgs/lib/python3.8/site-packages/tmr_msgs/srv/_send_script.py
[3.142s] -- Up-to-date: /home/gy/tmr_ros2/install/tmr_msgs/lib/python3.8/site-packages/tmr_msgs/srv/_set_positions_s.c
[3.142s] -- Up-to-date: /home/gy/tmr_ros2/install/tmr_msgs/lib/python3.8/site-packages/tmr_msgs/srv/_set_io_s.c
[3.142s] -- Up-to-date: /home/gy/tmr_ros2/install/tmr_msgs/lib/python3.8/site-packages/tmr_msgs/srv/_ask_sta.py
[3.143s] -- Up-to-date: /home/gy/tmr_ros2/install/tmr_msgs/lib/python3.8/site-packages/tmr_msgs/srv/_ask_sta_s.c
[3.143s] -- Up-to-date: /home/gy/tmr_ros2/install/tmr_msgs/lib/python3.8/site-packages/tmr_msgs/srv/_ask_item.py
[3.143s] -- Up-to-date: /home/gy/tmr_ros2/install/tmr_msgs/lib/python3.8/site-packages/tmr_msgs/tmr_msgs_s__rosidl_typesupport_fastrtps_c.cpython-38-x86_64-linux-gnu.so
[3.143s] -- Up-to-date: /home/gy/tmr_ros2/install/tmr_msgs/lib/python3.8/site-packages/tmr_msgs/tmr_msgs_s__rosidl_typesupport_introspection_c.cpython-38-x86_64-linux-gnu.so
[3.143s] -- Up-to-date: /home/gy/tmr_ros2/install/tmr_msgs/lib/python3.8/site-packages/tmr_msgs/tmr_msgs_s__rosidl_typesupport_c.cpython-38-x86_64-linux-gnu.so
[3.143s] -- Up-to-date: /home/gy/tmr_ros2/install/tmr_msgs/lib/libtmr_msgs__python.so
[3.144s] -- Up-to-date: /home/gy/tmr_ros2/install/tmr_msgs/share/tmr_msgs/msg/FeedbackState.idl
[3.144s] -- Up-to-date: /home/gy/tmr_ros2/install/tmr_msgs/share/tmr_msgs/msg/SvrResponse.idl
[3.144s] -- Up-to-date: /home/gy/tmr_ros2/install/tmr_msgs/share/tmr_msgs/msg/SctResponse.idl
[3.144s] -- Up-to-date: /home/gy/tmr_ros2/install/tmr_msgs/share/tmr_msgs/msg/StaResponse.idl
[3.145s] -- Up-to-date: /home/gy/tmr_ros2/install/tmr_msgs/share/tmr_msgs/srv/ConnectTM.idl
[3.145s] -- Up-to-date: /home/gy/tmr_ros2/install/tmr_msgs/share/tmr_msgs/srv/WriteItem.idl
[3.145s] -- Up-to-date: /home/gy/tmr_ros2/install/tmr_msgs/share/tmr_msgs/srv/AskItem.idl
[3.145s] -- Up-to-date: /home/gy/tmr_ros2/install/tmr_msgs/share/tmr_msgs/srv/SendScript.idl
[3.145s] -- Up-to-date: /home/gy/tmr_ros2/install/tmr_msgs/share/tmr_msgs/srv/SetEvent.idl
[3.146s] -- Up-to-date: /home/gy/tmr_ros2/install/tmr_msgs/share/tmr_msgs/srv/SetIO.idl
[3.146s] -- Up-to-date: /home/gy/tmr_ros2/install/tmr_msgs/share/tmr_msgs/srv/SetPositions.idl
[3.146s] -- Up-to-date: /home/gy/tmr_ros2/install/tmr_msgs/share/tmr_msgs/srv/AskSta.idl
[3.146s] -- Up-to-date: /home/gy/tmr_ros2/install/tmr_msgs/share/tmr_msgs/msg/FeedbackState.msg
[3.146s] -- Up-to-date: /home/gy/tmr_ros2/install/tmr_msgs/share/tmr_msgs/msg/SvrResponse.msg
[3.148s] -- Up-to-date: /home/gy/tmr_ros2/install/tmr_msgs/share/tmr_msgs/msg/SctResponse.msg
[3.148s] -- Up-to-date: /home/gy/tmr_ros2/install/tmr_msgs/share/tmr_msgs/msg/StaResponse.msg
[3.152s] -- Up-to-date: /home/gy/tmr_ros2/install/tmr_msgs/share/tmr_msgs/srv/ConnectTM.srv
[3.154s] -- Up-to-date: /home/gy/tmr_ros2/install/tmr_msgs/share/tmr_msgs/srv/ConnectTM_Request.msg
[3.155s] -- Up-to-date: /home/gy/tmr_ros2/install/tmr_msgs/share/tmr_msgs/srv/ConnectTM_Response.msg
[3.156s] -- Up-to-date: /home/gy/tmr_ros2/install/tmr_msgs/share/tmr_msgs/srv/WriteItem.srv
[3.156s] -- Up-to-date: /home/gy/tmr_ros2/install/tmr_msgs/share/tmr_msgs/srv/WriteItem_Request.msg
[3.156s] -- Up-to-date: /home/gy/tmr_ros2/install/tmr_msgs/share/tmr_msgs/srv/WriteItem_Response.msg
[3.156s] -- Up-to-date: /home/gy/tmr_ros2/install/tmr_msgs/share/tmr_msgs/srv/AskItem.srv
[3.156s] -- Up-to-date: /home/gy/tmr_ros2/install/tmr_msgs/share/tmr_msgs/srv/AskItem_Request.msg
[3.161s] -- Up-to-date: /home/gy/tmr_ros2/install/tmr_msgs/share/tmr_msgs/srv/AskItem_Response.msg
[3.162s] -- Up-to-date: /home/gy/tmr_ros2/install/tmr_msgs/share/tmr_msgs/srv/SendScript.srv
[3.162s] -- Up-to-date: /home/gy/tmr_ros2/install/tmr_msgs/share/tmr_msgs/srv/SendScript_Request.msg
[3.162s] -- Up-to-date: /home/gy/tmr_ros2/install/tmr_msgs/share/tmr_msgs/srv/SendScript_Response.msg
[3.162s] -- Up-to-date: /home/gy/tmr_ros2/install/tmr_msgs/share/tmr_msgs/srv/SetEvent.srv
[3.162s] -- Up-to-date: /home/gy/tmr_ros2/install/tmr_msgs/share/tmr_msgs/srv/SetEvent_Request.msg
[3.163s] -- Up-to-date: /home/gy/tmr_ros2/install/tmr_msgs/share/tmr_msgs/srv/SetEvent_Response.msg
[3.163s] -- Up-to-date: /home/gy/tmr_ros2/install/tmr_msgs/share/tmr_msgs/srv/SetIO.srv
[3.163s] -- Up-to-date: /home/gy/tmr_ros2/install/tmr_msgs/share/tmr_msgs/srv/SetIO_Request.msg
[3.163s] -- Up-to-date: /home/gy/tmr_ros2/install/tmr_msgs/share/tmr_msgs/srv/SetIO_Response.msg
[3.163s] -- Up-to-date: /home/gy/tmr_ros2/install/tmr_msgs/share/tmr_msgs/srv/SetPositions.srv
[3.163s] -- Up-to-date: /home/gy/tmr_ros2/install/tmr_msgs/share/tmr_msgs/srv/SetPositions_Request.msg
[3.164s] -- Up-to-date: /home/gy/tmr_ros2/install/tmr_msgs/share/tmr_msgs/srv/SetPositions_Response.msg
[3.164s] -- Up-to-date: /home/gy/tmr_ros2/install/tmr_msgs/share/tmr_msgs/srv/AskSta.srv
[3.164s] -- Up-to-date: /home/gy/tmr_ros2/install/tmr_msgs/share/tmr_msgs/srv/AskSta_Request.msg
[3.164s] -- Up-to-date: /home/gy/tmr_ros2/install/tmr_msgs/share/tmr_msgs/srv/AskSta_Response.msg
[3.164s] -- Up-to-date: /home/gy/tmr_ros2/install/tmr_msgs/share/ament_index/resource_index/package_run_dependencies/tmr_msgs
[3.165s] -- Up-to-date: /home/gy/tmr_ros2/install/tmr_msgs/share/ament_index/resource_index/parent_prefix_path/tmr_msgs
[3.165s] -- Up-to-date: /home/gy/tmr_ros2/install/tmr_msgs/share/tmr_msgs/environment/ament_prefix_path.sh
[3.165s] -- Up-to-date: /home/gy/tmr_ros2/install/tmr_msgs/share/tmr_msgs/environment/ament_prefix_path.dsv
[3.165s] -- Up-to-date: /home/gy/tmr_ros2/install/tmr_msgs/share/tmr_msgs/environment/path.sh
[3.165s] -- Up-to-date: /home/gy/tmr_ros2/install/tmr_msgs/share/tmr_msgs/environment/path.dsv
[3.169s] -- Up-to-date: /home/gy/tmr_ros2/install/tmr_msgs/share/tmr_msgs/local_setup.bash
[3.170s] -- Up-to-date: /home/gy/tmr_ros2/install/tmr_msgs/share/tmr_msgs/local_setup.sh
[3.170s] -- Up-to-date: /home/gy/tmr_ros2/install/tmr_msgs/share/tmr_msgs/local_setup.zsh
[3.170s] -- Up-to-date: /home/gy/tmr_ros2/install/tmr_msgs/share/tmr_msgs/local_setup.dsv
[3.171s] -- Installing: /home/gy/tmr_ros2/install/tmr_msgs/share/tmr_msgs/package.dsv
[3.172s] -- Up-to-date: /home/gy/tmr_ros2/install/tmr_msgs/share/ament_index/resource_index/packages/tmr_msgs
[3.173s] -- Up-to-date: /home/gy/tmr_ros2/install/tmr_msgs/share/tmr_msgs/cmake/tmr_msgs__rosidl_generator_cExport.cmake
[3.173s] -- Up-to-date: /home/gy/tmr_ros2/install/tmr_msgs/share/tmr_msgs/cmake/tmr_msgs__rosidl_generator_cExport-noconfig.cmake
[3.173s] -- Up-to-date: /home/gy/tmr_ros2/install/tmr_msgs/share/tmr_msgs/cmake/tmr_msgs__rosidl_typesupport_introspection_cExport.cmake
[3.173s] -- Up-to-date: /home/gy/tmr_ros2/install/tmr_msgs/share/tmr_msgs/cmake/tmr_msgs__rosidl_typesupport_introspection_cExport-noconfig.cmake
[3.173s] -- Up-to-date: /home/gy/tmr_ros2/install/tmr_msgs/share/tmr_msgs/cmake/tmr_msgs__rosidl_typesupport_cExport.cmake
[3.173s] -- Up-to-date: /home/gy/tmr_ros2/install/tmr_msgs/share/tmr_msgs/cmake/tmr_msgs__rosidl_typesupport_cExport-noconfig.cmake
[3.174s] -- Up-to-date: /home/gy/tmr_ros2/install/tmr_msgs/share/tmr_msgs/cmake/tmr_msgs__rosidl_generator_cppExport.cmake
[3.174s] -- Up-to-date: /home/gy/tmr_ros2/install/tmr_msgs/share/tmr_msgs/cmake/tmr_msgs__rosidl_typesupport_introspection_cppExport.cmake
[3.175s] -- Up-to-date: /home/gy/tmr_ros2/install/tmr_msgs/share/tmr_msgs/cmake/tmr_msgs__rosidl_typesupport_introspection_cppExport-noconfig.cmake
[3.175s] -- Up-to-date: /home/gy/tmr_ros2/install/tmr_msgs/share/tmr_msgs/cmake/tmr_msgs__rosidl_typesupport_cppExport.cmake
[3.175s] -- Up-to-date: /home/gy/tmr_ros2/install/tmr_msgs/share/tmr_msgs/cmake/tmr_msgs__rosidl_typesupport_cppExport-noconfig.cmake
[3.176s] -- Up-to-date: /home/gy/tmr_ros2/install/tmr_msgs/share/tmr_msgs/cmake/rosidl_cmake-extras.cmake
[3.176s] -- Up-to-date: /home/gy/tmr_ros2/install/tmr_msgs/share/tmr_msgs/cmake/ament_cmake_export_dependencies-extras.cmake
[3.176s] -- Up-to-date: /home/gy/tmr_ros2/install/tmr_msgs/share/tmr_msgs/cmake/ament_cmake_export_libraries-extras.cmake
[3.176s] -- Up-to-date: /home/gy/tmr_ros2/install/tmr_msgs/share/tmr_msgs/cmake/ament_cmake_export_targets-extras.cmake
[3.179s] -- Up-to-date: /home/gy/tmr_ros2/install/tmr_msgs/share/tmr_msgs/cmake/ament_cmake_export_include_directories-extras.cmake
[3.179s] -- Up-to-date: /home/gy/tmr_ros2/install/tmr_msgs/share/tmr_msgs/cmake/rosidl_cmake_export_typesupport_libraries-extras.cmake
[3.179s] -- Up-to-date: /home/gy/tmr_ros2/install/tmr_msgs/share/tmr_msgs/cmake/rosidl_cmake_export_typesupport_targets-extras.cmake
[3.180s] -- Up-to-date: /home/gy/tmr_ros2/install/tmr_msgs/share/tmr_msgs/cmake/tmr_msgsConfig.cmake
[3.183s] -- Up-to-date: /home/gy/tmr_ros2/install/tmr_msgs/share/tmr_msgs/cmake/tmr_msgsConfig-version.cmake
[3.183s] -- Up-to-date: /home/gy/tmr_ros2/install/tmr_msgs/share/tmr_msgs/package.xml
[3.183s] Invoked command in '/home/gy/tmr_ros2/build/tmr_msgs' returned '0': CMAKE_PREFIX_PATH=${CMAKE_PREFIX_PATH}:/home/gy/tmr_ros2/install/tmr_mod_urdf:/home/gy/tmr_ros2/install/tm_get_status:/opt/ros/foxy /usr/bin/cmake --install /home/gy/tmr_ros2/build/tmr_msgs
