[0.064s] Invoking command in '/home/gy/tmr_ros2/build/tm_driver': AMENT_PREFIX_PATH=/home/gy/tmr_ros2/install/tm_msgs:${AMENT_PREFIX_PATH} CMAKE_PREFIX_PATH=/home/gy/tmr_ros2/install/tm_msgs:/home/gy/tmr_ros2/install/tmrlib:/home/gy/tmr_ros2/install/tmr_msgs:/home/gy/tmr_ros2/install/tmr_moveit_cpp_demo:/home/gy/tmr_ros2/install/tmr_description:/home/gy/tmr_ros2/install/custom_package:/home/gy/tmr_ros2/install/techman_robot_msgs:/home/gy/tmr_ros2/install/tmr_mod_urdf:/home/gy/tmr_ros2/install/tm_get_status:/opt/ros/foxy LD_LIBRARY_PATH=/home/gy/tmr_ros2/install/tm_msgs/lib:/home/gy/tmr_ros2/install/tmrlib/lib:/home/gy/tmr_ros2/install/tmr_msgs/lib:/home/gy/tmr_ros2/install/techman_robot_msgs/lib:/opt/ros/foxy/opt/yaml_cpp_vendor/lib:/opt/ros/foxy/opt/rviz_ogre_vendor/lib:/opt/ros/foxy/lib/x86_64-linux-gnu:/opt/ros/foxy/lib PYTHONPATH=/home/gy/tmr_ros2/install/tm_msgs/lib/python3.8/site-packages:/home/gy/tmr_ros2/install/tmr_msgs/lib/python3.8/site-packages:/home/gy/tmr_ros2/install/tmr_mod_urdf/lib/python3.8/site-packages:/home/gy/tmr_ros2/install/tm_get_status/lib/python3.8/site-packages:/home/gy/tmr_ros2/install/techman_robot_msgs/lib/python3.8/site-packages:/opt/ros/foxy/lib/python3.8/site-packages /usr/bin/cmake --build /home/gy/tmr_ros2/build/tm_driver -- -j3 -l3
[0.289s] [35m[1mScanning dependencies of target tm_driver[0m
[4.466s] [  8%] [32mBuilding CXX object CMakeFiles/tm_driver.dir/src/tm_ros2_svr.cpp.o[0m
[4.471s] [ 16%] [32mBuilding CXX object CMakeFiles/tm_driver.dir/src/tm_ros2_sct.cpp.o[0m
[4.488s] [ 25%] [32mBuilding CXX object CMakeFiles/tm_driver.dir/src/tm_ros2_composition.cpp.o[0m
[57.827s] [ 33%] [32mBuilding CXX object CMakeFiles/tm_driver.dir/src/tm_driver.cpp.o[0m
[76.430s] [ 41%] [32mBuilding CXX object CMakeFiles/tm_driver.dir/src/tm_sct_communication.cpp.o[0m
[77.623s] [ 50%] [32mBuilding CXX object CMakeFiles/tm_driver.dir/src/tm_svr_communication.cpp.o[0m
[78.857s] [ 58%] [32mBuilding CXX object CMakeFiles/tm_driver.dir/src/tm_communication.cpp.o[0m
[82.227s] [ 66%] [32mBuilding CXX object CMakeFiles/tm_driver.dir/src/tm_robot_state.cpp.o[0m
[84.634s] [ 75%] [32mBuilding CXX object CMakeFiles/tm_driver.dir/src/tm_packet.cpp.o[0m
[85.860s] [ 83%] [32mBuilding CXX object CMakeFiles/tm_driver.dir/src/tm_print.cpp.o[0m
[86.454s] [ 91%] [32mBuilding CXX object CMakeFiles/tm_driver.dir/src/tm_command.cpp.o[0m
[87.587s] [100%] [32m[1mLinking CXX executable tm_driver[0m
[88.746s] [100%] Built target tm_driver
[88.897s] Invoked command in '/home/gy/tmr_ros2/build/tm_driver' returned '0': AMENT_PREFIX_PATH=/home/gy/tmr_ros2/install/tm_msgs:${AMENT_PREFIX_PATH} CMAKE_PREFIX_PATH=/home/gy/tmr_ros2/install/tm_msgs:/home/gy/tmr_ros2/install/tmrlib:/home/gy/tmr_ros2/install/tmr_msgs:/home/gy/tmr_ros2/install/tmr_moveit_cpp_demo:/home/gy/tmr_ros2/install/tmr_description:/home/gy/tmr_ros2/install/custom_package:/home/gy/tmr_ros2/install/techman_robot_msgs:/home/gy/tmr_ros2/install/tmr_mod_urdf:/home/gy/tmr_ros2/install/tm_get_status:/opt/ros/foxy LD_LIBRARY_PATH=/home/gy/tmr_ros2/install/tm_msgs/lib:/home/gy/tmr_ros2/install/tmrlib/lib:/home/gy/tmr_ros2/install/tmr_msgs/lib:/home/gy/tmr_ros2/install/techman_robot_msgs/lib:/opt/ros/foxy/opt/yaml_cpp_vendor/lib:/opt/ros/foxy/opt/rviz_ogre_vendor/lib:/opt/ros/foxy/lib/x86_64-linux-gnu:/opt/ros/foxy/lib PYTHONPATH=/home/gy/tmr_ros2/install/tm_msgs/lib/python3.8/site-packages:/home/gy/tmr_ros2/install/tmr_msgs/lib/python3.8/site-packages:/home/gy/tmr_ros2/install/tmr_mod_urdf/lib/python3.8/site-packages:/home/gy/tmr_ros2/install/tm_get_status/lib/python3.8/site-packages:/home/gy/tmr_ros2/install/techman_robot_msgs/lib/python3.8/site-packages:/opt/ros/foxy/lib/python3.8/site-packages /usr/bin/cmake --build /home/gy/tmr_ros2/build/tm_driver -- -j3 -l3
[89.017s] Invoking command in '/home/gy/tmr_ros2/build/tm_driver': AMENT_PREFIX_PATH=/home/gy/tmr_ros2/install/tm_msgs:${AMENT_PREFIX_PATH} CMAKE_PREFIX_PATH=/home/gy/tmr_ros2/install/tm_msgs:/home/gy/tmr_ros2/install/tmrlib:/home/gy/tmr_ros2/install/tmr_msgs:/home/gy/tmr_ros2/install/tmr_moveit_cpp_demo:/home/gy/tmr_ros2/install/tmr_description:/home/gy/tmr_ros2/install/custom_package:/home/gy/tmr_ros2/install/techman_robot_msgs:/home/gy/tmr_ros2/install/tmr_mod_urdf:/home/gy/tmr_ros2/install/tm_get_status:/opt/ros/foxy LD_LIBRARY_PATH=/home/gy/tmr_ros2/install/tm_msgs/lib:/home/gy/tmr_ros2/install/tmrlib/lib:/home/gy/tmr_ros2/install/tmr_msgs/lib:/home/gy/tmr_ros2/install/techman_robot_msgs/lib:/opt/ros/foxy/opt/yaml_cpp_vendor/lib:/opt/ros/foxy/opt/rviz_ogre_vendor/lib:/opt/ros/foxy/lib/x86_64-linux-gnu:/opt/ros/foxy/lib PYTHONPATH=/home/gy/tmr_ros2/install/tm_msgs/lib/python3.8/site-packages:/home/gy/tmr_ros2/install/tmr_msgs/lib/python3.8/site-packages:/home/gy/tmr_ros2/install/tmr_mod_urdf/lib/python3.8/site-packages:/home/gy/tmr_ros2/install/tm_get_status/lib/python3.8/site-packages:/home/gy/tmr_ros2/install/techman_robot_msgs/lib/python3.8/site-packages:/opt/ros/foxy/lib/python3.8/site-packages /usr/bin/cmake --install /home/gy/tmr_ros2/build/tm_driver
[89.070s] -- Install configuration: ""
[89.070s] -- Installing: /home/gy/tmr_ros2/install/tm_driver/lib/tm_driver/tm_driver
[89.079s] -- Set runtime path of "/home/gy/tmr_ros2/install/tm_driver/lib/tm_driver/tm_driver" to ""
[89.079s] -- Installing: /home/gy/tmr_ros2/install/tm_driver/share/tm_driver/launch
[89.120s] -- Installing: /home/gy/tmr_ros2/install/tm_driver/share/tm_driver/launch/tm_bringup.launch.py
[89.185s] -- Installing: /home/gy/tmr_ros2/install/tm_driver/share/tm_driver/launch/tm_bringup.py
[89.353s] -- Installing: /home/gy/tmr_ros2/install/tm_driver/share/ament_index/resource_index/package_run_dependencies/tm_driver
[89.407s] -- Installing: /home/gy/tmr_ros2/install/tm_driver/share/ament_index/resource_index/parent_prefix_path/tm_driver
[89.450s] -- Installing: /home/gy/tmr_ros2/install/tm_driver/share/tm_driver/environment/ament_prefix_path.sh
[89.506s] -- Installing: /home/gy/tmr_ros2/install/tm_driver/share/tm_driver/environment/ament_prefix_path.dsv
[89.549s] -- Installing: /home/gy/tmr_ros2/install/tm_driver/share/tm_driver/environment/path.sh
[89.549s] -- Installing: /home/gy/tmr_ros2/install/tm_driver/share/tm_driver/environment/path.dsv
[89.582s] -- Installing: /home/gy/tmr_ros2/install/tm_driver/share/tm_driver/local_setup.bash
[89.593s] -- Installing: /home/gy/tmr_ros2/install/tm_driver/share/tm_driver/local_setup.sh
[89.627s] -- Installing: /home/gy/tmr_ros2/install/tm_driver/share/tm_driver/local_setup.zsh
[89.638s] -- Installing: /home/gy/tmr_ros2/install/tm_driver/share/tm_driver/local_setup.dsv
[89.646s] -- Installing: /home/gy/tmr_ros2/install/tm_driver/share/tm_driver/package.dsv
[89.695s] -- Installing: /home/gy/tmr_ros2/install/tm_driver/share/ament_index/resource_index/packages/tm_driver
[89.726s] -- Installing: /home/gy/tmr_ros2/install/tm_driver/share/tm_driver/cmake/tm_driverConfig.cmake
[89.749s] -- Installing: /home/gy/tmr_ros2/install/tm_driver/share/tm_driver/cmake/tm_driverConfig-version.cmake
[89.826s] -- Installing: /home/gy/tmr_ros2/install/tm_driver/share/tm_driver/package.xml
[89.946s] Invoked command in '/home/gy/tmr_ros2/build/tm_driver' returned '0': AMENT_PREFIX_PATH=/home/gy/tmr_ros2/install/tm_msgs:${AMENT_PREFIX_PATH} CMAKE_PREFIX_PATH=/home/gy/tmr_ros2/install/tm_msgs:/home/gy/tmr_ros2/install/tmrlib:/home/gy/tmr_ros2/install/tmr_msgs:/home/gy/tmr_ros2/install/tmr_moveit_cpp_demo:/home/gy/tmr_ros2/install/tmr_description:/home/gy/tmr_ros2/install/custom_package:/home/gy/tmr_ros2/install/techman_robot_msgs:/home/gy/tmr_ros2/install/tmr_mod_urdf:/home/gy/tmr_ros2/install/tm_get_status:/opt/ros/foxy LD_LIBRARY_PATH=/home/gy/tmr_ros2/install/tm_msgs/lib:/home/gy/tmr_ros2/install/tmrlib/lib:/home/gy/tmr_ros2/install/tmr_msgs/lib:/home/gy/tmr_ros2/install/techman_robot_msgs/lib:/opt/ros/foxy/opt/yaml_cpp_vendor/lib:/opt/ros/foxy/opt/rviz_ogre_vendor/lib:/opt/ros/foxy/lib/x86_64-linux-gnu:/opt/ros/foxy/lib PYTHONPATH=/home/gy/tmr_ros2/install/tm_msgs/lib/python3.8/site-packages:/home/gy/tmr_ros2/install/tmr_msgs/lib/python3.8/site-packages:/home/gy/tmr_ros2/install/tmr_mod_urdf/lib/python3.8/site-packages:/home/gy/tmr_ros2/install/tm_get_status/lib/python3.8/site-packages:/home/gy/tmr_ros2/install/techman_robot_msgs/lib/python3.8/site-packages:/opt/ros/foxy/lib/python3.8/site-packages /usr/bin/cmake --install /home/gy/tmr_ros2/build/tm_driver
