[0.051s] Invoking command in '/home/gy/Omron_TM_ROS2/build/tmr_driver': CMAKE_PREFIX_PATH=/home/gy/Omron_TM_ROS2/install/tmrlib:/home/gy/Omron_TM_ROS2/install/tmr_msgs:/home/gy/Omron_TM_ROS2/install/ui_for_debug_and_demo:/home/gy/Omron_TM_ROS2/install/tmr_driver:/home/gy/Omron_TM_ROS2/install/tmr_moveit_cpp_demo:/home/gy/Omron_TM_ROS2/install/tmr_moveit_config_tm5-900:/home/gy/Omron_TM_ROS2/install/tmr_description:/home/gy/Omron_TM_ROS2/install/tm_driver:/home/gy/Omron_TM_ROS2/install/demo:/home/gy/Omron_TM_ROS2/install/tm_msgs:/home/gy/Omron_TM_ROS2/install/custom_package:/home/gy/Omron_TM_ROS2/install/techman_robot_msgs:/home/gy/Omron_TM_ROS2/install/rviz_tm:/home/gy/Omron_TM_ROS2/install/tmr_mod_urdf:/home/gy/Omron_TM_ROS2/install/tm_get_status:/home/gy/Omron_TM_ROS2/install/pickplace:/opt/ros/foxy LD_LIBRARY_PATH=/home/gy/Omron_TM_ROS2/install/tmr_msgs/lib:/home/gy/Omron_TM_ROS2/install/tmrlib/lib:/home/gy/Omron_TM_ROS2/install/tm_msgs/lib:/home/gy/Omron_TM_ROS2/install/techman_robot_msgs/lib:/opt/ros/foxy/opt/yaml_cpp_vendor/lib:/opt/ros/foxy/opt/rviz_ogre_vendor/lib:/opt/ros/foxy/lib/x86_64-linux-gnu:/opt/ros/foxy/lib PYTHONPATH=/home/gy/Omron_TM_ROS2/install/tmr_msgs/lib/python3.8/site-packages:/home/gy/Omron_TM_ROS2/build/rviz_tm:/home/gy/Omron_TM_ROS2/install/rviz_tm/lib/python3.8/site-packages:/home/gy/Omron_TM_ROS2/install/tmr_mod_urdf/lib/python3.8/site-packages:/home/gy/Omron_TM_ROS2/install/tm_msgs/lib/python3.8/site-packages:/home/gy/Omron_TM_ROS2/install/tm_get_status/lib/python3.8/site-packages:/home/gy/Omron_TM_ROS2/install/techman_robot_msgs/lib/python3.8/site-packages:/home/gy/Omron_TM_ROS2/install/pickplace/lib/python3.8/site-packages:/opt/ros/foxy/lib/python3.8/site-packages /usr/bin/cmake --build /home/gy/Omron_TM_ROS2/build/tmr_driver -- -j3 -l3
[0.164s] -- Found ament_cmake: 0.9.8 (/opt/ros/foxy/share/ament_cmake/cmake)
[0.258s] -- Using PYTHON_EXECUTABLE: /usr/bin/python3
[0.803s] -- Found rclcpp: 2.3.0 (/opt/ros/foxy/share/rclcpp/cmake)
[0.911s] -- Using all available rosidl_typesupport_c: rosidl_typesupport_fastrtps_c;rosidl_typesupport_introspection_c
[0.919s] -- Found rosidl_adapter: 1.2.0 (/opt/ros/foxy/share/rosidl_adapter/cmake)
[1.227s] -- Using all available rosidl_typesupport_cpp: rosidl_typesupport_fastrtps_cpp;rosidl_typesupport_introspection_cpp
[1.373s] -- Found rmw_implementation_cmake: 1.0.2 (/opt/ros/foxy/share/rmw_implementation_cmake/cmake)
[1.383s] -- Using RMW implementation 'rmw_fastrtps_cpp' as default
[1.813s] -- Found sensor_msgs: 2.0.3 (/opt/ros/foxy/share/sensor_msgs/cmake)
[2.184s] -- Found trajectory_msgs: 2.0.3 (/opt/ros/foxy/share/trajectory_msgs/cmake)
[2.372s] -- Found control_msgs: 2.5.0 (/opt/ros/foxy/share/control_msgs/cmake)
[3.107s] -- Found rclcpp_action: 2.3.0 (/opt/ros/foxy/share/rclcpp_action/cmake)
[3.193s] -- Found tmr_msgs: 1.0.0 (/home/gy/Omron_TM_ROS2/install/tmr_msgs/share/tmr_msgs/cmake)
[3.272s] -- Found tmrlib: 1.0.0 (/home/gy/Omron_TM_ROS2/install/tmrlib/share/tmrlib/cmake)
[3.275s] -- Found ament_lint_auto: 0.9.6 (/opt/ros/foxy/share/ament_lint_auto/cmake)
[3.427s] -- Added test 'copyright' to check source files copyright and LICENSE
[3.430s] -- Added test 'cppcheck' to perform static code analysis on C / C++ code
[3.430s] -- Configured cppcheck include dirs: /home/gy/Omron_TM_ROS2/tmr_driver/include
[3.431s] -- Configured cppcheck exclude dirs and/or files: 
[3.432s] -- Added test 'cpplint' to check C / C++ code against the Google style
[3.432s] -- Configured cpplint exclude dirs and/or files: 
[3.433s] -- Added test 'flake8' to check Python code syntax and style conventions
[3.434s] -- Added test 'lint_cmake' to check CMake code style
[3.435s] -- Added test 'pep257' to check Python code against some of the style conventions in PEP 257
[3.437s] -- Added test 'uncrustify' to check C / C++ code style
[3.437s] -- Configured uncrustify additional arguments: 
[3.438s] -- Added test 'xmllint' to check XML markup files
[3.442s] -- Configuring done
[3.475s] -- Generating done
[3.479s] -- Build files have been written to: /home/gy/Omron_TM_ROS2/build/tmr_driver
[3.550s] [35m[1mScanning dependencies of target tmr_driver[0m
[4.195s] [ 25%] [32mBuilding CXX object CMakeFiles/tmr_driver.dir/src/tmr_ros2_composition.cpp.o[0m
[4.195s] [ 50%] [32mBuilding CXX object CMakeFiles/tmr_driver.dir/src/tmr_ros2_sct.cpp.o[0m
[4.248s] [ 75%] [32mBuilding CXX object CMakeFiles/tmr_driver.dir/src/tmr_ros2_svr.cpp.o[0m
[18.067s] [100%] [32m[1mLinking CXX executable tmr_driver[0m
[19.830s] [100%] Built target tmr_driver
[19.848s] Invoked command in '/home/gy/Omron_TM_ROS2/build/tmr_driver' returned '0': CMAKE_PREFIX_PATH=/home/gy/Omron_TM_ROS2/install/tmrlib:/home/gy/Omron_TM_ROS2/install/tmr_msgs:/home/gy/Omron_TM_ROS2/install/ui_for_debug_and_demo:/home/gy/Omron_TM_ROS2/install/tmr_driver:/home/gy/Omron_TM_ROS2/install/tmr_moveit_cpp_demo:/home/gy/Omron_TM_ROS2/install/tmr_moveit_config_tm5-900:/home/gy/Omron_TM_ROS2/install/tmr_description:/home/gy/Omron_TM_ROS2/install/tm_driver:/home/gy/Omron_TM_ROS2/install/demo:/home/gy/Omron_TM_ROS2/install/tm_msgs:/home/gy/Omron_TM_ROS2/install/custom_package:/home/gy/Omron_TM_ROS2/install/techman_robot_msgs:/home/gy/Omron_TM_ROS2/install/rviz_tm:/home/gy/Omron_TM_ROS2/install/tmr_mod_urdf:/home/gy/Omron_TM_ROS2/install/tm_get_status:/home/gy/Omron_TM_ROS2/install/pickplace:/opt/ros/foxy LD_LIBRARY_PATH=/home/gy/Omron_TM_ROS2/install/tmr_msgs/lib:/home/gy/Omron_TM_ROS2/install/tmrlib/lib:/home/gy/Omron_TM_ROS2/install/tm_msgs/lib:/home/gy/Omron_TM_ROS2/install/techman_robot_msgs/lib:/opt/ros/foxy/opt/yaml_cpp_vendor/lib:/opt/ros/foxy/opt/rviz_ogre_vendor/lib:/opt/ros/foxy/lib/x86_64-linux-gnu:/opt/ros/foxy/lib PYTHONPATH=/home/gy/Omron_TM_ROS2/install/tmr_msgs/lib/python3.8/site-packages:/home/gy/Omron_TM_ROS2/build/rviz_tm:/home/gy/Omron_TM_ROS2/install/rviz_tm/lib/python3.8/site-packages:/home/gy/Omron_TM_ROS2/install/tmr_mod_urdf/lib/python3.8/site-packages:/home/gy/Omron_TM_ROS2/install/tm_msgs/lib/python3.8/site-packages:/home/gy/Omron_TM_ROS2/install/tm_get_status/lib/python3.8/site-packages:/home/gy/Omron_TM_ROS2/install/techman_robot_msgs/lib/python3.8/site-packages:/home/gy/Omron_TM_ROS2/install/pickplace/lib/python3.8/site-packages:/opt/ros/foxy/lib/python3.8/site-packages /usr/bin/cmake --build /home/gy/Omron_TM_ROS2/build/tmr_driver -- -j3 -l3
[19.893s] Invoking command in '/home/gy/Omron_TM_ROS2/build/tmr_driver': CMAKE_PREFIX_PATH=/home/gy/Omron_TM_ROS2/install/tmrlib:/home/gy/Omron_TM_ROS2/install/tmr_msgs:/home/gy/Omron_TM_ROS2/install/ui_for_debug_and_demo:/home/gy/Omron_TM_ROS2/install/tmr_driver:/home/gy/Omron_TM_ROS2/install/tmr_moveit_cpp_demo:/home/gy/Omron_TM_ROS2/install/tmr_moveit_config_tm5-900:/home/gy/Omron_TM_ROS2/install/tmr_description:/home/gy/Omron_TM_ROS2/install/tm_driver:/home/gy/Omron_TM_ROS2/install/demo:/home/gy/Omron_TM_ROS2/install/tm_msgs:/home/gy/Omron_TM_ROS2/install/custom_package:/home/gy/Omron_TM_ROS2/install/techman_robot_msgs:/home/gy/Omron_TM_ROS2/install/rviz_tm:/home/gy/Omron_TM_ROS2/install/tmr_mod_urdf:/home/gy/Omron_TM_ROS2/install/tm_get_status:/home/gy/Omron_TM_ROS2/install/pickplace:/opt/ros/foxy LD_LIBRARY_PATH=/home/gy/Omron_TM_ROS2/install/tmr_msgs/lib:/home/gy/Omron_TM_ROS2/install/tmrlib/lib:/home/gy/Omron_TM_ROS2/install/tm_msgs/lib:/home/gy/Omron_TM_ROS2/install/techman_robot_msgs/lib:/opt/ros/foxy/opt/yaml_cpp_vendor/lib:/opt/ros/foxy/opt/rviz_ogre_vendor/lib:/opt/ros/foxy/lib/x86_64-linux-gnu:/opt/ros/foxy/lib PYTHONPATH=/home/gy/Omron_TM_ROS2/install/tmr_msgs/lib/python3.8/site-packages:/home/gy/Omron_TM_ROS2/build/rviz_tm:/home/gy/Omron_TM_ROS2/install/rviz_tm/lib/python3.8/site-packages:/home/gy/Omron_TM_ROS2/install/tmr_mod_urdf/lib/python3.8/site-packages:/home/gy/Omron_TM_ROS2/install/tm_msgs/lib/python3.8/site-packages:/home/gy/Omron_TM_ROS2/install/tm_get_status/lib/python3.8/site-packages:/home/gy/Omron_TM_ROS2/install/techman_robot_msgs/lib/python3.8/site-packages:/home/gy/Omron_TM_ROS2/install/pickplace/lib/python3.8/site-packages:/opt/ros/foxy/lib/python3.8/site-packages /usr/bin/cmake --install /home/gy/Omron_TM_ROS2/build/tmr_driver
[19.908s] -- Install configuration: ""
[19.909s] -- Installing: /home/gy/Omron_TM_ROS2/install/tmr_driver/lib/tmr_driver/tmr_driver
[19.914s] -- Set runtime path of "/home/gy/Omron_TM_ROS2/install/tmr_driver/lib/tmr_driver/tmr_driver" to ""
[19.915s] -- Installing: /home/gy/Omron_TM_ROS2/install/tmr_driver/share/tmr_driver/launch
[19.915s] -- Installing: /home/gy/Omron_TM_ROS2/install/tmr_driver/share/tmr_driver/launch/tmr_bringup.py
[19.916s] -- Installing: /home/gy/Omron_TM_ROS2/install/tmr_driver/share/tmr_driver/launch/tmr_bringup.launch.py
[19.916s] -- Up-to-date: /home/gy/Omron_TM_ROS2/install/tmr_driver/share/ament_index/resource_index/package_run_dependencies/tmr_driver
[19.917s] -- Installing: /home/gy/Omron_TM_ROS2/install/tmr_driver/share/ament_index/resource_index/parent_prefix_path/tmr_driver
[19.917s] -- Up-to-date: /home/gy/Omron_TM_ROS2/install/tmr_driver/share/tmr_driver/environment/ament_prefix_path.sh
[19.918s] -- Installing: /home/gy/Omron_TM_ROS2/install/tmr_driver/share/tmr_driver/environment/ament_prefix_path.dsv
[19.918s] -- Up-to-date: /home/gy/Omron_TM_ROS2/install/tmr_driver/share/tmr_driver/environment/path.sh
[19.919s] -- Installing: /home/gy/Omron_TM_ROS2/install/tmr_driver/share/tmr_driver/environment/path.dsv
[19.919s] -- Up-to-date: /home/gy/Omron_TM_ROS2/install/tmr_driver/share/tmr_driver/local_setup.bash
[19.920s] -- Up-to-date: /home/gy/Omron_TM_ROS2/install/tmr_driver/share/tmr_driver/local_setup.sh
[19.920s] -- Up-to-date: /home/gy/Omron_TM_ROS2/install/tmr_driver/share/tmr_driver/local_setup.zsh
[19.921s] -- Installing: /home/gy/Omron_TM_ROS2/install/tmr_driver/share/tmr_driver/local_setup.dsv
[19.921s] -- Installing: /home/gy/Omron_TM_ROS2/install/tmr_driver/share/tmr_driver/package.dsv
[19.922s] -- Up-to-date: /home/gy/Omron_TM_ROS2/install/tmr_driver/share/ament_index/resource_index/packages/tmr_driver
[19.922s] -- Up-to-date: /home/gy/Omron_TM_ROS2/install/tmr_driver/share/tmr_driver/cmake/tmr_driverConfig.cmake
[19.922s] -- Up-to-date: /home/gy/Omron_TM_ROS2/install/tmr_driver/share/tmr_driver/cmake/tmr_driverConfig-version.cmake
[19.923s] -- Up-to-date: /home/gy/Omron_TM_ROS2/install/tmr_driver/share/tmr_driver/package.xml
[19.929s] Invoked command in '/home/gy/Omron_TM_ROS2/build/tmr_driver' returned '0': CMAKE_PREFIX_PATH=/home/gy/Omron_TM_ROS2/install/tmrlib:/home/gy/Omron_TM_ROS2/install/tmr_msgs:/home/gy/Omron_TM_ROS2/install/ui_for_debug_and_demo:/home/gy/Omron_TM_ROS2/install/tmr_driver:/home/gy/Omron_TM_ROS2/install/tmr_moveit_cpp_demo:/home/gy/Omron_TM_ROS2/install/tmr_moveit_config_tm5-900:/home/gy/Omron_TM_ROS2/install/tmr_description:/home/gy/Omron_TM_ROS2/install/tm_driver:/home/gy/Omron_TM_ROS2/install/demo:/home/gy/Omron_TM_ROS2/install/tm_msgs:/home/gy/Omron_TM_ROS2/install/custom_package:/home/gy/Omron_TM_ROS2/install/techman_robot_msgs:/home/gy/Omron_TM_ROS2/install/rviz_tm:/home/gy/Omron_TM_ROS2/install/tmr_mod_urdf:/home/gy/Omron_TM_ROS2/install/tm_get_status:/home/gy/Omron_TM_ROS2/install/pickplace:/opt/ros/foxy LD_LIBRARY_PATH=/home/gy/Omron_TM_ROS2/install/tmr_msgs/lib:/home/gy/Omron_TM_ROS2/install/tmrlib/lib:/home/gy/Omron_TM_ROS2/install/tm_msgs/lib:/home/gy/Omron_TM_ROS2/install/techman_robot_msgs/lib:/opt/ros/foxy/opt/yaml_cpp_vendor/lib:/opt/ros/foxy/opt/rviz_ogre_vendor/lib:/opt/ros/foxy/lib/x86_64-linux-gnu:/opt/ros/foxy/lib PYTHONPATH=/home/gy/Omron_TM_ROS2/install/tmr_msgs/lib/python3.8/site-packages:/home/gy/Omron_TM_ROS2/build/rviz_tm:/home/gy/Omron_TM_ROS2/install/rviz_tm/lib/python3.8/site-packages:/home/gy/Omron_TM_ROS2/install/tmr_mod_urdf/lib/python3.8/site-packages:/home/gy/Omron_TM_ROS2/install/tm_msgs/lib/python3.8/site-packages:/home/gy/Omron_TM_ROS2/install/tm_get_status/lib/python3.8/site-packages:/home/gy/Omron_TM_ROS2/install/techman_robot_msgs/lib/python3.8/site-packages:/home/gy/Omron_TM_ROS2/install/pickplace/lib/python3.8/site-packages:/opt/ros/foxy/lib/python3.8/site-packages /usr/bin/cmake --install /home/gy/Omron_TM_ROS2/build/tmr_driver
