[0.340s] Invoking command in '/home/gy/Omron_TM_ROS2/build/tmr_mod_urdf': PYTHONPATH=/home/gy/Omron_TM_ROS2/install/tmr_mod_urdf/lib/python3.8/site-packages:${PYTHONPATH} /usr/bin/python3 setup.py develop --prefix /home/gy/Omron_TM_ROS2/install/tmr_mod_urdf --uninstall --editable --build-directory /home/gy/Omron_TM_ROS2/build/tmr_mod_urdf/build
[0.693s] running develop
[0.857s] Removing /home/gy/Omron_TM_ROS2/install/tmr_mod_urdf/lib/python3.8/site-packages/tmr-mod-urdf.egg-link (link to .)
[0.904s] Invoked command in '/home/gy/Omron_TM_ROS2/build/tmr_mod_urdf' returned '0': PYTHONPATH=/home/gy/Omron_TM_ROS2/install/tmr_mod_urdf/lib/python3.8/site-packages:${PYTHONPATH} /usr/bin/python3 setup.py develop --prefix /home/gy/Omron_TM_ROS2/install/tmr_mod_urdf --uninstall --editable --build-directory /home/gy/Omron_TM_ROS2/build/tmr_mod_urdf/build
[0.905s] Invoking command in '/home/gy/Omron_TM_ROS2/tmr_mod_urdf': PYTHONPATH=/home/gy/Omron_TM_ROS2/install/tmr_mod_urdf/lib/python3.8/site-packages:${PYTHONPATH} /usr/bin/python3 setup.py egg_info --egg-base ../build/tmr_mod_urdf build --build-base /home/gy/Omron_TM_ROS2/build/tmr_mod_urdf/build install --prefix /home/gy/Omron_TM_ROS2/install/tmr_mod_urdf --record /home/gy/Omron_TM_ROS2/build/tmr_mod_urdf/install.log --single-version-externally-managed
[1.167s] running egg_info
[1.168s] writing ../build/tmr_mod_urdf/tmr_mod_urdf.egg-info/PKG-INFO
[1.168s] writing dependency_links to ../build/tmr_mod_urdf/tmr_mod_urdf.egg-info/dependency_links.txt
[1.168s] writing entry points to ../build/tmr_mod_urdf/tmr_mod_urdf.egg-info/entry_points.txt
[1.168s] writing requirements to ../build/tmr_mod_urdf/tmr_mod_urdf.egg-info/requires.txt
[1.168s] writing top-level names to ../build/tmr_mod_urdf/tmr_mod_urdf.egg-info/top_level.txt
[1.205s] reading manifest file '../build/tmr_mod_urdf/tmr_mod_urdf.egg-info/SOURCES.txt'
[1.206s] writing manifest file '../build/tmr_mod_urdf/tmr_mod_urdf.egg-info/SOURCES.txt'
[1.206s] running build
[1.207s] running build_py
[1.207s] creating /home/gy/Omron_TM_ROS2/build/tmr_mod_urdf/build
[1.207s] creating /home/gy/Omron_TM_ROS2/build/tmr_mod_urdf/build/lib
[1.207s] creating /home/gy/Omron_TM_ROS2/build/tmr_mod_urdf/build/lib/tmr_mod_urdf
[1.207s] copying tmr_mod_urdf/modify_xacro.py -> /home/gy/Omron_TM_ROS2/build/tmr_mod_urdf/build/lib/tmr_mod_urdf
[1.207s] copying tmr_mod_urdf/modify_urdf.py -> /home/gy/Omron_TM_ROS2/build/tmr_mod_urdf/build/lib/tmr_mod_urdf
[1.207s] copying tmr_mod_urdf/_modify_urdf.py -> /home/gy/Omron_TM_ROS2/build/tmr_mod_urdf/build/lib/tmr_mod_urdf
[1.207s] copying tmr_mod_urdf/__init__.py -> /home/gy/Omron_TM_ROS2/build/tmr_mod_urdf/build/lib/tmr_mod_urdf
[1.208s] running install
[1.209s] running install_lib
[1.210s] creating /home/gy/Omron_TM_ROS2/install/tmr_mod_urdf/lib/python3.8/site-packages/tmr_mod_urdf
[1.210s] copying /home/gy/Omron_TM_ROS2/build/tmr_mod_urdf/build/lib/tmr_mod_urdf/modify_xacro.py -> /home/gy/Omron_TM_ROS2/install/tmr_mod_urdf/lib/python3.8/site-packages/tmr_mod_urdf
[1.210s] copying /home/gy/Omron_TM_ROS2/build/tmr_mod_urdf/build/lib/tmr_mod_urdf/modify_urdf.py -> /home/gy/Omron_TM_ROS2/install/tmr_mod_urdf/lib/python3.8/site-packages/tmr_mod_urdf
[1.210s] copying /home/gy/Omron_TM_ROS2/build/tmr_mod_urdf/build/lib/tmr_mod_urdf/_modify_urdf.py -> /home/gy/Omron_TM_ROS2/install/tmr_mod_urdf/lib/python3.8/site-packages/tmr_mod_urdf
[1.210s] copying /home/gy/Omron_TM_ROS2/build/tmr_mod_urdf/build/lib/tmr_mod_urdf/__init__.py -> /home/gy/Omron_TM_ROS2/install/tmr_mod_urdf/lib/python3.8/site-packages/tmr_mod_urdf
[1.214s] byte-compiling /home/gy/Omron_TM_ROS2/install/tmr_mod_urdf/lib/python3.8/site-packages/tmr_mod_urdf/modify_xacro.py to modify_xacro.cpython-38.pyc
[1.214s] byte-compiling /home/gy/Omron_TM_ROS2/install/tmr_mod_urdf/lib/python3.8/site-packages/tmr_mod_urdf/modify_urdf.py to modify_urdf.cpython-38.pyc
[1.215s] byte-compiling /home/gy/Omron_TM_ROS2/install/tmr_mod_urdf/lib/python3.8/site-packages/tmr_mod_urdf/_modify_urdf.py to _modify_urdf.cpython-38.pyc
[1.220s] byte-compiling /home/gy/Omron_TM_ROS2/install/tmr_mod_urdf/lib/python3.8/site-packages/tmr_mod_urdf/__init__.py to __init__.cpython-38.pyc
[1.222s] running install_data
[1.222s] copying resource/tmr_mod_urdf -> /home/gy/Omron_TM_ROS2/install/tmr_mod_urdf/share/ament_index/resource_index/packages
[1.222s] copying package.xml -> /home/gy/Omron_TM_ROS2/install/tmr_mod_urdf/share/tmr_mod_urdf
[1.222s] running install_egg_info
[1.222s] Copying ../build/tmr_mod_urdf/tmr_mod_urdf.egg-info to /home/gy/Omron_TM_ROS2/install/tmr_mod_urdf/lib/python3.8/site-packages/tmr_mod_urdf-0.0.0-py3.8.egg-info
[1.222s] running install_scripts
[1.244s] Installing modify_urdf script to /home/gy/Omron_TM_ROS2/install/tmr_mod_urdf/lib/tmr_mod_urdf
[1.244s] Installing modify_xacro script to /home/gy/Omron_TM_ROS2/install/tmr_mod_urdf/lib/tmr_mod_urdf
[1.244s] writing list of installed files to '/home/gy/Omron_TM_ROS2/build/tmr_mod_urdf/install.log'
[1.276s] Invoked command in '/home/gy/Omron_TM_ROS2/tmr_mod_urdf' returned '0': PYTHONPATH=/home/gy/Omron_TM_ROS2/install/tmr_mod_urdf/lib/python3.8/site-packages:${PYTHONPATH} /usr/bin/python3 setup.py egg_info --egg-base ../build/tmr_mod_urdf build --build-base /home/gy/Omron_TM_ROS2/build/tmr_mod_urdf/build install --prefix /home/gy/Omron_TM_ROS2/install/tmr_mod_urdf --record /home/gy/Omron_TM_ROS2/build/tmr_mod_urdf/install.log --single-version-externally-managed
