[0.506s] Invoking command in '/home/gy/Omron_TM_ROS2/pickplace': PYTHONPATH=/home/gy/Omron_TM_ROS2/install/pickplace/lib/python3.8/site-packages:${PYTHONPATH} /usr/bin/python3 setup.py egg_info --egg-base ../build/pickplace build --build-base /home/gy/Omron_TM_ROS2/build/pickplace/build install --prefix /home/gy/Omron_TM_ROS2/install/pickplace --record /home/gy/Omron_TM_ROS2/build/pickplace/install.log --single-version-externally-managed
[0.922s] running egg_info
[0.923s] creating ../build/pickplace/pickplace.egg-info
[0.923s] writing ../build/pickplace/pickplace.egg-info/PKG-INFO
[0.924s] writing dependency_links to ../build/pickplace/pickplace.egg-info/dependency_links.txt
[0.924s] writing entry points to ../build/pickplace/pickplace.egg-info/entry_points.txt
[0.924s] writing requirements to ../build/pickplace/pickplace.egg-info/requires.txt
[0.924s] writing top-level names to ../build/pickplace/pickplace.egg-info/top_level.txt
[0.927s] writing manifest file '../build/pickplace/pickplace.egg-info/SOURCES.txt'
[0.993s] reading manifest file '../build/pickplace/pickplace.egg-info/SOURCES.txt'
[0.994s] writing manifest file '../build/pickplace/pickplace.egg-info/SOURCES.txt'
[0.995s] running build
[0.995s] running build_py
[0.995s] creating /home/gy/Omron_TM_ROS2/build/pickplace/build
[0.995s] creating /home/gy/Omron_TM_ROS2/build/pickplace/build/lib
[0.995s] creating /home/gy/Omron_TM_ROS2/build/pickplace/build/lib/pickplace
[0.996s] copying pickplace/teach_setup.py -> /home/gy/Omron_TM_ROS2/build/pickplace/build/lib/pickplace
[0.997s] copying pickplace/__init__.py -> /home/gy/Omron_TM_ROS2/build/pickplace/build/lib/pickplace
[0.997s] copying pickplace/pickplace_program.py -> /home/gy/Omron_TM_ROS2/build/pickplace/build/lib/pickplace
[0.998s] running install
[0.998s] running install_lib
[0.998s] creating /home/gy/Omron_TM_ROS2/install/pickplace/lib/python3.8/site-packages/pickplace
[0.999s] copying /home/gy/Omron_TM_ROS2/build/pickplace/build/lib/pickplace/teach_setup.py -> /home/gy/Omron_TM_ROS2/install/pickplace/lib/python3.8/site-packages/pickplace
[0.999s] copying /home/gy/Omron_TM_ROS2/build/pickplace/build/lib/pickplace/__init__.py -> /home/gy/Omron_TM_ROS2/install/pickplace/lib/python3.8/site-packages/pickplace
[0.999s] copying /home/gy/Omron_TM_ROS2/build/pickplace/build/lib/pickplace/pickplace_program.py -> /home/gy/Omron_TM_ROS2/install/pickplace/lib/python3.8/site-packages/pickplace
[1.000s] byte-compiling /home/gy/Omron_TM_ROS2/install/pickplace/lib/python3.8/site-packages/pickplace/teach_setup.py to teach_setup.cpython-38.pyc
[1.003s] byte-compiling /home/gy/Omron_TM_ROS2/install/pickplace/lib/python3.8/site-packages/pickplace/__init__.py to __init__.cpython-38.pyc
[1.003s] byte-compiling /home/gy/Omron_TM_ROS2/install/pickplace/lib/python3.8/site-packages/pickplace/pickplace_program.py to pickplace_program.cpython-38.pyc
[1.004s] running install_data
[1.005s] creating /home/gy/Omron_TM_ROS2/install/pickplace/share/ament_index
[1.055s] creating /home/gy/Omron_TM_ROS2/install/pickplace/share/ament_index/resource_index
[1.056s] creating /home/gy/Omron_TM_ROS2/install/pickplace/share/ament_index/resource_index/packages
[1.056s] copying resource/pickplace -> /home/gy/Omron_TM_ROS2/install/pickplace/share/ament_index/resource_index/packages
[1.056s] copying package.xml -> /home/gy/Omron_TM_ROS2/install/pickplace/share/pickplace
[1.056s] creating /home/gy/Omron_TM_ROS2/install/pickplace/share/pickplace/pp_library
[1.056s] copying pp_library/Modbus.py -> /home/gy/Omron_TM_ROS2/install/pickplace/share/pickplace/pp_library
[1.057s] copying pp_library/Script.py -> /home/gy/Omron_TM_ROS2/install/pickplace/share/pickplace/pp_library
[1.057s] copying pp_library/Transform.py -> /home/gy/Omron_TM_ROS2/install/pickplace/share/pickplace/pp_library
[1.057s] copying pp_library/IO.py -> /home/gy/Omron_TM_ROS2/install/pickplace/share/pickplace/pp_library
[1.057s] copying pp_library/Move.py -> /home/gy/Omron_TM_ROS2/install/pickplace/share/pickplace/pp_library
[1.057s] copying pp_library/Waiter.py -> /home/gy/Omron_TM_ROS2/install/pickplace/share/pickplace/pp_library
[1.057s] copying launch/rviz.launch.py -> /home/gy/Omron_TM_ROS2/install/pickplace/share/pickplace
[1.058s] copying launch/pickplace.launch.py -> /home/gy/Omron_TM_ROS2/install/pickplace/share/pickplace
[1.058s] running install_egg_info
[1.060s] Copying ../build/pickplace/pickplace.egg-info to /home/gy/Omron_TM_ROS2/install/pickplace/lib/python3.8/site-packages/pickplace-0.0.0-py3.8.egg-info
[1.061s] running install_scripts
[1.094s] Installing pickplace script to /home/gy/Omron_TM_ROS2/install/pickplace/lib/pickplace
[1.095s] Installing teach_setup script to /home/gy/Omron_TM_ROS2/install/pickplace/lib/pickplace
[1.095s] writing list of installed files to '/home/gy/Omron_TM_ROS2/build/pickplace/install.log'
[1.132s] Invoked command in '/home/gy/Omron_TM_ROS2/pickplace' returned '0': PYTHONPATH=/home/gy/Omron_TM_ROS2/install/pickplace/lib/python3.8/site-packages:${PYTHONPATH} /usr/bin/python3 setup.py egg_info --egg-base ../build/pickplace build --build-base /home/gy/Omron_TM_ROS2/build/pickplace/build install --prefix /home/gy/Omron_TM_ROS2/install/pickplace --record /home/gy/Omron_TM_ROS2/build/pickplace/install.log --single-version-externally-managed
