[0.734s] Invoking command in '/home/gy/Omron_TM_ROS2/tmr_mod_urdf': PYTHONPATH=/home/gy/Omron_TM_ROS2/install/tmr_mod_urdf/lib/python3.8/site-packages:${PYTHONPATH} /usr/bin/python3 setup.py egg_info --egg-base ../build/tmr_mod_urdf build --build-base /home/gy/Omron_TM_ROS2/build/tmr_mod_urdf/build install --prefix /home/gy/Omron_TM_ROS2/install/tmr_mod_urdf --record /home/gy/Omron_TM_ROS2/build/tmr_mod_urdf/install.log --single-version-externally-managed
[1.274s] running egg_info
[1.274s] writing ../build/tmr_mod_urdf/tmr_mod_urdf.egg-info/PKG-INFO
[1.275s] writing dependency_links to ../build/tmr_mod_urdf/tmr_mod_urdf.egg-info/dependency_links.txt
[1.275s] writing entry points to ../build/tmr_mod_urdf/tmr_mod_urdf.egg-info/entry_points.txt
[1.275s] writing requirements to ../build/tmr_mod_urdf/tmr_mod_urdf.egg-info/requires.txt
[1.275s] writing top-level names to ../build/tmr_mod_urdf/tmr_mod_urdf.egg-info/top_level.txt
[1.364s] reading manifest file '../build/tmr_mod_urdf/tmr_mod_urdf.egg-info/SOURCES.txt'
[1.366s] writing manifest file '../build/tmr_mod_urdf/tmr_mod_urdf.egg-info/SOURCES.txt'
[1.367s] running build
[1.367s] running build_py
[1.370s] running install
[1.370s] running install_lib
[1.381s] running install_data
[1.384s] running install_egg_info
[1.384s] removing '/home/gy/Omron_TM_ROS2/install/tmr_mod_urdf/lib/python3.8/site-packages/tmr_mod_urdf-0.0.0-py3.8.egg-info' (and everything under it)
[1.385s] Copying ../build/tmr_mod_urdf/tmr_mod_urdf.egg-info to /home/gy/Omron_TM_ROS2/install/tmr_mod_urdf/lib/python3.8/site-packages/tmr_mod_urdf-0.0.0-py3.8.egg-info
[1.401s] running install_scripts
[1.452s] Installing modify_urdf script to /home/gy/Omron_TM_ROS2/install/tmr_mod_urdf/lib/tmr_mod_urdf
[1.453s] Installing modify_xacro script to /home/gy/Omron_TM_ROS2/install/tmr_mod_urdf/lib/tmr_mod_urdf
[1.453s] writing list of installed files to '/home/gy/Omron_TM_ROS2/build/tmr_mod_urdf/install.log'
[1.499s] Invoked command in '/home/gy/Omron_TM_ROS2/tmr_mod_urdf' returned '0': PYTHONPATH=/home/gy/Omron_TM_ROS2/install/tmr_mod_urdf/lib/python3.8/site-packages:${PYTHONPATH} /usr/bin/python3 setup.py egg_info --egg-base ../build/tmr_mod_urdf build --build-base /home/gy/Omron_TM_ROS2/build/tmr_mod_urdf/build install --prefix /home/gy/Omron_TM_ROS2/install/tmr_mod_urdf --record /home/gy/Omron_TM_ROS2/build/tmr_mod_urdf/install.log --single-version-externally-managed
