[0.146s] Invoking command in '/home/gy/Omron_TM_ROS2/build/tmr_description': CMAKE_PREFIX_PATH=${CMAKE_PREFIX_PATH}:/home/gy/tmdriver_ws/install/tmr_mod_urdf:/home/gy/tmdriver_ws/install/tm_get_status:/opt/ros/foxy /usr/bin/cmake --build /home/gy/Omron_TM_ROS2/build/tmr_description -- -j3 -l3
[0.626s] CMake Error: The current CMakeCache.txt directory /home/gy/Omron_TM_ROS2/build/tmr_description/CMakeCache.txt is different than the directory /home/gy/tmr_ros2/build/tmr_description where CMakeCache.txt was created. This may result in binaries being created in the wrong place. If you are not sure, reedit the CMakeCache.txt
[1.100s] Invoked command in '/home/gy/Omron_TM_ROS2/build/tmr_description' returned '0': CMAKE_PREFIX_PATH=${CMAKE_PREFIX_PATH}:/home/gy/tmdriver_ws/install/tmr_mod_urdf:/home/gy/tmdriver_ws/install/tm_get_status:/opt/ros/foxy /usr/bin/cmake --build /home/gy/Omron_TM_ROS2/build/tmr_description -- -j3 -l3
[1.153s] Invoking command in '/home/gy/Omron_TM_ROS2/build/tmr_description': CMAKE_PREFIX_PATH=${CMAKE_PREFIX_PATH}:/home/gy/tmdriver_ws/install/tmr_mod_urdf:/home/gy/tmdriver_ws/install/tm_get_status:/opt/ros/foxy /usr/bin/cmake --install /home/gy/Omron_TM_ROS2/build/tmr_description
[1.184s] -- Install configuration: ""
[1.271s] -- Up-to-date: /home/gy/tmr_ros2/install/tmr_description/share/ament_index/resource_index/package_run_dependencies/tmr_description
[1.283s] -- Up-to-date: /home/gy/tmr_ros2/install/tmr_description/share/ament_index/resource_index/parent_prefix_path/tmr_description
[1.302s] -- Up-to-date: /home/gy/tmr_ros2/install/tmr_description/share/tmr_description/environment/ament_prefix_path.sh
[1.303s] -- Up-to-date: /home/gy/tmr_ros2/install/tmr_description/share/tmr_description/environment/ament_prefix_path.dsv
[1.303s] -- Up-to-date: /home/gy/tmr_ros2/install/tmr_description/share/tmr_description/environment/path.sh
[1.304s] -- Up-to-date: /home/gy/tmr_ros2/install/tmr_description/share/tmr_description/environment/path.dsv
[1.304s] -- Up-to-date: /home/gy/tmr_ros2/install/tmr_description/share/tmr_description/local_setup.bash
[1.304s] -- Up-to-date: /home/gy/tmr_ros2/install/tmr_description/share/tmr_description/local_setup.sh
[1.304s] -- Up-to-date: /home/gy/tmr_ros2/install/tmr_description/share/tmr_description/local_setup.zsh
[1.304s] -- Up-to-date: /home/gy/tmr_ros2/install/tmr_description/share/tmr_description/local_setup.dsv
[1.304s] -- Installing: /home/gy/tmr_ros2/install/tmr_description/share/tmr_description/package.dsv
[1.342s] -- Up-to-date: /home/gy/tmr_ros2/install/tmr_description/share/ament_index/resource_index/packages/tmr_description
[1.385s] -- Up-to-date: /home/gy/tmr_ros2/install/tmr_description/share/tmr_description/cmake/tmr_descriptionConfig.cmake
[1.385s] -- Up-to-date: /home/gy/tmr_ros2/install/tmr_description/share/tmr_description/cmake/tmr_descriptionConfig-version.cmake
[1.385s] -- Up-to-date: /home/gy/tmr_ros2/install/tmr_description/share/tmr_description/package.xml
[1.385s] -- Up-to-date: /home/gy/tmr_ros2/install/tmr_description/share/tmr_description/meshes
[1.398s] -- Up-to-date: /home/gy/tmr_ros2/install/tmr_description/share/tmr_description/meshes/tm5-900
[1.400s] -- Up-to-date: /home/gy/tmr_ros2/install/tmr_description/share/tmr_description/meshes/tm5-900/visual
[1.411s] -- Up-to-date: /home/gy/tmr_ros2/install/tmr_description/share/tmr_description/meshes/tm5-900/visual/tm5-900_arm2.mtl
[1.412s] -- Up-to-date: /home/gy/tmr_ros2/install/tmr_description/share/tmr_description/meshes/tm5-900/visual/tmr_ee.obj
[1.412s] -- Up-to-date: /home/gy/tmr_ros2/install/tmr_description/share/tmr_description/meshes/tm5-900/visual/tm5_base.obj
[1.412s] -- Up-to-date: /home/gy/tmr_ros2/install/tmr_description/share/tmr_description/meshes/tm5-900/visual/tmr_400w_01.stl
[1.412s] -- Up-to-date: /home/gy/tmr_ros2/install/tmr_description/share/tmr_description/meshes/tm5-900/visual/tm5-900_arm2.obj
[1.412s] -- Up-to-date: /home/gy/tmr_ros2/install/tmr_description/share/tmr_description/meshes/tm5-900/visual/tm5_base.mtl
[1.413s] -- Up-to-date: /home/gy/tmr_ros2/install/tmr_description/share/tmr_description/meshes/tm5-900/visual/tmr_100w_01.obj
[1.413s] -- Up-to-date: /home/gy/tmr_ros2/install/tmr_description/share/tmr_description/meshes/tm5-900/visual/tm5-900_arm1.mtl
[1.413s] -- Up-to-date: /home/gy/tmr_ros2/install/tmr_description/share/tmr_description/meshes/tm5-900/visual/tmr_100w_02.obj
[1.413s] -- Up-to-date: /home/gy/tmr_ros2/install/tmr_description/share/tmr_description/meshes/tm5-900/visual/tm5_base.stl
[1.413s] -- Up-to-date: /home/gy/tmr_ros2/install/tmr_description/share/tmr_description/meshes/tm5-900/visual/tmr_100w_01.mtl
[1.414s] -- Up-to-date: /home/gy/tmr_ros2/install/tmr_description/share/tmr_description/meshes/tm5-900/visual/tmr_400w_01.obj
[1.414s] -- Up-to-date: /home/gy/tmr_ros2/install/tmr_description/share/tmr_description/meshes/tm5-900/visual/tmr_100w_01.stl
[1.414s] -- Up-to-date: /home/gy/tmr_ros2/install/tmr_description/share/tmr_description/meshes/tm5-900/visual/tmr_ee.stl
[1.414s] -- Up-to-date: /home/gy/tmr_ros2/install/tmr_description/share/tmr_description/meshes/tm5-900/visual/tm5-900_arm2.stl
[1.414s] -- Up-to-date: /home/gy/tmr_ros2/install/tmr_description/share/tmr_description/meshes/tm5-900/visual/tmr_400w_01.mtl
[1.414s] -- Up-to-date: /home/gy/tmr_ros2/install/tmr_description/share/tmr_description/meshes/tm5-900/visual/tmr_100w_02.stl
[1.414s] -- Up-to-date: /home/gy/tmr_ros2/install/tmr_description/share/tmr_description/meshes/tm5-900/visual/tm5_base_old.obj
[1.414s] -- Up-to-date: /home/gy/tmr_ros2/install/tmr_description/share/tmr_description/meshes/tm5-900/visual/tm5_base_old.mtl
[1.415s] -- Up-to-date: /home/gy/tmr_ros2/install/tmr_description/share/tmr_description/meshes/tm5-900/visual/tmr_ee.mtl
[1.415s] -- Up-to-date: /home/gy/tmr_ros2/install/tmr_description/share/tmr_description/meshes/tm5-900/visual/tm5-900_arm1.stl
[1.415s] -- Up-to-date: /home/gy/tmr_ros2/install/tmr_description/share/tmr_description/meshes/tm5-900/visual/tmr_100w_02.mtl
[1.415s] -- Up-to-date: /home/gy/tmr_ros2/install/tmr_description/share/tmr_description/meshes/tm5-900/visual/tm5-900_arm1.obj
[1.415s] -- Up-to-date: /home/gy/tmr_ros2/install/tmr_description/share/tmr_description/meshes/tm5-900/collision
[1.415s] -- Up-to-date: /home/gy/tmr_ros2/install/tmr_description/share/tmr_description/meshes/tm5-900/collision/tm5-900_arm2_c.stl
[1.415s] -- Up-to-date: /home/gy/tmr_ros2/install/tmr_description/share/tmr_description/meshes/tm5-900/collision/tm5_base_c.stl
[1.416s] -- Up-to-date: /home/gy/tmr_ros2/install/tmr_description/share/tmr_description/meshes/tm5-900/collision/tmr_ee_c.stl
[1.416s] -- Up-to-date: /home/gy/tmr_ros2/install/tmr_description/share/tmr_description/meshes/tm5-900/collision/tmr_100w_01_c.stl
[1.416s] -- Up-to-date: /home/gy/tmr_ros2/install/tmr_description/share/tmr_description/meshes/tm5-900/collision/tm5-900_arm1_c.stl
[1.416s] -- Up-to-date: /home/gy/tmr_ros2/install/tmr_description/share/tmr_description/meshes/tm5-900/collision/tmr_400w_01_c.stl
[1.416s] -- Up-to-date: /home/gy/tmr_ros2/install/tmr_description/share/tmr_description/meshes/tm5-900/collision/tmr_100w_02_c.stl
[1.416s] -- Up-to-date: /home/gy/tmr_ros2/install/tmr_description/share/tmr_description/urdf
[1.430s] -- Up-to-date: /home/gy/tmr_ros2/install/tmr_description/share/tmr_description/urdf/tm5-900.urdf
[1.430s] -- Up-to-date: /home/gy/tmr_ros2/install/tmr_description/share/tmr_description/xacro
[1.460s] -- Up-to-date: /home/gy/tmr_ros2/install/tmr_description/share/tmr_description/xacro/macro.inertial.xacro
[1.460s] -- Up-to-date: /home/gy/tmr_ros2/install/tmr_description/share/tmr_description/xacro/tm5-900.urdf.xacro
[1.460s] -- Up-to-date: /home/gy/tmr_ros2/install/tmr_description/share/tmr_description/xacro/macro.materials.xacro
[1.461s] -- Up-to-date: /home/gy/tmr_ros2/install/tmr_description/share/tmr_description/xacro/macro.gazebo.xacro
[1.461s] -- Up-to-date: /home/gy/tmr_ros2/install/tmr_description/share/tmr_description/xacro/macro.tm5-900.urdf.xacro
[1.461s] -- Up-to-date: /home/gy/tmr_ros2/install/tmr_description/share/tmr_description/xacro/macro.transmission.xacro
[1.461s] -- Up-to-date: /home/gy/tmr_ros2/install/tmr_description/share/tmr_description/xacro/gripper
[1.463s] -- Up-to-date: /home/gy/tmr_ros2/install/tmr_description/share/tmr_description/xacro/gripper/robotiq_85_gripper.urdf.xacro
[1.463s] -- Up-to-date: /home/gy/tmr_ros2/install/tmr_description/share/tmr_description/xacro/gripper/robotiq_85_gripper.xacro
[1.464s] -- Up-to-date: /home/gy/tmr_ros2/install/tmr_description/share/tmr_description/xacro/gripper/robotiq_85_gripper_sim_base.urdf.xacro
[1.464s] -- Up-to-date: /home/gy/tmr_ros2/install/tmr_description/share/tmr_description/xacro/gripper/robotiq_85_gripper.transmission.xacro
[1.464s] -- Up-to-date: /home/gy/tmr_ros2/install/tmr_description/share/tmr_description/xacro/gripper/robotiq_2f.urdf.xacro
[1.477s] Invoked command in '/home/gy/Omron_TM_ROS2/build/tmr_description' returned '0': CMAKE_PREFIX_PATH=${CMAKE_PREFIX_PATH}:/home/gy/tmdriver_ws/install/tmr_mod_urdf:/home/gy/tmdriver_ws/install/tm_get_status:/opt/ros/foxy /usr/bin/cmake --install /home/gy/Omron_TM_ROS2/build/tmr_description
