[0.615s] Invoking command in '/home/gy/Omron_TM_ROS2/rviz_tm': PYTHONPATH=/home/gy/Omron_TM_ROS2/install/rviz_tm/lib/python3.8/site-packages:${PYTHONPATH} /usr/bin/python3 setup.py egg_info --egg-base ../build/rviz_tm build --build-base /home/gy/Omron_TM_ROS2/build/rviz_tm/build install --prefix /home/gy/Omron_TM_ROS2/install/rviz_tm --record /home/gy/Omron_TM_ROS2/build/rviz_tm/install.log --single-version-externally-managed
[1.108s] running egg_info
[1.109s] writing ../build/rviz_tm/rviz_tm.egg-info/PKG-INFO
[1.109s] writing dependency_links to ../build/rviz_tm/rviz_tm.egg-info/dependency_links.txt
[1.110s] writing entry points to ../build/rviz_tm/rviz_tm.egg-info/entry_points.txt
[1.110s] writing requirements to ../build/rviz_tm/rviz_tm.egg-info/requires.txt
[1.110s] writing top-level names to ../build/rviz_tm/rviz_tm.egg-info/top_level.txt
[1.226s] reading manifest file '../build/rviz_tm/rviz_tm.egg-info/SOURCES.txt'
[1.229s] writing manifest file '../build/rviz_tm/rviz_tm.egg-info/SOURCES.txt'
[1.229s] running build
[1.229s] running build_py
[1.230s] running install
[1.232s] running install_lib
[1.237s] running install_data
[1.238s] running install_egg_info
[1.241s] removing '/home/gy/Omron_TM_ROS2/install/rviz_tm/lib/python3.8/site-packages/rviz_tm-0.0.0-py3.8.egg-info' (and everything under it)
[1.242s] Copying ../build/rviz_tm/rviz_tm.egg-info to /home/gy/Omron_TM_ROS2/install/rviz_tm/lib/python3.8/site-packages/rviz_tm-0.0.0-py3.8.egg-info
[1.243s] running install_scripts
[1.312s] writing list of installed files to '/home/gy/Omron_TM_ROS2/build/rviz_tm/install.log'
[1.352s] Invoked command in '/home/gy/Omron_TM_ROS2/rviz_tm' returned '0': PYTHONPATH=/home/gy/Omron_TM_ROS2/install/rviz_tm/lib/python3.8/site-packages:${PYTHONPATH} /usr/bin/python3 setup.py egg_info --egg-base ../build/rviz_tm build --build-base /home/gy/Omron_TM_ROS2/build/rviz_tm/build install --prefix /home/gy/Omron_TM_ROS2/install/rviz_tm --record /home/gy/Omron_TM_ROS2/build/rviz_tm/install.log --single-version-externally-managed
