[0.594s] Invoking command in '/home/gy/Omron_TM_ROS2/techman_robot_get_status': PYTHONPATH=/home/gy/Omron_TM_ROS2/install/tm_get_status/lib/python3.8/site-packages:${PYTHONPATH} /usr/bin/python3 setup.py egg_info --egg-base ../build/tm_get_status build --build-base /home/gy/Omron_TM_ROS2/build/tm_get_status/build install --prefix /home/gy/Omron_TM_ROS2/install/tm_get_status --record /home/gy/Omron_TM_ROS2/build/tm_get_status/install.log --single-version-externally-managed
[1.675s] running egg_info
[1.677s] creating ../build/tm_get_status/tm_get_status.egg-info
[1.679s] writing ../build/tm_get_status/tm_get_status.egg-info/PKG-INFO
[1.679s] writing dependency_links to ../build/tm_get_status/tm_get_status.egg-info/dependency_links.txt
[1.680s] writing entry points to ../build/tm_get_status/tm_get_status.egg-info/entry_points.txt
[1.680s] writing requirements to ../build/tm_get_status/tm_get_status.egg-info/requires.txt
[1.681s] writing top-level names to ../build/tm_get_status/tm_get_status.egg-info/top_level.txt
[1.684s] writing manifest file '../build/tm_get_status/tm_get_status.egg-info/SOURCES.txt'
[1.766s] reading manifest file '../build/tm_get_status/tm_get_status.egg-info/SOURCES.txt'
[1.768s] writing manifest file '../build/tm_get_status/tm_get_status.egg-info/SOURCES.txt'
[1.768s] running build
[1.768s] running build_py
[1.769s] creating /home/gy/Omron_TM_ROS2/build/tm_get_status/build
[1.769s] creating /home/gy/Omron_TM_ROS2/build/tm_get_status/build/lib
[1.770s] creating /home/gy/Omron_TM_ROS2/build/tm_get_status/build/lib/tm_get_status
[1.770s] copying tm_get_status/image_pub.py -> /home/gy/Omron_TM_ROS2/build/tm_get_status/build/lib/tm_get_status
[1.821s] copying tm_get_status/__init__.py -> /home/gy/Omron_TM_ROS2/build/tm_get_status/build/lib/tm_get_status
[1.926s] copying tm_get_status/translate_jason_to_list.py -> /home/gy/Omron_TM_ROS2/build/tm_get_status/build/lib/tm_get_status
[1.948s] copying tm_get_status/get_status.py -> /home/gy/Omron_TM_ROS2/build/tm_get_status/build/lib/tm_get_status
[1.957s] running install
[1.960s] running install_lib
[1.964s] creating /home/gy/Omron_TM_ROS2/install/tm_get_status/lib/python3.8/site-packages/tm_get_status
[1.965s] copying /home/gy/Omron_TM_ROS2/build/tm_get_status/build/lib/tm_get_status/image_pub.py -> /home/gy/Omron_TM_ROS2/install/tm_get_status/lib/python3.8/site-packages/tm_get_status
[1.965s] copying /home/gy/Omron_TM_ROS2/build/tm_get_status/build/lib/tm_get_status/__init__.py -> /home/gy/Omron_TM_ROS2/install/tm_get_status/lib/python3.8/site-packages/tm_get_status
[1.966s] copying /home/gy/Omron_TM_ROS2/build/tm_get_status/build/lib/tm_get_status/translate_jason_to_list.py -> /home/gy/Omron_TM_ROS2/install/tm_get_status/lib/python3.8/site-packages/tm_get_status
[1.966s] copying /home/gy/Omron_TM_ROS2/build/tm_get_status/build/lib/tm_get_status/get_status.py -> /home/gy/Omron_TM_ROS2/install/tm_get_status/lib/python3.8/site-packages/tm_get_status
[1.971s] byte-compiling /home/gy/Omron_TM_ROS2/install/tm_get_status/lib/python3.8/site-packages/tm_get_status/image_pub.py to image_pub.cpython-38.pyc
[1.979s] byte-compiling /home/gy/Omron_TM_ROS2/install/tm_get_status/lib/python3.8/site-packages/tm_get_status/__init__.py to __init__.cpython-38.pyc
[1.980s] byte-compiling /home/gy/Omron_TM_ROS2/install/tm_get_status/lib/python3.8/site-packages/tm_get_status/translate_jason_to_list.py to translate_jason_to_list.cpython-38.pyc
[1.982s] byte-compiling /home/gy/Omron_TM_ROS2/install/tm_get_status/lib/python3.8/site-packages/tm_get_status/get_status.py to get_status.cpython-38.pyc
[1.994s] running install_data
[1.994s] creating /home/gy/Omron_TM_ROS2/install/tm_get_status/share/ament_index
[1.995s] creating /home/gy/Omron_TM_ROS2/install/tm_get_status/share/ament_index/resource_index
[1.995s] creating /home/gy/Omron_TM_ROS2/install/tm_get_status/share/ament_index/resource_index/packages
[1.995s] copying resource/tm_get_status -> /home/gy/Omron_TM_ROS2/install/tm_get_status/share/ament_index/resource_index/packages
[1.995s] copying package.xml -> /home/gy/Omron_TM_ROS2/install/tm_get_status/share/tm_get_status
[1.995s] running install_egg_info
[1.995s] Copying ../build/tm_get_status/tm_get_status.egg-info to /home/gy/Omron_TM_ROS2/install/tm_get_status/lib/python3.8/site-packages/tm_get_status-0.0.1-py3.8.egg-info
[2.000s] running install_scripts
[2.090s] Installing image_talker script to /home/gy/Omron_TM_ROS2/install/tm_get_status/lib/tm_get_status
[2.091s] Installing status_talker script to /home/gy/Omron_TM_ROS2/install/tm_get_status/lib/tm_get_status
[2.092s] writing list of installed files to '/home/gy/Omron_TM_ROS2/build/tm_get_status/install.log'
[2.193s] Invoked command in '/home/gy/Omron_TM_ROS2/techman_robot_get_status' returned '0': PYTHONPATH=/home/gy/Omron_TM_ROS2/install/tm_get_status/lib/python3.8/site-packages:${PYTHONPATH} /usr/bin/python3 setup.py egg_info --egg-base ../build/tm_get_status build --build-base /home/gy/Omron_TM_ROS2/build/tm_get_status/build install --prefix /home/gy/Omron_TM_ROS2/install/tm_get_status --record /home/gy/Omron_TM_ROS2/build/tm_get_status/install.log --single-version-externally-managed
