[0.054s] Invoking command in '/home/gy/tmr_ros2/build/tm_msgs': CMAKE_PREFIX_PATH=/opt/ros/foxy /usr/bin/cmake /home/gy/tmr_ros2/tm_msgs -DCMAKE_INSTALL_PREFIX=/home/gy/tmr_ros2/install/tm_msgs
[0.889s] -- The C compiler identification is GNU 9.3.0
[1.381s] -- The CXX compiler identification is GNU 9.3.0
[1.397s] -- Check for working C compiler: /usr/bin/cc
[1.582s] -- Check for working C compiler: /usr/bin/cc -- works
[1.583s] -- Detecting C compiler ABI info
[1.806s] -- Detecting C compiler ABI info - done
[1.855s] -- Detecting C compile features
[1.862s] -- Detecting C compile features - done
[1.878s] -- Check for working CXX compiler: /usr/bin/c++
[2.092s] -- Check for working CXX compiler: /usr/bin/c++ -- works
[2.093s] -- Detecting CXX compiler ABI info
[2.302s] -- Detecting CXX compiler ABI info - done
[2.340s] -- Detecting CXX compile features
[2.343s] -- Detecting CXX compile features - done
[2.348s] -- Found ament_cmake: 0.9.8 (/opt/ros/foxy/share/ament_cmake/cmake)
[2.477s] -- Found PythonInterp: /usr/bin/python3 (found suitable version "3.8.5", minimum required is "3") 
[2.481s] -- Using PYTHON_EXECUTABLE: /usr/bin/python3
[3.042s] -- Found std_msgs: 2.0.3 (/opt/ros/foxy/share/std_msgs/cmake)
[3.442s] -- Using all available rosidl_typesupport_c: rosidl_typesupport_fastrtps_c;rosidl_typesupport_introspection_c
[3.466s] -- Found rosidl_adapter: 1.2.0 (/opt/ros/foxy/share/rosidl_adapter/cmake)
[4.080s] -- Found OpenSSL: /usr/lib/x86_64-linux-gnu/libcrypto.so (found version "1.1.1f")  
[4.193s] -- Found FastRTPS: /opt/ros/foxy/include  
[4.542s] -- Using all available rosidl_typesupport_cpp: rosidl_typesupport_fastrtps_cpp;rosidl_typesupport_introspection_cpp
[4.821s] -- Found rosidl_default_generators: 1.0.0 (/opt/ros/foxy/share/rosidl_default_generators/cmake)
[4.917s] -- Found PythonInterp: /usr/bin/python3 (found version "3.8.5") 
[5.865s] -- Found ament_cmake_ros: 0.9.1 (/opt/ros/foxy/share/ament_cmake_ros/cmake)
[6.519s] -- Using all available rosidl_typesupport_c: rosidl_typesupport_fastrtps_c;rosidl_typesupport_introspection_c
[6.758s] -- Using all available rosidl_typesupport_cpp: rosidl_typesupport_fastrtps_cpp;rosidl_typesupport_introspection_cpp
[6.845s] -- Found PythonInterp: /usr/bin/python3 (found suitable version "3.8.5", minimum required is "3.5") 
[6.847s] -- Found python_cmake_module: 0.8.0 (/opt/ros/foxy/share/python_cmake_module/cmake)
[6.916s] -- Found PythonLibs: /usr/lib/x86_64-linux-gnu/libpython3.8.so (found suitable version "3.8.5", minimum required is "3.5") 
[6.917s] -- Using PYTHON_EXECUTABLE: /usr/bin/python3
[6.917s] -- Using PYTHON_INCLUDE_DIRS: /usr/include/python3.8
[6.917s] -- Using PYTHON_LIBRARIES: /usr/lib/x86_64-linux-gnu/libpython3.8.so
[6.979s] -- Found PythonExtra: .so  
[7.247s] -- Configuring done
[7.698s] -- Generating done
[7.709s] -- Build files have been written to: /home/gy/tmr_ros2/build/tm_msgs
[7.741s] Invoked command in '/home/gy/tmr_ros2/build/tm_msgs' returned '0': CMAKE_PREFIX_PATH=/opt/ros/foxy /usr/bin/cmake /home/gy/tmr_ros2/tm_msgs -DCMAKE_INSTALL_PREFIX=/home/gy/tmr_ros2/install/tm_msgs
[7.742s] Invoking command in '/home/gy/tmr_ros2/build/tm_msgs': CMAKE_PREFIX_PATH=/opt/ros/foxy /usr/bin/cmake --build /home/gy/tmr_ros2/build/tm_msgs -- -j3 -l3
[7.919s] [  1%] [34m[1mGenerating C code for ROS interfaces[0m
[7.934s] [35m[1mScanning dependencies of target tm_msgs__cpp[0m
[7.982s] [  1%] [34m[1mGenerating C++ code for ROS interfaces[0m
[19.305s] [  1%] Built target tm_msgs__cpp
[19.392s] [  2%] [34m[1mGenerating C++ introspection for ROS interfaces[0m
[19.406s] [  2%] [34m[1mGenerating C++ type support for eProsima Fast-RTPS[0m
[22.501s] [35m[1mScanning dependencies of target tm_msgs__rosidl_generator_c[0m
[22.658s] [  3%] [32mBuilding C object CMakeFiles/tm_msgs__rosidl_generator_c.dir/rosidl_generator_c/tm_msgs/msg/detail/feedback_state__functions.c.o[0m
[22.913s] [  4%] [32mBuilding C object CMakeFiles/tm_msgs__rosidl_generator_c.dir/rosidl_generator_c/tm_msgs/msg/detail/svr_response__functions.c.o[0m
[23.154s] [  4%] [32mBuilding C object CMakeFiles/tm_msgs__rosidl_generator_c.dir/rosidl_generator_c/tm_msgs/msg/detail/sct_response__functions.c.o[0m
[23.442s] [  5%] [32mBuilding C object CMakeFiles/tm_msgs__rosidl_generator_c.dir/rosidl_generator_c/tm_msgs/msg/detail/sta_response__functions.c.o[0m
[23.745s] [  6%] [32mBuilding C object CMakeFiles/tm_msgs__rosidl_generator_c.dir/rosidl_generator_c/tm_msgs/srv/detail/connect_tm__functions.c.o[0m
[24.040s] [  7%] [32mBuilding C object CMakeFiles/tm_msgs__rosidl_generator_c.dir/rosidl_generator_c/tm_msgs/srv/detail/write_item__functions.c.o[0m
[24.413s] [  8%] [32mBuilding C object CMakeFiles/tm_msgs__rosidl_generator_c.dir/rosidl_generator_c/tm_msgs/srv/detail/ask_item__functions.c.o[0m
[24.572s] [  9%] [32mBuilding C object CMakeFiles/tm_msgs__rosidl_generator_c.dir/rosidl_generator_c/tm_msgs/srv/detail/send_script__functions.c.o[0m
[24.882s] [ 10%] [32mBuilding C object CMakeFiles/tm_msgs__rosidl_generator_c.dir/rosidl_generator_c/tm_msgs/srv/detail/set_event__functions.c.o[0m
[25.185s] [ 10%] [32mBuilding C object CMakeFiles/tm_msgs__rosidl_generator_c.dir/rosidl_generator_c/tm_msgs/srv/detail/set_io__functions.c.o[0m
[25.468s] [ 11%] [32mBuilding C object CMakeFiles/tm_msgs__rosidl_generator_c.dir/rosidl_generator_c/tm_msgs/srv/detail/set_positions__functions.c.o[0m
[25.705s] [ 12%] [32mBuilding C object CMakeFiles/tm_msgs__rosidl_generator_c.dir/rosidl_generator_c/tm_msgs/srv/detail/ask_sta__functions.c.o[0m
[25.969s] [ 13%] [32m[1mLinking C shared library libtm_msgs__rosidl_generator_c.so[0m
[26.241s] [ 13%] Built target tm_msgs__rosidl_generator_c
[26.329s] [ 14%] [34m[1mGenerating C++ type support dispatch for ROS interfaces[0m
[31.599s] [35m[1mScanning dependencies of target tm_msgs__rosidl_typesupport_introspection_cpp[0m
[31.765s] [ 14%] [32mBuilding CXX object CMakeFiles/tm_msgs__rosidl_typesupport_introspection_cpp.dir/rosidl_typesupport_introspection_cpp/tm_msgs/msg/detail/feedback_state__type_support.cpp.o[0m
[32.322s] [35m[1mScanning dependencies of target tm_msgs__rosidl_typesupport_fastrtps_cpp[0m
[32.538s] [ 15%] [32mBuilding CXX object CMakeFiles/tm_msgs__rosidl_typesupport_fastrtps_cpp.dir/rosidl_typesupport_fastrtps_cpp/tm_msgs/msg/detail/dds_fastrtps/feedback_state__type_support.cpp.o[0m
[34.420s] [ 16%] [32mBuilding CXX object CMakeFiles/tm_msgs__rosidl_typesupport_introspection_cpp.dir/rosidl_typesupport_introspection_cpp/tm_msgs/msg/detail/svr_response__type_support.cpp.o[0m
[35.363s] [35m[1mScanning dependencies of target tm_msgs__rosidl_typesupport_cpp[0m
[35.502s] [ 17%] [32mBuilding CXX object CMakeFiles/tm_msgs__rosidl_typesupport_cpp.dir/rosidl_typesupport_cpp/tm_msgs/msg/feedback_state__type_support.cpp.o[0m
[36.009s] [ 18%] [32mBuilding CXX object CMakeFiles/tm_msgs__rosidl_typesupport_fastrtps_cpp.dir/rosidl_typesupport_fastrtps_cpp/tm_msgs/msg/detail/dds_fastrtps/svr_response__type_support.cpp.o[0m
[36.226s] [ 19%] [32mBuilding CXX object CMakeFiles/tm_msgs__rosidl_typesupport_introspection_cpp.dir/rosidl_typesupport_introspection_cpp/tm_msgs/msg/detail/sct_response__type_support.cpp.o[0m
[37.077s] [ 20%] [32mBuilding CXX object CMakeFiles/tm_msgs__rosidl_typesupport_cpp.dir/rosidl_typesupport_cpp/tm_msgs/msg/svr_response__type_support.cpp.o[0m
[37.760s] [ 21%] [32mBuilding CXX object CMakeFiles/tm_msgs__rosidl_typesupport_introspection_cpp.dir/rosidl_typesupport_introspection_cpp/tm_msgs/msg/detail/sta_response__type_support.cpp.o[0m
[38.273s] [ 22%] [32mBuilding CXX object CMakeFiles/tm_msgs__rosidl_typesupport_fastrtps_cpp.dir/rosidl_typesupport_fastrtps_cpp/tm_msgs/msg/detail/dds_fastrtps/sct_response__type_support.cpp.o[0m
[38.580s] [ 23%] [32mBuilding CXX object CMakeFiles/tm_msgs__rosidl_typesupport_cpp.dir/rosidl_typesupport_cpp/tm_msgs/msg/sct_response__type_support.cpp.o[0m
[39.411s] [ 24%] [32mBuilding CXX object CMakeFiles/tm_msgs__rosidl_typesupport_introspection_cpp.dir/rosidl_typesupport_introspection_cpp/tm_msgs/srv/detail/connect_tm__type_support.cpp.o[0m
[39.954s] [ 25%] [32mBuilding CXX object CMakeFiles/tm_msgs__rosidl_typesupport_cpp.dir/rosidl_typesupport_cpp/tm_msgs/msg/sta_response__type_support.cpp.o[0m
[40.497s] [ 26%] [32mBuilding CXX object CMakeFiles/tm_msgs__rosidl_typesupport_fastrtps_cpp.dir/rosidl_typesupport_fastrtps_cpp/tm_msgs/msg/detail/dds_fastrtps/sta_response__type_support.cpp.o[0m
[41.066s] [ 27%] [32mBuilding CXX object CMakeFiles/tm_msgs__rosidl_typesupport_introspection_cpp.dir/rosidl_typesupport_introspection_cpp/tm_msgs/srv/detail/write_item__type_support.cpp.o[0m
[41.830s] [ 27%] [32mBuilding CXX object CMakeFiles/tm_msgs__rosidl_typesupport_cpp.dir/rosidl_typesupport_cpp/tm_msgs/srv/connect_tm__type_support.cpp.o[0m
[42.642s] [ 28%] [32mBuilding CXX object CMakeFiles/tm_msgs__rosidl_typesupport_fastrtps_cpp.dir/rosidl_typesupport_fastrtps_cpp/tm_msgs/srv/detail/dds_fastrtps/connect_tm__type_support.cpp.o[0m
[42.875s] [ 28%] [32mBuilding CXX object CMakeFiles/tm_msgs__rosidl_typesupport_introspection_cpp.dir/rosidl_typesupport_introspection_cpp/tm_msgs/srv/detail/ask_item__type_support.cpp.o[0m
[43.509s] [ 29%] [32mBuilding CXX object CMakeFiles/tm_msgs__rosidl_typesupport_cpp.dir/rosidl_typesupport_cpp/tm_msgs/srv/write_item__type_support.cpp.o[0m
[44.321s] [ 30%] [32mBuilding CXX object CMakeFiles/tm_msgs__rosidl_typesupport_introspection_cpp.dir/rosidl_typesupport_introspection_cpp/tm_msgs/srv/detail/send_script__type_support.cpp.o[0m
[44.812s] [ 31%] [32mBuilding CXX object CMakeFiles/tm_msgs__rosidl_typesupport_cpp.dir/rosidl_typesupport_cpp/tm_msgs/srv/ask_item__type_support.cpp.o[0m
[45.083s] [ 31%] [32mBuilding CXX object CMakeFiles/tm_msgs__rosidl_typesupport_fastrtps_cpp.dir/rosidl_typesupport_fastrtps_cpp/tm_msgs/srv/detail/dds_fastrtps/write_item__type_support.cpp.o[0m
[45.558s] [ 32%] [32mBuilding CXX object CMakeFiles/tm_msgs__rosidl_typesupport_introspection_cpp.dir/rosidl_typesupport_introspection_cpp/tm_msgs/srv/detail/set_event__type_support.cpp.o[0m
[46.626s] [ 33%] [32mBuilding CXX object CMakeFiles/tm_msgs__rosidl_typesupport_cpp.dir/rosidl_typesupport_cpp/tm_msgs/srv/send_script__type_support.cpp.o[0m
[47.240s] [ 34%] [32mBuilding CXX object CMakeFiles/tm_msgs__rosidl_typesupport_fastrtps_cpp.dir/rosidl_typesupport_fastrtps_cpp/tm_msgs/srv/detail/dds_fastrtps/ask_item__type_support.cpp.o[0m
[47.793s] [ 35%] [32mBuilding CXX object CMakeFiles/tm_msgs__rosidl_typesupport_introspection_cpp.dir/rosidl_typesupport_introspection_cpp/tm_msgs/srv/detail/set_io__type_support.cpp.o[0m
[48.283s] [ 36%] [32mBuilding CXX object CMakeFiles/tm_msgs__rosidl_typesupport_cpp.dir/rosidl_typesupport_cpp/tm_msgs/srv/set_event__type_support.cpp.o[0m
[49.565s] [ 37%] [32mBuilding CXX object CMakeFiles/tm_msgs__rosidl_typesupport_fastrtps_cpp.dir/rosidl_typesupport_fastrtps_cpp/tm_msgs/srv/detail/dds_fastrtps/send_script__type_support.cpp.o[0m
[49.714s] [ 38%] [32mBuilding CXX object CMakeFiles/tm_msgs__rosidl_typesupport_cpp.dir/rosidl_typesupport_cpp/tm_msgs/srv/set_io__type_support.cpp.o[0m
[49.804s] [ 39%] [32mBuilding CXX object CMakeFiles/tm_msgs__rosidl_typesupport_introspection_cpp.dir/rosidl_typesupport_introspection_cpp/tm_msgs/srv/detail/set_positions__type_support.cpp.o[0m
[51.309s] [ 39%] [32mBuilding CXX object CMakeFiles/tm_msgs__rosidl_typesupport_cpp.dir/rosidl_typesupport_cpp/tm_msgs/srv/set_positions__type_support.cpp.o[0m
[51.854s] [ 40%] [32mBuilding CXX object CMakeFiles/tm_msgs__rosidl_typesupport_introspection_cpp.dir/rosidl_typesupport_introspection_cpp/tm_msgs/srv/detail/ask_sta__type_support.cpp.o[0m
[52.550s] [ 41%] [32mBuilding CXX object CMakeFiles/tm_msgs__rosidl_typesupport_fastrtps_cpp.dir/rosidl_typesupport_fastrtps_cpp/tm_msgs/srv/detail/dds_fastrtps/set_event__type_support.cpp.o[0m
[53.142s] [ 42%] [32mBuilding CXX object CMakeFiles/tm_msgs__rosidl_typesupport_cpp.dir/rosidl_typesupport_cpp/tm_msgs/srv/ask_sta__type_support.cpp.o[0m
[53.436s] [ 43%] [32m[1mLinking CXX shared library libtm_msgs__rosidl_typesupport_introspection_cpp.so[0m
[53.979s] [ 43%] Built target tm_msgs__rosidl_typesupport_introspection_cpp
[54.505s] [ 44%] [32m[1mLinking CXX shared library libtm_msgs__rosidl_typesupport_cpp.so[0m
[54.573s] [ 45%] [32mBuilding CXX object CMakeFiles/tm_msgs__rosidl_typesupport_fastrtps_cpp.dir/rosidl_typesupport_fastrtps_cpp/tm_msgs/srv/detail/dds_fastrtps/set_io__type_support.cpp.o[0m
[54.632s] [ 45%] Built target tm_msgs__rosidl_typesupport_cpp
[55.482s] [ 46%] [32mBuilding CXX object CMakeFiles/tm_msgs__rosidl_typesupport_fastrtps_cpp.dir/rosidl_typesupport_fastrtps_cpp/tm_msgs/srv/detail/dds_fastrtps/set_positions__type_support.cpp.o[0m
[56.757s] [ 46%] [32mBuilding CXX object CMakeFiles/tm_msgs__rosidl_typesupport_fastrtps_cpp.dir/rosidl_typesupport_fastrtps_cpp/tm_msgs/srv/detail/dds_fastrtps/ask_sta__type_support.cpp.o[0m
[57.858s] [ 47%] [32m[1mLinking CXX shared library libtm_msgs__rosidl_typesupport_fastrtps_cpp.so[0m
[58.147s] [ 47%] Built target tm_msgs__rosidl_typesupport_fastrtps_cpp
[58.186s] [ 48%] [34m[1mGenerating C introspection for ROS interfaces[0m
[63.343s] [35m[1mScanning dependencies of target tm_msgs__rosidl_typesupport_introspection_c[0m
[63.709s] [ 49%] [32mBuilding C object CMakeFiles/tm_msgs__rosidl_typesupport_introspection_c.dir/rosidl_typesupport_introspection_c/tm_msgs/msg/detail/feedback_state__type_support.c.o[0m
[63.800s] [ 50%] [32mBuilding C object CMakeFiles/tm_msgs__rosidl_typesupport_introspection_c.dir/rosidl_typesupport_introspection_c/tm_msgs/msg/detail/svr_response__type_support.c.o[0m
[63.871s] [ 51%] [32mBuilding C object CMakeFiles/tm_msgs__rosidl_typesupport_introspection_c.dir/rosidl_typesupport_introspection_c/tm_msgs/msg/detail/sct_response__type_support.c.o[0m
[63.934s] [ 51%] [32mBuilding C object CMakeFiles/tm_msgs__rosidl_typesupport_introspection_c.dir/rosidl_typesupport_introspection_c/tm_msgs/msg/detail/sta_response__type_support.c.o[0m
[64.020s] [ 52%] [32mBuilding C object CMakeFiles/tm_msgs__rosidl_typesupport_introspection_c.dir/rosidl_typesupport_introspection_c/tm_msgs/srv/detail/connect_tm__type_support.c.o[0m
[64.094s] [ 53%] [32mBuilding C object CMakeFiles/tm_msgs__rosidl_typesupport_introspection_c.dir/rosidl_typesupport_introspection_c/tm_msgs/srv/detail/write_item__type_support.c.o[0m
[64.182s] [ 54%] [32mBuilding C object CMakeFiles/tm_msgs__rosidl_typesupport_introspection_c.dir/rosidl_typesupport_introspection_c/tm_msgs/srv/detail/ask_item__type_support.c.o[0m
[64.268s] [ 55%] [32mBuilding C object CMakeFiles/tm_msgs__rosidl_typesupport_introspection_c.dir/rosidl_typesupport_introspection_c/tm_msgs/srv/detail/send_script__type_support.c.o[0m
[64.357s] [ 56%] [32mBuilding C object CMakeFiles/tm_msgs__rosidl_typesupport_introspection_c.dir/rosidl_typesupport_introspection_c/tm_msgs/srv/detail/set_event__type_support.c.o[0m
[64.445s] [ 57%] [32mBuilding C object CMakeFiles/tm_msgs__rosidl_typesupport_introspection_c.dir/rosidl_typesupport_introspection_c/tm_msgs/srv/detail/set_io__type_support.c.o[0m
[64.512s] [ 57%] [32mBuilding C object CMakeFiles/tm_msgs__rosidl_typesupport_introspection_c.dir/rosidl_typesupport_introspection_c/tm_msgs/srv/detail/set_positions__type_support.c.o[0m
[64.564s] [ 58%] [32mBuilding C object CMakeFiles/tm_msgs__rosidl_typesupport_introspection_c.dir/rosidl_typesupport_introspection_c/tm_msgs/srv/detail/ask_sta__type_support.c.o[0m
[64.628s] [ 59%] [32m[1mLinking C shared library libtm_msgs__rosidl_typesupport_introspection_c.so[0m
[64.707s] [ 59%] Built target tm_msgs__rosidl_typesupport_introspection_c
[64.760s] [ 60%] [34m[1mGenerating C type support for eProsima Fast-RTPS[0m
[70.079s] [35m[1mScanning dependencies of target tm_msgs__rosidl_typesupport_fastrtps_c[0m
[70.170s] [ 61%] [32mBuilding CXX object CMakeFiles/tm_msgs__rosidl_typesupport_fastrtps_c.dir/rosidl_typesupport_fastrtps_c/tm_msgs/msg/detail/feedback_state__type_support_c.cpp.o[0m
[71.034s] [ 62%] [32mBuilding CXX object CMakeFiles/tm_msgs__rosidl_typesupport_fastrtps_c.dir/rosidl_typesupport_fastrtps_c/tm_msgs/msg/detail/svr_response__type_support_c.cpp.o[0m
[71.901s] [ 62%] [32mBuilding CXX object CMakeFiles/tm_msgs__rosidl_typesupport_fastrtps_c.dir/rosidl_typesupport_fastrtps_c/tm_msgs/msg/detail/sct_response__type_support_c.cpp.o[0m
[72.932s] [ 63%] [32mBuilding CXX object CMakeFiles/tm_msgs__rosidl_typesupport_fastrtps_c.dir/rosidl_typesupport_fastrtps_c/tm_msgs/msg/detail/sta_response__type_support_c.cpp.o[0m
[74.014s] [ 64%] [32mBuilding CXX object CMakeFiles/tm_msgs__rosidl_typesupport_fastrtps_c.dir/rosidl_typesupport_fastrtps_c/tm_msgs/srv/detail/connect_tm__type_support_c.cpp.o[0m
[74.814s] [ 65%] [32mBuilding CXX object CMakeFiles/tm_msgs__rosidl_typesupport_fastrtps_c.dir/rosidl_typesupport_fastrtps_c/tm_msgs/srv/detail/write_item__type_support_c.cpp.o[0m
[75.694s] [ 66%] [32mBuilding CXX object CMakeFiles/tm_msgs__rosidl_typesupport_fastrtps_c.dir/rosidl_typesupport_fastrtps_c/tm_msgs/srv/detail/ask_item__type_support_c.cpp.o[0m
[76.721s] [ 67%] [32mBuilding CXX object CMakeFiles/tm_msgs__rosidl_typesupport_fastrtps_c.dir/rosidl_typesupport_fastrtps_c/tm_msgs/srv/detail/send_script__type_support_c.cpp.o[0m
[77.662s] [ 67%] [32mBuilding CXX object CMakeFiles/tm_msgs__rosidl_typesupport_fastrtps_c.dir/rosidl_typesupport_fastrtps_c/tm_msgs/srv/detail/set_event__type_support_c.cpp.o[0m
[78.389s] [ 68%] [32mBuilding CXX object CMakeFiles/tm_msgs__rosidl_typesupport_fastrtps_c.dir/rosidl_typesupport_fastrtps_c/tm_msgs/srv/detail/set_io__type_support_c.cpp.o[0m
[79.106s] [ 69%] [32mBuilding CXX object CMakeFiles/tm_msgs__rosidl_typesupport_fastrtps_c.dir/rosidl_typesupport_fastrtps_c/tm_msgs/srv/detail/set_positions__type_support_c.cpp.o[0m
[79.904s] [ 70%] [32mBuilding CXX object CMakeFiles/tm_msgs__rosidl_typesupport_fastrtps_c.dir/rosidl_typesupport_fastrtps_c/tm_msgs/srv/detail/ask_sta__type_support_c.cpp.o[0m
[81.206s] [ 71%] [32m[1mLinking CXX shared library libtm_msgs__rosidl_typesupport_fastrtps_c.so[0m
[81.621s] [ 71%] Built target tm_msgs__rosidl_typesupport_fastrtps_c
[81.645s] [ 72%] [34m[1mGenerating C type support dispatch for ROS interfaces[0m
[86.266s] [35m[1mScanning dependencies of target tm_msgs__rosidl_typesupport_c[0m
[86.324s] [ 73%] [32mBuilding CXX object CMakeFiles/tm_msgs__rosidl_typesupport_c.dir/rosidl_typesupport_c/tm_msgs/msg/feedback_state__type_support.cpp.o[0m
[86.415s] [ 74%] [32mBuilding CXX object CMakeFiles/tm_msgs__rosidl_typesupport_c.dir/rosidl_typesupport_c/tm_msgs/msg/sct_response__type_support.cpp.o[0m
[86.498s] [ 75%] [32mBuilding CXX object CMakeFiles/tm_msgs__rosidl_typesupport_c.dir/rosidl_typesupport_c/tm_msgs/msg/sta_response__type_support.cpp.o[0m
[86.612s] [ 76%] [32mBuilding CXX object CMakeFiles/tm_msgs__rosidl_typesupport_c.dir/rosidl_typesupport_c/tm_msgs/srv/connect_tm__type_support.cpp.o[0m
[86.725s] [ 77%] [32mBuilding CXX object CMakeFiles/tm_msgs__rosidl_typesupport_c.dir/rosidl_typesupport_c/tm_msgs/srv/write_item__type_support.cpp.o[0m
[86.873s] [ 78%] [32mBuilding CXX object CMakeFiles/tm_msgs__rosidl_typesupport_c.dir/rosidl_typesupport_c/tm_msgs/srv/ask_item__type_support.cpp.o[0m
[86.987s] [ 78%] [32mBuilding CXX object CMakeFiles/tm_msgs__rosidl_typesupport_c.dir/rosidl_typesupport_c/tm_msgs/srv/send_script__type_support.cpp.o[0m
[87.053s] [ 79%] [32mBuilding CXX object CMakeFiles/tm_msgs__rosidl_typesupport_c.dir/rosidl_typesupport_c/tm_msgs/srv/set_event__type_support.cpp.o[0m
[87.162s] [ 80%] [32mBuilding CXX object CMakeFiles/tm_msgs__rosidl_typesupport_c.dir/rosidl_typesupport_c/tm_msgs/srv/set_io__type_support.cpp.o[0m
[87.256s] [ 81%] [32mBuilding CXX object CMakeFiles/tm_msgs__rosidl_typesupport_c.dir/rosidl_typesupport_c/tm_msgs/srv/set_positions__type_support.cpp.o[0m
[87.367s] [ 82%] [32mBuilding CXX object CMakeFiles/tm_msgs__rosidl_typesupport_c.dir/rosidl_typesupport_c/tm_msgs/srv/ask_sta__type_support.cpp.o[0m
[87.492s] [ 82%] [32mBuilding CXX object CMakeFiles/tm_msgs__rosidl_typesupport_c.dir/rosidl_typesupport_c/tm_msgs/msg/svr_response__type_support.cpp.o[0m
[87.632s] [ 83%] [32m[1mLinking CXX shared library libtm_msgs__rosidl_typesupport_c.so[0m
[87.808s] [ 83%] Built target tm_msgs__rosidl_typesupport_c
[87.850s] [35m[1mScanning dependencies of target tm_msgs[0m
[87.908s] [ 83%] Built target tm_msgs
[87.962s] [35m[1mScanning dependencies of target tm_msgs__py[0m
[88.035s] [ 84%] [34m[1mGenerating Python code for ROS interfaces[0m
[99.837s] [ 84%] Built target tm_msgs__py
[99.866s] [35m[1mScanning dependencies of target tm_msgs__python[0m
[100.023s] [ 85%] [32mBuilding C object CMakeFiles/tm_msgs__python.dir/rosidl_generator_py/tm_msgs/msg/_feedback_state_s.c.o[0m
[100.655s] [ 86%] [32mBuilding C object CMakeFiles/tm_msgs__python.dir/rosidl_generator_py/tm_msgs/msg/_sct_response_s.c.o[0m
[101.000s] [ 87%] [32mBuilding C object CMakeFiles/tm_msgs__python.dir/rosidl_generator_py/tm_msgs/msg/_sta_response_s.c.o[0m
[101.261s] [ 87%] [32mBuilding C object CMakeFiles/tm_msgs__python.dir/rosidl_generator_py/tm_msgs/srv/_connect_tm_s.c.o[0m
[101.505s] [ 88%] [32mBuilding C object CMakeFiles/tm_msgs__python.dir/rosidl_generator_py/tm_msgs/srv/_write_item_s.c.o[0m
[101.714s] [ 89%] [32mBuilding C object CMakeFiles/tm_msgs__python.dir/rosidl_generator_py/tm_msgs/srv/_ask_item_s.c.o[0m
[102.132s] [ 90%] [32mBuilding C object CMakeFiles/tm_msgs__python.dir/rosidl_generator_py/tm_msgs/srv/_send_script_s.c.o[0m
[102.414s] [ 91%] [32mBuilding C object CMakeFiles/tm_msgs__python.dir/rosidl_generator_py/tm_msgs/srv/_set_event_s.c.o[0m
[102.635s] [ 92%] [32mBuilding C object CMakeFiles/tm_msgs__python.dir/rosidl_generator_py/tm_msgs/srv/_set_io_s.c.o[0m
[102.842s] [ 92%] [32mBuilding C object CMakeFiles/tm_msgs__python.dir/rosidl_generator_py/tm_msgs/srv/_set_positions_s.c.o[0m
[103.124s] [ 93%] [32mBuilding C object CMakeFiles/tm_msgs__python.dir/rosidl_generator_py/tm_msgs/srv/_ask_sta_s.c.o[0m
[103.382s] [ 94%] [32mBuilding C object CMakeFiles/tm_msgs__python.dir/rosidl_generator_py/tm_msgs/msg/_svr_response_s.c.o[0m
[103.778s] [ 95%] [32m[1mLinking C shared library rosidl_generator_py/tm_msgs/libtm_msgs__python.so[0m
[103.942s] [ 95%] Built target tm_msgs__python
[103.947s] [35m[1mScanning dependencies of target tm_msgs__rosidl_typesupport_c__pyext[0m
[103.989s] [ 95%] [32mBuilding C object CMakeFiles/tm_msgs__rosidl_typesupport_c__pyext.dir/rosidl_generator_py/tm_msgs/_tm_msgs_s.ep.rosidl_typesupport_c.c.o[0m
[104.502s] [ 96%] [32m[1mLinking C shared library rosidl_generator_py/tm_msgs/tm_msgs_s__rosidl_typesupport_c.cpython-38-x86_64-linux-gnu.so[0m
[104.663s] [ 96%] Built target tm_msgs__rosidl_typesupport_c__pyext
[104.715s] [35m[1mScanning dependencies of target tm_msgs__rosidl_typesupport_fastrtps_c__pyext[0m
[104.802s] [ 97%] [32mBuilding C object CMakeFiles/tm_msgs__rosidl_typesupport_fastrtps_c__pyext.dir/rosidl_generator_py/tm_msgs/_tm_msgs_s.ep.rosidl_typesupport_fastrtps_c.c.o[0m
[105.240s] [ 98%] [32m[1mLinking CXX shared library rosidl_generator_py/tm_msgs/tm_msgs_s__rosidl_typesupport_fastrtps_c.cpython-38-x86_64-linux-gnu.so[0m
[105.491s] [ 98%] Built target tm_msgs__rosidl_typesupport_fastrtps_c__pyext
[105.511s] [35m[1mScanning dependencies of target tm_msgs__rosidl_typesupport_introspection_c__pyext[0m
[105.581s] [ 99%] [32mBuilding C object CMakeFiles/tm_msgs__rosidl_typesupport_introspection_c__pyext.dir/rosidl_generator_py/tm_msgs/_tm_msgs_s.ep.rosidl_typesupport_introspection_c.c.o[0m
[106.095s] [100%] [32m[1mLinking C shared library rosidl_generator_py/tm_msgs/tm_msgs_s__rosidl_typesupport_introspection_c.cpython-38-x86_64-linux-gnu.so[0m
[106.202s] [100%] Built target tm_msgs__rosidl_typesupport_introspection_c__pyext
[106.246s] Invoked command in '/home/gy/tmr_ros2/build/tm_msgs' returned '0': CMAKE_PREFIX_PATH=/opt/ros/foxy /usr/bin/cmake --build /home/gy/tmr_ros2/build/tm_msgs -- -j3 -l3
[107.563s] Invoking command in '/home/gy/tmr_ros2/build/tm_msgs': CMAKE_PREFIX_PATH=/opt/ros/foxy /usr/bin/cmake --install /home/gy/tmr_ros2/build/tm_msgs
[107.584s] -- Install configuration: ""
[107.585s] -- Installing: /home/gy/tmr_ros2/install/tm_msgs/share/ament_index/resource_index/rosidl_interfaces/tm_msgs
[107.591s] -- Installing: /home/gy/tmr_ros2/install/tm_msgs/include/tm_msgs
[107.591s] -- Installing: /home/gy/tmr_ros2/install/tm_msgs/include/tm_msgs/srv
[107.591s] -- Installing: /home/gy/tmr_ros2/install/tm_msgs/include/tm_msgs/srv/detail
[107.592s] -- Installing: /home/gy/tmr_ros2/install/tm_msgs/include/tm_msgs/srv/detail/set_io__type_support.h
[107.592s] -- Installing: /home/gy/tmr_ros2/install/tm_msgs/include/tm_msgs/srv/detail/set_positions__functions.h
[107.592s] -- Installing: /home/gy/tmr_ros2/install/tm_msgs/include/tm_msgs/srv/detail/ask_sta__functions.h
[107.593s] -- Installing: /home/gy/tmr_ros2/install/tm_msgs/include/tm_msgs/srv/detail/set_positions__functions.c
[107.593s] -- Installing: /home/gy/tmr_ros2/install/tm_msgs/include/tm_msgs/srv/detail/set_io__functions.h
[107.594s] -- Installing: /home/gy/tmr_ros2/install/tm_msgs/include/tm_msgs/srv/detail/send_script__type_support.h
[107.594s] -- Installing: /home/gy/tmr_ros2/install/tm_msgs/include/tm_msgs/srv/detail/send_script__struct.h
[107.594s] -- Installing: /home/gy/tmr_ros2/install/tm_msgs/include/tm_msgs/srv/detail/set_event__struct.h
[107.598s] -- Installing: /home/gy/tmr_ros2/install/tm_msgs/include/tm_msgs/srv/detail/set_event__functions.h
[107.598s] -- Installing: /home/gy/tmr_ros2/install/tm_msgs/include/tm_msgs/srv/detail/set_event__type_support.h
[107.599s] -- Installing: /home/gy/tmr_ros2/install/tm_msgs/include/tm_msgs/srv/detail/connect_tm__functions.c
[107.599s] -- Installing: /home/gy/tmr_ros2/install/tm_msgs/include/tm_msgs/srv/detail/ask_sta__struct.h
[107.599s] -- Installing: /home/gy/tmr_ros2/install/tm_msgs/include/tm_msgs/srv/detail/set_io__struct.h
[107.600s] -- Installing: /home/gy/tmr_ros2/install/tm_msgs/include/tm_msgs/srv/detail/send_script__functions.h
[107.600s] -- Installing: /home/gy/tmr_ros2/install/tm_msgs/include/tm_msgs/srv/detail/set_positions__type_support.h
[107.601s] -- Installing: /home/gy/tmr_ros2/install/tm_msgs/include/tm_msgs/srv/detail/set_io__functions.c
[107.601s] -- Installing: /home/gy/tmr_ros2/install/tm_msgs/include/tm_msgs/srv/detail/ask_sta__functions.c
[107.601s] -- Installing: /home/gy/tmr_ros2/install/tm_msgs/include/tm_msgs/srv/detail/ask_item__functions.c
[107.602s] -- Installing: /home/gy/tmr_ros2/install/tm_msgs/include/tm_msgs/srv/detail/write_item__functions.h
[107.602s] -- Installing: /home/gy/tmr_ros2/install/tm_msgs/include/tm_msgs/srv/detail/connect_tm__type_support.h
[107.602s] -- Installing: /home/gy/tmr_ros2/install/tm_msgs/include/tm_msgs/srv/detail/send_script__functions.c
[107.603s] -- Installing: /home/gy/tmr_ros2/install/tm_msgs/include/tm_msgs/srv/detail/ask_item__type_support.h
[107.610s] -- Installing: /home/gy/tmr_ros2/install/tm_msgs/include/tm_msgs/srv/detail/set_positions__struct.h
[107.610s] -- Installing: /home/gy/tmr_ros2/install/tm_msgs/include/tm_msgs/srv/detail/write_item__functions.c
[107.611s] -- Installing: /home/gy/tmr_ros2/install/tm_msgs/include/tm_msgs/srv/detail/write_item__struct.h
[107.611s] -- Installing: /home/gy/tmr_ros2/install/tm_msgs/include/tm_msgs/srv/detail/connect_tm__struct.h
[107.611s] -- Installing: /home/gy/tmr_ros2/install/tm_msgs/include/tm_msgs/srv/detail/ask_item__functions.h
[107.612s] -- Installing: /home/gy/tmr_ros2/install/tm_msgs/include/tm_msgs/srv/detail/set_event__functions.c
[107.612s] -- Installing: /home/gy/tmr_ros2/install/tm_msgs/include/tm_msgs/srv/detail/connect_tm__functions.h
[107.613s] -- Installing: /home/gy/tmr_ros2/install/tm_msgs/include/tm_msgs/srv/detail/ask_item__struct.h
[107.613s] -- Installing: /home/gy/tmr_ros2/install/tm_msgs/include/tm_msgs/srv/detail/write_item__type_support.h
[107.613s] -- Installing: /home/gy/tmr_ros2/install/tm_msgs/include/tm_msgs/srv/detail/ask_sta__type_support.h
[107.614s] -- Installing: /home/gy/tmr_ros2/install/tm_msgs/include/tm_msgs/srv/connect_tm.h
[107.614s] -- Installing: /home/gy/tmr_ros2/install/tm_msgs/include/tm_msgs/srv/ask_item.h
[107.615s] -- Installing: /home/gy/tmr_ros2/install/tm_msgs/include/tm_msgs/srv/write_item.h
[107.615s] -- Installing: /home/gy/tmr_ros2/install/tm_msgs/include/tm_msgs/srv/set_io.h
[107.615s] -- Installing: /home/gy/tmr_ros2/install/tm_msgs/include/tm_msgs/srv/set_positions.h
[107.616s] -- Installing: /home/gy/tmr_ros2/install/tm_msgs/include/tm_msgs/srv/send_script.h
[107.616s] -- Installing: /home/gy/tmr_ros2/install/tm_msgs/include/tm_msgs/srv/ask_sta.h
[107.616s] -- Installing: /home/gy/tmr_ros2/install/tm_msgs/include/tm_msgs/srv/set_event.h
[107.617s] -- Installing: /home/gy/tmr_ros2/install/tm_msgs/include/tm_msgs/msg
[107.617s] -- Installing: /home/gy/tmr_ros2/install/tm_msgs/include/tm_msgs/msg/detail
[107.617s] -- Installing: /home/gy/tmr_ros2/install/tm_msgs/include/tm_msgs/msg/detail/feedback_state__type_support.h
[107.618s] -- Installing: /home/gy/tmr_ros2/install/tm_msgs/include/tm_msgs/msg/detail/feedback_state__functions.h
[107.621s] -- Installing: /home/gy/tmr_ros2/install/tm_msgs/include/tm_msgs/msg/detail/svr_response__type_support.h
[107.622s] -- Installing: /home/gy/tmr_ros2/install/tm_msgs/include/tm_msgs/msg/detail/sta_response__functions.c
[107.622s] -- Installing: /home/gy/tmr_ros2/install/tm_msgs/include/tm_msgs/msg/detail/sta_response__type_support.h
[107.623s] -- Installing: /home/gy/tmr_ros2/install/tm_msgs/include/tm_msgs/msg/detail/sct_response__functions.c
[107.623s] -- Installing: /home/gy/tmr_ros2/install/tm_msgs/include/tm_msgs/msg/detail/feedback_state__functions.c
[107.623s] -- Installing: /home/gy/tmr_ros2/install/tm_msgs/include/tm_msgs/msg/detail/sct_response__type_support.h
[107.624s] -- Installing: /home/gy/tmr_ros2/install/tm_msgs/include/tm_msgs/msg/detail/svr_response__struct.h
[107.624s] -- Installing: /home/gy/tmr_ros2/install/tm_msgs/include/tm_msgs/msg/detail/svr_response__functions.h
[107.625s] -- Installing: /home/gy/tmr_ros2/install/tm_msgs/include/tm_msgs/msg/detail/sct_response__functions.h
[107.625s] -- Installing: /home/gy/tmr_ros2/install/tm_msgs/include/tm_msgs/msg/detail/feedback_state__struct.h
[107.625s] -- Installing: /home/gy/tmr_ros2/install/tm_msgs/include/tm_msgs/msg/detail/sta_response__functions.h
[107.630s] -- Installing: /home/gy/tmr_ros2/install/tm_msgs/include/tm_msgs/msg/detail/svr_response__functions.c
[107.630s] -- Installing: /home/gy/tmr_ros2/install/tm_msgs/include/tm_msgs/msg/detail/sta_response__struct.h
[107.631s] -- Installing: /home/gy/tmr_ros2/install/tm_msgs/include/tm_msgs/msg/detail/sct_response__struct.h
[107.631s] -- Installing: /home/gy/tmr_ros2/install/tm_msgs/include/tm_msgs/msg/svr_response.h
[107.631s] -- Installing: /home/gy/tmr_ros2/install/tm_msgs/include/tm_msgs/msg/feedback_state.h
[107.632s] -- Installing: /home/gy/tmr_ros2/install/tm_msgs/include/tm_msgs/msg/sct_response.h
[107.633s] -- Installing: /home/gy/tmr_ros2/install/tm_msgs/include/tm_msgs/msg/rosidl_generator_c__visibility_control.h
[107.633s] -- Installing: /home/gy/tmr_ros2/install/tm_msgs/include/tm_msgs/msg/sta_response.h
[107.633s] -- Installing: /home/gy/tmr_ros2/install/tm_msgs/share/tm_msgs/environment/library_path.sh
[107.634s] -- Installing: /home/gy/tmr_ros2/install/tm_msgs/share/tm_msgs/environment/library_path.dsv
[107.634s] -- Installing: /home/gy/tmr_ros2/install/tm_msgs/lib/libtm_msgs__rosidl_generator_c.so
[107.635s] -- Set runtime path of "/home/gy/tmr_ros2/install/tm_msgs/lib/libtm_msgs__rosidl_generator_c.so" to ""
[107.642s] -- Up-to-date: /home/gy/tmr_ros2/install/tm_msgs/include/tm_msgs
[107.642s] -- Up-to-date: /home/gy/tmr_ros2/install/tm_msgs/include/tm_msgs/srv
[107.642s] -- Up-to-date: /home/gy/tmr_ros2/install/tm_msgs/include/tm_msgs/srv/detail
[107.643s] -- Installing: /home/gy/tmr_ros2/install/tm_msgs/include/tm_msgs/srv/detail/connect_tm__rosidl_typesupport_fastrtps_c.h
[107.643s] -- Installing: /home/gy/tmr_ros2/install/tm_msgs/include/tm_msgs/srv/detail/set_event__rosidl_typesupport_fastrtps_c.h
[107.644s] -- Installing: /home/gy/tmr_ros2/install/tm_msgs/include/tm_msgs/srv/detail/set_io__rosidl_typesupport_fastrtps_c.h
[107.644s] -- Installing: /home/gy/tmr_ros2/install/tm_msgs/include/tm_msgs/srv/detail/ask_sta__rosidl_typesupport_fastrtps_c.h
[107.644s] -- Installing: /home/gy/tmr_ros2/install/tm_msgs/include/tm_msgs/srv/detail/set_positions__rosidl_typesupport_fastrtps_c.h
[107.645s] -- Installing: /home/gy/tmr_ros2/install/tm_msgs/include/tm_msgs/srv/detail/send_script__rosidl_typesupport_fastrtps_c.h
[107.645s] -- Installing: /home/gy/tmr_ros2/install/tm_msgs/include/tm_msgs/srv/detail/ask_item__rosidl_typesupport_fastrtps_c.h
[107.646s] -- Installing: /home/gy/tmr_ros2/install/tm_msgs/include/tm_msgs/srv/detail/write_item__rosidl_typesupport_fastrtps_c.h
[107.646s] -- Up-to-date: /home/gy/tmr_ros2/install/tm_msgs/include/tm_msgs/msg
[107.646s] -- Up-to-date: /home/gy/tmr_ros2/install/tm_msgs/include/tm_msgs/msg/detail
[107.647s] -- Installing: /home/gy/tmr_ros2/install/tm_msgs/include/tm_msgs/msg/detail/sct_response__rosidl_typesupport_fastrtps_c.h
[107.647s] -- Installing: /home/gy/tmr_ros2/install/tm_msgs/include/tm_msgs/msg/detail/sta_response__rosidl_typesupport_fastrtps_c.h
[107.647s] -- Installing: /home/gy/tmr_ros2/install/tm_msgs/include/tm_msgs/msg/detail/feedback_state__rosidl_typesupport_fastrtps_c.h
[107.648s] -- Installing: /home/gy/tmr_ros2/install/tm_msgs/include/tm_msgs/msg/detail/svr_response__rosidl_typesupport_fastrtps_c.h
[107.648s] -- Installing: /home/gy/tmr_ros2/install/tm_msgs/include/tm_msgs/msg/rosidl_typesupport_fastrtps_c__visibility_control.h
[107.649s] -- Installing: /home/gy/tmr_ros2/install/tm_msgs/lib/libtm_msgs__rosidl_typesupport_fastrtps_c.so
[107.654s] -- Set runtime path of "/home/gy/tmr_ros2/install/tm_msgs/lib/libtm_msgs__rosidl_typesupport_fastrtps_c.so" to ""
[107.655s] -- Up-to-date: /home/gy/tmr_ros2/install/tm_msgs/include/tm_msgs
[107.655s] -- Up-to-date: /home/gy/tmr_ros2/install/tm_msgs/include/tm_msgs/srv
[107.655s] -- Up-to-date: /home/gy/tmr_ros2/install/tm_msgs/include/tm_msgs/srv/detail
[107.656s] -- Installing: /home/gy/tmr_ros2/install/tm_msgs/include/tm_msgs/srv/detail/connect_tm__rosidl_typesupport_fastrtps_cpp.hpp
[107.656s] -- Installing: /home/gy/tmr_ros2/install/tm_msgs/include/tm_msgs/srv/detail/set_io__rosidl_typesupport_fastrtps_cpp.hpp
[107.657s] -- Installing: /home/gy/tmr_ros2/install/tm_msgs/include/tm_msgs/srv/detail/ask_sta__rosidl_typesupport_fastrtps_cpp.hpp
[107.657s] -- Installing: /home/gy/tmr_ros2/install/tm_msgs/include/tm_msgs/srv/detail/write_item__rosidl_typesupport_fastrtps_cpp.hpp
[107.662s] -- Installing: /home/gy/tmr_ros2/install/tm_msgs/include/tm_msgs/srv/detail/send_script__rosidl_typesupport_fastrtps_cpp.hpp
[107.662s] -- Installing: /home/gy/tmr_ros2/install/tm_msgs/include/tm_msgs/srv/detail/set_event__rosidl_typesupport_fastrtps_cpp.hpp
[107.663s] -- Installing: /home/gy/tmr_ros2/install/tm_msgs/include/tm_msgs/srv/detail/ask_item__rosidl_typesupport_fastrtps_cpp.hpp
[107.663s] -- Installing: /home/gy/tmr_ros2/install/tm_msgs/include/tm_msgs/srv/detail/dds_fastrtps
[107.664s] -- Installing: /home/gy/tmr_ros2/install/tm_msgs/include/tm_msgs/srv/detail/set_positions__rosidl_typesupport_fastrtps_cpp.hpp
[107.664s] -- Up-to-date: /home/gy/tmr_ros2/install/tm_msgs/include/tm_msgs/msg
[107.664s] -- Up-to-date: /home/gy/tmr_ros2/install/tm_msgs/include/tm_msgs/msg/detail
[107.665s] -- Installing: /home/gy/tmr_ros2/install/tm_msgs/include/tm_msgs/msg/detail/sct_response__rosidl_typesupport_fastrtps_cpp.hpp
[107.665s] -- Installing: /home/gy/tmr_ros2/install/tm_msgs/include/tm_msgs/msg/detail/svr_response__rosidl_typesupport_fastrtps_cpp.hpp
[107.665s] -- Installing: /home/gy/tmr_ros2/install/tm_msgs/include/tm_msgs/msg/detail/sta_response__rosidl_typesupport_fastrtps_cpp.hpp
[107.668s] -- Installing: /home/gy/tmr_ros2/install/tm_msgs/include/tm_msgs/msg/detail/feedback_state__rosidl_typesupport_fastrtps_cpp.hpp
[107.675s] -- Installing: /home/gy/tmr_ros2/install/tm_msgs/include/tm_msgs/msg/detail/dds_fastrtps
[107.676s] -- Installing: /home/gy/tmr_ros2/install/tm_msgs/include/tm_msgs/msg/rosidl_typesupport_fastrtps_cpp__visibility_control.h
[107.676s] -- Installing: /home/gy/tmr_ros2/install/tm_msgs/lib/libtm_msgs__rosidl_typesupport_fastrtps_cpp.so
[107.678s] -- Set runtime path of "/home/gy/tmr_ros2/install/tm_msgs/lib/libtm_msgs__rosidl_typesupport_fastrtps_cpp.so" to ""
[107.682s] -- Up-to-date: /home/gy/tmr_ros2/install/tm_msgs/include/tm_msgs
[107.683s] -- Up-to-date: /home/gy/tmr_ros2/install/tm_msgs/include/tm_msgs/srv
[107.683s] -- Up-to-date: /home/gy/tmr_ros2/install/tm_msgs/include/tm_msgs/srv/detail
[107.683s] -- Installing: /home/gy/tmr_ros2/install/tm_msgs/include/tm_msgs/srv/detail/write_item__type_support.c
[107.684s] -- Installing: /home/gy/tmr_ros2/install/tm_msgs/include/tm_msgs/srv/detail/ask_item__rosidl_typesupport_introspection_c.h
[107.684s] -- Installing: /home/gy/tmr_ros2/install/tm_msgs/include/tm_msgs/srv/detail/set_io__rosidl_typesupport_introspection_c.h
[107.685s] -- Installing: /home/gy/tmr_ros2/install/tm_msgs/include/tm_msgs/srv/detail/send_script__type_support.c
[107.685s] -- Installing: /home/gy/tmr_ros2/install/tm_msgs/include/tm_msgs/srv/detail/ask_sta__rosidl_typesupport_introspection_c.h
[107.686s] -- Installing: /home/gy/tmr_ros2/install/tm_msgs/include/tm_msgs/srv/detail/ask_item__type_support.c
[107.686s] -- Installing: /home/gy/tmr_ros2/install/tm_msgs/include/tm_msgs/srv/detail/set_positions__type_support.c
[107.686s] -- Installing: /home/gy/tmr_ros2/install/tm_msgs/include/tm_msgs/srv/detail/send_script__rosidl_typesupport_introspection_c.h
[107.687s] -- Installing: /home/gy/tmr_ros2/install/tm_msgs/include/tm_msgs/srv/detail/set_positions__rosidl_typesupport_introspection_c.h
[107.687s] -- Installing: /home/gy/tmr_ros2/install/tm_msgs/include/tm_msgs/srv/detail/connect_tm__type_support.c
[107.690s] -- Installing: /home/gy/tmr_ros2/install/tm_msgs/include/tm_msgs/srv/detail/connect_tm__rosidl_typesupport_introspection_c.h
[107.691s] -- Installing: /home/gy/tmr_ros2/install/tm_msgs/include/tm_msgs/srv/detail/set_event__type_support.c
[107.691s] -- Installing: /home/gy/tmr_ros2/install/tm_msgs/include/tm_msgs/srv/detail/write_item__rosidl_typesupport_introspection_c.h
[107.691s] -- Installing: /home/gy/tmr_ros2/install/tm_msgs/include/tm_msgs/srv/detail/ask_sta__type_support.c
[107.692s] -- Installing: /home/gy/tmr_ros2/install/tm_msgs/include/tm_msgs/srv/detail/set_io__type_support.c
[107.692s] -- Installing: /home/gy/tmr_ros2/install/tm_msgs/include/tm_msgs/srv/detail/set_event__rosidl_typesupport_introspection_c.h
[107.698s] -- Up-to-date: /home/gy/tmr_ros2/install/tm_msgs/include/tm_msgs/msg
[107.699s] -- Up-to-date: /home/gy/tmr_ros2/install/tm_msgs/include/tm_msgs/msg/detail
[107.699s] -- Installing: /home/gy/tmr_ros2/install/tm_msgs/include/tm_msgs/msg/detail/sct_response__type_support.c
[107.699s] -- Installing: /home/gy/tmr_ros2/install/tm_msgs/include/tm_msgs/msg/detail/feedback_state__rosidl_typesupport_introspection_c.h
[107.700s] -- Installing: /home/gy/tmr_ros2/install/tm_msgs/include/tm_msgs/msg/detail/svr_response__type_support.c
[107.700s] -- Installing: /home/gy/tmr_ros2/install/tm_msgs/include/tm_msgs/msg/detail/sct_response__rosidl_typesupport_introspection_c.h
[107.701s] -- Installing: /home/gy/tmr_ros2/install/tm_msgs/include/tm_msgs/msg/detail/sta_response__type_support.c
[107.701s] -- Installing: /home/gy/tmr_ros2/install/tm_msgs/include/tm_msgs/msg/detail/svr_response__rosidl_typesupport_introspection_c.h
[107.702s] -- Installing: /home/gy/tmr_ros2/install/tm_msgs/include/tm_msgs/msg/detail/feedback_state__type_support.c
[107.702s] -- Installing: /home/gy/tmr_ros2/install/tm_msgs/include/tm_msgs/msg/detail/sta_response__rosidl_typesupport_introspection_c.h
[107.703s] -- Installing: /home/gy/tmr_ros2/install/tm_msgs/include/tm_msgs/msg/rosidl_typesupport_introspection_c__visibility_control.h
[107.703s] -- Installing: /home/gy/tmr_ros2/install/tm_msgs/lib/libtm_msgs__rosidl_typesupport_introspection_c.so
[107.704s] -- Set runtime path of "/home/gy/tmr_ros2/install/tm_msgs/lib/libtm_msgs__rosidl_typesupport_introspection_c.so" to ""
[107.707s] -- Installing: /home/gy/tmr_ros2/install/tm_msgs/lib/libtm_msgs__rosidl_typesupport_c.so
[107.708s] -- Set runtime path of "/home/gy/tmr_ros2/install/tm_msgs/lib/libtm_msgs__rosidl_typesupport_c.so" to ""
[107.708s] -- Up-to-date: /home/gy/tmr_ros2/install/tm_msgs/include/tm_msgs
[107.710s] -- Up-to-date: /home/gy/tmr_ros2/install/tm_msgs/include/tm_msgs/srv
[107.710s] -- Up-to-date: /home/gy/tmr_ros2/install/tm_msgs/include/tm_msgs/srv/detail
[107.714s] -- Installing: /home/gy/tmr_ros2/install/tm_msgs/include/tm_msgs/srv/detail/set_positions__struct.hpp
[107.715s] -- Installing: /home/gy/tmr_ros2/install/tm_msgs/include/tm_msgs/srv/detail/set_positions__traits.hpp
[107.715s] -- Installing: /home/gy/tmr_ros2/install/tm_msgs/include/tm_msgs/srv/detail/send_script__builder.hpp
[107.715s] -- Installing: /home/gy/tmr_ros2/install/tm_msgs/include/tm_msgs/srv/detail/connect_tm__struct.hpp
[107.716s] -- Installing: /home/gy/tmr_ros2/install/tm_msgs/include/tm_msgs/srv/detail/connect_tm__traits.hpp
[107.716s] -- Installing: /home/gy/tmr_ros2/install/tm_msgs/include/tm_msgs/srv/detail/ask_sta__struct.hpp
[107.717s] -- Installing: /home/gy/tmr_ros2/install/tm_msgs/include/tm_msgs/srv/detail/write_item__builder.hpp
[107.717s] -- Installing: /home/gy/tmr_ros2/install/tm_msgs/include/tm_msgs/srv/detail/send_script__struct.hpp
[107.721s] -- Installing: /home/gy/tmr_ros2/install/tm_msgs/include/tm_msgs/srv/detail/send_script__traits.hpp
[107.721s] -- Installing: /home/gy/tmr_ros2/install/tm_msgs/include/tm_msgs/srv/detail/write_item__traits.hpp
[107.722s] -- Installing: /home/gy/tmr_ros2/install/tm_msgs/include/tm_msgs/srv/detail/ask_sta__builder.hpp
[107.723s] -- Installing: /home/gy/tmr_ros2/install/tm_msgs/include/tm_msgs/srv/detail/set_positions__builder.hpp
[107.723s] -- Installing: /home/gy/tmr_ros2/install/tm_msgs/include/tm_msgs/srv/detail/connect_tm__builder.hpp
[107.726s] -- Installing: /home/gy/tmr_ros2/install/tm_msgs/include/tm_msgs/srv/detail/set_io__builder.hpp
[107.726s] -- Installing: /home/gy/tmr_ros2/install/tm_msgs/include/tm_msgs/srv/detail/ask_item__struct.hpp
[107.727s] -- Installing: /home/gy/tmr_ros2/install/tm_msgs/include/tm_msgs/srv/detail/set_io__traits.hpp
[107.730s] -- Installing: /home/gy/tmr_ros2/install/tm_msgs/include/tm_msgs/srv/detail/ask_item__builder.hpp
[107.731s] -- Installing: /home/gy/tmr_ros2/install/tm_msgs/include/tm_msgs/srv/detail/write_item__struct.hpp
[107.731s] -- Installing: /home/gy/tmr_ros2/install/tm_msgs/include/tm_msgs/srv/detail/set_event__struct.hpp
[107.731s] -- Installing: /home/gy/tmr_ros2/install/tm_msgs/include/tm_msgs/srv/detail/set_event__builder.hpp
[107.733s] -- Installing: /home/gy/tmr_ros2/install/tm_msgs/include/tm_msgs/srv/detail/set_event__traits.hpp
[107.736s] -- Installing: /home/gy/tmr_ros2/install/tm_msgs/include/tm_msgs/srv/detail/set_io__struct.hpp
[107.738s] -- Installing: /home/gy/tmr_ros2/install/tm_msgs/include/tm_msgs/srv/detail/ask_sta__traits.hpp
[107.742s] -- Installing: /home/gy/tmr_ros2/install/tm_msgs/include/tm_msgs/srv/detail/ask_item__traits.hpp
[107.743s] -- Installing: /home/gy/tmr_ros2/install/tm_msgs/include/tm_msgs/srv/ask_item.hpp
[107.743s] -- Installing: /home/gy/tmr_ros2/install/tm_msgs/include/tm_msgs/srv/write_item.hpp
[107.743s] -- Installing: /home/gy/tmr_ros2/install/tm_msgs/include/tm_msgs/srv/send_script.hpp
[107.744s] -- Installing: /home/gy/tmr_ros2/install/tm_msgs/include/tm_msgs/srv/set_io.hpp
[107.744s] -- Installing: /home/gy/tmr_ros2/install/tm_msgs/include/tm_msgs/srv/connect_tm.hpp
[107.744s] -- Installing: /home/gy/tmr_ros2/install/tm_msgs/include/tm_msgs/srv/set_event.hpp
[107.745s] -- Installing: /home/gy/tmr_ros2/install/tm_msgs/include/tm_msgs/srv/set_positions.hpp
[107.745s] -- Installing: /home/gy/tmr_ros2/install/tm_msgs/include/tm_msgs/srv/ask_sta.hpp
[107.750s] -- Up-to-date: /home/gy/tmr_ros2/install/tm_msgs/include/tm_msgs/msg
[107.750s] -- Up-to-date: /home/gy/tmr_ros2/install/tm_msgs/include/tm_msgs/msg/detail
[107.751s] -- Installing: /home/gy/tmr_ros2/install/tm_msgs/include/tm_msgs/msg/detail/sct_response__traits.hpp
[107.751s] -- Installing: /home/gy/tmr_ros2/install/tm_msgs/include/tm_msgs/msg/detail/svr_response__traits.hpp
[107.752s] -- Installing: /home/gy/tmr_ros2/install/tm_msgs/include/tm_msgs/msg/detail/feedback_state__builder.hpp
[107.752s] -- Installing: /home/gy/tmr_ros2/install/tm_msgs/include/tm_msgs/msg/detail/sta_response__builder.hpp
[107.753s] -- Installing: /home/gy/tmr_ros2/install/tm_msgs/include/tm_msgs/msg/detail/feedback_state__struct.hpp
[107.753s] -- Installing: /home/gy/tmr_ros2/install/tm_msgs/include/tm_msgs/msg/detail/sct_response__struct.hpp
[107.753s] -- Installing: /home/gy/tmr_ros2/install/tm_msgs/include/tm_msgs/msg/detail/sct_response__builder.hpp
[107.754s] -- Installing: /home/gy/tmr_ros2/install/tm_msgs/include/tm_msgs/msg/detail/feedback_state__traits.hpp
[107.754s] -- Installing: /home/gy/tmr_ros2/install/tm_msgs/include/tm_msgs/msg/detail/sta_response__struct.hpp
[107.755s] -- Installing: /home/gy/tmr_ros2/install/tm_msgs/include/tm_msgs/msg/detail/svr_response__struct.hpp
[107.758s] -- Installing: /home/gy/tmr_ros2/install/tm_msgs/include/tm_msgs/msg/detail/svr_response__builder.hpp
[107.759s] -- Installing: /home/gy/tmr_ros2/install/tm_msgs/include/tm_msgs/msg/detail/sta_response__traits.hpp
[107.759s] -- Installing: /home/gy/tmr_ros2/install/tm_msgs/include/tm_msgs/msg/svr_response.hpp
[107.759s] -- Installing: /home/gy/tmr_ros2/install/tm_msgs/include/tm_msgs/msg/sta_response.hpp
[107.760s] -- Installing: /home/gy/tmr_ros2/install/tm_msgs/include/tm_msgs/msg/sct_response.hpp
[107.760s] -- Installing: /home/gy/tmr_ros2/install/tm_msgs/include/tm_msgs/msg/feedback_state.hpp
[107.760s] -- Up-to-date: /home/gy/tmr_ros2/install/tm_msgs/include/tm_msgs
[107.761s] -- Up-to-date: /home/gy/tmr_ros2/install/tm_msgs/include/tm_msgs/srv
[107.761s] -- Up-to-date: /home/gy/tmr_ros2/install/tm_msgs/include/tm_msgs/srv/detail
[107.761s] -- Installing: /home/gy/tmr_ros2/install/tm_msgs/include/tm_msgs/srv/detail/send_script__type_support.cpp
[107.766s] -- Installing: /home/gy/tmr_ros2/install/tm_msgs/include/tm_msgs/srv/detail/set_positions__type_support.cpp
[107.766s] -- Installing: /home/gy/tmr_ros2/install/tm_msgs/include/tm_msgs/srv/detail/connect_tm__rosidl_typesupport_introspection_cpp.hpp
[107.767s] -- Installing: /home/gy/tmr_ros2/install/tm_msgs/include/tm_msgs/srv/detail/set_event__rosidl_typesupport_introspection_cpp.hpp
[107.767s] -- Installing: /home/gy/tmr_ros2/install/tm_msgs/include/tm_msgs/srv/detail/write_item__type_support.cpp
[107.768s] -- Installing: /home/gy/tmr_ros2/install/tm_msgs/include/tm_msgs/srv/detail/send_script__rosidl_typesupport_introspection_cpp.hpp
[107.768s] -- Installing: /home/gy/tmr_ros2/install/tm_msgs/include/tm_msgs/srv/detail/ask_item__type_support.cpp
[107.768s] -- Installing: /home/gy/tmr_ros2/install/tm_msgs/include/tm_msgs/srv/detail/set_io__type_support.cpp
[107.769s] -- Installing: /home/gy/tmr_ros2/install/tm_msgs/include/tm_msgs/srv/detail/write_item__rosidl_typesupport_introspection_cpp.hpp
[107.769s] -- Installing: /home/gy/tmr_ros2/install/tm_msgs/include/tm_msgs/srv/detail/set_positions__rosidl_typesupport_introspection_cpp.hpp
[107.769s] -- Installing: /home/gy/tmr_ros2/install/tm_msgs/include/tm_msgs/srv/detail/set_event__type_support.cpp
[107.770s] -- Installing: /home/gy/tmr_ros2/install/tm_msgs/include/tm_msgs/srv/detail/ask_sta__rosidl_typesupport_introspection_cpp.hpp
[107.774s] -- Installing: /home/gy/tmr_ros2/install/tm_msgs/include/tm_msgs/srv/detail/ask_item__rosidl_typesupport_introspection_cpp.hpp
[107.774s] -- Installing: /home/gy/tmr_ros2/install/tm_msgs/include/tm_msgs/srv/detail/ask_sta__type_support.cpp
[107.775s] -- Installing: /home/gy/tmr_ros2/install/tm_msgs/include/tm_msgs/srv/detail/set_io__rosidl_typesupport_introspection_cpp.hpp
[107.775s] -- Installing: /home/gy/tmr_ros2/install/tm_msgs/include/tm_msgs/srv/detail/connect_tm__type_support.cpp
[107.776s] -- Up-to-date: /home/gy/tmr_ros2/install/tm_msgs/include/tm_msgs/msg
[107.776s] -- Up-to-date: /home/gy/tmr_ros2/install/tm_msgs/include/tm_msgs/msg/detail
[107.776s] -- Installing: /home/gy/tmr_ros2/install/tm_msgs/include/tm_msgs/msg/detail/feedback_state__rosidl_typesupport_introspection_cpp.hpp
[107.777s] -- Installing: /home/gy/tmr_ros2/install/tm_msgs/include/tm_msgs/msg/detail/sct_response__type_support.cpp
[107.777s] -- Installing: /home/gy/tmr_ros2/install/tm_msgs/include/tm_msgs/msg/detail/feedback_state__type_support.cpp
[107.777s] -- Installing: /home/gy/tmr_ros2/install/tm_msgs/include/tm_msgs/msg/detail/sta_response__rosidl_typesupport_introspection_cpp.hpp
[107.778s] -- Installing: /home/gy/tmr_ros2/install/tm_msgs/include/tm_msgs/msg/detail/sct_response__rosidl_typesupport_introspection_cpp.hpp
[107.778s] -- Installing: /home/gy/tmr_ros2/install/tm_msgs/include/tm_msgs/msg/detail/svr_response__type_support.cpp
[107.782s] -- Installing: /home/gy/tmr_ros2/install/tm_msgs/include/tm_msgs/msg/detail/svr_response__rosidl_typesupport_introspection_cpp.hpp
[107.783s] -- Installing: /home/gy/tmr_ros2/install/tm_msgs/include/tm_msgs/msg/detail/sta_response__type_support.cpp
[107.783s] -- Installing: /home/gy/tmr_ros2/install/tm_msgs/lib/libtm_msgs__rosidl_typesupport_introspection_cpp.so
[107.784s] -- Set runtime path of "/home/gy/tmr_ros2/install/tm_msgs/lib/libtm_msgs__rosidl_typesupport_introspection_cpp.so" to ""
[107.785s] -- Installing: /home/gy/tmr_ros2/install/tm_msgs/lib/libtm_msgs__rosidl_typesupport_cpp.so
[107.786s] -- Set runtime path of "/home/gy/tmr_ros2/install/tm_msgs/lib/libtm_msgs__rosidl_typesupport_cpp.so" to ""
[107.786s] -- Installing: /home/gy/tmr_ros2/install/tm_msgs/share/tm_msgs/environment/pythonpath.sh
[107.786s] -- Installing: /home/gy/tmr_ros2/install/tm_msgs/share/tm_msgs/environment/pythonpath.dsv
[107.787s] -- Installing: /home/gy/tmr_ros2/install/tm_msgs/lib/python3.8/site-packages/tm_msgs/__init__.py
[107.943s] Compiling '/home/gy/tmr_ros2/install/tm_msgs/lib/python3.8/site-packages/tm_msgs/__init__.py'...
[107.958s] -- Installing: /home/gy/tmr_ros2/install/tm_msgs/lib/python3.8/site-packages/tm_msgs/msg
[107.958s] -- Installing: /home/gy/tmr_ros2/install/tm_msgs/lib/python3.8/site-packages/tm_msgs/msg/_sct_response_s.c
[107.958s] -- Installing: /home/gy/tmr_ros2/install/tm_msgs/lib/python3.8/site-packages/tm_msgs/msg/_sct_response.py
[107.958s] -- Installing: /home/gy/tmr_ros2/install/tm_msgs/lib/python3.8/site-packages/tm_msgs/msg/_svr_response_s.c
[107.959s] -- Installing: /home/gy/tmr_ros2/install/tm_msgs/lib/python3.8/site-packages/tm_msgs/msg/_feedback_state.py
[107.959s] -- Installing: /home/gy/tmr_ros2/install/tm_msgs/lib/python3.8/site-packages/tm_msgs/msg/_feedback_state_s.c
[107.959s] -- Installing: /home/gy/tmr_ros2/install/tm_msgs/lib/python3.8/site-packages/tm_msgs/msg/__init__.py
[107.959s] -- Installing: /home/gy/tmr_ros2/install/tm_msgs/lib/python3.8/site-packages/tm_msgs/msg/_sta_response.py
[107.959s] -- Installing: /home/gy/tmr_ros2/install/tm_msgs/lib/python3.8/site-packages/tm_msgs/msg/_svr_response.py
[107.959s] -- Installing: /home/gy/tmr_ros2/install/tm_msgs/lib/python3.8/site-packages/tm_msgs/msg/_sta_response_s.c
[107.959s] -- Installing: /home/gy/tmr_ros2/install/tm_msgs/lib/python3.8/site-packages/tm_msgs/srv
[107.960s] -- Installing: /home/gy/tmr_ros2/install/tm_msgs/lib/python3.8/site-packages/tm_msgs/srv/_write_item_s.c
[107.960s] -- Installing: /home/gy/tmr_ros2/install/tm_msgs/lib/python3.8/site-packages/tm_msgs/srv/_set_event.py
[107.960s] -- Installing: /home/gy/tmr_ros2/install/tm_msgs/lib/python3.8/site-packages/tm_msgs/srv/_write_item.py
[107.960s] -- Installing: /home/gy/tmr_ros2/install/tm_msgs/lib/python3.8/site-packages/tm_msgs/srv/_connect_tm.py
[107.960s] -- Installing: /home/gy/tmr_ros2/install/tm_msgs/lib/python3.8/site-packages/tm_msgs/srv/_send_script_s.c
[107.960s] -- Installing: /home/gy/tmr_ros2/install/tm_msgs/lib/python3.8/site-packages/tm_msgs/srv/_set_event_s.c
[107.961s] -- Installing: /home/gy/tmr_ros2/install/tm_msgs/lib/python3.8/site-packages/tm_msgs/srv/_set_positions.py
[107.961s] -- Installing: /home/gy/tmr_ros2/install/tm_msgs/lib/python3.8/site-packages/tm_msgs/srv/__init__.py
[107.961s] -- Installing: /home/gy/tmr_ros2/install/tm_msgs/lib/python3.8/site-packages/tm_msgs/srv/_ask_item_s.c
[107.961s] -- Installing: /home/gy/tmr_ros2/install/tm_msgs/lib/python3.8/site-packages/tm_msgs/srv/_set_io.py
[107.962s] -- Installing: /home/gy/tmr_ros2/install/tm_msgs/lib/python3.8/site-packages/tm_msgs/srv/_connect_tm_s.c
[107.962s] -- Installing: /home/gy/tmr_ros2/install/tm_msgs/lib/python3.8/site-packages/tm_msgs/srv/_send_script.py
[107.962s] -- Installing: /home/gy/tmr_ros2/install/tm_msgs/lib/python3.8/site-packages/tm_msgs/srv/_set_positions_s.c
[107.962s] -- Installing: /home/gy/tmr_ros2/install/tm_msgs/lib/python3.8/site-packages/tm_msgs/srv/_set_io_s.c
[107.962s] -- Installing: /home/gy/tmr_ros2/install/tm_msgs/lib/python3.8/site-packages/tm_msgs/srv/_ask_sta.py
[107.962s] -- Installing: /home/gy/tmr_ros2/install/tm_msgs/lib/python3.8/site-packages/tm_msgs/srv/_ask_sta_s.c
[107.962s] -- Installing: /home/gy/tmr_ros2/install/tm_msgs/lib/python3.8/site-packages/tm_msgs/srv/_ask_item.py
[107.963s] -- Installing: /home/gy/tmr_ros2/install/tm_msgs/lib/python3.8/site-packages/tm_msgs/tm_msgs_s__rosidl_typesupport_fastrtps_c.cpython-38-x86_64-linux-gnu.so
[107.963s] -- Set runtime path of "/home/gy/tmr_ros2/install/tm_msgs/lib/python3.8/site-packages/tm_msgs/tm_msgs_s__rosidl_typesupport_fastrtps_c.cpython-38-x86_64-linux-gnu.so" to ""
[107.963s] -- Installing: /home/gy/tmr_ros2/install/tm_msgs/lib/python3.8/site-packages/tm_msgs/tm_msgs_s__rosidl_typesupport_introspection_c.cpython-38-x86_64-linux-gnu.so
[107.964s] -- Set runtime path of "/home/gy/tmr_ros2/install/tm_msgs/lib/python3.8/site-packages/tm_msgs/tm_msgs_s__rosidl_typesupport_introspection_c.cpython-38-x86_64-linux-gnu.so" to ""
[107.970s] -- Installing: /home/gy/tmr_ros2/install/tm_msgs/lib/python3.8/site-packages/tm_msgs/tm_msgs_s__rosidl_typesupport_c.cpython-38-x86_64-linux-gnu.so
[107.970s] -- Set runtime path of "/home/gy/tmr_ros2/install/tm_msgs/lib/python3.8/site-packages/tm_msgs/tm_msgs_s__rosidl_typesupport_c.cpython-38-x86_64-linux-gnu.so" to ""
[107.970s] -- Installing: /home/gy/tmr_ros2/install/tm_msgs/lib/libtm_msgs__python.so
[107.972s] -- Set runtime path of "/home/gy/tmr_ros2/install/tm_msgs/lib/libtm_msgs__python.so" to ""
[107.972s] -- Installing: /home/gy/tmr_ros2/install/tm_msgs/share/tm_msgs/msg/FeedbackState.idl
[107.973s] -- Installing: /home/gy/tmr_ros2/install/tm_msgs/share/tm_msgs/msg/SvrResponse.idl
[107.973s] -- Installing: /home/gy/tmr_ros2/install/tm_msgs/share/tm_msgs/msg/SctResponse.idl
[107.974s] -- Installing: /home/gy/tmr_ros2/install/tm_msgs/share/tm_msgs/msg/StaResponse.idl
[107.974s] -- Installing: /home/gy/tmr_ros2/install/tm_msgs/share/tm_msgs/srv/ConnectTM.idl
[107.975s] -- Installing: /home/gy/tmr_ros2/install/tm_msgs/share/tm_msgs/srv/WriteItem.idl
[107.975s] -- Installing: /home/gy/tmr_ros2/install/tm_msgs/share/tm_msgs/srv/AskItem.idl
[107.976s] -- Installing: /home/gy/tmr_ros2/install/tm_msgs/share/tm_msgs/srv/SendScript.idl
[107.976s] -- Installing: /home/gy/tmr_ros2/install/tm_msgs/share/tm_msgs/srv/SetEvent.idl
[107.977s] -- Installing: /home/gy/tmr_ros2/install/tm_msgs/share/tm_msgs/srv/SetIO.idl
[107.977s] -- Installing: /home/gy/tmr_ros2/install/tm_msgs/share/tm_msgs/srv/SetPositions.idl
[107.977s] -- Installing: /home/gy/tmr_ros2/install/tm_msgs/share/tm_msgs/srv/AskSta.idl
[107.978s] -- Installing: /home/gy/tmr_ros2/install/tm_msgs/share/tm_msgs/msg/FeedbackState.msg
[107.978s] -- Installing: /home/gy/tmr_ros2/install/tm_msgs/share/tm_msgs/msg/SvrResponse.msg
[107.979s] -- Installing: /home/gy/tmr_ros2/install/tm_msgs/share/tm_msgs/msg/SctResponse.msg
[107.979s] -- Installing: /home/gy/tmr_ros2/install/tm_msgs/share/tm_msgs/msg/StaResponse.msg
[107.980s] -- Installing: /home/gy/tmr_ros2/install/tm_msgs/share/tm_msgs/srv/ConnectTM.srv
[107.980s] -- Installing: /home/gy/tmr_ros2/install/tm_msgs/share/tm_msgs/srv/ConnectTM_Request.msg
[107.981s] -- Installing: /home/gy/tmr_ros2/install/tm_msgs/share/tm_msgs/srv/ConnectTM_Response.msg
[107.981s] -- Installing: /home/gy/tmr_ros2/install/tm_msgs/share/tm_msgs/srv/WriteItem.srv
[107.981s] -- Installing: /home/gy/tmr_ros2/install/tm_msgs/share/tm_msgs/srv/WriteItem_Request.msg
[107.982s] -- Installing: /home/gy/tmr_ros2/install/tm_msgs/share/tm_msgs/srv/WriteItem_Response.msg
[107.982s] -- Installing: /home/gy/tmr_ros2/install/tm_msgs/share/tm_msgs/srv/AskItem.srv
[107.983s] -- Installing: /home/gy/tmr_ros2/install/tm_msgs/share/tm_msgs/srv/AskItem_Request.msg
[107.983s] -- Installing: /home/gy/tmr_ros2/install/tm_msgs/share/tm_msgs/srv/AskItem_Response.msg
[107.984s] -- Installing: /home/gy/tmr_ros2/install/tm_msgs/share/tm_msgs/srv/SendScript.srv
[107.984s] -- Installing: /home/gy/tmr_ros2/install/tm_msgs/share/tm_msgs/srv/SendScript_Request.msg
[107.985s] -- Installing: /home/gy/tmr_ros2/install/tm_msgs/share/tm_msgs/srv/SendScript_Response.msg
[107.986s] -- Installing: /home/gy/tmr_ros2/install/tm_msgs/share/tm_msgs/srv/SetEvent.srv
[107.986s] -- Installing: /home/gy/tmr_ros2/install/tm_msgs/share/tm_msgs/srv/SetEvent_Request.msg
[107.986s] -- Installing: /home/gy/tmr_ros2/install/tm_msgs/share/tm_msgs/srv/SetEvent_Response.msg
[107.986s] -- Installing: /home/gy/tmr_ros2/install/tm_msgs/share/tm_msgs/srv/SetIO.srv
[107.987s] -- Installing: /home/gy/tmr_ros2/install/tm_msgs/share/tm_msgs/srv/SetIO_Request.msg
[108.012s] -- Installing: /home/gy/tmr_ros2/install/tm_msgs/share/tm_msgs/srv/SetIO_Response.msg
[108.013s] -- Installing: /home/gy/tmr_ros2/install/tm_msgs/share/tm_msgs/srv/SetPositions.srv
[108.013s] -- Installing: /home/gy/tmr_ros2/install/tm_msgs/share/tm_msgs/srv/SetPositions_Request.msg
[108.014s] -- Installing: /home/gy/tmr_ros2/install/tm_msgs/share/tm_msgs/srv/SetPositions_Response.msg
[108.015s] -- Installing: /home/gy/tmr_ros2/install/tm_msgs/share/tm_msgs/srv/AskSta.srv
[108.015s] -- Installing: /home/gy/tmr_ros2/install/tm_msgs/share/tm_msgs/srv/AskSta_Request.msg
[108.016s] -- Installing: /home/gy/tmr_ros2/install/tm_msgs/share/tm_msgs/srv/AskSta_Response.msg
[108.039s] -- Installing: /home/gy/tmr_ros2/install/tm_msgs/share/ament_index/resource_index/package_run_dependencies/tm_msgs
[108.040s] -- Installing: /home/gy/tmr_ros2/install/tm_msgs/share/ament_index/resource_index/parent_prefix_path/tm_msgs
[108.040s] -- Installing: /home/gy/tmr_ros2/install/tm_msgs/share/tm_msgs/environment/ament_prefix_path.sh
[108.041s] -- Installing: /home/gy/tmr_ros2/install/tm_msgs/share/tm_msgs/environment/ament_prefix_path.dsv
[108.041s] -- Installing: /home/gy/tmr_ros2/install/tm_msgs/share/tm_msgs/environment/path.sh
[108.041s] -- Installing: /home/gy/tmr_ros2/install/tm_msgs/share/tm_msgs/environment/path.dsv
[108.042s] -- Installing: /home/gy/tmr_ros2/install/tm_msgs/share/tm_msgs/local_setup.bash
[108.042s] -- Installing: /home/gy/tmr_ros2/install/tm_msgs/share/tm_msgs/local_setup.sh
[108.043s] -- Installing: /home/gy/tmr_ros2/install/tm_msgs/share/tm_msgs/local_setup.zsh
[108.043s] -- Installing: /home/gy/tmr_ros2/install/tm_msgs/share/tm_msgs/local_setup.dsv
[108.044s] -- Installing: /home/gy/tmr_ros2/install/tm_msgs/share/tm_msgs/package.dsv
[108.045s] -- Installing: /home/gy/tmr_ros2/install/tm_msgs/share/ament_index/resource_index/packages/tm_msgs
[108.045s] -- Installing: /home/gy/tmr_ros2/install/tm_msgs/share/tm_msgs/cmake/tm_msgs__rosidl_generator_cExport.cmake
[108.046s] -- Installing: /home/gy/tmr_ros2/install/tm_msgs/share/tm_msgs/cmake/tm_msgs__rosidl_generator_cExport-noconfig.cmake
[108.047s] -- Installing: /home/gy/tmr_ros2/install/tm_msgs/share/tm_msgs/cmake/tm_msgs__rosidl_typesupport_introspection_cExport.cmake
[108.048s] -- Installing: /home/gy/tmr_ros2/install/tm_msgs/share/tm_msgs/cmake/tm_msgs__rosidl_typesupport_introspection_cExport-noconfig.cmake
[108.048s] -- Installing: /home/gy/tmr_ros2/install/tm_msgs/share/tm_msgs/cmake/tm_msgs__rosidl_typesupport_cExport.cmake
[108.054s] -- Installing: /home/gy/tmr_ros2/install/tm_msgs/share/tm_msgs/cmake/tm_msgs__rosidl_typesupport_cExport-noconfig.cmake
[108.054s] -- Installing: /home/gy/tmr_ros2/install/tm_msgs/share/tm_msgs/cmake/tm_msgs__rosidl_generator_cppExport.cmake
[108.054s] -- Installing: /home/gy/tmr_ros2/install/tm_msgs/share/tm_msgs/cmake/tm_msgs__rosidl_typesupport_introspection_cppExport.cmake
[108.054s] -- Installing: /home/gy/tmr_ros2/install/tm_msgs/share/tm_msgs/cmake/tm_msgs__rosidl_typesupport_introspection_cppExport-noconfig.cmake
[108.055s] -- Installing: /home/gy/tmr_ros2/install/tm_msgs/share/tm_msgs/cmake/tm_msgs__rosidl_typesupport_cppExport.cmake
[108.055s] -- Installing: /home/gy/tmr_ros2/install/tm_msgs/share/tm_msgs/cmake/tm_msgs__rosidl_typesupport_cppExport-noconfig.cmake
[108.055s] -- Installing: /home/gy/tmr_ros2/install/tm_msgs/share/tm_msgs/cmake/rosidl_cmake-extras.cmake
[108.055s] -- Installing: /home/gy/tmr_ros2/install/tm_msgs/share/tm_msgs/cmake/ament_cmake_export_dependencies-extras.cmake
[108.055s] -- Installing: /home/gy/tmr_ros2/install/tm_msgs/share/tm_msgs/cmake/ament_cmake_export_libraries-extras.cmake
[108.055s] -- Installing: /home/gy/tmr_ros2/install/tm_msgs/share/tm_msgs/cmake/ament_cmake_export_targets-extras.cmake
[108.056s] -- Installing: /home/gy/tmr_ros2/install/tm_msgs/share/tm_msgs/cmake/ament_cmake_export_include_directories-extras.cmake
[108.056s] -- Installing: /home/gy/tmr_ros2/install/tm_msgs/share/tm_msgs/cmake/rosidl_cmake_export_typesupport_libraries-extras.cmake
[108.056s] -- Installing: /home/gy/tmr_ros2/install/tm_msgs/share/tm_msgs/cmake/rosidl_cmake_export_typesupport_targets-extras.cmake
[108.056s] -- Installing: /home/gy/tmr_ros2/install/tm_msgs/share/tm_msgs/cmake/tm_msgsConfig.cmake
[108.056s] -- Installing: /home/gy/tmr_ros2/install/tm_msgs/share/tm_msgs/cmake/tm_msgsConfig-version.cmake
[108.063s] -- Installing: /home/gy/tmr_ros2/install/tm_msgs/share/tm_msgs/package.xml
[108.081s] Invoked command in '/home/gy/tmr_ros2/build/tm_msgs' returned '0': CMAKE_PREFIX_PATH=/opt/ros/foxy /usr/bin/cmake --install /home/gy/tmr_ros2/build/tm_msgs
