[0.067s] Invoking command in '/home/gy/Omron_TM_ROS2/build/tm_msgs': CMAKE_PREFIX_PATH=${CMAKE_PREFIX_PATH}:/home/gy/Omron_TM_ROS2/src/install/pickplace:/home/gy/Omron_TM_ROS2/install/tmr_mod_urdf:/home/gy/Omron_TM_ROS2/install/tm_get_status:/home/gy/Omron_TM_ROS2/install/pickplace:/home/gy/tmdriver_ws/install/tmr_mod_urdf:/home/gy/tmdriver_ws/install/tm_get_status:/opt/ros/foxy /usr/bin/cmake --build /home/gy/Omron_TM_ROS2/build/tm_msgs -- -j3 -l3
[0.318s] CMake Error: The current CMakeCache.txt directory /home/gy/Omron_TM_ROS2/build/tm_msgs/CMakeCache.txt is different than the directory /home/gy/tmr_ros2/build/tm_msgs where CMakeCache.txt was created. This may result in binaries being created in the wrong place. If you are not sure, reedit the CMakeCache.txt
[0.476s] -- Found ament_cmake: 0.9.8 (/opt/ros/foxy/share/ament_cmake/cmake)
[0.520s] -- Found PythonInterp: /usr/bin/python3 (found suitable version "3.8.5", minimum required is "3") 
[0.520s] -- Using PYTHON_EXECUTABLE: /usr/bin/python3
[1.053s] -- Found std_msgs: 2.0.3 (/opt/ros/foxy/share/std_msgs/cmake)
[1.142s] -- Using all available rosidl_typesupport_c: rosidl_typesupport_fastrtps_c;rosidl_typesupport_introspection_c
[1.154s] -- Found rosidl_adapter: 1.2.0 (/opt/ros/foxy/share/rosidl_adapter/cmake)
[1.446s] -- Using all available rosidl_typesupport_cpp: rosidl_typesupport_fastrtps_cpp;rosidl_typesupport_introspection_cpp
[1.556s] -- Found rosidl_default_generators: 1.0.0 (/opt/ros/foxy/share/rosidl_default_generators/cmake)
[1.684s] -- Found PythonInterp: /usr/bin/python3 (found version "3.8.5") 
[2.410s] -- Found ament_cmake_ros: 0.9.1 (/opt/ros/foxy/share/ament_cmake_ros/cmake)
[2.838s] -- Using all available rosidl_typesupport_c: rosidl_typesupport_fastrtps_c;rosidl_typesupport_introspection_c
[3.012s] -- Using all available rosidl_typesupport_cpp: rosidl_typesupport_fastrtps_cpp;rosidl_typesupport_introspection_cpp
[3.087s] -- Found PythonInterp: /usr/bin/python3 (found suitable version "3.8.5", minimum required is "3.5") 
[3.089s] -- Found python_cmake_module: 0.8.0 (/opt/ros/foxy/share/python_cmake_module/cmake)
[3.139s] -- Using PYTHON_EXECUTABLE: /usr/bin/python3
[3.141s] -- Using PYTHON_INCLUDE_DIRS: /usr/include/python3.8
[3.141s] -- Using PYTHON_LIBRARIES: /usr/lib/x86_64-linux-gnu/libpython3.8.so
[3.357s] -- Configuring done
[3.866s] -- Generating done
[3.873s] -- Build files have been written to: /home/gy/tmr_ros2/build/tm_msgs
[3.983s] [ 12%] Built target tm_msgs__rosidl_generator_c
[4.019s] [ 12%] Built target tm_msgs__cpp
[4.056s] [ 24%] Built target tm_msgs__rosidl_typesupport_c
[4.064s] [ 36%] Built target tm_msgs__rosidl_typesupport_introspection_c
[4.120s] [ 47%] Built target tm_msgs__rosidl_typesupport_fastrtps_cpp
[4.186s] [ 59%] Built target tm_msgs__rosidl_typesupport_cpp
[4.190s] [ 71%] Built target tm_msgs__rosidl_typesupport_introspection_cpp
[4.224s] [ 83%] Built target tm_msgs__rosidl_typesupport_fastrtps_c
[4.292s] [ 83%] Built target tm_msgs
[4.365s] [ 84%] Built target tm_msgs__py
[4.456s] [ 95%] Built target tm_msgs__python
[4.557s] [ 96%] Built target tm_msgs__rosidl_typesupport_c__pyext
[4.562s] [ 98%] Built target tm_msgs__rosidl_typesupport_introspection_c__pyext
[4.574s] [100%] Built target tm_msgs__rosidl_typesupport_fastrtps_c__pyext
[4.597s] Invoked command in '/home/gy/Omron_TM_ROS2/build/tm_msgs' returned '0': CMAKE_PREFIX_PATH=${CMAKE_PREFIX_PATH}:/home/gy/Omron_TM_ROS2/src/install/pickplace:/home/gy/Omron_TM_ROS2/install/tmr_mod_urdf:/home/gy/Omron_TM_ROS2/install/tm_get_status:/home/gy/Omron_TM_ROS2/install/pickplace:/home/gy/tmdriver_ws/install/tmr_mod_urdf:/home/gy/tmdriver_ws/install/tm_get_status:/opt/ros/foxy /usr/bin/cmake --build /home/gy/Omron_TM_ROS2/build/tm_msgs -- -j3 -l3
[5.064s] Invoking command in '/home/gy/Omron_TM_ROS2/build/tm_msgs': CMAKE_PREFIX_PATH=${CMAKE_PREFIX_PATH}:/home/gy/Omron_TM_ROS2/src/install/pickplace:/home/gy/Omron_TM_ROS2/install/tmr_mod_urdf:/home/gy/Omron_TM_ROS2/install/tm_get_status:/home/gy/Omron_TM_ROS2/install/pickplace:/home/gy/tmdriver_ws/install/tmr_mod_urdf:/home/gy/tmdriver_ws/install/tm_get_status:/opt/ros/foxy /usr/bin/cmake --install /home/gy/Omron_TM_ROS2/build/tm_msgs
[5.100s] -- Install configuration: ""
[5.103s] -- Up-to-date: /home/gy/tmr_ros2/install/tm_msgs/share/ament_index/resource_index/rosidl_interfaces/tm_msgs
[5.103s] -- Up-to-date: /home/gy/tmr_ros2/install/tm_msgs/include/tm_msgs
[5.104s] -- Up-to-date: /home/gy/tmr_ros2/install/tm_msgs/include/tm_msgs/srv
[5.104s] -- Up-to-date: /home/gy/tmr_ros2/install/tm_msgs/include/tm_msgs/srv/detail
[5.104s] -- Up-to-date: /home/gy/tmr_ros2/install/tm_msgs/include/tm_msgs/srv/detail/set_io__type_support.h
[5.104s] -- Up-to-date: /home/gy/tmr_ros2/install/tm_msgs/include/tm_msgs/srv/detail/set_positions__functions.h
[5.104s] -- Up-to-date: /home/gy/tmr_ros2/install/tm_msgs/include/tm_msgs/srv/detail/ask_sta__functions.h
[5.104s] -- Up-to-date: /home/gy/tmr_ros2/install/tm_msgs/include/tm_msgs/srv/detail/set_positions__functions.c
[5.104s] -- Up-to-date: /home/gy/tmr_ros2/install/tm_msgs/include/tm_msgs/srv/detail/set_io__functions.h
[5.104s] -- Up-to-date: /home/gy/tmr_ros2/install/tm_msgs/include/tm_msgs/srv/detail/send_script__type_support.h
[5.105s] -- Up-to-date: /home/gy/tmr_ros2/install/tm_msgs/include/tm_msgs/srv/detail/send_script__struct.h
[5.105s] -- Up-to-date: /home/gy/tmr_ros2/install/tm_msgs/include/tm_msgs/srv/detail/set_event__struct.h
[5.105s] -- Up-to-date: /home/gy/tmr_ros2/install/tm_msgs/include/tm_msgs/srv/detail/set_event__functions.h
[5.105s] -- Up-to-date: /home/gy/tmr_ros2/install/tm_msgs/include/tm_msgs/srv/detail/set_event__type_support.h
[5.105s] -- Up-to-date: /home/gy/tmr_ros2/install/tm_msgs/include/tm_msgs/srv/detail/connect_tm__functions.c
[5.105s] -- Up-to-date: /home/gy/tmr_ros2/install/tm_msgs/include/tm_msgs/srv/detail/ask_sta__struct.h
[5.105s] -- Up-to-date: /home/gy/tmr_ros2/install/tm_msgs/include/tm_msgs/srv/detail/set_io__struct.h
[5.105s] -- Up-to-date: /home/gy/tmr_ros2/install/tm_msgs/include/tm_msgs/srv/detail/send_script__functions.h
[5.106s] -- Up-to-date: /home/gy/tmr_ros2/install/tm_msgs/include/tm_msgs/srv/detail/set_positions__type_support.h
[5.106s] -- Up-to-date: /home/gy/tmr_ros2/install/tm_msgs/include/tm_msgs/srv/detail/set_io__functions.c
[5.106s] -- Up-to-date: /home/gy/tmr_ros2/install/tm_msgs/include/tm_msgs/srv/detail/ask_sta__functions.c
[5.106s] -- Up-to-date: /home/gy/tmr_ros2/install/tm_msgs/include/tm_msgs/srv/detail/ask_item__functions.c
[5.106s] -- Up-to-date: /home/gy/tmr_ros2/install/tm_msgs/include/tm_msgs/srv/detail/write_item__functions.h
[5.106s] -- Up-to-date: /home/gy/tmr_ros2/install/tm_msgs/include/tm_msgs/srv/detail/connect_tm__type_support.h
[5.106s] -- Up-to-date: /home/gy/tmr_ros2/install/tm_msgs/include/tm_msgs/srv/detail/send_script__functions.c
[5.106s] -- Up-to-date: /home/gy/tmr_ros2/install/tm_msgs/include/tm_msgs/srv/detail/ask_item__type_support.h
[5.106s] -- Up-to-date: /home/gy/tmr_ros2/install/tm_msgs/include/tm_msgs/srv/detail/set_positions__struct.h
[5.106s] -- Up-to-date: /home/gy/tmr_ros2/install/tm_msgs/include/tm_msgs/srv/detail/write_item__functions.c
[5.107s] -- Up-to-date: /home/gy/tmr_ros2/install/tm_msgs/include/tm_msgs/srv/detail/write_item__struct.h
[5.107s] -- Up-to-date: /home/gy/tmr_ros2/install/tm_msgs/include/tm_msgs/srv/detail/connect_tm__struct.h
[5.107s] -- Up-to-date: /home/gy/tmr_ros2/install/tm_msgs/include/tm_msgs/srv/detail/ask_item__functions.h
[5.107s] -- Up-to-date: /home/gy/tmr_ros2/install/tm_msgs/include/tm_msgs/srv/detail/set_event__functions.c
[5.107s] -- Up-to-date: /home/gy/tmr_ros2/install/tm_msgs/include/tm_msgs/srv/detail/connect_tm__functions.h
[5.107s] -- Up-to-date: /home/gy/tmr_ros2/install/tm_msgs/include/tm_msgs/srv/detail/ask_item__struct.h
[5.107s] -- Up-to-date: /home/gy/tmr_ros2/install/tm_msgs/include/tm_msgs/srv/detail/write_item__type_support.h
[5.107s] -- Up-to-date: /home/gy/tmr_ros2/install/tm_msgs/include/tm_msgs/srv/detail/ask_sta__type_support.h
[5.108s] -- Up-to-date: /home/gy/tmr_ros2/install/tm_msgs/include/tm_msgs/srv/connect_tm.h
[5.108s] -- Up-to-date: /home/gy/tmr_ros2/install/tm_msgs/include/tm_msgs/srv/ask_item.h
[5.108s] -- Up-to-date: /home/gy/tmr_ros2/install/tm_msgs/include/tm_msgs/srv/write_item.h
[5.108s] -- Up-to-date: /home/gy/tmr_ros2/install/tm_msgs/include/tm_msgs/srv/set_io.h
[5.108s] -- Up-to-date: /home/gy/tmr_ros2/install/tm_msgs/include/tm_msgs/srv/set_positions.h
[5.108s] -- Up-to-date: /home/gy/tmr_ros2/install/tm_msgs/include/tm_msgs/srv/send_script.h
[5.108s] -- Up-to-date: /home/gy/tmr_ros2/install/tm_msgs/include/tm_msgs/srv/ask_sta.h
[5.108s] -- Up-to-date: /home/gy/tmr_ros2/install/tm_msgs/include/tm_msgs/srv/set_event.h
[5.109s] -- Up-to-date: /home/gy/tmr_ros2/install/tm_msgs/include/tm_msgs/msg
[5.109s] -- Up-to-date: /home/gy/tmr_ros2/install/tm_msgs/include/tm_msgs/msg/detail
[5.111s] -- Up-to-date: /home/gy/tmr_ros2/install/tm_msgs/include/tm_msgs/msg/detail/feedback_state__type_support.h
[5.112s] -- Up-to-date: /home/gy/tmr_ros2/install/tm_msgs/include/tm_msgs/msg/detail/feedback_state__functions.h
[5.112s] -- Up-to-date: /home/gy/tmr_ros2/install/tm_msgs/include/tm_msgs/msg/detail/svr_response__type_support.h
[5.112s] -- Up-to-date: /home/gy/tmr_ros2/install/tm_msgs/include/tm_msgs/msg/detail/sta_response__functions.c
[5.112s] -- Up-to-date: /home/gy/tmr_ros2/install/tm_msgs/include/tm_msgs/msg/detail/sta_response__type_support.h
[5.112s] -- Up-to-date: /home/gy/tmr_ros2/install/tm_msgs/include/tm_msgs/msg/detail/sct_response__functions.c
[5.112s] -- Up-to-date: /home/gy/tmr_ros2/install/tm_msgs/include/tm_msgs/msg/detail/feedback_state__functions.c
[5.112s] -- Up-to-date: /home/gy/tmr_ros2/install/tm_msgs/include/tm_msgs/msg/detail/sct_response__type_support.h
[5.114s] -- Up-to-date: /home/gy/tmr_ros2/install/tm_msgs/include/tm_msgs/msg/detail/svr_response__struct.h
[5.115s] -- Up-to-date: /home/gy/tmr_ros2/install/tm_msgs/include/tm_msgs/msg/detail/svr_response__functions.h
[5.115s] -- Up-to-date: /home/gy/tmr_ros2/install/tm_msgs/include/tm_msgs/msg/detail/sct_response__functions.h
[5.115s] -- Up-to-date: /home/gy/tmr_ros2/install/tm_msgs/include/tm_msgs/msg/detail/feedback_state__struct.h
[5.115s] -- Up-to-date: /home/gy/tmr_ros2/install/tm_msgs/include/tm_msgs/msg/detail/sta_response__functions.h
[5.115s] -- Up-to-date: /home/gy/tmr_ros2/install/tm_msgs/include/tm_msgs/msg/detail/svr_response__functions.c
[5.115s] -- Up-to-date: /home/gy/tmr_ros2/install/tm_msgs/include/tm_msgs/msg/detail/sta_response__struct.h
[5.115s] -- Up-to-date: /home/gy/tmr_ros2/install/tm_msgs/include/tm_msgs/msg/detail/sct_response__struct.h
[5.116s] -- Up-to-date: /home/gy/tmr_ros2/install/tm_msgs/include/tm_msgs/msg/svr_response.h
[5.116s] -- Up-to-date: /home/gy/tmr_ros2/install/tm_msgs/include/tm_msgs/msg/feedback_state.h
[5.116s] -- Up-to-date: /home/gy/tmr_ros2/install/tm_msgs/include/tm_msgs/msg/sct_response.h
[5.116s] -- Up-to-date: /home/gy/tmr_ros2/install/tm_msgs/include/tm_msgs/msg/rosidl_generator_c__visibility_control.h
[5.116s] -- Up-to-date: /home/gy/tmr_ros2/install/tm_msgs/include/tm_msgs/msg/sta_response.h
[5.116s] -- Up-to-date: /home/gy/tmr_ros2/install/tm_msgs/share/tm_msgs/environment/library_path.sh
[5.116s] -- Installing: /home/gy/tmr_ros2/install/tm_msgs/share/tm_msgs/environment/library_path.dsv
[5.116s] -- Up-to-date: /home/gy/tmr_ros2/install/tm_msgs/lib/libtm_msgs__rosidl_generator_c.so
[5.116s] -- Up-to-date: /home/gy/tmr_ros2/install/tm_msgs/include/tm_msgs
[5.117s] -- Up-to-date: /home/gy/tmr_ros2/install/tm_msgs/include/tm_msgs/srv
[5.117s] -- Up-to-date: /home/gy/tmr_ros2/install/tm_msgs/include/tm_msgs/srv/detail
[5.117s] -- Up-to-date: /home/gy/tmr_ros2/install/tm_msgs/include/tm_msgs/srv/detail/connect_tm__rosidl_typesupport_fastrtps_c.h
[5.117s] -- Up-to-date: /home/gy/tmr_ros2/install/tm_msgs/include/tm_msgs/srv/detail/set_event__rosidl_typesupport_fastrtps_c.h
[5.117s] -- Up-to-date: /home/gy/tmr_ros2/install/tm_msgs/include/tm_msgs/srv/detail/set_io__rosidl_typesupport_fastrtps_c.h
[5.117s] -- Up-to-date: /home/gy/tmr_ros2/install/tm_msgs/include/tm_msgs/srv/detail/ask_sta__rosidl_typesupport_fastrtps_c.h
[5.118s] -- Up-to-date: /home/gy/tmr_ros2/install/tm_msgs/include/tm_msgs/srv/detail/set_positions__rosidl_typesupport_fastrtps_c.h
[5.118s] -- Up-to-date: /home/gy/tmr_ros2/install/tm_msgs/include/tm_msgs/srv/detail/send_script__rosidl_typesupport_fastrtps_c.h
[5.118s] -- Up-to-date: /home/gy/tmr_ros2/install/tm_msgs/include/tm_msgs/srv/detail/ask_item__rosidl_typesupport_fastrtps_c.h
[5.118s] -- Up-to-date: /home/gy/tmr_ros2/install/tm_msgs/include/tm_msgs/srv/detail/write_item__rosidl_typesupport_fastrtps_c.h
[5.118s] -- Up-to-date: /home/gy/tmr_ros2/install/tm_msgs/include/tm_msgs/msg
[5.118s] -- Up-to-date: /home/gy/tmr_ros2/install/tm_msgs/include/tm_msgs/msg/detail
[5.118s] -- Up-to-date: /home/gy/tmr_ros2/install/tm_msgs/include/tm_msgs/msg/detail/sct_response__rosidl_typesupport_fastrtps_c.h
[5.118s] -- Up-to-date: /home/gy/tmr_ros2/install/tm_msgs/include/tm_msgs/msg/detail/sta_response__rosidl_typesupport_fastrtps_c.h
[5.119s] -- Up-to-date: /home/gy/tmr_ros2/install/tm_msgs/include/tm_msgs/msg/detail/feedback_state__rosidl_typesupport_fastrtps_c.h
[5.123s] -- Up-to-date: /home/gy/tmr_ros2/install/tm_msgs/include/tm_msgs/msg/detail/svr_response__rosidl_typesupport_fastrtps_c.h
[5.123s] -- Up-to-date: /home/gy/tmr_ros2/install/tm_msgs/include/tm_msgs/msg/rosidl_typesupport_fastrtps_c__visibility_control.h
[5.124s] -- Up-to-date: /home/gy/tmr_ros2/install/tm_msgs/lib/libtm_msgs__rosidl_typesupport_fastrtps_c.so
[5.124s] -- Up-to-date: /home/gy/tmr_ros2/install/tm_msgs/include/tm_msgs
[5.125s] -- Up-to-date: /home/gy/tmr_ros2/install/tm_msgs/include/tm_msgs/srv
[5.125s] -- Up-to-date: /home/gy/tmr_ros2/install/tm_msgs/include/tm_msgs/srv/detail
[5.129s] -- Up-to-date: /home/gy/tmr_ros2/install/tm_msgs/include/tm_msgs/srv/detail/connect_tm__rosidl_typesupport_fastrtps_cpp.hpp
[5.129s] -- Up-to-date: /home/gy/tmr_ros2/install/tm_msgs/include/tm_msgs/srv/detail/set_io__rosidl_typesupport_fastrtps_cpp.hpp
[5.129s] -- Up-to-date: /home/gy/tmr_ros2/install/tm_msgs/include/tm_msgs/srv/detail/ask_sta__rosidl_typesupport_fastrtps_cpp.hpp
[5.129s] -- Up-to-date: /home/gy/tmr_ros2/install/tm_msgs/include/tm_msgs/srv/detail/write_item__rosidl_typesupport_fastrtps_cpp.hpp
[5.130s] -- Up-to-date: /home/gy/tmr_ros2/install/tm_msgs/include/tm_msgs/srv/detail/send_script__rosidl_typesupport_fastrtps_cpp.hpp
[5.130s] -- Up-to-date: /home/gy/tmr_ros2/install/tm_msgs/include/tm_msgs/srv/detail/set_event__rosidl_typesupport_fastrtps_cpp.hpp
[5.130s] -- Up-to-date: /home/gy/tmr_ros2/install/tm_msgs/include/tm_msgs/srv/detail/ask_item__rosidl_typesupport_fastrtps_cpp.hpp
[5.130s] -- Up-to-date: /home/gy/tmr_ros2/install/tm_msgs/include/tm_msgs/srv/detail/dds_fastrtps
[5.130s] -- Up-to-date: /home/gy/tmr_ros2/install/tm_msgs/include/tm_msgs/srv/detail/set_positions__rosidl_typesupport_fastrtps_cpp.hpp
[5.130s] -- Up-to-date: /home/gy/tmr_ros2/install/tm_msgs/include/tm_msgs/msg
[5.134s] -- Up-to-date: /home/gy/tmr_ros2/install/tm_msgs/include/tm_msgs/msg/detail
[5.136s] -- Up-to-date: /home/gy/tmr_ros2/install/tm_msgs/include/tm_msgs/msg/detail/sct_response__rosidl_typesupport_fastrtps_cpp.hpp
[5.150s] -- Up-to-date: /home/gy/tmr_ros2/install/tm_msgs/include/tm_msgs/msg/detail/svr_response__rosidl_typesupport_fastrtps_cpp.hpp
[5.155s] -- Up-to-date: /home/gy/tmr_ros2/install/tm_msgs/include/tm_msgs/msg/detail/sta_response__rosidl_typesupport_fastrtps_cpp.hpp
[5.155s] -- Up-to-date: /home/gy/tmr_ros2/install/tm_msgs/include/tm_msgs/msg/detail/feedback_state__rosidl_typesupport_fastrtps_cpp.hpp
[5.155s] -- Up-to-date: /home/gy/tmr_ros2/install/tm_msgs/include/tm_msgs/msg/detail/dds_fastrtps
[5.155s] -- Up-to-date: /home/gy/tmr_ros2/install/tm_msgs/include/tm_msgs/msg/rosidl_typesupport_fastrtps_cpp__visibility_control.h
[5.155s] -- Up-to-date: /home/gy/tmr_ros2/install/tm_msgs/lib/libtm_msgs__rosidl_typesupport_fastrtps_cpp.so
[5.155s] -- Up-to-date: /home/gy/tmr_ros2/install/tm_msgs/include/tm_msgs
[5.155s] -- Up-to-date: /home/gy/tmr_ros2/install/tm_msgs/include/tm_msgs/srv
[5.156s] -- Up-to-date: /home/gy/tmr_ros2/install/tm_msgs/include/tm_msgs/srv/detail
[5.156s] -- Up-to-date: /home/gy/tmr_ros2/install/tm_msgs/include/tm_msgs/srv/detail/write_item__type_support.c
[5.156s] -- Up-to-date: /home/gy/tmr_ros2/install/tm_msgs/include/tm_msgs/srv/detail/ask_item__rosidl_typesupport_introspection_c.h
[5.156s] -- Up-to-date: /home/gy/tmr_ros2/install/tm_msgs/include/tm_msgs/srv/detail/set_io__rosidl_typesupport_introspection_c.h
[5.156s] -- Up-to-date: /home/gy/tmr_ros2/install/tm_msgs/include/tm_msgs/srv/detail/send_script__type_support.c
[5.156s] -- Up-to-date: /home/gy/tmr_ros2/install/tm_msgs/include/tm_msgs/srv/detail/ask_sta__rosidl_typesupport_introspection_c.h
[5.156s] -- Up-to-date: /home/gy/tmr_ros2/install/tm_msgs/include/tm_msgs/srv/detail/ask_item__type_support.c
[5.156s] -- Up-to-date: /home/gy/tmr_ros2/install/tm_msgs/include/tm_msgs/srv/detail/set_positions__type_support.c
[5.157s] -- Up-to-date: /home/gy/tmr_ros2/install/tm_msgs/include/tm_msgs/srv/detail/send_script__rosidl_typesupport_introspection_c.h
[5.157s] -- Up-to-date: /home/gy/tmr_ros2/install/tm_msgs/include/tm_msgs/srv/detail/set_positions__rosidl_typesupport_introspection_c.h
[5.157s] -- Up-to-date: /home/gy/tmr_ros2/install/tm_msgs/include/tm_msgs/srv/detail/connect_tm__type_support.c
[5.157s] -- Up-to-date: /home/gy/tmr_ros2/install/tm_msgs/include/tm_msgs/srv/detail/connect_tm__rosidl_typesupport_introspection_c.h
[5.157s] -- Up-to-date: /home/gy/tmr_ros2/install/tm_msgs/include/tm_msgs/srv/detail/set_event__type_support.c
[5.157s] -- Up-to-date: /home/gy/tmr_ros2/install/tm_msgs/include/tm_msgs/srv/detail/write_item__rosidl_typesupport_introspection_c.h
[5.158s] -- Up-to-date: /home/gy/tmr_ros2/install/tm_msgs/include/tm_msgs/srv/detail/ask_sta__type_support.c
[5.158s] -- Up-to-date: /home/gy/tmr_ros2/install/tm_msgs/include/tm_msgs/srv/detail/set_io__type_support.c
[5.158s] -- Up-to-date: /home/gy/tmr_ros2/install/tm_msgs/include/tm_msgs/srv/detail/set_event__rosidl_typesupport_introspection_c.h
[5.158s] -- Up-to-date: /home/gy/tmr_ros2/install/tm_msgs/include/tm_msgs/msg
[5.158s] -- Up-to-date: /home/gy/tmr_ros2/install/tm_msgs/include/tm_msgs/msg/detail
[5.158s] -- Up-to-date: /home/gy/tmr_ros2/install/tm_msgs/include/tm_msgs/msg/detail/sct_response__type_support.c
[5.158s] -- Up-to-date: /home/gy/tmr_ros2/install/tm_msgs/include/tm_msgs/msg/detail/feedback_state__rosidl_typesupport_introspection_c.h
[5.158s] -- Up-to-date: /home/gy/tmr_ros2/install/tm_msgs/include/tm_msgs/msg/detail/svr_response__type_support.c
[5.158s] -- Up-to-date: /home/gy/tmr_ros2/install/tm_msgs/include/tm_msgs/msg/detail/sct_response__rosidl_typesupport_introspection_c.h
[5.167s] -- Up-to-date: /home/gy/tmr_ros2/install/tm_msgs/include/tm_msgs/msg/detail/sta_response__type_support.c
[5.169s] -- Up-to-date: /home/gy/tmr_ros2/install/tm_msgs/include/tm_msgs/msg/detail/svr_response__rosidl_typesupport_introspection_c.h
[5.170s] -- Up-to-date: /home/gy/tmr_ros2/install/tm_msgs/include/tm_msgs/msg/detail/feedback_state__type_support.c
[5.170s] -- Up-to-date: /home/gy/tmr_ros2/install/tm_msgs/include/tm_msgs/msg/detail/sta_response__rosidl_typesupport_introspection_c.h
[5.170s] -- Up-to-date: /home/gy/tmr_ros2/install/tm_msgs/include/tm_msgs/msg/rosidl_typesupport_introspection_c__visibility_control.h
[5.170s] -- Up-to-date: /home/gy/tmr_ros2/install/tm_msgs/lib/libtm_msgs__rosidl_typesupport_introspection_c.so
[5.170s] -- Up-to-date: /home/gy/tmr_ros2/install/tm_msgs/lib/libtm_msgs__rosidl_typesupport_c.so
[5.170s] -- Up-to-date: /home/gy/tmr_ros2/install/tm_msgs/include/tm_msgs
[5.170s] -- Up-to-date: /home/gy/tmr_ros2/install/tm_msgs/include/tm_msgs/srv
[5.171s] -- Up-to-date: /home/gy/tmr_ros2/install/tm_msgs/include/tm_msgs/srv/detail
[5.171s] -- Up-to-date: /home/gy/tmr_ros2/install/tm_msgs/include/tm_msgs/srv/detail/set_positions__struct.hpp
[5.183s] -- Up-to-date: /home/gy/tmr_ros2/install/tm_msgs/include/tm_msgs/srv/detail/set_positions__traits.hpp
[5.183s] -- Up-to-date: /home/gy/tmr_ros2/install/tm_msgs/include/tm_msgs/srv/detail/send_script__builder.hpp
[5.183s] -- Up-to-date: /home/gy/tmr_ros2/install/tm_msgs/include/tm_msgs/srv/detail/connect_tm__struct.hpp
[5.183s] -- Up-to-date: /home/gy/tmr_ros2/install/tm_msgs/include/tm_msgs/srv/detail/connect_tm__traits.hpp
[5.183s] -- Up-to-date: /home/gy/tmr_ros2/install/tm_msgs/include/tm_msgs/srv/detail/ask_sta__struct.hpp
[5.183s] -- Up-to-date: /home/gy/tmr_ros2/install/tm_msgs/include/tm_msgs/srv/detail/write_item__builder.hpp
[5.183s] -- Up-to-date: /home/gy/tmr_ros2/install/tm_msgs/include/tm_msgs/srv/detail/send_script__struct.hpp
[5.184s] -- Up-to-date: /home/gy/tmr_ros2/install/tm_msgs/include/tm_msgs/srv/detail/send_script__traits.hpp
[5.184s] -- Up-to-date: /home/gy/tmr_ros2/install/tm_msgs/include/tm_msgs/srv/detail/write_item__traits.hpp
[5.184s] -- Up-to-date: /home/gy/tmr_ros2/install/tm_msgs/include/tm_msgs/srv/detail/ask_sta__builder.hpp
[5.184s] -- Up-to-date: /home/gy/tmr_ros2/install/tm_msgs/include/tm_msgs/srv/detail/set_positions__builder.hpp
[5.184s] -- Up-to-date: /home/gy/tmr_ros2/install/tm_msgs/include/tm_msgs/srv/detail/connect_tm__builder.hpp
[5.184s] -- Up-to-date: /home/gy/tmr_ros2/install/tm_msgs/include/tm_msgs/srv/detail/set_io__builder.hpp
[5.184s] -- Up-to-date: /home/gy/tmr_ros2/install/tm_msgs/include/tm_msgs/srv/detail/ask_item__struct.hpp
[5.184s] -- Up-to-date: /home/gy/tmr_ros2/install/tm_msgs/include/tm_msgs/srv/detail/set_io__traits.hpp
[5.185s] -- Up-to-date: /home/gy/tmr_ros2/install/tm_msgs/include/tm_msgs/srv/detail/ask_item__builder.hpp
[5.185s] -- Up-to-date: /home/gy/tmr_ros2/install/tm_msgs/include/tm_msgs/srv/detail/write_item__struct.hpp
[5.185s] -- Up-to-date: /home/gy/tmr_ros2/install/tm_msgs/include/tm_msgs/srv/detail/set_event__struct.hpp
[5.185s] -- Up-to-date: /home/gy/tmr_ros2/install/tm_msgs/include/tm_msgs/srv/detail/set_event__builder.hpp
[5.185s] -- Up-to-date: /home/gy/tmr_ros2/install/tm_msgs/include/tm_msgs/srv/detail/set_event__traits.hpp
[5.185s] -- Up-to-date: /home/gy/tmr_ros2/install/tm_msgs/include/tm_msgs/srv/detail/set_io__struct.hpp
[5.185s] -- Up-to-date: /home/gy/tmr_ros2/install/tm_msgs/include/tm_msgs/srv/detail/ask_sta__traits.hpp
[5.185s] -- Up-to-date: /home/gy/tmr_ros2/install/tm_msgs/include/tm_msgs/srv/detail/ask_item__traits.hpp
[5.185s] -- Up-to-date: /home/gy/tmr_ros2/install/tm_msgs/include/tm_msgs/srv/ask_item.hpp
[5.185s] -- Up-to-date: /home/gy/tmr_ros2/install/tm_msgs/include/tm_msgs/srv/write_item.hpp
[5.185s] -- Up-to-date: /home/gy/tmr_ros2/install/tm_msgs/include/tm_msgs/srv/send_script.hpp
[5.185s] -- Up-to-date: /home/gy/tmr_ros2/install/tm_msgs/include/tm_msgs/srv/set_io.hpp
[5.185s] -- Up-to-date: /home/gy/tmr_ros2/install/tm_msgs/include/tm_msgs/srv/connect_tm.hpp
[5.186s] -- Up-to-date: /home/gy/tmr_ros2/install/tm_msgs/include/tm_msgs/srv/set_event.hpp
[5.186s] -- Up-to-date: /home/gy/tmr_ros2/install/tm_msgs/include/tm_msgs/srv/set_positions.hpp
[5.186s] -- Up-to-date: /home/gy/tmr_ros2/install/tm_msgs/include/tm_msgs/srv/ask_sta.hpp
[5.186s] -- Up-to-date: /home/gy/tmr_ros2/install/tm_msgs/include/tm_msgs/msg
[5.186s] -- Up-to-date: /home/gy/tmr_ros2/install/tm_msgs/include/tm_msgs/msg/detail
[5.186s] -- Up-to-date: /home/gy/tmr_ros2/install/tm_msgs/include/tm_msgs/msg/detail/sct_response__traits.hpp
[5.195s] -- Up-to-date: /home/gy/tmr_ros2/install/tm_msgs/include/tm_msgs/msg/detail/svr_response__traits.hpp
[5.195s] -- Up-to-date: /home/gy/tmr_ros2/install/tm_msgs/include/tm_msgs/msg/detail/feedback_state__builder.hpp
[5.195s] -- Up-to-date: /home/gy/tmr_ros2/install/tm_msgs/include/tm_msgs/msg/detail/sta_response__builder.hpp
[5.196s] -- Up-to-date: /home/gy/tmr_ros2/install/tm_msgs/include/tm_msgs/msg/detail/feedback_state__struct.hpp
[5.196s] -- Up-to-date: /home/gy/tmr_ros2/install/tm_msgs/include/tm_msgs/msg/detail/sct_response__struct.hpp
[5.196s] -- Up-to-date: /home/gy/tmr_ros2/install/tm_msgs/include/tm_msgs/msg/detail/sct_response__builder.hpp
[5.202s] -- Up-to-date: /home/gy/tmr_ros2/install/tm_msgs/include/tm_msgs/msg/detail/feedback_state__traits.hpp
[5.205s] -- Up-to-date: /home/gy/tmr_ros2/install/tm_msgs/include/tm_msgs/msg/detail/sta_response__struct.hpp
[5.205s] -- Up-to-date: /home/gy/tmr_ros2/install/tm_msgs/include/tm_msgs/msg/detail/svr_response__struct.hpp
[5.205s] -- Up-to-date: /home/gy/tmr_ros2/install/tm_msgs/include/tm_msgs/msg/detail/svr_response__builder.hpp
[5.205s] -- Up-to-date: /home/gy/tmr_ros2/install/tm_msgs/include/tm_msgs/msg/detail/sta_response__traits.hpp
[5.205s] -- Up-to-date: /home/gy/tmr_ros2/install/tm_msgs/include/tm_msgs/msg/svr_response.hpp
[5.205s] -- Up-to-date: /home/gy/tmr_ros2/install/tm_msgs/include/tm_msgs/msg/sta_response.hpp
[5.205s] -- Up-to-date: /home/gy/tmr_ros2/install/tm_msgs/include/tm_msgs/msg/sct_response.hpp
[5.206s] -- Up-to-date: /home/gy/tmr_ros2/install/tm_msgs/include/tm_msgs/msg/feedback_state.hpp
[5.206s] -- Up-to-date: /home/gy/tmr_ros2/install/tm_msgs/include/tm_msgs
[5.206s] -- Up-to-date: /home/gy/tmr_ros2/install/tm_msgs/include/tm_msgs/srv
[5.206s] -- Up-to-date: /home/gy/tmr_ros2/install/tm_msgs/include/tm_msgs/srv/detail
[5.207s] -- Up-to-date: /home/gy/tmr_ros2/install/tm_msgs/include/tm_msgs/srv/detail/send_script__type_support.cpp
[5.207s] -- Up-to-date: /home/gy/tmr_ros2/install/tm_msgs/include/tm_msgs/srv/detail/set_positions__type_support.cpp
[5.207s] -- Up-to-date: /home/gy/tmr_ros2/install/tm_msgs/include/tm_msgs/srv/detail/connect_tm__rosidl_typesupport_introspection_cpp.hpp
[5.207s] -- Up-to-date: /home/gy/tmr_ros2/install/tm_msgs/include/tm_msgs/srv/detail/set_event__rosidl_typesupport_introspection_cpp.hpp
[5.207s] -- Up-to-date: /home/gy/tmr_ros2/install/tm_msgs/include/tm_msgs/srv/detail/write_item__type_support.cpp
[5.207s] -- Up-to-date: /home/gy/tmr_ros2/install/tm_msgs/include/tm_msgs/srv/detail/send_script__rosidl_typesupport_introspection_cpp.hpp
[5.207s] -- Up-to-date: /home/gy/tmr_ros2/install/tm_msgs/include/tm_msgs/srv/detail/ask_item__type_support.cpp
[5.207s] -- Up-to-date: /home/gy/tmr_ros2/install/tm_msgs/include/tm_msgs/srv/detail/set_io__type_support.cpp
[5.208s] -- Up-to-date: /home/gy/tmr_ros2/install/tm_msgs/include/tm_msgs/srv/detail/write_item__rosidl_typesupport_introspection_cpp.hpp
[5.208s] -- Up-to-date: /home/gy/tmr_ros2/install/tm_msgs/include/tm_msgs/srv/detail/set_positions__rosidl_typesupport_introspection_cpp.hpp
[5.208s] -- Up-to-date: /home/gy/tmr_ros2/install/tm_msgs/include/tm_msgs/srv/detail/set_event__type_support.cpp
[5.208s] -- Up-to-date: /home/gy/tmr_ros2/install/tm_msgs/include/tm_msgs/srv/detail/ask_sta__rosidl_typesupport_introspection_cpp.hpp
[5.208s] -- Up-to-date: /home/gy/tmr_ros2/install/tm_msgs/include/tm_msgs/srv/detail/ask_item__rosidl_typesupport_introspection_cpp.hpp
[5.208s] -- Up-to-date: /home/gy/tmr_ros2/install/tm_msgs/include/tm_msgs/srv/detail/ask_sta__type_support.cpp
[5.208s] -- Up-to-date: /home/gy/tmr_ros2/install/tm_msgs/include/tm_msgs/srv/detail/set_io__rosidl_typesupport_introspection_cpp.hpp
[5.208s] -- Up-to-date: /home/gy/tmr_ros2/install/tm_msgs/include/tm_msgs/srv/detail/connect_tm__type_support.cpp
[5.209s] -- Up-to-date: /home/gy/tmr_ros2/install/tm_msgs/include/tm_msgs/msg
[5.209s] -- Up-to-date: /home/gy/tmr_ros2/install/tm_msgs/include/tm_msgs/msg/detail
[5.209s] -- Up-to-date: /home/gy/tmr_ros2/install/tm_msgs/include/tm_msgs/msg/detail/feedback_state__rosidl_typesupport_introspection_cpp.hpp
[5.209s] -- Up-to-date: /home/gy/tmr_ros2/install/tm_msgs/include/tm_msgs/msg/detail/sct_response__type_support.cpp
[5.209s] -- Up-to-date: /home/gy/tmr_ros2/install/tm_msgs/include/tm_msgs/msg/detail/feedback_state__type_support.cpp
[5.209s] -- Up-to-date: /home/gy/tmr_ros2/install/tm_msgs/include/tm_msgs/msg/detail/sta_response__rosidl_typesupport_introspection_cpp.hpp
[5.209s] -- Up-to-date: /home/gy/tmr_ros2/install/tm_msgs/include/tm_msgs/msg/detail/sct_response__rosidl_typesupport_introspection_cpp.hpp
[5.209s] -- Up-to-date: /home/gy/tmr_ros2/install/tm_msgs/include/tm_msgs/msg/detail/svr_response__type_support.cpp
[5.210s] -- Up-to-date: /home/gy/tmr_ros2/install/tm_msgs/include/tm_msgs/msg/detail/svr_response__rosidl_typesupport_introspection_cpp.hpp
[5.210s] -- Up-to-date: /home/gy/tmr_ros2/install/tm_msgs/include/tm_msgs/msg/detail/sta_response__type_support.cpp
[5.210s] -- Up-to-date: /home/gy/tmr_ros2/install/tm_msgs/lib/libtm_msgs__rosidl_typesupport_introspection_cpp.so
[5.210s] -- Up-to-date: /home/gy/tmr_ros2/install/tm_msgs/lib/libtm_msgs__rosidl_typesupport_cpp.so
[5.210s] -- Up-to-date: /home/gy/tmr_ros2/install/tm_msgs/share/tm_msgs/environment/pythonpath.sh
[5.210s] -- Installing: /home/gy/tmr_ros2/install/tm_msgs/share/tm_msgs/environment/pythonpath.dsv
[5.224s] -- Installing: /home/gy/tmr_ros2/install/tm_msgs/lib/python3.8/site-packages/tm_msgs/__init__.py
[5.224s] Compiling '/home/gy/tmr_ros2/install/tm_msgs/lib/python3.8/site-packages/tm_msgs/__init__.py'...
[5.224s] -- Up-to-date: /home/gy/tmr_ros2/install/tm_msgs/lib/python3.8/site-packages/tm_msgs/msg
[5.225s] -- Up-to-date: /home/gy/tmr_ros2/install/tm_msgs/lib/python3.8/site-packages/tm_msgs/msg/_sct_response_s.c
[5.225s] -- Up-to-date: /home/gy/tmr_ros2/install/tm_msgs/lib/python3.8/site-packages/tm_msgs/msg/_sct_response.py
[5.225s] -- Up-to-date: /home/gy/tmr_ros2/install/tm_msgs/lib/python3.8/site-packages/tm_msgs/msg/_svr_response_s.c
[5.225s] -- Up-to-date: /home/gy/tmr_ros2/install/tm_msgs/lib/python3.8/site-packages/tm_msgs/msg/_feedback_state.py
[5.231s] -- Up-to-date: /home/gy/tmr_ros2/install/tm_msgs/lib/python3.8/site-packages/tm_msgs/msg/_feedback_state_s.c
[5.232s] -- Up-to-date: /home/gy/tmr_ros2/install/tm_msgs/lib/python3.8/site-packages/tm_msgs/msg/__init__.py
[5.232s] -- Up-to-date: /home/gy/tmr_ros2/install/tm_msgs/lib/python3.8/site-packages/tm_msgs/msg/_sta_response.py
[5.232s] -- Up-to-date: /home/gy/tmr_ros2/install/tm_msgs/lib/python3.8/site-packages/tm_msgs/msg/_svr_response.py
[5.232s] -- Up-to-date: /home/gy/tmr_ros2/install/tm_msgs/lib/python3.8/site-packages/tm_msgs/msg/_sta_response_s.c
[5.232s] -- Up-to-date: /home/gy/tmr_ros2/install/tm_msgs/lib/python3.8/site-packages/tm_msgs/srv
[5.233s] -- Up-to-date: /home/gy/tmr_ros2/install/tm_msgs/lib/python3.8/site-packages/tm_msgs/srv/_write_item_s.c
[5.233s] -- Up-to-date: /home/gy/tmr_ros2/install/tm_msgs/lib/python3.8/site-packages/tm_msgs/srv/_set_event.py
[5.233s] -- Up-to-date: /home/gy/tmr_ros2/install/tm_msgs/lib/python3.8/site-packages/tm_msgs/srv/_write_item.py
[5.234s] -- Up-to-date: /home/gy/tmr_ros2/install/tm_msgs/lib/python3.8/site-packages/tm_msgs/srv/_connect_tm.py
[5.234s] -- Up-to-date: /home/gy/tmr_ros2/install/tm_msgs/lib/python3.8/site-packages/tm_msgs/srv/_send_script_s.c
[5.234s] -- Up-to-date: /home/gy/tmr_ros2/install/tm_msgs/lib/python3.8/site-packages/tm_msgs/srv/_set_event_s.c
[5.234s] -- Up-to-date: /home/gy/tmr_ros2/install/tm_msgs/lib/python3.8/site-packages/tm_msgs/srv/_set_positions.py
[5.234s] -- Up-to-date: /home/gy/tmr_ros2/install/tm_msgs/lib/python3.8/site-packages/tm_msgs/srv/__init__.py
[5.234s] -- Up-to-date: /home/gy/tmr_ros2/install/tm_msgs/lib/python3.8/site-packages/tm_msgs/srv/_ask_item_s.c
[5.235s] -- Up-to-date: /home/gy/tmr_ros2/install/tm_msgs/lib/python3.8/site-packages/tm_msgs/srv/_set_io.py
[5.235s] -- Up-to-date: /home/gy/tmr_ros2/install/tm_msgs/lib/python3.8/site-packages/tm_msgs/srv/_connect_tm_s.c
[5.235s] -- Up-to-date: /home/gy/tmr_ros2/install/tm_msgs/lib/python3.8/site-packages/tm_msgs/srv/_send_script.py
[5.235s] -- Up-to-date: /home/gy/tmr_ros2/install/tm_msgs/lib/python3.8/site-packages/tm_msgs/srv/_set_positions_s.c
[5.235s] -- Up-to-date: /home/gy/tmr_ros2/install/tm_msgs/lib/python3.8/site-packages/tm_msgs/srv/_set_io_s.c
[5.235s] -- Up-to-date: /home/gy/tmr_ros2/install/tm_msgs/lib/python3.8/site-packages/tm_msgs/srv/_ask_sta.py
[5.242s] -- Up-to-date: /home/gy/tmr_ros2/install/tm_msgs/lib/python3.8/site-packages/tm_msgs/srv/_ask_sta_s.c
[5.242s] -- Up-to-date: /home/gy/tmr_ros2/install/tm_msgs/lib/python3.8/site-packages/tm_msgs/srv/_ask_item.py
[5.242s] -- Up-to-date: /home/gy/tmr_ros2/install/tm_msgs/lib/python3.8/site-packages/tm_msgs/tm_msgs_s__rosidl_typesupport_fastrtps_c.cpython-38-x86_64-linux-gnu.so
[5.242s] -- Up-to-date: /home/gy/tmr_ros2/install/tm_msgs/lib/python3.8/site-packages/tm_msgs/tm_msgs_s__rosidl_typesupport_introspection_c.cpython-38-x86_64-linux-gnu.so
[5.242s] -- Up-to-date: /home/gy/tmr_ros2/install/tm_msgs/lib/python3.8/site-packages/tm_msgs/tm_msgs_s__rosidl_typesupport_c.cpython-38-x86_64-linux-gnu.so
[5.242s] -- Up-to-date: /home/gy/tmr_ros2/install/tm_msgs/lib/libtm_msgs__python.so
[5.242s] -- Up-to-date: /home/gy/tmr_ros2/install/tm_msgs/share/tm_msgs/msg/FeedbackState.idl
[5.243s] -- Up-to-date: /home/gy/tmr_ros2/install/tm_msgs/share/tm_msgs/msg/SvrResponse.idl
[5.243s] -- Up-to-date: /home/gy/tmr_ros2/install/tm_msgs/share/tm_msgs/msg/SctResponse.idl
[5.243s] -- Up-to-date: /home/gy/tmr_ros2/install/tm_msgs/share/tm_msgs/msg/StaResponse.idl
[5.243s] -- Up-to-date: /home/gy/tmr_ros2/install/tm_msgs/share/tm_msgs/srv/ConnectTM.idl
[5.243s] -- Up-to-date: /home/gy/tmr_ros2/install/tm_msgs/share/tm_msgs/srv/WriteItem.idl
[5.243s] -- Up-to-date: /home/gy/tmr_ros2/install/tm_msgs/share/tm_msgs/srv/AskItem.idl
[5.243s] -- Up-to-date: /home/gy/tmr_ros2/install/tm_msgs/share/tm_msgs/srv/SendScript.idl
[5.244s] -- Up-to-date: /home/gy/tmr_ros2/install/tm_msgs/share/tm_msgs/srv/SetEvent.idl
[5.244s] -- Up-to-date: /home/gy/tmr_ros2/install/tm_msgs/share/tm_msgs/srv/SetIO.idl
[5.244s] -- Up-to-date: /home/gy/tmr_ros2/install/tm_msgs/share/tm_msgs/srv/SetPositions.idl
[5.244s] -- Up-to-date: /home/gy/tmr_ros2/install/tm_msgs/share/tm_msgs/srv/AskSta.idl
[5.244s] -- Up-to-date: /home/gy/tmr_ros2/install/tm_msgs/share/tm_msgs/msg/FeedbackState.msg
[5.244s] -- Up-to-date: /home/gy/tmr_ros2/install/tm_msgs/share/tm_msgs/msg/SvrResponse.msg
[5.244s] -- Up-to-date: /home/gy/tmr_ros2/install/tm_msgs/share/tm_msgs/msg/SctResponse.msg
[5.244s] -- Up-to-date: /home/gy/tmr_ros2/install/tm_msgs/share/tm_msgs/msg/StaResponse.msg
[5.244s] -- Up-to-date: /home/gy/tmr_ros2/install/tm_msgs/share/tm_msgs/srv/ConnectTM.srv
[5.245s] -- Up-to-date: /home/gy/tmr_ros2/install/tm_msgs/share/tm_msgs/srv/ConnectTM_Request.msg
[5.245s] -- Up-to-date: /home/gy/tmr_ros2/install/tm_msgs/share/tm_msgs/srv/ConnectTM_Response.msg
[5.245s] -- Up-to-date: /home/gy/tmr_ros2/install/tm_msgs/share/tm_msgs/srv/WriteItem.srv
[5.245s] -- Up-to-date: /home/gy/tmr_ros2/install/tm_msgs/share/tm_msgs/srv/WriteItem_Request.msg
[5.245s] -- Up-to-date: /home/gy/tmr_ros2/install/tm_msgs/share/tm_msgs/srv/WriteItem_Response.msg
[5.245s] -- Up-to-date: /home/gy/tmr_ros2/install/tm_msgs/share/tm_msgs/srv/AskItem.srv
[5.245s] -- Up-to-date: /home/gy/tmr_ros2/install/tm_msgs/share/tm_msgs/srv/AskItem_Request.msg
[5.245s] -- Up-to-date: /home/gy/tmr_ros2/install/tm_msgs/share/tm_msgs/srv/AskItem_Response.msg
[5.246s] -- Up-to-date: /home/gy/tmr_ros2/install/tm_msgs/share/tm_msgs/srv/SendScript.srv
[5.246s] -- Up-to-date: /home/gy/tmr_ros2/install/tm_msgs/share/tm_msgs/srv/SendScript_Request.msg
[5.246s] -- Up-to-date: /home/gy/tmr_ros2/install/tm_msgs/share/tm_msgs/srv/SendScript_Response.msg
[5.246s] -- Up-to-date: /home/gy/tmr_ros2/install/tm_msgs/share/tm_msgs/srv/SetEvent.srv
[5.246s] -- Up-to-date: /home/gy/tmr_ros2/install/tm_msgs/share/tm_msgs/srv/SetEvent_Request.msg
[5.246s] -- Up-to-date: /home/gy/tmr_ros2/install/tm_msgs/share/tm_msgs/srv/SetEvent_Response.msg
[5.247s] -- Up-to-date: /home/gy/tmr_ros2/install/tm_msgs/share/tm_msgs/srv/SetIO.srv
[5.247s] -- Up-to-date: /home/gy/tmr_ros2/install/tm_msgs/share/tm_msgs/srv/SetIO_Request.msg
[5.247s] -- Up-to-date: /home/gy/tmr_ros2/install/tm_msgs/share/tm_msgs/srv/SetIO_Response.msg
[5.247s] -- Up-to-date: /home/gy/tmr_ros2/install/tm_msgs/share/tm_msgs/srv/SetPositions.srv
[5.247s] -- Up-to-date: /home/gy/tmr_ros2/install/tm_msgs/share/tm_msgs/srv/SetPositions_Request.msg
[5.247s] -- Up-to-date: /home/gy/tmr_ros2/install/tm_msgs/share/tm_msgs/srv/SetPositions_Response.msg
[5.247s] -- Up-to-date: /home/gy/tmr_ros2/install/tm_msgs/share/tm_msgs/srv/AskSta.srv
[5.248s] -- Up-to-date: /home/gy/tmr_ros2/install/tm_msgs/share/tm_msgs/srv/AskSta_Request.msg
[5.248s] -- Up-to-date: /home/gy/tmr_ros2/install/tm_msgs/share/tm_msgs/srv/AskSta_Response.msg
[5.248s] -- Up-to-date: /home/gy/tmr_ros2/install/tm_msgs/share/ament_index/resource_index/package_run_dependencies/tm_msgs
[5.248s] -- Installing: /home/gy/tmr_ros2/install/tm_msgs/share/ament_index/resource_index/parent_prefix_path/tm_msgs
[5.248s] -- Up-to-date: /home/gy/tmr_ros2/install/tm_msgs/share/tm_msgs/environment/ament_prefix_path.sh
[5.248s] -- Installing: /home/gy/tmr_ros2/install/tm_msgs/share/tm_msgs/environment/ament_prefix_path.dsv
[5.249s] -- Up-to-date: /home/gy/tmr_ros2/install/tm_msgs/share/tm_msgs/environment/path.sh
[5.249s] -- Installing: /home/gy/tmr_ros2/install/tm_msgs/share/tm_msgs/environment/path.dsv
[5.249s] -- Up-to-date: /home/gy/tmr_ros2/install/tm_msgs/share/tm_msgs/local_setup.bash
[5.249s] -- Up-to-date: /home/gy/tmr_ros2/install/tm_msgs/share/tm_msgs/local_setup.sh
[5.249s] -- Up-to-date: /home/gy/tmr_ros2/install/tm_msgs/share/tm_msgs/local_setup.zsh
[5.249s] -- Installing: /home/gy/tmr_ros2/install/tm_msgs/share/tm_msgs/local_setup.dsv
[5.250s] -- Installing: /home/gy/tmr_ros2/install/tm_msgs/share/tm_msgs/package.dsv
[5.250s] -- Up-to-date: /home/gy/tmr_ros2/install/tm_msgs/share/ament_index/resource_index/packages/tm_msgs
[5.250s] -- Up-to-date: /home/gy/tmr_ros2/install/tm_msgs/share/tm_msgs/cmake/tm_msgs__rosidl_generator_cExport.cmake
[5.250s] -- Installing: /home/gy/tmr_ros2/install/tm_msgs/share/tm_msgs/cmake/tm_msgs__rosidl_generator_cExport-noconfig.cmake
[5.250s] -- Up-to-date: /home/gy/tmr_ros2/install/tm_msgs/share/tm_msgs/cmake/tm_msgs__rosidl_typesupport_introspection_cExport.cmake
[5.250s] -- Installing: /home/gy/tmr_ros2/install/tm_msgs/share/tm_msgs/cmake/tm_msgs__rosidl_typesupport_introspection_cExport-noconfig.cmake
[5.251s] -- Up-to-date: /home/gy/tmr_ros2/install/tm_msgs/share/tm_msgs/cmake/tm_msgs__rosidl_typesupport_cExport.cmake
[5.251s] -- Installing: /home/gy/tmr_ros2/install/tm_msgs/share/tm_msgs/cmake/tm_msgs__rosidl_typesupport_cExport-noconfig.cmake
[5.251s] -- Up-to-date: /home/gy/tmr_ros2/install/tm_msgs/share/tm_msgs/cmake/tm_msgs__rosidl_generator_cppExport.cmake
[5.251s] -- Up-to-date: /home/gy/tmr_ros2/install/tm_msgs/share/tm_msgs/cmake/tm_msgs__rosidl_typesupport_introspection_cppExport.cmake
[5.251s] -- Installing: /home/gy/tmr_ros2/install/tm_msgs/share/tm_msgs/cmake/tm_msgs__rosidl_typesupport_introspection_cppExport-noconfig.cmake
[5.251s] -- Up-to-date: /home/gy/tmr_ros2/install/tm_msgs/share/tm_msgs/cmake/tm_msgs__rosidl_typesupport_cppExport.cmake
[5.251s] -- Installing: /home/gy/tmr_ros2/install/tm_msgs/share/tm_msgs/cmake/tm_msgs__rosidl_typesupport_cppExport-noconfig.cmake
[5.252s] -- Up-to-date: /home/gy/tmr_ros2/install/tm_msgs/share/tm_msgs/cmake/rosidl_cmake-extras.cmake
[5.252s] -- Up-to-date: /home/gy/tmr_ros2/install/tm_msgs/share/tm_msgs/cmake/ament_cmake_export_dependencies-extras.cmake
[5.252s] -- Up-to-date: /home/gy/tmr_ros2/install/tm_msgs/share/tm_msgs/cmake/ament_cmake_export_libraries-extras.cmake
[5.252s] -- Up-to-date: /home/gy/tmr_ros2/install/tm_msgs/share/tm_msgs/cmake/ament_cmake_export_targets-extras.cmake
[5.252s] -- Up-to-date: /home/gy/tmr_ros2/install/tm_msgs/share/tm_msgs/cmake/ament_cmake_export_include_directories-extras.cmake
[5.252s] -- Up-to-date: /home/gy/tmr_ros2/install/tm_msgs/share/tm_msgs/cmake/rosidl_cmake_export_typesupport_libraries-extras.cmake
[5.252s] -- Up-to-date: /home/gy/tmr_ros2/install/tm_msgs/share/tm_msgs/cmake/rosidl_cmake_export_typesupport_targets-extras.cmake
[5.252s] -- Up-to-date: /home/gy/tmr_ros2/install/tm_msgs/share/tm_msgs/cmake/tm_msgsConfig.cmake
[5.253s] -- Up-to-date: /home/gy/tmr_ros2/install/tm_msgs/share/tm_msgs/cmake/tm_msgsConfig-version.cmake
[5.253s] -- Up-to-date: /home/gy/tmr_ros2/install/tm_msgs/share/tm_msgs/package.xml
[5.275s] Invoked command in '/home/gy/Omron_TM_ROS2/build/tm_msgs' returned '0': CMAKE_PREFIX_PATH=${CMAKE_PREFIX_PATH}:/home/gy/Omron_TM_ROS2/src/install/pickplace:/home/gy/Omron_TM_ROS2/install/tmr_mod_urdf:/home/gy/Omron_TM_ROS2/install/tm_get_status:/home/gy/Omron_TM_ROS2/install/pickplace:/home/gy/tmdriver_ws/install/tmr_mod_urdf:/home/gy/tmdriver_ws/install/tm_get_status:/opt/ros/foxy /usr/bin/cmake --install /home/gy/Omron_TM_ROS2/build/tm_msgs
