[0.057s] Invoking command in '/home/gy/Omron_TM_ROS2/build/techman_robot_msgs': CMAKE_PREFIX_PATH=${CMAKE_PREFIX_PATH}:/home/gy/Omron_TM_ROS2/install/tmr_mod_urdf:/home/gy/Omron_TM_ROS2/install/tm_get_status:/home/gy/Omron_TM_ROS2/install/rviz_tm:/home/gy/Omron_TM_ROS2/install/pickplace:/opt/ros/foxy /usr/bin/cmake --build /home/gy/Omron_TM_ROS2/build/techman_robot_msgs -- -j3 -l3
[0.215s] [  3%] Built target techman_robot_msgs__cpp
[0.246s] [ 12%] Built target techman_robot_msgs__rosidl_generator_c
[0.328s] [ 22%] Built target techman_robot_msgs__rosidl_typesupport_introspection_cpp
[0.333s] [ 32%] Built target techman_robot_msgs__rosidl_typesupport_fastrtps_cpp
[0.359s] [ 41%] Built target techman_robot_msgs__rosidl_typesupport_cpp
[0.456s] [ 51%] Built target techman_robot_msgs__rosidl_typesupport_c
[0.463s] [ 61%] Built target techman_robot_msgs__rosidl_typesupport_introspection_c
[0.499s] [ 70%] Built target techman_robot_msgs__rosidl_typesupport_fastrtps_c
[0.612s] [ 70%] Built target techman_robot_msgs
[0.615s] [ 74%] Built target techman_robot_msgs__py
[0.724s] [ 80%] Built target techman_robot_msgs__python
[0.865s] [ 87%] Built target techman_robot_msgs__rosidl_typesupport_introspection_c__pyext
[0.867s] [ 93%] Built target techman_robot_msgs__rosidl_typesupport_c__pyext
[0.887s] [100%] Built target techman_robot_msgs__rosidl_typesupport_fastrtps_c__pyext
[0.929s] Invoked command in '/home/gy/Omron_TM_ROS2/build/techman_robot_msgs' returned '0': CMAKE_PREFIX_PATH=${CMAKE_PREFIX_PATH}:/home/gy/Omron_TM_ROS2/install/tmr_mod_urdf:/home/gy/Omron_TM_ROS2/install/tm_get_status:/home/gy/Omron_TM_ROS2/install/rviz_tm:/home/gy/Omron_TM_ROS2/install/pickplace:/opt/ros/foxy /usr/bin/cmake --build /home/gy/Omron_TM_ROS2/build/techman_robot_msgs -- -j3 -l3
[1.186s] Invoking command in '/home/gy/Omron_TM_ROS2/build/techman_robot_msgs': CMAKE_PREFIX_PATH=${CMAKE_PREFIX_PATH}:/home/gy/Omron_TM_ROS2/install/tmr_mod_urdf:/home/gy/Omron_TM_ROS2/install/tm_get_status:/home/gy/Omron_TM_ROS2/install/rviz_tm:/home/gy/Omron_TM_ROS2/install/pickplace:/opt/ros/foxy /usr/bin/cmake --install /home/gy/Omron_TM_ROS2/build/techman_robot_msgs
[1.226s] -- Install configuration: ""
[1.227s] -- Up-to-date: /home/gy/Omron_TM_ROS2/install/techman_robot_msgs/share/ament_index/resource_index/rosidl_interfaces/techman_robot_msgs
[1.227s] -- Up-to-date: /home/gy/Omron_TM_ROS2/install/techman_robot_msgs/include/techman_robot_msgs
[1.228s] -- Up-to-date: /home/gy/Omron_TM_ROS2/install/techman_robot_msgs/include/techman_robot_msgs/srv
[1.228s] -- Up-to-date: /home/gy/Omron_TM_ROS2/install/techman_robot_msgs/include/techman_robot_msgs/srv/detail
[1.228s] -- Up-to-date: /home/gy/Omron_TM_ROS2/install/techman_robot_msgs/include/techman_robot_msgs/srv/detail/techman_robot_command__type_support.h
[1.228s] -- Up-to-date: /home/gy/Omron_TM_ROS2/install/techman_robot_msgs/include/techman_robot_msgs/srv/detail/techman_robot_command__functions.h
[1.232s] -- Up-to-date: /home/gy/Omron_TM_ROS2/install/techman_robot_msgs/include/techman_robot_msgs/srv/detail/techman_robot_command__functions.c
[1.233s] -- Up-to-date: /home/gy/Omron_TM_ROS2/install/techman_robot_msgs/include/techman_robot_msgs/srv/detail/techman_robot_command__struct.h
[1.233s] -- Up-to-date: /home/gy/Omron_TM_ROS2/install/techman_robot_msgs/include/techman_robot_msgs/srv/techman_robot_command.h
[1.233s] -- Up-to-date: /home/gy/Omron_TM_ROS2/install/techman_robot_msgs/include/techman_robot_msgs/msg
[1.233s] -- Up-to-date: /home/gy/Omron_TM_ROS2/install/techman_robot_msgs/include/techman_robot_msgs/msg/rosidl_generator_c__visibility_control.h
[1.234s] -- Up-to-date: /home/gy/Omron_TM_ROS2/install/techman_robot_msgs/share/techman_robot_msgs/environment/library_path.sh
[1.234s] -- Up-to-date: /home/gy/Omron_TM_ROS2/install/techman_robot_msgs/share/techman_robot_msgs/environment/library_path.dsv
[1.235s] -- Up-to-date: /home/gy/Omron_TM_ROS2/install/techman_robot_msgs/lib/libtechman_robot_msgs__rosidl_generator_c.so
[1.235s] -- Up-to-date: /home/gy/Omron_TM_ROS2/install/techman_robot_msgs/include/techman_robot_msgs
[1.236s] -- Up-to-date: /home/gy/Omron_TM_ROS2/install/techman_robot_msgs/include/techman_robot_msgs/srv
[1.238s] -- Up-to-date: /home/gy/Omron_TM_ROS2/install/techman_robot_msgs/include/techman_robot_msgs/srv/detail
[1.239s] -- Up-to-date: /home/gy/Omron_TM_ROS2/install/techman_robot_msgs/include/techman_robot_msgs/srv/detail/techman_robot_command__rosidl_typesupport_fastrtps_c.h
[1.239s] -- Up-to-date: /home/gy/Omron_TM_ROS2/install/techman_robot_msgs/include/techman_robot_msgs/msg
[1.239s] -- Up-to-date: /home/gy/Omron_TM_ROS2/install/techman_robot_msgs/include/techman_robot_msgs/msg/rosidl_typesupport_fastrtps_c__visibility_control.h
[1.240s] -- Up-to-date: /home/gy/Omron_TM_ROS2/install/techman_robot_msgs/lib/libtechman_robot_msgs__rosidl_typesupport_fastrtps_c.so
[1.247s] -- Up-to-date: /home/gy/Omron_TM_ROS2/install/techman_robot_msgs/include/techman_robot_msgs
[1.249s] -- Up-to-date: /home/gy/Omron_TM_ROS2/install/techman_robot_msgs/include/techman_robot_msgs/srv
[1.253s] -- Up-to-date: /home/gy/Omron_TM_ROS2/install/techman_robot_msgs/include/techman_robot_msgs/srv/detail
[1.254s] -- Up-to-date: /home/gy/Omron_TM_ROS2/install/techman_robot_msgs/include/techman_robot_msgs/srv/detail/techman_robot_command__rosidl_typesupport_fastrtps_cpp.hpp
[1.254s] -- Up-to-date: /home/gy/Omron_TM_ROS2/install/techman_robot_msgs/include/techman_robot_msgs/srv/detail/dds_fastrtps
[1.254s] -- Up-to-date: /home/gy/Omron_TM_ROS2/install/techman_robot_msgs/include/techman_robot_msgs/msg
[1.255s] -- Up-to-date: /home/gy/Omron_TM_ROS2/install/techman_robot_msgs/include/techman_robot_msgs/msg/rosidl_typesupport_fastrtps_cpp__visibility_control.h
[1.256s] -- Up-to-date: /home/gy/Omron_TM_ROS2/install/techman_robot_msgs/lib/libtechman_robot_msgs__rosidl_typesupport_fastrtps_cpp.so
[1.257s] -- Up-to-date: /home/gy/Omron_TM_ROS2/install/techman_robot_msgs/include/techman_robot_msgs
[1.261s] -- Up-to-date: /home/gy/Omron_TM_ROS2/install/techman_robot_msgs/include/techman_robot_msgs/srv
[1.261s] -- Up-to-date: /home/gy/Omron_TM_ROS2/install/techman_robot_msgs/include/techman_robot_msgs/srv/detail
[1.262s] -- Up-to-date: /home/gy/Omron_TM_ROS2/install/techman_robot_msgs/include/techman_robot_msgs/srv/detail/techman_robot_command__rosidl_typesupport_introspection_c.h
[1.263s] -- Up-to-date: /home/gy/Omron_TM_ROS2/install/techman_robot_msgs/include/techman_robot_msgs/srv/detail/techman_robot_command__type_support.c
[1.263s] -- Up-to-date: /home/gy/Omron_TM_ROS2/install/techman_robot_msgs/include/techman_robot_msgs/msg
[1.264s] -- Up-to-date: /home/gy/Omron_TM_ROS2/install/techman_robot_msgs/include/techman_robot_msgs/msg/rosidl_typesupport_introspection_c__visibility_control.h
[1.266s] -- Up-to-date: /home/gy/Omron_TM_ROS2/install/techman_robot_msgs/lib/libtechman_robot_msgs__rosidl_typesupport_introspection_c.so
[1.269s] -- Up-to-date: /home/gy/Omron_TM_ROS2/install/techman_robot_msgs/lib/libtechman_robot_msgs__rosidl_typesupport_c.so
[1.270s] -- Up-to-date: /home/gy/Omron_TM_ROS2/install/techman_robot_msgs/include/techman_robot_msgs
[1.270s] -- Up-to-date: /home/gy/Omron_TM_ROS2/install/techman_robot_msgs/include/techman_robot_msgs/srv
[1.272s] -- Up-to-date: /home/gy/Omron_TM_ROS2/install/techman_robot_msgs/include/techman_robot_msgs/srv/detail
[1.275s] -- Up-to-date: /home/gy/Omron_TM_ROS2/install/techman_robot_msgs/include/techman_robot_msgs/srv/detail/techman_robot_command__builder.hpp
[1.275s] -- Up-to-date: /home/gy/Omron_TM_ROS2/install/techman_robot_msgs/include/techman_robot_msgs/srv/detail/techman_robot_command__traits.hpp
[1.275s] -- Up-to-date: /home/gy/Omron_TM_ROS2/install/techman_robot_msgs/include/techman_robot_msgs/srv/detail/techman_robot_command__struct.hpp
[1.275s] -- Up-to-date: /home/gy/Omron_TM_ROS2/install/techman_robot_msgs/include/techman_robot_msgs/srv/techman_robot_command.hpp
[1.275s] -- Up-to-date: /home/gy/Omron_TM_ROS2/install/techman_robot_msgs/include/techman_robot_msgs
[1.280s] -- Up-to-date: /home/gy/Omron_TM_ROS2/install/techman_robot_msgs/include/techman_robot_msgs/srv
[1.280s] -- Up-to-date: /home/gy/Omron_TM_ROS2/install/techman_robot_msgs/include/techman_robot_msgs/srv/detail
[1.281s] -- Up-to-date: /home/gy/Omron_TM_ROS2/install/techman_robot_msgs/include/techman_robot_msgs/srv/detail/techman_robot_command__rosidl_typesupport_introspection_cpp.hpp
[1.281s] -- Up-to-date: /home/gy/Omron_TM_ROS2/install/techman_robot_msgs/include/techman_robot_msgs/srv/detail/techman_robot_command__type_support.cpp
[1.282s] -- Up-to-date: /home/gy/Omron_TM_ROS2/install/techman_robot_msgs/lib/libtechman_robot_msgs__rosidl_typesupport_introspection_cpp.so
[1.283s] -- Up-to-date: /home/gy/Omron_TM_ROS2/install/techman_robot_msgs/lib/libtechman_robot_msgs__rosidl_typesupport_cpp.so
[1.283s] -- Up-to-date: /home/gy/Omron_TM_ROS2/install/techman_robot_msgs/share/techman_robot_msgs/environment/pythonpath.sh
[1.288s] -- Up-to-date: /home/gy/Omron_TM_ROS2/install/techman_robot_msgs/share/techman_robot_msgs/environment/pythonpath.dsv
[1.289s] -- Up-to-date: /home/gy/Omron_TM_ROS2/install/techman_robot_msgs/lib/python3.8/site-packages/techman_robot_msgs/__init__.py
[1.422s] -- Up-to-date: /home/gy/Omron_TM_ROS2/install/techman_robot_msgs/lib/python3.8/site-packages/techman_robot_msgs/srv
[1.422s] -- Up-to-date: /home/gy/Omron_TM_ROS2/install/techman_robot_msgs/lib/python3.8/site-packages/techman_robot_msgs/srv/__init__.py
[1.422s] -- Up-to-date: /home/gy/Omron_TM_ROS2/install/techman_robot_msgs/lib/python3.8/site-packages/techman_robot_msgs/srv/_techman_robot_command_s.c
[1.422s] -- Up-to-date: /home/gy/Omron_TM_ROS2/install/techman_robot_msgs/lib/python3.8/site-packages/techman_robot_msgs/srv/_techman_robot_command.py
[1.423s] -- Up-to-date: /home/gy/Omron_TM_ROS2/install/techman_robot_msgs/lib/python3.8/site-packages/techman_robot_msgs/techman_robot_msgs_s__rosidl_typesupport_fastrtps_c.cpython-38-x86_64-linux-gnu.so
[1.423s] -- Up-to-date: /home/gy/Omron_TM_ROS2/install/techman_robot_msgs/lib/python3.8/site-packages/techman_robot_msgs/techman_robot_msgs_s__rosidl_typesupport_introspection_c.cpython-38-x86_64-linux-gnu.so
[1.423s] -- Up-to-date: /home/gy/Omron_TM_ROS2/install/techman_robot_msgs/lib/python3.8/site-packages/techman_robot_msgs/techman_robot_msgs_s__rosidl_typesupport_c.cpython-38-x86_64-linux-gnu.so
[1.423s] -- Up-to-date: /home/gy/Omron_TM_ROS2/install/techman_robot_msgs/lib/libtechman_robot_msgs__python.so
[1.423s] -- Up-to-date: /home/gy/Omron_TM_ROS2/install/techman_robot_msgs/share/techman_robot_msgs/srv/TechmanRobotCommand.idl
[1.424s] -- Up-to-date: /home/gy/Omron_TM_ROS2/install/techman_robot_msgs/share/techman_robot_msgs/srv/TechmanRobotCommand.srv
[1.424s] -- Up-to-date: /home/gy/Omron_TM_ROS2/install/techman_robot_msgs/share/techman_robot_msgs/srv/TechmanRobotCommand_Request.msg
[1.424s] -- Up-to-date: /home/gy/Omron_TM_ROS2/install/techman_robot_msgs/share/techman_robot_msgs/srv/TechmanRobotCommand_Response.msg
[1.425s] -- Up-to-date: /home/gy/Omron_TM_ROS2/install/techman_robot_msgs/share/ament_index/resource_index/package_run_dependencies/techman_robot_msgs
[1.429s] -- Up-to-date: /home/gy/Omron_TM_ROS2/install/techman_robot_msgs/share/ament_index/resource_index/parent_prefix_path/techman_robot_msgs
[1.429s] -- Up-to-date: /home/gy/Omron_TM_ROS2/install/techman_robot_msgs/share/techman_robot_msgs/environment/ament_prefix_path.sh
[1.430s] -- Up-to-date: /home/gy/Omron_TM_ROS2/install/techman_robot_msgs/share/techman_robot_msgs/environment/ament_prefix_path.dsv
[1.430s] -- Up-to-date: /home/gy/Omron_TM_ROS2/install/techman_robot_msgs/share/techman_robot_msgs/environment/path.sh
[1.431s] -- Up-to-date: /home/gy/Omron_TM_ROS2/install/techman_robot_msgs/share/techman_robot_msgs/environment/path.dsv
[1.431s] -- Up-to-date: /home/gy/Omron_TM_ROS2/install/techman_robot_msgs/share/techman_robot_msgs/local_setup.bash
[1.431s] -- Up-to-date: /home/gy/Omron_TM_ROS2/install/techman_robot_msgs/share/techman_robot_msgs/local_setup.sh
[1.432s] -- Up-to-date: /home/gy/Omron_TM_ROS2/install/techman_robot_msgs/share/techman_robot_msgs/local_setup.zsh
[1.432s] -- Up-to-date: /home/gy/Omron_TM_ROS2/install/techman_robot_msgs/share/techman_robot_msgs/local_setup.dsv
[1.436s] -- Installing: /home/gy/Omron_TM_ROS2/install/techman_robot_msgs/share/techman_robot_msgs/package.dsv
[1.437s] -- Up-to-date: /home/gy/Omron_TM_ROS2/install/techman_robot_msgs/share/ament_index/resource_index/packages/techman_robot_msgs
[1.438s] -- Up-to-date: /home/gy/Omron_TM_ROS2/install/techman_robot_msgs/share/techman_robot_msgs/cmake/techman_robot_msgs__rosidl_generator_cExport.cmake
[1.438s] -- Up-to-date: /home/gy/Omron_TM_ROS2/install/techman_robot_msgs/share/techman_robot_msgs/cmake/techman_robot_msgs__rosidl_generator_cExport-noconfig.cmake
[1.439s] -- Up-to-date: /home/gy/Omron_TM_ROS2/install/techman_robot_msgs/share/techman_robot_msgs/cmake/techman_robot_msgs__rosidl_typesupport_introspection_cExport.cmake
[1.439s] -- Up-to-date: /home/gy/Omron_TM_ROS2/install/techman_robot_msgs/share/techman_robot_msgs/cmake/techman_robot_msgs__rosidl_typesupport_introspection_cExport-noconfig.cmake
[1.440s] -- Up-to-date: /home/gy/Omron_TM_ROS2/install/techman_robot_msgs/share/techman_robot_msgs/cmake/techman_robot_msgs__rosidl_typesupport_cExport.cmake
[1.440s] -- Up-to-date: /home/gy/Omron_TM_ROS2/install/techman_robot_msgs/share/techman_robot_msgs/cmake/techman_robot_msgs__rosidl_typesupport_cExport-noconfig.cmake
[1.441s] -- Up-to-date: /home/gy/Omron_TM_ROS2/install/techman_robot_msgs/share/techman_robot_msgs/cmake/techman_robot_msgs__rosidl_generator_cppExport.cmake
[1.441s] -- Up-to-date: /home/gy/Omron_TM_ROS2/install/techman_robot_msgs/share/techman_robot_msgs/cmake/techman_robot_msgs__rosidl_typesupport_introspection_cppExport.cmake
[1.446s] -- Up-to-date: /home/gy/Omron_TM_ROS2/install/techman_robot_msgs/share/techman_robot_msgs/cmake/techman_robot_msgs__rosidl_typesupport_introspection_cppExport-noconfig.cmake
[1.446s] -- Up-to-date: /home/gy/Omron_TM_ROS2/install/techman_robot_msgs/share/techman_robot_msgs/cmake/techman_robot_msgs__rosidl_typesupport_cppExport.cmake
[1.447s] -- Up-to-date: /home/gy/Omron_TM_ROS2/install/techman_robot_msgs/share/techman_robot_msgs/cmake/techman_robot_msgs__rosidl_typesupport_cppExport-noconfig.cmake
[1.447s] -- Up-to-date: /home/gy/Omron_TM_ROS2/install/techman_robot_msgs/share/techman_robot_msgs/cmake/rosidl_cmake-extras.cmake
[1.447s] -- Up-to-date: /home/gy/Omron_TM_ROS2/install/techman_robot_msgs/share/techman_robot_msgs/cmake/ament_cmake_export_dependencies-extras.cmake
[1.448s] -- Up-to-date: /home/gy/Omron_TM_ROS2/install/techman_robot_msgs/share/techman_robot_msgs/cmake/ament_cmake_export_libraries-extras.cmake
[1.448s] -- Up-to-date: /home/gy/Omron_TM_ROS2/install/techman_robot_msgs/share/techman_robot_msgs/cmake/ament_cmake_export_targets-extras.cmake
[1.448s] -- Up-to-date: /home/gy/Omron_TM_ROS2/install/techman_robot_msgs/share/techman_robot_msgs/cmake/ament_cmake_export_include_directories-extras.cmake
[1.449s] -- Up-to-date: /home/gy/Omron_TM_ROS2/install/techman_robot_msgs/share/techman_robot_msgs/cmake/rosidl_cmake_export_typesupport_libraries-extras.cmake
[1.449s] -- Up-to-date: /home/gy/Omron_TM_ROS2/install/techman_robot_msgs/share/techman_robot_msgs/cmake/rosidl_cmake_export_typesupport_targets-extras.cmake
[1.449s] -- Up-to-date: /home/gy/Omron_TM_ROS2/install/techman_robot_msgs/share/techman_robot_msgs/cmake/techman_robot_msgsConfig.cmake
[1.450s] -- Up-to-date: /home/gy/Omron_TM_ROS2/install/techman_robot_msgs/share/techman_robot_msgs/cmake/techman_robot_msgsConfig-version.cmake
[1.450s] -- Up-to-date: /home/gy/Omron_TM_ROS2/install/techman_robot_msgs/share/techman_robot_msgs/package.xml
[1.462s] Invoked command in '/home/gy/Omron_TM_ROS2/build/techman_robot_msgs' returned '0': CMAKE_PREFIX_PATH=${CMAKE_PREFIX_PATH}:/home/gy/Omron_TM_ROS2/install/tmr_mod_urdf:/home/gy/Omron_TM_ROS2/install/tm_get_status:/home/gy/Omron_TM_ROS2/install/rviz_tm:/home/gy/Omron_TM_ROS2/install/pickplace:/opt/ros/foxy /usr/bin/cmake --install /home/gy/Omron_TM_ROS2/build/techman_robot_msgs
