[0.478s] Invoking command in '/home/gy/Omron_TM_ROS2/build/pickplace': PYTHONPATH=/home/gy/Omron_TM_ROS2/install/pickplace/lib/python3.8/site-packages:${PYTHONPATH} /usr/bin/python3 setup.py develop --prefix /home/gy/Omron_TM_ROS2/install/pickplace --editable --build-directory /home/gy/Omron_TM_ROS2/build/pickplace/build --no-deps install_data --install-dir /home/gy/Omron_TM_ROS2/install/pickplace
[0.926s] running develop
[1.158s] running egg_info
[1.158s] writing pickplace.egg-info/PKG-INFO
[1.158s] writing dependency_links to pickplace.egg-info/dependency_links.txt
[1.159s] writing entry points to pickplace.egg-info/entry_points.txt
[1.159s] writing requirements to pickplace.egg-info/requires.txt
[1.159s] writing top-level names to pickplace.egg-info/top_level.txt
[1.226s] reading manifest file 'pickplace.egg-info/SOURCES.txt'
[1.228s] writing manifest file 'pickplace.egg-info/SOURCES.txt'
[1.299s] running build_ext
[1.300s] Creating /home/gy/Omron_TM_ROS2/install/pickplace/lib/python3.8/site-packages/pickplace.egg-link (link to .)
[1.301s] Installing pickplace script to /home/gy/Omron_TM_ROS2/install/pickplace/lib/pickplace
[1.301s] Installing teach_setup script to /home/gy/Omron_TM_ROS2/install/pickplace/lib/pickplace
[1.302s] Installing test script to /home/gy/Omron_TM_ROS2/install/pickplace/lib/pickplace
[1.302s] 
[1.302s] Installed /home/gy/Omron_TM_ROS2/build/pickplace
[1.302s] running install_data
[1.302s] copying pp_library/testform.py -> /home/gy/Omron_TM_ROS2/install/pickplace/share/pickplace/pp_library
[1.346s] Invoked command in '/home/gy/Omron_TM_ROS2/build/pickplace' returned '0': PYTHONPATH=/home/gy/Omron_TM_ROS2/install/pickplace/lib/python3.8/site-packages:${PYTHONPATH} /usr/bin/python3 setup.py develop --prefix /home/gy/Omron_TM_ROS2/install/pickplace --editable --build-directory /home/gy/Omron_TM_ROS2/build/pickplace/build --no-deps install_data --install-dir /home/gy/Omron_TM_ROS2/install/pickplace
