[0.042s] Invoking command in '/home/gy/Omron_TM_ROS2/build/tmr_msgs': CMAKE_PREFIX_PATH=${CMAKE_PREFIX_PATH}:/home/gy/Omron_TM_ROS2/install/pickplace:/home/gy/Omron_TM_ROS2/install/tmr_mod_urdf:/home/gy/Omron_TM_ROS2/install/tm_get_status:/opt/ros/foxy /usr/bin/cmake --build /home/gy/Omron_TM_ROS2/build/tmr_msgs -- -j3 -l3
[0.072s] CMake Error: The current CMakeCache.txt directory /home/gy/Omron_TM_ROS2/build/tmr_msgs/CMakeCache.txt is different than the directory /home/gy/tmr_ros2/build/tmr_msgs where CMakeCache.txt was created. This may result in binaries being created in the wrong place. If you are not sure, reedit the CMakeCache.txt
[0.206s] [ 12%] Built target tmr_msgs__rosidl_generator_c
[0.223s] [ 12%] Built target tmr_msgs__cpp
[0.307s] [ 24%] Built target tmr_msgs__rosidl_typesupport_introspection_cpp
[0.325s] [ 45%] Built target tmr_msgs__rosidl_typesupport_c
[0.325s] [ 48%] Built target tmr_msgs__rosidl_typesupport_introspection_c
[0.393s] [ 59%] Built target tmr_msgs__rosidl_typesupport_fastrtps_cpp
[0.393s] [ 71%] Built target tmr_msgs__rosidl_typesupport_cpp
[0.455s] [ 83%] Built target tmr_msgs__rosidl_typesupport_fastrtps_c
[0.494s] [ 83%] Built target tmr_msgs
[0.548s] [ 84%] Built target tmr_msgs__py
[0.658s] [ 95%] Built target tmr_msgs__python
[0.711s] [ 96%] Built target tmr_msgs__rosidl_typesupport_c__pyext
[0.734s] [ 98%] Built target tmr_msgs__rosidl_typesupport_fastrtps_c__pyext
[0.737s] [100%] Built target tmr_msgs__rosidl_typesupport_introspection_c__pyext
[0.760s] Invoked command in '/home/gy/Omron_TM_ROS2/build/tmr_msgs' returned '0': CMAKE_PREFIX_PATH=${CMAKE_PREFIX_PATH}:/home/gy/Omron_TM_ROS2/install/pickplace:/home/gy/Omron_TM_ROS2/install/tmr_mod_urdf:/home/gy/Omron_TM_ROS2/install/tm_get_status:/opt/ros/foxy /usr/bin/cmake --build /home/gy/Omron_TM_ROS2/build/tmr_msgs -- -j3 -l3
[1.491s] Invoking command in '/home/gy/Omron_TM_ROS2/build/tmr_msgs': CMAKE_PREFIX_PATH=${CMAKE_PREFIX_PATH}:/home/gy/Omron_TM_ROS2/install/pickplace:/home/gy/Omron_TM_ROS2/install/tmr_mod_urdf:/home/gy/Omron_TM_ROS2/install/tm_get_status:/opt/ros/foxy /usr/bin/cmake --install /home/gy/Omron_TM_ROS2/build/tmr_msgs
[1.517s] -- Install configuration: ""
[1.518s] -- Up-to-date: /home/gy/tmr_ros2/install/tmr_msgs/share/ament_index/resource_index/rosidl_interfaces/tmr_msgs
[1.519s] -- Up-to-date: /home/gy/tmr_ros2/install/tmr_msgs/include/tmr_msgs
[1.519s] -- Up-to-date: /home/gy/tmr_ros2/install/tmr_msgs/include/tmr_msgs/srv
[1.520s] -- Up-to-date: /home/gy/tmr_ros2/install/tmr_msgs/include/tmr_msgs/srv/detail
[1.520s] -- Up-to-date: /home/gy/tmr_ros2/install/tmr_msgs/include/tmr_msgs/srv/detail/set_io__type_support.h
[1.520s] -- Up-to-date: /home/gy/tmr_ros2/install/tmr_msgs/include/tmr_msgs/srv/detail/set_positions__functions.h
[1.520s] -- Up-to-date: /home/gy/tmr_ros2/install/tmr_msgs/include/tmr_msgs/srv/detail/ask_sta__functions.h
[1.520s] -- Up-to-date: /home/gy/tmr_ros2/install/tmr_msgs/include/tmr_msgs/srv/detail/set_positions__functions.c
[1.520s] -- Up-to-date: /home/gy/tmr_ros2/install/tmr_msgs/include/tmr_msgs/srv/detail/set_io__functions.h
[1.520s] -- Up-to-date: /home/gy/tmr_ros2/install/tmr_msgs/include/tmr_msgs/srv/detail/send_script__type_support.h
[1.521s] -- Up-to-date: /home/gy/tmr_ros2/install/tmr_msgs/include/tmr_msgs/srv/detail/send_script__struct.h
[1.521s] -- Up-to-date: /home/gy/tmr_ros2/install/tmr_msgs/include/tmr_msgs/srv/detail/set_event__struct.h
[1.521s] -- Up-to-date: /home/gy/tmr_ros2/install/tmr_msgs/include/tmr_msgs/srv/detail/set_event__functions.h
[1.521s] -- Up-to-date: /home/gy/tmr_ros2/install/tmr_msgs/include/tmr_msgs/srv/detail/set_event__type_support.h
[1.521s] -- Up-to-date: /home/gy/tmr_ros2/install/tmr_msgs/include/tmr_msgs/srv/detail/connect_tm__functions.c
[1.521s] -- Up-to-date: /home/gy/tmr_ros2/install/tmr_msgs/include/tmr_msgs/srv/detail/ask_sta__struct.h
[1.521s] -- Up-to-date: /home/gy/tmr_ros2/install/tmr_msgs/include/tmr_msgs/srv/detail/set_io__struct.h
[1.521s] -- Up-to-date: /home/gy/tmr_ros2/install/tmr_msgs/include/tmr_msgs/srv/detail/send_script__functions.h
[1.522s] -- Up-to-date: /home/gy/tmr_ros2/install/tmr_msgs/include/tmr_msgs/srv/detail/set_positions__type_support.h
[1.522s] -- Up-to-date: /home/gy/tmr_ros2/install/tmr_msgs/include/tmr_msgs/srv/detail/set_io__functions.c
[1.522s] -- Up-to-date: /home/gy/tmr_ros2/install/tmr_msgs/include/tmr_msgs/srv/detail/ask_sta__functions.c
[1.522s] -- Up-to-date: /home/gy/tmr_ros2/install/tmr_msgs/include/tmr_msgs/srv/detail/ask_item__functions.c
[1.522s] -- Up-to-date: /home/gy/tmr_ros2/install/tmr_msgs/include/tmr_msgs/srv/detail/write_item__functions.h
[1.522s] -- Up-to-date: /home/gy/tmr_ros2/install/tmr_msgs/include/tmr_msgs/srv/detail/connect_tm__type_support.h
[1.522s] -- Up-to-date: /home/gy/tmr_ros2/install/tmr_msgs/include/tmr_msgs/srv/detail/send_script__functions.c
[1.522s] -- Up-to-date: /home/gy/tmr_ros2/install/tmr_msgs/include/tmr_msgs/srv/detail/ask_item__type_support.h
[1.523s] -- Up-to-date: /home/gy/tmr_ros2/install/tmr_msgs/include/tmr_msgs/srv/detail/set_positions__struct.h
[1.524s] -- Up-to-date: /home/gy/tmr_ros2/install/tmr_msgs/include/tmr_msgs/srv/detail/write_item__functions.c
[1.524s] -- Up-to-date: /home/gy/tmr_ros2/install/tmr_msgs/include/tmr_msgs/srv/detail/write_item__struct.h
[1.525s] -- Up-to-date: /home/gy/tmr_ros2/install/tmr_msgs/include/tmr_msgs/srv/detail/connect_tm__struct.h
[1.525s] -- Up-to-date: /home/gy/tmr_ros2/install/tmr_msgs/include/tmr_msgs/srv/detail/ask_item__functions.h
[1.525s] -- Up-to-date: /home/gy/tmr_ros2/install/tmr_msgs/include/tmr_msgs/srv/detail/set_event__functions.c
[1.525s] -- Up-to-date: /home/gy/tmr_ros2/install/tmr_msgs/include/tmr_msgs/srv/detail/connect_tm__functions.h
[1.525s] -- Up-to-date: /home/gy/tmr_ros2/install/tmr_msgs/include/tmr_msgs/srv/detail/ask_item__struct.h
[1.525s] -- Up-to-date: /home/gy/tmr_ros2/install/tmr_msgs/include/tmr_msgs/srv/detail/write_item__type_support.h
[1.525s] -- Up-to-date: /home/gy/tmr_ros2/install/tmr_msgs/include/tmr_msgs/srv/detail/ask_sta__type_support.h
[1.526s] -- Up-to-date: /home/gy/tmr_ros2/install/tmr_msgs/include/tmr_msgs/srv/connect_tm.h
[1.526s] -- Up-to-date: /home/gy/tmr_ros2/install/tmr_msgs/include/tmr_msgs/srv/ask_item.h
[1.526s] -- Up-to-date: /home/gy/tmr_ros2/install/tmr_msgs/include/tmr_msgs/srv/write_item.h
[1.526s] -- Up-to-date: /home/gy/tmr_ros2/install/tmr_msgs/include/tmr_msgs/srv/set_io.h
[1.526s] -- Up-to-date: /home/gy/tmr_ros2/install/tmr_msgs/include/tmr_msgs/srv/set_positions.h
[1.526s] -- Up-to-date: /home/gy/tmr_ros2/install/tmr_msgs/include/tmr_msgs/srv/send_script.h
[1.526s] -- Up-to-date: /home/gy/tmr_ros2/install/tmr_msgs/include/tmr_msgs/srv/ask_sta.h
[1.527s] -- Up-to-date: /home/gy/tmr_ros2/install/tmr_msgs/include/tmr_msgs/srv/set_event.h
[1.527s] -- Up-to-date: /home/gy/tmr_ros2/install/tmr_msgs/include/tmr_msgs/msg
[1.527s] -- Up-to-date: /home/gy/tmr_ros2/install/tmr_msgs/include/tmr_msgs/msg/detail
[1.527s] -- Up-to-date: /home/gy/tmr_ros2/install/tmr_msgs/include/tmr_msgs/msg/detail/feedback_state__type_support.h
[1.527s] -- Up-to-date: /home/gy/tmr_ros2/install/tmr_msgs/include/tmr_msgs/msg/detail/feedback_state__functions.h
[1.527s] -- Up-to-date: /home/gy/tmr_ros2/install/tmr_msgs/include/tmr_msgs/msg/detail/svr_response__type_support.h
[1.527s] -- Up-to-date: /home/gy/tmr_ros2/install/tmr_msgs/include/tmr_msgs/msg/detail/sta_response__functions.c
[1.527s] -- Up-to-date: /home/gy/tmr_ros2/install/tmr_msgs/include/tmr_msgs/msg/detail/sta_response__type_support.h
[1.528s] -- Up-to-date: /home/gy/tmr_ros2/install/tmr_msgs/include/tmr_msgs/msg/detail/sct_response__functions.c
[1.528s] -- Up-to-date: /home/gy/tmr_ros2/install/tmr_msgs/include/tmr_msgs/msg/detail/feedback_state__functions.c
[1.528s] -- Up-to-date: /home/gy/tmr_ros2/install/tmr_msgs/include/tmr_msgs/msg/detail/sct_response__type_support.h
[1.528s] -- Up-to-date: /home/gy/tmr_ros2/install/tmr_msgs/include/tmr_msgs/msg/detail/svr_response__struct.h
[1.528s] -- Up-to-date: /home/gy/tmr_ros2/install/tmr_msgs/include/tmr_msgs/msg/detail/svr_response__functions.h
[1.528s] -- Up-to-date: /home/gy/tmr_ros2/install/tmr_msgs/include/tmr_msgs/msg/detail/sct_response__functions.h
[1.528s] -- Up-to-date: /home/gy/tmr_ros2/install/tmr_msgs/include/tmr_msgs/msg/detail/feedback_state__struct.h
[1.528s] -- Up-to-date: /home/gy/tmr_ros2/install/tmr_msgs/include/tmr_msgs/msg/detail/sta_response__functions.h
[1.529s] -- Up-to-date: /home/gy/tmr_ros2/install/tmr_msgs/include/tmr_msgs/msg/detail/svr_response__functions.c
[1.529s] -- Up-to-date: /home/gy/tmr_ros2/install/tmr_msgs/include/tmr_msgs/msg/detail/sta_response__struct.h
[1.529s] -- Up-to-date: /home/gy/tmr_ros2/install/tmr_msgs/include/tmr_msgs/msg/detail/sct_response__struct.h
[1.529s] -- Up-to-date: /home/gy/tmr_ros2/install/tmr_msgs/include/tmr_msgs/msg/svr_response.h
[1.529s] -- Up-to-date: /home/gy/tmr_ros2/install/tmr_msgs/include/tmr_msgs/msg/feedback_state.h
[1.529s] -- Up-to-date: /home/gy/tmr_ros2/install/tmr_msgs/include/tmr_msgs/msg/sct_response.h
[1.529s] -- Up-to-date: /home/gy/tmr_ros2/install/tmr_msgs/include/tmr_msgs/msg/rosidl_generator_c__visibility_control.h
[1.529s] -- Up-to-date: /home/gy/tmr_ros2/install/tmr_msgs/include/tmr_msgs/msg/sta_response.h
[1.529s] -- Up-to-date: /home/gy/tmr_ros2/install/tmr_msgs/share/tmr_msgs/environment/library_path.sh
[1.529s] -- Up-to-date: /home/gy/tmr_ros2/install/tmr_msgs/share/tmr_msgs/environment/library_path.dsv
[1.536s] -- Up-to-date: /home/gy/tmr_ros2/install/tmr_msgs/lib/libtmr_msgs__rosidl_generator_c.so
[1.536s] -- Up-to-date: /home/gy/tmr_ros2/install/tmr_msgs/include/tmr_msgs
[1.536s] -- Up-to-date: /home/gy/tmr_ros2/install/tmr_msgs/include/tmr_msgs/srv
[1.536s] -- Up-to-date: /home/gy/tmr_ros2/install/tmr_msgs/include/tmr_msgs/srv/detail
[1.536s] -- Up-to-date: /home/gy/tmr_ros2/install/tmr_msgs/include/tmr_msgs/srv/detail/connect_tm__rosidl_typesupport_fastrtps_c.h
[1.541s] -- Up-to-date: /home/gy/tmr_ros2/install/tmr_msgs/include/tmr_msgs/srv/detail/set_event__rosidl_typesupport_fastrtps_c.h
[1.541s] -- Up-to-date: /home/gy/tmr_ros2/install/tmr_msgs/include/tmr_msgs/srv/detail/set_io__rosidl_typesupport_fastrtps_c.h
[1.541s] -- Up-to-date: /home/gy/tmr_ros2/install/tmr_msgs/include/tmr_msgs/srv/detail/ask_sta__rosidl_typesupport_fastrtps_c.h
[1.542s] -- Up-to-date: /home/gy/tmr_ros2/install/tmr_msgs/include/tmr_msgs/srv/detail/set_positions__rosidl_typesupport_fastrtps_c.h
[1.542s] -- Up-to-date: /home/gy/tmr_ros2/install/tmr_msgs/include/tmr_msgs/srv/detail/send_script__rosidl_typesupport_fastrtps_c.h
[1.542s] -- Up-to-date: /home/gy/tmr_ros2/install/tmr_msgs/include/tmr_msgs/srv/detail/ask_item__rosidl_typesupport_fastrtps_c.h
[1.542s] -- Up-to-date: /home/gy/tmr_ros2/install/tmr_msgs/include/tmr_msgs/srv/detail/write_item__rosidl_typesupport_fastrtps_c.h
[1.542s] -- Up-to-date: /home/gy/tmr_ros2/install/tmr_msgs/include/tmr_msgs/msg
[1.542s] -- Up-to-date: /home/gy/tmr_ros2/install/tmr_msgs/include/tmr_msgs/msg/detail
[1.542s] -- Up-to-date: /home/gy/tmr_ros2/install/tmr_msgs/include/tmr_msgs/msg/detail/sct_response__rosidl_typesupport_fastrtps_c.h
[1.542s] -- Up-to-date: /home/gy/tmr_ros2/install/tmr_msgs/include/tmr_msgs/msg/detail/sta_response__rosidl_typesupport_fastrtps_c.h
[1.543s] -- Up-to-date: /home/gy/tmr_ros2/install/tmr_msgs/include/tmr_msgs/msg/detail/feedback_state__rosidl_typesupport_fastrtps_c.h
[1.543s] -- Up-to-date: /home/gy/tmr_ros2/install/tmr_msgs/include/tmr_msgs/msg/detail/svr_response__rosidl_typesupport_fastrtps_c.h
[1.543s] -- Up-to-date: /home/gy/tmr_ros2/install/tmr_msgs/include/tmr_msgs/msg/rosidl_typesupport_fastrtps_c__visibility_control.h
[1.543s] -- Up-to-date: /home/gy/tmr_ros2/install/tmr_msgs/lib/libtmr_msgs__rosidl_typesupport_fastrtps_c.so
[1.543s] -- Up-to-date: /home/gy/tmr_ros2/install/tmr_msgs/include/tmr_msgs
[1.543s] -- Up-to-date: /home/gy/tmr_ros2/install/tmr_msgs/include/tmr_msgs/srv
[1.543s] -- Up-to-date: /home/gy/tmr_ros2/install/tmr_msgs/include/tmr_msgs/srv/detail
[1.544s] -- Up-to-date: /home/gy/tmr_ros2/install/tmr_msgs/include/tmr_msgs/srv/detail/connect_tm__rosidl_typesupport_fastrtps_cpp.hpp
[1.544s] -- Up-to-date: /home/gy/tmr_ros2/install/tmr_msgs/include/tmr_msgs/srv/detail/set_io__rosidl_typesupport_fastrtps_cpp.hpp
[1.544s] -- Up-to-date: /home/gy/tmr_ros2/install/tmr_msgs/include/tmr_msgs/srv/detail/ask_sta__rosidl_typesupport_fastrtps_cpp.hpp
[1.544s] -- Up-to-date: /home/gy/tmr_ros2/install/tmr_msgs/include/tmr_msgs/srv/detail/write_item__rosidl_typesupport_fastrtps_cpp.hpp
[1.545s] -- Up-to-date: /home/gy/tmr_ros2/install/tmr_msgs/include/tmr_msgs/srv/detail/send_script__rosidl_typesupport_fastrtps_cpp.hpp
[1.546s] -- Up-to-date: /home/gy/tmr_ros2/install/tmr_msgs/include/tmr_msgs/srv/detail/set_event__rosidl_typesupport_fastrtps_cpp.hpp
[1.546s] -- Up-to-date: /home/gy/tmr_ros2/install/tmr_msgs/include/tmr_msgs/srv/detail/ask_item__rosidl_typesupport_fastrtps_cpp.hpp
[1.546s] -- Up-to-date: /home/gy/tmr_ros2/install/tmr_msgs/include/tmr_msgs/srv/detail/dds_fastrtps
[1.546s] -- Up-to-date: /home/gy/tmr_ros2/install/tmr_msgs/include/tmr_msgs/srv/detail/set_positions__rosidl_typesupport_fastrtps_cpp.hpp
[1.546s] -- Up-to-date: /home/gy/tmr_ros2/install/tmr_msgs/include/tmr_msgs/msg
[1.546s] -- Up-to-date: /home/gy/tmr_ros2/install/tmr_msgs/include/tmr_msgs/msg/detail
[1.547s] -- Up-to-date: /home/gy/tmr_ros2/install/tmr_msgs/include/tmr_msgs/msg/detail/sct_response__rosidl_typesupport_fastrtps_cpp.hpp
[1.547s] -- Up-to-date: /home/gy/tmr_ros2/install/tmr_msgs/include/tmr_msgs/msg/detail/svr_response__rosidl_typesupport_fastrtps_cpp.hpp
[1.547s] -- Up-to-date: /home/gy/tmr_ros2/install/tmr_msgs/include/tmr_msgs/msg/detail/sta_response__rosidl_typesupport_fastrtps_cpp.hpp
[1.547s] -- Up-to-date: /home/gy/tmr_ros2/install/tmr_msgs/include/tmr_msgs/msg/detail/feedback_state__rosidl_typesupport_fastrtps_cpp.hpp
[1.547s] -- Up-to-date: /home/gy/tmr_ros2/install/tmr_msgs/include/tmr_msgs/msg/detail/dds_fastrtps
[1.547s] -- Up-to-date: /home/gy/tmr_ros2/install/tmr_msgs/include/tmr_msgs/msg/rosidl_typesupport_fastrtps_cpp__visibility_control.h
[1.547s] -- Up-to-date: /home/gy/tmr_ros2/install/tmr_msgs/lib/libtmr_msgs__rosidl_typesupport_fastrtps_cpp.so
[1.548s] -- Up-to-date: /home/gy/tmr_ros2/install/tmr_msgs/include/tmr_msgs
[1.548s] -- Up-to-date: /home/gy/tmr_ros2/install/tmr_msgs/include/tmr_msgs/srv
[1.548s] -- Up-to-date: /home/gy/tmr_ros2/install/tmr_msgs/include/tmr_msgs/srv/detail
[1.548s] -- Up-to-date: /home/gy/tmr_ros2/install/tmr_msgs/include/tmr_msgs/srv/detail/write_item__type_support.c
[1.548s] -- Up-to-date: /home/gy/tmr_ros2/install/tmr_msgs/include/tmr_msgs/srv/detail/ask_item__rosidl_typesupport_introspection_c.h
[1.548s] -- Up-to-date: /home/gy/tmr_ros2/install/tmr_msgs/include/tmr_msgs/srv/detail/set_io__rosidl_typesupport_introspection_c.h
[1.548s] -- Up-to-date: /home/gy/tmr_ros2/install/tmr_msgs/include/tmr_msgs/srv/detail/send_script__type_support.c
[1.549s] -- Up-to-date: /home/gy/tmr_ros2/install/tmr_msgs/include/tmr_msgs/srv/detail/ask_sta__rosidl_typesupport_introspection_c.h
[1.549s] -- Up-to-date: /home/gy/tmr_ros2/install/tmr_msgs/include/tmr_msgs/srv/detail/ask_item__type_support.c
[1.549s] -- Up-to-date: /home/gy/tmr_ros2/install/tmr_msgs/include/tmr_msgs/srv/detail/set_positions__type_support.c
[1.549s] -- Up-to-date: /home/gy/tmr_ros2/install/tmr_msgs/include/tmr_msgs/srv/detail/send_script__rosidl_typesupport_introspection_c.h
[1.549s] -- Up-to-date: /home/gy/tmr_ros2/install/tmr_msgs/include/tmr_msgs/srv/detail/set_positions__rosidl_typesupport_introspection_c.h
[1.549s] -- Up-to-date: /home/gy/tmr_ros2/install/tmr_msgs/include/tmr_msgs/srv/detail/connect_tm__type_support.c
[1.550s] -- Up-to-date: /home/gy/tmr_ros2/install/tmr_msgs/include/tmr_msgs/srv/detail/connect_tm__rosidl_typesupport_introspection_c.h
[1.550s] -- Up-to-date: /home/gy/tmr_ros2/install/tmr_msgs/include/tmr_msgs/srv/detail/set_event__type_support.c
[1.550s] -- Up-to-date: /home/gy/tmr_ros2/install/tmr_msgs/include/tmr_msgs/srv/detail/write_item__rosidl_typesupport_introspection_c.h
[1.550s] -- Up-to-date: /home/gy/tmr_ros2/install/tmr_msgs/include/tmr_msgs/srv/detail/ask_sta__type_support.c
[1.551s] -- Up-to-date: /home/gy/tmr_ros2/install/tmr_msgs/include/tmr_msgs/srv/detail/set_io__type_support.c
[1.551s] -- Up-to-date: /home/gy/tmr_ros2/install/tmr_msgs/include/tmr_msgs/srv/detail/set_event__rosidl_typesupport_introspection_c.h
[1.551s] -- Up-to-date: /home/gy/tmr_ros2/install/tmr_msgs/include/tmr_msgs/msg
[1.551s] -- Up-to-date: /home/gy/tmr_ros2/install/tmr_msgs/include/tmr_msgs/msg/detail
[1.551s] -- Up-to-date: /home/gy/tmr_ros2/install/tmr_msgs/include/tmr_msgs/msg/detail/sct_response__type_support.c
[1.551s] -- Up-to-date: /home/gy/tmr_ros2/install/tmr_msgs/include/tmr_msgs/msg/detail/feedback_state__rosidl_typesupport_introspection_c.h
[1.551s] -- Up-to-date: /home/gy/tmr_ros2/install/tmr_msgs/include/tmr_msgs/msg/detail/svr_response__type_support.c
[1.552s] -- Up-to-date: /home/gy/tmr_ros2/install/tmr_msgs/include/tmr_msgs/msg/detail/sct_response__rosidl_typesupport_introspection_c.h
[1.552s] -- Up-to-date: /home/gy/tmr_ros2/install/tmr_msgs/include/tmr_msgs/msg/detail/sta_response__type_support.c
[1.552s] -- Up-to-date: /home/gy/tmr_ros2/install/tmr_msgs/include/tmr_msgs/msg/detail/svr_response__rosidl_typesupport_introspection_c.h
[1.552s] -- Up-to-date: /home/gy/tmr_ros2/install/tmr_msgs/include/tmr_msgs/msg/detail/feedback_state__type_support.c
[1.552s] -- Up-to-date: /home/gy/tmr_ros2/install/tmr_msgs/include/tmr_msgs/msg/detail/sta_response__rosidl_typesupport_introspection_c.h
[1.552s] -- Up-to-date: /home/gy/tmr_ros2/install/tmr_msgs/include/tmr_msgs/msg/rosidl_typesupport_introspection_c__visibility_control.h
[1.552s] -- Up-to-date: /home/gy/tmr_ros2/install/tmr_msgs/lib/libtmr_msgs__rosidl_typesupport_introspection_c.so
[1.554s] -- Up-to-date: /home/gy/tmr_ros2/install/tmr_msgs/lib/libtmr_msgs__rosidl_typesupport_c.so
[1.555s] -- Up-to-date: /home/gy/tmr_ros2/install/tmr_msgs/include/tmr_msgs
[1.557s] -- Up-to-date: /home/gy/tmr_ros2/install/tmr_msgs/include/tmr_msgs/srv
[1.558s] -- Up-to-date: /home/gy/tmr_ros2/install/tmr_msgs/include/tmr_msgs/srv/detail
[1.558s] -- Up-to-date: /home/gy/tmr_ros2/install/tmr_msgs/include/tmr_msgs/srv/detail/set_positions__struct.hpp
[1.559s] -- Up-to-date: /home/gy/tmr_ros2/install/tmr_msgs/include/tmr_msgs/srv/detail/set_positions__traits.hpp
[1.559s] -- Up-to-date: /home/gy/tmr_ros2/install/tmr_msgs/include/tmr_msgs/srv/detail/send_script__builder.hpp
[1.559s] -- Up-to-date: /home/gy/tmr_ros2/install/tmr_msgs/include/tmr_msgs/srv/detail/connect_tm__struct.hpp
[1.560s] -- Up-to-date: /home/gy/tmr_ros2/install/tmr_msgs/include/tmr_msgs/srv/detail/connect_tm__traits.hpp
[1.560s] -- Up-to-date: /home/gy/tmr_ros2/install/tmr_msgs/include/tmr_msgs/srv/detail/ask_sta__struct.hpp
[1.560s] -- Up-to-date: /home/gy/tmr_ros2/install/tmr_msgs/include/tmr_msgs/srv/detail/write_item__builder.hpp
[1.560s] -- Up-to-date: /home/gy/tmr_ros2/install/tmr_msgs/include/tmr_msgs/srv/detail/send_script__struct.hpp
[1.560s] -- Up-to-date: /home/gy/tmr_ros2/install/tmr_msgs/include/tmr_msgs/srv/detail/send_script__traits.hpp
[1.560s] -- Up-to-date: /home/gy/tmr_ros2/install/tmr_msgs/include/tmr_msgs/srv/detail/write_item__traits.hpp
[1.560s] -- Up-to-date: /home/gy/tmr_ros2/install/tmr_msgs/include/tmr_msgs/srv/detail/ask_sta__builder.hpp
[1.560s] -- Up-to-date: /home/gy/tmr_ros2/install/tmr_msgs/include/tmr_msgs/srv/detail/set_positions__builder.hpp
[1.561s] -- Up-to-date: /home/gy/tmr_ros2/install/tmr_msgs/include/tmr_msgs/srv/detail/connect_tm__builder.hpp
[1.561s] -- Up-to-date: /home/gy/tmr_ros2/install/tmr_msgs/include/tmr_msgs/srv/detail/set_io__builder.hpp
[1.561s] -- Up-to-date: /home/gy/tmr_ros2/install/tmr_msgs/include/tmr_msgs/srv/detail/ask_item__struct.hpp
[1.561s] -- Up-to-date: /home/gy/tmr_ros2/install/tmr_msgs/include/tmr_msgs/srv/detail/set_io__traits.hpp
[1.561s] -- Up-to-date: /home/gy/tmr_ros2/install/tmr_msgs/include/tmr_msgs/srv/detail/ask_item__builder.hpp
[1.561s] -- Up-to-date: /home/gy/tmr_ros2/install/tmr_msgs/include/tmr_msgs/srv/detail/write_item__struct.hpp
[1.561s] -- Up-to-date: /home/gy/tmr_ros2/install/tmr_msgs/include/tmr_msgs/srv/detail/set_event__struct.hpp
[1.562s] -- Up-to-date: /home/gy/tmr_ros2/install/tmr_msgs/include/tmr_msgs/srv/detail/set_event__builder.hpp
[1.562s] -- Up-to-date: /home/gy/tmr_ros2/install/tmr_msgs/include/tmr_msgs/srv/detail/set_event__traits.hpp
[1.562s] -- Up-to-date: /home/gy/tmr_ros2/install/tmr_msgs/include/tmr_msgs/srv/detail/set_io__struct.hpp
[1.562s] -- Up-to-date: /home/gy/tmr_ros2/install/tmr_msgs/include/tmr_msgs/srv/detail/ask_sta__traits.hpp
[1.563s] -- Up-to-date: /home/gy/tmr_ros2/install/tmr_msgs/include/tmr_msgs/srv/detail/ask_item__traits.hpp
[1.563s] -- Up-to-date: /home/gy/tmr_ros2/install/tmr_msgs/include/tmr_msgs/srv/ask_item.hpp
[1.563s] -- Up-to-date: /home/gy/tmr_ros2/install/tmr_msgs/include/tmr_msgs/srv/write_item.hpp
[1.563s] -- Up-to-date: /home/gy/tmr_ros2/install/tmr_msgs/include/tmr_msgs/srv/send_script.hpp
[1.563s] -- Up-to-date: /home/gy/tmr_ros2/install/tmr_msgs/include/tmr_msgs/srv/set_io.hpp
[1.563s] -- Up-to-date: /home/gy/tmr_ros2/install/tmr_msgs/include/tmr_msgs/srv/connect_tm.hpp
[1.563s] -- Up-to-date: /home/gy/tmr_ros2/install/tmr_msgs/include/tmr_msgs/srv/set_event.hpp
[1.564s] -- Up-to-date: /home/gy/tmr_ros2/install/tmr_msgs/include/tmr_msgs/srv/set_positions.hpp
[1.564s] -- Up-to-date: /home/gy/tmr_ros2/install/tmr_msgs/include/tmr_msgs/srv/ask_sta.hpp
[1.564s] -- Up-to-date: /home/gy/tmr_ros2/install/tmr_msgs/include/tmr_msgs/msg
[1.564s] -- Up-to-date: /home/gy/tmr_ros2/install/tmr_msgs/include/tmr_msgs/msg/detail
[1.565s] -- Up-to-date: /home/gy/tmr_ros2/install/tmr_msgs/include/tmr_msgs/msg/detail/sct_response__traits.hpp
[1.565s] -- Up-to-date: /home/gy/tmr_ros2/install/tmr_msgs/include/tmr_msgs/msg/detail/svr_response__traits.hpp
[1.565s] -- Up-to-date: /home/gy/tmr_ros2/install/tmr_msgs/include/tmr_msgs/msg/detail/feedback_state__builder.hpp
[1.565s] -- Up-to-date: /home/gy/tmr_ros2/install/tmr_msgs/include/tmr_msgs/msg/detail/sta_response__builder.hpp
[1.565s] -- Up-to-date: /home/gy/tmr_ros2/install/tmr_msgs/include/tmr_msgs/msg/detail/feedback_state__struct.hpp
[1.565s] -- Up-to-date: /home/gy/tmr_ros2/install/tmr_msgs/include/tmr_msgs/msg/detail/sct_response__struct.hpp
[1.565s] -- Up-to-date: /home/gy/tmr_ros2/install/tmr_msgs/include/tmr_msgs/msg/detail/sct_response__builder.hpp
[1.566s] -- Up-to-date: /home/gy/tmr_ros2/install/tmr_msgs/include/tmr_msgs/msg/detail/feedback_state__traits.hpp
[1.566s] -- Up-to-date: /home/gy/tmr_ros2/install/tmr_msgs/include/tmr_msgs/msg/detail/sta_response__struct.hpp
[1.566s] -- Up-to-date: /home/gy/tmr_ros2/install/tmr_msgs/include/tmr_msgs/msg/detail/svr_response__struct.hpp
[1.566s] -- Up-to-date: /home/gy/tmr_ros2/install/tmr_msgs/include/tmr_msgs/msg/detail/svr_response__builder.hpp
[1.567s] -- Up-to-date: /home/gy/tmr_ros2/install/tmr_msgs/include/tmr_msgs/msg/detail/sta_response__traits.hpp
[1.567s] -- Up-to-date: /home/gy/tmr_ros2/install/tmr_msgs/include/tmr_msgs/msg/svr_response.hpp
[1.568s] -- Up-to-date: /home/gy/tmr_ros2/install/tmr_msgs/include/tmr_msgs/msg/sta_response.hpp
[1.568s] -- Up-to-date: /home/gy/tmr_ros2/install/tmr_msgs/include/tmr_msgs/msg/sct_response.hpp
[1.568s] -- Up-to-date: /home/gy/tmr_ros2/install/tmr_msgs/include/tmr_msgs/msg/feedback_state.hpp
[1.568s] -- Up-to-date: /home/gy/tmr_ros2/install/tmr_msgs/include/tmr_msgs
[1.568s] -- Up-to-date: /home/gy/tmr_ros2/install/tmr_msgs/include/tmr_msgs/srv
[1.568s] -- Up-to-date: /home/gy/tmr_ros2/install/tmr_msgs/include/tmr_msgs/srv/detail
[1.569s] -- Up-to-date: /home/gy/tmr_ros2/install/tmr_msgs/include/tmr_msgs/srv/detail/send_script__type_support.cpp
[1.569s] -- Up-to-date: /home/gy/tmr_ros2/install/tmr_msgs/include/tmr_msgs/srv/detail/set_positions__type_support.cpp
[1.569s] -- Up-to-date: /home/gy/tmr_ros2/install/tmr_msgs/include/tmr_msgs/srv/detail/connect_tm__rosidl_typesupport_introspection_cpp.hpp
[1.569s] -- Up-to-date: /home/gy/tmr_ros2/install/tmr_msgs/include/tmr_msgs/srv/detail/set_event__rosidl_typesupport_introspection_cpp.hpp
[1.569s] -- Up-to-date: /home/gy/tmr_ros2/install/tmr_msgs/include/tmr_msgs/srv/detail/write_item__type_support.cpp
[1.569s] -- Up-to-date: /home/gy/tmr_ros2/install/tmr_msgs/include/tmr_msgs/srv/detail/send_script__rosidl_typesupport_introspection_cpp.hpp
[1.571s] -- Up-to-date: /home/gy/tmr_ros2/install/tmr_msgs/include/tmr_msgs/srv/detail/ask_item__type_support.cpp
[1.571s] -- Up-to-date: /home/gy/tmr_ros2/install/tmr_msgs/include/tmr_msgs/srv/detail/set_io__type_support.cpp
[1.572s] -- Up-to-date: /home/gy/tmr_ros2/install/tmr_msgs/include/tmr_msgs/srv/detail/write_item__rosidl_typesupport_introspection_cpp.hpp
[1.573s] -- Up-to-date: /home/gy/tmr_ros2/install/tmr_msgs/include/tmr_msgs/srv/detail/set_positions__rosidl_typesupport_introspection_cpp.hpp
[1.573s] -- Up-to-date: /home/gy/tmr_ros2/install/tmr_msgs/include/tmr_msgs/srv/detail/set_event__type_support.cpp
[1.573s] -- Up-to-date: /home/gy/tmr_ros2/install/tmr_msgs/include/tmr_msgs/srv/detail/ask_sta__rosidl_typesupport_introspection_cpp.hpp
[1.573s] -- Up-to-date: /home/gy/tmr_ros2/install/tmr_msgs/include/tmr_msgs/srv/detail/ask_item__rosidl_typesupport_introspection_cpp.hpp
[1.573s] -- Up-to-date: /home/gy/tmr_ros2/install/tmr_msgs/include/tmr_msgs/srv/detail/ask_sta__type_support.cpp
[1.573s] -- Up-to-date: /home/gy/tmr_ros2/install/tmr_msgs/include/tmr_msgs/srv/detail/set_io__rosidl_typesupport_introspection_cpp.hpp
[1.574s] -- Up-to-date: /home/gy/tmr_ros2/install/tmr_msgs/include/tmr_msgs/srv/detail/connect_tm__type_support.cpp
[1.574s] -- Up-to-date: /home/gy/tmr_ros2/install/tmr_msgs/include/tmr_msgs/msg
[1.574s] -- Up-to-date: /home/gy/tmr_ros2/install/tmr_msgs/include/tmr_msgs/msg/detail
[1.574s] -- Up-to-date: /home/gy/tmr_ros2/install/tmr_msgs/include/tmr_msgs/msg/detail/feedback_state__rosidl_typesupport_introspection_cpp.hpp
[1.575s] -- Up-to-date: /home/gy/tmr_ros2/install/tmr_msgs/include/tmr_msgs/msg/detail/sct_response__type_support.cpp
[1.575s] -- Up-to-date: /home/gy/tmr_ros2/install/tmr_msgs/include/tmr_msgs/msg/detail/feedback_state__type_support.cpp
[1.575s] -- Up-to-date: /home/gy/tmr_ros2/install/tmr_msgs/include/tmr_msgs/msg/detail/sta_response__rosidl_typesupport_introspection_cpp.hpp
[1.575s] -- Up-to-date: /home/gy/tmr_ros2/install/tmr_msgs/include/tmr_msgs/msg/detail/sct_response__rosidl_typesupport_introspection_cpp.hpp
[1.575s] -- Up-to-date: /home/gy/tmr_ros2/install/tmr_msgs/include/tmr_msgs/msg/detail/svr_response__type_support.cpp
[1.575s] -- Up-to-date: /home/gy/tmr_ros2/install/tmr_msgs/include/tmr_msgs/msg/detail/svr_response__rosidl_typesupport_introspection_cpp.hpp
[1.575s] -- Up-to-date: /home/gy/tmr_ros2/install/tmr_msgs/include/tmr_msgs/msg/detail/sta_response__type_support.cpp
[1.575s] -- Up-to-date: /home/gy/tmr_ros2/install/tmr_msgs/lib/libtmr_msgs__rosidl_typesupport_introspection_cpp.so
[1.580s] -- Up-to-date: /home/gy/tmr_ros2/install/tmr_msgs/lib/libtmr_msgs__rosidl_typesupport_cpp.so
[1.580s] -- Up-to-date: /home/gy/tmr_ros2/install/tmr_msgs/share/tmr_msgs/environment/pythonpath.sh
[1.581s] -- Up-to-date: /home/gy/tmr_ros2/install/tmr_msgs/share/tmr_msgs/environment/pythonpath.dsv
[1.581s] -- Up-to-date: /home/gy/tmr_ros2/install/tmr_msgs/lib/python3.8/site-packages/tmr_msgs/__init__.py
[1.674s] -- Up-to-date: /home/gy/tmr_ros2/install/tmr_msgs/lib/python3.8/site-packages/tmr_msgs/msg
[1.674s] -- Up-to-date: /home/gy/tmr_ros2/install/tmr_msgs/lib/python3.8/site-packages/tmr_msgs/msg/_sct_response_s.c
[1.675s] -- Up-to-date: /home/gy/tmr_ros2/install/tmr_msgs/lib/python3.8/site-packages/tmr_msgs/msg/_sct_response.py
[1.675s] -- Up-to-date: /home/gy/tmr_ros2/install/tmr_msgs/lib/python3.8/site-packages/tmr_msgs/msg/_svr_response_s.c
[1.675s] -- Up-to-date: /home/gy/tmr_ros2/install/tmr_msgs/lib/python3.8/site-packages/tmr_msgs/msg/_feedback_state.py
[1.675s] -- Up-to-date: /home/gy/tmr_ros2/install/tmr_msgs/lib/python3.8/site-packages/tmr_msgs/msg/_feedback_state_s.c
[1.675s] -- Up-to-date: /home/gy/tmr_ros2/install/tmr_msgs/lib/python3.8/site-packages/tmr_msgs/msg/__init__.py
[1.675s] -- Up-to-date: /home/gy/tmr_ros2/install/tmr_msgs/lib/python3.8/site-packages/tmr_msgs/msg/_sta_response.py
[1.675s] -- Up-to-date: /home/gy/tmr_ros2/install/tmr_msgs/lib/python3.8/site-packages/tmr_msgs/msg/_svr_response.py
[1.676s] -- Up-to-date: /home/gy/tmr_ros2/install/tmr_msgs/lib/python3.8/site-packages/tmr_msgs/msg/_sta_response_s.c
[1.676s] -- Up-to-date: /home/gy/tmr_ros2/install/tmr_msgs/lib/python3.8/site-packages/tmr_msgs/srv
[1.676s] -- Up-to-date: /home/gy/tmr_ros2/install/tmr_msgs/lib/python3.8/site-packages/tmr_msgs/srv/_write_item_s.c
[1.676s] -- Up-to-date: /home/gy/tmr_ros2/install/tmr_msgs/lib/python3.8/site-packages/tmr_msgs/srv/_set_event.py
[1.676s] -- Up-to-date: /home/gy/tmr_ros2/install/tmr_msgs/lib/python3.8/site-packages/tmr_msgs/srv/_write_item.py
[1.676s] -- Up-to-date: /home/gy/tmr_ros2/install/tmr_msgs/lib/python3.8/site-packages/tmr_msgs/srv/_connect_tm.py
[1.676s] -- Up-to-date: /home/gy/tmr_ros2/install/tmr_msgs/lib/python3.8/site-packages/tmr_msgs/srv/_send_script_s.c
[1.676s] -- Up-to-date: /home/gy/tmr_ros2/install/tmr_msgs/lib/python3.8/site-packages/tmr_msgs/srv/_set_event_s.c
[1.677s] -- Up-to-date: /home/gy/tmr_ros2/install/tmr_msgs/lib/python3.8/site-packages/tmr_msgs/srv/_set_positions.py
[1.677s] -- Up-to-date: /home/gy/tmr_ros2/install/tmr_msgs/lib/python3.8/site-packages/tmr_msgs/srv/__init__.py
[1.677s] -- Up-to-date: /home/gy/tmr_ros2/install/tmr_msgs/lib/python3.8/site-packages/tmr_msgs/srv/_ask_item_s.c
[1.677s] -- Up-to-date: /home/gy/tmr_ros2/install/tmr_msgs/lib/python3.8/site-packages/tmr_msgs/srv/_set_io.py
[1.677s] -- Up-to-date: /home/gy/tmr_ros2/install/tmr_msgs/lib/python3.8/site-packages/tmr_msgs/srv/_connect_tm_s.c
[1.678s] -- Up-to-date: /home/gy/tmr_ros2/install/tmr_msgs/lib/python3.8/site-packages/tmr_msgs/srv/_send_script.py
[1.678s] -- Up-to-date: /home/gy/tmr_ros2/install/tmr_msgs/lib/python3.8/site-packages/tmr_msgs/srv/_set_positions_s.c
[1.678s] -- Up-to-date: /home/gy/tmr_ros2/install/tmr_msgs/lib/python3.8/site-packages/tmr_msgs/srv/_set_io_s.c
[1.678s] -- Up-to-date: /home/gy/tmr_ros2/install/tmr_msgs/lib/python3.8/site-packages/tmr_msgs/srv/_ask_sta.py
[1.678s] -- Up-to-date: /home/gy/tmr_ros2/install/tmr_msgs/lib/python3.8/site-packages/tmr_msgs/srv/_ask_sta_s.c
[1.678s] -- Up-to-date: /home/gy/tmr_ros2/install/tmr_msgs/lib/python3.8/site-packages/tmr_msgs/srv/_ask_item.py
[1.678s] -- Up-to-date: /home/gy/tmr_ros2/install/tmr_msgs/lib/python3.8/site-packages/tmr_msgs/tmr_msgs_s__rosidl_typesupport_fastrtps_c.cpython-38-x86_64-linux-gnu.so
[1.678s] -- Up-to-date: /home/gy/tmr_ros2/install/tmr_msgs/lib/python3.8/site-packages/tmr_msgs/tmr_msgs_s__rosidl_typesupport_introspection_c.cpython-38-x86_64-linux-gnu.so
[1.679s] -- Up-to-date: /home/gy/tmr_ros2/install/tmr_msgs/lib/python3.8/site-packages/tmr_msgs/tmr_msgs_s__rosidl_typesupport_c.cpython-38-x86_64-linux-gnu.so
[1.679s] -- Up-to-date: /home/gy/tmr_ros2/install/tmr_msgs/lib/libtmr_msgs__python.so
[1.679s] -- Up-to-date: /home/gy/tmr_ros2/install/tmr_msgs/share/tmr_msgs/msg/FeedbackState.idl
[1.679s] -- Up-to-date: /home/gy/tmr_ros2/install/tmr_msgs/share/tmr_msgs/msg/SvrResponse.idl
[1.679s] -- Up-to-date: /home/gy/tmr_ros2/install/tmr_msgs/share/tmr_msgs/msg/SctResponse.idl
[1.682s] -- Up-to-date: /home/gy/tmr_ros2/install/tmr_msgs/share/tmr_msgs/msg/StaResponse.idl
[1.683s] -- Up-to-date: /home/gy/tmr_ros2/install/tmr_msgs/share/tmr_msgs/srv/ConnectTM.idl
[1.683s] -- Up-to-date: /home/gy/tmr_ros2/install/tmr_msgs/share/tmr_msgs/srv/WriteItem.idl
[1.684s] -- Up-to-date: /home/gy/tmr_ros2/install/tmr_msgs/share/tmr_msgs/srv/AskItem.idl
[1.684s] -- Up-to-date: /home/gy/tmr_ros2/install/tmr_msgs/share/tmr_msgs/srv/SendScript.idl
[1.684s] -- Up-to-date: /home/gy/tmr_ros2/install/tmr_msgs/share/tmr_msgs/srv/SetEvent.idl
[1.685s] -- Up-to-date: /home/gy/tmr_ros2/install/tmr_msgs/share/tmr_msgs/srv/SetIO.idl
[1.685s] -- Up-to-date: /home/gy/tmr_ros2/install/tmr_msgs/share/tmr_msgs/srv/SetPositions.idl
[1.685s] -- Up-to-date: /home/gy/tmr_ros2/install/tmr_msgs/share/tmr_msgs/srv/AskSta.idl
[1.686s] -- Up-to-date: /home/gy/tmr_ros2/install/tmr_msgs/share/tmr_msgs/msg/FeedbackState.msg
[1.686s] -- Up-to-date: /home/gy/tmr_ros2/install/tmr_msgs/share/tmr_msgs/msg/SvrResponse.msg
[1.687s] -- Up-to-date: /home/gy/tmr_ros2/install/tmr_msgs/share/tmr_msgs/msg/SctResponse.msg
[1.687s] -- Up-to-date: /home/gy/tmr_ros2/install/tmr_msgs/share/tmr_msgs/msg/StaResponse.msg
[1.687s] -- Up-to-date: /home/gy/tmr_ros2/install/tmr_msgs/share/tmr_msgs/srv/ConnectTM.srv
[1.688s] -- Up-to-date: /home/gy/tmr_ros2/install/tmr_msgs/share/tmr_msgs/srv/ConnectTM_Request.msg
[1.688s] -- Up-to-date: /home/gy/tmr_ros2/install/tmr_msgs/share/tmr_msgs/srv/ConnectTM_Response.msg
[1.688s] -- Up-to-date: /home/gy/tmr_ros2/install/tmr_msgs/share/tmr_msgs/srv/WriteItem.srv
[1.688s] -- Up-to-date: /home/gy/tmr_ros2/install/tmr_msgs/share/tmr_msgs/srv/WriteItem_Request.msg
[1.688s] -- Up-to-date: /home/gy/tmr_ros2/install/tmr_msgs/share/tmr_msgs/srv/WriteItem_Response.msg
[1.690s] -- Up-to-date: /home/gy/tmr_ros2/install/tmr_msgs/share/tmr_msgs/srv/AskItem.srv
[1.690s] -- Up-to-date: /home/gy/tmr_ros2/install/tmr_msgs/share/tmr_msgs/srv/AskItem_Request.msg
[1.690s] -- Up-to-date: /home/gy/tmr_ros2/install/tmr_msgs/share/tmr_msgs/srv/AskItem_Response.msg
[1.690s] -- Up-to-date: /home/gy/tmr_ros2/install/tmr_msgs/share/tmr_msgs/srv/SendScript.srv
[1.691s] -- Up-to-date: /home/gy/tmr_ros2/install/tmr_msgs/share/tmr_msgs/srv/SendScript_Request.msg
[1.692s] -- Up-to-date: /home/gy/tmr_ros2/install/tmr_msgs/share/tmr_msgs/srv/SendScript_Response.msg
[1.692s] -- Up-to-date: /home/gy/tmr_ros2/install/tmr_msgs/share/tmr_msgs/srv/SetEvent.srv
[1.693s] -- Up-to-date: /home/gy/tmr_ros2/install/tmr_msgs/share/tmr_msgs/srv/SetEvent_Request.msg
[1.693s] -- Up-to-date: /home/gy/tmr_ros2/install/tmr_msgs/share/tmr_msgs/srv/SetEvent_Response.msg
[1.693s] -- Up-to-date: /home/gy/tmr_ros2/install/tmr_msgs/share/tmr_msgs/srv/SetIO.srv
[1.693s] -- Up-to-date: /home/gy/tmr_ros2/install/tmr_msgs/share/tmr_msgs/srv/SetIO_Request.msg
[1.693s] -- Up-to-date: /home/gy/tmr_ros2/install/tmr_msgs/share/tmr_msgs/srv/SetIO_Response.msg
[1.693s] -- Up-to-date: /home/gy/tmr_ros2/install/tmr_msgs/share/tmr_msgs/srv/SetPositions.srv
[1.693s] -- Up-to-date: /home/gy/tmr_ros2/install/tmr_msgs/share/tmr_msgs/srv/SetPositions_Request.msg
[1.693s] -- Up-to-date: /home/gy/tmr_ros2/install/tmr_msgs/share/tmr_msgs/srv/SetPositions_Response.msg
[1.697s] -- Up-to-date: /home/gy/tmr_ros2/install/tmr_msgs/share/tmr_msgs/srv/AskSta.srv
[1.697s] -- Up-to-date: /home/gy/tmr_ros2/install/tmr_msgs/share/tmr_msgs/srv/AskSta_Request.msg
[1.697s] -- Up-to-date: /home/gy/tmr_ros2/install/tmr_msgs/share/tmr_msgs/srv/AskSta_Response.msg
[1.697s] -- Up-to-date: /home/gy/tmr_ros2/install/tmr_msgs/share/ament_index/resource_index/package_run_dependencies/tmr_msgs
[1.697s] -- Up-to-date: /home/gy/tmr_ros2/install/tmr_msgs/share/ament_index/resource_index/parent_prefix_path/tmr_msgs
[1.697s] -- Up-to-date: /home/gy/tmr_ros2/install/tmr_msgs/share/tmr_msgs/environment/ament_prefix_path.sh
[1.697s] -- Up-to-date: /home/gy/tmr_ros2/install/tmr_msgs/share/tmr_msgs/environment/ament_prefix_path.dsv
[1.697s] -- Up-to-date: /home/gy/tmr_ros2/install/tmr_msgs/share/tmr_msgs/environment/path.sh
[1.699s] -- Up-to-date: /home/gy/tmr_ros2/install/tmr_msgs/share/tmr_msgs/environment/path.dsv
[1.702s] -- Up-to-date: /home/gy/tmr_ros2/install/tmr_msgs/share/tmr_msgs/local_setup.bash
[1.702s] -- Up-to-date: /home/gy/tmr_ros2/install/tmr_msgs/share/tmr_msgs/local_setup.sh
[1.703s] -- Up-to-date: /home/gy/tmr_ros2/install/tmr_msgs/share/tmr_msgs/local_setup.zsh
[1.703s] -- Up-to-date: /home/gy/tmr_ros2/install/tmr_msgs/share/tmr_msgs/local_setup.dsv
[1.704s] -- Up-to-date: /home/gy/tmr_ros2/install/tmr_msgs/share/tmr_msgs/package.dsv
[1.704s] -- Up-to-date: /home/gy/tmr_ros2/install/tmr_msgs/share/ament_index/resource_index/packages/tmr_msgs
[1.704s] -- Up-to-date: /home/gy/tmr_ros2/install/tmr_msgs/share/tmr_msgs/cmake/tmr_msgs__rosidl_generator_cExport.cmake
[1.704s] -- Up-to-date: /home/gy/tmr_ros2/install/tmr_msgs/share/tmr_msgs/cmake/tmr_msgs__rosidl_generator_cExport-noconfig.cmake
[1.704s] -- Up-to-date: /home/gy/tmr_ros2/install/tmr_msgs/share/tmr_msgs/cmake/tmr_msgs__rosidl_typesupport_introspection_cExport.cmake
[1.704s] -- Up-to-date: /home/gy/tmr_ros2/install/tmr_msgs/share/tmr_msgs/cmake/tmr_msgs__rosidl_typesupport_introspection_cExport-noconfig.cmake
[1.706s] -- Up-to-date: /home/gy/tmr_ros2/install/tmr_msgs/share/tmr_msgs/cmake/tmr_msgs__rosidl_typesupport_cExport.cmake
[1.706s] -- Up-to-date: /home/gy/tmr_ros2/install/tmr_msgs/share/tmr_msgs/cmake/tmr_msgs__rosidl_typesupport_cExport-noconfig.cmake
[1.708s] -- Up-to-date: /home/gy/tmr_ros2/install/tmr_msgs/share/tmr_msgs/cmake/tmr_msgs__rosidl_generator_cppExport.cmake
[1.709s] -- Up-to-date: /home/gy/tmr_ros2/install/tmr_msgs/share/tmr_msgs/cmake/tmr_msgs__rosidl_typesupport_introspection_cppExport.cmake
[1.709s] -- Up-to-date: /home/gy/tmr_ros2/install/tmr_msgs/share/tmr_msgs/cmake/tmr_msgs__rosidl_typesupport_introspection_cppExport-noconfig.cmake
[1.711s] -- Up-to-date: /home/gy/tmr_ros2/install/tmr_msgs/share/tmr_msgs/cmake/tmr_msgs__rosidl_typesupport_cppExport.cmake
[1.711s] -- Up-to-date: /home/gy/tmr_ros2/install/tmr_msgs/share/tmr_msgs/cmake/tmr_msgs__rosidl_typesupport_cppExport-noconfig.cmake
[1.711s] -- Up-to-date: /home/gy/tmr_ros2/install/tmr_msgs/share/tmr_msgs/cmake/rosidl_cmake-extras.cmake
[1.711s] -- Up-to-date: /home/gy/tmr_ros2/install/tmr_msgs/share/tmr_msgs/cmake/ament_cmake_export_dependencies-extras.cmake
[1.711s] -- Up-to-date: /home/gy/tmr_ros2/install/tmr_msgs/share/tmr_msgs/cmake/ament_cmake_export_libraries-extras.cmake
[1.712s] -- Up-to-date: /home/gy/tmr_ros2/install/tmr_msgs/share/tmr_msgs/cmake/ament_cmake_export_targets-extras.cmake
[1.712s] -- Up-to-date: /home/gy/tmr_ros2/install/tmr_msgs/share/tmr_msgs/cmake/ament_cmake_export_include_directories-extras.cmake
[1.712s] -- Up-to-date: /home/gy/tmr_ros2/install/tmr_msgs/share/tmr_msgs/cmake/rosidl_cmake_export_typesupport_libraries-extras.cmake
[1.717s] -- Up-to-date: /home/gy/tmr_ros2/install/tmr_msgs/share/tmr_msgs/cmake/rosidl_cmake_export_typesupport_targets-extras.cmake
[1.717s] -- Up-to-date: /home/gy/tmr_ros2/install/tmr_msgs/share/tmr_msgs/cmake/tmr_msgsConfig.cmake
[1.717s] -- Up-to-date: /home/gy/tmr_ros2/install/tmr_msgs/share/tmr_msgs/cmake/tmr_msgsConfig-version.cmake
[1.717s] -- Up-to-date: /home/gy/tmr_ros2/install/tmr_msgs/share/tmr_msgs/package.xml
[2.013s] Invoked command in '/home/gy/Omron_TM_ROS2/build/tmr_msgs' returned '0': CMAKE_PREFIX_PATH=${CMAKE_PREFIX_PATH}:/home/gy/Omron_TM_ROS2/install/pickplace:/home/gy/Omron_TM_ROS2/install/tmr_mod_urdf:/home/gy/Omron_TM_ROS2/install/tm_get_status:/opt/ros/foxy /usr/bin/cmake --install /home/gy/Omron_TM_ROS2/build/tmr_msgs
