[0.095s] Invoking command in '/home/omron/Omron_TM_ROS2/build/tmr_description': CMAKE_PREFIX_PATH=${CMAKE_PREFIX_PATH}:/home/omron/Omron_TM_ROS2/install/tmr_mod_urdf:/home/omron/Omron_TM_ROS2/install/tm_get_status:/home/omron/Omron_TM_ROS2/install/rviz_tm:/home/omron/Omron_TM_ROS2/install/pickplace:/opt/ros/foxy /usr/bin/cmake --build /home/omron/Omron_TM_ROS2/build/tmr_description -- -j8 -l8
[0.961s] Invoked command in '/home/omron/Omron_TM_ROS2/build/tmr_description' returned '0': CMAKE_PREFIX_PATH=${CMAKE_PREFIX_PATH}:/home/omron/Omron_TM_ROS2/install/tmr_mod_urdf:/home/omron/Omron_TM_ROS2/install/tm_get_status:/home/omron/Omron_TM_ROS2/install/rviz_tm:/home/omron/Omron_TM_ROS2/install/pickplace:/opt/ros/foxy /usr/bin/cmake --build /home/omron/Omron_TM_ROS2/build/tmr_description -- -j8 -l8
[1.040s] Invoking command in '/home/omron/Omron_TM_ROS2/build/tmr_description': CMAKE_PREFIX_PATH=${CMAKE_PREFIX_PATH}:/home/omron/Omron_TM_ROS2/install/tmr_mod_urdf:/home/omron/Omron_TM_ROS2/install/tm_get_status:/home/omron/Omron_TM_ROS2/install/rviz_tm:/home/omron/Omron_TM_ROS2/install/pickplace:/opt/ros/foxy /usr/bin/cmake --install /home/omron/Omron_TM_ROS2/build/tmr_description
[1.057s] -- Install configuration: ""
[1.058s] -- Up-to-date: /home/omron/Omron_TM_ROS2/install/tmr_description/share/ament_index/resource_index/package_run_dependencies/tmr_description
[1.058s] -- Up-to-date: /home/omron/Omron_TM_ROS2/install/tmr_description/share/ament_index/resource_index/parent_prefix_path/tmr_description
[1.058s] -- Up-to-date: /home/omron/Omron_TM_ROS2/install/tmr_description/share/tmr_description/environment/ament_prefix_path.sh
[1.058s] -- Up-to-date: /home/omron/Omron_TM_ROS2/install/tmr_description/share/tmr_description/environment/ament_prefix_path.dsv
[1.059s] -- Up-to-date: /home/omron/Omron_TM_ROS2/install/tmr_description/share/tmr_description/environment/path.sh
[1.060s] -- Up-to-date: /home/omron/Omron_TM_ROS2/install/tmr_description/share/tmr_description/environment/path.dsv
[1.060s] -- Up-to-date: /home/omron/Omron_TM_ROS2/install/tmr_description/share/tmr_description/local_setup.bash
[1.060s] -- Up-to-date: /home/omron/Omron_TM_ROS2/install/tmr_description/share/tmr_description/local_setup.sh
[1.060s] -- Up-to-date: /home/omron/Omron_TM_ROS2/install/tmr_description/share/tmr_description/local_setup.zsh
[1.061s] -- Up-to-date: /home/omron/Omron_TM_ROS2/install/tmr_description/share/tmr_description/local_setup.dsv
[1.061s] -- Installing: /home/omron/Omron_TM_ROS2/install/tmr_description/share/tmr_description/package.dsv
[1.061s] -- Up-to-date: /home/omron/Omron_TM_ROS2/install/tmr_description/share/ament_index/resource_index/packages/tmr_description
[1.061s] -- Up-to-date: /home/omron/Omron_TM_ROS2/install/tmr_description/share/tmr_description/cmake/tmr_descriptionConfig.cmake
[1.062s] -- Up-to-date: /home/omron/Omron_TM_ROS2/install/tmr_description/share/tmr_description/cmake/tmr_descriptionConfig-version.cmake
[1.062s] -- Up-to-date: /home/omron/Omron_TM_ROS2/install/tmr_description/share/tmr_description/package.xml
[1.062s] -- Up-to-date: /home/omron/Omron_TM_ROS2/install/tmr_description/share/tmr_description/meshes
[1.062s] -- Up-to-date: /home/omron/Omron_TM_ROS2/install/tmr_description/share/tmr_description/meshes/tm5-900
[1.062s] -- Up-to-date: /home/omron/Omron_TM_ROS2/install/tmr_description/share/tmr_description/meshes/tm5-900/collision
[1.062s] -- Up-to-date: /home/omron/Omron_TM_ROS2/install/tmr_description/share/tmr_description/meshes/tm5-900/collision/tm5_base_c.stl
[1.063s] -- Up-to-date: /home/omron/Omron_TM_ROS2/install/tmr_description/share/tmr_description/meshes/tm5-900/collision/tmr_100w_02_c.stl
[1.063s] -- Up-to-date: /home/omron/Omron_TM_ROS2/install/tmr_description/share/tmr_description/meshes/tm5-900/collision/tmr_100w_01_c.stl
[1.063s] -- Up-to-date: /home/omron/Omron_TM_ROS2/install/tmr_description/share/tmr_description/meshes/tm5-900/collision/tmr_ee_c.stl
[1.063s] -- Up-to-date: /home/omron/Omron_TM_ROS2/install/tmr_description/share/tmr_description/meshes/tm5-900/collision/tm5-900_arm1_c.stl
[1.063s] -- Up-to-date: /home/omron/Omron_TM_ROS2/install/tmr_description/share/tmr_description/meshes/tm5-900/collision/tm5-900_arm2_c.stl
[1.063s] -- Up-to-date: /home/omron/Omron_TM_ROS2/install/tmr_description/share/tmr_description/meshes/tm5-900/collision/tmr_400w_01_c.stl
[1.063s] -- Up-to-date: /home/omron/Omron_TM_ROS2/install/tmr_description/share/tmr_description/meshes/tm5-900/visual
[1.064s] -- Up-to-date: /home/omron/Omron_TM_ROS2/install/tmr_description/share/tmr_description/meshes/tm5-900/visual/tmr_100w_02.stl
[1.065s] -- Up-to-date: /home/omron/Omron_TM_ROS2/install/tmr_description/share/tmr_description/meshes/tm5-900/visual/tm5_base_old.obj
[1.065s] -- Up-to-date: /home/omron/Omron_TM_ROS2/install/tmr_description/share/tmr_description/meshes/tm5-900/visual/tm5-900_arm1.stl
[1.065s] -- Up-to-date: /home/omron/Omron_TM_ROS2/install/tmr_description/share/tmr_description/meshes/tm5-900/visual/tm5-900_arm2.obj
[1.065s] -- Up-to-date: /home/omron/Omron_TM_ROS2/install/tmr_description/share/tmr_description/meshes/tm5-900/visual/tm5_base.stl
[1.065s] -- Up-to-date: /home/omron/Omron_TM_ROS2/install/tmr_description/share/tmr_description/meshes/tm5-900/visual/tmr_100w_01.mtl
[1.066s] -- Up-to-date: /home/omron/Omron_TM_ROS2/install/tmr_description/share/tmr_description/meshes/tm5-900/visual/tmr_ee.obj
[1.066s] -- Up-to-date: /home/omron/Omron_TM_ROS2/install/tmr_description/share/tmr_description/meshes/tm5-900/visual/tm5-900_arm2.mtl
[1.066s] -- Up-to-date: /home/omron/Omron_TM_ROS2/install/tmr_description/share/tmr_description/meshes/tm5-900/visual/tm5_base.mtl
[1.066s] -- Up-to-date: /home/omron/Omron_TM_ROS2/install/tmr_description/share/tmr_description/meshes/tm5-900/visual/tm5_base.obj
[1.066s] -- Up-to-date: /home/omron/Omron_TM_ROS2/install/tmr_description/share/tmr_description/meshes/tm5-900/visual/tmr_400w_01.stl
[1.066s] -- Up-to-date: /home/omron/Omron_TM_ROS2/install/tmr_description/share/tmr_description/meshes/tm5-900/visual/tm5_base_old.mtl
[1.066s] -- Up-to-date: /home/omron/Omron_TM_ROS2/install/tmr_description/share/tmr_description/meshes/tm5-900/visual/tmr_400w_01.obj
[1.066s] -- Up-to-date: /home/omron/Omron_TM_ROS2/install/tmr_description/share/tmr_description/meshes/tm5-900/visual/tmr_100w_02.obj
[1.067s] -- Up-to-date: /home/omron/Omron_TM_ROS2/install/tmr_description/share/tmr_description/meshes/tm5-900/visual/tm5-900_arm1.mtl
[1.067s] -- Up-to-date: /home/omron/Omron_TM_ROS2/install/tmr_description/share/tmr_description/meshes/tm5-900/visual/tm5-900_arm1.obj
[1.067s] -- Up-to-date: /home/omron/Omron_TM_ROS2/install/tmr_description/share/tmr_description/meshes/tm5-900/visual/tm5-900_arm2.stl
[1.067s] -- Up-to-date: /home/omron/Omron_TM_ROS2/install/tmr_description/share/tmr_description/meshes/tm5-900/visual/tmr_100w_01.obj
[1.067s] -- Up-to-date: /home/omron/Omron_TM_ROS2/install/tmr_description/share/tmr_description/meshes/tm5-900/visual/tmr_100w_02.mtl
[1.067s] -- Up-to-date: /home/omron/Omron_TM_ROS2/install/tmr_description/share/tmr_description/meshes/tm5-900/visual/tmr_400w_01.mtl
[1.067s] -- Up-to-date: /home/omron/Omron_TM_ROS2/install/tmr_description/share/tmr_description/meshes/tm5-900/visual/tmr_ee.mtl
[1.067s] -- Up-to-date: /home/omron/Omron_TM_ROS2/install/tmr_description/share/tmr_description/meshes/tm5-900/visual/tmr_100w_01.stl
[1.068s] -- Up-to-date: /home/omron/Omron_TM_ROS2/install/tmr_description/share/tmr_description/meshes/tm5-900/visual/tmr_ee.stl
[1.068s] -- Up-to-date: /home/omron/Omron_TM_ROS2/install/tmr_description/share/tmr_description/urdf
[1.068s] -- Up-to-date: /home/omron/Omron_TM_ROS2/install/tmr_description/share/tmr_description/urdf/tm5-900.urdf
[1.068s] -- Up-to-date: /home/omron/Omron_TM_ROS2/install/tmr_description/share/tmr_description/xacro
[1.068s] -- Up-to-date: /home/omron/Omron_TM_ROS2/install/tmr_description/share/tmr_description/xacro/tm5-900.urdf.xacro
[1.068s] -- Up-to-date: /home/omron/Omron_TM_ROS2/install/tmr_description/share/tmr_description/xacro/macro.tm5-900.urdf.xacro
[1.068s] -- Up-to-date: /home/omron/Omron_TM_ROS2/install/tmr_description/share/tmr_description/xacro/macro.materials.xacro
[1.068s] -- Up-to-date: /home/omron/Omron_TM_ROS2/install/tmr_description/share/tmr_description/xacro/macro.inertial.xacro
[1.068s] -- Up-to-date: /home/omron/Omron_TM_ROS2/install/tmr_description/share/tmr_description/xacro/gripper
[1.069s] -- Up-to-date: /home/omron/Omron_TM_ROS2/install/tmr_description/share/tmr_description/xacro/gripper/robotiq_2f.urdf.xacro
[1.069s] -- Up-to-date: /home/omron/Omron_TM_ROS2/install/tmr_description/share/tmr_description/xacro/gripper/robotiq_85_gripper.transmission.xacro
[1.070s] -- Up-to-date: /home/omron/Omron_TM_ROS2/install/tmr_description/share/tmr_description/xacro/gripper/robotiq_85_gripper_sim_base.urdf.xacro
[1.070s] -- Up-to-date: /home/omron/Omron_TM_ROS2/install/tmr_description/share/tmr_description/xacro/gripper/robotiq_85_gripper.urdf.xacro
[1.070s] -- Up-to-date: /home/omron/Omron_TM_ROS2/install/tmr_description/share/tmr_description/xacro/gripper/robotiq_85_gripper.xacro
[1.070s] -- Up-to-date: /home/omron/Omron_TM_ROS2/install/tmr_description/share/tmr_description/xacro/macro.gazebo.xacro
[1.070s] -- Up-to-date: /home/omron/Omron_TM_ROS2/install/tmr_description/share/tmr_description/xacro/macro.transmission.xacro
[1.085s] Invoked command in '/home/omron/Omron_TM_ROS2/build/tmr_description' returned '0': CMAKE_PREFIX_PATH=${CMAKE_PREFIX_PATH}:/home/omron/Omron_TM_ROS2/install/tmr_mod_urdf:/home/omron/Omron_TM_ROS2/install/tm_get_status:/home/omron/Omron_TM_ROS2/install/rviz_tm:/home/omron/Omron_TM_ROS2/install/pickplace:/opt/ros/foxy /usr/bin/cmake --install /home/omron/Omron_TM_ROS2/build/tmr_description
