[0.604s] Invoking command in '/home/gy/Omron_TM_ROS2/tmr_mod_urdf': PYTHONPATH=/home/gy/Omron_TM_ROS2/install/tmr_mod_urdf/lib/python3.8/site-packages:${PYTHONPATH} /usr/bin/python3 setup.py egg_info --egg-base ../build/tmr_mod_urdf build --build-base /home/gy/Omron_TM_ROS2/build/tmr_mod_urdf/build install --prefix /home/gy/Omron_TM_ROS2/install/tmr_mod_urdf --record /home/gy/Omron_TM_ROS2/build/tmr_mod_urdf/install.log --single-version-externally-managed
[1.234s] running egg_info
[1.234s] writing ../build/tmr_mod_urdf/tmr_mod_urdf.egg-info/PKG-INFO
[1.244s] writing dependency_links to ../build/tmr_mod_urdf/tmr_mod_urdf.egg-info/dependency_links.txt
[1.244s] writing entry points to ../build/tmr_mod_urdf/tmr_mod_urdf.egg-info/entry_points.txt
[1.244s] writing requirements to ../build/tmr_mod_urdf/tmr_mod_urdf.egg-info/requires.txt
[1.244s] writing top-level names to ../build/tmr_mod_urdf/tmr_mod_urdf.egg-info/top_level.txt
[1.376s] reading manifest file '../build/tmr_mod_urdf/tmr_mod_urdf.egg-info/SOURCES.txt'
[1.388s] writing manifest file '../build/tmr_mod_urdf/tmr_mod_urdf.egg-info/SOURCES.txt'
[1.389s] running build
[1.389s] running build_py
[1.392s] running install
[1.398s] running install_lib
[1.404s] running install_data
[1.405s] running install_egg_info
[1.416s] removing '/home/gy/Omron_TM_ROS2/install/tmr_mod_urdf/lib/python3.8/site-packages/tmr_mod_urdf-0.0.0-py3.8.egg-info' (and everything under it)
[1.416s] Copying ../build/tmr_mod_urdf/tmr_mod_urdf.egg-info to /home/gy/Omron_TM_ROS2/install/tmr_mod_urdf/lib/python3.8/site-packages/tmr_mod_urdf-0.0.0-py3.8.egg-info
[1.421s] running install_scripts
[1.494s] Installing modify_urdf script to /home/gy/Omron_TM_ROS2/install/tmr_mod_urdf/lib/tmr_mod_urdf
[1.494s] Installing modify_xacro script to /home/gy/Omron_TM_ROS2/install/tmr_mod_urdf/lib/tmr_mod_urdf
[1.495s] writing list of installed files to '/home/gy/Omron_TM_ROS2/build/tmr_mod_urdf/install.log'
[1.570s] Invoked command in '/home/gy/Omron_TM_ROS2/tmr_mod_urdf' returned '0': PYTHONPATH=/home/gy/Omron_TM_ROS2/install/tmr_mod_urdf/lib/python3.8/site-packages:${PYTHONPATH} /usr/bin/python3 setup.py egg_info --egg-base ../build/tmr_mod_urdf build --build-base /home/gy/Omron_TM_ROS2/build/tmr_mod_urdf/build install --prefix /home/gy/Omron_TM_ROS2/install/tmr_mod_urdf --record /home/gy/Omron_TM_ROS2/build/tmr_mod_urdf/install.log --single-version-externally-managed
