[0.026s] Invoking command in '/home/omron/Omron_TM_ROS2/build/tm_driver': AMENT_PREFIX_PATH=/home/omron/Omron_TM_ROS2/install/tm_msgs:${AMENT_PREFIX_PATH} CMAKE_PREFIX_PATH=/home/omron/Omron_TM_ROS2/install/tm_msgs:/opt/ros/foxy LD_LIBRARY_PATH=/home/omron/Omron_TM_ROS2/install/tm_msgs/lib:${LD_LIBRARY_PATH} PYTHONPATH=/home/omron/Omron_TM_ROS2/install/tm_msgs/lib/python3.8/site-packages:${PYTHONPATH} /usr/bin/cmake /home/omron/Omron_TM_ROS2/tm_driver -DCMAKE_INSTALL_PREFIX=/home/omron/Omron_TM_ROS2/install/tm_driver
[0.107s] -- The C compiler identification is GNU 9.3.0
[0.170s] -- The CXX compiler identification is GNU 9.3.0
[0.176s] -- Check for working C compiler: /usr/bin/cc
[0.293s] -- Check for working C compiler: /usr/bin/cc -- works
[0.294s] -- Detecting C compiler ABI info
[0.393s] -- Detecting C compiler ABI info - done
[0.413s] -- Detecting C compile features
[0.413s] -- Detecting C compile features - done
[0.415s] -- Check for working CXX compiler: /usr/bin/c++
[0.519s] -- Check for working CXX compiler: /usr/bin/c++ -- works
[0.521s] -- Detecting CXX compiler ABI info
[0.627s] -- Detecting CXX compiler ABI info - done
[0.645s] -- Detecting CXX compile features
[0.646s] -- Detecting CXX compile features - done
[0.654s] -- Found ament_cmake: 0.9.8 (/opt/ros/foxy/share/ament_cmake/cmake)
[0.685s] -- Found PythonInterp: /usr/bin/python3 (found suitable version "3.8.5", minimum required is "3") 
[0.687s] -- Using PYTHON_EXECUTABLE: /usr/bin/python3
[0.975s] -- Found rclcpp: 2.3.1 (/opt/ros/foxy/share/rclcpp/cmake)
[1.040s] -- Using all available rosidl_typesupport_c: rosidl_typesupport_fastrtps_c;rosidl_typesupport_introspection_c
[1.049s] -- Found rosidl_adapter: 1.2.1 (/opt/ros/foxy/share/rosidl_adapter/cmake)
[1.131s] -- Found OpenSSL: /usr/lib/x86_64-linux-gnu/libcrypto.so (found version "1.1.1f")  
[1.169s] -- Found FastRTPS: /opt/ros/foxy/include  
[1.278s] -- Using all available rosidl_typesupport_cpp: rosidl_typesupport_fastrtps_cpp;rosidl_typesupport_introspection_cpp
[1.370s] -- Found rmw_implementation_cmake: 1.0.3 (/opt/ros/foxy/share/rmw_implementation_cmake/cmake)
[1.374s] -- Using RMW implementation 'rmw_fastrtps_cpp' as default
[1.374s] -- Looking for pthread.h
[1.467s] -- Looking for pthread.h - found
[1.470s] -- Performing Test CMAKE_HAVE_LIBC_PTHREAD
[1.554s] -- Performing Test CMAKE_HAVE_LIBC_PTHREAD - Failed
[1.555s] -- Looking for pthread_create in pthreads
[1.616s] -- Looking for pthread_create in pthreads - not found
[1.617s] -- Looking for pthread_create in pthread
[1.694s] -- Looking for pthread_create in pthread - found
[1.694s] -- Found Threads: TRUE  
[1.847s] -- Found sensor_msgs: 2.0.4 (/opt/ros/foxy/share/sensor_msgs/cmake)
[2.021s] -- Found tm_msgs: 1.0.0 (/home/omron/Omron_TM_ROS2/install/tm_msgs/share/tm_msgs/cmake)
[2.094s] -- Found ament_lint_auto: 0.9.6 (/opt/ros/foxy/share/ament_lint_auto/cmake)
[2.193s] -- Added test 'copyright' to check source files copyright and LICENSE
[2.199s] -- Added test 'cppcheck' to perform static code analysis on C / C++ code
[2.201s] -- Configured cppcheck include dirs: /home/omron/Omron_TM_ROS2/tm_driver/include
[2.201s] -- Configured cppcheck exclude dirs and/or files: 
[2.207s] -- Added test 'cpplint' to check C / C++ code against the Google style
[2.208s] -- Configured cpplint exclude dirs and/or files: 
[2.209s] -- Added test 'flake8' to check Python code syntax and style conventions
[2.210s] -- Added test 'lint_cmake' to check CMake code style
[2.211s] -- Added test 'pep257' to check Python code against some of the style conventions in PEP 257
[2.213s] -- Added test 'uncrustify' to check C / C++ code style
[2.214s] -- Configured uncrustify additional arguments: 
[2.215s] -- Added test 'xmllint' to check XML markup files
[2.219s] -- Configuring done
[2.236s] -- Generating done
[2.238s] -- Build files have been written to: /home/omron/Omron_TM_ROS2/build/tm_driver
[2.249s] Invoked command in '/home/omron/Omron_TM_ROS2/build/tm_driver' returned '0': AMENT_PREFIX_PATH=/home/omron/Omron_TM_ROS2/install/tm_msgs:${AMENT_PREFIX_PATH} CMAKE_PREFIX_PATH=/home/omron/Omron_TM_ROS2/install/tm_msgs:/opt/ros/foxy LD_LIBRARY_PATH=/home/omron/Omron_TM_ROS2/install/tm_msgs/lib:${LD_LIBRARY_PATH} PYTHONPATH=/home/omron/Omron_TM_ROS2/install/tm_msgs/lib/python3.8/site-packages:${PYTHONPATH} /usr/bin/cmake /home/omron/Omron_TM_ROS2/tm_driver -DCMAKE_INSTALL_PREFIX=/home/omron/Omron_TM_ROS2/install/tm_driver
[2.253s] Invoking command in '/home/omron/Omron_TM_ROS2/build/tm_driver': AMENT_PREFIX_PATH=/home/omron/Omron_TM_ROS2/install/tm_msgs:${AMENT_PREFIX_PATH} CMAKE_PREFIX_PATH=/home/omron/Omron_TM_ROS2/install/tm_msgs:/opt/ros/foxy LD_LIBRARY_PATH=/home/omron/Omron_TM_ROS2/install/tm_msgs/lib:${LD_LIBRARY_PATH} PYTHONPATH=/home/omron/Omron_TM_ROS2/install/tm_msgs/lib/python3.8/site-packages:${PYTHONPATH} /usr/bin/cmake --build /home/omron/Omron_TM_ROS2/build/tm_driver -- -j8 -l8
[2.369s] [35m[1mScanning dependencies of target tm_driver[0m
[2.546s] [  8%] [32mBuilding CXX object CMakeFiles/tm_driver.dir/src/tm_ros2_composition.cpp.o[0m
[2.552s] [ 16%] [32mBuilding CXX object CMakeFiles/tm_driver.dir/src/tm_ros2_sct.cpp.o[0m
[2.562s] [ 25%] [32mBuilding CXX object CMakeFiles/tm_driver.dir/src/tm_ros2_svr.cpp.o[0m
[2.564s] [ 33%] [32mBuilding CXX object CMakeFiles/tm_driver.dir/src/tm_driver.cpp.o[0m
[2.577s] [ 41%] [32mBuilding CXX object CMakeFiles/tm_driver.dir/src/tm_command.cpp.o[0m
[2.577s] [ 50%] [32mBuilding CXX object CMakeFiles/tm_driver.dir/src/tm_sct_communication.cpp.o[0m
[2.598s] [ 58%] [32mBuilding CXX object CMakeFiles/tm_driver.dir/src/tm_svr_communication.cpp.o[0m
[2.706s] [ 66%] [32mBuilding CXX object CMakeFiles/tm_driver.dir/src/tm_communication.cpp.o[0m
[4.883s] [ 75%] [32mBuilding CXX object CMakeFiles/tm_driver.dir/src/tm_robot_state.cpp.o[0m
[5.803s] [ 83%] [32mBuilding CXX object CMakeFiles/tm_driver.dir/src/tm_packet.cpp.o[0m
[5.936s] [ 91%] [32mBuilding CXX object CMakeFiles/tm_driver.dir/src/tm_print.cpp.o[0m
[18.078s] [100%] [32m[1mLinking CXX executable tm_driver[0m
[18.594s] [100%] Built target tm_driver
[18.605s] Invoked command in '/home/omron/Omron_TM_ROS2/build/tm_driver' returned '0': AMENT_PREFIX_PATH=/home/omron/Omron_TM_ROS2/install/tm_msgs:${AMENT_PREFIX_PATH} CMAKE_PREFIX_PATH=/home/omron/Omron_TM_ROS2/install/tm_msgs:/opt/ros/foxy LD_LIBRARY_PATH=/home/omron/Omron_TM_ROS2/install/tm_msgs/lib:${LD_LIBRARY_PATH} PYTHONPATH=/home/omron/Omron_TM_ROS2/install/tm_msgs/lib/python3.8/site-packages:${PYTHONPATH} /usr/bin/cmake --build /home/omron/Omron_TM_ROS2/build/tm_driver -- -j8 -l8
[18.643s] Invoking command in '/home/omron/Omron_TM_ROS2/build/tm_driver': AMENT_PREFIX_PATH=/home/omron/Omron_TM_ROS2/install/tm_msgs:${AMENT_PREFIX_PATH} CMAKE_PREFIX_PATH=/home/omron/Omron_TM_ROS2/install/tm_msgs:/opt/ros/foxy LD_LIBRARY_PATH=/home/omron/Omron_TM_ROS2/install/tm_msgs/lib:${LD_LIBRARY_PATH} PYTHONPATH=/home/omron/Omron_TM_ROS2/install/tm_msgs/lib/python3.8/site-packages:${PYTHONPATH} /usr/bin/cmake --install /home/omron/Omron_TM_ROS2/build/tm_driver
[18.652s] -- Install configuration: ""
[18.652s] -- Installing: /home/omron/Omron_TM_ROS2/install/tm_driver/lib/tm_driver/tm_driver
[18.655s] -- Set runtime path of "/home/omron/Omron_TM_ROS2/install/tm_driver/lib/tm_driver/tm_driver" to ""
[18.655s] -- Installing: /home/omron/Omron_TM_ROS2/install/tm_driver/share/tm_driver/launch
[18.655s] -- Installing: /home/omron/Omron_TM_ROS2/install/tm_driver/share/tm_driver/launch/tm_bringup.py
[18.656s] -- Installing: /home/omron/Omron_TM_ROS2/install/tm_driver/share/tm_driver/launch/tm_bringup.launch.py
[18.657s] -- Installing: /home/omron/Omron_TM_ROS2/install/tm_driver/share/ament_index/resource_index/package_run_dependencies/tm_driver
[18.657s] -- Installing: /home/omron/Omron_TM_ROS2/install/tm_driver/share/ament_index/resource_index/parent_prefix_path/tm_driver
[18.657s] -- Installing: /home/omron/Omron_TM_ROS2/install/tm_driver/share/tm_driver/environment/ament_prefix_path.sh
[18.657s] -- Installing: /home/omron/Omron_TM_ROS2/install/tm_driver/share/tm_driver/environment/ament_prefix_path.dsv
[18.657s] -- Installing: /home/omron/Omron_TM_ROS2/install/tm_driver/share/tm_driver/environment/path.sh
[18.657s] -- Installing: /home/omron/Omron_TM_ROS2/install/tm_driver/share/tm_driver/environment/path.dsv
[18.658s] -- Installing: /home/omron/Omron_TM_ROS2/install/tm_driver/share/tm_driver/local_setup.bash
[18.658s] -- Installing: /home/omron/Omron_TM_ROS2/install/tm_driver/share/tm_driver/local_setup.sh
[18.658s] -- Installing: /home/omron/Omron_TM_ROS2/install/tm_driver/share/tm_driver/local_setup.zsh
[18.658s] -- Installing: /home/omron/Omron_TM_ROS2/install/tm_driver/share/tm_driver/local_setup.dsv
[18.658s] -- Installing: /home/omron/Omron_TM_ROS2/install/tm_driver/share/tm_driver/package.dsv
[18.658s] -- Installing: /home/omron/Omron_TM_ROS2/install/tm_driver/share/ament_index/resource_index/packages/tm_driver
[18.658s] -- Installing: /home/omron/Omron_TM_ROS2/install/tm_driver/share/tm_driver/cmake/tm_driverConfig.cmake
[18.659s] -- Installing: /home/omron/Omron_TM_ROS2/install/tm_driver/share/tm_driver/cmake/tm_driverConfig-version.cmake
[18.659s] -- Installing: /home/omron/Omron_TM_ROS2/install/tm_driver/share/tm_driver/package.xml
[18.661s] Invoked command in '/home/omron/Omron_TM_ROS2/build/tm_driver' returned '0': AMENT_PREFIX_PATH=/home/omron/Omron_TM_ROS2/install/tm_msgs:${AMENT_PREFIX_PATH} CMAKE_PREFIX_PATH=/home/omron/Omron_TM_ROS2/install/tm_msgs:/opt/ros/foxy LD_LIBRARY_PATH=/home/omron/Omron_TM_ROS2/install/tm_msgs/lib:${LD_LIBRARY_PATH} PYTHONPATH=/home/omron/Omron_TM_ROS2/install/tm_msgs/lib/python3.8/site-packages:${PYTHONPATH} /usr/bin/cmake --install /home/omron/Omron_TM_ROS2/build/tm_driver
