[0.043s] Invoking command in '/home/gy/Omron_TM_ROS2/build/tmr_msgs': CMAKE_PREFIX_PATH=/home/gy/Omron_TM_ROS2/install/tmr_mod_urdf:/home/gy/Omron_TM_ROS2/install/tm_get_status:/home/gy/Omron_TM_ROS2/install/rviz_tm:/home/gy/Omron_TM_ROS2/install/pickplace:/opt/ros/foxy:${CMAKE_PREFIX_PATH} /usr/bin/cmake --build /home/gy/Omron_TM_ROS2/build/tmr_msgs -- -j3 -l3
[0.262s] [  0%] Built target tmr_msgs__cpp
[0.282s] [ 12%] Built target tmr_msgs__rosidl_generator_c
[0.364s] [ 24%] Built target tmr_msgs__rosidl_typesupport_introspection_cpp
[0.392s] [ 36%] Built target tmr_msgs__rosidl_typesupport_cpp
[0.393s] [ 47%] Built target tmr_msgs__rosidl_typesupport_fastrtps_cpp
[0.433s] [ 59%] Built target tmr_msgs__rosidl_typesupport_introspection_c
[0.467s] [ 71%] Built target tmr_msgs__rosidl_typesupport_c
[0.507s] [ 83%] Built target tmr_msgs__rosidl_typesupport_fastrtps_c
[0.580s] [ 83%] Built target tmr_msgs
[0.653s] [ 84%] Built target tmr_msgs__py
[0.774s] [ 95%] Built target tmr_msgs__python
[0.841s] [ 97%] Built target tmr_msgs__rosidl_typesupport_introspection_c__pyext
[0.865s] [ 98%] Built target tmr_msgs__rosidl_typesupport_c__pyext
[0.884s] [100%] Built target tmr_msgs__rosidl_typesupport_fastrtps_c__pyext
[0.919s] Invoked command in '/home/gy/Omron_TM_ROS2/build/tmr_msgs' returned '0': CMAKE_PREFIX_PATH=/home/gy/Omron_TM_ROS2/install/tmr_mod_urdf:/home/gy/Omron_TM_ROS2/install/tm_get_status:/home/gy/Omron_TM_ROS2/install/rviz_tm:/home/gy/Omron_TM_ROS2/install/pickplace:/opt/ros/foxy:${CMAKE_PREFIX_PATH} /usr/bin/cmake --build /home/gy/Omron_TM_ROS2/build/tmr_msgs -- -j3 -l3
[2.221s] Invoking command in '/home/gy/Omron_TM_ROS2/build/tmr_msgs': CMAKE_PREFIX_PATH=/home/gy/Omron_TM_ROS2/install/tmr_mod_urdf:/home/gy/Omron_TM_ROS2/install/tm_get_status:/home/gy/Omron_TM_ROS2/install/rviz_tm:/home/gy/Omron_TM_ROS2/install/pickplace:/opt/ros/foxy:${CMAKE_PREFIX_PATH} /usr/bin/cmake --install /home/gy/Omron_TM_ROS2/build/tmr_msgs
[2.254s] -- Install configuration: ""
[2.265s] -- Up-to-date: /home/gy/Omron_TM_ROS2/install/tmr_msgs/share/ament_index/resource_index/rosidl_interfaces/tmr_msgs
[2.265s] -- Up-to-date: /home/gy/Omron_TM_ROS2/install/tmr_msgs/include/tmr_msgs
[2.265s] -- Up-to-date: /home/gy/Omron_TM_ROS2/install/tmr_msgs/include/tmr_msgs/srv
[2.265s] -- Up-to-date: /home/gy/Omron_TM_ROS2/install/tmr_msgs/include/tmr_msgs/srv/detail
[2.265s] -- Up-to-date: /home/gy/Omron_TM_ROS2/install/tmr_msgs/include/tmr_msgs/srv/detail/set_io__type_support.h
[2.266s] -- Up-to-date: /home/gy/Omron_TM_ROS2/install/tmr_msgs/include/tmr_msgs/srv/detail/set_positions__functions.h
[2.266s] -- Up-to-date: /home/gy/Omron_TM_ROS2/install/tmr_msgs/include/tmr_msgs/srv/detail/ask_sta__functions.h
[2.266s] -- Up-to-date: /home/gy/Omron_TM_ROS2/install/tmr_msgs/include/tmr_msgs/srv/detail/set_positions__functions.c
[2.266s] -- Up-to-date: /home/gy/Omron_TM_ROS2/install/tmr_msgs/include/tmr_msgs/srv/detail/set_io__functions.h
[2.266s] -- Up-to-date: /home/gy/Omron_TM_ROS2/install/tmr_msgs/include/tmr_msgs/srv/detail/send_script__type_support.h
[2.266s] -- Up-to-date: /home/gy/Omron_TM_ROS2/install/tmr_msgs/include/tmr_msgs/srv/detail/send_script__struct.h
[2.267s] -- Up-to-date: /home/gy/Omron_TM_ROS2/install/tmr_msgs/include/tmr_msgs/srv/detail/set_event__struct.h
[2.267s] -- Up-to-date: /home/gy/Omron_TM_ROS2/install/tmr_msgs/include/tmr_msgs/srv/detail/set_event__functions.h
[2.267s] -- Up-to-date: /home/gy/Omron_TM_ROS2/install/tmr_msgs/include/tmr_msgs/srv/detail/set_event__type_support.h
[2.268s] -- Up-to-date: /home/gy/Omron_TM_ROS2/install/tmr_msgs/include/tmr_msgs/srv/detail/connect_tm__functions.c
[2.268s] -- Up-to-date: /home/gy/Omron_TM_ROS2/install/tmr_msgs/include/tmr_msgs/srv/detail/ask_sta__struct.h
[2.268s] -- Up-to-date: /home/gy/Omron_TM_ROS2/install/tmr_msgs/include/tmr_msgs/srv/detail/set_io__struct.h
[2.268s] -- Up-to-date: /home/gy/Omron_TM_ROS2/install/tmr_msgs/include/tmr_msgs/srv/detail/send_script__functions.h
[2.268s] -- Up-to-date: /home/gy/Omron_TM_ROS2/install/tmr_msgs/include/tmr_msgs/srv/detail/set_positions__type_support.h
[2.268s] -- Up-to-date: /home/gy/Omron_TM_ROS2/install/tmr_msgs/include/tmr_msgs/srv/detail/set_io__functions.c
[2.268s] -- Up-to-date: /home/gy/Omron_TM_ROS2/install/tmr_msgs/include/tmr_msgs/srv/detail/ask_sta__functions.c
[2.269s] -- Up-to-date: /home/gy/Omron_TM_ROS2/install/tmr_msgs/include/tmr_msgs/srv/detail/ask_item__functions.c
[2.269s] -- Up-to-date: /home/gy/Omron_TM_ROS2/install/tmr_msgs/include/tmr_msgs/srv/detail/write_item__functions.h
[2.269s] -- Up-to-date: /home/gy/Omron_TM_ROS2/install/tmr_msgs/include/tmr_msgs/srv/detail/connect_tm__type_support.h
[2.269s] -- Up-to-date: /home/gy/Omron_TM_ROS2/install/tmr_msgs/include/tmr_msgs/srv/detail/send_script__functions.c
[2.269s] -- Up-to-date: /home/gy/Omron_TM_ROS2/install/tmr_msgs/include/tmr_msgs/srv/detail/ask_item__type_support.h
[2.269s] -- Up-to-date: /home/gy/Omron_TM_ROS2/install/tmr_msgs/include/tmr_msgs/srv/detail/set_positions__struct.h
[2.269s] -- Up-to-date: /home/gy/Omron_TM_ROS2/install/tmr_msgs/include/tmr_msgs/srv/detail/write_item__functions.c
[2.270s] -- Up-to-date: /home/gy/Omron_TM_ROS2/install/tmr_msgs/include/tmr_msgs/srv/detail/write_item__struct.h
[2.270s] -- Up-to-date: /home/gy/Omron_TM_ROS2/install/tmr_msgs/include/tmr_msgs/srv/detail/connect_tm__struct.h
[2.270s] -- Up-to-date: /home/gy/Omron_TM_ROS2/install/tmr_msgs/include/tmr_msgs/srv/detail/ask_item__functions.h
[2.271s] -- Up-to-date: /home/gy/Omron_TM_ROS2/install/tmr_msgs/include/tmr_msgs/srv/detail/set_event__functions.c
[2.271s] -- Up-to-date: /home/gy/Omron_TM_ROS2/install/tmr_msgs/include/tmr_msgs/srv/detail/connect_tm__functions.h
[2.271s] -- Up-to-date: /home/gy/Omron_TM_ROS2/install/tmr_msgs/include/tmr_msgs/srv/detail/ask_item__struct.h
[2.272s] -- Up-to-date: /home/gy/Omron_TM_ROS2/install/tmr_msgs/include/tmr_msgs/srv/detail/write_item__type_support.h
[2.272s] -- Up-to-date: /home/gy/Omron_TM_ROS2/install/tmr_msgs/include/tmr_msgs/srv/detail/ask_sta__type_support.h
[2.272s] -- Up-to-date: /home/gy/Omron_TM_ROS2/install/tmr_msgs/include/tmr_msgs/srv/connect_tm.h
[2.272s] -- Up-to-date: /home/gy/Omron_TM_ROS2/install/tmr_msgs/include/tmr_msgs/srv/ask_item.h
[2.273s] -- Up-to-date: /home/gy/Omron_TM_ROS2/install/tmr_msgs/include/tmr_msgs/srv/write_item.h
[2.273s] -- Up-to-date: /home/gy/Omron_TM_ROS2/install/tmr_msgs/include/tmr_msgs/srv/set_io.h
[2.288s] -- Up-to-date: /home/gy/Omron_TM_ROS2/install/tmr_msgs/include/tmr_msgs/srv/set_positions.h
[2.288s] -- Up-to-date: /home/gy/Omron_TM_ROS2/install/tmr_msgs/include/tmr_msgs/srv/send_script.h
[2.288s] -- Up-to-date: /home/gy/Omron_TM_ROS2/install/tmr_msgs/include/tmr_msgs/srv/ask_sta.h
[2.288s] -- Up-to-date: /home/gy/Omron_TM_ROS2/install/tmr_msgs/include/tmr_msgs/srv/set_event.h
[2.289s] -- Up-to-date: /home/gy/Omron_TM_ROS2/install/tmr_msgs/include/tmr_msgs/msg
[2.289s] -- Up-to-date: /home/gy/Omron_TM_ROS2/install/tmr_msgs/include/tmr_msgs/msg/detail
[2.289s] -- Up-to-date: /home/gy/Omron_TM_ROS2/install/tmr_msgs/include/tmr_msgs/msg/detail/feedback_state__type_support.h
[2.289s] -- Up-to-date: /home/gy/Omron_TM_ROS2/install/tmr_msgs/include/tmr_msgs/msg/detail/feedback_state__functions.h
[2.289s] -- Up-to-date: /home/gy/Omron_TM_ROS2/install/tmr_msgs/include/tmr_msgs/msg/detail/svr_response__type_support.h
[2.289s] -- Up-to-date: /home/gy/Omron_TM_ROS2/install/tmr_msgs/include/tmr_msgs/msg/detail/sta_response__functions.c
[2.290s] -- Up-to-date: /home/gy/Omron_TM_ROS2/install/tmr_msgs/include/tmr_msgs/msg/detail/sta_response__type_support.h
[2.290s] -- Up-to-date: /home/gy/Omron_TM_ROS2/install/tmr_msgs/include/tmr_msgs/msg/detail/sct_response__functions.c
[2.290s] -- Up-to-date: /home/gy/Omron_TM_ROS2/install/tmr_msgs/include/tmr_msgs/msg/detail/feedback_state__functions.c
[2.290s] -- Up-to-date: /home/gy/Omron_TM_ROS2/install/tmr_msgs/include/tmr_msgs/msg/detail/sct_response__type_support.h
[2.290s] -- Up-to-date: /home/gy/Omron_TM_ROS2/install/tmr_msgs/include/tmr_msgs/msg/detail/svr_response__struct.h
[2.290s] -- Up-to-date: /home/gy/Omron_TM_ROS2/install/tmr_msgs/include/tmr_msgs/msg/detail/svr_response__functions.h
[2.290s] -- Up-to-date: /home/gy/Omron_TM_ROS2/install/tmr_msgs/include/tmr_msgs/msg/detail/sct_response__functions.h
[2.291s] -- Up-to-date: /home/gy/Omron_TM_ROS2/install/tmr_msgs/include/tmr_msgs/msg/detail/feedback_state__struct.h
[2.291s] -- Up-to-date: /home/gy/Omron_TM_ROS2/install/tmr_msgs/include/tmr_msgs/msg/detail/sta_response__functions.h
[2.291s] -- Up-to-date: /home/gy/Omron_TM_ROS2/install/tmr_msgs/include/tmr_msgs/msg/detail/svr_response__functions.c
[2.291s] -- Up-to-date: /home/gy/Omron_TM_ROS2/install/tmr_msgs/include/tmr_msgs/msg/detail/sta_response__struct.h
[2.291s] -- Up-to-date: /home/gy/Omron_TM_ROS2/install/tmr_msgs/include/tmr_msgs/msg/detail/sct_response__struct.h
[2.291s] -- Up-to-date: /home/gy/Omron_TM_ROS2/install/tmr_msgs/include/tmr_msgs/msg/svr_response.h
[2.291s] -- Up-to-date: /home/gy/Omron_TM_ROS2/install/tmr_msgs/include/tmr_msgs/msg/feedback_state.h
[2.292s] -- Up-to-date: /home/gy/Omron_TM_ROS2/install/tmr_msgs/include/tmr_msgs/msg/sct_response.h
[2.292s] -- Up-to-date: /home/gy/Omron_TM_ROS2/install/tmr_msgs/include/tmr_msgs/msg/rosidl_generator_c__visibility_control.h
[2.292s] -- Up-to-date: /home/gy/Omron_TM_ROS2/install/tmr_msgs/include/tmr_msgs/msg/sta_response.h
[2.292s] -- Up-to-date: /home/gy/Omron_TM_ROS2/install/tmr_msgs/share/tmr_msgs/environment/library_path.sh
[2.292s] -- Up-to-date: /home/gy/Omron_TM_ROS2/install/tmr_msgs/share/tmr_msgs/environment/library_path.dsv
[2.292s] -- Up-to-date: /home/gy/Omron_TM_ROS2/install/tmr_msgs/lib/libtmr_msgs__rosidl_generator_c.so
[2.292s] -- Up-to-date: /home/gy/Omron_TM_ROS2/install/tmr_msgs/include/tmr_msgs
[2.292s] -- Up-to-date: /home/gy/Omron_TM_ROS2/install/tmr_msgs/include/tmr_msgs/srv
[2.293s] -- Up-to-date: /home/gy/Omron_TM_ROS2/install/tmr_msgs/include/tmr_msgs/srv/detail
[2.293s] -- Up-to-date: /home/gy/Omron_TM_ROS2/install/tmr_msgs/include/tmr_msgs/srv/detail/connect_tm__rosidl_typesupport_fastrtps_c.h
[2.293s] -- Up-to-date: /home/gy/Omron_TM_ROS2/install/tmr_msgs/include/tmr_msgs/srv/detail/set_event__rosidl_typesupport_fastrtps_c.h
[2.293s] -- Up-to-date: /home/gy/Omron_TM_ROS2/install/tmr_msgs/include/tmr_msgs/srv/detail/set_io__rosidl_typesupport_fastrtps_c.h
[2.293s] -- Up-to-date: /home/gy/Omron_TM_ROS2/install/tmr_msgs/include/tmr_msgs/srv/detail/ask_sta__rosidl_typesupport_fastrtps_c.h
[2.293s] -- Up-to-date: /home/gy/Omron_TM_ROS2/install/tmr_msgs/include/tmr_msgs/srv/detail/set_positions__rosidl_typesupport_fastrtps_c.h
[2.293s] -- Up-to-date: /home/gy/Omron_TM_ROS2/install/tmr_msgs/include/tmr_msgs/srv/detail/send_script__rosidl_typesupport_fastrtps_c.h
[2.294s] -- Up-to-date: /home/gy/Omron_TM_ROS2/install/tmr_msgs/include/tmr_msgs/srv/detail/ask_item__rosidl_typesupport_fastrtps_c.h
[2.294s] -- Up-to-date: /home/gy/Omron_TM_ROS2/install/tmr_msgs/include/tmr_msgs/srv/detail/write_item__rosidl_typesupport_fastrtps_c.h
[2.294s] -- Up-to-date: /home/gy/Omron_TM_ROS2/install/tmr_msgs/include/tmr_msgs/msg
[2.294s] -- Up-to-date: /home/gy/Omron_TM_ROS2/install/tmr_msgs/include/tmr_msgs/msg/detail
[2.294s] -- Up-to-date: /home/gy/Omron_TM_ROS2/install/tmr_msgs/include/tmr_msgs/msg/detail/sct_response__rosidl_typesupport_fastrtps_c.h
[2.294s] -- Up-to-date: /home/gy/Omron_TM_ROS2/install/tmr_msgs/include/tmr_msgs/msg/detail/sta_response__rosidl_typesupport_fastrtps_c.h
[2.295s] -- Up-to-date: /home/gy/Omron_TM_ROS2/install/tmr_msgs/include/tmr_msgs/msg/detail/feedback_state__rosidl_typesupport_fastrtps_c.h
[2.295s] -- Up-to-date: /home/gy/Omron_TM_ROS2/install/tmr_msgs/include/tmr_msgs/msg/detail/svr_response__rosidl_typesupport_fastrtps_c.h
[2.295s] -- Up-to-date: /home/gy/Omron_TM_ROS2/install/tmr_msgs/include/tmr_msgs/msg/rosidl_typesupport_fastrtps_c__visibility_control.h
[2.300s] -- Up-to-date: /home/gy/Omron_TM_ROS2/install/tmr_msgs/lib/libtmr_msgs__rosidl_typesupport_fastrtps_c.so
[2.300s] -- Up-to-date: /home/gy/Omron_TM_ROS2/install/tmr_msgs/include/tmr_msgs
[2.300s] -- Up-to-date: /home/gy/Omron_TM_ROS2/install/tmr_msgs/include/tmr_msgs/srv
[2.300s] -- Up-to-date: /home/gy/Omron_TM_ROS2/install/tmr_msgs/include/tmr_msgs/srv/detail
[2.300s] -- Up-to-date: /home/gy/Omron_TM_ROS2/install/tmr_msgs/include/tmr_msgs/srv/detail/connect_tm__rosidl_typesupport_fastrtps_cpp.hpp
[2.301s] -- Up-to-date: /home/gy/Omron_TM_ROS2/install/tmr_msgs/include/tmr_msgs/srv/detail/set_io__rosidl_typesupport_fastrtps_cpp.hpp
[2.301s] -- Up-to-date: /home/gy/Omron_TM_ROS2/install/tmr_msgs/include/tmr_msgs/srv/detail/ask_sta__rosidl_typesupport_fastrtps_cpp.hpp
[2.301s] -- Up-to-date: /home/gy/Omron_TM_ROS2/install/tmr_msgs/include/tmr_msgs/srv/detail/write_item__rosidl_typesupport_fastrtps_cpp.hpp
[2.301s] -- Up-to-date: /home/gy/Omron_TM_ROS2/install/tmr_msgs/include/tmr_msgs/srv/detail/send_script__rosidl_typesupport_fastrtps_cpp.hpp
[2.301s] -- Up-to-date: /home/gy/Omron_TM_ROS2/install/tmr_msgs/include/tmr_msgs/srv/detail/set_event__rosidl_typesupport_fastrtps_cpp.hpp
[2.301s] -- Up-to-date: /home/gy/Omron_TM_ROS2/install/tmr_msgs/include/tmr_msgs/srv/detail/ask_item__rosidl_typesupport_fastrtps_cpp.hpp
[2.301s] -- Up-to-date: /home/gy/Omron_TM_ROS2/install/tmr_msgs/include/tmr_msgs/srv/detail/dds_fastrtps
[2.302s] -- Up-to-date: /home/gy/Omron_TM_ROS2/install/tmr_msgs/include/tmr_msgs/srv/detail/set_positions__rosidl_typesupport_fastrtps_cpp.hpp
[2.302s] -- Up-to-date: /home/gy/Omron_TM_ROS2/install/tmr_msgs/include/tmr_msgs/msg
[2.302s] -- Up-to-date: /home/gy/Omron_TM_ROS2/install/tmr_msgs/include/tmr_msgs/msg/detail
[2.302s] -- Up-to-date: /home/gy/Omron_TM_ROS2/install/tmr_msgs/include/tmr_msgs/msg/detail/sct_response__rosidl_typesupport_fastrtps_cpp.hpp
[2.303s] -- Up-to-date: /home/gy/Omron_TM_ROS2/install/tmr_msgs/include/tmr_msgs/msg/detail/svr_response__rosidl_typesupport_fastrtps_cpp.hpp
[2.303s] -- Up-to-date: /home/gy/Omron_TM_ROS2/install/tmr_msgs/include/tmr_msgs/msg/detail/sta_response__rosidl_typesupport_fastrtps_cpp.hpp
[2.303s] -- Up-to-date: /home/gy/Omron_TM_ROS2/install/tmr_msgs/include/tmr_msgs/msg/detail/feedback_state__rosidl_typesupport_fastrtps_cpp.hpp
[2.303s] -- Up-to-date: /home/gy/Omron_TM_ROS2/install/tmr_msgs/include/tmr_msgs/msg/detail/dds_fastrtps
[2.303s] -- Up-to-date: /home/gy/Omron_TM_ROS2/install/tmr_msgs/include/tmr_msgs/msg/rosidl_typesupport_fastrtps_cpp__visibility_control.h
[2.303s] -- Up-to-date: /home/gy/Omron_TM_ROS2/install/tmr_msgs/lib/libtmr_msgs__rosidl_typesupport_fastrtps_cpp.so
[2.303s] -- Up-to-date: /home/gy/Omron_TM_ROS2/install/tmr_msgs/include/tmr_msgs
[2.304s] -- Up-to-date: /home/gy/Omron_TM_ROS2/install/tmr_msgs/include/tmr_msgs/srv
[2.304s] -- Up-to-date: /home/gy/Omron_TM_ROS2/install/tmr_msgs/include/tmr_msgs/srv/detail
[2.304s] -- Up-to-date: /home/gy/Omron_TM_ROS2/install/tmr_msgs/include/tmr_msgs/srv/detail/write_item__type_support.c
[2.304s] -- Up-to-date: /home/gy/Omron_TM_ROS2/install/tmr_msgs/include/tmr_msgs/srv/detail/ask_item__rosidl_typesupport_introspection_c.h
[2.304s] -- Up-to-date: /home/gy/Omron_TM_ROS2/install/tmr_msgs/include/tmr_msgs/srv/detail/set_io__rosidl_typesupport_introspection_c.h
[2.304s] -- Up-to-date: /home/gy/Omron_TM_ROS2/install/tmr_msgs/include/tmr_msgs/srv/detail/send_script__type_support.c
[2.304s] -- Up-to-date: /home/gy/Omron_TM_ROS2/install/tmr_msgs/include/tmr_msgs/srv/detail/ask_sta__rosidl_typesupport_introspection_c.h
[2.305s] -- Up-to-date: /home/gy/Omron_TM_ROS2/install/tmr_msgs/include/tmr_msgs/srv/detail/ask_item__type_support.c
[2.305s] -- Up-to-date: /home/gy/Omron_TM_ROS2/install/tmr_msgs/include/tmr_msgs/srv/detail/set_positions__type_support.c
[2.305s] -- Up-to-date: /home/gy/Omron_TM_ROS2/install/tmr_msgs/include/tmr_msgs/srv/detail/send_script__rosidl_typesupport_introspection_c.h
[2.305s] -- Up-to-date: /home/gy/Omron_TM_ROS2/install/tmr_msgs/include/tmr_msgs/srv/detail/set_positions__rosidl_typesupport_introspection_c.h
[2.305s] -- Up-to-date: /home/gy/Omron_TM_ROS2/install/tmr_msgs/include/tmr_msgs/srv/detail/connect_tm__type_support.c
[2.305s] -- Up-to-date: /home/gy/Omron_TM_ROS2/install/tmr_msgs/include/tmr_msgs/srv/detail/connect_tm__rosidl_typesupport_introspection_c.h
[2.305s] -- Up-to-date: /home/gy/Omron_TM_ROS2/install/tmr_msgs/include/tmr_msgs/srv/detail/set_event__type_support.c
[2.305s] -- Up-to-date: /home/gy/Omron_TM_ROS2/install/tmr_msgs/include/tmr_msgs/srv/detail/write_item__rosidl_typesupport_introspection_c.h
[2.306s] -- Up-to-date: /home/gy/Omron_TM_ROS2/install/tmr_msgs/include/tmr_msgs/srv/detail/ask_sta__type_support.c
[2.306s] -- Up-to-date: /home/gy/Omron_TM_ROS2/install/tmr_msgs/include/tmr_msgs/srv/detail/set_io__type_support.c
[2.306s] -- Up-to-date: /home/gy/Omron_TM_ROS2/install/tmr_msgs/include/tmr_msgs/srv/detail/set_event__rosidl_typesupport_introspection_c.h
[2.306s] -- Up-to-date: /home/gy/Omron_TM_ROS2/install/tmr_msgs/include/tmr_msgs/msg
[2.306s] -- Up-to-date: /home/gy/Omron_TM_ROS2/install/tmr_msgs/include/tmr_msgs/msg/detail
[2.314s] -- Up-to-date: /home/gy/Omron_TM_ROS2/install/tmr_msgs/include/tmr_msgs/msg/detail/sct_response__type_support.c
[2.315s] -- Up-to-date: /home/gy/Omron_TM_ROS2/install/tmr_msgs/include/tmr_msgs/msg/detail/feedback_state__rosidl_typesupport_introspection_c.h
[2.315s] -- Up-to-date: /home/gy/Omron_TM_ROS2/install/tmr_msgs/include/tmr_msgs/msg/detail/svr_response__type_support.c
[2.315s] -- Up-to-date: /home/gy/Omron_TM_ROS2/install/tmr_msgs/include/tmr_msgs/msg/detail/sct_response__rosidl_typesupport_introspection_c.h
[2.315s] -- Up-to-date: /home/gy/Omron_TM_ROS2/install/tmr_msgs/include/tmr_msgs/msg/detail/sta_response__type_support.c
[2.315s] -- Up-to-date: /home/gy/Omron_TM_ROS2/install/tmr_msgs/include/tmr_msgs/msg/detail/svr_response__rosidl_typesupport_introspection_c.h
[2.315s] -- Up-to-date: /home/gy/Omron_TM_ROS2/install/tmr_msgs/include/tmr_msgs/msg/detail/feedback_state__type_support.c
[2.316s] -- Up-to-date: /home/gy/Omron_TM_ROS2/install/tmr_msgs/include/tmr_msgs/msg/detail/sta_response__rosidl_typesupport_introspection_c.h
[2.316s] -- Up-to-date: /home/gy/Omron_TM_ROS2/install/tmr_msgs/include/tmr_msgs/msg/rosidl_typesupport_introspection_c__visibility_control.h
[2.316s] -- Up-to-date: /home/gy/Omron_TM_ROS2/install/tmr_msgs/lib/libtmr_msgs__rosidl_typesupport_introspection_c.so
[2.316s] -- Up-to-date: /home/gy/Omron_TM_ROS2/install/tmr_msgs/lib/libtmr_msgs__rosidl_typesupport_c.so
[2.316s] -- Up-to-date: /home/gy/Omron_TM_ROS2/install/tmr_msgs/include/tmr_msgs
[2.316s] -- Up-to-date: /home/gy/Omron_TM_ROS2/install/tmr_msgs/include/tmr_msgs/srv
[2.317s] -- Up-to-date: /home/gy/Omron_TM_ROS2/install/tmr_msgs/include/tmr_msgs/srv/detail
[2.317s] -- Up-to-date: /home/gy/Omron_TM_ROS2/install/tmr_msgs/include/tmr_msgs/srv/detail/set_positions__struct.hpp
[2.317s] -- Up-to-date: /home/gy/Omron_TM_ROS2/install/tmr_msgs/include/tmr_msgs/srv/detail/set_positions__traits.hpp
[2.317s] -- Up-to-date: /home/gy/Omron_TM_ROS2/install/tmr_msgs/include/tmr_msgs/srv/detail/send_script__builder.hpp
[2.317s] -- Up-to-date: /home/gy/Omron_TM_ROS2/install/tmr_msgs/include/tmr_msgs/srv/detail/connect_tm__struct.hpp
[2.317s] -- Up-to-date: /home/gy/Omron_TM_ROS2/install/tmr_msgs/include/tmr_msgs/srv/detail/connect_tm__traits.hpp
[2.317s] -- Up-to-date: /home/gy/Omron_TM_ROS2/install/tmr_msgs/include/tmr_msgs/srv/detail/ask_sta__struct.hpp
[2.318s] -- Up-to-date: /home/gy/Omron_TM_ROS2/install/tmr_msgs/include/tmr_msgs/srv/detail/write_item__builder.hpp
[2.318s] -- Up-to-date: /home/gy/Omron_TM_ROS2/install/tmr_msgs/include/tmr_msgs/srv/detail/send_script__struct.hpp
[2.318s] -- Up-to-date: /home/gy/Omron_TM_ROS2/install/tmr_msgs/include/tmr_msgs/srv/detail/send_script__traits.hpp
[2.318s] -- Up-to-date: /home/gy/Omron_TM_ROS2/install/tmr_msgs/include/tmr_msgs/srv/detail/write_item__traits.hpp
[2.318s] -- Up-to-date: /home/gy/Omron_TM_ROS2/install/tmr_msgs/include/tmr_msgs/srv/detail/ask_sta__builder.hpp
[2.318s] -- Up-to-date: /home/gy/Omron_TM_ROS2/install/tmr_msgs/include/tmr_msgs/srv/detail/set_positions__builder.hpp
[2.319s] -- Up-to-date: /home/gy/Omron_TM_ROS2/install/tmr_msgs/include/tmr_msgs/srv/detail/connect_tm__builder.hpp
[2.319s] -- Up-to-date: /home/gy/Omron_TM_ROS2/install/tmr_msgs/include/tmr_msgs/srv/detail/set_io__builder.hpp
[2.319s] -- Up-to-date: /home/gy/Omron_TM_ROS2/install/tmr_msgs/include/tmr_msgs/srv/detail/ask_item__struct.hpp
[2.319s] -- Up-to-date: /home/gy/Omron_TM_ROS2/install/tmr_msgs/include/tmr_msgs/srv/detail/set_io__traits.hpp
[2.319s] -- Up-to-date: /home/gy/Omron_TM_ROS2/install/tmr_msgs/include/tmr_msgs/srv/detail/ask_item__builder.hpp
[2.319s] -- Up-to-date: /home/gy/Omron_TM_ROS2/install/tmr_msgs/include/tmr_msgs/srv/detail/write_item__struct.hpp
[2.319s] -- Up-to-date: /home/gy/Omron_TM_ROS2/install/tmr_msgs/include/tmr_msgs/srv/detail/set_event__struct.hpp
[2.320s] -- Up-to-date: /home/gy/Omron_TM_ROS2/install/tmr_msgs/include/tmr_msgs/srv/detail/set_event__builder.hpp
[2.320s] -- Up-to-date: /home/gy/Omron_TM_ROS2/install/tmr_msgs/include/tmr_msgs/srv/detail/set_event__traits.hpp
[2.320s] -- Up-to-date: /home/gy/Omron_TM_ROS2/install/tmr_msgs/include/tmr_msgs/srv/detail/set_io__struct.hpp
[2.320s] -- Up-to-date: /home/gy/Omron_TM_ROS2/install/tmr_msgs/include/tmr_msgs/srv/detail/ask_sta__traits.hpp
[2.320s] -- Up-to-date: /home/gy/Omron_TM_ROS2/install/tmr_msgs/include/tmr_msgs/srv/detail/ask_item__traits.hpp
[2.320s] -- Up-to-date: /home/gy/Omron_TM_ROS2/install/tmr_msgs/include/tmr_msgs/srv/ask_item.hpp
[2.320s] -- Up-to-date: /home/gy/Omron_TM_ROS2/install/tmr_msgs/include/tmr_msgs/srv/write_item.hpp
[2.321s] -- Up-to-date: /home/gy/Omron_TM_ROS2/install/tmr_msgs/include/tmr_msgs/srv/send_script.hpp
[2.321s] -- Up-to-date: /home/gy/Omron_TM_ROS2/install/tmr_msgs/include/tmr_msgs/srv/set_io.hpp
[2.321s] -- Up-to-date: /home/gy/Omron_TM_ROS2/install/tmr_msgs/include/tmr_msgs/srv/connect_tm.hpp
[2.326s] -- Up-to-date: /home/gy/Omron_TM_ROS2/install/tmr_msgs/include/tmr_msgs/srv/set_event.hpp
[2.327s] -- Up-to-date: /home/gy/Omron_TM_ROS2/install/tmr_msgs/include/tmr_msgs/srv/set_positions.hpp
[2.327s] -- Up-to-date: /home/gy/Omron_TM_ROS2/install/tmr_msgs/include/tmr_msgs/srv/ask_sta.hpp
[2.327s] -- Up-to-date: /home/gy/Omron_TM_ROS2/install/tmr_msgs/include/tmr_msgs/msg
[2.328s] -- Up-to-date: /home/gy/Omron_TM_ROS2/install/tmr_msgs/include/tmr_msgs/msg/detail
[2.328s] -- Up-to-date: /home/gy/Omron_TM_ROS2/install/tmr_msgs/include/tmr_msgs/msg/detail/sct_response__traits.hpp
[2.328s] -- Up-to-date: /home/gy/Omron_TM_ROS2/install/tmr_msgs/include/tmr_msgs/msg/detail/svr_response__traits.hpp
[2.328s] -- Up-to-date: /home/gy/Omron_TM_ROS2/install/tmr_msgs/include/tmr_msgs/msg/detail/feedback_state__builder.hpp
[2.328s] -- Up-to-date: /home/gy/Omron_TM_ROS2/install/tmr_msgs/include/tmr_msgs/msg/detail/sta_response__builder.hpp
[2.328s] -- Up-to-date: /home/gy/Omron_TM_ROS2/install/tmr_msgs/include/tmr_msgs/msg/detail/feedback_state__struct.hpp
[2.328s] -- Up-to-date: /home/gy/Omron_TM_ROS2/install/tmr_msgs/include/tmr_msgs/msg/detail/sct_response__struct.hpp
[2.328s] -- Up-to-date: /home/gy/Omron_TM_ROS2/install/tmr_msgs/include/tmr_msgs/msg/detail/sct_response__builder.hpp
[2.329s] -- Up-to-date: /home/gy/Omron_TM_ROS2/install/tmr_msgs/include/tmr_msgs/msg/detail/feedback_state__traits.hpp
[2.329s] -- Up-to-date: /home/gy/Omron_TM_ROS2/install/tmr_msgs/include/tmr_msgs/msg/detail/sta_response__struct.hpp
[2.329s] -- Up-to-date: /home/gy/Omron_TM_ROS2/install/tmr_msgs/include/tmr_msgs/msg/detail/svr_response__struct.hpp
[2.329s] -- Up-to-date: /home/gy/Omron_TM_ROS2/install/tmr_msgs/include/tmr_msgs/msg/detail/svr_response__builder.hpp
[2.329s] -- Up-to-date: /home/gy/Omron_TM_ROS2/install/tmr_msgs/include/tmr_msgs/msg/detail/sta_response__traits.hpp
[2.329s] -- Up-to-date: /home/gy/Omron_TM_ROS2/install/tmr_msgs/include/tmr_msgs/msg/svr_response.hpp
[2.329s] -- Up-to-date: /home/gy/Omron_TM_ROS2/install/tmr_msgs/include/tmr_msgs/msg/sta_response.hpp
[2.330s] -- Up-to-date: /home/gy/Omron_TM_ROS2/install/tmr_msgs/include/tmr_msgs/msg/sct_response.hpp
[2.330s] -- Up-to-date: /home/gy/Omron_TM_ROS2/install/tmr_msgs/include/tmr_msgs/msg/feedback_state.hpp
[2.330s] -- Up-to-date: /home/gy/Omron_TM_ROS2/install/tmr_msgs/include/tmr_msgs
[2.330s] -- Up-to-date: /home/gy/Omron_TM_ROS2/install/tmr_msgs/include/tmr_msgs/srv
[2.338s] -- Up-to-date: /home/gy/Omron_TM_ROS2/install/tmr_msgs/include/tmr_msgs/srv/detail
[2.338s] -- Up-to-date: /home/gy/Omron_TM_ROS2/install/tmr_msgs/include/tmr_msgs/srv/detail/send_script__type_support.cpp
[2.339s] -- Up-to-date: /home/gy/Omron_TM_ROS2/install/tmr_msgs/include/tmr_msgs/srv/detail/set_positions__type_support.cpp
[2.339s] -- Up-to-date: /home/gy/Omron_TM_ROS2/install/tmr_msgs/include/tmr_msgs/srv/detail/connect_tm__rosidl_typesupport_introspection_cpp.hpp
[2.339s] -- Up-to-date: /home/gy/Omron_TM_ROS2/install/tmr_msgs/include/tmr_msgs/srv/detail/set_event__rosidl_typesupport_introspection_cpp.hpp
[2.339s] -- Up-to-date: /home/gy/Omron_TM_ROS2/install/tmr_msgs/include/tmr_msgs/srv/detail/write_item__type_support.cpp
[2.339s] -- Up-to-date: /home/gy/Omron_TM_ROS2/install/tmr_msgs/include/tmr_msgs/srv/detail/send_script__rosidl_typesupport_introspection_cpp.hpp
[2.339s] -- Up-to-date: /home/gy/Omron_TM_ROS2/install/tmr_msgs/include/tmr_msgs/srv/detail/ask_item__type_support.cpp
[2.339s] -- Up-to-date: /home/gy/Omron_TM_ROS2/install/tmr_msgs/include/tmr_msgs/srv/detail/set_io__type_support.cpp
[2.339s] -- Up-to-date: /home/gy/Omron_TM_ROS2/install/tmr_msgs/include/tmr_msgs/srv/detail/write_item__rosidl_typesupport_introspection_cpp.hpp
[2.339s] -- Up-to-date: /home/gy/Omron_TM_ROS2/install/tmr_msgs/include/tmr_msgs/srv/detail/set_positions__rosidl_typesupport_introspection_cpp.hpp
[2.339s] -- Up-to-date: /home/gy/Omron_TM_ROS2/install/tmr_msgs/include/tmr_msgs/srv/detail/set_event__type_support.cpp
[2.339s] -- Up-to-date: /home/gy/Omron_TM_ROS2/install/tmr_msgs/include/tmr_msgs/srv/detail/ask_sta__rosidl_typesupport_introspection_cpp.hpp
[2.340s] -- Up-to-date: /home/gy/Omron_TM_ROS2/install/tmr_msgs/include/tmr_msgs/srv/detail/ask_item__rosidl_typesupport_introspection_cpp.hpp
[2.340s] -- Up-to-date: /home/gy/Omron_TM_ROS2/install/tmr_msgs/include/tmr_msgs/srv/detail/ask_sta__type_support.cpp
[2.340s] -- Up-to-date: /home/gy/Omron_TM_ROS2/install/tmr_msgs/include/tmr_msgs/srv/detail/set_io__rosidl_typesupport_introspection_cpp.hpp
[2.340s] -- Up-to-date: /home/gy/Omron_TM_ROS2/install/tmr_msgs/include/tmr_msgs/srv/detail/connect_tm__type_support.cpp
[2.340s] -- Up-to-date: /home/gy/Omron_TM_ROS2/install/tmr_msgs/include/tmr_msgs/msg
[2.340s] -- Up-to-date: /home/gy/Omron_TM_ROS2/install/tmr_msgs/include/tmr_msgs/msg/detail
[2.340s] -- Up-to-date: /home/gy/Omron_TM_ROS2/install/tmr_msgs/include/tmr_msgs/msg/detail/feedback_state__rosidl_typesupport_introspection_cpp.hpp
[2.340s] -- Up-to-date: /home/gy/Omron_TM_ROS2/install/tmr_msgs/include/tmr_msgs/msg/detail/sct_response__type_support.cpp
[2.341s] -- Up-to-date: /home/gy/Omron_TM_ROS2/install/tmr_msgs/include/tmr_msgs/msg/detail/feedback_state__type_support.cpp
[2.341s] -- Up-to-date: /home/gy/Omron_TM_ROS2/install/tmr_msgs/include/tmr_msgs/msg/detail/sta_response__rosidl_typesupport_introspection_cpp.hpp
[2.341s] -- Up-to-date: /home/gy/Omron_TM_ROS2/install/tmr_msgs/include/tmr_msgs/msg/detail/sct_response__rosidl_typesupport_introspection_cpp.hpp
[2.341s] -- Up-to-date: /home/gy/Omron_TM_ROS2/install/tmr_msgs/include/tmr_msgs/msg/detail/svr_response__type_support.cpp
[2.341s] -- Up-to-date: /home/gy/Omron_TM_ROS2/install/tmr_msgs/include/tmr_msgs/msg/detail/svr_response__rosidl_typesupport_introspection_cpp.hpp
[2.341s] -- Up-to-date: /home/gy/Omron_TM_ROS2/install/tmr_msgs/include/tmr_msgs/msg/detail/sta_response__type_support.cpp
[2.341s] -- Up-to-date: /home/gy/Omron_TM_ROS2/install/tmr_msgs/lib/libtmr_msgs__rosidl_typesupport_introspection_cpp.so
[2.342s] -- Up-to-date: /home/gy/Omron_TM_ROS2/install/tmr_msgs/lib/libtmr_msgs__rosidl_typesupport_cpp.so
[2.342s] -- Up-to-date: /home/gy/Omron_TM_ROS2/install/tmr_msgs/share/tmr_msgs/environment/pythonpath.sh
[2.342s] -- Up-to-date: /home/gy/Omron_TM_ROS2/install/tmr_msgs/share/tmr_msgs/environment/pythonpath.dsv
[2.342s] -- Up-to-date: /home/gy/Omron_TM_ROS2/install/tmr_msgs/lib/python3.8/site-packages/tmr_msgs/__init__.py
[2.418s] -- Up-to-date: /home/gy/Omron_TM_ROS2/install/tmr_msgs/lib/python3.8/site-packages/tmr_msgs/msg
[2.419s] -- Up-to-date: /home/gy/Omron_TM_ROS2/install/tmr_msgs/lib/python3.8/site-packages/tmr_msgs/msg/_sct_response_s.c
[2.419s] -- Up-to-date: /home/gy/Omron_TM_ROS2/install/tmr_msgs/lib/python3.8/site-packages/tmr_msgs/msg/_sct_response.py
[2.419s] -- Up-to-date: /home/gy/Omron_TM_ROS2/install/tmr_msgs/lib/python3.8/site-packages/tmr_msgs/msg/_svr_response_s.c
[2.419s] -- Up-to-date: /home/gy/Omron_TM_ROS2/install/tmr_msgs/lib/python3.8/site-packages/tmr_msgs/msg/_feedback_state.py
[2.419s] -- Up-to-date: /home/gy/Omron_TM_ROS2/install/tmr_msgs/lib/python3.8/site-packages/tmr_msgs/msg/_feedback_state_s.c
[2.419s] -- Up-to-date: /home/gy/Omron_TM_ROS2/install/tmr_msgs/lib/python3.8/site-packages/tmr_msgs/msg/__init__.py
[2.419s] -- Up-to-date: /home/gy/Omron_TM_ROS2/install/tmr_msgs/lib/python3.8/site-packages/tmr_msgs/msg/_sta_response.py
[2.420s] -- Up-to-date: /home/gy/Omron_TM_ROS2/install/tmr_msgs/lib/python3.8/site-packages/tmr_msgs/msg/_svr_response.py
[2.420s] -- Up-to-date: /home/gy/Omron_TM_ROS2/install/tmr_msgs/lib/python3.8/site-packages/tmr_msgs/msg/_sta_response_s.c
[2.420s] -- Up-to-date: /home/gy/Omron_TM_ROS2/install/tmr_msgs/lib/python3.8/site-packages/tmr_msgs/srv
[2.420s] -- Up-to-date: /home/gy/Omron_TM_ROS2/install/tmr_msgs/lib/python3.8/site-packages/tmr_msgs/srv/_write_item_s.c
[2.420s] -- Up-to-date: /home/gy/Omron_TM_ROS2/install/tmr_msgs/lib/python3.8/site-packages/tmr_msgs/srv/_set_event.py
[2.420s] -- Up-to-date: /home/gy/Omron_TM_ROS2/install/tmr_msgs/lib/python3.8/site-packages/tmr_msgs/srv/_write_item.py
[2.420s] -- Up-to-date: /home/gy/Omron_TM_ROS2/install/tmr_msgs/lib/python3.8/site-packages/tmr_msgs/srv/_connect_tm.py
[2.421s] -- Up-to-date: /home/gy/Omron_TM_ROS2/install/tmr_msgs/lib/python3.8/site-packages/tmr_msgs/srv/_send_script_s.c
[2.421s] -- Up-to-date: /home/gy/Omron_TM_ROS2/install/tmr_msgs/lib/python3.8/site-packages/tmr_msgs/srv/_set_event_s.c
[2.421s] -- Up-to-date: /home/gy/Omron_TM_ROS2/install/tmr_msgs/lib/python3.8/site-packages/tmr_msgs/srv/_set_positions.py
[2.421s] -- Up-to-date: /home/gy/Omron_TM_ROS2/install/tmr_msgs/lib/python3.8/site-packages/tmr_msgs/srv/__init__.py
[2.421s] -- Up-to-date: /home/gy/Omron_TM_ROS2/install/tmr_msgs/lib/python3.8/site-packages/tmr_msgs/srv/_ask_item_s.c
[2.421s] -- Up-to-date: /home/gy/Omron_TM_ROS2/install/tmr_msgs/lib/python3.8/site-packages/tmr_msgs/srv/_set_io.py
[2.421s] -- Up-to-date: /home/gy/Omron_TM_ROS2/install/tmr_msgs/lib/python3.8/site-packages/tmr_msgs/srv/_connect_tm_s.c
[2.421s] -- Up-to-date: /home/gy/Omron_TM_ROS2/install/tmr_msgs/lib/python3.8/site-packages/tmr_msgs/srv/_send_script.py
[2.422s] -- Up-to-date: /home/gy/Omron_TM_ROS2/install/tmr_msgs/lib/python3.8/site-packages/tmr_msgs/srv/_set_positions_s.c
[2.422s] -- Up-to-date: /home/gy/Omron_TM_ROS2/install/tmr_msgs/lib/python3.8/site-packages/tmr_msgs/srv/_set_io_s.c
[2.422s] -- Up-to-date: /home/gy/Omron_TM_ROS2/install/tmr_msgs/lib/python3.8/site-packages/tmr_msgs/srv/_ask_sta.py
[2.422s] -- Up-to-date: /home/gy/Omron_TM_ROS2/install/tmr_msgs/lib/python3.8/site-packages/tmr_msgs/srv/_ask_sta_s.c
[2.422s] -- Up-to-date: /home/gy/Omron_TM_ROS2/install/tmr_msgs/lib/python3.8/site-packages/tmr_msgs/srv/_ask_item.py
[2.422s] -- Up-to-date: /home/gy/Omron_TM_ROS2/install/tmr_msgs/lib/python3.8/site-packages/tmr_msgs/tmr_msgs_s__rosidl_typesupport_fastrtps_c.cpython-38-x86_64-linux-gnu.so
[2.435s] -- Up-to-date: /home/gy/Omron_TM_ROS2/install/tmr_msgs/lib/python3.8/site-packages/tmr_msgs/tmr_msgs_s__rosidl_typesupport_introspection_c.cpython-38-x86_64-linux-gnu.so
[2.435s] -- Up-to-date: /home/gy/Omron_TM_ROS2/install/tmr_msgs/lib/python3.8/site-packages/tmr_msgs/tmr_msgs_s__rosidl_typesupport_c.cpython-38-x86_64-linux-gnu.so
[2.435s] -- Up-to-date: /home/gy/Omron_TM_ROS2/install/tmr_msgs/lib/libtmr_msgs__python.so
[2.435s] -- Up-to-date: /home/gy/Omron_TM_ROS2/install/tmr_msgs/share/tmr_msgs/msg/FeedbackState.idl
[2.435s] -- Up-to-date: /home/gy/Omron_TM_ROS2/install/tmr_msgs/share/tmr_msgs/msg/SvrResponse.idl
[2.436s] -- Up-to-date: /home/gy/Omron_TM_ROS2/install/tmr_msgs/share/tmr_msgs/msg/SctResponse.idl
[2.436s] -- Up-to-date: /home/gy/Omron_TM_ROS2/install/tmr_msgs/share/tmr_msgs/msg/StaResponse.idl
[2.436s] -- Up-to-date: /home/gy/Omron_TM_ROS2/install/tmr_msgs/share/tmr_msgs/srv/ConnectTM.idl
[2.436s] -- Up-to-date: /home/gy/Omron_TM_ROS2/install/tmr_msgs/share/tmr_msgs/srv/WriteItem.idl
[2.436s] -- Up-to-date: /home/gy/Omron_TM_ROS2/install/tmr_msgs/share/tmr_msgs/srv/AskItem.idl
[2.436s] -- Up-to-date: /home/gy/Omron_TM_ROS2/install/tmr_msgs/share/tmr_msgs/srv/SendScript.idl
[2.436s] -- Up-to-date: /home/gy/Omron_TM_ROS2/install/tmr_msgs/share/tmr_msgs/srv/SetEvent.idl
[2.436s] -- Up-to-date: /home/gy/Omron_TM_ROS2/install/tmr_msgs/share/tmr_msgs/srv/SetIO.idl
[2.437s] -- Up-to-date: /home/gy/Omron_TM_ROS2/install/tmr_msgs/share/tmr_msgs/srv/SetPositions.idl
[2.437s] -- Up-to-date: /home/gy/Omron_TM_ROS2/install/tmr_msgs/share/tmr_msgs/srv/AskSta.idl
[2.437s] -- Up-to-date: /home/gy/Omron_TM_ROS2/install/tmr_msgs/share/tmr_msgs/msg/FeedbackState.msg
[2.437s] -- Up-to-date: /home/gy/Omron_TM_ROS2/install/tmr_msgs/share/tmr_msgs/msg/SvrResponse.msg
[2.437s] -- Up-to-date: /home/gy/Omron_TM_ROS2/install/tmr_msgs/share/tmr_msgs/msg/SctResponse.msg
[2.437s] -- Up-to-date: /home/gy/Omron_TM_ROS2/install/tmr_msgs/share/tmr_msgs/msg/StaResponse.msg
[2.437s] -- Up-to-date: /home/gy/Omron_TM_ROS2/install/tmr_msgs/share/tmr_msgs/srv/ConnectTM.srv
[2.437s] -- Up-to-date: /home/gy/Omron_TM_ROS2/install/tmr_msgs/share/tmr_msgs/srv/ConnectTM_Request.msg
[2.438s] -- Up-to-date: /home/gy/Omron_TM_ROS2/install/tmr_msgs/share/tmr_msgs/srv/ConnectTM_Response.msg
[2.438s] -- Up-to-date: /home/gy/Omron_TM_ROS2/install/tmr_msgs/share/tmr_msgs/srv/WriteItem.srv
[2.438s] -- Up-to-date: /home/gy/Omron_TM_ROS2/install/tmr_msgs/share/tmr_msgs/srv/WriteItem_Request.msg
[2.438s] -- Up-to-date: /home/gy/Omron_TM_ROS2/install/tmr_msgs/share/tmr_msgs/srv/WriteItem_Response.msg
[2.438s] -- Up-to-date: /home/gy/Omron_TM_ROS2/install/tmr_msgs/share/tmr_msgs/srv/AskItem.srv
[2.438s] -- Up-to-date: /home/gy/Omron_TM_ROS2/install/tmr_msgs/share/tmr_msgs/srv/AskItem_Request.msg
[2.438s] -- Up-to-date: /home/gy/Omron_TM_ROS2/install/tmr_msgs/share/tmr_msgs/srv/AskItem_Response.msg
[2.439s] -- Up-to-date: /home/gy/Omron_TM_ROS2/install/tmr_msgs/share/tmr_msgs/srv/SendScript.srv
[2.439s] -- Up-to-date: /home/gy/Omron_TM_ROS2/install/tmr_msgs/share/tmr_msgs/srv/SendScript_Request.msg
[2.439s] -- Up-to-date: /home/gy/Omron_TM_ROS2/install/tmr_msgs/share/tmr_msgs/srv/SendScript_Response.msg
[2.439s] -- Up-to-date: /home/gy/Omron_TM_ROS2/install/tmr_msgs/share/tmr_msgs/srv/SetEvent.srv
[2.439s] -- Up-to-date: /home/gy/Omron_TM_ROS2/install/tmr_msgs/share/tmr_msgs/srv/SetEvent_Request.msg
[2.439s] -- Up-to-date: /home/gy/Omron_TM_ROS2/install/tmr_msgs/share/tmr_msgs/srv/SetEvent_Response.msg
[2.439s] -- Up-to-date: /home/gy/Omron_TM_ROS2/install/tmr_msgs/share/tmr_msgs/srv/SetIO.srv
[2.439s] -- Up-to-date: /home/gy/Omron_TM_ROS2/install/tmr_msgs/share/tmr_msgs/srv/SetIO_Request.msg
[2.440s] -- Up-to-date: /home/gy/Omron_TM_ROS2/install/tmr_msgs/share/tmr_msgs/srv/SetIO_Response.msg
[2.440s] -- Up-to-date: /home/gy/Omron_TM_ROS2/install/tmr_msgs/share/tmr_msgs/srv/SetPositions.srv
[2.440s] -- Up-to-date: /home/gy/Omron_TM_ROS2/install/tmr_msgs/share/tmr_msgs/srv/SetPositions_Request.msg
[2.450s] -- Up-to-date: /home/gy/Omron_TM_ROS2/install/tmr_msgs/share/tmr_msgs/srv/SetPositions_Response.msg
[2.451s] -- Up-to-date: /home/gy/Omron_TM_ROS2/install/tmr_msgs/share/tmr_msgs/srv/AskSta.srv
[2.451s] -- Up-to-date: /home/gy/Omron_TM_ROS2/install/tmr_msgs/share/tmr_msgs/srv/AskSta_Request.msg
[2.451s] -- Up-to-date: /home/gy/Omron_TM_ROS2/install/tmr_msgs/share/tmr_msgs/srv/AskSta_Response.msg
[2.451s] -- Up-to-date: /home/gy/Omron_TM_ROS2/install/tmr_msgs/share/ament_index/resource_index/package_run_dependencies/tmr_msgs
[2.451s] -- Up-to-date: /home/gy/Omron_TM_ROS2/install/tmr_msgs/share/ament_index/resource_index/parent_prefix_path/tmr_msgs
[2.451s] -- Up-to-date: /home/gy/Omron_TM_ROS2/install/tmr_msgs/share/tmr_msgs/environment/ament_prefix_path.sh
[2.452s] -- Up-to-date: /home/gy/Omron_TM_ROS2/install/tmr_msgs/share/tmr_msgs/environment/ament_prefix_path.dsv
[2.452s] -- Up-to-date: /home/gy/Omron_TM_ROS2/install/tmr_msgs/share/tmr_msgs/environment/path.sh
[2.452s] -- Up-to-date: /home/gy/Omron_TM_ROS2/install/tmr_msgs/share/tmr_msgs/environment/path.dsv
[2.452s] -- Up-to-date: /home/gy/Omron_TM_ROS2/install/tmr_msgs/share/tmr_msgs/local_setup.bash
[2.452s] -- Up-to-date: /home/gy/Omron_TM_ROS2/install/tmr_msgs/share/tmr_msgs/local_setup.sh
[2.452s] -- Up-to-date: /home/gy/Omron_TM_ROS2/install/tmr_msgs/share/tmr_msgs/local_setup.zsh
[2.452s] -- Up-to-date: /home/gy/Omron_TM_ROS2/install/tmr_msgs/share/tmr_msgs/local_setup.dsv
[2.452s] -- Installing: /home/gy/Omron_TM_ROS2/install/tmr_msgs/share/tmr_msgs/package.dsv
[2.453s] -- Up-to-date: /home/gy/Omron_TM_ROS2/install/tmr_msgs/share/ament_index/resource_index/packages/tmr_msgs
[2.453s] -- Up-to-date: /home/gy/Omron_TM_ROS2/install/tmr_msgs/share/tmr_msgs/cmake/tmr_msgs__rosidl_generator_cExport.cmake
[2.453s] -- Up-to-date: /home/gy/Omron_TM_ROS2/install/tmr_msgs/share/tmr_msgs/cmake/tmr_msgs__rosidl_generator_cExport-noconfig.cmake
[2.464s] -- Up-to-date: /home/gy/Omron_TM_ROS2/install/tmr_msgs/share/tmr_msgs/cmake/tmr_msgs__rosidl_typesupport_introspection_cExport.cmake
[2.464s] -- Up-to-date: /home/gy/Omron_TM_ROS2/install/tmr_msgs/share/tmr_msgs/cmake/tmr_msgs__rosidl_typesupport_introspection_cExport-noconfig.cmake
[2.465s] -- Up-to-date: /home/gy/Omron_TM_ROS2/install/tmr_msgs/share/tmr_msgs/cmake/tmr_msgs__rosidl_typesupport_cExport.cmake
[2.465s] -- Up-to-date: /home/gy/Omron_TM_ROS2/install/tmr_msgs/share/tmr_msgs/cmake/tmr_msgs__rosidl_typesupport_cExport-noconfig.cmake
[2.465s] -- Up-to-date: /home/gy/Omron_TM_ROS2/install/tmr_msgs/share/tmr_msgs/cmake/tmr_msgs__rosidl_generator_cppExport.cmake
[2.465s] -- Up-to-date: /home/gy/Omron_TM_ROS2/install/tmr_msgs/share/tmr_msgs/cmake/tmr_msgs__rosidl_typesupport_introspection_cppExport.cmake
[2.465s] -- Up-to-date: /home/gy/Omron_TM_ROS2/install/tmr_msgs/share/tmr_msgs/cmake/tmr_msgs__rosidl_typesupport_introspection_cppExport-noconfig.cmake
[2.465s] -- Up-to-date: /home/gy/Omron_TM_ROS2/install/tmr_msgs/share/tmr_msgs/cmake/tmr_msgs__rosidl_typesupport_cppExport.cmake
[2.465s] -- Up-to-date: /home/gy/Omron_TM_ROS2/install/tmr_msgs/share/tmr_msgs/cmake/tmr_msgs__rosidl_typesupport_cppExport-noconfig.cmake
[2.466s] -- Up-to-date: /home/gy/Omron_TM_ROS2/install/tmr_msgs/share/tmr_msgs/cmake/rosidl_cmake-extras.cmake
[2.466s] -- Up-to-date: /home/gy/Omron_TM_ROS2/install/tmr_msgs/share/tmr_msgs/cmake/ament_cmake_export_dependencies-extras.cmake
[2.466s] -- Up-to-date: /home/gy/Omron_TM_ROS2/install/tmr_msgs/share/tmr_msgs/cmake/ament_cmake_export_libraries-extras.cmake
[2.466s] -- Up-to-date: /home/gy/Omron_TM_ROS2/install/tmr_msgs/share/tmr_msgs/cmake/ament_cmake_export_targets-extras.cmake
[2.466s] -- Up-to-date: /home/gy/Omron_TM_ROS2/install/tmr_msgs/share/tmr_msgs/cmake/ament_cmake_export_include_directories-extras.cmake
[2.466s] -- Up-to-date: /home/gy/Omron_TM_ROS2/install/tmr_msgs/share/tmr_msgs/cmake/rosidl_cmake_export_typesupport_libraries-extras.cmake
[2.466s] -- Up-to-date: /home/gy/Omron_TM_ROS2/install/tmr_msgs/share/tmr_msgs/cmake/rosidl_cmake_export_typesupport_targets-extras.cmake
[2.466s] -- Up-to-date: /home/gy/Omron_TM_ROS2/install/tmr_msgs/share/tmr_msgs/cmake/tmr_msgsConfig.cmake
[2.467s] -- Up-to-date: /home/gy/Omron_TM_ROS2/install/tmr_msgs/share/tmr_msgs/cmake/tmr_msgsConfig-version.cmake
[2.467s] -- Up-to-date: /home/gy/Omron_TM_ROS2/install/tmr_msgs/share/tmr_msgs/package.xml
[2.894s] Invoked command in '/home/gy/Omron_TM_ROS2/build/tmr_msgs' returned '0': CMAKE_PREFIX_PATH=/home/gy/Omron_TM_ROS2/install/tmr_mod_urdf:/home/gy/Omron_TM_ROS2/install/tm_get_status:/home/gy/Omron_TM_ROS2/install/rviz_tm:/home/gy/Omron_TM_ROS2/install/pickplace:/opt/ros/foxy:${CMAKE_PREFIX_PATH} /usr/bin/cmake --install /home/gy/Omron_TM_ROS2/build/tmr_msgs
