[0.058s] Invoking command in '/home/gy/Omron_TM_ROS2/build/tm_msgs': CMAKE_PREFIX_PATH=${CMAKE_PREFIX_PATH}:/home/gy/Omron_TM_ROS2/install/pickplace:/home/gy/Omron_TM_ROS2/install/tmr_mod_urdf:/home/gy/Omron_TM_ROS2/install/tm_get_status:/opt/ros/foxy /usr/bin/cmake --build /home/gy/Omron_TM_ROS2/build/tm_msgs -- -j3 -l3
[0.215s] CMake Error: The current CMakeCache.txt directory /home/gy/Omron_TM_ROS2/build/tm_msgs/CMakeCache.txt is different than the directory /home/gy/tmr_ros2/build/tm_msgs where CMakeCache.txt was created. This may result in binaries being created in the wrong place. If you are not sure, reedit the CMakeCache.txt
[0.360s] [  0%] Built target tm_msgs__cpp
[0.415s] [ 12%] Built target tm_msgs__rosidl_generator_c
[0.434s] [ 24%] Built target tm_msgs__rosidl_typesupport_introspection_cpp
[0.528s] [ 35%] Built target tm_msgs__rosidl_typesupport_fastrtps_cpp
[0.603s] [ 47%] Built target tm_msgs__rosidl_typesupport_c
[0.603s] [ 59%] Built target tm_msgs__rosidl_typesupport_cpp
[0.646s] [ 71%] Built target tm_msgs__rosidl_typesupport_introspection_c
[0.693s] [ 83%] Built target tm_msgs__rosidl_typesupport_fastrtps_c
[0.779s] [ 83%] Built target tm_msgs
[0.832s] [ 84%] Built target tm_msgs__py
[0.941s] [ 95%] Built target tm_msgs__python
[1.063s] [ 96%] Built target tm_msgs__rosidl_typesupport_c__pyext
[1.081s] [ 98%] Built target tm_msgs__rosidl_typesupport_fastrtps_c__pyext
[1.101s] [100%] Built target tm_msgs__rosidl_typesupport_introspection_c__pyext
[1.134s] Invoked command in '/home/gy/Omron_TM_ROS2/build/tm_msgs' returned '0': CMAKE_PREFIX_PATH=${CMAKE_PREFIX_PATH}:/home/gy/Omron_TM_ROS2/install/pickplace:/home/gy/Omron_TM_ROS2/install/tmr_mod_urdf:/home/gy/Omron_TM_ROS2/install/tm_get_status:/opt/ros/foxy /usr/bin/cmake --build /home/gy/Omron_TM_ROS2/build/tm_msgs -- -j3 -l3
[1.766s] Invoking command in '/home/gy/Omron_TM_ROS2/build/tm_msgs': CMAKE_PREFIX_PATH=${CMAKE_PREFIX_PATH}:/home/gy/Omron_TM_ROS2/install/pickplace:/home/gy/Omron_TM_ROS2/install/tmr_mod_urdf:/home/gy/Omron_TM_ROS2/install/tm_get_status:/opt/ros/foxy /usr/bin/cmake --install /home/gy/Omron_TM_ROS2/build/tm_msgs
[1.787s] -- Install configuration: ""
[1.789s] -- Up-to-date: /home/gy/tmr_ros2/install/tm_msgs/share/ament_index/resource_index/rosidl_interfaces/tm_msgs
[1.792s] -- Up-to-date: /home/gy/tmr_ros2/install/tm_msgs/include/tm_msgs
[1.792s] -- Up-to-date: /home/gy/tmr_ros2/install/tm_msgs/include/tm_msgs/srv
[1.792s] -- Up-to-date: /home/gy/tmr_ros2/install/tm_msgs/include/tm_msgs/srv/detail
[1.792s] -- Up-to-date: /home/gy/tmr_ros2/install/tm_msgs/include/tm_msgs/srv/detail/set_io__type_support.h
[1.792s] -- Up-to-date: /home/gy/tmr_ros2/install/tm_msgs/include/tm_msgs/srv/detail/set_positions__functions.h
[1.793s] -- Up-to-date: /home/gy/tmr_ros2/install/tm_msgs/include/tm_msgs/srv/detail/ask_sta__functions.h
[1.793s] -- Up-to-date: /home/gy/tmr_ros2/install/tm_msgs/include/tm_msgs/srv/detail/set_positions__functions.c
[1.793s] -- Up-to-date: /home/gy/tmr_ros2/install/tm_msgs/include/tm_msgs/srv/detail/set_io__functions.h
[1.793s] -- Up-to-date: /home/gy/tmr_ros2/install/tm_msgs/include/tm_msgs/srv/detail/send_script__type_support.h
[1.793s] -- Up-to-date: /home/gy/tmr_ros2/install/tm_msgs/include/tm_msgs/srv/detail/send_script__struct.h
[1.793s] -- Up-to-date: /home/gy/tmr_ros2/install/tm_msgs/include/tm_msgs/srv/detail/set_event__struct.h
[1.793s] -- Up-to-date: /home/gy/tmr_ros2/install/tm_msgs/include/tm_msgs/srv/detail/set_event__functions.h
[1.797s] -- Up-to-date: /home/gy/tmr_ros2/install/tm_msgs/include/tm_msgs/srv/detail/set_event__type_support.h
[1.798s] -- Up-to-date: /home/gy/tmr_ros2/install/tm_msgs/include/tm_msgs/srv/detail/connect_tm__functions.c
[1.798s] -- Up-to-date: /home/gy/tmr_ros2/install/tm_msgs/include/tm_msgs/srv/detail/ask_sta__struct.h
[1.799s] -- Up-to-date: /home/gy/tmr_ros2/install/tm_msgs/include/tm_msgs/srv/detail/set_io__struct.h
[1.799s] -- Up-to-date: /home/gy/tmr_ros2/install/tm_msgs/include/tm_msgs/srv/detail/send_script__functions.h
[1.799s] -- Up-to-date: /home/gy/tmr_ros2/install/tm_msgs/include/tm_msgs/srv/detail/set_positions__type_support.h
[1.799s] -- Up-to-date: /home/gy/tmr_ros2/install/tm_msgs/include/tm_msgs/srv/detail/set_io__functions.c
[1.799s] -- Up-to-date: /home/gy/tmr_ros2/install/tm_msgs/include/tm_msgs/srv/detail/ask_sta__functions.c
[1.799s] -- Up-to-date: /home/gy/tmr_ros2/install/tm_msgs/include/tm_msgs/srv/detail/ask_item__functions.c
[1.800s] -- Up-to-date: /home/gy/tmr_ros2/install/tm_msgs/include/tm_msgs/srv/detail/write_item__functions.h
[1.800s] -- Up-to-date: /home/gy/tmr_ros2/install/tm_msgs/include/tm_msgs/srv/detail/connect_tm__type_support.h
[1.800s] -- Up-to-date: /home/gy/tmr_ros2/install/tm_msgs/include/tm_msgs/srv/detail/send_script__functions.c
[1.800s] -- Up-to-date: /home/gy/tmr_ros2/install/tm_msgs/include/tm_msgs/srv/detail/ask_item__type_support.h
[1.800s] -- Up-to-date: /home/gy/tmr_ros2/install/tm_msgs/include/tm_msgs/srv/detail/set_positions__struct.h
[1.800s] -- Up-to-date: /home/gy/tmr_ros2/install/tm_msgs/include/tm_msgs/srv/detail/write_item__functions.c
[1.800s] -- Up-to-date: /home/gy/tmr_ros2/install/tm_msgs/include/tm_msgs/srv/detail/write_item__struct.h
[1.801s] -- Up-to-date: /home/gy/tmr_ros2/install/tm_msgs/include/tm_msgs/srv/detail/connect_tm__struct.h
[1.801s] -- Up-to-date: /home/gy/tmr_ros2/install/tm_msgs/include/tm_msgs/srv/detail/ask_item__functions.h
[1.801s] -- Up-to-date: /home/gy/tmr_ros2/install/tm_msgs/include/tm_msgs/srv/detail/set_event__functions.c
[1.801s] -- Up-to-date: /home/gy/tmr_ros2/install/tm_msgs/include/tm_msgs/srv/detail/connect_tm__functions.h
[1.801s] -- Up-to-date: /home/gy/tmr_ros2/install/tm_msgs/include/tm_msgs/srv/detail/ask_item__struct.h
[1.801s] -- Up-to-date: /home/gy/tmr_ros2/install/tm_msgs/include/tm_msgs/srv/detail/write_item__type_support.h
[1.802s] -- Up-to-date: /home/gy/tmr_ros2/install/tm_msgs/include/tm_msgs/srv/detail/ask_sta__type_support.h
[1.802s] -- Up-to-date: /home/gy/tmr_ros2/install/tm_msgs/include/tm_msgs/srv/connect_tm.h
[1.802s] -- Up-to-date: /home/gy/tmr_ros2/install/tm_msgs/include/tm_msgs/srv/ask_item.h
[1.802s] -- Up-to-date: /home/gy/tmr_ros2/install/tm_msgs/include/tm_msgs/srv/write_item.h
[1.804s] -- Up-to-date: /home/gy/tmr_ros2/install/tm_msgs/include/tm_msgs/srv/set_io.h
[1.805s] -- Up-to-date: /home/gy/tmr_ros2/install/tm_msgs/include/tm_msgs/srv/set_positions.h
[1.805s] -- Up-to-date: /home/gy/tmr_ros2/install/tm_msgs/include/tm_msgs/srv/send_script.h
[1.806s] -- Up-to-date: /home/gy/tmr_ros2/install/tm_msgs/include/tm_msgs/srv/ask_sta.h
[1.806s] -- Up-to-date: /home/gy/tmr_ros2/install/tm_msgs/include/tm_msgs/srv/set_event.h
[1.806s] -- Up-to-date: /home/gy/tmr_ros2/install/tm_msgs/include/tm_msgs/msg
[1.806s] -- Up-to-date: /home/gy/tmr_ros2/install/tm_msgs/include/tm_msgs/msg/detail
[1.810s] -- Up-to-date: /home/gy/tmr_ros2/install/tm_msgs/include/tm_msgs/msg/detail/feedback_state__type_support.h
[1.811s] -- Up-to-date: /home/gy/tmr_ros2/install/tm_msgs/include/tm_msgs/msg/detail/feedback_state__functions.h
[1.811s] -- Up-to-date: /home/gy/tmr_ros2/install/tm_msgs/include/tm_msgs/msg/detail/svr_response__type_support.h
[1.811s] -- Up-to-date: /home/gy/tmr_ros2/install/tm_msgs/include/tm_msgs/msg/detail/sta_response__functions.c
[1.811s] -- Up-to-date: /home/gy/tmr_ros2/install/tm_msgs/include/tm_msgs/msg/detail/sta_response__type_support.h
[1.811s] -- Up-to-date: /home/gy/tmr_ros2/install/tm_msgs/include/tm_msgs/msg/detail/sct_response__functions.c
[1.811s] -- Up-to-date: /home/gy/tmr_ros2/install/tm_msgs/include/tm_msgs/msg/detail/feedback_state__functions.c
[1.812s] -- Up-to-date: /home/gy/tmr_ros2/install/tm_msgs/include/tm_msgs/msg/detail/sct_response__type_support.h
[1.812s] -- Up-to-date: /home/gy/tmr_ros2/install/tm_msgs/include/tm_msgs/msg/detail/svr_response__struct.h
[1.812s] -- Up-to-date: /home/gy/tmr_ros2/install/tm_msgs/include/tm_msgs/msg/detail/svr_response__functions.h
[1.812s] -- Up-to-date: /home/gy/tmr_ros2/install/tm_msgs/include/tm_msgs/msg/detail/sct_response__functions.h
[1.812s] -- Up-to-date: /home/gy/tmr_ros2/install/tm_msgs/include/tm_msgs/msg/detail/feedback_state__struct.h
[1.812s] -- Up-to-date: /home/gy/tmr_ros2/install/tm_msgs/include/tm_msgs/msg/detail/sta_response__functions.h
[1.813s] -- Up-to-date: /home/gy/tmr_ros2/install/tm_msgs/include/tm_msgs/msg/detail/svr_response__functions.c
[1.813s] -- Up-to-date: /home/gy/tmr_ros2/install/tm_msgs/include/tm_msgs/msg/detail/sta_response__struct.h
[1.814s] -- Up-to-date: /home/gy/tmr_ros2/install/tm_msgs/include/tm_msgs/msg/detail/sct_response__struct.h
[1.814s] -- Up-to-date: /home/gy/tmr_ros2/install/tm_msgs/include/tm_msgs/msg/svr_response.h
[1.814s] -- Up-to-date: /home/gy/tmr_ros2/install/tm_msgs/include/tm_msgs/msg/feedback_state.h
[1.814s] -- Up-to-date: /home/gy/tmr_ros2/install/tm_msgs/include/tm_msgs/msg/sct_response.h
[1.814s] -- Up-to-date: /home/gy/tmr_ros2/install/tm_msgs/include/tm_msgs/msg/rosidl_generator_c__visibility_control.h
[1.814s] -- Up-to-date: /home/gy/tmr_ros2/install/tm_msgs/include/tm_msgs/msg/sta_response.h
[1.814s] -- Up-to-date: /home/gy/tmr_ros2/install/tm_msgs/share/tm_msgs/environment/library_path.sh
[1.815s] -- Up-to-date: /home/gy/tmr_ros2/install/tm_msgs/share/tm_msgs/environment/library_path.dsv
[1.815s] -- Up-to-date: /home/gy/tmr_ros2/install/tm_msgs/lib/libtm_msgs__rosidl_generator_c.so
[1.818s] -- Up-to-date: /home/gy/tmr_ros2/install/tm_msgs/include/tm_msgs
[1.818s] -- Up-to-date: /home/gy/tmr_ros2/install/tm_msgs/include/tm_msgs/srv
[1.818s] -- Up-to-date: /home/gy/tmr_ros2/install/tm_msgs/include/tm_msgs/srv/detail
[1.819s] -- Up-to-date: /home/gy/tmr_ros2/install/tm_msgs/include/tm_msgs/srv/detail/connect_tm__rosidl_typesupport_fastrtps_c.h
[1.819s] -- Up-to-date: /home/gy/tmr_ros2/install/tm_msgs/include/tm_msgs/srv/detail/set_event__rosidl_typesupport_fastrtps_c.h
[1.819s] -- Up-to-date: /home/gy/tmr_ros2/install/tm_msgs/include/tm_msgs/srv/detail/set_io__rosidl_typesupport_fastrtps_c.h
[1.821s] -- Up-to-date: /home/gy/tmr_ros2/install/tm_msgs/include/tm_msgs/srv/detail/ask_sta__rosidl_typesupport_fastrtps_c.h
[1.821s] -- Up-to-date: /home/gy/tmr_ros2/install/tm_msgs/include/tm_msgs/srv/detail/set_positions__rosidl_typesupport_fastrtps_c.h
[1.822s] -- Up-to-date: /home/gy/tmr_ros2/install/tm_msgs/include/tm_msgs/srv/detail/send_script__rosidl_typesupport_fastrtps_c.h
[1.822s] -- Up-to-date: /home/gy/tmr_ros2/install/tm_msgs/include/tm_msgs/srv/detail/ask_item__rosidl_typesupport_fastrtps_c.h
[1.823s] -- Up-to-date: /home/gy/tmr_ros2/install/tm_msgs/include/tm_msgs/srv/detail/write_item__rosidl_typesupport_fastrtps_c.h
[1.824s] -- Up-to-date: /home/gy/tmr_ros2/install/tm_msgs/include/tm_msgs/msg
[1.824s] -- Up-to-date: /home/gy/tmr_ros2/install/tm_msgs/include/tm_msgs/msg/detail
[1.824s] -- Up-to-date: /home/gy/tmr_ros2/install/tm_msgs/include/tm_msgs/msg/detail/sct_response__rosidl_typesupport_fastrtps_c.h
[1.825s] -- Up-to-date: /home/gy/tmr_ros2/install/tm_msgs/include/tm_msgs/msg/detail/sta_response__rosidl_typesupport_fastrtps_c.h
[1.827s] -- Up-to-date: /home/gy/tmr_ros2/install/tm_msgs/include/tm_msgs/msg/detail/feedback_state__rosidl_typesupport_fastrtps_c.h
[1.828s] -- Up-to-date: /home/gy/tmr_ros2/install/tm_msgs/include/tm_msgs/msg/detail/svr_response__rosidl_typesupport_fastrtps_c.h
[1.828s] -- Up-to-date: /home/gy/tmr_ros2/install/tm_msgs/include/tm_msgs/msg/rosidl_typesupport_fastrtps_c__visibility_control.h
[1.829s] -- Up-to-date: /home/gy/tmr_ros2/install/tm_msgs/lib/libtm_msgs__rosidl_typesupport_fastrtps_c.so
[1.829s] -- Up-to-date: /home/gy/tmr_ros2/install/tm_msgs/include/tm_msgs
[1.831s] -- Up-to-date: /home/gy/tmr_ros2/install/tm_msgs/include/tm_msgs/srv
[1.833s] -- Up-to-date: /home/gy/tmr_ros2/install/tm_msgs/include/tm_msgs/srv/detail
[1.833s] -- Up-to-date: /home/gy/tmr_ros2/install/tm_msgs/include/tm_msgs/srv/detail/connect_tm__rosidl_typesupport_fastrtps_cpp.hpp
[1.834s] -- Up-to-date: /home/gy/tmr_ros2/install/tm_msgs/include/tm_msgs/srv/detail/set_io__rosidl_typesupport_fastrtps_cpp.hpp
[1.834s] -- Up-to-date: /home/gy/tmr_ros2/install/tm_msgs/include/tm_msgs/srv/detail/ask_sta__rosidl_typesupport_fastrtps_cpp.hpp
[1.834s] -- Up-to-date: /home/gy/tmr_ros2/install/tm_msgs/include/tm_msgs/srv/detail/write_item__rosidl_typesupport_fastrtps_cpp.hpp
[1.836s] -- Up-to-date: /home/gy/tmr_ros2/install/tm_msgs/include/tm_msgs/srv/detail/send_script__rosidl_typesupport_fastrtps_cpp.hpp
[1.836s] -- Up-to-date: /home/gy/tmr_ros2/install/tm_msgs/include/tm_msgs/srv/detail/set_event__rosidl_typesupport_fastrtps_cpp.hpp
[1.836s] -- Up-to-date: /home/gy/tmr_ros2/install/tm_msgs/include/tm_msgs/srv/detail/ask_item__rosidl_typesupport_fastrtps_cpp.hpp
[1.836s] -- Up-to-date: /home/gy/tmr_ros2/install/tm_msgs/include/tm_msgs/srv/detail/dds_fastrtps
[1.837s] -- Up-to-date: /home/gy/tmr_ros2/install/tm_msgs/include/tm_msgs/srv/detail/set_positions__rosidl_typesupport_fastrtps_cpp.hpp
[1.837s] -- Up-to-date: /home/gy/tmr_ros2/install/tm_msgs/include/tm_msgs/msg
[1.837s] -- Up-to-date: /home/gy/tmr_ros2/install/tm_msgs/include/tm_msgs/msg/detail
[1.837s] -- Up-to-date: /home/gy/tmr_ros2/install/tm_msgs/include/tm_msgs/msg/detail/sct_response__rosidl_typesupport_fastrtps_cpp.hpp
[1.838s] -- Up-to-date: /home/gy/tmr_ros2/install/tm_msgs/include/tm_msgs/msg/detail/svr_response__rosidl_typesupport_fastrtps_cpp.hpp
[1.838s] -- Up-to-date: /home/gy/tmr_ros2/install/tm_msgs/include/tm_msgs/msg/detail/sta_response__rosidl_typesupport_fastrtps_cpp.hpp
[1.838s] -- Up-to-date: /home/gy/tmr_ros2/install/tm_msgs/include/tm_msgs/msg/detail/feedback_state__rosidl_typesupport_fastrtps_cpp.hpp
[1.840s] -- Up-to-date: /home/gy/tmr_ros2/install/tm_msgs/include/tm_msgs/msg/detail/dds_fastrtps
[1.840s] -- Up-to-date: /home/gy/tmr_ros2/install/tm_msgs/include/tm_msgs/msg/rosidl_typesupport_fastrtps_cpp__visibility_control.h
[1.840s] -- Up-to-date: /home/gy/tmr_ros2/install/tm_msgs/lib/libtm_msgs__rosidl_typesupport_fastrtps_cpp.so
[1.840s] -- Up-to-date: /home/gy/tmr_ros2/install/tm_msgs/include/tm_msgs
[1.840s] -- Up-to-date: /home/gy/tmr_ros2/install/tm_msgs/include/tm_msgs/srv
[1.841s] -- Up-to-date: /home/gy/tmr_ros2/install/tm_msgs/include/tm_msgs/srv/detail
[1.841s] -- Up-to-date: /home/gy/tmr_ros2/install/tm_msgs/include/tm_msgs/srv/detail/write_item__type_support.c
[1.841s] -- Up-to-date: /home/gy/tmr_ros2/install/tm_msgs/include/tm_msgs/srv/detail/ask_item__rosidl_typesupport_introspection_c.h
[1.841s] -- Up-to-date: /home/gy/tmr_ros2/install/tm_msgs/include/tm_msgs/srv/detail/set_io__rosidl_typesupport_introspection_c.h
[1.842s] -- Up-to-date: /home/gy/tmr_ros2/install/tm_msgs/include/tm_msgs/srv/detail/send_script__type_support.c
[1.842s] -- Up-to-date: /home/gy/tmr_ros2/install/tm_msgs/include/tm_msgs/srv/detail/ask_sta__rosidl_typesupport_introspection_c.h
[1.843s] -- Up-to-date: /home/gy/tmr_ros2/install/tm_msgs/include/tm_msgs/srv/detail/ask_item__type_support.c
[1.843s] -- Up-to-date: /home/gy/tmr_ros2/install/tm_msgs/include/tm_msgs/srv/detail/set_positions__type_support.c
[1.844s] -- Up-to-date: /home/gy/tmr_ros2/install/tm_msgs/include/tm_msgs/srv/detail/send_script__rosidl_typesupport_introspection_c.h
[1.844s] -- Up-to-date: /home/gy/tmr_ros2/install/tm_msgs/include/tm_msgs/srv/detail/set_positions__rosidl_typesupport_introspection_c.h
[1.844s] -- Up-to-date: /home/gy/tmr_ros2/install/tm_msgs/include/tm_msgs/srv/detail/connect_tm__type_support.c
[1.844s] -- Up-to-date: /home/gy/tmr_ros2/install/tm_msgs/include/tm_msgs/srv/detail/connect_tm__rosidl_typesupport_introspection_c.h
[1.845s] -- Up-to-date: /home/gy/tmr_ros2/install/tm_msgs/include/tm_msgs/srv/detail/set_event__type_support.c
[1.845s] -- Up-to-date: /home/gy/tmr_ros2/install/tm_msgs/include/tm_msgs/srv/detail/write_item__rosidl_typesupport_introspection_c.h
[1.845s] -- Up-to-date: /home/gy/tmr_ros2/install/tm_msgs/include/tm_msgs/srv/detail/ask_sta__type_support.c
[1.846s] -- Up-to-date: /home/gy/tmr_ros2/install/tm_msgs/include/tm_msgs/srv/detail/set_io__type_support.c
[1.846s] -- Up-to-date: /home/gy/tmr_ros2/install/tm_msgs/include/tm_msgs/srv/detail/set_event__rosidl_typesupport_introspection_c.h
[1.848s] -- Up-to-date: /home/gy/tmr_ros2/install/tm_msgs/include/tm_msgs/msg
[1.848s] -- Up-to-date: /home/gy/tmr_ros2/install/tm_msgs/include/tm_msgs/msg/detail
[1.850s] -- Up-to-date: /home/gy/tmr_ros2/install/tm_msgs/include/tm_msgs/msg/detail/sct_response__type_support.c
[1.850s] -- Up-to-date: /home/gy/tmr_ros2/install/tm_msgs/include/tm_msgs/msg/detail/feedback_state__rosidl_typesupport_introspection_c.h
[1.851s] -- Up-to-date: /home/gy/tmr_ros2/install/tm_msgs/include/tm_msgs/msg/detail/svr_response__type_support.c
[1.851s] -- Up-to-date: /home/gy/tmr_ros2/install/tm_msgs/include/tm_msgs/msg/detail/sct_response__rosidl_typesupport_introspection_c.h
[1.851s] -- Up-to-date: /home/gy/tmr_ros2/install/tm_msgs/include/tm_msgs/msg/detail/sta_response__type_support.c
[1.853s] -- Up-to-date: /home/gy/tmr_ros2/install/tm_msgs/include/tm_msgs/msg/detail/svr_response__rosidl_typesupport_introspection_c.h
[1.853s] -- Up-to-date: /home/gy/tmr_ros2/install/tm_msgs/include/tm_msgs/msg/detail/feedback_state__type_support.c
[1.854s] -- Up-to-date: /home/gy/tmr_ros2/install/tm_msgs/include/tm_msgs/msg/detail/sta_response__rosidl_typesupport_introspection_c.h
[1.854s] -- Up-to-date: /home/gy/tmr_ros2/install/tm_msgs/include/tm_msgs/msg/rosidl_typesupport_introspection_c__visibility_control.h
[1.854s] -- Up-to-date: /home/gy/tmr_ros2/install/tm_msgs/lib/libtm_msgs__rosidl_typesupport_introspection_c.so
[1.854s] -- Up-to-date: /home/gy/tmr_ros2/install/tm_msgs/lib/libtm_msgs__rosidl_typesupport_c.so
[1.855s] -- Up-to-date: /home/gy/tmr_ros2/install/tm_msgs/include/tm_msgs
[1.856s] -- Up-to-date: /home/gy/tmr_ros2/install/tm_msgs/include/tm_msgs/srv
[1.857s] -- Up-to-date: /home/gy/tmr_ros2/install/tm_msgs/include/tm_msgs/srv/detail
[1.858s] -- Up-to-date: /home/gy/tmr_ros2/install/tm_msgs/include/tm_msgs/srv/detail/set_positions__struct.hpp
[1.858s] -- Up-to-date: /home/gy/tmr_ros2/install/tm_msgs/include/tm_msgs/srv/detail/set_positions__traits.hpp
[1.858s] -- Up-to-date: /home/gy/tmr_ros2/install/tm_msgs/include/tm_msgs/srv/detail/send_script__builder.hpp
[1.858s] -- Up-to-date: /home/gy/tmr_ros2/install/tm_msgs/include/tm_msgs/srv/detail/connect_tm__struct.hpp
[1.858s] -- Up-to-date: /home/gy/tmr_ros2/install/tm_msgs/include/tm_msgs/srv/detail/connect_tm__traits.hpp
[1.858s] -- Up-to-date: /home/gy/tmr_ros2/install/tm_msgs/include/tm_msgs/srv/detail/ask_sta__struct.hpp
[1.858s] -- Up-to-date: /home/gy/tmr_ros2/install/tm_msgs/include/tm_msgs/srv/detail/write_item__builder.hpp
[1.858s] -- Up-to-date: /home/gy/tmr_ros2/install/tm_msgs/include/tm_msgs/srv/detail/send_script__struct.hpp
[1.859s] -- Up-to-date: /home/gy/tmr_ros2/install/tm_msgs/include/tm_msgs/srv/detail/send_script__traits.hpp
[1.859s] -- Up-to-date: /home/gy/tmr_ros2/install/tm_msgs/include/tm_msgs/srv/detail/write_item__traits.hpp
[1.859s] -- Up-to-date: /home/gy/tmr_ros2/install/tm_msgs/include/tm_msgs/srv/detail/ask_sta__builder.hpp
[1.859s] -- Up-to-date: /home/gy/tmr_ros2/install/tm_msgs/include/tm_msgs/srv/detail/set_positions__builder.hpp
[1.859s] -- Up-to-date: /home/gy/tmr_ros2/install/tm_msgs/include/tm_msgs/srv/detail/connect_tm__builder.hpp
[1.859s] -- Up-to-date: /home/gy/tmr_ros2/install/tm_msgs/include/tm_msgs/srv/detail/set_io__builder.hpp
[1.859s] -- Up-to-date: /home/gy/tmr_ros2/install/tm_msgs/include/tm_msgs/srv/detail/ask_item__struct.hpp
[1.859s] -- Up-to-date: /home/gy/tmr_ros2/install/tm_msgs/include/tm_msgs/srv/detail/set_io__traits.hpp
[1.860s] -- Up-to-date: /home/gy/tmr_ros2/install/tm_msgs/include/tm_msgs/srv/detail/ask_item__builder.hpp
[1.860s] -- Up-to-date: /home/gy/tmr_ros2/install/tm_msgs/include/tm_msgs/srv/detail/write_item__struct.hpp
[1.860s] -- Up-to-date: /home/gy/tmr_ros2/install/tm_msgs/include/tm_msgs/srv/detail/set_event__struct.hpp
[1.860s] -- Up-to-date: /home/gy/tmr_ros2/install/tm_msgs/include/tm_msgs/srv/detail/set_event__builder.hpp
[1.860s] -- Up-to-date: /home/gy/tmr_ros2/install/tm_msgs/include/tm_msgs/srv/detail/set_event__traits.hpp
[1.860s] -- Up-to-date: /home/gy/tmr_ros2/install/tm_msgs/include/tm_msgs/srv/detail/set_io__struct.hpp
[1.860s] -- Up-to-date: /home/gy/tmr_ros2/install/tm_msgs/include/tm_msgs/srv/detail/ask_sta__traits.hpp
[1.861s] -- Up-to-date: /home/gy/tmr_ros2/install/tm_msgs/include/tm_msgs/srv/detail/ask_item__traits.hpp
[1.861s] -- Up-to-date: /home/gy/tmr_ros2/install/tm_msgs/include/tm_msgs/srv/ask_item.hpp
[1.861s] -- Up-to-date: /home/gy/tmr_ros2/install/tm_msgs/include/tm_msgs/srv/write_item.hpp
[1.861s] -- Up-to-date: /home/gy/tmr_ros2/install/tm_msgs/include/tm_msgs/srv/send_script.hpp
[1.861s] -- Up-to-date: /home/gy/tmr_ros2/install/tm_msgs/include/tm_msgs/srv/set_io.hpp
[1.862s] -- Up-to-date: /home/gy/tmr_ros2/install/tm_msgs/include/tm_msgs/srv/connect_tm.hpp
[1.862s] -- Up-to-date: /home/gy/tmr_ros2/install/tm_msgs/include/tm_msgs/srv/set_event.hpp
[1.862s] -- Up-to-date: /home/gy/tmr_ros2/install/tm_msgs/include/tm_msgs/srv/set_positions.hpp
[1.863s] -- Up-to-date: /home/gy/tmr_ros2/install/tm_msgs/include/tm_msgs/srv/ask_sta.hpp
[1.863s] -- Up-to-date: /home/gy/tmr_ros2/install/tm_msgs/include/tm_msgs/msg
[1.863s] -- Up-to-date: /home/gy/tmr_ros2/install/tm_msgs/include/tm_msgs/msg/detail
[1.863s] -- Up-to-date: /home/gy/tmr_ros2/install/tm_msgs/include/tm_msgs/msg/detail/sct_response__traits.hpp
[1.863s] -- Up-to-date: /home/gy/tmr_ros2/install/tm_msgs/include/tm_msgs/msg/detail/svr_response__traits.hpp
[1.864s] -- Up-to-date: /home/gy/tmr_ros2/install/tm_msgs/include/tm_msgs/msg/detail/feedback_state__builder.hpp
[1.864s] -- Up-to-date: /home/gy/tmr_ros2/install/tm_msgs/include/tm_msgs/msg/detail/sta_response__builder.hpp
[1.864s] -- Up-to-date: /home/gy/tmr_ros2/install/tm_msgs/include/tm_msgs/msg/detail/feedback_state__struct.hpp
[1.864s] -- Up-to-date: /home/gy/tmr_ros2/install/tm_msgs/include/tm_msgs/msg/detail/sct_response__struct.hpp
[1.864s] -- Up-to-date: /home/gy/tmr_ros2/install/tm_msgs/include/tm_msgs/msg/detail/sct_response__builder.hpp
[1.864s] -- Up-to-date: /home/gy/tmr_ros2/install/tm_msgs/include/tm_msgs/msg/detail/feedback_state__traits.hpp
[1.865s] -- Up-to-date: /home/gy/tmr_ros2/install/tm_msgs/include/tm_msgs/msg/detail/sta_response__struct.hpp
[1.866s] -- Up-to-date: /home/gy/tmr_ros2/install/tm_msgs/include/tm_msgs/msg/detail/svr_response__struct.hpp
[1.866s] -- Up-to-date: /home/gy/tmr_ros2/install/tm_msgs/include/tm_msgs/msg/detail/svr_response__builder.hpp
[1.867s] -- Up-to-date: /home/gy/tmr_ros2/install/tm_msgs/include/tm_msgs/msg/detail/sta_response__traits.hpp
[1.867s] -- Up-to-date: /home/gy/tmr_ros2/install/tm_msgs/include/tm_msgs/msg/svr_response.hpp
[1.867s] -- Up-to-date: /home/gy/tmr_ros2/install/tm_msgs/include/tm_msgs/msg/sta_response.hpp
[1.868s] -- Up-to-date: /home/gy/tmr_ros2/install/tm_msgs/include/tm_msgs/msg/sct_response.hpp
[1.868s] -- Up-to-date: /home/gy/tmr_ros2/install/tm_msgs/include/tm_msgs/msg/feedback_state.hpp
[1.868s] -- Up-to-date: /home/gy/tmr_ros2/install/tm_msgs/include/tm_msgs
[1.871s] -- Up-to-date: /home/gy/tmr_ros2/install/tm_msgs/include/tm_msgs/srv
[1.872s] -- Up-to-date: /home/gy/tmr_ros2/install/tm_msgs/include/tm_msgs/srv/detail
[1.872s] -- Up-to-date: /home/gy/tmr_ros2/install/tm_msgs/include/tm_msgs/srv/detail/send_script__type_support.cpp
[1.872s] -- Up-to-date: /home/gy/tmr_ros2/install/tm_msgs/include/tm_msgs/srv/detail/set_positions__type_support.cpp
[1.872s] -- Up-to-date: /home/gy/tmr_ros2/install/tm_msgs/include/tm_msgs/srv/detail/connect_tm__rosidl_typesupport_introspection_cpp.hpp
[1.872s] -- Up-to-date: /home/gy/tmr_ros2/install/tm_msgs/include/tm_msgs/srv/detail/set_event__rosidl_typesupport_introspection_cpp.hpp
[1.872s] -- Up-to-date: /home/gy/tmr_ros2/install/tm_msgs/include/tm_msgs/srv/detail/write_item__type_support.cpp
[1.873s] -- Up-to-date: /home/gy/tmr_ros2/install/tm_msgs/include/tm_msgs/srv/detail/send_script__rosidl_typesupport_introspection_cpp.hpp
[1.873s] -- Up-to-date: /home/gy/tmr_ros2/install/tm_msgs/include/tm_msgs/srv/detail/ask_item__type_support.cpp
[1.873s] -- Up-to-date: /home/gy/tmr_ros2/install/tm_msgs/include/tm_msgs/srv/detail/set_io__type_support.cpp
[1.873s] -- Up-to-date: /home/gy/tmr_ros2/install/tm_msgs/include/tm_msgs/srv/detail/write_item__rosidl_typesupport_introspection_cpp.hpp
[1.874s] -- Up-to-date: /home/gy/tmr_ros2/install/tm_msgs/include/tm_msgs/srv/detail/set_positions__rosidl_typesupport_introspection_cpp.hpp
[1.875s] -- Up-to-date: /home/gy/tmr_ros2/install/tm_msgs/include/tm_msgs/srv/detail/set_event__type_support.cpp
[1.875s] -- Up-to-date: /home/gy/tmr_ros2/install/tm_msgs/include/tm_msgs/srv/detail/ask_sta__rosidl_typesupport_introspection_cpp.hpp
[1.875s] -- Up-to-date: /home/gy/tmr_ros2/install/tm_msgs/include/tm_msgs/srv/detail/ask_item__rosidl_typesupport_introspection_cpp.hpp
[1.877s] -- Up-to-date: /home/gy/tmr_ros2/install/tm_msgs/include/tm_msgs/srv/detail/ask_sta__type_support.cpp
[1.877s] -- Up-to-date: /home/gy/tmr_ros2/install/tm_msgs/include/tm_msgs/srv/detail/set_io__rosidl_typesupport_introspection_cpp.hpp
[1.877s] -- Up-to-date: /home/gy/tmr_ros2/install/tm_msgs/include/tm_msgs/srv/detail/connect_tm__type_support.cpp
[1.877s] -- Up-to-date: /home/gy/tmr_ros2/install/tm_msgs/include/tm_msgs/msg
[1.877s] -- Up-to-date: /home/gy/tmr_ros2/install/tm_msgs/include/tm_msgs/msg/detail
[1.878s] -- Up-to-date: /home/gy/tmr_ros2/install/tm_msgs/include/tm_msgs/msg/detail/feedback_state__rosidl_typesupport_introspection_cpp.hpp
[1.879s] -- Up-to-date: /home/gy/tmr_ros2/install/tm_msgs/include/tm_msgs/msg/detail/sct_response__type_support.cpp
[1.879s] -- Up-to-date: /home/gy/tmr_ros2/install/tm_msgs/include/tm_msgs/msg/detail/feedback_state__type_support.cpp
[1.879s] -- Up-to-date: /home/gy/tmr_ros2/install/tm_msgs/include/tm_msgs/msg/detail/sta_response__rosidl_typesupport_introspection_cpp.hpp
[1.881s] -- Up-to-date: /home/gy/tmr_ros2/install/tm_msgs/include/tm_msgs/msg/detail/sct_response__rosidl_typesupport_introspection_cpp.hpp
[1.881s] -- Up-to-date: /home/gy/tmr_ros2/install/tm_msgs/include/tm_msgs/msg/detail/svr_response__type_support.cpp
[1.881s] -- Up-to-date: /home/gy/tmr_ros2/install/tm_msgs/include/tm_msgs/msg/detail/svr_response__rosidl_typesupport_introspection_cpp.hpp
[1.881s] -- Up-to-date: /home/gy/tmr_ros2/install/tm_msgs/include/tm_msgs/msg/detail/sta_response__type_support.cpp
[1.882s] -- Up-to-date: /home/gy/tmr_ros2/install/tm_msgs/lib/libtm_msgs__rosidl_typesupport_introspection_cpp.so
[1.882s] -- Up-to-date: /home/gy/tmr_ros2/install/tm_msgs/lib/libtm_msgs__rosidl_typesupport_cpp.so
[1.883s] -- Up-to-date: /home/gy/tmr_ros2/install/tm_msgs/share/tm_msgs/environment/pythonpath.sh
[1.883s] -- Up-to-date: /home/gy/tmr_ros2/install/tm_msgs/share/tm_msgs/environment/pythonpath.dsv
[1.883s] -- Up-to-date: /home/gy/tmr_ros2/install/tm_msgs/lib/python3.8/site-packages/tm_msgs/__init__.py
[2.006s] -- Up-to-date: /home/gy/tmr_ros2/install/tm_msgs/lib/python3.8/site-packages/tm_msgs/msg
[2.007s] -- Up-to-date: /home/gy/tmr_ros2/install/tm_msgs/lib/python3.8/site-packages/tm_msgs/msg/_sct_response_s.c
[2.007s] -- Up-to-date: /home/gy/tmr_ros2/install/tm_msgs/lib/python3.8/site-packages/tm_msgs/msg/_sct_response.py
[2.007s] -- Up-to-date: /home/gy/tmr_ros2/install/tm_msgs/lib/python3.8/site-packages/tm_msgs/msg/_svr_response_s.c
[2.007s] -- Up-to-date: /home/gy/tmr_ros2/install/tm_msgs/lib/python3.8/site-packages/tm_msgs/msg/_feedback_state.py
[2.007s] -- Up-to-date: /home/gy/tmr_ros2/install/tm_msgs/lib/python3.8/site-packages/tm_msgs/msg/_feedback_state_s.c
[2.007s] -- Up-to-date: /home/gy/tmr_ros2/install/tm_msgs/lib/python3.8/site-packages/tm_msgs/msg/__init__.py
[2.007s] -- Up-to-date: /home/gy/tmr_ros2/install/tm_msgs/lib/python3.8/site-packages/tm_msgs/msg/_sta_response.py
[2.008s] -- Up-to-date: /home/gy/tmr_ros2/install/tm_msgs/lib/python3.8/site-packages/tm_msgs/msg/_svr_response.py
[2.008s] -- Up-to-date: /home/gy/tmr_ros2/install/tm_msgs/lib/python3.8/site-packages/tm_msgs/msg/_sta_response_s.c
[2.008s] -- Up-to-date: /home/gy/tmr_ros2/install/tm_msgs/lib/python3.8/site-packages/tm_msgs/srv
[2.008s] -- Up-to-date: /home/gy/tmr_ros2/install/tm_msgs/lib/python3.8/site-packages/tm_msgs/srv/_write_item_s.c
[2.008s] -- Up-to-date: /home/gy/tmr_ros2/install/tm_msgs/lib/python3.8/site-packages/tm_msgs/srv/_set_event.py
[2.008s] -- Up-to-date: /home/gy/tmr_ros2/install/tm_msgs/lib/python3.8/site-packages/tm_msgs/srv/_write_item.py
[2.008s] -- Up-to-date: /home/gy/tmr_ros2/install/tm_msgs/lib/python3.8/site-packages/tm_msgs/srv/_connect_tm.py
[2.009s] -- Up-to-date: /home/gy/tmr_ros2/install/tm_msgs/lib/python3.8/site-packages/tm_msgs/srv/_send_script_s.c
[2.009s] -- Up-to-date: /home/gy/tmr_ros2/install/tm_msgs/lib/python3.8/site-packages/tm_msgs/srv/_set_event_s.c
[2.009s] -- Up-to-date: /home/gy/tmr_ros2/install/tm_msgs/lib/python3.8/site-packages/tm_msgs/srv/_set_positions.py
[2.009s] -- Up-to-date: /home/gy/tmr_ros2/install/tm_msgs/lib/python3.8/site-packages/tm_msgs/srv/__init__.py
[2.009s] -- Up-to-date: /home/gy/tmr_ros2/install/tm_msgs/lib/python3.8/site-packages/tm_msgs/srv/_ask_item_s.c
[2.010s] -- Up-to-date: /home/gy/tmr_ros2/install/tm_msgs/lib/python3.8/site-packages/tm_msgs/srv/_set_io.py
[2.010s] -- Up-to-date: /home/gy/tmr_ros2/install/tm_msgs/lib/python3.8/site-packages/tm_msgs/srv/_connect_tm_s.c
[2.010s] -- Up-to-date: /home/gy/tmr_ros2/install/tm_msgs/lib/python3.8/site-packages/tm_msgs/srv/_send_script.py
[2.013s] -- Up-to-date: /home/gy/tmr_ros2/install/tm_msgs/lib/python3.8/site-packages/tm_msgs/srv/_set_positions_s.c
[2.015s] -- Up-to-date: /home/gy/tmr_ros2/install/tm_msgs/lib/python3.8/site-packages/tm_msgs/srv/_set_io_s.c
[2.015s] -- Up-to-date: /home/gy/tmr_ros2/install/tm_msgs/lib/python3.8/site-packages/tm_msgs/srv/_ask_sta.py
[2.015s] -- Up-to-date: /home/gy/tmr_ros2/install/tm_msgs/lib/python3.8/site-packages/tm_msgs/srv/_ask_sta_s.c
[2.015s] -- Up-to-date: /home/gy/tmr_ros2/install/tm_msgs/lib/python3.8/site-packages/tm_msgs/srv/_ask_item.py
[2.015s] -- Up-to-date: /home/gy/tmr_ros2/install/tm_msgs/lib/python3.8/site-packages/tm_msgs/tm_msgs_s__rosidl_typesupport_fastrtps_c.cpython-38-x86_64-linux-gnu.so
[2.016s] -- Up-to-date: /home/gy/tmr_ros2/install/tm_msgs/lib/python3.8/site-packages/tm_msgs/tm_msgs_s__rosidl_typesupport_introspection_c.cpython-38-x86_64-linux-gnu.so
[2.016s] -- Up-to-date: /home/gy/tmr_ros2/install/tm_msgs/lib/python3.8/site-packages/tm_msgs/tm_msgs_s__rosidl_typesupport_c.cpython-38-x86_64-linux-gnu.so
[2.016s] -- Up-to-date: /home/gy/tmr_ros2/install/tm_msgs/lib/libtm_msgs__python.so
[2.016s] -- Up-to-date: /home/gy/tmr_ros2/install/tm_msgs/share/tm_msgs/msg/FeedbackState.idl
[2.016s] -- Up-to-date: /home/gy/tmr_ros2/install/tm_msgs/share/tm_msgs/msg/SvrResponse.idl
[2.016s] -- Up-to-date: /home/gy/tmr_ros2/install/tm_msgs/share/tm_msgs/msg/SctResponse.idl
[2.017s] -- Up-to-date: /home/gy/tmr_ros2/install/tm_msgs/share/tm_msgs/msg/StaResponse.idl
[2.017s] -- Up-to-date: /home/gy/tmr_ros2/install/tm_msgs/share/tm_msgs/srv/ConnectTM.idl
[2.017s] -- Up-to-date: /home/gy/tmr_ros2/install/tm_msgs/share/tm_msgs/srv/WriteItem.idl
[2.017s] -- Up-to-date: /home/gy/tmr_ros2/install/tm_msgs/share/tm_msgs/srv/AskItem.idl
[2.018s] -- Up-to-date: /home/gy/tmr_ros2/install/tm_msgs/share/tm_msgs/srv/SendScript.idl
[2.018s] -- Up-to-date: /home/gy/tmr_ros2/install/tm_msgs/share/tm_msgs/srv/SetEvent.idl
[2.019s] -- Up-to-date: /home/gy/tmr_ros2/install/tm_msgs/share/tm_msgs/srv/SetIO.idl
[2.019s] -- Up-to-date: /home/gy/tmr_ros2/install/tm_msgs/share/tm_msgs/srv/SetPositions.idl
[2.019s] -- Up-to-date: /home/gy/tmr_ros2/install/tm_msgs/share/tm_msgs/srv/AskSta.idl
[2.020s] -- Up-to-date: /home/gy/tmr_ros2/install/tm_msgs/share/tm_msgs/msg/FeedbackState.msg
[2.020s] -- Up-to-date: /home/gy/tmr_ros2/install/tm_msgs/share/tm_msgs/msg/SvrResponse.msg
[2.020s] -- Up-to-date: /home/gy/tmr_ros2/install/tm_msgs/share/tm_msgs/msg/SctResponse.msg
[2.020s] -- Up-to-date: /home/gy/tmr_ros2/install/tm_msgs/share/tm_msgs/msg/StaResponse.msg
[2.020s] -- Up-to-date: /home/gy/tmr_ros2/install/tm_msgs/share/tm_msgs/srv/ConnectTM.srv
[2.021s] -- Up-to-date: /home/gy/tmr_ros2/install/tm_msgs/share/tm_msgs/srv/ConnectTM_Request.msg
[2.021s] -- Up-to-date: /home/gy/tmr_ros2/install/tm_msgs/share/tm_msgs/srv/ConnectTM_Response.msg
[2.021s] -- Up-to-date: /home/gy/tmr_ros2/install/tm_msgs/share/tm_msgs/srv/WriteItem.srv
[2.021s] -- Up-to-date: /home/gy/tmr_ros2/install/tm_msgs/share/tm_msgs/srv/WriteItem_Request.msg
[2.021s] -- Up-to-date: /home/gy/tmr_ros2/install/tm_msgs/share/tm_msgs/srv/WriteItem_Response.msg
[2.021s] -- Up-to-date: /home/gy/tmr_ros2/install/tm_msgs/share/tm_msgs/srv/AskItem.srv
[2.022s] -- Up-to-date: /home/gy/tmr_ros2/install/tm_msgs/share/tm_msgs/srv/AskItem_Request.msg
[2.023s] -- Up-to-date: /home/gy/tmr_ros2/install/tm_msgs/share/tm_msgs/srv/AskItem_Response.msg
[2.024s] -- Up-to-date: /home/gy/tmr_ros2/install/tm_msgs/share/tm_msgs/srv/SendScript.srv
[2.024s] -- Up-to-date: /home/gy/tmr_ros2/install/tm_msgs/share/tm_msgs/srv/SendScript_Request.msg
[2.024s] -- Up-to-date: /home/gy/tmr_ros2/install/tm_msgs/share/tm_msgs/srv/SendScript_Response.msg
[2.024s] -- Up-to-date: /home/gy/tmr_ros2/install/tm_msgs/share/tm_msgs/srv/SetEvent.srv
[2.024s] -- Up-to-date: /home/gy/tmr_ros2/install/tm_msgs/share/tm_msgs/srv/SetEvent_Request.msg
[2.026s] -- Up-to-date: /home/gy/tmr_ros2/install/tm_msgs/share/tm_msgs/srv/SetEvent_Response.msg
[2.026s] -- Up-to-date: /home/gy/tmr_ros2/install/tm_msgs/share/tm_msgs/srv/SetIO.srv
[2.026s] -- Up-to-date: /home/gy/tmr_ros2/install/tm_msgs/share/tm_msgs/srv/SetIO_Request.msg
[2.027s] -- Up-to-date: /home/gy/tmr_ros2/install/tm_msgs/share/tm_msgs/srv/SetIO_Response.msg
[2.027s] -- Up-to-date: /home/gy/tmr_ros2/install/tm_msgs/share/tm_msgs/srv/SetPositions.srv
[2.029s] -- Up-to-date: /home/gy/tmr_ros2/install/tm_msgs/share/tm_msgs/srv/SetPositions_Request.msg
[2.029s] -- Up-to-date: /home/gy/tmr_ros2/install/tm_msgs/share/tm_msgs/srv/SetPositions_Response.msg
[2.030s] -- Up-to-date: /home/gy/tmr_ros2/install/tm_msgs/share/tm_msgs/srv/AskSta.srv
[2.032s] -- Up-to-date: /home/gy/tmr_ros2/install/tm_msgs/share/tm_msgs/srv/AskSta_Request.msg
[2.035s] -- Up-to-date: /home/gy/tmr_ros2/install/tm_msgs/share/tm_msgs/srv/AskSta_Response.msg
[2.039s] -- Up-to-date: /home/gy/tmr_ros2/install/tm_msgs/share/ament_index/resource_index/package_run_dependencies/tm_msgs
[2.040s] -- Up-to-date: /home/gy/tmr_ros2/install/tm_msgs/share/ament_index/resource_index/parent_prefix_path/tm_msgs
[2.042s] -- Up-to-date: /home/gy/tmr_ros2/install/tm_msgs/share/tm_msgs/environment/ament_prefix_path.sh
[2.043s] -- Up-to-date: /home/gy/tmr_ros2/install/tm_msgs/share/tm_msgs/environment/ament_prefix_path.dsv
[2.044s] -- Up-to-date: /home/gy/tmr_ros2/install/tm_msgs/share/tm_msgs/environment/path.sh
[2.044s] -- Up-to-date: /home/gy/tmr_ros2/install/tm_msgs/share/tm_msgs/environment/path.dsv
[2.044s] -- Up-to-date: /home/gy/tmr_ros2/install/tm_msgs/share/tm_msgs/local_setup.bash
[2.044s] -- Up-to-date: /home/gy/tmr_ros2/install/tm_msgs/share/tm_msgs/local_setup.sh
[2.045s] -- Up-to-date: /home/gy/tmr_ros2/install/tm_msgs/share/tm_msgs/local_setup.zsh
[2.045s] -- Up-to-date: /home/gy/tmr_ros2/install/tm_msgs/share/tm_msgs/local_setup.dsv
[2.045s] -- Up-to-date: /home/gy/tmr_ros2/install/tm_msgs/share/tm_msgs/package.dsv
[2.045s] -- Up-to-date: /home/gy/tmr_ros2/install/tm_msgs/share/ament_index/resource_index/packages/tm_msgs
[2.045s] -- Up-to-date: /home/gy/tmr_ros2/install/tm_msgs/share/tm_msgs/cmake/tm_msgs__rosidl_generator_cExport.cmake
[2.045s] -- Up-to-date: /home/gy/tmr_ros2/install/tm_msgs/share/tm_msgs/cmake/tm_msgs__rosidl_generator_cExport-noconfig.cmake
[2.046s] -- Up-to-date: /home/gy/tmr_ros2/install/tm_msgs/share/tm_msgs/cmake/tm_msgs__rosidl_typesupport_introspection_cExport.cmake
[2.046s] -- Up-to-date: /home/gy/tmr_ros2/install/tm_msgs/share/tm_msgs/cmake/tm_msgs__rosidl_typesupport_introspection_cExport-noconfig.cmake
[2.046s] -- Up-to-date: /home/gy/tmr_ros2/install/tm_msgs/share/tm_msgs/cmake/tm_msgs__rosidl_typesupport_cExport.cmake
[2.047s] -- Up-to-date: /home/gy/tmr_ros2/install/tm_msgs/share/tm_msgs/cmake/tm_msgs__rosidl_typesupport_cExport-noconfig.cmake
[2.047s] -- Up-to-date: /home/gy/tmr_ros2/install/tm_msgs/share/tm_msgs/cmake/tm_msgs__rosidl_generator_cppExport.cmake
[2.047s] -- Up-to-date: /home/gy/tmr_ros2/install/tm_msgs/share/tm_msgs/cmake/tm_msgs__rosidl_typesupport_introspection_cppExport.cmake
[2.048s] -- Up-to-date: /home/gy/tmr_ros2/install/tm_msgs/share/tm_msgs/cmake/tm_msgs__rosidl_typesupport_introspection_cppExport-noconfig.cmake
[2.048s] -- Up-to-date: /home/gy/tmr_ros2/install/tm_msgs/share/tm_msgs/cmake/tm_msgs__rosidl_typesupport_cppExport.cmake
[2.048s] -- Up-to-date: /home/gy/tmr_ros2/install/tm_msgs/share/tm_msgs/cmake/tm_msgs__rosidl_typesupport_cppExport-noconfig.cmake
[2.048s] -- Up-to-date: /home/gy/tmr_ros2/install/tm_msgs/share/tm_msgs/cmake/rosidl_cmake-extras.cmake
[2.049s] -- Up-to-date: /home/gy/tmr_ros2/install/tm_msgs/share/tm_msgs/cmake/ament_cmake_export_dependencies-extras.cmake
[2.049s] -- Up-to-date: /home/gy/tmr_ros2/install/tm_msgs/share/tm_msgs/cmake/ament_cmake_export_libraries-extras.cmake
[2.049s] -- Up-to-date: /home/gy/tmr_ros2/install/tm_msgs/share/tm_msgs/cmake/ament_cmake_export_targets-extras.cmake
[2.052s] -- Up-to-date: /home/gy/tmr_ros2/install/tm_msgs/share/tm_msgs/cmake/ament_cmake_export_include_directories-extras.cmake
[2.054s] -- Up-to-date: /home/gy/tmr_ros2/install/tm_msgs/share/tm_msgs/cmake/rosidl_cmake_export_typesupport_libraries-extras.cmake
[2.054s] -- Up-to-date: /home/gy/tmr_ros2/install/tm_msgs/share/tm_msgs/cmake/rosidl_cmake_export_typesupport_targets-extras.cmake
[2.055s] -- Up-to-date: /home/gy/tmr_ros2/install/tm_msgs/share/tm_msgs/cmake/tm_msgsConfig.cmake
[2.055s] -- Up-to-date: /home/gy/tmr_ros2/install/tm_msgs/share/tm_msgs/cmake/tm_msgsConfig-version.cmake
[2.055s] -- Up-to-date: /home/gy/tmr_ros2/install/tm_msgs/share/tm_msgs/package.xml
[2.064s] Invoked command in '/home/gy/Omron_TM_ROS2/build/tm_msgs' returned '0': CMAKE_PREFIX_PATH=${CMAKE_PREFIX_PATH}:/home/gy/Omron_TM_ROS2/install/pickplace:/home/gy/Omron_TM_ROS2/install/tmr_mod_urdf:/home/gy/Omron_TM_ROS2/install/tm_get_status:/opt/ros/foxy /usr/bin/cmake --install /home/gy/Omron_TM_ROS2/build/tm_msgs
