running egg_info
creating ../build/pickplace/pickplace.egg-info
writing ../build/pickplace/pickplace.egg-info/PKG-INFO
writing dependency_links to ../build/pickplace/pickplace.egg-info/dependency_links.txt
writing entry points to ../build/pickplace/pickplace.egg-info/entry_points.txt
writing requirements to ../build/pickplace/pickplace.egg-info/requires.txt
writing top-level names to ../build/pickplace/pickplace.egg-info/top_level.txt
writing manifest file '../build/pickplace/pickplace.egg-info/SOURCES.txt'
reading manifest file '../build/pickplace/pickplace.egg-info/SOURCES.txt'
writing manifest file '../build/pickplace/pickplace.egg-info/SOURCES.txt'
running build
running build_py
creating /home/omron/Omron_TM_ROS2/build/pickplace/build
creating /home/omron/Omron_TM_ROS2/build/pickplace/build/lib
creating /home/omron/Omron_TM_ROS2/build/pickplace/build/lib/pickplace
copying pickplace/__init__.py -> /home/omron/Omron_TM_ROS2/build/pickplace/build/lib/pickplace
copying pickplace/pickplace_program.py -> /home/omron/Omron_TM_ROS2/build/pickplace/build/lib/pickplace
copying pickplace/destination_publisher.py -> /home/omron/Omron_TM_ROS2/build/pickplace/build/lib/pickplace
copying pickplace/teach_setup.py -> /home/omron/Omron_TM_ROS2/build/pickplace/build/lib/pickplace
running install
running install_lib
creating /home/omron/Omron_TM_ROS2/install/pickplace/lib/python3.8/site-packages/pickplace
copying /home/omron/Omron_TM_ROS2/build/pickplace/build/lib/pickplace/__init__.py -> /home/omron/Omron_TM_ROS2/install/pickplace/lib/python3.8/site-packages/pickplace
copying /home/omron/Omron_TM_ROS2/build/pickplace/build/lib/pickplace/pickplace_program.py -> /home/omron/Omron_TM_ROS2/install/pickplace/lib/python3.8/site-packages/pickplace
copying /home/omron/Omron_TM_ROS2/build/pickplace/build/lib/pickplace/destination_publisher.py -> /home/omron/Omron_TM_ROS2/install/pickplace/lib/python3.8/site-packages/pickplace
copying /home/omron/Omron_TM_ROS2/build/pickplace/build/lib/pickplace/teach_setup.py -> /home/omron/Omron_TM_ROS2/install/pickplace/lib/python3.8/site-packages/pickplace
byte-compiling /home/omron/Omron_TM_ROS2/install/pickplace/lib/python3.8/site-packages/pickplace/__init__.py to __init__.cpython-38.pyc
byte-compiling /home/omron/Omron_TM_ROS2/install/pickplace/lib/python3.8/site-packages/pickplace/pickplace_program.py to pickplace_program.cpython-38.pyc
byte-compiling /home/omron/Omron_TM_ROS2/install/pickplace/lib/python3.8/site-packages/pickplace/destination_publisher.py to destination_publisher.cpython-38.pyc
byte-compiling /home/omron/Omron_TM_ROS2/install/pickplace/lib/python3.8/site-packages/pickplace/teach_setup.py to teach_setup.cpython-38.pyc
running install_data
creating /home/omron/Omron_TM_ROS2/install/pickplace/share/ament_index
creating /home/omron/Omron_TM_ROS2/install/pickplace/share/ament_index/resource_index
creating /home/omron/Omron_TM_ROS2/install/pickplace/share/ament_index/resource_index/packages
copying resource/pickplace -> /home/omron/Omron_TM_ROS2/install/pickplace/share/ament_index/resource_index/packages
copying package.xml -> /home/omron/Omron_TM_ROS2/install/pickplace/share/pickplace
creating /home/omron/Omron_TM_ROS2/install/pickplace/share/pickplace/pp_library
copying pp_library/Move.py -> /home/omron/Omron_TM_ROS2/install/pickplace/share/pickplace/pp_library
copying pp_library/Modbus.py -> /home/omron/Omron_TM_ROS2/install/pickplace/share/pickplace/pp_library
copying pp_library/Transform.py -> /home/omron/Omron_TM_ROS2/install/pickplace/share/pickplace/pp_library
copying pp_library/Script.py -> /home/omron/Omron_TM_ROS2/install/pickplace/share/pickplace/pp_library
copying launch/pickplace.launch.py -> /home/omron/Omron_TM_ROS2/install/pickplace/share/pickplace
copying launch/rviz.launch.py -> /home/omron/Omron_TM_ROS2/install/pickplace/share/pickplace
running install_egg_info
Copying ../build/pickplace/pickplace.egg-info to /home/omron/Omron_TM_ROS2/install/pickplace/lib/python3.8/site-packages/pickplace-0.0.0-py3.8.egg-info
running install_scripts
Installing destination_publisher script to /home/omron/Omron_TM_ROS2/install/pickplace/lib/pickplace
Installing pickplace script to /home/omron/Omron_TM_ROS2/install/pickplace/lib/pickplace
Installing teach_setup script to /home/omron/Omron_TM_ROS2/install/pickplace/lib/pickplace
writing list of installed files to '/home/omron/Omron_TM_ROS2/build/pickplace/install.log'
