[0.984s] Invoking command in '/home/omron/Omron_TM_ROS2/pickplace': PYTHONPATH=/home/omron/Omron_TM_ROS2/install/pickplace/lib/python3.8/site-packages:${PYTHONPATH} /usr/bin/python3 setup.py egg_info --egg-base ../build/pickplace build --build-base /home/omron/Omron_TM_ROS2/build/pickplace/build install --prefix /home/omron/Omron_TM_ROS2/install/pickplace --record /home/omron/Omron_TM_ROS2/build/pickplace/install.log --single-version-externally-managed
[1.402s] running egg_info
[1.403s] creating ../build/pickplace/pickplace.egg-info
[1.409s] writing ../build/pickplace/pickplace.egg-info/PKG-INFO
[1.409s] writing dependency_links to ../build/pickplace/pickplace.egg-info/dependency_links.txt
[1.409s] writing entry points to ../build/pickplace/pickplace.egg-info/entry_points.txt
[1.409s] writing requirements to ../build/pickplace/pickplace.egg-info/requires.txt
[1.409s] writing top-level names to ../build/pickplace/pickplace.egg-info/top_level.txt
[1.421s] writing manifest file '../build/pickplace/pickplace.egg-info/SOURCES.txt'
[1.529s] reading manifest file '../build/pickplace/pickplace.egg-info/SOURCES.txt'
[1.530s] writing manifest file '../build/pickplace/pickplace.egg-info/SOURCES.txt'
[1.531s] running build
[1.531s] running build_py
[1.531s] creating /home/omron/Omron_TM_ROS2/build/pickplace/build
[1.532s] creating /home/omron/Omron_TM_ROS2/build/pickplace/build/lib
[1.532s] creating /home/omron/Omron_TM_ROS2/build/pickplace/build/lib/pickplace
[1.532s] copying pickplace/__init__.py -> /home/omron/Omron_TM_ROS2/build/pickplace/build/lib/pickplace
[1.532s] copying pickplace/pickplace_program.py -> /home/omron/Omron_TM_ROS2/build/pickplace/build/lib/pickplace
[1.533s] copying pickplace/destination_publisher.py -> /home/omron/Omron_TM_ROS2/build/pickplace/build/lib/pickplace
[1.536s] copying pickplace/teach_setup.py -> /home/omron/Omron_TM_ROS2/build/pickplace/build/lib/pickplace
[1.537s] running install
[1.538s] running install_lib
[1.539s] creating /home/omron/Omron_TM_ROS2/install/pickplace/lib/python3.8/site-packages/pickplace
[1.539s] copying /home/omron/Omron_TM_ROS2/build/pickplace/build/lib/pickplace/__init__.py -> /home/omron/Omron_TM_ROS2/install/pickplace/lib/python3.8/site-packages/pickplace
[1.540s] copying /home/omron/Omron_TM_ROS2/build/pickplace/build/lib/pickplace/pickplace_program.py -> /home/omron/Omron_TM_ROS2/install/pickplace/lib/python3.8/site-packages/pickplace
[1.540s] copying /home/omron/Omron_TM_ROS2/build/pickplace/build/lib/pickplace/destination_publisher.py -> /home/omron/Omron_TM_ROS2/install/pickplace/lib/python3.8/site-packages/pickplace
[1.540s] copying /home/omron/Omron_TM_ROS2/build/pickplace/build/lib/pickplace/teach_setup.py -> /home/omron/Omron_TM_ROS2/install/pickplace/lib/python3.8/site-packages/pickplace
[1.553s] byte-compiling /home/omron/Omron_TM_ROS2/install/pickplace/lib/python3.8/site-packages/pickplace/__init__.py to __init__.cpython-38.pyc
[1.555s] byte-compiling /home/omron/Omron_TM_ROS2/install/pickplace/lib/python3.8/site-packages/pickplace/pickplace_program.py to pickplace_program.cpython-38.pyc
[1.556s] byte-compiling /home/omron/Omron_TM_ROS2/install/pickplace/lib/python3.8/site-packages/pickplace/destination_publisher.py to destination_publisher.cpython-38.pyc
[1.557s] byte-compiling /home/omron/Omron_TM_ROS2/install/pickplace/lib/python3.8/site-packages/pickplace/teach_setup.py to teach_setup.cpython-38.pyc
[1.559s] running install_data
[1.560s] creating /home/omron/Omron_TM_ROS2/install/pickplace/share/ament_index
[1.560s] creating /home/omron/Omron_TM_ROS2/install/pickplace/share/ament_index/resource_index
[1.560s] creating /home/omron/Omron_TM_ROS2/install/pickplace/share/ament_index/resource_index/packages
[1.561s] copying resource/pickplace -> /home/omron/Omron_TM_ROS2/install/pickplace/share/ament_index/resource_index/packages
[1.561s] copying package.xml -> /home/omron/Omron_TM_ROS2/install/pickplace/share/pickplace
[1.562s] creating /home/omron/Omron_TM_ROS2/install/pickplace/share/pickplace/pp_library
[1.562s] copying pp_library/Move.py -> /home/omron/Omron_TM_ROS2/install/pickplace/share/pickplace/pp_library
[1.563s] copying pp_library/Modbus.py -> /home/omron/Omron_TM_ROS2/install/pickplace/share/pickplace/pp_library
[1.563s] copying pp_library/Transform.py -> /home/omron/Omron_TM_ROS2/install/pickplace/share/pickplace/pp_library
[1.564s] copying pp_library/Script.py -> /home/omron/Omron_TM_ROS2/install/pickplace/share/pickplace/pp_library
[1.565s] copying launch/pickplace.launch.py -> /home/omron/Omron_TM_ROS2/install/pickplace/share/pickplace
[1.565s] copying launch/rviz.launch.py -> /home/omron/Omron_TM_ROS2/install/pickplace/share/pickplace
[1.566s] running install_egg_info
[1.568s] Copying ../build/pickplace/pickplace.egg-info to /home/omron/Omron_TM_ROS2/install/pickplace/lib/python3.8/site-packages/pickplace-0.0.0-py3.8.egg-info
[1.569s] running install_scripts
[1.605s] Installing destination_publisher script to /home/omron/Omron_TM_ROS2/install/pickplace/lib/pickplace
[1.606s] Installing pickplace script to /home/omron/Omron_TM_ROS2/install/pickplace/lib/pickplace
[1.606s] Installing teach_setup script to /home/omron/Omron_TM_ROS2/install/pickplace/lib/pickplace
[1.607s] writing list of installed files to '/home/omron/Omron_TM_ROS2/build/pickplace/install.log'
[1.660s] Invoked command in '/home/omron/Omron_TM_ROS2/pickplace' returned '0': PYTHONPATH=/home/omron/Omron_TM_ROS2/install/pickplace/lib/python3.8/site-packages:${PYTHONPATH} /usr/bin/python3 setup.py egg_info --egg-base ../build/pickplace build --build-base /home/omron/Omron_TM_ROS2/build/pickplace/build install --prefix /home/omron/Omron_TM_ROS2/install/pickplace --record /home/omron/Omron_TM_ROS2/build/pickplace/install.log --single-version-externally-managed
