[1.389s] Invoking command in '/home/gy/Omron_TM_ROS2/src/pickplace': PYTHONPATH=/home/gy/Omron_TM_ROS2/install/pickplace/lib/python3.8/site-packages:${PYTHONPATH} /usr/bin/python3 setup.py egg_info --egg-base ../../build/pickplace build --build-base /home/gy/Omron_TM_ROS2/build/pickplace/build install --prefix /home/gy/Omron_TM_ROS2/install/pickplace --record /home/gy/Omron_TM_ROS2/build/pickplace/install.log --single-version-externally-managed
[2.963s] running egg_info
[2.963s] creating ../../build/pickplace/pickplace.egg-info
[2.964s] writing ../../build/pickplace/pickplace.egg-info/PKG-INFO
[2.964s] writing dependency_links to ../../build/pickplace/pickplace.egg-info/dependency_links.txt
[2.965s] writing entry points to ../../build/pickplace/pickplace.egg-info/entry_points.txt
[2.966s] writing requirements to ../../build/pickplace/pickplace.egg-info/requires.txt
[2.966s] writing top-level names to ../../build/pickplace/pickplace.egg-info/top_level.txt
[3.057s] writing manifest file '../../build/pickplace/pickplace.egg-info/SOURCES.txt'
[3.454s] reading manifest file '../../build/pickplace/pickplace.egg-info/SOURCES.txt'
[3.456s] writing manifest file '../../build/pickplace/pickplace.egg-info/SOURCES.txt'
[3.457s] running build
[3.457s] running build_py
[3.457s] creating /home/gy/Omron_TM_ROS2/build/pickplace/build
[3.457s] creating /home/gy/Omron_TM_ROS2/build/pickplace/build/lib
[3.457s] creating /home/gy/Omron_TM_ROS2/build/pickplace/build/lib/pickplace
[3.458s] copying pickplace/__init__.py -> /home/gy/Omron_TM_ROS2/build/pickplace/build/lib/pickplace
[3.458s] copying pickplace/params.py -> /home/gy/Omron_TM_ROS2/build/pickplace/build/lib/pickplace
[3.458s] running install
[3.459s] running install_lib
[3.495s] creating /home/gy/Omron_TM_ROS2/install/pickplace/lib/python3.8/site-packages/pickplace
[3.496s] copying /home/gy/Omron_TM_ROS2/build/pickplace/build/lib/pickplace/__init__.py -> /home/gy/Omron_TM_ROS2/install/pickplace/lib/python3.8/site-packages/pickplace
[3.496s] copying /home/gy/Omron_TM_ROS2/build/pickplace/build/lib/pickplace/params.py -> /home/gy/Omron_TM_ROS2/install/pickplace/lib/python3.8/site-packages/pickplace
[3.496s] byte-compiling /home/gy/Omron_TM_ROS2/install/pickplace/lib/python3.8/site-packages/pickplace/__init__.py to __init__.cpython-38.pyc
[3.499s] byte-compiling /home/gy/Omron_TM_ROS2/install/pickplace/lib/python3.8/site-packages/pickplace/params.py to params.cpython-38.pyc
[3.500s] running install_data
[3.503s] creating /home/gy/Omron_TM_ROS2/install/pickplace/share/ament_index
[3.503s] creating /home/gy/Omron_TM_ROS2/install/pickplace/share/ament_index/resource_index
[3.504s] creating /home/gy/Omron_TM_ROS2/install/pickplace/share/ament_index/resource_index/packages
[3.504s] copying resource/pickplace -> /home/gy/Omron_TM_ROS2/install/pickplace/share/ament_index/resource_index/packages
[3.504s] copying package.xml -> /home/gy/Omron_TM_ROS2/install/pickplace/share/pickplace
[3.504s] running install_egg_info
[3.531s] Copying ../../build/pickplace/pickplace.egg-info to /home/gy/Omron_TM_ROS2/install/pickplace/lib/python3.8/site-packages/pickplace-0.0.0-py3.8.egg-info
[3.535s] running install_scripts
[3.679s] writing list of installed files to '/home/gy/Omron_TM_ROS2/build/pickplace/install.log'
[3.759s] Invoked command in '/home/gy/Omron_TM_ROS2/src/pickplace' returned '0': PYTHONPATH=/home/gy/Omron_TM_ROS2/install/pickplace/lib/python3.8/site-packages:${PYTHONPATH} /usr/bin/python3 setup.py egg_info --egg-base ../../build/pickplace build --build-base /home/gy/Omron_TM_ROS2/build/pickplace/build install --prefix /home/gy/Omron_TM_ROS2/install/pickplace --record /home/gy/Omron_TM_ROS2/build/pickplace/install.log --single-version-externally-managed
