[0.058s] Invoking command in '/home/gy/Omron_TM_ROS2/build/custom_package': CMAKE_PREFIX_PATH=/home/gy/Omron_TM_ROS2/install/techman_robot_msgs:/home/gy/Omron_TM_ROS2/install/ui_for_debug_and_demo:/home/gy/Omron_TM_ROS2/install/tmr_driver:/home/gy/Omron_TM_ROS2/install/tmrlib:/home/gy/Omron_TM_ROS2/install/tmr_msgs:/home/gy/Omron_TM_ROS2/install/tmr_moveit_cpp_demo:/home/gy/Omron_TM_ROS2/install/tmr_moveit_config_tm5-900:/home/gy/Omron_TM_ROS2/install/tmr_description:/home/gy/Omron_TM_ROS2/install/tm_driver:/home/gy/Omron_TM_ROS2/install/demo:/home/gy/Omron_TM_ROS2/install/tm_msgs:/home/gy/Omron_TM_ROS2/install/tm_models:/home/gy/Omron_TM_ROS2/install/custom_package:/home/gy/Omron_TM_ROS2/install/tmr_mod_urdf:/home/gy/Omron_TM_ROS2/install/tm_get_status:/home/gy/Omron_TM_ROS2/install/rviz_tm:/home/gy/Omron_TM_ROS2/install/pickplace:/opt/ros/foxy LD_LIBRARY_PATH=/home/gy/Omron_TM_ROS2/install/techman_robot_msgs/lib:/home/gy/Omron_TM_ROS2/install/tmrlib/lib:/home/gy/Omron_TM_ROS2/install/tmr_msgs/lib:/home/gy/Omron_TM_ROS2/install/tm_msgs/lib:/opt/ros/foxy/opt/yaml_cpp_vendor/lib:/opt/ros/foxy/opt/rviz_ogre_vendor/lib:/opt/ros/foxy/lib/x86_64-linux-gnu:/opt/ros/foxy/lib PYTHONPATH=/home/gy/Omron_TM_ROS2/install/techman_robot_msgs/lib/python3.8/site-packages:/home/gy/Omron_TM_ROS2/install/tmr_msgs/lib/python3.8/site-packages:/home/gy/Omron_TM_ROS2/install/tmr_mod_urdf/lib/python3.8/site-packages:/home/gy/Omron_TM_ROS2/install/tm_msgs/lib/python3.8/site-packages:/home/gy/Omron_TM_ROS2/install/tm_get_status/lib/python3.8/site-packages:/home/gy/Omron_TM_ROS2/install/rviz_tm/lib/python3.8/site-packages:/home/gy/Omron_TM_ROS2/install/pickplace/lib/python3.8/site-packages:/opt/ros/foxy/lib/python3.8/site-packages /usr/bin/cmake /home/gy/Omron_TM_ROS2/custom_package -DCMAKE_INSTALL_PREFIX=/home/gy/Omron_TM_ROS2/install/custom_package
[0.292s] -- The C compiler identification is GNU 9.3.0
[0.587s] -- The CXX compiler identification is GNU 9.3.0
[0.614s] -- Check for working C compiler: /usr/bin/cc
[0.894s] -- Check for working C compiler: /usr/bin/cc -- works
[0.895s] -- Detecting C compiler ABI info
[1.094s] -- Detecting C compiler ABI info - done
[1.162s] -- Detecting C compile features
[1.162s] -- Detecting C compile features - done
[1.178s] -- Check for working CXX compiler: /usr/bin/c++
[1.546s] -- Check for working CXX compiler: /usr/bin/c++ -- works
[1.549s] -- Detecting CXX compiler ABI info
[1.962s] -- Detecting CXX compiler ABI info - done
[2.032s] -- Detecting CXX compile features
[2.036s] -- Detecting CXX compile features - done
[2.048s] -- Found ament_cmake: 0.9.8 (/opt/ros/foxy/share/ament_cmake/cmake)
[2.118s] -- Found PythonInterp: /usr/bin/python3 (found suitable version "3.8.5", minimum required is "3") 
[2.118s] -- Using PYTHON_EXECUTABLE: /usr/bin/python3
[2.635s] -- Found rclcpp: 2.3.1 (/opt/ros/foxy/share/rclcpp/cmake)
[2.741s] -- Using all available rosidl_typesupport_c: rosidl_typesupport_fastrtps_c;rosidl_typesupport_introspection_c
[2.760s] -- Found rosidl_adapter: 1.2.1 (/opt/ros/foxy/share/rosidl_adapter/cmake)
[3.026s] -- Found OpenSSL: /usr/lib/x86_64-linux-gnu/libcrypto.so (found version "1.1.1f")  
[3.145s] -- Found FastRTPS: /opt/ros/foxy/include  
[3.500s] -- Using all available rosidl_typesupport_cpp: rosidl_typesupport_fastrtps_cpp;rosidl_typesupport_introspection_cpp
[3.704s] -- Found rmw_implementation_cmake: 1.0.3 (/opt/ros/foxy/share/rmw_implementation_cmake/cmake)
[3.708s] -- Using RMW implementation 'rmw_fastrtps_cpp' as default
[3.712s] -- Looking for pthread.h
[4.050s] -- Looking for pthread.h - found
[4.051s] -- Performing Test CMAKE_HAVE_LIBC_PTHREAD
[4.370s] -- Performing Test CMAKE_HAVE_LIBC_PTHREAD - Failed
[4.371s] -- Looking for pthread_create in pthreads
[4.632s] -- Looking for pthread_create in pthreads - not found
[4.633s] -- Looking for pthread_create in pthread
[4.966s] -- Looking for pthread_create in pthread - found
[4.968s] -- Found Threads: TRUE  
[5.731s] -- Found rclcpp_components: 2.3.1 (/opt/ros/foxy/share/rclcpp_components/cmake)
[6.044s] -- Found sensor_msgs: 2.0.4 (/opt/ros/foxy/share/sensor_msgs/cmake)
[6.705s] -- Found OpenCV: /usr (found version "4.2.0") 
[6.708s] -- Found techman_robot_msgs: 0.0.0 (/home/gy/Omron_TM_ROS2/install/techman_robot_msgs/share/techman_robot_msgs/cmake)
[6.744s] -- Found ament_lint_auto: 0.9.6 (/opt/ros/foxy/share/ament_lint_auto/cmake)
[7.201s] -- Added test 'copyright' to check source files copyright and LICENSE
[7.204s] -- Added test 'cppcheck' to perform static code analysis on C / C++ code
[7.205s] -- Configured cppcheck include dirs: 
[7.205s] -- Configured cppcheck exclude dirs and/or files: 
[7.209s] -- Added test 'cpplint' to check C / C++ code against the Google style
[7.210s] -- Configured cpplint exclude dirs and/or files: 
[7.214s] -- Added test 'lint_cmake' to check CMake code style
[7.218s] -- Added test 'uncrustify' to check C / C++ code style
[7.218s] -- Configured uncrustify additional arguments: 
[7.223s] -- Added test 'xmllint' to check XML markup files
[7.234s] -- Configuring done
[7.318s] -- Generating done
[7.327s] -- Build files have been written to: /home/gy/Omron_TM_ROS2/build/custom_package
[7.361s] Invoked command in '/home/gy/Omron_TM_ROS2/build/custom_package' returned '0': CMAKE_PREFIX_PATH=/home/gy/Omron_TM_ROS2/install/techman_robot_msgs:/home/gy/Omron_TM_ROS2/install/ui_for_debug_and_demo:/home/gy/Omron_TM_ROS2/install/tmr_driver:/home/gy/Omron_TM_ROS2/install/tmrlib:/home/gy/Omron_TM_ROS2/install/tmr_msgs:/home/gy/Omron_TM_ROS2/install/tmr_moveit_cpp_demo:/home/gy/Omron_TM_ROS2/install/tmr_moveit_config_tm5-900:/home/gy/Omron_TM_ROS2/install/tmr_description:/home/gy/Omron_TM_ROS2/install/tm_driver:/home/gy/Omron_TM_ROS2/install/demo:/home/gy/Omron_TM_ROS2/install/tm_msgs:/home/gy/Omron_TM_ROS2/install/tm_models:/home/gy/Omron_TM_ROS2/install/custom_package:/home/gy/Omron_TM_ROS2/install/tmr_mod_urdf:/home/gy/Omron_TM_ROS2/install/tm_get_status:/home/gy/Omron_TM_ROS2/install/rviz_tm:/home/gy/Omron_TM_ROS2/install/pickplace:/opt/ros/foxy LD_LIBRARY_PATH=/home/gy/Omron_TM_ROS2/install/techman_robot_msgs/lib:/home/gy/Omron_TM_ROS2/install/tmrlib/lib:/home/gy/Omron_TM_ROS2/install/tmr_msgs/lib:/home/gy/Omron_TM_ROS2/install/tm_msgs/lib:/opt/ros/foxy/opt/yaml_cpp_vendor/lib:/opt/ros/foxy/opt/rviz_ogre_vendor/lib:/opt/ros/foxy/lib/x86_64-linux-gnu:/opt/ros/foxy/lib PYTHONPATH=/home/gy/Omron_TM_ROS2/install/techman_robot_msgs/lib/python3.8/site-packages:/home/gy/Omron_TM_ROS2/install/tmr_msgs/lib/python3.8/site-packages:/home/gy/Omron_TM_ROS2/install/tmr_mod_urdf/lib/python3.8/site-packages:/home/gy/Omron_TM_ROS2/install/tm_msgs/lib/python3.8/site-packages:/home/gy/Omron_TM_ROS2/install/tm_get_status/lib/python3.8/site-packages:/home/gy/Omron_TM_ROS2/install/rviz_tm/lib/python3.8/site-packages:/home/gy/Omron_TM_ROS2/install/pickplace/lib/python3.8/site-packages:/opt/ros/foxy/lib/python3.8/site-packages /usr/bin/cmake /home/gy/Omron_TM_ROS2/custom_package -DCMAKE_INSTALL_PREFIX=/home/gy/Omron_TM_ROS2/install/custom_package
[7.369s] Invoking command in '/home/gy/Omron_TM_ROS2/build/custom_package': CMAKE_PREFIX_PATH=/home/gy/Omron_TM_ROS2/install/techman_robot_msgs:/home/gy/Omron_TM_ROS2/install/ui_for_debug_and_demo:/home/gy/Omron_TM_ROS2/install/tmr_driver:/home/gy/Omron_TM_ROS2/install/tmrlib:/home/gy/Omron_TM_ROS2/install/tmr_msgs:/home/gy/Omron_TM_ROS2/install/tmr_moveit_cpp_demo:/home/gy/Omron_TM_ROS2/install/tmr_moveit_config_tm5-900:/home/gy/Omron_TM_ROS2/install/tmr_description:/home/gy/Omron_TM_ROS2/install/tm_driver:/home/gy/Omron_TM_ROS2/install/demo:/home/gy/Omron_TM_ROS2/install/tm_msgs:/home/gy/Omron_TM_ROS2/install/tm_models:/home/gy/Omron_TM_ROS2/install/custom_package:/home/gy/Omron_TM_ROS2/install/tmr_mod_urdf:/home/gy/Omron_TM_ROS2/install/tm_get_status:/home/gy/Omron_TM_ROS2/install/rviz_tm:/home/gy/Omron_TM_ROS2/install/pickplace:/opt/ros/foxy LD_LIBRARY_PATH=/home/gy/Omron_TM_ROS2/install/techman_robot_msgs/lib:/home/gy/Omron_TM_ROS2/install/tmrlib/lib:/home/gy/Omron_TM_ROS2/install/tmr_msgs/lib:/home/gy/Omron_TM_ROS2/install/tm_msgs/lib:/opt/ros/foxy/opt/yaml_cpp_vendor/lib:/opt/ros/foxy/opt/rviz_ogre_vendor/lib:/opt/ros/foxy/lib/x86_64-linux-gnu:/opt/ros/foxy/lib PYTHONPATH=/home/gy/Omron_TM_ROS2/install/techman_robot_msgs/lib/python3.8/site-packages:/home/gy/Omron_TM_ROS2/install/tmr_msgs/lib/python3.8/site-packages:/home/gy/Omron_TM_ROS2/install/tmr_mod_urdf/lib/python3.8/site-packages:/home/gy/Omron_TM_ROS2/install/tm_msgs/lib/python3.8/site-packages:/home/gy/Omron_TM_ROS2/install/tm_get_status/lib/python3.8/site-packages:/home/gy/Omron_TM_ROS2/install/rviz_tm/lib/python3.8/site-packages:/home/gy/Omron_TM_ROS2/install/pickplace/lib/python3.8/site-packages:/opt/ros/foxy/lib/python3.8/site-packages /usr/bin/cmake --build /home/gy/Omron_TM_ROS2/build/custom_package -- -j3 -l3
[7.534s] [35m[1mScanning dependencies of target sub_img[0m
[7.730s] [ 25%] [32mBuilding CXX object CMakeFiles/sub_img.dir/src/sub_img.cpp.o[0m
[24.753s] [ 50%] [32m[1mLinking CXX executable sub_img[0m
[26.833s] [ 50%] Built target sub_img
[26.860s] [35m[1mScanning dependencies of target tm_send_command[0m
[27.074s] [ 75%] [32mBuilding CXX object CMakeFiles/tm_send_command.dir/src/send_command.cpp.o[0m
[34.788s] [100%] [32m[1mLinking CXX executable tm_send_command[0m
[35.267s] [100%] Built target tm_send_command
[35.318s] Invoked command in '/home/gy/Omron_TM_ROS2/build/custom_package' returned '0': CMAKE_PREFIX_PATH=/home/gy/Omron_TM_ROS2/install/techman_robot_msgs:/home/gy/Omron_TM_ROS2/install/ui_for_debug_and_demo:/home/gy/Omron_TM_ROS2/install/tmr_driver:/home/gy/Omron_TM_ROS2/install/tmrlib:/home/gy/Omron_TM_ROS2/install/tmr_msgs:/home/gy/Omron_TM_ROS2/install/tmr_moveit_cpp_demo:/home/gy/Omron_TM_ROS2/install/tmr_moveit_config_tm5-900:/home/gy/Omron_TM_ROS2/install/tmr_description:/home/gy/Omron_TM_ROS2/install/tm_driver:/home/gy/Omron_TM_ROS2/install/demo:/home/gy/Omron_TM_ROS2/install/tm_msgs:/home/gy/Omron_TM_ROS2/install/tm_models:/home/gy/Omron_TM_ROS2/install/custom_package:/home/gy/Omron_TM_ROS2/install/tmr_mod_urdf:/home/gy/Omron_TM_ROS2/install/tm_get_status:/home/gy/Omron_TM_ROS2/install/rviz_tm:/home/gy/Omron_TM_ROS2/install/pickplace:/opt/ros/foxy LD_LIBRARY_PATH=/home/gy/Omron_TM_ROS2/install/techman_robot_msgs/lib:/home/gy/Omron_TM_ROS2/install/tmrlib/lib:/home/gy/Omron_TM_ROS2/install/tmr_msgs/lib:/home/gy/Omron_TM_ROS2/install/tm_msgs/lib:/opt/ros/foxy/opt/yaml_cpp_vendor/lib:/opt/ros/foxy/opt/rviz_ogre_vendor/lib:/opt/ros/foxy/lib/x86_64-linux-gnu:/opt/ros/foxy/lib PYTHONPATH=/home/gy/Omron_TM_ROS2/install/techman_robot_msgs/lib/python3.8/site-packages:/home/gy/Omron_TM_ROS2/install/tmr_msgs/lib/python3.8/site-packages:/home/gy/Omron_TM_ROS2/install/tmr_mod_urdf/lib/python3.8/site-packages:/home/gy/Omron_TM_ROS2/install/tm_msgs/lib/python3.8/site-packages:/home/gy/Omron_TM_ROS2/install/tm_get_status/lib/python3.8/site-packages:/home/gy/Omron_TM_ROS2/install/rviz_tm/lib/python3.8/site-packages:/home/gy/Omron_TM_ROS2/install/pickplace/lib/python3.8/site-packages:/opt/ros/foxy/lib/python3.8/site-packages /usr/bin/cmake --build /home/gy/Omron_TM_ROS2/build/custom_package -- -j3 -l3
[35.520s] Invoking command in '/home/gy/Omron_TM_ROS2/build/custom_package': CMAKE_PREFIX_PATH=/home/gy/Omron_TM_ROS2/install/techman_robot_msgs:/home/gy/Omron_TM_ROS2/install/ui_for_debug_and_demo:/home/gy/Omron_TM_ROS2/install/tmr_driver:/home/gy/Omron_TM_ROS2/install/tmrlib:/home/gy/Omron_TM_ROS2/install/tmr_msgs:/home/gy/Omron_TM_ROS2/install/tmr_moveit_cpp_demo:/home/gy/Omron_TM_ROS2/install/tmr_moveit_config_tm5-900:/home/gy/Omron_TM_ROS2/install/tmr_description:/home/gy/Omron_TM_ROS2/install/tm_driver:/home/gy/Omron_TM_ROS2/install/demo:/home/gy/Omron_TM_ROS2/install/tm_msgs:/home/gy/Omron_TM_ROS2/install/tm_models:/home/gy/Omron_TM_ROS2/install/custom_package:/home/gy/Omron_TM_ROS2/install/tmr_mod_urdf:/home/gy/Omron_TM_ROS2/install/tm_get_status:/home/gy/Omron_TM_ROS2/install/rviz_tm:/home/gy/Omron_TM_ROS2/install/pickplace:/opt/ros/foxy LD_LIBRARY_PATH=/home/gy/Omron_TM_ROS2/install/techman_robot_msgs/lib:/home/gy/Omron_TM_ROS2/install/tmrlib/lib:/home/gy/Omron_TM_ROS2/install/tmr_msgs/lib:/home/gy/Omron_TM_ROS2/install/tm_msgs/lib:/opt/ros/foxy/opt/yaml_cpp_vendor/lib:/opt/ros/foxy/opt/rviz_ogre_vendor/lib:/opt/ros/foxy/lib/x86_64-linux-gnu:/opt/ros/foxy/lib PYTHONPATH=/home/gy/Omron_TM_ROS2/install/techman_robot_msgs/lib/python3.8/site-packages:/home/gy/Omron_TM_ROS2/install/tmr_msgs/lib/python3.8/site-packages:/home/gy/Omron_TM_ROS2/install/tmr_mod_urdf/lib/python3.8/site-packages:/home/gy/Omron_TM_ROS2/install/tm_msgs/lib/python3.8/site-packages:/home/gy/Omron_TM_ROS2/install/tm_get_status/lib/python3.8/site-packages:/home/gy/Omron_TM_ROS2/install/rviz_tm/lib/python3.8/site-packages:/home/gy/Omron_TM_ROS2/install/pickplace/lib/python3.8/site-packages:/opt/ros/foxy/lib/python3.8/site-packages /usr/bin/cmake --install /home/gy/Omron_TM_ROS2/build/custom_package
[35.558s] -- Install configuration: ""
[35.569s] -- Installing: /home/gy/Omron_TM_ROS2/install/custom_package/lib/custom_package/tm_send_command
[35.574s] -- Set runtime path of "/home/gy/Omron_TM_ROS2/install/custom_package/lib/custom_package/tm_send_command" to ""
[35.575s] -- Installing: /home/gy/Omron_TM_ROS2/install/custom_package/lib/custom_package/sub_img
[35.575s] -- Set runtime path of "/home/gy/Omron_TM_ROS2/install/custom_package/lib/custom_package/sub_img" to ""
[35.576s] -- Installing: /home/gy/Omron_TM_ROS2/install/custom_package/share/custom_package/image
[35.577s] -- Installing: /home/gy/Omron_TM_ROS2/install/custom_package/share/custom_package/image/techman_robot.jpg
[35.582s] -- Installing: /home/gy/Omron_TM_ROS2/install/custom_package/share/ament_index/resource_index/package_run_dependencies/custom_package
[35.587s] -- Installing: /home/gy/Omron_TM_ROS2/install/custom_package/share/ament_index/resource_index/parent_prefix_path/custom_package
[35.588s] -- Installing: /home/gy/Omron_TM_ROS2/install/custom_package/share/custom_package/environment/ament_prefix_path.sh
[35.588s] -- Installing: /home/gy/Omron_TM_ROS2/install/custom_package/share/custom_package/environment/ament_prefix_path.dsv
[35.589s] -- Installing: /home/gy/Omron_TM_ROS2/install/custom_package/share/custom_package/environment/path.sh
[35.589s] -- Installing: /home/gy/Omron_TM_ROS2/install/custom_package/share/custom_package/environment/path.dsv
[35.589s] -- Installing: /home/gy/Omron_TM_ROS2/install/custom_package/share/custom_package/local_setup.bash
[35.590s] -- Installing: /home/gy/Omron_TM_ROS2/install/custom_package/share/custom_package/local_setup.sh
[35.590s] -- Installing: /home/gy/Omron_TM_ROS2/install/custom_package/share/custom_package/local_setup.zsh
[35.590s] -- Installing: /home/gy/Omron_TM_ROS2/install/custom_package/share/custom_package/local_setup.dsv
[35.591s] -- Installing: /home/gy/Omron_TM_ROS2/install/custom_package/share/custom_package/package.dsv
[35.594s] -- Installing: /home/gy/Omron_TM_ROS2/install/custom_package/share/ament_index/resource_index/packages/custom_package
[35.598s] -- Installing: /home/gy/Omron_TM_ROS2/install/custom_package/share/custom_package/cmake/custom_packageConfig.cmake
[35.598s] -- Installing: /home/gy/Omron_TM_ROS2/install/custom_package/share/custom_package/cmake/custom_packageConfig-version.cmake
[35.599s] -- Installing: /home/gy/Omron_TM_ROS2/install/custom_package/share/custom_package/package.xml
[35.603s] Invoked command in '/home/gy/Omron_TM_ROS2/build/custom_package' returned '0': CMAKE_PREFIX_PATH=/home/gy/Omron_TM_ROS2/install/techman_robot_msgs:/home/gy/Omron_TM_ROS2/install/ui_for_debug_and_demo:/home/gy/Omron_TM_ROS2/install/tmr_driver:/home/gy/Omron_TM_ROS2/install/tmrlib:/home/gy/Omron_TM_ROS2/install/tmr_msgs:/home/gy/Omron_TM_ROS2/install/tmr_moveit_cpp_demo:/home/gy/Omron_TM_ROS2/install/tmr_moveit_config_tm5-900:/home/gy/Omron_TM_ROS2/install/tmr_description:/home/gy/Omron_TM_ROS2/install/tm_driver:/home/gy/Omron_TM_ROS2/install/demo:/home/gy/Omron_TM_ROS2/install/tm_msgs:/home/gy/Omron_TM_ROS2/install/tm_models:/home/gy/Omron_TM_ROS2/install/custom_package:/home/gy/Omron_TM_ROS2/install/tmr_mod_urdf:/home/gy/Omron_TM_ROS2/install/tm_get_status:/home/gy/Omron_TM_ROS2/install/rviz_tm:/home/gy/Omron_TM_ROS2/install/pickplace:/opt/ros/foxy LD_LIBRARY_PATH=/home/gy/Omron_TM_ROS2/install/techman_robot_msgs/lib:/home/gy/Omron_TM_ROS2/install/tmrlib/lib:/home/gy/Omron_TM_ROS2/install/tmr_msgs/lib:/home/gy/Omron_TM_ROS2/install/tm_msgs/lib:/opt/ros/foxy/opt/yaml_cpp_vendor/lib:/opt/ros/foxy/opt/rviz_ogre_vendor/lib:/opt/ros/foxy/lib/x86_64-linux-gnu:/opt/ros/foxy/lib PYTHONPATH=/home/gy/Omron_TM_ROS2/install/techman_robot_msgs/lib/python3.8/site-packages:/home/gy/Omron_TM_ROS2/install/tmr_msgs/lib/python3.8/site-packages:/home/gy/Omron_TM_ROS2/install/tmr_mod_urdf/lib/python3.8/site-packages:/home/gy/Omron_TM_ROS2/install/tm_msgs/lib/python3.8/site-packages:/home/gy/Omron_TM_ROS2/install/tm_get_status/lib/python3.8/site-packages:/home/gy/Omron_TM_ROS2/install/rviz_tm/lib/python3.8/site-packages:/home/gy/Omron_TM_ROS2/install/pickplace/lib/python3.8/site-packages:/opt/ros/foxy/lib/python3.8/site-packages /usr/bin/cmake --install /home/gy/Omron_TM_ROS2/build/custom_package
