[0.671s] Invoking command in '/home/gy/Omron_TM_ROS2/pickplace': PYTHONPATH=/home/gy/Omron_TM_ROS2/install/pickplace/lib/python3.8/site-packages:${PYTHONPATH} /usr/bin/python3 setup.py egg_info --egg-base ../build/pickplace build --build-base /home/gy/Omron_TM_ROS2/build/pickplace/build install --prefix /home/gy/Omron_TM_ROS2/install/pickplace --record /home/gy/Omron_TM_ROS2/build/pickplace/install.log --single-version-externally-managed
[1.143s] running egg_info
[1.148s] writing ../build/pickplace/pickplace.egg-info/PKG-INFO
[1.150s] writing dependency_links to ../build/pickplace/pickplace.egg-info/dependency_links.txt
[1.150s] writing entry points to ../build/pickplace/pickplace.egg-info/entry_points.txt
[1.150s] writing requirements to ../build/pickplace/pickplace.egg-info/requires.txt
[1.150s] writing top-level names to ../build/pickplace/pickplace.egg-info/top_level.txt
[1.230s] reading manifest file '../build/pickplace/pickplace.egg-info/SOURCES.txt'
[1.233s] writing manifest file '../build/pickplace/pickplace.egg-info/SOURCES.txt'
[1.233s] running build
[1.233s] running build_py
[1.234s] copying pickplace/pickplace_program.py -> /home/gy/Omron_TM_ROS2/build/pickplace/build/lib/pickplace
[1.235s] running install
[1.236s] running install_lib
[1.238s] copying /home/gy/Omron_TM_ROS2/build/pickplace/build/lib/pickplace/pickplace_program.py -> /home/gy/Omron_TM_ROS2/install/pickplace/lib/python3.8/site-packages/pickplace
[1.245s] byte-compiling /home/gy/Omron_TM_ROS2/install/pickplace/lib/python3.8/site-packages/pickplace/pickplace_program.py to pickplace_program.cpython-38.pyc
[1.245s] running install_data
[1.245s] running install_egg_info
[1.248s] removing '/home/gy/Omron_TM_ROS2/install/pickplace/lib/python3.8/site-packages/pickplace-0.0.0-py3.8.egg-info' (and everything under it)
[1.258s] Copying ../build/pickplace/pickplace.egg-info to /home/gy/Omron_TM_ROS2/install/pickplace/lib/python3.8/site-packages/pickplace-0.0.0-py3.8.egg-info
[1.259s] running install_scripts
[1.290s] Installing pickplace script to /home/gy/Omron_TM_ROS2/install/pickplace/lib/pickplace
[1.298s] Installing teach_setup script to /home/gy/Omron_TM_ROS2/install/pickplace/lib/pickplace
[1.299s] writing list of installed files to '/home/gy/Omron_TM_ROS2/build/pickplace/install.log'
[1.354s] Invoked command in '/home/gy/Omron_TM_ROS2/pickplace' returned '0': PYTHONPATH=/home/gy/Omron_TM_ROS2/install/pickplace/lib/python3.8/site-packages:${PYTHONPATH} /usr/bin/python3 setup.py egg_info --egg-base ../build/pickplace build --build-base /home/gy/Omron_TM_ROS2/build/pickplace/build install --prefix /home/gy/Omron_TM_ROS2/install/pickplace --record /home/gy/Omron_TM_ROS2/build/pickplace/install.log --single-version-externally-managed
