-- The C compiler identification is GNU 9.3.0
-- The CXX compiler identification is GNU 9.3.0
-- Check for working C compiler: /usr/bin/cc
-- Check for working C compiler: /usr/bin/cc -- works
-- Detecting C compiler ABI info
-- Detecting C compiler ABI info - done
-- Detecting C compile features
-- Detecting C compile features - done
-- Check for working CXX compiler: /usr/bin/c++
-- Check for working CXX compiler: /usr/bin/c++ -- works
-- Detecting CXX compiler ABI info
-- Detecting CXX compiler ABI info - done
-- Detecting CXX compile features
-- Detecting CXX compile features - done
-- Found ament_cmake: 0.9.8 (/opt/ros/foxy/share/ament_cmake/cmake)
-- Found PythonInterp: /usr/bin/python3 (found suitable version "3.8.5", minimum required is "3") 
-- Using PYTHON_EXECUTABLE: /usr/bin/python3
-- Override CMake install command with custom implementation using symlinks instead of copying resources
-- Found rosidl_default_generators: 1.0.1 (/opt/ros/foxy/share/rosidl_default_generators/cmake)
-- Using all available rosidl_typesupport_c: rosidl_typesupport_fastrtps_c;rosidl_typesupport_introspection_c
-- Found rosidl_adapter: 1.2.1 (/opt/ros/foxy/share/rosidl_adapter/cmake)
-- Found OpenSSL: /usr/lib/x86_64-linux-gnu/libcrypto.so (found version "1.1.1f")  
-- Found FastRTPS: /opt/ros/foxy/include  
-- Using all available rosidl_typesupport_cpp: rosidl_typesupport_fastrtps_cpp;rosidl_typesupport_introspection_cpp
-- Found action_msgs: 1.0.0 (/opt/ros/foxy/share/action_msgs/cmake)
-- Found std_msgs: 2.0.4 (/opt/ros/foxy/share/std_msgs/cmake)
-- Found geometry_msgs: 2.0.4 (/opt/ros/foxy/share/geometry_msgs/cmake)
-- Found PythonInterp: /usr/bin/python3 (found version "3.8.5") 
-- Found ament_cmake_ros: 0.9.1 (/opt/ros/foxy/share/ament_cmake_ros/cmake)
-- Using all available rosidl_typesupport_c: rosidl_typesupport_fastrtps_c;rosidl_typesupport_introspection_c
-- Using all available rosidl_typesupport_cpp: rosidl_typesupport_fastrtps_cpp;rosidl_typesupport_introspection_cpp
-- Found PythonInterp: /usr/bin/python3 (found suitable version "3.8.5", minimum required is "3.5") 
-- Found python_cmake_module: 0.8.1 (/opt/ros/foxy/share/python_cmake_module/cmake)
-- Found PythonLibs: /usr/lib/x86_64-linux-gnu/libpython3.8.so (found suitable version "3.8.5", minimum required is "3.5") 
-- Using PYTHON_EXECUTABLE: /usr/bin/python3
-- Using PYTHON_INCLUDE_DIRS: /usr/include/python3.8
-- Using PYTHON_LIBRARIES: /usr/lib/x86_64-linux-gnu/libpython3.8.so
-- Found PythonExtra: .so  
-- Configuring done
-- Generating done
-- Build files have been written to: /home/gy/Omron_TM_ROS2/build/techman_robot_msgs
[35m[1mScanning dependencies of target techman_robot_msgs__cpp[0m
[  3%] [34m[1mGenerating C++ code for ROS interfaces[0m
[  3%] Built target techman_robot_msgs__cpp
[  6%] [34m[1mGenerating C code for ROS interfaces[0m
[35m[1mScanning dependencies of target techman_robot_msgs__rosidl_generator_c[0m
[  9%] [32mBuilding C object CMakeFiles/techman_robot_msgs__rosidl_generator_c.dir/rosidl_generator_c/techman_robot_msgs/srv/detail/techman_robot_command__functions.c.o[0m
[ 12%] [32m[1mLinking C shared library libtechman_robot_msgs__rosidl_generator_c.so[0m
[ 12%] Built target techman_robot_msgs__rosidl_generator_c
[ 16%] [34m[1mGenerating C++ type support for eProsima Fast-RTPS[0m
[35m[1mScanning dependencies of target techman_robot_msgs__rosidl_typesupport_fastrtps_cpp[0m
[ 19%] [32mBuilding CXX object CMakeFiles/techman_robot_msgs__rosidl_typesupport_fastrtps_cpp.dir/rosidl_typesupport_fastrtps_cpp/techman_robot_msgs/srv/detail/dds_fastrtps/techman_robot_command__type_support.cpp.o[0m
[ 22%] [32m[1mLinking CXX shared library libtechman_robot_msgs__rosidl_typesupport_fastrtps_cpp.so[0m
[ 22%] Built target techman_robot_msgs__rosidl_typesupport_fastrtps_cpp
[ 25%] [34m[1mGenerating C++ type support dispatch for ROS interfaces[0m
[35m[1mScanning dependencies of target techman_robot_msgs__rosidl_typesupport_cpp[0m
[ 29%] [32mBuilding CXX object CMakeFiles/techman_robot_msgs__rosidl_typesupport_cpp.dir/rosidl_typesupport_cpp/techman_robot_msgs/srv/techman_robot_command__type_support.cpp.o[0m
[ 32%] [32m[1mLinking CXX shared library libtechman_robot_msgs__rosidl_typesupport_cpp.so[0m
[ 32%] Built target techman_robot_msgs__rosidl_typesupport_cpp
[ 35%] [34m[1mGenerating C type support dispatch for ROS interfaces[0m
[35m[1mScanning dependencies of target techman_robot_msgs__rosidl_typesupport_c[0m
[ 38%] [32mBuilding CXX object CMakeFiles/techman_robot_msgs__rosidl_typesupport_c.dir/rosidl_typesupport_c/techman_robot_msgs/srv/techman_robot_command__type_support.cpp.o[0m
[ 41%] [32m[1mLinking CXX shared library libtechman_robot_msgs__rosidl_typesupport_c.so[0m
[ 41%] Built target techman_robot_msgs__rosidl_typesupport_c
[ 45%] [34m[1mGenerating C type support for eProsima Fast-RTPS[0m
[35m[1mScanning dependencies of target techman_robot_msgs__rosidl_typesupport_fastrtps_c[0m
[ 48%] [32mBuilding CXX object CMakeFiles/techman_robot_msgs__rosidl_typesupport_fastrtps_c.dir/rosidl_typesupport_fastrtps_c/techman_robot_msgs/srv/detail/techman_robot_command__type_support_c.cpp.o[0m
[ 51%] [32m[1mLinking CXX shared library libtechman_robot_msgs__rosidl_typesupport_fastrtps_c.so[0m
[ 51%] Built target techman_robot_msgs__rosidl_typesupport_fastrtps_c
[ 54%] [34m[1mGenerating C introspection for ROS interfaces[0m
[35m[1mScanning dependencies of target techman_robot_msgs__rosidl_typesupport_introspection_c[0m
[ 58%] [32mBuilding C object CMakeFiles/techman_robot_msgs__rosidl_typesupport_introspection_c.dir/rosidl_typesupport_introspection_c/techman_robot_msgs/srv/detail/techman_robot_command__type_support.c.o[0m
[ 61%] [32m[1mLinking C shared library libtechman_robot_msgs__rosidl_typesupport_introspection_c.so[0m
[ 61%] Built target techman_robot_msgs__rosidl_typesupport_introspection_c
[ 64%] [34m[1mGenerating C++ introspection for ROS interfaces[0m
[35m[1mScanning dependencies of target techman_robot_msgs__rosidl_typesupport_introspection_cpp[0m
[ 67%] [32mBuilding CXX object CMakeFiles/techman_robot_msgs__rosidl_typesupport_introspection_cpp.dir/rosidl_typesupport_introspection_cpp/techman_robot_msgs/srv/detail/techman_robot_command__type_support.cpp.o[0m
[ 70%] [32m[1mLinking CXX shared library libtechman_robot_msgs__rosidl_typesupport_introspection_cpp.so[0m
[ 70%] Built target techman_robot_msgs__rosidl_typesupport_introspection_cpp
[35m[1mScanning dependencies of target techman_robot_msgs[0m
[ 70%] Built target techman_robot_msgs
[35m[1mScanning dependencies of target techman_robot_msgs__py[0m
[ 74%] [34m[1mGenerating Python code for ROS interfaces[0m
[ 74%] Built target techman_robot_msgs__py
[35m[1mScanning dependencies of target techman_robot_msgs__python[0m
[ 77%] [32mBuilding C object CMakeFiles/techman_robot_msgs__python.dir/rosidl_generator_py/techman_robot_msgs/srv/_techman_robot_command_s.c.o[0m
[ 80%] [32m[1mLinking C shared library rosidl_generator_py/techman_robot_msgs/libtechman_robot_msgs__python.so[0m
[ 80%] Built target techman_robot_msgs__python
[35m[1mScanning dependencies of target techman_robot_msgs__rosidl_typesupport_c__pyext[0m
[ 83%] [32mBuilding C object CMakeFiles/techman_robot_msgs__rosidl_typesupport_c__pyext.dir/rosidl_generator_py/techman_robot_msgs/_techman_robot_msgs_s.ep.rosidl_typesupport_c.c.o[0m
[ 87%] [32m[1mLinking C shared library rosidl_generator_py/techman_robot_msgs/techman_robot_msgs_s__rosidl_typesupport_c.cpython-38-x86_64-linux-gnu.so[0m
[ 87%] Built target techman_robot_msgs__rosidl_typesupport_c__pyext
[35m[1mScanning dependencies of target techman_robot_msgs__rosidl_typesupport_fastrtps_c__pyext[0m
[ 90%] [32mBuilding C object CMakeFiles/techman_robot_msgs__rosidl_typesupport_fastrtps_c__pyext.dir/rosidl_generator_py/techman_robot_msgs/_techman_robot_msgs_s.ep.rosidl_typesupport_fastrtps_c.c.o[0m
[ 93%] [32m[1mLinking CXX shared library rosidl_generator_py/techman_robot_msgs/techman_robot_msgs_s__rosidl_typesupport_fastrtps_c.cpython-38-x86_64-linux-gnu.so[0m
[ 93%] Built target techman_robot_msgs__rosidl_typesupport_fastrtps_c__pyext
[35m[1mScanning dependencies of target techman_robot_msgs__rosidl_typesupport_introspection_c__pyext[0m
[ 96%] [32mBuilding C object CMakeFiles/techman_robot_msgs__rosidl_typesupport_introspection_c__pyext.dir/rosidl_generator_py/techman_robot_msgs/_techman_robot_msgs_s.ep.rosidl_typesupport_introspection_c.c.o[0m
[100%] [32m[1mLinking C shared library rosidl_generator_py/techman_robot_msgs/techman_robot_msgs_s__rosidl_typesupport_introspection_c.cpython-38-x86_64-linux-gnu.so[0m
[100%] Built target techman_robot_msgs__rosidl_typesupport_introspection_c__pyext
-- Install configuration: ""
-- Execute custom install script
-- Symlinking: /home/gy/Omron_TM_ROS2/install/techman_robot_msgs/share/ament_index/resource_index/rosidl_interfaces/techman_robot_msgs
-- Symlinking: /home/gy/Omron_TM_ROS2/install/techman_robot_msgs/include/techman_robot_msgs/msg/rosidl_generator_c__visibility_control.h
-- Symlinking: /home/gy/Omron_TM_ROS2/install/techman_robot_msgs/include/techman_robot_msgs/srv/detail/techman_robot_command__functions.h
-- Symlinking: /home/gy/Omron_TM_ROS2/install/techman_robot_msgs/include/techman_robot_msgs/srv/detail/techman_robot_command__struct.h
-- Symlinking: /home/gy/Omron_TM_ROS2/install/techman_robot_msgs/include/techman_robot_msgs/srv/detail/techman_robot_command__type_support.h
-- Symlinking: /home/gy/Omron_TM_ROS2/install/techman_robot_msgs/include/techman_robot_msgs/srv/techman_robot_command.h
-- Symlinking: /home/gy/Omron_TM_ROS2/install/techman_robot_msgs/share/techman_robot_msgs/environment/library_path.sh
-- Symlinking: /home/gy/Omron_TM_ROS2/install/techman_robot_msgs/share/techman_robot_msgs/environment/library_path.dsv
-- Symlinking: /home/gy/Omron_TM_ROS2/install/techman_robot_msgs/include/techman_robot_msgs/msg/rosidl_typesupport_fastrtps_c__visibility_control.h
-- Symlinking: /home/gy/Omron_TM_ROS2/install/techman_robot_msgs/include/techman_robot_msgs/srv/detail/techman_robot_command__rosidl_typesupport_fastrtps_c.h
-- Symlinking: /home/gy/Omron_TM_ROS2/install/techman_robot_msgs/lib/libtechman_robot_msgs__rosidl_typesupport_fastrtps_c.so
-- Symlinking: /home/gy/Omron_TM_ROS2/install/techman_robot_msgs/include/techman_robot_msgs/msg/rosidl_typesupport_fastrtps_cpp__visibility_control.h
-- Symlinking: /home/gy/Omron_TM_ROS2/install/techman_robot_msgs/include/techman_robot_msgs/srv/detail/techman_robot_command__rosidl_typesupport_fastrtps_cpp.hpp
-- Symlinking: /home/gy/Omron_TM_ROS2/install/techman_robot_msgs/lib/libtechman_robot_msgs__rosidl_typesupport_fastrtps_cpp.so
-- Symlinking: /home/gy/Omron_TM_ROS2/install/techman_robot_msgs/include/techman_robot_msgs/msg/rosidl_typesupport_introspection_c__visibility_control.h
-- Symlinking: /home/gy/Omron_TM_ROS2/install/techman_robot_msgs/include/techman_robot_msgs/srv/detail/techman_robot_command__rosidl_typesupport_introspection_c.h
-- Symlinking: /home/gy/Omron_TM_ROS2/install/techman_robot_msgs/include/techman_robot_msgs/srv/detail/techman_robot_command__builder.hpp
-- Symlinking: /home/gy/Omron_TM_ROS2/install/techman_robot_msgs/include/techman_robot_msgs/srv/detail/techman_robot_command__struct.hpp
-- Symlinking: /home/gy/Omron_TM_ROS2/install/techman_robot_msgs/include/techman_robot_msgs/srv/detail/techman_robot_command__traits.hpp
-- Symlinking: /home/gy/Omron_TM_ROS2/install/techman_robot_msgs/include/techman_robot_msgs/srv/techman_robot_command.hpp
-- Symlinking: /home/gy/Omron_TM_ROS2/install/techman_robot_msgs/include/techman_robot_msgs/srv/detail/techman_robot_command__rosidl_typesupport_introspection_cpp.hpp
-- Symlinking: /home/gy/Omron_TM_ROS2/install/techman_robot_msgs/share/techman_robot_msgs/environment/pythonpath.sh
-- Symlinking: /home/gy/Omron_TM_ROS2/install/techman_robot_msgs/share/techman_robot_msgs/environment/pythonpath.dsv
-- Symlinking: /home/gy/Omron_TM_ROS2/install/techman_robot_msgs/lib/python3.8/site-packages/techman_robot_msgs/__init__.py
-- Symlinking: /home/gy/Omron_TM_ROS2/install/techman_robot_msgs/lib/python3.8/site-packages/techman_robot_msgs/srv/__init__.py
-- Symlinking: /home/gy/Omron_TM_ROS2/install/techman_robot_msgs/lib/python3.8/site-packages/techman_robot_msgs/srv/_techman_robot_command.py
-- Symlinking: /home/gy/Omron_TM_ROS2/install/techman_robot_msgs/lib/python3.8/site-packages/techman_robot_msgs/techman_robot_msgs_s__rosidl_typesupport_fastrtps_c.cpython-38-x86_64-linux-gnu.so
-- Symlinking: /home/gy/Omron_TM_ROS2/install/techman_robot_msgs/lib/python3.8/site-packages/techman_robot_msgs/techman_robot_msgs_s__rosidl_typesupport_introspection_c.cpython-38-x86_64-linux-gnu.so
-- Symlinking: /home/gy/Omron_TM_ROS2/install/techman_robot_msgs/lib/python3.8/site-packages/techman_robot_msgs/techman_robot_msgs_s__rosidl_typesupport_c.cpython-38-x86_64-linux-gnu.so
-- Symlinking: /home/gy/Omron_TM_ROS2/install/techman_robot_msgs/lib/libtechman_robot_msgs__python.so
-- Symlinking: /home/gy/Omron_TM_ROS2/install/techman_robot_msgs/share/techman_robot_msgs/srv/TechmanRobotCommand.idl
-- Symlinking: /home/gy/Omron_TM_ROS2/install/techman_robot_msgs/share/techman_robot_msgs/srv/TechmanRobotCommand.srv
-- Symlinking: /home/gy/Omron_TM_ROS2/install/techman_robot_msgs/share/techman_robot_msgs/srv/TechmanRobotCommand_Request.msg
-- Symlinking: /home/gy/Omron_TM_ROS2/install/techman_robot_msgs/share/techman_robot_msgs/srv/TechmanRobotCommand_Response.msg
-- Symlinking: /home/gy/Omron_TM_ROS2/install/techman_robot_msgs/share/ament_index/resource_index/package_run_dependencies/techman_robot_msgs
-- Symlinking: /home/gy/Omron_TM_ROS2/install/techman_robot_msgs/share/ament_index/resource_index/parent_prefix_path/techman_robot_msgs
-- Symlinking: /home/gy/Omron_TM_ROS2/install/techman_robot_msgs/share/techman_robot_msgs/environment/ament_prefix_path.sh
-- Symlinking: /home/gy/Omron_TM_ROS2/install/techman_robot_msgs/share/techman_robot_msgs/environment/ament_prefix_path.dsv
-- Symlinking: /home/gy/Omron_TM_ROS2/install/techman_robot_msgs/share/techman_robot_msgs/environment/path.sh
-- Symlinking: /home/gy/Omron_TM_ROS2/install/techman_robot_msgs/share/techman_robot_msgs/environment/path.dsv
-- Symlinking: /home/gy/Omron_TM_ROS2/install/techman_robot_msgs/share/techman_robot_msgs/local_setup.bash
-- Symlinking: /home/gy/Omron_TM_ROS2/install/techman_robot_msgs/share/techman_robot_msgs/local_setup.sh
-- Symlinking: /home/gy/Omron_TM_ROS2/install/techman_robot_msgs/share/techman_robot_msgs/local_setup.zsh
-- Symlinking: /home/gy/Omron_TM_ROS2/install/techman_robot_msgs/share/techman_robot_msgs/local_setup.dsv
-- Symlinking: /home/gy/Omron_TM_ROS2/install/techman_robot_msgs/share/techman_robot_msgs/package.dsv
-- Symlinking: /home/gy/Omron_TM_ROS2/install/techman_robot_msgs/share/ament_index/resource_index/packages/techman_robot_msgs
-- Symlinking: /home/gy/Omron_TM_ROS2/install/techman_robot_msgs/share/techman_robot_msgs/cmake/rosidl_cmake-extras.cmake
-- Symlinking: /home/gy/Omron_TM_ROS2/install/techman_robot_msgs/share/techman_robot_msgs/cmake/ament_cmake_export_dependencies-extras.cmake
-- Symlinking: /home/gy/Omron_TM_ROS2/install/techman_robot_msgs/share/techman_robot_msgs/cmake/ament_cmake_export_libraries-extras.cmake
-- Symlinking: /home/gy/Omron_TM_ROS2/install/techman_robot_msgs/share/techman_robot_msgs/cmake/ament_cmake_export_targets-extras.cmake
-- Symlinking: /home/gy/Omron_TM_ROS2/install/techman_robot_msgs/share/techman_robot_msgs/cmake/ament_cmake_export_include_directories-extras.cmake
-- Symlinking: /home/gy/Omron_TM_ROS2/install/techman_robot_msgs/share/techman_robot_msgs/cmake/rosidl_cmake_export_typesupport_libraries-extras.cmake
-- Symlinking: /home/gy/Omron_TM_ROS2/install/techman_robot_msgs/share/techman_robot_msgs/cmake/rosidl_cmake_export_typesupport_targets-extras.cmake
-- Symlinking: /home/gy/Omron_TM_ROS2/install/techman_robot_msgs/share/techman_robot_msgs/cmake/techman_robot_msgsConfig.cmake
-- Symlinking: /home/gy/Omron_TM_ROS2/install/techman_robot_msgs/share/techman_robot_msgs/cmake/techman_robot_msgsConfig-version.cmake
-- Symlinking: /home/gy/Omron_TM_ROS2/install/techman_robot_msgs/share/techman_robot_msgs/package.xml
-- Installing: /home/gy/Omron_TM_ROS2/install/techman_robot_msgs/lib/libtechman_robot_msgs__rosidl_generator_c.so
-- Set runtime path of "/home/gy/Omron_TM_ROS2/install/techman_robot_msgs/lib/libtechman_robot_msgs__rosidl_generator_c.so" to ""
-- Installing: /home/gy/Omron_TM_ROS2/install/techman_robot_msgs/lib/libtechman_robot_msgs__rosidl_typesupport_introspection_c.so
-- Set runtime path of "/home/gy/Omron_TM_ROS2/install/techman_robot_msgs/lib/libtechman_robot_msgs__rosidl_typesupport_introspection_c.so" to ""
-- Installing: /home/gy/Omron_TM_ROS2/install/techman_robot_msgs/lib/libtechman_robot_msgs__rosidl_typesupport_c.so
-- Set runtime path of "/home/gy/Omron_TM_ROS2/install/techman_robot_msgs/lib/libtechman_robot_msgs__rosidl_typesupport_c.so" to ""
-- Installing: /home/gy/Omron_TM_ROS2/install/techman_robot_msgs/lib/libtechman_robot_msgs__rosidl_typesupport_introspection_cpp.so
-- Set runtime path of "/home/gy/Omron_TM_ROS2/install/techman_robot_msgs/lib/libtechman_robot_msgs__rosidl_typesupport_introspection_cpp.so" to ""
-- Installing: /home/gy/Omron_TM_ROS2/install/techman_robot_msgs/lib/libtechman_robot_msgs__rosidl_typesupport_cpp.so
-- Set runtime path of "/home/gy/Omron_TM_ROS2/install/techman_robot_msgs/lib/libtechman_robot_msgs__rosidl_typesupport_cpp.so" to ""
Compiling '/home/gy/Omron_TM_ROS2/install/techman_robot_msgs/lib/python3.8/site-packages/techman_robot_msgs/__init__.py'...
-- Installing: /home/gy/Omron_TM_ROS2/install/techman_robot_msgs/share/techman_robot_msgs/cmake/techman_robot_msgs__rosidl_generator_cExport.cmake
-- Installing: /home/gy/Omron_TM_ROS2/install/techman_robot_msgs/share/techman_robot_msgs/cmake/techman_robot_msgs__rosidl_generator_cExport-noconfig.cmake
-- Installing: /home/gy/Omron_TM_ROS2/install/techman_robot_msgs/share/techman_robot_msgs/cmake/techman_robot_msgs__rosidl_typesupport_introspection_cExport.cmake
-- Installing: /home/gy/Omron_TM_ROS2/install/techman_robot_msgs/share/techman_robot_msgs/cmake/techman_robot_msgs__rosidl_typesupport_introspection_cExport-noconfig.cmake
-- Installing: /home/gy/Omron_TM_ROS2/install/techman_robot_msgs/share/techman_robot_msgs/cmake/techman_robot_msgs__rosidl_typesupport_cExport.cmake
-- Installing: /home/gy/Omron_TM_ROS2/install/techman_robot_msgs/share/techman_robot_msgs/cmake/techman_robot_msgs__rosidl_typesupport_cExport-noconfig.cmake
-- Installing: /home/gy/Omron_TM_ROS2/install/techman_robot_msgs/share/techman_robot_msgs/cmake/techman_robot_msgs__rosidl_generator_cppExport.cmake
-- Installing: /home/gy/Omron_TM_ROS2/install/techman_robot_msgs/share/techman_robot_msgs/cmake/techman_robot_msgs__rosidl_typesupport_introspection_cppExport.cmake
-- Installing: /home/gy/Omron_TM_ROS2/install/techman_robot_msgs/share/techman_robot_msgs/cmake/techman_robot_msgs__rosidl_typesupport_introspection_cppExport-noconfig.cmake
-- Installing: /home/gy/Omron_TM_ROS2/install/techman_robot_msgs/share/techman_robot_msgs/cmake/techman_robot_msgs__rosidl_typesupport_cppExport.cmake
-- Installing: /home/gy/Omron_TM_ROS2/install/techman_robot_msgs/share/techman_robot_msgs/cmake/techman_robot_msgs__rosidl_typesupport_cppExport-noconfig.cmake
