[0.061s] Invoking command in '/home/gy/Omron_TM_ROS2/build/tmrlib': CMAKE_PREFIX_PATH=${CMAKE_PREFIX_PATH}:/home/gy/Omron_TM_ROS2/install/tmr_mod_urdf:/home/gy/Omron_TM_ROS2/install/tm_get_status:/home/gy/Omron_TM_ROS2/install/rviz_tm:/home/gy/Omron_TM_ROS2/install/pickplace:/opt/ros/foxy /usr/bin/cmake /home/gy/Omron_TM_ROS2/tmrlib -DCMAKE_INSTALL_PREFIX=/home/gy/Omron_TM_ROS2/install/tmrlib
[0.342s] -- The C compiler identification is GNU 9.3.0
[0.571s] -- The CXX compiler identification is GNU 9.3.0
[0.595s] -- Check for working C compiler: /usr/bin/cc
[0.783s] -- Check for working C compiler: /usr/bin/cc -- works
[0.785s] -- Detecting C compiler ABI info
[1.061s] -- Detecting C compiler ABI info - done
[1.146s] -- Detecting C compile features
[1.147s] -- Detecting C compile features - done
[1.167s] -- Check for working CXX compiler: /usr/bin/c++
[1.458s] -- Check for working CXX compiler: /usr/bin/c++ -- works
[1.460s] -- Detecting CXX compiler ABI info
[1.748s] -- Detecting CXX compiler ABI info - done
[1.803s] -- Detecting CXX compile features
[1.808s] -- Detecting CXX compile features - done
[1.821s] -- Found ament_cmake: 0.9.8 (/opt/ros/foxy/share/ament_cmake/cmake)
[1.892s] -- Found PythonInterp: /usr/bin/python3 (found suitable version "3.8.5", minimum required is "3") 
[1.892s] -- Using PYTHON_EXECUTABLE: /usr/bin/python3
[2.524s] -- Found rclcpp: 2.3.1 (/opt/ros/foxy/share/rclcpp/cmake)
[2.642s] -- Using all available rosidl_typesupport_c: rosidl_typesupport_fastrtps_c;rosidl_typesupport_introspection_c
[2.658s] -- Found rosidl_adapter: 1.2.1 (/opt/ros/foxy/share/rosidl_adapter/cmake)
[3.040s] -- Found OpenSSL: /usr/lib/x86_64-linux-gnu/libcrypto.so (found version "1.1.1f")  
[3.177s] -- Found FastRTPS: /opt/ros/foxy/include  
[3.579s] -- Using all available rosidl_typesupport_cpp: rosidl_typesupport_fastrtps_cpp;rosidl_typesupport_introspection_cpp
[3.895s] -- Found rmw_implementation_cmake: 1.0.3 (/opt/ros/foxy/share/rmw_implementation_cmake/cmake)
[3.909s] -- Using RMW implementation 'rmw_fastrtps_cpp' as default
[3.914s] -- Looking for pthread.h
[4.195s] -- Looking for pthread.h - found
[4.196s] -- Performing Test CMAKE_HAVE_LIBC_PTHREAD
[4.489s] -- Performing Test CMAKE_HAVE_LIBC_PTHREAD - Failed
[4.489s] -- Looking for pthread_create in pthreads
[4.730s] -- Looking for pthread_create in pthreads - not found
[4.730s] -- Looking for pthread_create in pthread
[4.983s] -- Looking for pthread_create in pthread - found
[4.991s] -- Found Threads: TRUE  
[5.768s] -- Found ament_lint_auto: 0.9.6 (/opt/ros/foxy/share/ament_lint_auto/cmake)
[6.069s] -- Added test 'copyright' to check source files copyright and LICENSE
[6.072s] -- Added test 'cppcheck' to perform static code analysis on C / C++ code
[6.073s] -- Configured cppcheck include dirs: /home/gy/Omron_TM_ROS2/tmrlib/include
[6.073s] -- Configured cppcheck exclude dirs and/or files: 
[6.084s] -- Added test 'cpplint' to check C / C++ code against the Google style
[6.084s] -- Configured cpplint exclude dirs and/or files: 
[6.086s] -- Added test 'lint_cmake' to check CMake code style
[6.092s] -- Added test 'uncrustify' to check C / C++ code style
[6.092s] -- Configured uncrustify additional arguments: 
[6.094s] -- Added test 'xmllint' to check XML markup files
[6.120s] -- Configuring done
[6.151s] -- Generating done
[6.155s] -- Build files have been written to: /home/gy/Omron_TM_ROS2/build/tmrlib
[6.167s] Invoked command in '/home/gy/Omron_TM_ROS2/build/tmrlib' returned '0': CMAKE_PREFIX_PATH=${CMAKE_PREFIX_PATH}:/home/gy/Omron_TM_ROS2/install/tmr_mod_urdf:/home/gy/Omron_TM_ROS2/install/tm_get_status:/home/gy/Omron_TM_ROS2/install/rviz_tm:/home/gy/Omron_TM_ROS2/install/pickplace:/opt/ros/foxy /usr/bin/cmake /home/gy/Omron_TM_ROS2/tmrlib -DCMAKE_INSTALL_PREFIX=/home/gy/Omron_TM_ROS2/install/tmrlib
[6.169s] Invoking command in '/home/gy/Omron_TM_ROS2/build/tmrlib': CMAKE_PREFIX_PATH=${CMAKE_PREFIX_PATH}:/home/gy/Omron_TM_ROS2/install/tmr_mod_urdf:/home/gy/Omron_TM_ROS2/install/tm_get_status:/home/gy/Omron_TM_ROS2/install/rviz_tm:/home/gy/Omron_TM_ROS2/install/pickplace:/opt/ros/foxy /usr/bin/cmake --build /home/gy/Omron_TM_ROS2/build/tmrlib -- -j3 -l3
[6.351s] [35m[1mScanning dependencies of target tmrdriver[0m
[6.412s] [ 12%] [32mBuilding CXX object CMakeFiles/tmrdriver.dir/src/tmr_driver.cpp.o[0m
[8.071s] [ 25%] [32mBuilding CXX object CMakeFiles/tmrdriver.dir/src/tmr_tmsct_communication.cpp.o[0m
[10.136s] [ 37%] [32mBuilding CXX object CMakeFiles/tmrdriver.dir/src/tmr_tmsvr_communication.cpp.o[0m
[12.357s] [ 50%] [32mBuilding CXX object CMakeFiles/tmrdriver.dir/src/tmr_communication.cpp.o[0m
[14.372s] [ 62%] [32mBuilding CXX object CMakeFiles/tmrdriver.dir/src/tmr_robot_state.cpp.o[0m
[17.716s] [ 75%] [32mBuilding CXX object CMakeFiles/tmrdriver.dir/src/tmr_tmpacket.cpp.o[0m
[19.705s] [ 87%] [32mBuilding CXX object CMakeFiles/tmrdriver.dir/src/tmr_command.cpp.o[0m
[21.397s] [100%] [32m[1mLinking CXX static library libtmrdriver.a[0m
[21.627s] [100%] Built target tmrdriver
[21.665s] Invoked command in '/home/gy/Omron_TM_ROS2/build/tmrlib' returned '0': CMAKE_PREFIX_PATH=${CMAKE_PREFIX_PATH}:/home/gy/Omron_TM_ROS2/install/tmr_mod_urdf:/home/gy/Omron_TM_ROS2/install/tm_get_status:/home/gy/Omron_TM_ROS2/install/rviz_tm:/home/gy/Omron_TM_ROS2/install/pickplace:/opt/ros/foxy /usr/bin/cmake --build /home/gy/Omron_TM_ROS2/build/tmrlib -- -j3 -l3
[21.842s] Invoking command in '/home/gy/Omron_TM_ROS2/build/tmrlib': CMAKE_PREFIX_PATH=${CMAKE_PREFIX_PATH}:/home/gy/Omron_TM_ROS2/install/tmr_mod_urdf:/home/gy/Omron_TM_ROS2/install/tm_get_status:/home/gy/Omron_TM_ROS2/install/rviz_tm:/home/gy/Omron_TM_ROS2/install/pickplace:/opt/ros/foxy /usr/bin/cmake --install /home/gy/Omron_TM_ROS2/build/tmrlib
[21.860s] -- Install configuration: ""
[21.862s] -- Installing: /home/gy/Omron_TM_ROS2/install/tmrlib/share/tmrlib/environment/library_path.sh
[21.866s] -- Installing: /home/gy/Omron_TM_ROS2/install/tmrlib/share/tmrlib/environment/library_path.dsv
[21.867s] -- Installing: /home/gy/Omron_TM_ROS2/install/tmrlib/include
[21.867s] -- Installing: /home/gy/Omron_TM_ROS2/install/tmrlib/include/tmr
[21.867s] -- Installing: /home/gy/Omron_TM_ROS2/install/tmrlib/include/tmr/tmr_communication.h
[21.868s] -- Installing: /home/gy/Omron_TM_ROS2/install/tmrlib/include/tmr/tmr_tmpacket.h
[21.868s] -- Installing: /home/gy/Omron_TM_ROS2/install/tmrlib/include/tmr/tmr_print.h
[21.869s] -- Installing: /home/gy/Omron_TM_ROS2/install/tmrlib/include/tmr/tmr_robot_state.h
[21.869s] -- Installing: /home/gy/Omron_TM_ROS2/install/tmrlib/include/tmr/tmr_tmsct_communication.h
[21.869s] -- Installing: /home/gy/Omron_TM_ROS2/install/tmrlib/include/tmr/tmr_command.h
[21.873s] -- Installing: /home/gy/Omron_TM_ROS2/install/tmrlib/include/tmr/tmr_tmsvr_communication.h
[21.873s] -- Installing: /home/gy/Omron_TM_ROS2/install/tmrlib/include/tmr/tmr_data_table.h
[21.874s] -- Installing: /home/gy/Omron_TM_ROS2/install/tmrlib/include/tmr/tmr_driver.h
[21.875s] -- Installing: /home/gy/Omron_TM_ROS2/install/tmrlib/lib/libtmrdriver.a
[21.881s] -- Installing: /home/gy/Omron_TM_ROS2/install/tmrlib/share/ament_index/resource_index/package_run_dependencies/tmrlib
[21.881s] -- Installing: /home/gy/Omron_TM_ROS2/install/tmrlib/share/ament_index/resource_index/parent_prefix_path/tmrlib
[21.882s] -- Installing: /home/gy/Omron_TM_ROS2/install/tmrlib/share/tmrlib/environment/ament_prefix_path.sh
[21.882s] -- Installing: /home/gy/Omron_TM_ROS2/install/tmrlib/share/tmrlib/environment/ament_prefix_path.dsv
[21.882s] -- Installing: /home/gy/Omron_TM_ROS2/install/tmrlib/share/tmrlib/environment/path.sh
[21.884s] -- Installing: /home/gy/Omron_TM_ROS2/install/tmrlib/share/tmrlib/environment/path.dsv
[21.884s] -- Installing: /home/gy/Omron_TM_ROS2/install/tmrlib/share/tmrlib/local_setup.bash
[21.886s] -- Installing: /home/gy/Omron_TM_ROS2/install/tmrlib/share/tmrlib/local_setup.sh
[21.886s] -- Installing: /home/gy/Omron_TM_ROS2/install/tmrlib/share/tmrlib/local_setup.zsh
[21.888s] -- Installing: /home/gy/Omron_TM_ROS2/install/tmrlib/share/tmrlib/local_setup.dsv
[21.889s] -- Installing: /home/gy/Omron_TM_ROS2/install/tmrlib/share/tmrlib/package.dsv
[21.889s] -- Installing: /home/gy/Omron_TM_ROS2/install/tmrlib/share/ament_index/resource_index/packages/tmrlib
[21.890s] -- Installing: /home/gy/Omron_TM_ROS2/install/tmrlib/share/tmrlib/cmake/export_tmrdriverExport.cmake
[21.890s] -- Installing: /home/gy/Omron_TM_ROS2/install/tmrlib/share/tmrlib/cmake/export_tmrdriverExport-noconfig.cmake
[21.891s] -- Installing: /home/gy/Omron_TM_ROS2/install/tmrlib/share/tmrlib/cmake/ament_cmake_export_targets-extras.cmake
[21.891s] -- Installing: /home/gy/Omron_TM_ROS2/install/tmrlib/share/tmrlib/cmake/tmrlibConfig.cmake
[21.892s] -- Installing: /home/gy/Omron_TM_ROS2/install/tmrlib/share/tmrlib/cmake/tmrlibConfig-version.cmake
[21.894s] -- Installing: /home/gy/Omron_TM_ROS2/install/tmrlib/share/tmrlib/package.xml
[21.903s] Invoked command in '/home/gy/Omron_TM_ROS2/build/tmrlib' returned '0': CMAKE_PREFIX_PATH=${CMAKE_PREFIX_PATH}:/home/gy/Omron_TM_ROS2/install/tmr_mod_urdf:/home/gy/Omron_TM_ROS2/install/tm_get_status:/home/gy/Omron_TM_ROS2/install/rviz_tm:/home/gy/Omron_TM_ROS2/install/pickplace:/opt/ros/foxy /usr/bin/cmake --install /home/gy/Omron_TM_ROS2/build/tmrlib
