[0.195s] Invoking command in '/home/gy/Omron_TM_ROS2/build/tmr_description': CMAKE_PREFIX_PATH=${CMAKE_PREFIX_PATH}:/home/gy/Omron_TM_ROS2/install/tmr_mod_urdf:/home/gy/Omron_TM_ROS2/install/tm_get_status:/home/gy/Omron_TM_ROS2/install/pickplace:/opt/ros/foxy /usr/bin/cmake /home/gy/Omron_TM_ROS2/tmr_description -DCMAKE_INSTALL_PREFIX=/home/gy/Omron_TM_ROS2/install/tmr_description
[1.804s] -- The C compiler identification is GNU 9.3.0
[2.114s] -- The CXX compiler identification is GNU 9.3.0
[2.176s] -- Check for working C compiler: /usr/bin/cc
[2.367s] -- Check for working C compiler: /usr/bin/cc -- works
[2.397s] -- Detecting C compiler ABI info
[2.654s] -- Detecting C compiler ABI info - done
[2.700s] -- Detecting C compile features
[2.718s] -- Detecting C compile features - done
[2.755s] -- Check for working CXX compiler: /usr/bin/c++
[2.982s] -- Check for working CXX compiler: /usr/bin/c++ -- works
[2.990s] -- Detecting CXX compiler ABI info
[3.198s] -- Detecting CXX compiler ABI info - done
[3.253s] -- Detecting CXX compile features
[3.253s] -- Detecting CXX compile features - done
[3.292s] -- Found ament_cmake: 0.9.8 (/opt/ros/foxy/share/ament_cmake/cmake)
[3.358s] -- Found PythonInterp: /usr/bin/python3 (found suitable version "3.8.5", minimum required is "3") 
[3.358s] -- Using PYTHON_EXECUTABLE: /usr/bin/python3
[4.182s] -- Configuring done
[4.211s] -- Generating done
[4.213s] -- Build files have been written to: /home/gy/Omron_TM_ROS2/build/tmr_description
[4.221s] Invoked command in '/home/gy/Omron_TM_ROS2/build/tmr_description' returned '0': CMAKE_PREFIX_PATH=${CMAKE_PREFIX_PATH}:/home/gy/Omron_TM_ROS2/install/tmr_mod_urdf:/home/gy/Omron_TM_ROS2/install/tm_get_status:/home/gy/Omron_TM_ROS2/install/pickplace:/opt/ros/foxy /usr/bin/cmake /home/gy/Omron_TM_ROS2/tmr_description -DCMAKE_INSTALL_PREFIX=/home/gy/Omron_TM_ROS2/install/tmr_description
[4.224s] Invoking command in '/home/gy/Omron_TM_ROS2/build/tmr_description': CMAKE_PREFIX_PATH=${CMAKE_PREFIX_PATH}:/home/gy/Omron_TM_ROS2/install/tmr_mod_urdf:/home/gy/Omron_TM_ROS2/install/tm_get_status:/home/gy/Omron_TM_ROS2/install/pickplace:/opt/ros/foxy /usr/bin/cmake --build /home/gy/Omron_TM_ROS2/build/tmr_description -- -j3 -l3
[4.345s] Invoked command in '/home/gy/Omron_TM_ROS2/build/tmr_description' returned '0': CMAKE_PREFIX_PATH=${CMAKE_PREFIX_PATH}:/home/gy/Omron_TM_ROS2/install/tmr_mod_urdf:/home/gy/Omron_TM_ROS2/install/tm_get_status:/home/gy/Omron_TM_ROS2/install/pickplace:/opt/ros/foxy /usr/bin/cmake --build /home/gy/Omron_TM_ROS2/build/tmr_description -- -j3 -l3
[4.398s] Invoking command in '/home/gy/Omron_TM_ROS2/build/tmr_description': CMAKE_PREFIX_PATH=${CMAKE_PREFIX_PATH}:/home/gy/Omron_TM_ROS2/install/tmr_mod_urdf:/home/gy/Omron_TM_ROS2/install/tm_get_status:/home/gy/Omron_TM_ROS2/install/pickplace:/opt/ros/foxy /usr/bin/cmake --install /home/gy/Omron_TM_ROS2/build/tmr_description
[4.418s] -- Install configuration: ""
[4.418s] -- Up-to-date: /home/gy/Omron_TM_ROS2/install/tmr_description/share/ament_index/resource_index/package_run_dependencies/tmr_description
[4.422s] -- Installing: /home/gy/Omron_TM_ROS2/install/tmr_description/share/ament_index/resource_index/parent_prefix_path/tmr_description
[4.422s] -- Up-to-date: /home/gy/Omron_TM_ROS2/install/tmr_description/share/tmr_description/environment/ament_prefix_path.sh
[4.422s] -- Installing: /home/gy/Omron_TM_ROS2/install/tmr_description/share/tmr_description/environment/ament_prefix_path.dsv
[4.422s] -- Up-to-date: /home/gy/Omron_TM_ROS2/install/tmr_description/share/tmr_description/environment/path.sh
[4.422s] -- Installing: /home/gy/Omron_TM_ROS2/install/tmr_description/share/tmr_description/environment/path.dsv
[4.423s] -- Up-to-date: /home/gy/Omron_TM_ROS2/install/tmr_description/share/tmr_description/local_setup.bash
[4.423s] -- Installing: /home/gy/Omron_TM_ROS2/install/tmr_description/share/tmr_description/local_setup.sh
[4.423s] -- Up-to-date: /home/gy/Omron_TM_ROS2/install/tmr_description/share/tmr_description/local_setup.zsh
[4.423s] -- Installing: /home/gy/Omron_TM_ROS2/install/tmr_description/share/tmr_description/local_setup.dsv
[4.424s] -- Installing: /home/gy/Omron_TM_ROS2/install/tmr_description/share/tmr_description/package.dsv
[4.424s] -- Up-to-date: /home/gy/Omron_TM_ROS2/install/tmr_description/share/ament_index/resource_index/packages/tmr_description
[4.424s] -- Up-to-date: /home/gy/Omron_TM_ROS2/install/tmr_description/share/tmr_description/cmake/tmr_descriptionConfig.cmake
[4.424s] -- Up-to-date: /home/gy/Omron_TM_ROS2/install/tmr_description/share/tmr_description/cmake/tmr_descriptionConfig-version.cmake
[4.424s] -- Up-to-date: /home/gy/Omron_TM_ROS2/install/tmr_description/share/tmr_description/package.xml
[4.424s] -- Up-to-date: /home/gy/Omron_TM_ROS2/install/tmr_description/share/tmr_description/meshes
[4.425s] -- Up-to-date: /home/gy/Omron_TM_ROS2/install/tmr_description/share/tmr_description/meshes/tm5-900
[4.425s] -- Up-to-date: /home/gy/Omron_TM_ROS2/install/tmr_description/share/tmr_description/meshes/tm5-900/visual
[4.425s] -- Up-to-date: /home/gy/Omron_TM_ROS2/install/tmr_description/share/tmr_description/meshes/tm5-900/visual/tm5-900_arm2.mtl
[4.425s] -- Up-to-date: /home/gy/Omron_TM_ROS2/install/tmr_description/share/tmr_description/meshes/tm5-900/visual/tmr_ee.obj
[4.425s] -- Up-to-date: /home/gy/Omron_TM_ROS2/install/tmr_description/share/tmr_description/meshes/tm5-900/visual/tm5_base.obj
[4.425s] -- Up-to-date: /home/gy/Omron_TM_ROS2/install/tmr_description/share/tmr_description/meshes/tm5-900/visual/tmr_400w_01.stl
[4.425s] -- Up-to-date: /home/gy/Omron_TM_ROS2/install/tmr_description/share/tmr_description/meshes/tm5-900/visual/tm5-900_arm2.obj
[4.426s] -- Up-to-date: /home/gy/Omron_TM_ROS2/install/tmr_description/share/tmr_description/meshes/tm5-900/visual/tm5_base.mtl
[4.426s] -- Up-to-date: /home/gy/Omron_TM_ROS2/install/tmr_description/share/tmr_description/meshes/tm5-900/visual/tmr_100w_01.obj
[4.426s] -- Up-to-date: /home/gy/Omron_TM_ROS2/install/tmr_description/share/tmr_description/meshes/tm5-900/visual/tm5-900_arm1.mtl
[4.426s] -- Up-to-date: /home/gy/Omron_TM_ROS2/install/tmr_description/share/tmr_description/meshes/tm5-900/visual/tmr_100w_02.obj
[4.426s] -- Up-to-date: /home/gy/Omron_TM_ROS2/install/tmr_description/share/tmr_description/meshes/tm5-900/visual/tm5_base.stl
[4.427s] -- Up-to-date: /home/gy/Omron_TM_ROS2/install/tmr_description/share/tmr_description/meshes/tm5-900/visual/tmr_100w_01.mtl
[4.427s] -- Up-to-date: /home/gy/Omron_TM_ROS2/install/tmr_description/share/tmr_description/meshes/tm5-900/visual/tmr_400w_01.obj
[4.428s] -- Up-to-date: /home/gy/Omron_TM_ROS2/install/tmr_description/share/tmr_description/meshes/tm5-900/visual/tmr_100w_01.stl
[4.428s] -- Up-to-date: /home/gy/Omron_TM_ROS2/install/tmr_description/share/tmr_description/meshes/tm5-900/visual/tmr_ee.stl
[4.428s] -- Up-to-date: /home/gy/Omron_TM_ROS2/install/tmr_description/share/tmr_description/meshes/tm5-900/visual/tm5-900_arm2.stl
[4.428s] -- Up-to-date: /home/gy/Omron_TM_ROS2/install/tmr_description/share/tmr_description/meshes/tm5-900/visual/tmr_400w_01.mtl
[4.428s] -- Up-to-date: /home/gy/Omron_TM_ROS2/install/tmr_description/share/tmr_description/meshes/tm5-900/visual/tmr_100w_02.stl
[4.428s] -- Up-to-date: /home/gy/Omron_TM_ROS2/install/tmr_description/share/tmr_description/meshes/tm5-900/visual/tm5_base_old.obj
[4.429s] -- Up-to-date: /home/gy/Omron_TM_ROS2/install/tmr_description/share/tmr_description/meshes/tm5-900/visual/tm5_base_old.mtl
[4.433s] -- Up-to-date: /home/gy/Omron_TM_ROS2/install/tmr_description/share/tmr_description/meshes/tm5-900/visual/tmr_ee.mtl
[4.433s] -- Up-to-date: /home/gy/Omron_TM_ROS2/install/tmr_description/share/tmr_description/meshes/tm5-900/visual/tm5-900_arm1.stl
[4.433s] -- Up-to-date: /home/gy/Omron_TM_ROS2/install/tmr_description/share/tmr_description/meshes/tm5-900/visual/tmr_100w_02.mtl
[4.433s] -- Up-to-date: /home/gy/Omron_TM_ROS2/install/tmr_description/share/tmr_description/meshes/tm5-900/visual/tm5-900_arm1.obj
[4.433s] -- Up-to-date: /home/gy/Omron_TM_ROS2/install/tmr_description/share/tmr_description/meshes/tm5-900/collision
[4.433s] -- Up-to-date: /home/gy/Omron_TM_ROS2/install/tmr_description/share/tmr_description/meshes/tm5-900/collision/tm5-900_arm2_c.stl
[4.434s] -- Up-to-date: /home/gy/Omron_TM_ROS2/install/tmr_description/share/tmr_description/meshes/tm5-900/collision/tm5_base_c.stl
[4.434s] -- Up-to-date: /home/gy/Omron_TM_ROS2/install/tmr_description/share/tmr_description/meshes/tm5-900/collision/tmr_ee_c.stl
[4.434s] -- Up-to-date: /home/gy/Omron_TM_ROS2/install/tmr_description/share/tmr_description/meshes/tm5-900/collision/tmr_100w_01_c.stl
[4.434s] -- Up-to-date: /home/gy/Omron_TM_ROS2/install/tmr_description/share/tmr_description/meshes/tm5-900/collision/tm5-900_arm1_c.stl
[4.434s] -- Up-to-date: /home/gy/Omron_TM_ROS2/install/tmr_description/share/tmr_description/meshes/tm5-900/collision/tmr_400w_01_c.stl
[4.434s] -- Up-to-date: /home/gy/Omron_TM_ROS2/install/tmr_description/share/tmr_description/meshes/tm5-900/collision/tmr_100w_02_c.stl
[4.434s] -- Up-to-date: /home/gy/Omron_TM_ROS2/install/tmr_description/share/tmr_description/urdf
[4.435s] -- Up-to-date: /home/gy/Omron_TM_ROS2/install/tmr_description/share/tmr_description/urdf/tm5-900.urdf
[4.435s] -- Up-to-date: /home/gy/Omron_TM_ROS2/install/tmr_description/share/tmr_description/xacro
[4.435s] -- Up-to-date: /home/gy/Omron_TM_ROS2/install/tmr_description/share/tmr_description/xacro/macro.inertial.xacro
[4.435s] -- Up-to-date: /home/gy/Omron_TM_ROS2/install/tmr_description/share/tmr_description/xacro/tm5-900.urdf.xacro
[4.435s] -- Up-to-date: /home/gy/Omron_TM_ROS2/install/tmr_description/share/tmr_description/xacro/macro.materials.xacro
[4.435s] -- Up-to-date: /home/gy/Omron_TM_ROS2/install/tmr_description/share/tmr_description/xacro/macro.gazebo.xacro
[4.436s] -- Up-to-date: /home/gy/Omron_TM_ROS2/install/tmr_description/share/tmr_description/xacro/macro.tm5-900.urdf.xacro
[4.436s] -- Up-to-date: /home/gy/Omron_TM_ROS2/install/tmr_description/share/tmr_description/xacro/macro.transmission.xacro
[4.436s] -- Up-to-date: /home/gy/Omron_TM_ROS2/install/tmr_description/share/tmr_description/xacro/gripper
[4.436s] -- Up-to-date: /home/gy/Omron_TM_ROS2/install/tmr_description/share/tmr_description/xacro/gripper/robotiq_85_gripper.urdf.xacro
[4.436s] -- Up-to-date: /home/gy/Omron_TM_ROS2/install/tmr_description/share/tmr_description/xacro/gripper/robotiq_85_gripper.xacro
[4.436s] -- Up-to-date: /home/gy/Omron_TM_ROS2/install/tmr_description/share/tmr_description/xacro/gripper/robotiq_85_gripper_sim_base.urdf.xacro
[4.436s] -- Up-to-date: /home/gy/Omron_TM_ROS2/install/tmr_description/share/tmr_description/xacro/gripper/robotiq_85_gripper.transmission.xacro
[4.436s] -- Up-to-date: /home/gy/Omron_TM_ROS2/install/tmr_description/share/tmr_description/xacro/gripper/robotiq_2f.urdf.xacro
[4.444s] Invoked command in '/home/gy/Omron_TM_ROS2/build/tmr_description' returned '0': CMAKE_PREFIX_PATH=${CMAKE_PREFIX_PATH}:/home/gy/Omron_TM_ROS2/install/tmr_mod_urdf:/home/gy/Omron_TM_ROS2/install/tm_get_status:/home/gy/Omron_TM_ROS2/install/pickplace:/opt/ros/foxy /usr/bin/cmake --install /home/gy/Omron_TM_ROS2/build/tmr_description
