running egg_info
writing ../build/pickplace/pickplace.egg-info/PKG-INFO
writing dependency_links to ../build/pickplace/pickplace.egg-info/dependency_links.txt
writing entry points to ../build/pickplace/pickplace.egg-info/entry_points.txt
writing requirements to ../build/pickplace/pickplace.egg-info/requires.txt
writing top-level names to ../build/pickplace/pickplace.egg-info/top_level.txt
reading manifest file '../build/pickplace/pickplace.egg-info/SOURCES.txt'
writing manifest file '../build/pickplace/pickplace.egg-info/SOURCES.txt'
running build
running build_py
copying pickplace/Modbus.py -> /home/gy/Omron_TM_ROS2/src/build/pickplace/build/lib/pickplace
copying pickplace/Script.py -> /home/gy/Omron_TM_ROS2/src/build/pickplace/build/lib/pickplace
copying pickplace/Transform.py -> /home/gy/Omron_TM_ROS2/src/build/pickplace/build/lib/pickplace
copying pickplace/IO.py -> /home/gy/Omron_TM_ROS2/src/build/pickplace/build/lib/pickplace
copying pickplace/pickplace_program.py -> /home/gy/Omron_TM_ROS2/src/build/pickplace/build/lib/pickplace
copying pickplace/Move.py -> /home/gy/Omron_TM_ROS2/src/build/pickplace/build/lib/pickplace
copying pickplace/Waiter.py -> /home/gy/Omron_TM_ROS2/src/build/pickplace/build/lib/pickplace
copying pickplace/Transform_Bkup.py -> /home/gy/Omron_TM_ROS2/src/build/pickplace/build/lib/pickplace
running install
running install_lib
copying /home/gy/Omron_TM_ROS2/src/build/pickplace/build/lib/pickplace/Modbus.py -> /home/gy/Omron_TM_ROS2/src/install/pickplace/lib/python3.8/site-packages/pickplace
copying /home/gy/Omron_TM_ROS2/src/build/pickplace/build/lib/pickplace/Script.py -> /home/gy/Omron_TM_ROS2/src/install/pickplace/lib/python3.8/site-packages/pickplace
copying /home/gy/Omron_TM_ROS2/src/build/pickplace/build/lib/pickplace/Transform.py -> /home/gy/Omron_TM_ROS2/src/install/pickplace/lib/python3.8/site-packages/pickplace
copying /home/gy/Omron_TM_ROS2/src/build/pickplace/build/lib/pickplace/IO.py -> /home/gy/Omron_TM_ROS2/src/install/pickplace/lib/python3.8/site-packages/pickplace
copying /home/gy/Omron_TM_ROS2/src/build/pickplace/build/lib/pickplace/pickplace_program.py -> /home/gy/Omron_TM_ROS2/src/install/pickplace/lib/python3.8/site-packages/pickplace
copying /home/gy/Omron_TM_ROS2/src/build/pickplace/build/lib/pickplace/Move.py -> /home/gy/Omron_TM_ROS2/src/install/pickplace/lib/python3.8/site-packages/pickplace
copying /home/gy/Omron_TM_ROS2/src/build/pickplace/build/lib/pickplace/Waiter.py -> /home/gy/Omron_TM_ROS2/src/install/pickplace/lib/python3.8/site-packages/pickplace
copying /home/gy/Omron_TM_ROS2/src/build/pickplace/build/lib/pickplace/Transform_Bkup.py -> /home/gy/Omron_TM_ROS2/src/install/pickplace/lib/python3.8/site-packages/pickplace
byte-compiling /home/gy/Omron_TM_ROS2/src/install/pickplace/lib/python3.8/site-packages/pickplace/Modbus.py to Modbus.cpython-38.pyc
byte-compiling /home/gy/Omron_TM_ROS2/src/install/pickplace/lib/python3.8/site-packages/pickplace/Script.py to Script.cpython-38.pyc
byte-compiling /home/gy/Omron_TM_ROS2/src/install/pickplace/lib/python3.8/site-packages/pickplace/Transform.py to Transform.cpython-38.pyc
byte-compiling /home/gy/Omron_TM_ROS2/src/install/pickplace/lib/python3.8/site-packages/pickplace/IO.py to IO.cpython-38.pyc
byte-compiling /home/gy/Omron_TM_ROS2/src/install/pickplace/lib/python3.8/site-packages/pickplace/pickplace_program.py to pickplace_program.cpython-38.pyc
byte-compiling /home/gy/Omron_TM_ROS2/src/install/pickplace/lib/python3.8/site-packages/pickplace/Move.py to Move.cpython-38.pyc
byte-compiling /home/gy/Omron_TM_ROS2/src/install/pickplace/lib/python3.8/site-packages/pickplace/Waiter.py to Waiter.cpython-38.pyc
byte-compiling /home/gy/Omron_TM_ROS2/src/install/pickplace/lib/python3.8/site-packages/pickplace/Transform_Bkup.py to Transform_Bkup.cpython-38.pyc
running install_data
running install_egg_info
removing '/home/gy/Omron_TM_ROS2/src/install/pickplace/lib/python3.8/site-packages/pickplace-0.0.0-py3.8.egg-info' (and everything under it)
Copying ../build/pickplace/pickplace.egg-info to /home/gy/Omron_TM_ROS2/src/install/pickplace/lib/python3.8/site-packages/pickplace-0.0.0-py3.8.egg-info
running install_scripts
Installing initialise script to /home/gy/Omron_TM_ROS2/src/install/pickplace/lib/pickplace
Installing pickplace script to /home/gy/Omron_TM_ROS2/src/install/pickplace/lib/pickplace
writing list of installed files to '/home/gy/Omron_TM_ROS2/src/build/pickplace/install.log'
