[0.470s] Invoking command in '/home/gy/Omron_TM_ROS2/src/pickplace': PYTHONPATH=/home/gy/Omron_TM_ROS2/src/install/pickplace/lib/python3.8/site-packages:${PYTHONPATH} /usr/bin/python3 setup.py egg_info --egg-base ../build/pickplace build --build-base /home/gy/Omron_TM_ROS2/src/build/pickplace/build install --prefix /home/gy/Omron_TM_ROS2/src/install/pickplace --record /home/gy/Omron_TM_ROS2/src/build/pickplace/install.log --single-version-externally-managed
[0.917s] running egg_info
[0.919s] writing ../build/pickplace/pickplace.egg-info/PKG-INFO
[0.919s] writing dependency_links to ../build/pickplace/pickplace.egg-info/dependency_links.txt
[0.919s] writing entry points to ../build/pickplace/pickplace.egg-info/entry_points.txt
[0.919s] writing requirements to ../build/pickplace/pickplace.egg-info/requires.txt
[0.919s] writing top-level names to ../build/pickplace/pickplace.egg-info/top_level.txt
[0.987s] reading manifest file '../build/pickplace/pickplace.egg-info/SOURCES.txt'
[0.989s] writing manifest file '../build/pickplace/pickplace.egg-info/SOURCES.txt'
[0.989s] running build
[0.989s] running build_py
[0.989s] copying pickplace/Modbus.py -> /home/gy/Omron_TM_ROS2/src/build/pickplace/build/lib/pickplace
[0.990s] copying pickplace/Script.py -> /home/gy/Omron_TM_ROS2/src/build/pickplace/build/lib/pickplace
[0.990s] copying pickplace/Transform.py -> /home/gy/Omron_TM_ROS2/src/build/pickplace/build/lib/pickplace
[0.990s] copying pickplace/IO.py -> /home/gy/Omron_TM_ROS2/src/build/pickplace/build/lib/pickplace
[0.990s] copying pickplace/pickplace_program.py -> /home/gy/Omron_TM_ROS2/src/build/pickplace/build/lib/pickplace
[0.990s] copying pickplace/Move.py -> /home/gy/Omron_TM_ROS2/src/build/pickplace/build/lib/pickplace
[0.991s] copying pickplace/Waiter.py -> /home/gy/Omron_TM_ROS2/src/build/pickplace/build/lib/pickplace
[0.991s] copying pickplace/Transform_Bkup.py -> /home/gy/Omron_TM_ROS2/src/build/pickplace/build/lib/pickplace
[0.994s] running install
[0.994s] running install_lib
[0.995s] copying /home/gy/Omron_TM_ROS2/src/build/pickplace/build/lib/pickplace/Modbus.py -> /home/gy/Omron_TM_ROS2/src/install/pickplace/lib/python3.8/site-packages/pickplace
[0.995s] copying /home/gy/Omron_TM_ROS2/src/build/pickplace/build/lib/pickplace/Script.py -> /home/gy/Omron_TM_ROS2/src/install/pickplace/lib/python3.8/site-packages/pickplace
[0.995s] copying /home/gy/Omron_TM_ROS2/src/build/pickplace/build/lib/pickplace/Transform.py -> /home/gy/Omron_TM_ROS2/src/install/pickplace/lib/python3.8/site-packages/pickplace
[0.995s] copying /home/gy/Omron_TM_ROS2/src/build/pickplace/build/lib/pickplace/IO.py -> /home/gy/Omron_TM_ROS2/src/install/pickplace/lib/python3.8/site-packages/pickplace
[0.995s] copying /home/gy/Omron_TM_ROS2/src/build/pickplace/build/lib/pickplace/pickplace_program.py -> /home/gy/Omron_TM_ROS2/src/install/pickplace/lib/python3.8/site-packages/pickplace
[0.995s] copying /home/gy/Omron_TM_ROS2/src/build/pickplace/build/lib/pickplace/Move.py -> /home/gy/Omron_TM_ROS2/src/install/pickplace/lib/python3.8/site-packages/pickplace
[0.996s] copying /home/gy/Omron_TM_ROS2/src/build/pickplace/build/lib/pickplace/Waiter.py -> /home/gy/Omron_TM_ROS2/src/install/pickplace/lib/python3.8/site-packages/pickplace
[0.996s] copying /home/gy/Omron_TM_ROS2/src/build/pickplace/build/lib/pickplace/Transform_Bkup.py -> /home/gy/Omron_TM_ROS2/src/install/pickplace/lib/python3.8/site-packages/pickplace
[0.996s] byte-compiling /home/gy/Omron_TM_ROS2/src/install/pickplace/lib/python3.8/site-packages/pickplace/Modbus.py to Modbus.cpython-38.pyc
[0.999s] byte-compiling /home/gy/Omron_TM_ROS2/src/install/pickplace/lib/python3.8/site-packages/pickplace/Script.py to Script.cpython-38.pyc
[1.000s] byte-compiling /home/gy/Omron_TM_ROS2/src/install/pickplace/lib/python3.8/site-packages/pickplace/Transform.py to Transform.cpython-38.pyc
[1.001s] byte-compiling /home/gy/Omron_TM_ROS2/src/install/pickplace/lib/python3.8/site-packages/pickplace/IO.py to IO.cpython-38.pyc
[1.002s] byte-compiling /home/gy/Omron_TM_ROS2/src/install/pickplace/lib/python3.8/site-packages/pickplace/pickplace_program.py to pickplace_program.cpython-38.pyc
[1.003s] byte-compiling /home/gy/Omron_TM_ROS2/src/install/pickplace/lib/python3.8/site-packages/pickplace/Move.py to Move.cpython-38.pyc
[1.004s] byte-compiling /home/gy/Omron_TM_ROS2/src/install/pickplace/lib/python3.8/site-packages/pickplace/Waiter.py to Waiter.cpython-38.pyc
[1.005s] byte-compiling /home/gy/Omron_TM_ROS2/src/install/pickplace/lib/python3.8/site-packages/pickplace/Transform_Bkup.py to Transform_Bkup.cpython-38.pyc
[1.007s] running install_data
[1.008s] running install_egg_info
[1.012s] removing '/home/gy/Omron_TM_ROS2/src/install/pickplace/lib/python3.8/site-packages/pickplace-0.0.0-py3.8.egg-info' (and everything under it)
[1.012s] Copying ../build/pickplace/pickplace.egg-info to /home/gy/Omron_TM_ROS2/src/install/pickplace/lib/python3.8/site-packages/pickplace-0.0.0-py3.8.egg-info
[1.014s] running install_scripts
[1.049s] Installing initialise script to /home/gy/Omron_TM_ROS2/src/install/pickplace/lib/pickplace
[1.049s] Installing pickplace script to /home/gy/Omron_TM_ROS2/src/install/pickplace/lib/pickplace
[1.050s] writing list of installed files to '/home/gy/Omron_TM_ROS2/src/build/pickplace/install.log'
[1.083s] Invoked command in '/home/gy/Omron_TM_ROS2/src/pickplace' returned '0': PYTHONPATH=/home/gy/Omron_TM_ROS2/src/install/pickplace/lib/python3.8/site-packages:${PYTHONPATH} /usr/bin/python3 setup.py egg_info --egg-base ../build/pickplace build --build-base /home/gy/Omron_TM_ROS2/src/build/pickplace/build install --prefix /home/gy/Omron_TM_ROS2/src/install/pickplace --record /home/gy/Omron_TM_ROS2/src/build/pickplace/install.log --single-version-externally-managed
