[0.058s] Invoking command in '/home/gy/Omron_TM_ROS2/build/tm_msgs': CMAKE_PREFIX_PATH=${CMAKE_PREFIX_PATH}:/home/gy/Omron_TM_ROS2/install/tmr_mod_urdf:/home/gy/Omron_TM_ROS2/install/tm_get_status:/home/gy/Omron_TM_ROS2/install/rviz_tm:/home/gy/Omron_TM_ROS2/install/pickplace:/opt/ros/foxy /usr/bin/cmake --build /home/gy/Omron_TM_ROS2/build/tm_msgs -- -j3 -l3
[0.261s] [ 12%] Built target tm_msgs__rosidl_generator_c
[0.272s] [ 12%] Built target tm_msgs__cpp
[0.404s] [ 24%] Built target tm_msgs__rosidl_typesupport_introspection_c
[0.405s] [ 35%] Built target tm_msgs__rosidl_typesupport_fastrtps_cpp
[0.428s] [ 47%] Built target tm_msgs__rosidl_typesupport_c
[0.496s] [ 59%] Built target tm_msgs__rosidl_typesupport_introspection_cpp
[0.509s] [ 71%] Built target tm_msgs__rosidl_typesupport_cpp
[0.548s] [ 83%] Built target tm_msgs__rosidl_typesupport_fastrtps_c
[0.579s] [ 83%] Built target tm_msgs
[0.618s] [ 84%] Built target tm_msgs__py
[0.722s] [ 95%] Built target tm_msgs__python
[0.858s] [ 96%] Built target tm_msgs__rosidl_typesupport_c__pyext
[0.859s] [ 98%] Built target tm_msgs__rosidl_typesupport_fastrtps_c__pyext
[0.867s] [100%] Built target tm_msgs__rosidl_typesupport_introspection_c__pyext
[0.937s] Invoked command in '/home/gy/Omron_TM_ROS2/build/tm_msgs' returned '0': CMAKE_PREFIX_PATH=${CMAKE_PREFIX_PATH}:/home/gy/Omron_TM_ROS2/install/tmr_mod_urdf:/home/gy/Omron_TM_ROS2/install/tm_get_status:/home/gy/Omron_TM_ROS2/install/rviz_tm:/home/gy/Omron_TM_ROS2/install/pickplace:/opt/ros/foxy /usr/bin/cmake --build /home/gy/Omron_TM_ROS2/build/tm_msgs -- -j3 -l3
[2.035s] Invoking command in '/home/gy/Omron_TM_ROS2/build/tm_msgs': CMAKE_PREFIX_PATH=${CMAKE_PREFIX_PATH}:/home/gy/Omron_TM_ROS2/install/tmr_mod_urdf:/home/gy/Omron_TM_ROS2/install/tm_get_status:/home/gy/Omron_TM_ROS2/install/rviz_tm:/home/gy/Omron_TM_ROS2/install/pickplace:/opt/ros/foxy /usr/bin/cmake --install /home/gy/Omron_TM_ROS2/build/tm_msgs
[2.071s] -- Install configuration: ""
[2.071s] -- Execute custom install script
[2.071s] -- Up-to-date symlink: /home/gy/Omron_TM_ROS2/install/tm_msgs/share/ament_index/resource_index/rosidl_interfaces/tm_msgs
[2.079s] -- Up-to-date symlink: /home/gy/Omron_TM_ROS2/install/tm_msgs/include/tm_msgs/msg/detail/feedback_state__functions.h
[2.079s] -- Up-to-date symlink: /home/gy/Omron_TM_ROS2/install/tm_msgs/include/tm_msgs/msg/detail/feedback_state__struct.h
[2.080s] -- Up-to-date symlink: /home/gy/Omron_TM_ROS2/install/tm_msgs/include/tm_msgs/msg/detail/feedback_state__type_support.h
[2.081s] -- Up-to-date symlink: /home/gy/Omron_TM_ROS2/install/tm_msgs/include/tm_msgs/msg/detail/sct_response__functions.h
[2.082s] -- Up-to-date symlink: /home/gy/Omron_TM_ROS2/install/tm_msgs/include/tm_msgs/msg/detail/sct_response__struct.h
[2.082s] -- Up-to-date symlink: /home/gy/Omron_TM_ROS2/install/tm_msgs/include/tm_msgs/msg/detail/sct_response__type_support.h
[2.084s] -- Up-to-date symlink: /home/gy/Omron_TM_ROS2/install/tm_msgs/include/tm_msgs/msg/detail/sta_response__functions.h
[2.085s] -- Up-to-date symlink: /home/gy/Omron_TM_ROS2/install/tm_msgs/include/tm_msgs/msg/detail/sta_response__struct.h
[2.091s] -- Up-to-date symlink: /home/gy/Omron_TM_ROS2/install/tm_msgs/include/tm_msgs/msg/detail/sta_response__type_support.h
[2.091s] -- Up-to-date symlink: /home/gy/Omron_TM_ROS2/install/tm_msgs/include/tm_msgs/msg/detail/svr_response__functions.h
[2.092s] -- Up-to-date symlink: /home/gy/Omron_TM_ROS2/install/tm_msgs/include/tm_msgs/msg/detail/svr_response__struct.h
[2.094s] -- Up-to-date symlink: /home/gy/Omron_TM_ROS2/install/tm_msgs/include/tm_msgs/msg/detail/svr_response__type_support.h
[2.095s] -- Up-to-date symlink: /home/gy/Omron_TM_ROS2/install/tm_msgs/include/tm_msgs/msg/feedback_state.h
[2.095s] -- Up-to-date symlink: /home/gy/Omron_TM_ROS2/install/tm_msgs/include/tm_msgs/msg/rosidl_generator_c__visibility_control.h
[2.096s] -- Up-to-date symlink: /home/gy/Omron_TM_ROS2/install/tm_msgs/include/tm_msgs/msg/sct_response.h
[2.099s] -- Up-to-date symlink: /home/gy/Omron_TM_ROS2/install/tm_msgs/include/tm_msgs/msg/sta_response.h
[2.099s] -- Up-to-date symlink: /home/gy/Omron_TM_ROS2/install/tm_msgs/include/tm_msgs/msg/svr_response.h
[2.103s] -- Up-to-date symlink: /home/gy/Omron_TM_ROS2/install/tm_msgs/include/tm_msgs/srv/ask_item.h
[2.107s] -- Up-to-date symlink: /home/gy/Omron_TM_ROS2/install/tm_msgs/include/tm_msgs/srv/ask_sta.h
[2.107s] -- Up-to-date symlink: /home/gy/Omron_TM_ROS2/install/tm_msgs/include/tm_msgs/srv/connect_tm.h
[2.108s] -- Up-to-date symlink: /home/gy/Omron_TM_ROS2/install/tm_msgs/include/tm_msgs/srv/detail/ask_item__functions.h
[2.108s] -- Up-to-date symlink: /home/gy/Omron_TM_ROS2/install/tm_msgs/include/tm_msgs/srv/detail/ask_item__struct.h
[2.111s] -- Up-to-date symlink: /home/gy/Omron_TM_ROS2/install/tm_msgs/include/tm_msgs/srv/detail/ask_item__type_support.h
[2.112s] -- Up-to-date symlink: /home/gy/Omron_TM_ROS2/install/tm_msgs/include/tm_msgs/srv/detail/ask_sta__functions.h
[2.112s] -- Up-to-date symlink: /home/gy/Omron_TM_ROS2/install/tm_msgs/include/tm_msgs/srv/detail/ask_sta__struct.h
[2.113s] -- Up-to-date symlink: /home/gy/Omron_TM_ROS2/install/tm_msgs/include/tm_msgs/srv/detail/ask_sta__type_support.h
[2.115s] -- Up-to-date symlink: /home/gy/Omron_TM_ROS2/install/tm_msgs/include/tm_msgs/srv/detail/connect_tm__functions.h
[2.115s] -- Up-to-date symlink: /home/gy/Omron_TM_ROS2/install/tm_msgs/include/tm_msgs/srv/detail/connect_tm__struct.h
[2.116s] -- Up-to-date symlink: /home/gy/Omron_TM_ROS2/install/tm_msgs/include/tm_msgs/srv/detail/connect_tm__type_support.h
[2.116s] -- Up-to-date symlink: /home/gy/Omron_TM_ROS2/install/tm_msgs/include/tm_msgs/srv/detail/send_script__functions.h
[2.117s] -- Up-to-date symlink: /home/gy/Omron_TM_ROS2/install/tm_msgs/include/tm_msgs/srv/detail/send_script__struct.h
[2.119s] -- Up-to-date symlink: /home/gy/Omron_TM_ROS2/install/tm_msgs/include/tm_msgs/srv/detail/send_script__type_support.h
[2.119s] -- Up-to-date symlink: /home/gy/Omron_TM_ROS2/install/tm_msgs/include/tm_msgs/srv/detail/set_event__functions.h
[2.120s] -- Up-to-date symlink: /home/gy/Omron_TM_ROS2/install/tm_msgs/include/tm_msgs/srv/detail/set_event__struct.h
[2.121s] -- Up-to-date symlink: /home/gy/Omron_TM_ROS2/install/tm_msgs/include/tm_msgs/srv/detail/set_event__type_support.h
[2.121s] -- Up-to-date symlink: /home/gy/Omron_TM_ROS2/install/tm_msgs/include/tm_msgs/srv/detail/set_io__functions.h
[2.125s] -- Up-to-date symlink: /home/gy/Omron_TM_ROS2/install/tm_msgs/include/tm_msgs/srv/detail/set_io__struct.h
[2.127s] -- Up-to-date symlink: /home/gy/Omron_TM_ROS2/install/tm_msgs/include/tm_msgs/srv/detail/set_io__type_support.h
[2.128s] -- Up-to-date symlink: /home/gy/Omron_TM_ROS2/install/tm_msgs/include/tm_msgs/srv/detail/set_positions__functions.h
[2.128s] -- Up-to-date symlink: /home/gy/Omron_TM_ROS2/install/tm_msgs/include/tm_msgs/srv/detail/set_positions__struct.h
[2.128s] -- Up-to-date symlink: /home/gy/Omron_TM_ROS2/install/tm_msgs/include/tm_msgs/srv/detail/set_positions__type_support.h
[2.129s] -- Up-to-date symlink: /home/gy/Omron_TM_ROS2/install/tm_msgs/include/tm_msgs/srv/detail/write_item__functions.h
[2.130s] -- Up-to-date symlink: /home/gy/Omron_TM_ROS2/install/tm_msgs/include/tm_msgs/srv/detail/write_item__struct.h
[2.130s] -- Up-to-date symlink: /home/gy/Omron_TM_ROS2/install/tm_msgs/include/tm_msgs/srv/detail/write_item__type_support.h
[2.132s] -- Up-to-date symlink: /home/gy/Omron_TM_ROS2/install/tm_msgs/include/tm_msgs/srv/send_script.h
[2.132s] -- Up-to-date symlink: /home/gy/Omron_TM_ROS2/install/tm_msgs/include/tm_msgs/srv/set_event.h
[2.136s] -- Up-to-date symlink: /home/gy/Omron_TM_ROS2/install/tm_msgs/include/tm_msgs/srv/set_io.h
[2.137s] -- Up-to-date symlink: /home/gy/Omron_TM_ROS2/install/tm_msgs/include/tm_msgs/srv/set_positions.h
[2.137s] -- Up-to-date symlink: /home/gy/Omron_TM_ROS2/install/tm_msgs/include/tm_msgs/srv/write_item.h
[2.138s] -- Up-to-date symlink: /home/gy/Omron_TM_ROS2/install/tm_msgs/share/tm_msgs/environment/library_path.sh
[2.138s] -- Up-to-date symlink: /home/gy/Omron_TM_ROS2/install/tm_msgs/share/tm_msgs/environment/library_path.dsv
[2.143s] -- Up-to-date symlink: /home/gy/Omron_TM_ROS2/install/tm_msgs/include/tm_msgs/msg/detail/feedback_state__rosidl_typesupport_fastrtps_c.h
[2.144s] -- Up-to-date symlink: /home/gy/Omron_TM_ROS2/install/tm_msgs/include/tm_msgs/msg/detail/sct_response__rosidl_typesupport_fastrtps_c.h
[2.144s] -- Up-to-date symlink: /home/gy/Omron_TM_ROS2/install/tm_msgs/include/tm_msgs/msg/detail/sta_response__rosidl_typesupport_fastrtps_c.h
[2.145s] -- Up-to-date symlink: /home/gy/Omron_TM_ROS2/install/tm_msgs/include/tm_msgs/msg/detail/svr_response__rosidl_typesupport_fastrtps_c.h
[2.145s] -- Up-to-date symlink: /home/gy/Omron_TM_ROS2/install/tm_msgs/include/tm_msgs/msg/rosidl_typesupport_fastrtps_c__visibility_control.h
[2.145s] -- Up-to-date symlink: /home/gy/Omron_TM_ROS2/install/tm_msgs/include/tm_msgs/srv/detail/ask_item__rosidl_typesupport_fastrtps_c.h
[2.150s] -- Up-to-date symlink: /home/gy/Omron_TM_ROS2/install/tm_msgs/include/tm_msgs/srv/detail/ask_sta__rosidl_typesupport_fastrtps_c.h
[2.150s] -- Up-to-date symlink: /home/gy/Omron_TM_ROS2/install/tm_msgs/include/tm_msgs/srv/detail/connect_tm__rosidl_typesupport_fastrtps_c.h
[2.151s] -- Up-to-date symlink: /home/gy/Omron_TM_ROS2/install/tm_msgs/include/tm_msgs/srv/detail/send_script__rosidl_typesupport_fastrtps_c.h
[2.151s] -- Up-to-date symlink: /home/gy/Omron_TM_ROS2/install/tm_msgs/include/tm_msgs/srv/detail/set_event__rosidl_typesupport_fastrtps_c.h
[2.152s] -- Up-to-date symlink: /home/gy/Omron_TM_ROS2/install/tm_msgs/include/tm_msgs/srv/detail/set_io__rosidl_typesupport_fastrtps_c.h
[2.153s] -- Up-to-date symlink: /home/gy/Omron_TM_ROS2/install/tm_msgs/include/tm_msgs/srv/detail/set_positions__rosidl_typesupport_fastrtps_c.h
[2.154s] -- Up-to-date symlink: /home/gy/Omron_TM_ROS2/install/tm_msgs/include/tm_msgs/srv/detail/write_item__rosidl_typesupport_fastrtps_c.h
[2.155s] -- Up-to-date symlink: /home/gy/Omron_TM_ROS2/install/tm_msgs/lib/libtm_msgs__rosidl_typesupport_fastrtps_c.so
[2.157s] -- Up-to-date symlink: /home/gy/Omron_TM_ROS2/install/tm_msgs/include/tm_msgs/msg/detail/feedback_state__rosidl_typesupport_fastrtps_cpp.hpp
[2.158s] -- Up-to-date symlink: /home/gy/Omron_TM_ROS2/install/tm_msgs/include/tm_msgs/msg/detail/sct_response__rosidl_typesupport_fastrtps_cpp.hpp
[2.158s] -- Up-to-date symlink: /home/gy/Omron_TM_ROS2/install/tm_msgs/include/tm_msgs/msg/detail/sta_response__rosidl_typesupport_fastrtps_cpp.hpp
[2.159s] -- Up-to-date symlink: /home/gy/Omron_TM_ROS2/install/tm_msgs/include/tm_msgs/msg/detail/svr_response__rosidl_typesupport_fastrtps_cpp.hpp
[2.159s] -- Up-to-date symlink: /home/gy/Omron_TM_ROS2/install/tm_msgs/include/tm_msgs/msg/rosidl_typesupport_fastrtps_cpp__visibility_control.h
[2.159s] -- Up-to-date symlink: /home/gy/Omron_TM_ROS2/install/tm_msgs/include/tm_msgs/srv/detail/ask_item__rosidl_typesupport_fastrtps_cpp.hpp
[2.162s] -- Up-to-date symlink: /home/gy/Omron_TM_ROS2/install/tm_msgs/include/tm_msgs/srv/detail/ask_sta__rosidl_typesupport_fastrtps_cpp.hpp
[2.162s] -- Up-to-date symlink: /home/gy/Omron_TM_ROS2/install/tm_msgs/include/tm_msgs/srv/detail/connect_tm__rosidl_typesupport_fastrtps_cpp.hpp
[2.162s] -- Up-to-date symlink: /home/gy/Omron_TM_ROS2/install/tm_msgs/include/tm_msgs/srv/detail/send_script__rosidl_typesupport_fastrtps_cpp.hpp
[2.166s] -- Up-to-date symlink: /home/gy/Omron_TM_ROS2/install/tm_msgs/include/tm_msgs/srv/detail/set_event__rosidl_typesupport_fastrtps_cpp.hpp
[2.166s] -- Up-to-date symlink: /home/gy/Omron_TM_ROS2/install/tm_msgs/include/tm_msgs/srv/detail/set_io__rosidl_typesupport_fastrtps_cpp.hpp
[2.167s] -- Up-to-date symlink: /home/gy/Omron_TM_ROS2/install/tm_msgs/include/tm_msgs/srv/detail/set_positions__rosidl_typesupport_fastrtps_cpp.hpp
[2.167s] -- Up-to-date symlink: /home/gy/Omron_TM_ROS2/install/tm_msgs/include/tm_msgs/srv/detail/write_item__rosidl_typesupport_fastrtps_cpp.hpp
[2.169s] -- Up-to-date symlink: /home/gy/Omron_TM_ROS2/install/tm_msgs/lib/libtm_msgs__rosidl_typesupport_fastrtps_cpp.so
[2.172s] -- Up-to-date symlink: /home/gy/Omron_TM_ROS2/install/tm_msgs/include/tm_msgs/msg/detail/feedback_state__rosidl_typesupport_introspection_c.h
[2.174s] -- Up-to-date symlink: /home/gy/Omron_TM_ROS2/install/tm_msgs/include/tm_msgs/msg/detail/sct_response__rosidl_typesupport_introspection_c.h
[2.175s] -- Up-to-date symlink: /home/gy/Omron_TM_ROS2/install/tm_msgs/include/tm_msgs/msg/detail/sta_response__rosidl_typesupport_introspection_c.h
[2.177s] -- Up-to-date symlink: /home/gy/Omron_TM_ROS2/install/tm_msgs/include/tm_msgs/msg/detail/svr_response__rosidl_typesupport_introspection_c.h
[2.178s] -- Up-to-date symlink: /home/gy/Omron_TM_ROS2/install/tm_msgs/include/tm_msgs/msg/rosidl_typesupport_introspection_c__visibility_control.h
[2.178s] -- Up-to-date symlink: /home/gy/Omron_TM_ROS2/install/tm_msgs/include/tm_msgs/srv/detail/ask_item__rosidl_typesupport_introspection_c.h
[2.179s] -- Up-to-date symlink: /home/gy/Omron_TM_ROS2/install/tm_msgs/include/tm_msgs/srv/detail/ask_sta__rosidl_typesupport_introspection_c.h
[2.179s] -- Up-to-date symlink: /home/gy/Omron_TM_ROS2/install/tm_msgs/include/tm_msgs/srv/detail/connect_tm__rosidl_typesupport_introspection_c.h
[2.180s] -- Up-to-date symlink: /home/gy/Omron_TM_ROS2/install/tm_msgs/include/tm_msgs/srv/detail/send_script__rosidl_typesupport_introspection_c.h
[2.181s] -- Up-to-date symlink: /home/gy/Omron_TM_ROS2/install/tm_msgs/include/tm_msgs/srv/detail/set_event__rosidl_typesupport_introspection_c.h
[2.182s] -- Up-to-date symlink: /home/gy/Omron_TM_ROS2/install/tm_msgs/include/tm_msgs/srv/detail/set_io__rosidl_typesupport_introspection_c.h
[2.185s] -- Up-to-date symlink: /home/gy/Omron_TM_ROS2/install/tm_msgs/include/tm_msgs/srv/detail/set_positions__rosidl_typesupport_introspection_c.h
[2.185s] -- Up-to-date symlink: /home/gy/Omron_TM_ROS2/install/tm_msgs/include/tm_msgs/srv/detail/write_item__rosidl_typesupport_introspection_c.h
[2.190s] -- Up-to-date symlink: /home/gy/Omron_TM_ROS2/install/tm_msgs/include/tm_msgs/msg/detail/feedback_state__builder.hpp
[2.190s] -- Up-to-date symlink: /home/gy/Omron_TM_ROS2/install/tm_msgs/include/tm_msgs/msg/detail/feedback_state__struct.hpp
[2.191s] -- Up-to-date symlink: /home/gy/Omron_TM_ROS2/install/tm_msgs/include/tm_msgs/msg/detail/feedback_state__traits.hpp
[2.191s] -- Up-to-date symlink: /home/gy/Omron_TM_ROS2/install/tm_msgs/include/tm_msgs/msg/detail/sct_response__builder.hpp
[2.192s] -- Up-to-date symlink: /home/gy/Omron_TM_ROS2/install/tm_msgs/include/tm_msgs/msg/detail/sct_response__struct.hpp
[2.193s] -- Up-to-date symlink: /home/gy/Omron_TM_ROS2/install/tm_msgs/include/tm_msgs/msg/detail/sct_response__traits.hpp
[2.194s] -- Up-to-date symlink: /home/gy/Omron_TM_ROS2/install/tm_msgs/include/tm_msgs/msg/detail/sta_response__builder.hpp
[2.196s] -- Up-to-date symlink: /home/gy/Omron_TM_ROS2/install/tm_msgs/include/tm_msgs/msg/detail/sta_response__struct.hpp
[2.196s] -- Up-to-date symlink: /home/gy/Omron_TM_ROS2/install/tm_msgs/include/tm_msgs/msg/detail/sta_response__traits.hpp
[2.196s] -- Up-to-date symlink: /home/gy/Omron_TM_ROS2/install/tm_msgs/include/tm_msgs/msg/detail/svr_response__builder.hpp
[2.197s] -- Up-to-date symlink: /home/gy/Omron_TM_ROS2/install/tm_msgs/include/tm_msgs/msg/detail/svr_response__struct.hpp
[2.197s] -- Up-to-date symlink: /home/gy/Omron_TM_ROS2/install/tm_msgs/include/tm_msgs/msg/detail/svr_response__traits.hpp
[2.197s] -- Up-to-date symlink: /home/gy/Omron_TM_ROS2/install/tm_msgs/include/tm_msgs/msg/feedback_state.hpp
[2.198s] -- Up-to-date symlink: /home/gy/Omron_TM_ROS2/install/tm_msgs/include/tm_msgs/msg/sct_response.hpp
[2.199s] -- Up-to-date symlink: /home/gy/Omron_TM_ROS2/install/tm_msgs/include/tm_msgs/msg/sta_response.hpp
[2.200s] -- Up-to-date symlink: /home/gy/Omron_TM_ROS2/install/tm_msgs/include/tm_msgs/msg/svr_response.hpp
[2.201s] -- Up-to-date symlink: /home/gy/Omron_TM_ROS2/install/tm_msgs/include/tm_msgs/srv/ask_item.hpp
[2.203s] -- Up-to-date symlink: /home/gy/Omron_TM_ROS2/install/tm_msgs/include/tm_msgs/srv/ask_sta.hpp
[2.204s] -- Up-to-date symlink: /home/gy/Omron_TM_ROS2/install/tm_msgs/include/tm_msgs/srv/connect_tm.hpp
[2.205s] -- Up-to-date symlink: /home/gy/Omron_TM_ROS2/install/tm_msgs/include/tm_msgs/srv/detail/ask_item__builder.hpp
[2.205s] -- Up-to-date symlink: /home/gy/Omron_TM_ROS2/install/tm_msgs/include/tm_msgs/srv/detail/ask_item__struct.hpp
[2.206s] -- Up-to-date symlink: /home/gy/Omron_TM_ROS2/install/tm_msgs/include/tm_msgs/srv/detail/ask_item__traits.hpp
[2.206s] -- Up-to-date symlink: /home/gy/Omron_TM_ROS2/install/tm_msgs/include/tm_msgs/srv/detail/ask_sta__builder.hpp
[2.207s] -- Up-to-date symlink: /home/gy/Omron_TM_ROS2/install/tm_msgs/include/tm_msgs/srv/detail/ask_sta__struct.hpp
[2.209s] -- Up-to-date symlink: /home/gy/Omron_TM_ROS2/install/tm_msgs/include/tm_msgs/srv/detail/ask_sta__traits.hpp
[2.210s] -- Up-to-date symlink: /home/gy/Omron_TM_ROS2/install/tm_msgs/include/tm_msgs/srv/detail/connect_tm__builder.hpp
[2.210s] -- Up-to-date symlink: /home/gy/Omron_TM_ROS2/install/tm_msgs/include/tm_msgs/srv/detail/connect_tm__struct.hpp
[2.211s] -- Up-to-date symlink: /home/gy/Omron_TM_ROS2/install/tm_msgs/include/tm_msgs/srv/detail/connect_tm__traits.hpp
[2.211s] -- Up-to-date symlink: /home/gy/Omron_TM_ROS2/install/tm_msgs/include/tm_msgs/srv/detail/send_script__builder.hpp
[2.213s] -- Up-to-date symlink: /home/gy/Omron_TM_ROS2/install/tm_msgs/include/tm_msgs/srv/detail/send_script__struct.hpp
[2.214s] -- Up-to-date symlink: /home/gy/Omron_TM_ROS2/install/tm_msgs/include/tm_msgs/srv/detail/send_script__traits.hpp
[2.215s] -- Up-to-date symlink: /home/gy/Omron_TM_ROS2/install/tm_msgs/include/tm_msgs/srv/detail/set_event__builder.hpp
[2.215s] -- Up-to-date symlink: /home/gy/Omron_TM_ROS2/install/tm_msgs/include/tm_msgs/srv/detail/set_event__struct.hpp
[2.215s] -- Up-to-date symlink: /home/gy/Omron_TM_ROS2/install/tm_msgs/include/tm_msgs/srv/detail/set_event__traits.hpp
[2.216s] -- Up-to-date symlink: /home/gy/Omron_TM_ROS2/install/tm_msgs/include/tm_msgs/srv/detail/set_io__builder.hpp
[2.217s] -- Up-to-date symlink: /home/gy/Omron_TM_ROS2/install/tm_msgs/include/tm_msgs/srv/detail/set_io__struct.hpp
[2.218s] -- Up-to-date symlink: /home/gy/Omron_TM_ROS2/install/tm_msgs/include/tm_msgs/srv/detail/set_io__traits.hpp
[2.219s] -- Up-to-date symlink: /home/gy/Omron_TM_ROS2/install/tm_msgs/include/tm_msgs/srv/detail/set_positions__builder.hpp
[2.219s] -- Up-to-date symlink: /home/gy/Omron_TM_ROS2/install/tm_msgs/include/tm_msgs/srv/detail/set_positions__struct.hpp
[2.220s] -- Up-to-date symlink: /home/gy/Omron_TM_ROS2/install/tm_msgs/include/tm_msgs/srv/detail/set_positions__traits.hpp
[2.228s] -- Up-to-date symlink: /home/gy/Omron_TM_ROS2/install/tm_msgs/include/tm_msgs/srv/detail/write_item__builder.hpp
[2.234s] -- Up-to-date symlink: /home/gy/Omron_TM_ROS2/install/tm_msgs/include/tm_msgs/srv/detail/write_item__struct.hpp
[2.234s] -- Up-to-date symlink: /home/gy/Omron_TM_ROS2/install/tm_msgs/include/tm_msgs/srv/detail/write_item__traits.hpp
[2.235s] -- Up-to-date symlink: /home/gy/Omron_TM_ROS2/install/tm_msgs/include/tm_msgs/srv/send_script.hpp
[2.235s] -- Up-to-date symlink: /home/gy/Omron_TM_ROS2/install/tm_msgs/include/tm_msgs/srv/set_event.hpp
[2.235s] -- Up-to-date symlink: /home/gy/Omron_TM_ROS2/install/tm_msgs/include/tm_msgs/srv/set_io.hpp
[2.235s] -- Up-to-date symlink: /home/gy/Omron_TM_ROS2/install/tm_msgs/include/tm_msgs/srv/set_positions.hpp
[2.235s] -- Up-to-date symlink: /home/gy/Omron_TM_ROS2/install/tm_msgs/include/tm_msgs/srv/write_item.hpp
[2.235s] -- Up-to-date symlink: /home/gy/Omron_TM_ROS2/install/tm_msgs/include/tm_msgs/msg/detail/feedback_state__rosidl_typesupport_introspection_cpp.hpp
[2.236s] -- Up-to-date symlink: /home/gy/Omron_TM_ROS2/install/tm_msgs/include/tm_msgs/msg/detail/sct_response__rosidl_typesupport_introspection_cpp.hpp
[2.236s] -- Up-to-date symlink: /home/gy/Omron_TM_ROS2/install/tm_msgs/include/tm_msgs/msg/detail/sta_response__rosidl_typesupport_introspection_cpp.hpp
[2.236s] -- Up-to-date symlink: /home/gy/Omron_TM_ROS2/install/tm_msgs/include/tm_msgs/msg/detail/svr_response__rosidl_typesupport_introspection_cpp.hpp
[2.236s] -- Up-to-date symlink: /home/gy/Omron_TM_ROS2/install/tm_msgs/include/tm_msgs/srv/detail/ask_item__rosidl_typesupport_introspection_cpp.hpp
[2.236s] -- Up-to-date symlink: /home/gy/Omron_TM_ROS2/install/tm_msgs/include/tm_msgs/srv/detail/ask_sta__rosidl_typesupport_introspection_cpp.hpp
[2.236s] -- Up-to-date symlink: /home/gy/Omron_TM_ROS2/install/tm_msgs/include/tm_msgs/srv/detail/connect_tm__rosidl_typesupport_introspection_cpp.hpp
[2.237s] -- Up-to-date symlink: /home/gy/Omron_TM_ROS2/install/tm_msgs/include/tm_msgs/srv/detail/send_script__rosidl_typesupport_introspection_cpp.hpp
[2.244s] -- Up-to-date symlink: /home/gy/Omron_TM_ROS2/install/tm_msgs/include/tm_msgs/srv/detail/set_event__rosidl_typesupport_introspection_cpp.hpp
[2.244s] -- Up-to-date symlink: /home/gy/Omron_TM_ROS2/install/tm_msgs/include/tm_msgs/srv/detail/set_io__rosidl_typesupport_introspection_cpp.hpp
[2.245s] -- Up-to-date symlink: /home/gy/Omron_TM_ROS2/install/tm_msgs/include/tm_msgs/srv/detail/set_positions__rosidl_typesupport_introspection_cpp.hpp
[2.245s] -- Up-to-date symlink: /home/gy/Omron_TM_ROS2/install/tm_msgs/include/tm_msgs/srv/detail/write_item__rosidl_typesupport_introspection_cpp.hpp
[2.245s] -- Up-to-date symlink: /home/gy/Omron_TM_ROS2/install/tm_msgs/share/tm_msgs/environment/pythonpath.sh
[2.245s] -- Up-to-date symlink: /home/gy/Omron_TM_ROS2/install/tm_msgs/share/tm_msgs/environment/pythonpath.dsv
[2.245s] -- Up-to-date symlink: /home/gy/Omron_TM_ROS2/install/tm_msgs/lib/python3.8/site-packages/tm_msgs/__init__.py
[2.259s] -- Up-to-date symlink: /home/gy/Omron_TM_ROS2/install/tm_msgs/lib/python3.8/site-packages/tm_msgs/msg/__init__.py
[2.260s] -- Up-to-date symlink: /home/gy/Omron_TM_ROS2/install/tm_msgs/lib/python3.8/site-packages/tm_msgs/msg/_feedback_state.py
[2.263s] -- Up-to-date symlink: /home/gy/Omron_TM_ROS2/install/tm_msgs/lib/python3.8/site-packages/tm_msgs/msg/_sct_response.py
[2.264s] -- Up-to-date symlink: /home/gy/Omron_TM_ROS2/install/tm_msgs/lib/python3.8/site-packages/tm_msgs/msg/_sta_response.py
[2.264s] -- Up-to-date symlink: /home/gy/Omron_TM_ROS2/install/tm_msgs/lib/python3.8/site-packages/tm_msgs/msg/_svr_response.py
[2.265s] -- Up-to-date symlink: /home/gy/Omron_TM_ROS2/install/tm_msgs/lib/python3.8/site-packages/tm_msgs/srv/__init__.py
[2.265s] -- Up-to-date symlink: /home/gy/Omron_TM_ROS2/install/tm_msgs/lib/python3.8/site-packages/tm_msgs/srv/_ask_item.py
[2.268s] -- Up-to-date symlink: /home/gy/Omron_TM_ROS2/install/tm_msgs/lib/python3.8/site-packages/tm_msgs/srv/_ask_sta.py
[2.268s] -- Up-to-date symlink: /home/gy/Omron_TM_ROS2/install/tm_msgs/lib/python3.8/site-packages/tm_msgs/srv/_connect_tm.py
[2.268s] -- Up-to-date symlink: /home/gy/Omron_TM_ROS2/install/tm_msgs/lib/python3.8/site-packages/tm_msgs/srv/_send_script.py
[2.268s] -- Up-to-date symlink: /home/gy/Omron_TM_ROS2/install/tm_msgs/lib/python3.8/site-packages/tm_msgs/srv/_set_event.py
[2.269s] -- Up-to-date symlink: /home/gy/Omron_TM_ROS2/install/tm_msgs/lib/python3.8/site-packages/tm_msgs/srv/_set_io.py
[2.269s] -- Up-to-date symlink: /home/gy/Omron_TM_ROS2/install/tm_msgs/lib/python3.8/site-packages/tm_msgs/srv/_set_positions.py
[2.269s] -- Up-to-date symlink: /home/gy/Omron_TM_ROS2/install/tm_msgs/lib/python3.8/site-packages/tm_msgs/srv/_write_item.py
[2.269s] -- Up-to-date symlink: /home/gy/Omron_TM_ROS2/install/tm_msgs/lib/python3.8/site-packages/tm_msgs/tm_msgs_s__rosidl_typesupport_fastrtps_c.cpython-38-x86_64-linux-gnu.so
[2.269s] -- Up-to-date symlink: /home/gy/Omron_TM_ROS2/install/tm_msgs/lib/python3.8/site-packages/tm_msgs/tm_msgs_s__rosidl_typesupport_introspection_c.cpython-38-x86_64-linux-gnu.so
[2.269s] -- Up-to-date symlink: /home/gy/Omron_TM_ROS2/install/tm_msgs/lib/python3.8/site-packages/tm_msgs/tm_msgs_s__rosidl_typesupport_c.cpython-38-x86_64-linux-gnu.so
[2.270s] -- Up-to-date symlink: /home/gy/Omron_TM_ROS2/install/tm_msgs/lib/libtm_msgs__python.so
[2.270s] -- Up-to-date symlink: /home/gy/Omron_TM_ROS2/install/tm_msgs/share/tm_msgs/msg/FeedbackState.idl
[2.270s] -- Up-to-date symlink: /home/gy/Omron_TM_ROS2/install/tm_msgs/share/tm_msgs/msg/SvrResponse.idl
[2.271s] -- Up-to-date symlink: /home/gy/Omron_TM_ROS2/install/tm_msgs/share/tm_msgs/msg/SctResponse.idl
[2.271s] -- Up-to-date symlink: /home/gy/Omron_TM_ROS2/install/tm_msgs/share/tm_msgs/msg/StaResponse.idl
[2.271s] -- Up-to-date symlink: /home/gy/Omron_TM_ROS2/install/tm_msgs/share/tm_msgs/srv/ConnectTM.idl
[2.271s] -- Up-to-date symlink: /home/gy/Omron_TM_ROS2/install/tm_msgs/share/tm_msgs/srv/WriteItem.idl
[2.271s] -- Up-to-date symlink: /home/gy/Omron_TM_ROS2/install/tm_msgs/share/tm_msgs/srv/AskItem.idl
[2.272s] -- Up-to-date symlink: /home/gy/Omron_TM_ROS2/install/tm_msgs/share/tm_msgs/srv/SendScript.idl
[2.272s] -- Up-to-date symlink: /home/gy/Omron_TM_ROS2/install/tm_msgs/share/tm_msgs/srv/SetEvent.idl
[2.272s] -- Up-to-date symlink: /home/gy/Omron_TM_ROS2/install/tm_msgs/share/tm_msgs/srv/SetIO.idl
[2.273s] -- Up-to-date symlink: /home/gy/Omron_TM_ROS2/install/tm_msgs/share/tm_msgs/srv/SetPositions.idl
[2.273s] -- Up-to-date symlink: /home/gy/Omron_TM_ROS2/install/tm_msgs/share/tm_msgs/srv/AskSta.idl
[2.273s] -- Up-to-date symlink: /home/gy/Omron_TM_ROS2/install/tm_msgs/share/tm_msgs/msg/FeedbackState.msg
[2.273s] -- Up-to-date symlink: /home/gy/Omron_TM_ROS2/install/tm_msgs/share/tm_msgs/msg/SvrResponse.msg
[2.273s] -- Up-to-date symlink: /home/gy/Omron_TM_ROS2/install/tm_msgs/share/tm_msgs/msg/SctResponse.msg
[2.274s] -- Up-to-date symlink: /home/gy/Omron_TM_ROS2/install/tm_msgs/share/tm_msgs/msg/StaResponse.msg
[2.274s] -- Up-to-date symlink: /home/gy/Omron_TM_ROS2/install/tm_msgs/share/tm_msgs/srv/ConnectTM.srv
[2.274s] -- Up-to-date symlink: /home/gy/Omron_TM_ROS2/install/tm_msgs/share/tm_msgs/srv/ConnectTM_Request.msg
[2.274s] -- Up-to-date symlink: /home/gy/Omron_TM_ROS2/install/tm_msgs/share/tm_msgs/srv/ConnectTM_Response.msg
[2.274s] -- Up-to-date symlink: /home/gy/Omron_TM_ROS2/install/tm_msgs/share/tm_msgs/srv/WriteItem.srv
[2.274s] -- Up-to-date symlink: /home/gy/Omron_TM_ROS2/install/tm_msgs/share/tm_msgs/srv/WriteItem_Request.msg
[2.275s] -- Up-to-date symlink: /home/gy/Omron_TM_ROS2/install/tm_msgs/share/tm_msgs/srv/WriteItem_Response.msg
[2.275s] -- Up-to-date symlink: /home/gy/Omron_TM_ROS2/install/tm_msgs/share/tm_msgs/srv/AskItem.srv
[2.275s] -- Up-to-date symlink: /home/gy/Omron_TM_ROS2/install/tm_msgs/share/tm_msgs/srv/AskItem_Request.msg
[2.275s] -- Up-to-date symlink: /home/gy/Omron_TM_ROS2/install/tm_msgs/share/tm_msgs/srv/AskItem_Response.msg
[2.275s] -- Up-to-date symlink: /home/gy/Omron_TM_ROS2/install/tm_msgs/share/tm_msgs/srv/SendScript.srv
[2.275s] -- Up-to-date symlink: /home/gy/Omron_TM_ROS2/install/tm_msgs/share/tm_msgs/srv/SendScript_Request.msg
[2.278s] -- Up-to-date symlink: /home/gy/Omron_TM_ROS2/install/tm_msgs/share/tm_msgs/srv/SendScript_Response.msg
[2.278s] -- Up-to-date symlink: /home/gy/Omron_TM_ROS2/install/tm_msgs/share/tm_msgs/srv/SetEvent.srv
[2.278s] -- Up-to-date symlink: /home/gy/Omron_TM_ROS2/install/tm_msgs/share/tm_msgs/srv/SetEvent_Request.msg
[2.278s] -- Up-to-date symlink: /home/gy/Omron_TM_ROS2/install/tm_msgs/share/tm_msgs/srv/SetEvent_Response.msg
[2.279s] -- Up-to-date symlink: /home/gy/Omron_TM_ROS2/install/tm_msgs/share/tm_msgs/srv/SetIO.srv
[2.279s] -- Up-to-date symlink: /home/gy/Omron_TM_ROS2/install/tm_msgs/share/tm_msgs/srv/SetIO_Request.msg
[2.279s] -- Up-to-date symlink: /home/gy/Omron_TM_ROS2/install/tm_msgs/share/tm_msgs/srv/SetIO_Response.msg
[2.279s] -- Up-to-date symlink: /home/gy/Omron_TM_ROS2/install/tm_msgs/share/tm_msgs/srv/SetPositions.srv
[2.279s] -- Up-to-date symlink: /home/gy/Omron_TM_ROS2/install/tm_msgs/share/tm_msgs/srv/SetPositions_Request.msg
[2.280s] -- Up-to-date symlink: /home/gy/Omron_TM_ROS2/install/tm_msgs/share/tm_msgs/srv/SetPositions_Response.msg
[2.280s] -- Up-to-date symlink: /home/gy/Omron_TM_ROS2/install/tm_msgs/share/tm_msgs/srv/AskSta.srv
[2.281s] -- Up-to-date symlink: /home/gy/Omron_TM_ROS2/install/tm_msgs/share/tm_msgs/srv/AskSta_Request.msg
[2.282s] -- Up-to-date symlink: /home/gy/Omron_TM_ROS2/install/tm_msgs/share/tm_msgs/srv/AskSta_Response.msg
[2.282s] -- Up-to-date symlink: /home/gy/Omron_TM_ROS2/install/tm_msgs/share/ament_index/resource_index/package_run_dependencies/tm_msgs
[2.283s] -- Up-to-date symlink: /home/gy/Omron_TM_ROS2/install/tm_msgs/share/ament_index/resource_index/parent_prefix_path/tm_msgs
[2.284s] -- Up-to-date symlink: /home/gy/Omron_TM_ROS2/install/tm_msgs/share/tm_msgs/environment/ament_prefix_path.sh
[2.290s] -- Up-to-date symlink: /home/gy/Omron_TM_ROS2/install/tm_msgs/share/tm_msgs/environment/ament_prefix_path.dsv
[2.291s] -- Up-to-date symlink: /home/gy/Omron_TM_ROS2/install/tm_msgs/share/tm_msgs/environment/path.sh
[2.291s] -- Up-to-date symlink: /home/gy/Omron_TM_ROS2/install/tm_msgs/share/tm_msgs/environment/path.dsv
[2.291s] -- Up-to-date symlink: /home/gy/Omron_TM_ROS2/install/tm_msgs/share/tm_msgs/local_setup.bash
[2.291s] -- Up-to-date symlink: /home/gy/Omron_TM_ROS2/install/tm_msgs/share/tm_msgs/local_setup.sh
[2.291s] -- Up-to-date symlink: /home/gy/Omron_TM_ROS2/install/tm_msgs/share/tm_msgs/local_setup.zsh
[2.291s] -- Up-to-date symlink: /home/gy/Omron_TM_ROS2/install/tm_msgs/share/tm_msgs/local_setup.dsv
[2.296s] -- Symlinking: /home/gy/Omron_TM_ROS2/install/tm_msgs/share/tm_msgs/package.dsv
[2.310s] -- Up-to-date symlink: /home/gy/Omron_TM_ROS2/install/tm_msgs/share/ament_index/resource_index/packages/tm_msgs
[2.310s] -- Up-to-date symlink: /home/gy/Omron_TM_ROS2/install/tm_msgs/share/tm_msgs/cmake/rosidl_cmake-extras.cmake
[2.310s] -- Up-to-date symlink: /home/gy/Omron_TM_ROS2/install/tm_msgs/share/tm_msgs/cmake/ament_cmake_export_dependencies-extras.cmake
[2.310s] -- Up-to-date symlink: /home/gy/Omron_TM_ROS2/install/tm_msgs/share/tm_msgs/cmake/ament_cmake_export_libraries-extras.cmake
[2.310s] -- Up-to-date symlink: /home/gy/Omron_TM_ROS2/install/tm_msgs/share/tm_msgs/cmake/ament_cmake_export_targets-extras.cmake
[2.311s] -- Up-to-date symlink: /home/gy/Omron_TM_ROS2/install/tm_msgs/share/tm_msgs/cmake/ament_cmake_export_include_directories-extras.cmake
[2.311s] -- Up-to-date symlink: /home/gy/Omron_TM_ROS2/install/tm_msgs/share/tm_msgs/cmake/rosidl_cmake_export_typesupport_libraries-extras.cmake
[2.311s] -- Up-to-date symlink: /home/gy/Omron_TM_ROS2/install/tm_msgs/share/tm_msgs/cmake/rosidl_cmake_export_typesupport_targets-extras.cmake
[2.312s] -- Up-to-date symlink: /home/gy/Omron_TM_ROS2/install/tm_msgs/share/tm_msgs/cmake/tm_msgsConfig.cmake
[2.313s] -- Up-to-date symlink: /home/gy/Omron_TM_ROS2/install/tm_msgs/share/tm_msgs/cmake/tm_msgsConfig-version.cmake
[2.314s] -- Up-to-date symlink: /home/gy/Omron_TM_ROS2/install/tm_msgs/share/tm_msgs/package.xml
[2.316s] -- Up-to-date: /home/gy/Omron_TM_ROS2/install/tm_msgs/lib/libtm_msgs__rosidl_generator_c.so
[2.316s] -- Up-to-date: /home/gy/Omron_TM_ROS2/install/tm_msgs/lib/libtm_msgs__rosidl_typesupport_introspection_c.so
[2.317s] -- Up-to-date: /home/gy/Omron_TM_ROS2/install/tm_msgs/lib/libtm_msgs__rosidl_typesupport_c.so
[2.324s] -- Up-to-date: /home/gy/Omron_TM_ROS2/install/tm_msgs/lib/libtm_msgs__rosidl_typesupport_introspection_cpp.so
[2.325s] -- Up-to-date: /home/gy/Omron_TM_ROS2/install/tm_msgs/lib/libtm_msgs__rosidl_typesupport_cpp.so
[2.417s] -- Up-to-date: /home/gy/Omron_TM_ROS2/install/tm_msgs/share/tm_msgs/cmake/tm_msgs__rosidl_generator_cExport.cmake
[2.418s] -- Up-to-date: /home/gy/Omron_TM_ROS2/install/tm_msgs/share/tm_msgs/cmake/tm_msgs__rosidl_generator_cExport-noconfig.cmake
[2.434s] -- Up-to-date: /home/gy/Omron_TM_ROS2/install/tm_msgs/share/tm_msgs/cmake/tm_msgs__rosidl_typesupport_introspection_cExport.cmake
[2.435s] -- Up-to-date: /home/gy/Omron_TM_ROS2/install/tm_msgs/share/tm_msgs/cmake/tm_msgs__rosidl_typesupport_introspection_cExport-noconfig.cmake
[2.435s] -- Up-to-date: /home/gy/Omron_TM_ROS2/install/tm_msgs/share/tm_msgs/cmake/tm_msgs__rosidl_typesupport_cExport.cmake
[2.435s] -- Up-to-date: /home/gy/Omron_TM_ROS2/install/tm_msgs/share/tm_msgs/cmake/tm_msgs__rosidl_typesupport_cExport-noconfig.cmake
[2.435s] -- Up-to-date: /home/gy/Omron_TM_ROS2/install/tm_msgs/share/tm_msgs/cmake/tm_msgs__rosidl_generator_cppExport.cmake
[2.435s] -- Up-to-date: /home/gy/Omron_TM_ROS2/install/tm_msgs/share/tm_msgs/cmake/tm_msgs__rosidl_typesupport_introspection_cppExport.cmake
[2.436s] -- Up-to-date: /home/gy/Omron_TM_ROS2/install/tm_msgs/share/tm_msgs/cmake/tm_msgs__rosidl_typesupport_introspection_cppExport-noconfig.cmake
[2.438s] -- Up-to-date: /home/gy/Omron_TM_ROS2/install/tm_msgs/share/tm_msgs/cmake/tm_msgs__rosidl_typesupport_cppExport.cmake
[2.438s] -- Up-to-date: /home/gy/Omron_TM_ROS2/install/tm_msgs/share/tm_msgs/cmake/tm_msgs__rosidl_typesupport_cppExport-noconfig.cmake
[2.440s] Invoked command in '/home/gy/Omron_TM_ROS2/build/tm_msgs' returned '0': CMAKE_PREFIX_PATH=${CMAKE_PREFIX_PATH}:/home/gy/Omron_TM_ROS2/install/tmr_mod_urdf:/home/gy/Omron_TM_ROS2/install/tm_get_status:/home/gy/Omron_TM_ROS2/install/rviz_tm:/home/gy/Omron_TM_ROS2/install/pickplace:/opt/ros/foxy /usr/bin/cmake --install /home/gy/Omron_TM_ROS2/build/tm_msgs
