CMake Error: The current CMakeCache.txt directory /home/gy/Omron_TM_ROS2/build/tm_driver/CMakeCache.txt is different than the directory /home/gy/tmr_ros2/build/tm_driver where CMakeCache.txt was created. This may result in binaries being created in the wrong place. If you are not sure, reedit the CMakeCache.txt
[100%] Built target tm_driver
-- Install configuration: ""
-- Up-to-date: /home/gy/tmr_ros2/install/tm_driver/lib/tm_driver/tm_driver
-- Up-to-date: /home/gy/tmr_ros2/install/tm_driver/share/tm_driver/launch
-- Up-to-date: /home/gy/tmr_ros2/install/tm_driver/share/tm_driver/launch/tm_bringup.launch.py
-- Up-to-date: /home/gy/tmr_ros2/install/tm_driver/share/tm_driver/launch/tm_bringup.py
-- Up-to-date: /home/gy/tmr_ros2/install/tm_driver/share/ament_index/resource_index/package_run_dependencies/tm_driver
-- Up-to-date: /home/gy/tmr_ros2/install/tm_driver/share/ament_index/resource_index/parent_prefix_path/tm_driver
-- Up-to-date: /home/gy/tmr_ros2/install/tm_driver/share/tm_driver/environment/ament_prefix_path.sh
-- Up-to-date: /home/gy/tmr_ros2/install/tm_driver/share/tm_driver/environment/ament_prefix_path.dsv
-- Up-to-date: /home/gy/tmr_ros2/install/tm_driver/share/tm_driver/environment/path.sh
-- Up-to-date: /home/gy/tmr_ros2/install/tm_driver/share/tm_driver/environment/path.dsv
-- Up-to-date: /home/gy/tmr_ros2/install/tm_driver/share/tm_driver/local_setup.bash
-- Up-to-date: /home/gy/tmr_ros2/install/tm_driver/share/tm_driver/local_setup.sh
-- Up-to-date: /home/gy/tmr_ros2/install/tm_driver/share/tm_driver/local_setup.zsh
-- Up-to-date: /home/gy/tmr_ros2/install/tm_driver/share/tm_driver/local_setup.dsv
-- Installing: /home/gy/tmr_ros2/install/tm_driver/share/tm_driver/package.dsv
-- Up-to-date: /home/gy/tmr_ros2/install/tm_driver/share/ament_index/resource_index/packages/tm_driver
-- Up-to-date: /home/gy/tmr_ros2/install/tm_driver/share/tm_driver/cmake/tm_driverConfig.cmake
-- Up-to-date: /home/gy/tmr_ros2/install/tm_driver/share/tm_driver/cmake/tm_driverConfig-version.cmake
-- Up-to-date: /home/gy/tmr_ros2/install/tm_driver/share/tm_driver/package.xml
