[0.503s] Invoking command in '/home/gy/Omron_TM_ROS2/src/pickplace': PYTHONPATH=/home/gy/Omron_TM_ROS2/src/install/pickplace/lib/python3.8/site-packages:${PYTHONPATH} /usr/bin/python3 setup.py egg_info --egg-base ../build/pickplace build --build-base /home/gy/Omron_TM_ROS2/src/build/pickplace/build install --prefix /home/gy/Omron_TM_ROS2/src/install/pickplace --record /home/gy/Omron_TM_ROS2/src/build/pickplace/install.log --single-version-externally-managed
[0.931s] running egg_info
[0.932s] writing ../build/pickplace/pickplace.egg-info/PKG-INFO
[0.932s] writing dependency_links to ../build/pickplace/pickplace.egg-info/dependency_links.txt
[0.933s] writing entry points to ../build/pickplace/pickplace.egg-info/entry_points.txt
[0.933s] writing requirements to ../build/pickplace/pickplace.egg-info/requires.txt
[0.933s] writing top-level names to ../build/pickplace/pickplace.egg-info/top_level.txt
[1.002s] reading manifest file '../build/pickplace/pickplace.egg-info/SOURCES.txt'
[1.004s] writing manifest file '../build/pickplace/pickplace.egg-info/SOURCES.txt'
[1.005s] running build
[1.005s] running build_py
[1.005s] copying pickplace/pickplace_program.py -> /home/gy/Omron_TM_ROS2/src/build/pickplace/build/lib/pickplace
[1.005s] running install
[1.007s] running install_lib
[1.008s] copying /home/gy/Omron_TM_ROS2/src/build/pickplace/build/lib/pickplace/pickplace_program.py -> /home/gy/Omron_TM_ROS2/src/install/pickplace/lib/python3.8/site-packages/pickplace
[1.009s] byte-compiling /home/gy/Omron_TM_ROS2/src/install/pickplace/lib/python3.8/site-packages/pickplace/pickplace_program.py to pickplace_program.cpython-38.pyc
[1.012s] running install_data
[1.013s] running install_egg_info
[1.016s] removing '/home/gy/Omron_TM_ROS2/src/install/pickplace/lib/python3.8/site-packages/pickplace-0.0.0-py3.8.egg-info' (and everything under it)
[1.016s] Copying ../build/pickplace/pickplace.egg-info to /home/gy/Omron_TM_ROS2/src/install/pickplace/lib/python3.8/site-packages/pickplace-0.0.0-py3.8.egg-info
[1.017s] running install_scripts
[1.050s] Installing initialise script to /home/gy/Omron_TM_ROS2/src/install/pickplace/lib/pickplace
[1.050s] Installing pickplace script to /home/gy/Omron_TM_ROS2/src/install/pickplace/lib/pickplace
[1.051s] writing list of installed files to '/home/gy/Omron_TM_ROS2/src/build/pickplace/install.log'
[1.084s] Invoked command in '/home/gy/Omron_TM_ROS2/src/pickplace' returned '0': PYTHONPATH=/home/gy/Omron_TM_ROS2/src/install/pickplace/lib/python3.8/site-packages:${PYTHONPATH} /usr/bin/python3 setup.py egg_info --egg-base ../build/pickplace build --build-base /home/gy/Omron_TM_ROS2/src/build/pickplace/build install --prefix /home/gy/Omron_TM_ROS2/src/install/pickplace --record /home/gy/Omron_TM_ROS2/src/build/pickplace/install.log --single-version-externally-managed
