[0.511s] Invoking command in '/home/gy/Omron_TM_ROS2/build/pickplace': PYTHONPATH=/home/gy/Omron_TM_ROS2/install/pickplace/lib/python3.8/site-packages:${PYTHONPATH} /usr/bin/python3 setup.py develop --prefix /home/gy/Omron_TM_ROS2/install/pickplace --editable --build-directory /home/gy/Omron_TM_ROS2/build/pickplace/build --no-deps install_data --install-dir /home/gy/Omron_TM_ROS2/install/pickplace
[1.056s] running develop
[1.324s] running egg_info
[1.324s] writing pickplace.egg-info/PKG-INFO
[1.325s] writing dependency_links to pickplace.egg-info/dependency_links.txt
[1.325s] writing entry points to pickplace.egg-info/entry_points.txt
[1.325s] writing requirements to pickplace.egg-info/requires.txt
[1.325s] writing top-level names to pickplace.egg-info/top_level.txt
[1.400s] reading manifest file 'pickplace.egg-info/SOURCES.txt'
[1.402s] writing manifest file 'pickplace.egg-info/SOURCES.txt'
[1.485s] running build_ext
[1.486s] Creating /home/gy/Omron_TM_ROS2/install/pickplace/lib/python3.8/site-packages/site.py
[1.490s] Creating /home/gy/Omron_TM_ROS2/install/pickplace/lib/python3.8/site-packages/pickplace.egg-link (link to .)
[1.491s] Installing pickplace script to /home/gy/Omron_TM_ROS2/install/pickplace/lib/pickplace
[1.501s] Installing teach_setup script to /home/gy/Omron_TM_ROS2/install/pickplace/lib/pickplace
[1.502s] 
[1.502s] Installed /home/gy/Omron_TM_ROS2/build/pickplace
[1.502s] running install_data
[1.502s] creating /home/gy/Omron_TM_ROS2/install/pickplace/share/ament_index
[1.502s] creating /home/gy/Omron_TM_ROS2/install/pickplace/share/ament_index/resource_index
[1.502s] creating /home/gy/Omron_TM_ROS2/install/pickplace/share/ament_index/resource_index/packages
[1.502s] copying resource/pickplace -> /home/gy/Omron_TM_ROS2/install/pickplace/share/ament_index/resource_index/packages
[1.503s] copying package.xml -> /home/gy/Omron_TM_ROS2/install/pickplace/share/pickplace
[1.503s] creating /home/gy/Omron_TM_ROS2/install/pickplace/share/pickplace/pp_library
[1.503s] copying pp_library/Modbus.py -> /home/gy/Omron_TM_ROS2/install/pickplace/share/pickplace/pp_library
[1.503s] copying pp_library/Script.py -> /home/gy/Omron_TM_ROS2/install/pickplace/share/pickplace/pp_library
[1.503s] copying pp_library/Transform.py -> /home/gy/Omron_TM_ROS2/install/pickplace/share/pickplace/pp_library
[1.503s] copying pp_library/IO.py -> /home/gy/Omron_TM_ROS2/install/pickplace/share/pickplace/pp_library
[1.503s] copying pp_library/Move.py -> /home/gy/Omron_TM_ROS2/install/pickplace/share/pickplace/pp_library
[1.504s] copying pp_library/Waiter.py -> /home/gy/Omron_TM_ROS2/install/pickplace/share/pickplace/pp_library
[1.504s] creating /home/gy/Omron_TM_ROS2/install/pickplace/share/pickplace/launch
[1.504s] copying launch/teach_setup.launch.py -> /home/gy/Omron_TM_ROS2/install/pickplace/share/pickplace/launch
[1.547s] Invoked command in '/home/gy/Omron_TM_ROS2/build/pickplace' returned '0': PYTHONPATH=/home/gy/Omron_TM_ROS2/install/pickplace/lib/python3.8/site-packages:${PYTHONPATH} /usr/bin/python3 setup.py develop --prefix /home/gy/Omron_TM_ROS2/install/pickplace --editable --build-directory /home/gy/Omron_TM_ROS2/build/pickplace/build --no-deps install_data --install-dir /home/gy/Omron_TM_ROS2/install/pickplace
