[0.086s] Invoking command in '/home/gy/Omron_TM_ROS2/build/tmr_description': CMAKE_PREFIX_PATH=${CMAKE_PREFIX_PATH}:/home/gy/Omron_TM_ROS2/src/install/pickplace:/home/gy/Omron_TM_ROS2/install/tmr_mod_urdf:/home/gy/Omron_TM_ROS2/install/tm_get_status:/home/gy/Omron_TM_ROS2/install/pickplace:/home/gy/tmdriver_ws/install/tmr_mod_urdf:/home/gy/tmdriver_ws/install/tm_get_status:/opt/ros/foxy /usr/bin/cmake --build /home/gy/Omron_TM_ROS2/build/tmr_description -- -j3 -l3
[0.275s] CMake Error: The current CMakeCache.txt directory /home/gy/Omron_TM_ROS2/build/tmr_description/CMakeCache.txt is different than the directory /home/gy/tmr_ros2/build/tmr_description where CMakeCache.txt was created. This may result in binaries being created in the wrong place. If you are not sure, reedit the CMakeCache.txt
[0.431s] Invoked command in '/home/gy/Omron_TM_ROS2/build/tmr_description' returned '0': CMAKE_PREFIX_PATH=${CMAKE_PREFIX_PATH}:/home/gy/Omron_TM_ROS2/src/install/pickplace:/home/gy/Omron_TM_ROS2/install/tmr_mod_urdf:/home/gy/Omron_TM_ROS2/install/tm_get_status:/home/gy/Omron_TM_ROS2/install/pickplace:/home/gy/tmdriver_ws/install/tmr_mod_urdf:/home/gy/tmdriver_ws/install/tm_get_status:/opt/ros/foxy /usr/bin/cmake --build /home/gy/Omron_TM_ROS2/build/tmr_description -- -j3 -l3
[0.504s] Invoking command in '/home/gy/Omron_TM_ROS2/build/tmr_description': CMAKE_PREFIX_PATH=${CMAKE_PREFIX_PATH}:/home/gy/Omron_TM_ROS2/src/install/pickplace:/home/gy/Omron_TM_ROS2/install/tmr_mod_urdf:/home/gy/Omron_TM_ROS2/install/tm_get_status:/home/gy/Omron_TM_ROS2/install/pickplace:/home/gy/tmdriver_ws/install/tmr_mod_urdf:/home/gy/tmdriver_ws/install/tm_get_status:/opt/ros/foxy /usr/bin/cmake --install /home/gy/Omron_TM_ROS2/build/tmr_description
[0.532s] -- Install configuration: ""
[0.539s] -- Up-to-date: /home/gy/tmr_ros2/install/tmr_description/share/ament_index/resource_index/package_run_dependencies/tmr_description
[0.540s] -- Up-to-date: /home/gy/tmr_ros2/install/tmr_description/share/ament_index/resource_index/parent_prefix_path/tmr_description
[0.543s] -- Up-to-date: /home/gy/tmr_ros2/install/tmr_description/share/tmr_description/environment/ament_prefix_path.sh
[0.543s] -- Up-to-date: /home/gy/tmr_ros2/install/tmr_description/share/tmr_description/environment/ament_prefix_path.dsv
[0.545s] -- Up-to-date: /home/gy/tmr_ros2/install/tmr_description/share/tmr_description/environment/path.sh
[0.545s] -- Up-to-date: /home/gy/tmr_ros2/install/tmr_description/share/tmr_description/environment/path.dsv
[0.545s] -- Up-to-date: /home/gy/tmr_ros2/install/tmr_description/share/tmr_description/local_setup.bash
[0.545s] -- Up-to-date: /home/gy/tmr_ros2/install/tmr_description/share/tmr_description/local_setup.sh
[0.545s] -- Up-to-date: /home/gy/tmr_ros2/install/tmr_description/share/tmr_description/local_setup.zsh
[0.545s] -- Up-to-date: /home/gy/tmr_ros2/install/tmr_description/share/tmr_description/local_setup.dsv
[0.545s] -- Up-to-date: /home/gy/tmr_ros2/install/tmr_description/share/tmr_description/package.dsv
[0.546s] -- Up-to-date: /home/gy/tmr_ros2/install/tmr_description/share/ament_index/resource_index/packages/tmr_description
[0.546s] -- Up-to-date: /home/gy/tmr_ros2/install/tmr_description/share/tmr_description/cmake/tmr_descriptionConfig.cmake
[0.546s] -- Up-to-date: /home/gy/tmr_ros2/install/tmr_description/share/tmr_description/cmake/tmr_descriptionConfig-version.cmake
[0.546s] -- Up-to-date: /home/gy/tmr_ros2/install/tmr_description/share/tmr_description/package.xml
[0.546s] -- Up-to-date: /home/gy/tmr_ros2/install/tmr_description/share/tmr_description/meshes
[0.546s] -- Up-to-date: /home/gy/tmr_ros2/install/tmr_description/share/tmr_description/meshes/tm5-900
[0.546s] -- Up-to-date: /home/gy/tmr_ros2/install/tmr_description/share/tmr_description/meshes/tm5-900/visual
[0.546s] -- Up-to-date: /home/gy/tmr_ros2/install/tmr_description/share/tmr_description/meshes/tm5-900/visual/tm5-900_arm2.mtl
[0.547s] -- Up-to-date: /home/gy/tmr_ros2/install/tmr_description/share/tmr_description/meshes/tm5-900/visual/tmr_ee.obj
[0.547s] -- Up-to-date: /home/gy/tmr_ros2/install/tmr_description/share/tmr_description/meshes/tm5-900/visual/tm5_base.obj
[0.547s] -- Up-to-date: /home/gy/tmr_ros2/install/tmr_description/share/tmr_description/meshes/tm5-900/visual/tmr_400w_01.stl
[0.547s] -- Up-to-date: /home/gy/tmr_ros2/install/tmr_description/share/tmr_description/meshes/tm5-900/visual/tm5-900_arm2.obj
[0.547s] -- Up-to-date: /home/gy/tmr_ros2/install/tmr_description/share/tmr_description/meshes/tm5-900/visual/tm5_base.mtl
[0.547s] -- Up-to-date: /home/gy/tmr_ros2/install/tmr_description/share/tmr_description/meshes/tm5-900/visual/tmr_100w_01.obj
[0.547s] -- Up-to-date: /home/gy/tmr_ros2/install/tmr_description/share/tmr_description/meshes/tm5-900/visual/tm5-900_arm1.mtl
[0.547s] -- Up-to-date: /home/gy/tmr_ros2/install/tmr_description/share/tmr_description/meshes/tm5-900/visual/tmr_100w_02.obj
[0.548s] -- Up-to-date: /home/gy/tmr_ros2/install/tmr_description/share/tmr_description/meshes/tm5-900/visual/tm5_base.stl
[0.548s] -- Up-to-date: /home/gy/tmr_ros2/install/tmr_description/share/tmr_description/meshes/tm5-900/visual/tmr_100w_01.mtl
[0.548s] -- Up-to-date: /home/gy/tmr_ros2/install/tmr_description/share/tmr_description/meshes/tm5-900/visual/tmr_400w_01.obj
[0.548s] -- Up-to-date: /home/gy/tmr_ros2/install/tmr_description/share/tmr_description/meshes/tm5-900/visual/tmr_100w_01.stl
[0.548s] -- Up-to-date: /home/gy/tmr_ros2/install/tmr_description/share/tmr_description/meshes/tm5-900/visual/tmr_ee.stl
[0.548s] -- Up-to-date: /home/gy/tmr_ros2/install/tmr_description/share/tmr_description/meshes/tm5-900/visual/tm5-900_arm2.stl
[0.548s] -- Up-to-date: /home/gy/tmr_ros2/install/tmr_description/share/tmr_description/meshes/tm5-900/visual/tmr_400w_01.mtl
[0.549s] -- Up-to-date: /home/gy/tmr_ros2/install/tmr_description/share/tmr_description/meshes/tm5-900/visual/tmr_100w_02.stl
[0.549s] -- Up-to-date: /home/gy/tmr_ros2/install/tmr_description/share/tmr_description/meshes/tm5-900/visual/tm5_base_old.obj
[0.549s] -- Up-to-date: /home/gy/tmr_ros2/install/tmr_description/share/tmr_description/meshes/tm5-900/visual/tm5_base_old.mtl
[0.549s] -- Up-to-date: /home/gy/tmr_ros2/install/tmr_description/share/tmr_description/meshes/tm5-900/visual/tmr_ee.mtl
[0.549s] -- Up-to-date: /home/gy/tmr_ros2/install/tmr_description/share/tmr_description/meshes/tm5-900/visual/tm5-900_arm1.stl
[0.549s] -- Up-to-date: /home/gy/tmr_ros2/install/tmr_description/share/tmr_description/meshes/tm5-900/visual/tmr_100w_02.mtl
[0.549s] -- Up-to-date: /home/gy/tmr_ros2/install/tmr_description/share/tmr_description/meshes/tm5-900/visual/tm5-900_arm1.obj
[0.549s] -- Up-to-date: /home/gy/tmr_ros2/install/tmr_description/share/tmr_description/meshes/tm5-900/collision
[0.550s] -- Up-to-date: /home/gy/tmr_ros2/install/tmr_description/share/tmr_description/meshes/tm5-900/collision/tm5-900_arm2_c.stl
[0.550s] -- Up-to-date: /home/gy/tmr_ros2/install/tmr_description/share/tmr_description/meshes/tm5-900/collision/tm5_base_c.stl
[0.550s] -- Up-to-date: /home/gy/tmr_ros2/install/tmr_description/share/tmr_description/meshes/tm5-900/collision/tmr_ee_c.stl
[0.550s] -- Up-to-date: /home/gy/tmr_ros2/install/tmr_description/share/tmr_description/meshes/tm5-900/collision/tmr_100w_01_c.stl
[0.550s] -- Up-to-date: /home/gy/tmr_ros2/install/tmr_description/share/tmr_description/meshes/tm5-900/collision/tm5-900_arm1_c.stl
[0.550s] -- Up-to-date: /home/gy/tmr_ros2/install/tmr_description/share/tmr_description/meshes/tm5-900/collision/tmr_400w_01_c.stl
[0.550s] -- Up-to-date: /home/gy/tmr_ros2/install/tmr_description/share/tmr_description/meshes/tm5-900/collision/tmr_100w_02_c.stl
[0.550s] -- Up-to-date: /home/gy/tmr_ros2/install/tmr_description/share/tmr_description/urdf
[0.551s] -- Up-to-date: /home/gy/tmr_ros2/install/tmr_description/share/tmr_description/urdf/tm5-900.urdf
[0.551s] -- Up-to-date: /home/gy/tmr_ros2/install/tmr_description/share/tmr_description/xacro
[0.551s] -- Up-to-date: /home/gy/tmr_ros2/install/tmr_description/share/tmr_description/xacro/macro.inertial.xacro
[0.551s] -- Up-to-date: /home/gy/tmr_ros2/install/tmr_description/share/tmr_description/xacro/tm5-900.urdf.xacro
[0.551s] -- Up-to-date: /home/gy/tmr_ros2/install/tmr_description/share/tmr_description/xacro/macro.materials.xacro
[0.551s] -- Up-to-date: /home/gy/tmr_ros2/install/tmr_description/share/tmr_description/xacro/macro.gazebo.xacro
[0.551s] -- Up-to-date: /home/gy/tmr_ros2/install/tmr_description/share/tmr_description/xacro/macro.tm5-900.urdf.xacro
[0.551s] -- Up-to-date: /home/gy/tmr_ros2/install/tmr_description/share/tmr_description/xacro/macro.transmission.xacro
[0.552s] -- Up-to-date: /home/gy/tmr_ros2/install/tmr_description/share/tmr_description/xacro/gripper
[0.552s] -- Up-to-date: /home/gy/tmr_ros2/install/tmr_description/share/tmr_description/xacro/gripper/robotiq_85_gripper.urdf.xacro
[0.552s] -- Up-to-date: /home/gy/tmr_ros2/install/tmr_description/share/tmr_description/xacro/gripper/robotiq_85_gripper.xacro
[0.552s] -- Up-to-date: /home/gy/tmr_ros2/install/tmr_description/share/tmr_description/xacro/gripper/robotiq_85_gripper_sim_base.urdf.xacro
[0.552s] -- Up-to-date: /home/gy/tmr_ros2/install/tmr_description/share/tmr_description/xacro/gripper/robotiq_85_gripper.transmission.xacro
[0.552s] -- Up-to-date: /home/gy/tmr_ros2/install/tmr_description/share/tmr_description/xacro/gripper/robotiq_2f.urdf.xacro
[0.553s] Invoked command in '/home/gy/Omron_TM_ROS2/build/tmr_description' returned '0': CMAKE_PREFIX_PATH=${CMAKE_PREFIX_PATH}:/home/gy/Omron_TM_ROS2/src/install/pickplace:/home/gy/Omron_TM_ROS2/install/tmr_mod_urdf:/home/gy/Omron_TM_ROS2/install/tm_get_status:/home/gy/Omron_TM_ROS2/install/pickplace:/home/gy/tmdriver_ws/install/tmr_mod_urdf:/home/gy/tmdriver_ws/install/tm_get_status:/opt/ros/foxy /usr/bin/cmake --install /home/gy/Omron_TM_ROS2/build/tmr_description
