running develop
running egg_info
creating rviz_tm.egg-info
writing rviz_tm.egg-info/PKG-INFO
writing dependency_links to rviz_tm.egg-info/dependency_links.txt
writing entry points to rviz_tm.egg-info/entry_points.txt
writing requirements to rviz_tm.egg-info/requires.txt
writing top-level names to rviz_tm.egg-info/top_level.txt
writing manifest file 'rviz_tm.egg-info/SOURCES.txt'
reading manifest file 'rviz_tm.egg-info/SOURCES.txt'
writing manifest file 'rviz_tm.egg-info/SOURCES.txt'
running build_ext
Creating /home/gy/Omron_TM_ROS2/install/rviz_tm/lib/python3.8/site-packages/site.py
Creating /home/gy/Omron_TM_ROS2/install/rviz_tm/lib/python3.8/site-packages/rviz-tm.egg-link (link to .)

Installed /home/gy/Omron_TM_ROS2/build/rviz_tm
running install_data
creating /home/gy/Omron_TM_ROS2/install/rviz_tm/share/ament_index
creating /home/gy/Omron_TM_ROS2/install/rviz_tm/share/ament_index/resource_index
creating /home/gy/Omron_TM_ROS2/install/rviz_tm/share/ament_index/resource_index/packages
copying resource/rviz_tm -> /home/gy/Omron_TM_ROS2/install/rviz_tm/share/ament_index/resource_index/packages
copying package.xml -> /home/gy/Omron_TM_ROS2/install/rviz_tm/share/rviz_tm
copying launch/rviz_tm.launch.py -> /home/gy/Omron_TM_ROS2/install/rviz_tm/share/rviz_tm
copying urdf/tm5-900.urdf -> /home/gy/Omron_TM_ROS2/install/rviz_tm/share/rviz_tm
copying urdf/rviz_tm.rviz -> /home/gy/Omron_TM_ROS2/install/rviz_tm/share/rviz_tm
