[0.041s] Invoking command in '/home/gy/tmr_ros2/build/tmrlib': CMAKE_PREFIX_PATH=${CMAKE_PREFIX_PATH}:/home/gy/tmr_ros2/install/tmr_mod_urdf:/home/gy/tmr_ros2/install/tm_get_status:/opt/ros/foxy /usr/bin/cmake --build /home/gy/tmr_ros2/build/tmrlib -- -j3 -l3
[0.273s] [100%] Built target tmrdriver
[0.306s] Invoked command in '/home/gy/tmr_ros2/build/tmrlib' returned '0': CMAKE_PREFIX_PATH=${CMAKE_PREFIX_PATH}:/home/gy/tmr_ros2/install/tmr_mod_urdf:/home/gy/tmr_ros2/install/tm_get_status:/opt/ros/foxy /usr/bin/cmake --build /home/gy/tmr_ros2/build/tmrlib -- -j3 -l3
[0.499s] Invoking command in '/home/gy/tmr_ros2/build/tmrlib': CMAKE_PREFIX_PATH=${CMAKE_PREFIX_PATH}:/home/gy/tmr_ros2/install/tmr_mod_urdf:/home/gy/tmr_ros2/install/tm_get_status:/opt/ros/foxy /usr/bin/cmake --install /home/gy/tmr_ros2/build/tmrlib
[0.528s] -- Install configuration: ""
[0.529s] -- Up-to-date: /home/gy/tmr_ros2/install/tmrlib/share/tmrlib/environment/library_path.sh
[0.529s] -- Up-to-date: /home/gy/tmr_ros2/install/tmrlib/share/tmrlib/environment/library_path.dsv
[0.529s] -- Up-to-date: /home/gy/tmr_ros2/install/tmrlib/include
[0.529s] -- Up-to-date: /home/gy/tmr_ros2/install/tmrlib/include/tmr
[0.530s] -- Up-to-date: /home/gy/tmr_ros2/install/tmrlib/include/tmr/tmr_communication.h
[0.530s] -- Up-to-date: /home/gy/tmr_ros2/install/tmrlib/include/tmr/tmr_tmpacket.h
[0.531s] -- Up-to-date: /home/gy/tmr_ros2/install/tmrlib/include/tmr/tmr_print.h
[0.531s] -- Up-to-date: /home/gy/tmr_ros2/install/tmrlib/include/tmr/tmr_robot_state.h
[0.531s] -- Up-to-date: /home/gy/tmr_ros2/install/tmrlib/include/tmr/tmr_tmsct_communication.h
[0.532s] -- Up-to-date: /home/gy/tmr_ros2/install/tmrlib/include/tmr/tmr_command.h
[0.532s] -- Up-to-date: /home/gy/tmr_ros2/install/tmrlib/include/tmr/tmr_tmsvr_communication.h
[0.534s] -- Up-to-date: /home/gy/tmr_ros2/install/tmrlib/include/tmr/tmr_data_table.h
[0.535s] -- Up-to-date: /home/gy/tmr_ros2/install/tmrlib/include/tmr/tmr_driver.h
[0.535s] -- Up-to-date: /home/gy/tmr_ros2/install/tmrlib/lib/libtmrdriver.a
[0.536s] -- Up-to-date: /home/gy/tmr_ros2/install/tmrlib/share/ament_index/resource_index/package_run_dependencies/tmrlib
[0.536s] -- Up-to-date: /home/gy/tmr_ros2/install/tmrlib/share/ament_index/resource_index/parent_prefix_path/tmrlib
[0.536s] -- Up-to-date: /home/gy/tmr_ros2/install/tmrlib/share/tmrlib/environment/ament_prefix_path.sh
[0.536s] -- Up-to-date: /home/gy/tmr_ros2/install/tmrlib/share/tmrlib/environment/ament_prefix_path.dsv
[0.536s] -- Up-to-date: /home/gy/tmr_ros2/install/tmrlib/share/tmrlib/environment/path.sh
[0.536s] -- Up-to-date: /home/gy/tmr_ros2/install/tmrlib/share/tmrlib/environment/path.dsv
[0.537s] -- Up-to-date: /home/gy/tmr_ros2/install/tmrlib/share/tmrlib/local_setup.bash
[0.537s] -- Up-to-date: /home/gy/tmr_ros2/install/tmrlib/share/tmrlib/local_setup.sh
[0.537s] -- Up-to-date: /home/gy/tmr_ros2/install/tmrlib/share/tmrlib/local_setup.zsh
[0.538s] -- Up-to-date: /home/gy/tmr_ros2/install/tmrlib/share/tmrlib/local_setup.dsv
[0.538s] -- Installing: /home/gy/tmr_ros2/install/tmrlib/share/tmrlib/package.dsv
[0.538s] -- Up-to-date: /home/gy/tmr_ros2/install/tmrlib/share/ament_index/resource_index/packages/tmrlib
[0.539s] -- Up-to-date: /home/gy/tmr_ros2/install/tmrlib/share/tmrlib/cmake/export_tmrdriverExport.cmake
[0.539s] -- Up-to-date: /home/gy/tmr_ros2/install/tmrlib/share/tmrlib/cmake/export_tmrdriverExport-noconfig.cmake
[0.539s] -- Up-to-date: /home/gy/tmr_ros2/install/tmrlib/share/tmrlib/cmake/ament_cmake_export_targets-extras.cmake
[0.539s] -- Up-to-date: /home/gy/tmr_ros2/install/tmrlib/share/tmrlib/cmake/tmrlibConfig.cmake
[0.539s] -- Up-to-date: /home/gy/tmr_ros2/install/tmrlib/share/tmrlib/cmake/tmrlibConfig-version.cmake
[0.549s] -- Up-to-date: /home/gy/tmr_ros2/install/tmrlib/share/tmrlib/package.xml
[0.549s] Invoked command in '/home/gy/tmr_ros2/build/tmrlib' returned '0': CMAKE_PREFIX_PATH=${CMAKE_PREFIX_PATH}:/home/gy/tmr_ros2/install/tmr_mod_urdf:/home/gy/tmr_ros2/install/tm_get_status:/opt/ros/foxy /usr/bin/cmake --install /home/gy/tmr_ros2/build/tmrlib
