[0.035s] Invoking command in '/home/gy/Omron_TM_ROS2/build/tmr_moveit_cpp_demo': CMAKE_PREFIX_PATH=/home/gy/Omron_TM_ROS2/install/tmr_mod_urdf:/home/gy/Omron_TM_ROS2/install/tm_get_status:/home/gy/Omron_TM_ROS2/install/rviz_tm:/home/gy/Omron_TM_ROS2/install/pickplace:/opt/ros/foxy:${CMAKE_PREFIX_PATH} /usr/bin/cmake --build /home/gy/Omron_TM_ROS2/build/tmr_moveit_cpp_demo -- -j3 -l3
[0.191s] Invoked command in '/home/gy/Omron_TM_ROS2/build/tmr_moveit_cpp_demo' returned '0': CMAKE_PREFIX_PATH=/home/gy/Omron_TM_ROS2/install/tmr_mod_urdf:/home/gy/Omron_TM_ROS2/install/tm_get_status:/home/gy/Omron_TM_ROS2/install/rviz_tm:/home/gy/Omron_TM_ROS2/install/pickplace:/opt/ros/foxy:${CMAKE_PREFIX_PATH} /usr/bin/cmake --build /home/gy/Omron_TM_ROS2/build/tmr_moveit_cpp_demo -- -j3 -l3
[0.287s] Invoking command in '/home/gy/Omron_TM_ROS2/build/tmr_moveit_cpp_demo': CMAKE_PREFIX_PATH=/home/gy/Omron_TM_ROS2/install/tmr_mod_urdf:/home/gy/Omron_TM_ROS2/install/tm_get_status:/home/gy/Omron_TM_ROS2/install/rviz_tm:/home/gy/Omron_TM_ROS2/install/pickplace:/opt/ros/foxy:${CMAKE_PREFIX_PATH} /usr/bin/cmake --install /home/gy/Omron_TM_ROS2/build/tmr_moveit_cpp_demo
[0.325s] -- Install configuration: ""
[0.326s] -- Up-to-date: /home/gy/Omron_TM_ROS2/install/tmr_moveit_cpp_demo/share/tmr_moveit_cpp_demo/launch
[0.326s] -- Up-to-date: /home/gy/Omron_TM_ROS2/install/tmr_moveit_cpp_demo/share/tmr_moveit_cpp_demo/launch/run_moveit_cpp.rviz
[0.326s] -- Up-to-date: /home/gy/Omron_TM_ROS2/install/tmr_moveit_cpp_demo/share/tmr_moveit_cpp_demo/launch/run_moveit_cpp.launch.py
[0.327s] -- Up-to-date: /home/gy/Omron_TM_ROS2/install/tmr_moveit_cpp_demo/share/tmr_moveit_cpp_demo/config
[0.331s] -- Up-to-date: /home/gy/Omron_TM_ROS2/install/tmr_moveit_cpp_demo/share/tmr_moveit_cpp_demo/config/moveit_cpp.yaml
[0.331s] -- Up-to-date: /home/gy/Omron_TM_ROS2/install/tmr_moveit_cpp_demo/share/tmr_moveit_cpp_demo/config/controllers.yaml
[0.331s] -- Up-to-date: /home/gy/Omron_TM_ROS2/install/tmr_moveit_cpp_demo/share/ament_index/resource_index/package_run_dependencies/tmr_moveit_cpp_demo
[0.331s] -- Up-to-date: /home/gy/Omron_TM_ROS2/install/tmr_moveit_cpp_demo/share/ament_index/resource_index/parent_prefix_path/tmr_moveit_cpp_demo
[0.332s] -- Up-to-date: /home/gy/Omron_TM_ROS2/install/tmr_moveit_cpp_demo/share/tmr_moveit_cpp_demo/environment/ament_prefix_path.sh
[0.332s] -- Up-to-date: /home/gy/Omron_TM_ROS2/install/tmr_moveit_cpp_demo/share/tmr_moveit_cpp_demo/environment/ament_prefix_path.dsv
[0.332s] -- Up-to-date: /home/gy/Omron_TM_ROS2/install/tmr_moveit_cpp_demo/share/tmr_moveit_cpp_demo/environment/path.sh
[0.332s] -- Up-to-date: /home/gy/Omron_TM_ROS2/install/tmr_moveit_cpp_demo/share/tmr_moveit_cpp_demo/environment/path.dsv
[0.332s] -- Up-to-date: /home/gy/Omron_TM_ROS2/install/tmr_moveit_cpp_demo/share/tmr_moveit_cpp_demo/local_setup.bash
[0.332s] -- Up-to-date: /home/gy/Omron_TM_ROS2/install/tmr_moveit_cpp_demo/share/tmr_moveit_cpp_demo/local_setup.sh
[0.333s] -- Up-to-date: /home/gy/Omron_TM_ROS2/install/tmr_moveit_cpp_demo/share/tmr_moveit_cpp_demo/local_setup.zsh
[0.333s] -- Up-to-date: /home/gy/Omron_TM_ROS2/install/tmr_moveit_cpp_demo/share/tmr_moveit_cpp_demo/local_setup.dsv
[0.333s] -- Installing: /home/gy/Omron_TM_ROS2/install/tmr_moveit_cpp_demo/share/tmr_moveit_cpp_demo/package.dsv
[0.333s] -- Up-to-date: /home/gy/Omron_TM_ROS2/install/tmr_moveit_cpp_demo/share/ament_index/resource_index/packages/tmr_moveit_cpp_demo
[0.334s] -- Up-to-date: /home/gy/Omron_TM_ROS2/install/tmr_moveit_cpp_demo/share/tmr_moveit_cpp_demo/cmake/tmr_moveit_cpp_demoConfig.cmake
[0.334s] -- Up-to-date: /home/gy/Omron_TM_ROS2/install/tmr_moveit_cpp_demo/share/tmr_moveit_cpp_demo/cmake/tmr_moveit_cpp_demoConfig-version.cmake
[0.334s] -- Up-to-date: /home/gy/Omron_TM_ROS2/install/tmr_moveit_cpp_demo/share/tmr_moveit_cpp_demo/package.xml
[0.353s] Invoked command in '/home/gy/Omron_TM_ROS2/build/tmr_moveit_cpp_demo' returned '0': CMAKE_PREFIX_PATH=/home/gy/Omron_TM_ROS2/install/tmr_mod_urdf:/home/gy/Omron_TM_ROS2/install/tm_get_status:/home/gy/Omron_TM_ROS2/install/rviz_tm:/home/gy/Omron_TM_ROS2/install/pickplace:/opt/ros/foxy:${CMAKE_PREFIX_PATH} /usr/bin/cmake --install /home/gy/Omron_TM_ROS2/build/tmr_moveit_cpp_demo
