running develop
running egg_info
creating tmr_mod_urdf.egg-info
writing tmr_mod_urdf.egg-info/PKG-INFO
writing dependency_links to tmr_mod_urdf.egg-info/dependency_links.txt
writing entry points to tmr_mod_urdf.egg-info/entry_points.txt
writing requirements to tmr_mod_urdf.egg-info/requires.txt
writing top-level names to tmr_mod_urdf.egg-info/top_level.txt
writing manifest file 'tmr_mod_urdf.egg-info/SOURCES.txt'
reading manifest file 'tmr_mod_urdf.egg-info/SOURCES.txt'
writing manifest file 'tmr_mod_urdf.egg-info/SOURCES.txt'
running build_ext
Creating /home/gy/Omron_TM_ROS2/install/tmr_mod_urdf/lib/python3.8/site-packages/site.py
Creating /home/gy/Omron_TM_ROS2/install/tmr_mod_urdf/lib/python3.8/site-packages/tmr-mod-urdf.egg-link (link to .)
Installing modify_urdf script to /home/gy/Omron_TM_ROS2/install/tmr_mod_urdf/lib/tmr_mod_urdf
Installing modify_xacro script to /home/gy/Omron_TM_ROS2/install/tmr_mod_urdf/lib/tmr_mod_urdf

Installed /home/gy/Omron_TM_ROS2/build/tmr_mod_urdf
running install_data
creating /home/gy/Omron_TM_ROS2/install/tmr_mod_urdf/share/ament_index
creating /home/gy/Omron_TM_ROS2/install/tmr_mod_urdf/share/ament_index/resource_index
creating /home/gy/Omron_TM_ROS2/install/tmr_mod_urdf/share/ament_index/resource_index/packages
copying resource/tmr_mod_urdf -> /home/gy/Omron_TM_ROS2/install/tmr_mod_urdf/share/ament_index/resource_index/packages
copying package.xml -> /home/gy/Omron_TM_ROS2/install/tmr_mod_urdf/share/tmr_mod_urdf
