[0.042s] Invoking command in '/home/gy/Omron_TM_ROS2/build/tmr_msgs': CMAKE_PREFIX_PATH=${CMAKE_PREFIX_PATH}:/home/gy/Omron_TM_ROS2/install/tmr_mod_urdf:/home/gy/Omron_TM_ROS2/install/tm_get_status:/home/gy/Omron_TM_ROS2/install/rviz_tm:/home/gy/Omron_TM_ROS2/install/pickplace:/opt/ros/foxy /usr/bin/cmake /home/gy/Omron_TM_ROS2/tmr_msgs -DCMAKE_INSTALL_PREFIX=/home/gy/Omron_TM_ROS2/install/tmr_msgs
[0.301s] -- The C compiler identification is GNU 9.3.0
[0.549s] -- The CXX compiler identification is GNU 9.3.0
[0.572s] -- Check for working C compiler: /usr/bin/cc
[1.083s] -- Check for working C compiler: /usr/bin/cc -- works
[1.093s] -- Detecting C compiler ABI info
[1.332s] -- Detecting C compiler ABI info - done
[1.393s] -- Detecting C compile features
[1.401s] -- Detecting C compile features - done
[1.413s] -- Check for working CXX compiler: /usr/bin/c++
[1.625s] -- Check for working CXX compiler: /usr/bin/c++ -- works
[1.625s] -- Detecting CXX compiler ABI info
[1.806s] -- Detecting CXX compiler ABI info - done
[1.853s] -- Detecting CXX compile features
[1.857s] -- Detecting CXX compile features - done
[1.864s] -- Found ament_cmake: 0.9.8 (/opt/ros/foxy/share/ament_cmake/cmake)
[1.945s] -- Found PythonInterp: /usr/bin/python3 (found suitable version "3.8.5", minimum required is "3") 
[1.945s] -- Using PYTHON_EXECUTABLE: /usr/bin/python3
[2.613s] -- Found std_msgs: 2.0.4 (/opt/ros/foxy/share/std_msgs/cmake)
[2.732s] -- Using all available rosidl_typesupport_c: rosidl_typesupport_fastrtps_c;rosidl_typesupport_introspection_c
[2.775s] -- Found rosidl_adapter: 1.2.1 (/opt/ros/foxy/share/rosidl_adapter/cmake)
[3.122s] -- Found OpenSSL: /usr/lib/x86_64-linux-gnu/libcrypto.so (found version "1.1.1f")  
[3.306s] -- Found FastRTPS: /opt/ros/foxy/include  
[3.766s] -- Using all available rosidl_typesupport_cpp: rosidl_typesupport_fastrtps_cpp;rosidl_typesupport_introspection_cpp
[4.132s] -- Found rosidl_default_generators: 1.0.1 (/opt/ros/foxy/share/rosidl_default_generators/cmake)
[4.339s] -- Found PythonInterp: /usr/bin/python3 (found version "3.8.5") 
[6.196s] -- Found ament_cmake_ros: 0.9.1 (/opt/ros/foxy/share/ament_cmake_ros/cmake)
[7.433s] -- Using all available rosidl_typesupport_c: rosidl_typesupport_fastrtps_c;rosidl_typesupport_introspection_c
[7.676s] -- Using all available rosidl_typesupport_cpp: rosidl_typesupport_fastrtps_cpp;rosidl_typesupport_introspection_cpp
[7.774s] -- Found PythonInterp: /usr/bin/python3 (found suitable version "3.8.5", minimum required is "3.5") 
[7.777s] -- Found python_cmake_module: 0.8.1 (/opt/ros/foxy/share/python_cmake_module/cmake)
[7.884s] -- Found PythonLibs: /usr/lib/x86_64-linux-gnu/libpython3.8.so (found suitable version "3.8.5", minimum required is "3.5") 
[7.886s] -- Using PYTHON_EXECUTABLE: /usr/bin/python3
[7.886s] -- Using PYTHON_INCLUDE_DIRS: /usr/include/python3.8
[7.886s] -- Using PYTHON_LIBRARIES: /usr/lib/x86_64-linux-gnu/libpython3.8.so
[7.971s] -- Found PythonExtra: .so  
[8.478s] -- Configuring done
[8.960s] -- Generating done
[8.977s] -- Build files have been written to: /home/gy/Omron_TM_ROS2/build/tmr_msgs
[9.019s] Invoked command in '/home/gy/Omron_TM_ROS2/build/tmr_msgs' returned '0': CMAKE_PREFIX_PATH=${CMAKE_PREFIX_PATH}:/home/gy/Omron_TM_ROS2/install/tmr_mod_urdf:/home/gy/Omron_TM_ROS2/install/tm_get_status:/home/gy/Omron_TM_ROS2/install/rviz_tm:/home/gy/Omron_TM_ROS2/install/pickplace:/opt/ros/foxy /usr/bin/cmake /home/gy/Omron_TM_ROS2/tmr_msgs -DCMAKE_INSTALL_PREFIX=/home/gy/Omron_TM_ROS2/install/tmr_msgs
[9.025s] Invoking command in '/home/gy/Omron_TM_ROS2/build/tmr_msgs': CMAKE_PREFIX_PATH=${CMAKE_PREFIX_PATH}:/home/gy/Omron_TM_ROS2/install/tmr_mod_urdf:/home/gy/Omron_TM_ROS2/install/tm_get_status:/home/gy/Omron_TM_ROS2/install/rviz_tm:/home/gy/Omron_TM_ROS2/install/pickplace:/opt/ros/foxy /usr/bin/cmake --build /home/gy/Omron_TM_ROS2/build/tmr_msgs -- -j3 -l3
[9.231s] [  1%] [34m[1mGenerating C code for ROS interfaces[0m
[9.244s] [35m[1mScanning dependencies of target tmr_msgs__cpp[0m
[9.301s] [  1%] [34m[1mGenerating C++ code for ROS interfaces[0m
[18.206s] [  1%] Built target tmr_msgs__cpp
[18.413s] [35m[1mScanning dependencies of target tmr_msgs__rosidl_generator_c[0m
[18.476s] [  2%] [32mBuilding C object CMakeFiles/tmr_msgs__rosidl_generator_c.dir/rosidl_generator_c/tmr_msgs/msg/detail/feedback_state__functions.c.o[0m
[18.654s] [  3%] [32mBuilding C object CMakeFiles/tmr_msgs__rosidl_generator_c.dir/rosidl_generator_c/tmr_msgs/msg/detail/svr_response__functions.c.o[0m
[18.804s] [  3%] [32mBuilding C object CMakeFiles/tmr_msgs__rosidl_generator_c.dir/rosidl_generator_c/tmr_msgs/msg/detail/sct_response__functions.c.o[0m
[18.950s] [  4%] [32mBuilding C object CMakeFiles/tmr_msgs__rosidl_generator_c.dir/rosidl_generator_c/tmr_msgs/msg/detail/sta_response__functions.c.o[0m
[19.108s] [  5%] [32mBuilding C object CMakeFiles/tmr_msgs__rosidl_generator_c.dir/rosidl_generator_c/tmr_msgs/srv/detail/connect_tm__functions.c.o[0m
[19.231s] [  6%] [32mBuilding C object CMakeFiles/tmr_msgs__rosidl_generator_c.dir/rosidl_generator_c/tmr_msgs/srv/detail/write_item__functions.c.o[0m
[19.301s] [  7%] [32mBuilding C object CMakeFiles/tmr_msgs__rosidl_generator_c.dir/rosidl_generator_c/tmr_msgs/srv/detail/ask_item__functions.c.o[0m
[19.378s] [  8%] [32mBuilding C object CMakeFiles/tmr_msgs__rosidl_generator_c.dir/rosidl_generator_c/tmr_msgs/srv/detail/send_script__functions.c.o[0m
[19.492s] [  9%] [32mBuilding C object CMakeFiles/tmr_msgs__rosidl_generator_c.dir/rosidl_generator_c/tmr_msgs/srv/detail/set_event__functions.c.o[0m
[19.582s] [  9%] [32mBuilding C object CMakeFiles/tmr_msgs__rosidl_generator_c.dir/rosidl_generator_c/tmr_msgs/srv/detail/set_io__functions.c.o[0m
[19.718s] [ 10%] [32mBuilding C object CMakeFiles/tmr_msgs__rosidl_generator_c.dir/rosidl_generator_c/tmr_msgs/srv/detail/set_positions__functions.c.o[0m
[19.884s] [ 11%] [32mBuilding C object CMakeFiles/tmr_msgs__rosidl_generator_c.dir/rosidl_generator_c/tmr_msgs/srv/detail/ask_sta__functions.c.o[0m
[20.052s] [ 12%] [32m[1mLinking C shared library libtmr_msgs__rosidl_generator_c.so[0m
[20.200s] [ 12%] Built target tmr_msgs__rosidl_generator_c
[20.245s] [ 12%] [34m[1mGenerating C++ type support for eProsima Fast-RTPS[0m
[24.815s] [35m[1mScanning dependencies of target tmr_msgs__rosidl_typesupport_fastrtps_cpp[0m
[24.893s] [ 13%] [32mBuilding CXX object CMakeFiles/tmr_msgs__rosidl_typesupport_fastrtps_cpp.dir/rosidl_typesupport_fastrtps_cpp/tmr_msgs/msg/detail/dds_fastrtps/feedback_state__type_support.cpp.o[0m
[26.001s] [ 14%] [32mBuilding CXX object CMakeFiles/tmr_msgs__rosidl_typesupport_fastrtps_cpp.dir/rosidl_typesupport_fastrtps_cpp/tmr_msgs/msg/detail/dds_fastrtps/svr_response__type_support.cpp.o[0m
[26.994s] [ 15%] [32mBuilding CXX object CMakeFiles/tmr_msgs__rosidl_typesupport_fastrtps_cpp.dir/rosidl_typesupport_fastrtps_cpp/tmr_msgs/msg/detail/dds_fastrtps/sct_response__type_support.cpp.o[0m
[27.946s] [ 16%] [32mBuilding CXX object CMakeFiles/tmr_msgs__rosidl_typesupport_fastrtps_cpp.dir/rosidl_typesupport_fastrtps_cpp/tmr_msgs/msg/detail/dds_fastrtps/sta_response__type_support.cpp.o[0m
[29.080s] [ 17%] [32mBuilding CXX object CMakeFiles/tmr_msgs__rosidl_typesupport_fastrtps_cpp.dir/rosidl_typesupport_fastrtps_cpp/tmr_msgs/srv/detail/dds_fastrtps/connect_tm__type_support.cpp.o[0m
[30.382s] [ 17%] [32mBuilding CXX object CMakeFiles/tmr_msgs__rosidl_typesupport_fastrtps_cpp.dir/rosidl_typesupport_fastrtps_cpp/tmr_msgs/srv/detail/dds_fastrtps/write_item__type_support.cpp.o[0m
[31.472s] [ 18%] [32mBuilding CXX object CMakeFiles/tmr_msgs__rosidl_typesupport_fastrtps_cpp.dir/rosidl_typesupport_fastrtps_cpp/tmr_msgs/srv/detail/dds_fastrtps/ask_item__type_support.cpp.o[0m
[32.663s] [ 19%] [32mBuilding CXX object CMakeFiles/tmr_msgs__rosidl_typesupport_fastrtps_cpp.dir/rosidl_typesupport_fastrtps_cpp/tmr_msgs/srv/detail/dds_fastrtps/send_script__type_support.cpp.o[0m
[34.067s] [ 20%] [32mBuilding CXX object CMakeFiles/tmr_msgs__rosidl_typesupport_fastrtps_cpp.dir/rosidl_typesupport_fastrtps_cpp/tmr_msgs/srv/detail/dds_fastrtps/set_event__type_support.cpp.o[0m
[35.296s] [ 21%] [32mBuilding CXX object CMakeFiles/tmr_msgs__rosidl_typesupport_fastrtps_cpp.dir/rosidl_typesupport_fastrtps_cpp/tmr_msgs/srv/detail/dds_fastrtps/set_io__type_support.cpp.o[0m
[36.460s] [ 22%] [32mBuilding CXX object CMakeFiles/tmr_msgs__rosidl_typesupport_fastrtps_cpp.dir/rosidl_typesupport_fastrtps_cpp/tmr_msgs/srv/detail/dds_fastrtps/set_positions__type_support.cpp.o[0m
[37.999s] [ 22%] [32mBuilding CXX object CMakeFiles/tmr_msgs__rosidl_typesupport_fastrtps_cpp.dir/rosidl_typesupport_fastrtps_cpp/tmr_msgs/srv/detail/dds_fastrtps/ask_sta__type_support.cpp.o[0m
[39.113s] [ 23%] [32m[1mLinking CXX shared library libtmr_msgs__rosidl_typesupport_fastrtps_cpp.so[0m
[39.589s] [ 23%] Built target tmr_msgs__rosidl_typesupport_fastrtps_cpp
[39.644s] [ 24%] [34m[1mGenerating C++ type support dispatch for ROS interfaces[0m
[43.533s] [35m[1mScanning dependencies of target tmr_msgs__rosidl_typesupport_cpp[0m
[43.612s] [ 25%] [32mBuilding CXX object CMakeFiles/tmr_msgs__rosidl_typesupport_cpp.dir/rosidl_typesupport_cpp/tmr_msgs/msg/feedback_state__type_support.cpp.o[0m
[44.256s] [ 26%] [32mBuilding CXX object CMakeFiles/tmr_msgs__rosidl_typesupport_cpp.dir/rosidl_typesupport_cpp/tmr_msgs/msg/svr_response__type_support.cpp.o[0m
[44.937s] [ 27%] [32mBuilding CXX object CMakeFiles/tmr_msgs__rosidl_typesupport_cpp.dir/rosidl_typesupport_cpp/tmr_msgs/msg/sct_response__type_support.cpp.o[0m
[45.652s] [ 28%] [32mBuilding CXX object CMakeFiles/tmr_msgs__rosidl_typesupport_cpp.dir/rosidl_typesupport_cpp/tmr_msgs/msg/sta_response__type_support.cpp.o[0m
[46.260s] [ 28%] [32mBuilding CXX object CMakeFiles/tmr_msgs__rosidl_typesupport_cpp.dir/rosidl_typesupport_cpp/tmr_msgs/srv/connect_tm__type_support.cpp.o[0m
[46.858s] [ 29%] [32mBuilding CXX object CMakeFiles/tmr_msgs__rosidl_typesupport_cpp.dir/rosidl_typesupport_cpp/tmr_msgs/srv/write_item__type_support.cpp.o[0m
[47.807s] [ 30%] [32mBuilding CXX object CMakeFiles/tmr_msgs__rosidl_typesupport_cpp.dir/rosidl_typesupport_cpp/tmr_msgs/srv/ask_item__type_support.cpp.o[0m
[48.605s] [ 31%] [32mBuilding CXX object CMakeFiles/tmr_msgs__rosidl_typesupport_cpp.dir/rosidl_typesupport_cpp/tmr_msgs/srv/send_script__type_support.cpp.o[0m
[49.680s] [ 32%] [32mBuilding CXX object CMakeFiles/tmr_msgs__rosidl_typesupport_cpp.dir/rosidl_typesupport_cpp/tmr_msgs/srv/set_event__type_support.cpp.o[0m
[50.655s] [ 33%] [32mBuilding CXX object CMakeFiles/tmr_msgs__rosidl_typesupport_cpp.dir/rosidl_typesupport_cpp/tmr_msgs/srv/set_io__type_support.cpp.o[0m
[51.334s] [ 33%] [32mBuilding CXX object CMakeFiles/tmr_msgs__rosidl_typesupport_cpp.dir/rosidl_typesupport_cpp/tmr_msgs/srv/set_positions__type_support.cpp.o[0m
[52.258s] [ 34%] [32mBuilding CXX object CMakeFiles/tmr_msgs__rosidl_typesupport_cpp.dir/rosidl_typesupport_cpp/tmr_msgs/srv/ask_sta__type_support.cpp.o[0m
[53.272s] [ 35%] [32m[1mLinking CXX shared library libtmr_msgs__rosidl_typesupport_cpp.so[0m
[53.416s] [ 35%] Built target tmr_msgs__rosidl_typesupport_cpp
[53.439s] [ 36%] [34m[1mGenerating C introspection for ROS interfaces[0m
[58.405s] [35m[1mScanning dependencies of target tmr_msgs__rosidl_typesupport_introspection_c[0m
[58.492s] [ 37%] [32mBuilding C object CMakeFiles/tmr_msgs__rosidl_typesupport_introspection_c.dir/rosidl_typesupport_introspection_c/tmr_msgs/msg/detail/feedback_state__type_support.c.o[0m
[58.611s] [ 38%] [32mBuilding C object CMakeFiles/tmr_msgs__rosidl_typesupport_introspection_c.dir/rosidl_typesupport_introspection_c/tmr_msgs/msg/detail/svr_response__type_support.c.o[0m
[58.735s] [ 39%] [32mBuilding C object CMakeFiles/tmr_msgs__rosidl_typesupport_introspection_c.dir/rosidl_typesupport_introspection_c/tmr_msgs/msg/detail/sct_response__type_support.c.o[0m
[58.846s] [ 39%] [32mBuilding C object CMakeFiles/tmr_msgs__rosidl_typesupport_introspection_c.dir/rosidl_typesupport_introspection_c/tmr_msgs/msg/detail/sta_response__type_support.c.o[0m
[58.948s] [ 40%] [32mBuilding C object CMakeFiles/tmr_msgs__rosidl_typesupport_introspection_c.dir/rosidl_typesupport_introspection_c/tmr_msgs/srv/detail/connect_tm__type_support.c.o[0m
[59.078s] [ 41%] [32mBuilding C object CMakeFiles/tmr_msgs__rosidl_typesupport_introspection_c.dir/rosidl_typesupport_introspection_c/tmr_msgs/srv/detail/write_item__type_support.c.o[0m
[59.144s] [ 42%] [32mBuilding C object CMakeFiles/tmr_msgs__rosidl_typesupport_introspection_c.dir/rosidl_typesupport_introspection_c/tmr_msgs/srv/detail/ask_item__type_support.c.o[0m
[59.276s] [ 43%] [32mBuilding C object CMakeFiles/tmr_msgs__rosidl_typesupport_introspection_c.dir/rosidl_typesupport_introspection_c/tmr_msgs/srv/detail/send_script__type_support.c.o[0m
[59.415s] [ 44%] [32mBuilding C object CMakeFiles/tmr_msgs__rosidl_typesupport_introspection_c.dir/rosidl_typesupport_introspection_c/tmr_msgs/srv/detail/set_event__type_support.c.o[0m
[59.544s] [ 45%] [32mBuilding C object CMakeFiles/tmr_msgs__rosidl_typesupport_introspection_c.dir/rosidl_typesupport_introspection_c/tmr_msgs/srv/detail/set_io__type_support.c.o[0m
[59.642s] [ 45%] [32mBuilding C object CMakeFiles/tmr_msgs__rosidl_typesupport_introspection_c.dir/rosidl_typesupport_introspection_c/tmr_msgs/srv/detail/set_positions__type_support.c.o[0m
[59.737s] [ 46%] [32mBuilding C object CMakeFiles/tmr_msgs__rosidl_typesupport_introspection_c.dir/rosidl_typesupport_introspection_c/tmr_msgs/srv/detail/ask_sta__type_support.c.o[0m
[59.830s] [ 47%] [32m[1mLinking C shared library libtmr_msgs__rosidl_typesupport_introspection_c.so[0m
[59.933s] [ 47%] Built target tmr_msgs__rosidl_typesupport_introspection_c
[59.968s] [ 48%] [34m[1mGenerating C type support dispatch for ROS interfaces[0m
[63.100s] [35m[1mScanning dependencies of target tmr_msgs__rosidl_typesupport_c[0m
[63.129s] [ 49%] [32mBuilding CXX object CMakeFiles/tmr_msgs__rosidl_typesupport_c.dir/rosidl_typesupport_c/tmr_msgs/msg/feedback_state__type_support.cpp.o[0m
[63.184s] [ 49%] [32mBuilding CXX object CMakeFiles/tmr_msgs__rosidl_typesupport_c.dir/rosidl_typesupport_c/tmr_msgs/msg/svr_response__type_support.cpp.o[0m
[63.238s] [ 50%] [32mBuilding CXX object CMakeFiles/tmr_msgs__rosidl_typesupport_c.dir/rosidl_typesupport_c/tmr_msgs/msg/sct_response__type_support.cpp.o[0m
[63.291s] [ 51%] [32mBuilding CXX object CMakeFiles/tmr_msgs__rosidl_typesupport_c.dir/rosidl_typesupport_c/tmr_msgs/msg/sta_response__type_support.cpp.o[0m
[63.345s] [ 52%] [32mBuilding CXX object CMakeFiles/tmr_msgs__rosidl_typesupport_c.dir/rosidl_typesupport_c/tmr_msgs/srv/connect_tm__type_support.cpp.o[0m
[63.423s] [ 53%] [32mBuilding CXX object CMakeFiles/tmr_msgs__rosidl_typesupport_c.dir/rosidl_typesupport_c/tmr_msgs/srv/write_item__type_support.cpp.o[0m
[63.485s] [ 54%] [32mBuilding CXX object CMakeFiles/tmr_msgs__rosidl_typesupport_c.dir/rosidl_typesupport_c/tmr_msgs/srv/ask_item__type_support.cpp.o[0m
[63.563s] [ 54%] [32mBuilding CXX object CMakeFiles/tmr_msgs__rosidl_typesupport_c.dir/rosidl_typesupport_c/tmr_msgs/srv/send_script__type_support.cpp.o[0m
[63.622s] [ 55%] [32mBuilding CXX object CMakeFiles/tmr_msgs__rosidl_typesupport_c.dir/rosidl_typesupport_c/tmr_msgs/srv/set_event__type_support.cpp.o[0m
[63.732s] [ 56%] [32mBuilding CXX object CMakeFiles/tmr_msgs__rosidl_typesupport_c.dir/rosidl_typesupport_c/tmr_msgs/srv/set_io__type_support.cpp.o[0m
[63.845s] [ 57%] [32mBuilding CXX object CMakeFiles/tmr_msgs__rosidl_typesupport_c.dir/rosidl_typesupport_c/tmr_msgs/srv/set_positions__type_support.cpp.o[0m
[63.930s] [ 58%] [32mBuilding CXX object CMakeFiles/tmr_msgs__rosidl_typesupport_c.dir/rosidl_typesupport_c/tmr_msgs/srv/ask_sta__type_support.cpp.o[0m
[63.982s] [ 59%] [32m[1mLinking CXX shared library libtmr_msgs__rosidl_typesupport_c.so[0m
[64.062s] [ 59%] Built target tmr_msgs__rosidl_typesupport_c
[64.082s] [ 60%] [34m[1mGenerating C type support for eProsima Fast-RTPS[0m
[67.761s] [35m[1mScanning dependencies of target tmr_msgs__rosidl_typesupport_fastrtps_c[0m
[67.844s] [ 61%] [32mBuilding CXX object CMakeFiles/tmr_msgs__rosidl_typesupport_fastrtps_c.dir/rosidl_typesupport_fastrtps_c/tmr_msgs/msg/detail/feedback_state__type_support_c.cpp.o[0m
[68.875s] [ 62%] [32mBuilding CXX object CMakeFiles/tmr_msgs__rosidl_typesupport_fastrtps_c.dir/rosidl_typesupport_fastrtps_c/tmr_msgs/msg/detail/svr_response__type_support_c.cpp.o[0m
[69.694s] [ 62%] [32mBuilding CXX object CMakeFiles/tmr_msgs__rosidl_typesupport_fastrtps_c.dir/rosidl_typesupport_fastrtps_c/tmr_msgs/msg/detail/sct_response__type_support_c.cpp.o[0m
[70.458s] [ 63%] [32mBuilding CXX object CMakeFiles/tmr_msgs__rosidl_typesupport_fastrtps_c.dir/rosidl_typesupport_fastrtps_c/tmr_msgs/msg/detail/sta_response__type_support_c.cpp.o[0m
[71.196s] [ 64%] [32mBuilding CXX object CMakeFiles/tmr_msgs__rosidl_typesupport_fastrtps_c.dir/rosidl_typesupport_fastrtps_c/tmr_msgs/srv/detail/connect_tm__type_support_c.cpp.o[0m
[71.962s] [ 65%] [32mBuilding CXX object CMakeFiles/tmr_msgs__rosidl_typesupport_fastrtps_c.dir/rosidl_typesupport_fastrtps_c/tmr_msgs/srv/detail/write_item__type_support_c.cpp.o[0m
[72.812s] [ 66%] [32mBuilding CXX object CMakeFiles/tmr_msgs__rosidl_typesupport_fastrtps_c.dir/rosidl_typesupport_fastrtps_c/tmr_msgs/srv/detail/ask_item__type_support_c.cpp.o[0m
[73.585s] [ 67%] [32mBuilding CXX object CMakeFiles/tmr_msgs__rosidl_typesupport_fastrtps_c.dir/rosidl_typesupport_fastrtps_c/tmr_msgs/srv/detail/send_script__type_support_c.cpp.o[0m
[74.423s] [ 67%] [32mBuilding CXX object CMakeFiles/tmr_msgs__rosidl_typesupport_fastrtps_c.dir/rosidl_typesupport_fastrtps_c/tmr_msgs/srv/detail/set_event__type_support_c.cpp.o[0m
[75.266s] [ 68%] [32mBuilding CXX object CMakeFiles/tmr_msgs__rosidl_typesupport_fastrtps_c.dir/rosidl_typesupport_fastrtps_c/tmr_msgs/srv/detail/set_io__type_support_c.cpp.o[0m
[76.016s] [ 69%] [32mBuilding CXX object CMakeFiles/tmr_msgs__rosidl_typesupport_fastrtps_c.dir/rosidl_typesupport_fastrtps_c/tmr_msgs/srv/detail/set_positions__type_support_c.cpp.o[0m
[76.708s] [ 70%] [32mBuilding CXX object CMakeFiles/tmr_msgs__rosidl_typesupport_fastrtps_c.dir/rosidl_typesupport_fastrtps_c/tmr_msgs/srv/detail/ask_sta__type_support_c.cpp.o[0m
[77.441s] [ 71%] [32m[1mLinking CXX shared library libtmr_msgs__rosidl_typesupport_fastrtps_c.so[0m
[77.617s] [ 71%] Built target tmr_msgs__rosidl_typesupport_fastrtps_c
[77.633s] [ 72%] [34m[1mGenerating C++ introspection for ROS interfaces[0m
[81.098s] [35m[1mScanning dependencies of target tmr_msgs__rosidl_typesupport_introspection_cpp[0m
[81.139s] [ 72%] [32mBuilding CXX object CMakeFiles/tmr_msgs__rosidl_typesupport_introspection_cpp.dir/rosidl_typesupport_introspection_cpp/tmr_msgs/msg/detail/feedback_state__type_support.cpp.o[0m
[82.032s] [ 73%] [32mBuilding CXX object CMakeFiles/tmr_msgs__rosidl_typesupport_introspection_cpp.dir/rosidl_typesupport_introspection_cpp/tmr_msgs/msg/detail/sct_response__type_support.cpp.o[0m
[82.621s] [ 74%] [32mBuilding CXX object CMakeFiles/tmr_msgs__rosidl_typesupport_introspection_cpp.dir/rosidl_typesupport_introspection_cpp/tmr_msgs/msg/detail/sta_response__type_support.cpp.o[0m
[83.272s] [ 75%] [32mBuilding CXX object CMakeFiles/tmr_msgs__rosidl_typesupport_introspection_cpp.dir/rosidl_typesupport_introspection_cpp/tmr_msgs/srv/detail/connect_tm__type_support.cpp.o[0m
[83.921s] [ 76%] [32mBuilding CXX object CMakeFiles/tmr_msgs__rosidl_typesupport_introspection_cpp.dir/rosidl_typesupport_introspection_cpp/tmr_msgs/srv/detail/write_item__type_support.cpp.o[0m
[84.629s] [ 76%] [32mBuilding CXX object CMakeFiles/tmr_msgs__rosidl_typesupport_introspection_cpp.dir/rosidl_typesupport_introspection_cpp/tmr_msgs/srv/detail/ask_item__type_support.cpp.o[0m
[85.229s] [ 77%] [32mBuilding CXX object CMakeFiles/tmr_msgs__rosidl_typesupport_introspection_cpp.dir/rosidl_typesupport_introspection_cpp/tmr_msgs/srv/detail/send_script__type_support.cpp.o[0m
[85.858s] [ 78%] [32mBuilding CXX object CMakeFiles/tmr_msgs__rosidl_typesupport_introspection_cpp.dir/rosidl_typesupport_introspection_cpp/tmr_msgs/srv/detail/set_event__type_support.cpp.o[0m
[86.463s] [ 79%] [32mBuilding CXX object CMakeFiles/tmr_msgs__rosidl_typesupport_introspection_cpp.dir/rosidl_typesupport_introspection_cpp/tmr_msgs/srv/detail/set_io__type_support.cpp.o[0m
[86.999s] [ 80%] [32mBuilding CXX object CMakeFiles/tmr_msgs__rosidl_typesupport_introspection_cpp.dir/rosidl_typesupport_introspection_cpp/tmr_msgs/srv/detail/set_positions__type_support.cpp.o[0m
[87.908s] [ 81%] [32mBuilding CXX object CMakeFiles/tmr_msgs__rosidl_typesupport_introspection_cpp.dir/rosidl_typesupport_introspection_cpp/tmr_msgs/srv/detail/ask_sta__type_support.cpp.o[0m
[88.607s] [ 82%] [32mBuilding CXX object CMakeFiles/tmr_msgs__rosidl_typesupport_introspection_cpp.dir/rosidl_typesupport_introspection_cpp/tmr_msgs/msg/detail/svr_response__type_support.cpp.o[0m
[89.327s] [ 83%] [32m[1mLinking CXX shared library libtmr_msgs__rosidl_typesupport_introspection_cpp.so[0m
[89.548s] [ 83%] Built target tmr_msgs__rosidl_typesupport_introspection_cpp
[89.568s] [35m[1mScanning dependencies of target tmr_msgs[0m
[89.600s] [ 83%] Built target tmr_msgs
[89.624s] [35m[1mScanning dependencies of target tmr_msgs__py[0m
[89.645s] [ 84%] [34m[1mGenerating Python code for ROS interfaces[0m
[98.226s] [ 84%] Built target tmr_msgs__py
[98.267s] [35m[1mScanning dependencies of target tmr_msgs__python[0m
[98.435s] [ 85%] [32mBuilding C object CMakeFiles/tmr_msgs__python.dir/rosidl_generator_py/tmr_msgs/msg/_feedback_state_s.c.o[0m
[99.017s] [ 86%] [32mBuilding C object CMakeFiles/tmr_msgs__python.dir/rosidl_generator_py/tmr_msgs/msg/_sct_response_s.c.o[0m
[99.254s] [ 87%] [32mBuilding C object CMakeFiles/tmr_msgs__python.dir/rosidl_generator_py/tmr_msgs/msg/_sta_response_s.c.o[0m
[99.445s] [ 87%] [32mBuilding C object CMakeFiles/tmr_msgs__python.dir/rosidl_generator_py/tmr_msgs/srv/_connect_tm_s.c.o[0m
[99.671s] [ 88%] [32mBuilding C object CMakeFiles/tmr_msgs__python.dir/rosidl_generator_py/tmr_msgs/srv/_write_item_s.c.o[0m
[99.949s] [ 89%] [32mBuilding C object CMakeFiles/tmr_msgs__python.dir/rosidl_generator_py/tmr_msgs/srv/_ask_item_s.c.o[0m
[100.210s] [ 90%] [32mBuilding C object CMakeFiles/tmr_msgs__python.dir/rosidl_generator_py/tmr_msgs/srv/_send_script_s.c.o[0m
[100.476s] [ 91%] [32mBuilding C object CMakeFiles/tmr_msgs__python.dir/rosidl_generator_py/tmr_msgs/srv/_set_event_s.c.o[0m
[100.727s] [ 92%] [32mBuilding C object CMakeFiles/tmr_msgs__python.dir/rosidl_generator_py/tmr_msgs/srv/_set_io_s.c.o[0m
[100.906s] [ 92%] [32mBuilding C object CMakeFiles/tmr_msgs__python.dir/rosidl_generator_py/tmr_msgs/srv/_set_positions_s.c.o[0m
[101.081s] [ 93%] [32mBuilding C object CMakeFiles/tmr_msgs__python.dir/rosidl_generator_py/tmr_msgs/srv/_ask_sta_s.c.o[0m
[101.267s] [ 94%] [32mBuilding C object CMakeFiles/tmr_msgs__python.dir/rosidl_generator_py/tmr_msgs/msg/_svr_response_s.c.o[0m
[101.435s] [ 95%] [32m[1mLinking C shared library rosidl_generator_py/tmr_msgs/libtmr_msgs__python.so[0m
[101.572s] [ 95%] Built target tmr_msgs__python
[101.600s] [35m[1mScanning dependencies of target tmr_msgs__rosidl_typesupport_c__pyext[0m
[101.685s] [ 95%] [32mBuilding C object CMakeFiles/tmr_msgs__rosidl_typesupport_c__pyext.dir/rosidl_generator_py/tmr_msgs/_tmr_msgs_s.ep.rosidl_typesupport_c.c.o[0m
[101.996s] [ 96%] [32m[1mLinking C shared library rosidl_generator_py/tmr_msgs/tmr_msgs_s__rosidl_typesupport_c.cpython-38-x86_64-linux-gnu.so[0m
[102.064s] [ 96%] Built target tmr_msgs__rosidl_typesupport_c__pyext
[102.102s] [35m[1mScanning dependencies of target tmr_msgs__rosidl_typesupport_introspection_c__pyext[0m
[102.158s] [ 97%] [32mBuilding C object CMakeFiles/tmr_msgs__rosidl_typesupport_introspection_c__pyext.dir/rosidl_generator_py/tmr_msgs/_tmr_msgs_s.ep.rosidl_typesupport_introspection_c.c.o[0m
[102.549s] [ 98%] [32m[1mLinking C shared library rosidl_generator_py/tmr_msgs/tmr_msgs_s__rosidl_typesupport_introspection_c.cpython-38-x86_64-linux-gnu.so[0m
[102.637s] [ 98%] Built target tmr_msgs__rosidl_typesupport_introspection_c__pyext
[102.678s] [35m[1mScanning dependencies of target tmr_msgs__rosidl_typesupport_fastrtps_c__pyext[0m
[102.742s] [ 99%] [32mBuilding C object CMakeFiles/tmr_msgs__rosidl_typesupport_fastrtps_c__pyext.dir/rosidl_generator_py/tmr_msgs/_tmr_msgs_s.ep.rosidl_typesupport_fastrtps_c.c.o[0m
[103.171s] [100%] [32m[1mLinking CXX shared library rosidl_generator_py/tmr_msgs/tmr_msgs_s__rosidl_typesupport_fastrtps_c.cpython-38-x86_64-linux-gnu.so[0m
[103.367s] [100%] Built target tmr_msgs__rosidl_typesupport_fastrtps_c__pyext
