[0.059s] Invoking command in '/home/omron/Omron_TM_ROS2/build/tmr_description': CMAKE_PREFIX_PATH=/opt/ros/foxy /usr/bin/cmake /home/omron/Omron_TM_ROS2/tmr_description -DCMAKE_INSTALL_PREFIX=/home/omron/Omron_TM_ROS2/install/tmr_description
[0.973s] -- The C compiler identification is GNU 9.3.0
[0.973s] -- The CXX compiler identification is GNU 9.3.0
[0.973s] -- Check for working C compiler: /usr/bin/cc
[0.973s] -- Check for working C compiler: /usr/bin/cc -- works
[0.973s] -- Detecting C compiler ABI info
[0.973s] -- Detecting C compiler ABI info - done
[0.973s] -- Detecting C compile features
[0.973s] -- Detecting C compile features - done
[0.973s] -- Check for working CXX compiler: /usr/bin/c++
[0.974s] -- Check for working CXX compiler: /usr/bin/c++ -- works
[0.974s] -- Detecting CXX compiler ABI info
[1.044s] -- Detecting CXX compiler ABI info - done
[1.084s] -- Detecting CXX compile features
[1.085s] -- Detecting CXX compile features - done
[1.092s] -- Found ament_cmake: 0.9.8 (/opt/ros/foxy/share/ament_cmake/cmake)
[1.186s] -- Found PythonInterp: /usr/bin/python3 (found suitable version "3.8.5", minimum required is "3") 
[1.186s] -- Using PYTHON_EXECUTABLE: /usr/bin/python3
[1.667s] -- Configuring done
[1.676s] -- Generating done
[1.684s] -- Build files have been written to: /home/omron/Omron_TM_ROS2/build/tmr_description
[1.754s] Invoked command in '/home/omron/Omron_TM_ROS2/build/tmr_description' returned '0': CMAKE_PREFIX_PATH=/opt/ros/foxy /usr/bin/cmake /home/omron/Omron_TM_ROS2/tmr_description -DCMAKE_INSTALL_PREFIX=/home/omron/Omron_TM_ROS2/install/tmr_description
[1.755s] Invoking command in '/home/omron/Omron_TM_ROS2/build/tmr_description': CMAKE_PREFIX_PATH=/opt/ros/foxy /usr/bin/cmake --build /home/omron/Omron_TM_ROS2/build/tmr_description -- -j8 -l8
[2.123s] Invoked command in '/home/omron/Omron_TM_ROS2/build/tmr_description' returned '0': CMAKE_PREFIX_PATH=/opt/ros/foxy /usr/bin/cmake --build /home/omron/Omron_TM_ROS2/build/tmr_description -- -j8 -l8
[2.229s] Invoking command in '/home/omron/Omron_TM_ROS2/build/tmr_description': CMAKE_PREFIX_PATH=/opt/ros/foxy /usr/bin/cmake --install /home/omron/Omron_TM_ROS2/build/tmr_description
[3.115s] -- Install configuration: ""
[3.115s] -- Installing: /home/omron/Omron_TM_ROS2/install/tmr_description/share/ament_index/resource_index/package_run_dependencies/tmr_description
[3.115s] -- Installing: /home/omron/Omron_TM_ROS2/install/tmr_description/share/ament_index/resource_index/parent_prefix_path/tmr_description
[3.116s] -- Installing: /home/omron/Omron_TM_ROS2/install/tmr_description/share/tmr_description/environment/ament_prefix_path.sh
[3.116s] -- Installing: /home/omron/Omron_TM_ROS2/install/tmr_description/share/tmr_description/environment/ament_prefix_path.dsv
[3.116s] -- Installing: /home/omron/Omron_TM_ROS2/install/tmr_description/share/tmr_description/environment/path.sh
[3.116s] -- Installing: /home/omron/Omron_TM_ROS2/install/tmr_description/share/tmr_description/environment/path.dsv
[3.116s] -- Installing: /home/omron/Omron_TM_ROS2/install/tmr_description/share/tmr_description/local_setup.bash
[3.116s] -- Installing: /home/omron/Omron_TM_ROS2/install/tmr_description/share/tmr_description/local_setup.sh
[3.116s] -- Installing: /home/omron/Omron_TM_ROS2/install/tmr_description/share/tmr_description/local_setup.zsh
[3.116s] -- Installing: /home/omron/Omron_TM_ROS2/install/tmr_description/share/tmr_description/local_setup.dsv
[3.116s] -- Installing: /home/omron/Omron_TM_ROS2/install/tmr_description/share/tmr_description/package.dsv
[3.116s] -- Installing: /home/omron/Omron_TM_ROS2/install/tmr_description/share/ament_index/resource_index/packages/tmr_description
[3.116s] -- Installing: /home/omron/Omron_TM_ROS2/install/tmr_description/share/tmr_description/cmake/tmr_descriptionConfig.cmake
[3.116s] -- Installing: /home/omron/Omron_TM_ROS2/install/tmr_description/share/tmr_description/cmake/tmr_descriptionConfig-version.cmake
[3.116s] -- Installing: /home/omron/Omron_TM_ROS2/install/tmr_description/share/tmr_description/package.xml
[3.116s] -- Installing: /home/omron/Omron_TM_ROS2/install/tmr_description/share/tmr_description/meshes
[3.117s] -- Installing: /home/omron/Omron_TM_ROS2/install/tmr_description/share/tmr_description/meshes/tm5-900
[3.117s] -- Installing: /home/omron/Omron_TM_ROS2/install/tmr_description/share/tmr_description/meshes/tm5-900/collision
[3.117s] -- Installing: /home/omron/Omron_TM_ROS2/install/tmr_description/share/tmr_description/meshes/tm5-900/collision/tm5_base_c.stl
[3.117s] -- Installing: /home/omron/Omron_TM_ROS2/install/tmr_description/share/tmr_description/meshes/tm5-900/collision/tmr_100w_02_c.stl
[3.117s] -- Installing: /home/omron/Omron_TM_ROS2/install/tmr_description/share/tmr_description/meshes/tm5-900/collision/tmr_100w_01_c.stl
[3.117s] -- Installing: /home/omron/Omron_TM_ROS2/install/tmr_description/share/tmr_description/meshes/tm5-900/collision/tmr_ee_c.stl
[3.117s] -- Installing: /home/omron/Omron_TM_ROS2/install/tmr_description/share/tmr_description/meshes/tm5-900/collision/tm5-900_arm1_c.stl
[3.118s] -- Installing: /home/omron/Omron_TM_ROS2/install/tmr_description/share/tmr_description/meshes/tm5-900/collision/tm5-900_arm2_c.stl
[3.126s] -- Installing: /home/omron/Omron_TM_ROS2/install/tmr_description/share/tmr_description/meshes/tm5-900/collision/tmr_400w_01_c.stl
[3.126s] -- Installing: /home/omron/Omron_TM_ROS2/install/tmr_description/share/tmr_description/meshes/tm5-900/visual
[3.126s] -- Installing: /home/omron/Omron_TM_ROS2/install/tmr_description/share/tmr_description/meshes/tm5-900/visual/tmr_100w_02.stl
[3.126s] -- Installing: /home/omron/Omron_TM_ROS2/install/tmr_description/share/tmr_description/meshes/tm5-900/visual/tm5_base_old.obj
[3.127s] -- Installing: /home/omron/Omron_TM_ROS2/install/tmr_description/share/tmr_description/meshes/tm5-900/visual/tm5-900_arm1.stl
[3.127s] -- Installing: /home/omron/Omron_TM_ROS2/install/tmr_description/share/tmr_description/meshes/tm5-900/visual/tm5-900_arm2.obj
[3.127s] -- Installing: /home/omron/Omron_TM_ROS2/install/tmr_description/share/tmr_description/meshes/tm5-900/visual/tm5_base.stl
[3.127s] -- Installing: /home/omron/Omron_TM_ROS2/install/tmr_description/share/tmr_description/meshes/tm5-900/visual/tmr_100w_01.mtl
[3.127s] -- Installing: /home/omron/Omron_TM_ROS2/install/tmr_description/share/tmr_description/meshes/tm5-900/visual/tmr_ee.obj
[3.127s] -- Installing: /home/omron/Omron_TM_ROS2/install/tmr_description/share/tmr_description/meshes/tm5-900/visual/tm5-900_arm2.mtl
[3.127s] -- Installing: /home/omron/Omron_TM_ROS2/install/tmr_description/share/tmr_description/meshes/tm5-900/visual/tm5_base.mtl
[3.127s] -- Installing: /home/omron/Omron_TM_ROS2/install/tmr_description/share/tmr_description/meshes/tm5-900/visual/tm5_base.obj
[3.127s] -- Installing: /home/omron/Omron_TM_ROS2/install/tmr_description/share/tmr_description/meshes/tm5-900/visual/tmr_400w_01.stl
[3.128s] -- Installing: /home/omron/Omron_TM_ROS2/install/tmr_description/share/tmr_description/meshes/tm5-900/visual/tm5_base_old.mtl
[3.128s] -- Installing: /home/omron/Omron_TM_ROS2/install/tmr_description/share/tmr_description/meshes/tm5-900/visual/tmr_400w_01.obj
[3.128s] -- Installing: /home/omron/Omron_TM_ROS2/install/tmr_description/share/tmr_description/meshes/tm5-900/visual/tmr_100w_02.obj
[3.128s] -- Installing: /home/omron/Omron_TM_ROS2/install/tmr_description/share/tmr_description/meshes/tm5-900/visual/tm5-900_arm1.mtl
[3.128s] -- Installing: /home/omron/Omron_TM_ROS2/install/tmr_description/share/tmr_description/meshes/tm5-900/visual/tm5-900_arm1.obj
[3.128s] -- Installing: /home/omron/Omron_TM_ROS2/install/tmr_description/share/tmr_description/meshes/tm5-900/visual/tm5-900_arm2.stl
[3.128s] -- Installing: /home/omron/Omron_TM_ROS2/install/tmr_description/share/tmr_description/meshes/tm5-900/visual/tmr_100w_01.obj
[3.128s] -- Installing: /home/omron/Omron_TM_ROS2/install/tmr_description/share/tmr_description/meshes/tm5-900/visual/tmr_100w_02.mtl
[3.129s] -- Installing: /home/omron/Omron_TM_ROS2/install/tmr_description/share/tmr_description/meshes/tm5-900/visual/tmr_400w_01.mtl
[3.129s] -- Installing: /home/omron/Omron_TM_ROS2/install/tmr_description/share/tmr_description/meshes/tm5-900/visual/tmr_ee.mtl
[3.129s] -- Installing: /home/omron/Omron_TM_ROS2/install/tmr_description/share/tmr_description/meshes/tm5-900/visual/tmr_100w_01.stl
[3.129s] -- Installing: /home/omron/Omron_TM_ROS2/install/tmr_description/share/tmr_description/meshes/tm5-900/visual/tmr_ee.stl
[3.129s] -- Installing: /home/omron/Omron_TM_ROS2/install/tmr_description/share/tmr_description/urdf
[3.129s] -- Installing: /home/omron/Omron_TM_ROS2/install/tmr_description/share/tmr_description/urdf/tm5-900.urdf
[3.129s] -- Installing: /home/omron/Omron_TM_ROS2/install/tmr_description/share/tmr_description/xacro
[3.129s] -- Installing: /home/omron/Omron_TM_ROS2/install/tmr_description/share/tmr_description/xacro/tm5-900.urdf.xacro
[3.130s] -- Installing: /home/omron/Omron_TM_ROS2/install/tmr_description/share/tmr_description/xacro/macro.tm5-900.urdf.xacro
[3.130s] -- Installing: /home/omron/Omron_TM_ROS2/install/tmr_description/share/tmr_description/xacro/macro.materials.xacro
[3.130s] -- Installing: /home/omron/Omron_TM_ROS2/install/tmr_description/share/tmr_description/xacro/macro.inertial.xacro
[3.130s] -- Installing: /home/omron/Omron_TM_ROS2/install/tmr_description/share/tmr_description/xacro/gripper
[3.130s] -- Installing: /home/omron/Omron_TM_ROS2/install/tmr_description/share/tmr_description/xacro/gripper/robotiq_2f.urdf.xacro
[3.130s] -- Installing: /home/omron/Omron_TM_ROS2/install/tmr_description/share/tmr_description/xacro/gripper/robotiq_85_gripper.transmission.xacro
[3.130s] -- Installing: /home/omron/Omron_TM_ROS2/install/tmr_description/share/tmr_description/xacro/gripper/robotiq_85_gripper_sim_base.urdf.xacro
[3.130s] -- Installing: /home/omron/Omron_TM_ROS2/install/tmr_description/share/tmr_description/xacro/gripper/robotiq_85_gripper.urdf.xacro
[3.130s] -- Installing: /home/omron/Omron_TM_ROS2/install/tmr_description/share/tmr_description/xacro/gripper/robotiq_85_gripper.xacro
[3.130s] -- Installing: /home/omron/Omron_TM_ROS2/install/tmr_description/share/tmr_description/xacro/macro.gazebo.xacro
[3.131s] -- Installing: /home/omron/Omron_TM_ROS2/install/tmr_description/share/tmr_description/xacro/macro.transmission.xacro
[3.148s] Invoked command in '/home/omron/Omron_TM_ROS2/build/tmr_description' returned '0': CMAKE_PREFIX_PATH=/opt/ros/foxy /usr/bin/cmake --install /home/omron/Omron_TM_ROS2/build/tmr_description
