[0.628s] DEBUG:colcon:Command line arguments: ['/usr/bin/colcon', 'build', '--packages-select', 'pickplace']
[0.629s] DEBUG:colcon:Parsed command line arguments: Namespace(ament_cmake_args=None, base_paths=['.'], build_base='build', catkin_cmake_args=None, catkin_skip_building_tests=False, cmake_args=None, cmake_clean_cache=False, cmake_clean_first=False, cmake_force_configure=False, cmake_target=None, cmake_target_skip_unavailable=False, continue_on_error=False, event_handlers=None, executor='parallel', ignore_user_meta=False, install_base='install', log_base=None, log_level=None, main=<bound method BuildVerb.main of <colcon_core.verb.build.BuildVerb object at 0x7fedc5470670>>, merge_install=False, metas=['./colcon.meta'], packages_above=None, packages_above_and_dependencies=None, packages_above_depth=None, packages_end=None, packages_ignore=None, packages_ignore_regex=None, packages_select=['pickplace'], packages_select_build_failed=False, packages_select_by_dep=None, packages_select_regex=None, packages_select_test_failures=False, packages_skip=None, packages_skip_build_finished=False, packages_skip_by_dep=None, packages_skip_regex=None, packages_skip_test_passed=False, packages_skip_up_to=None, packages_start=None, packages_up_to=None, packages_up_to_regex=None, parallel_workers=3, paths=None, symlink_install=False, test_result_base=None, verb_extension=<colcon_core.verb.build.BuildVerb object at 0x7fedc5470670>, verb_name='build', verb_parser=<colcon_defaults.argument_parser.defaults.DefaultArgumentsDecorator object at 0x7fedc5470bb0>)
[0.643s] Level 1:colcon.colcon_core.package_discovery:discover_packages(colcon_meta) check parameters
[0.644s] Level 1:colcon.colcon_core.package_discovery:discover_packages(recursive) check parameters
[0.644s] Level 1:colcon.colcon_core.package_discovery:discover_packages(ignore) check parameters
[0.644s] Level 1:colcon.colcon_core.package_discovery:discover_packages(path) check parameters
[0.644s] Level 1:colcon.colcon_core.package_discovery:discover_packages(colcon_meta) discover
[0.644s] Level 1:colcon.colcon_core.package_discovery:discover_packages(recursive) discover
[0.644s] INFO:colcon.colcon_core.package_discovery:Crawling recursively for packages in '/home/gy/Omron_TM_ROS2'
[0.645s] Level 1:colcon.colcon_core.package_identification:_identify(.) by extensions ['ignore', 'ignore_ament_install']
[0.645s] Level 1:colcon.colcon_core.package_identification:_identify(.) by extension 'ignore'
[0.645s] Level 1:colcon.colcon_core.package_identification:_identify(.) by extension 'ignore_ament_install'
[0.645s] Level 1:colcon.colcon_core.package_identification:_identify(.) by extensions ['colcon_pkg']
[0.645s] Level 1:colcon.colcon_core.package_identification:_identify(.) by extension 'colcon_pkg'
[0.645s] Level 1:colcon.colcon_core.package_identification:_identify(.) by extensions ['colcon_meta']
[0.645s] Level 1:colcon.colcon_core.package_identification:_identify(.) by extension 'colcon_meta'
[0.646s] Level 1:colcon.colcon_core.package_identification:_identify(.) by extensions ['ros']
[0.646s] Level 1:colcon.colcon_core.package_identification:_identify(.) by extension 'ros'
[0.666s] Level 1:colcon.colcon_core.package_identification:_identify(.) by extensions ['cmake', 'python']
[0.666s] Level 1:colcon.colcon_core.package_identification:_identify(.) by extension 'cmake'
[0.666s] Level 1:colcon.colcon_core.package_identification:_identify(.) by extension 'python'
[0.666s] Level 1:colcon.colcon_core.package_identification:_identify(.) by extensions ['python_setup_py']
[0.666s] Level 1:colcon.colcon_core.package_identification:_identify(.) by extension 'python_setup_py'
[0.667s] Level 1:colcon.colcon_core.package_identification:_identify(build) by extensions ['ignore', 'ignore_ament_install']
[0.667s] Level 1:colcon.colcon_core.package_identification:_identify(build) by extension 'ignore'
[0.667s] Level 1:colcon.colcon_core.package_identification:_identify(build) ignored
[0.667s] Level 1:colcon.colcon_core.package_identification:_identify(custom_package) by extensions ['ignore', 'ignore_ament_install']
[0.668s] Level 1:colcon.colcon_core.package_identification:_identify(custom_package) by extension 'ignore'
[0.668s] Level 1:colcon.colcon_core.package_identification:_identify(custom_package) by extension 'ignore_ament_install'
[0.668s] Level 1:colcon.colcon_core.package_identification:_identify(custom_package) by extensions ['colcon_pkg']
[0.668s] Level 1:colcon.colcon_core.package_identification:_identify(custom_package) by extension 'colcon_pkg'
[0.668s] Level 1:colcon.colcon_core.package_identification:_identify(custom_package) by extensions ['colcon_meta']
[0.668s] Level 1:colcon.colcon_core.package_identification:_identify(custom_package) by extension 'colcon_meta'
[0.669s] Level 1:colcon.colcon_core.package_identification:_identify(custom_package) by extensions ['ros']
[0.669s] Level 1:colcon.colcon_core.package_identification:_identify(custom_package) by extension 'ros'
[0.673s] DEBUG:colcon.colcon_core.package_identification:Package 'custom_package' with type 'ros.ament_cmake' and name 'custom_package'
[0.674s] Level 1:colcon.colcon_core.package_identification:_identify(demo) by extensions ['ignore', 'ignore_ament_install']
[0.676s] Level 1:colcon.colcon_core.package_identification:_identify(demo) by extension 'ignore'
[0.676s] Level 1:colcon.colcon_core.package_identification:_identify(demo) by extension 'ignore_ament_install'
[0.676s] Level 1:colcon.colcon_core.package_identification:_identify(demo) by extensions ['colcon_pkg']
[0.677s] Level 1:colcon.colcon_core.package_identification:_identify(demo) by extension 'colcon_pkg'
[0.677s] Level 1:colcon.colcon_core.package_identification:_identify(demo) by extensions ['colcon_meta']
[0.677s] Level 1:colcon.colcon_core.package_identification:_identify(demo) by extension 'colcon_meta'
[0.677s] Level 1:colcon.colcon_core.package_identification:_identify(demo) by extensions ['ros']
[0.677s] Level 1:colcon.colcon_core.package_identification:_identify(demo) by extension 'ros'
[0.678s] DEBUG:colcon.colcon_core.package_identification:Package 'demo' with type 'ros.ament_cmake' and name 'demo'
[0.679s] Level 1:colcon.colcon_core.package_identification:_identify(docs) by extensions ['ignore', 'ignore_ament_install']
[0.679s] Level 1:colcon.colcon_core.package_identification:_identify(docs) by extension 'ignore'
[0.679s] Level 1:colcon.colcon_core.package_identification:_identify(docs) by extension 'ignore_ament_install'
[0.679s] Level 1:colcon.colcon_core.package_identification:_identify(docs) by extensions ['colcon_pkg']
[0.680s] Level 1:colcon.colcon_core.package_identification:_identify(docs) by extension 'colcon_pkg'
[0.680s] Level 1:colcon.colcon_core.package_identification:_identify(docs) by extensions ['colcon_meta']
[0.680s] Level 1:colcon.colcon_core.package_identification:_identify(docs) by extension 'colcon_meta'
[0.680s] Level 1:colcon.colcon_core.package_identification:_identify(docs) by extensions ['ros']
[0.680s] Level 1:colcon.colcon_core.package_identification:_identify(docs) by extension 'ros'
[0.680s] Level 1:colcon.colcon_core.package_identification:_identify(docs) by extensions ['cmake', 'python']
[0.680s] Level 1:colcon.colcon_core.package_identification:_identify(docs) by extension 'cmake'
[0.681s] Level 1:colcon.colcon_core.package_identification:_identify(docs) by extension 'python'
[0.681s] Level 1:colcon.colcon_core.package_identification:_identify(docs) by extensions ['python_setup_py']
[0.681s] Level 1:colcon.colcon_core.package_identification:_identify(docs) by extension 'python_setup_py'
[0.681s] Level 1:colcon.colcon_core.package_identification:_identify(docs/images) by extensions ['ignore', 'ignore_ament_install']
[0.681s] Level 1:colcon.colcon_core.package_identification:_identify(docs/images) by extension 'ignore'
[0.681s] Level 1:colcon.colcon_core.package_identification:_identify(docs/images) by extension 'ignore_ament_install'
[0.682s] Level 1:colcon.colcon_core.package_identification:_identify(docs/images) by extensions ['colcon_pkg']
[0.682s] Level 1:colcon.colcon_core.package_identification:_identify(docs/images) by extension 'colcon_pkg'
[0.682s] Level 1:colcon.colcon_core.package_identification:_identify(docs/images) by extensions ['colcon_meta']
[0.682s] Level 1:colcon.colcon_core.package_identification:_identify(docs/images) by extension 'colcon_meta'
[0.682s] Level 1:colcon.colcon_core.package_identification:_identify(docs/images) by extensions ['ros']
[0.682s] Level 1:colcon.colcon_core.package_identification:_identify(docs/images) by extension 'ros'
[0.682s] Level 1:colcon.colcon_core.package_identification:_identify(docs/images) by extensions ['cmake', 'python']
[0.682s] Level 1:colcon.colcon_core.package_identification:_identify(docs/images) by extension 'cmake'
[0.683s] Level 1:colcon.colcon_core.package_identification:_identify(docs/images) by extension 'python'
[0.683s] Level 1:colcon.colcon_core.package_identification:_identify(docs/images) by extensions ['python_setup_py']
[0.683s] Level 1:colcon.colcon_core.package_identification:_identify(docs/images) by extension 'python_setup_py'
[0.683s] Level 1:colcon.colcon_core.package_identification:_identify(figures) by extensions ['ignore', 'ignore_ament_install']
[0.683s] Level 1:colcon.colcon_core.package_identification:_identify(figures) by extension 'ignore'
[0.684s] Level 1:colcon.colcon_core.package_identification:_identify(figures) by extension 'ignore_ament_install'
[0.684s] Level 1:colcon.colcon_core.package_identification:_identify(figures) by extensions ['colcon_pkg']
[0.684s] Level 1:colcon.colcon_core.package_identification:_identify(figures) by extension 'colcon_pkg'
[0.684s] Level 1:colcon.colcon_core.package_identification:_identify(figures) by extensions ['colcon_meta']
[0.684s] Level 1:colcon.colcon_core.package_identification:_identify(figures) by extension 'colcon_meta'
[0.684s] Level 1:colcon.colcon_core.package_identification:_identify(figures) by extensions ['ros']
[0.684s] Level 1:colcon.colcon_core.package_identification:_identify(figures) by extension 'ros'
[0.684s] Level 1:colcon.colcon_core.package_identification:_identify(figures) by extensions ['cmake', 'python']
[0.685s] Level 1:colcon.colcon_core.package_identification:_identify(figures) by extension 'cmake'
[0.685s] Level 1:colcon.colcon_core.package_identification:_identify(figures) by extension 'python'
[0.685s] Level 1:colcon.colcon_core.package_identification:_identify(figures) by extensions ['python_setup_py']
[0.685s] Level 1:colcon.colcon_core.package_identification:_identify(figures) by extension 'python_setup_py'
[0.685s] Level 1:colcon.colcon_core.package_identification:_identify(install) by extensions ['ignore', 'ignore_ament_install']
[0.685s] Level 1:colcon.colcon_core.package_identification:_identify(install) by extension 'ignore'
[0.685s] Level 1:colcon.colcon_core.package_identification:_identify(install) ignored
[0.686s] Level 1:colcon.colcon_core.package_identification:_identify(log) by extensions ['ignore', 'ignore_ament_install']
[0.686s] Level 1:colcon.colcon_core.package_identification:_identify(log) by extension 'ignore'
[0.686s] Level 1:colcon.colcon_core.package_identification:_identify(log) ignored
[0.686s] Level 1:colcon.colcon_core.package_identification:_identify(pickplace) by extensions ['ignore', 'ignore_ament_install']
[0.686s] Level 1:colcon.colcon_core.package_identification:_identify(pickplace) by extension 'ignore'
[0.686s] Level 1:colcon.colcon_core.package_identification:_identify(pickplace) by extension 'ignore_ament_install'
[0.687s] Level 1:colcon.colcon_core.package_identification:_identify(pickplace) by extensions ['colcon_pkg']
[0.687s] Level 1:colcon.colcon_core.package_identification:_identify(pickplace) by extension 'colcon_pkg'
[0.687s] Level 1:colcon.colcon_core.package_identification:_identify(pickplace) by extensions ['colcon_meta']
[0.687s] Level 1:colcon.colcon_core.package_identification:_identify(pickplace) by extension 'colcon_meta'
[0.687s] Level 1:colcon.colcon_core.package_identification:_identify(pickplace) by extensions ['ros']
[0.687s] Level 1:colcon.colcon_core.package_identification:_identify(pickplace) by extension 'ros'
[0.688s] DEBUG:colcon.colcon_core.package_identification:Package 'pickplace' with type 'ros.ament_python' and name 'pickplace'
[0.689s] Level 1:colcon.colcon_core.package_identification:_identify(scripts) by extensions ['ignore', 'ignore_ament_install']
[0.689s] Level 1:colcon.colcon_core.package_identification:_identify(scripts) by extension 'ignore'
[0.689s] Level 1:colcon.colcon_core.package_identification:_identify(scripts) by extension 'ignore_ament_install'
[0.689s] Level 1:colcon.colcon_core.package_identification:_identify(scripts) by extensions ['colcon_pkg']
[0.689s] Level 1:colcon.colcon_core.package_identification:_identify(scripts) by extension 'colcon_pkg'
[0.689s] Level 1:colcon.colcon_core.package_identification:_identify(scripts) by extensions ['colcon_meta']
[0.690s] Level 1:colcon.colcon_core.package_identification:_identify(scripts) by extension 'colcon_meta'
[0.690s] Level 1:colcon.colcon_core.package_identification:_identify(scripts) by extensions ['ros']
[0.690s] Level 1:colcon.colcon_core.package_identification:_identify(scripts) by extension 'ros'
[0.690s] Level 1:colcon.colcon_core.package_identification:_identify(scripts) by extensions ['cmake', 'python']
[0.690s] Level 1:colcon.colcon_core.package_identification:_identify(scripts) by extension 'cmake'
[0.690s] Level 1:colcon.colcon_core.package_identification:_identify(scripts) by extension 'python'
[0.690s] Level 1:colcon.colcon_core.package_identification:_identify(scripts) by extensions ['python_setup_py']
[0.691s] Level 1:colcon.colcon_core.package_identification:_identify(scripts) by extension 'python_setup_py'
[0.691s] Level 1:colcon.colcon_core.package_identification:_identify(scripts/NewPPP) by extensions ['ignore', 'ignore_ament_install']
[0.691s] Level 1:colcon.colcon_core.package_identification:_identify(scripts/NewPPP) by extension 'ignore'
[0.691s] Level 1:colcon.colcon_core.package_identification:_identify(scripts/NewPPP) by extension 'ignore_ament_install'
[0.691s] Level 1:colcon.colcon_core.package_identification:_identify(scripts/NewPPP) by extensions ['colcon_pkg']
[0.691s] Level 1:colcon.colcon_core.package_identification:_identify(scripts/NewPPP) by extension 'colcon_pkg'
[0.691s] Level 1:colcon.colcon_core.package_identification:_identify(scripts/NewPPP) by extensions ['colcon_meta']
[0.691s] Level 1:colcon.colcon_core.package_identification:_identify(scripts/NewPPP) by extension 'colcon_meta'
[0.691s] Level 1:colcon.colcon_core.package_identification:_identify(scripts/NewPPP) by extensions ['ros']
[0.691s] Level 1:colcon.colcon_core.package_identification:_identify(scripts/NewPPP) by extension 'ros'
[0.691s] Level 1:colcon.colcon_core.package_identification:_identify(scripts/NewPPP) by extensions ['cmake', 'python']
[0.692s] Level 1:colcon.colcon_core.package_identification:_identify(scripts/NewPPP) by extension 'cmake'
[0.692s] Level 1:colcon.colcon_core.package_identification:_identify(scripts/NewPPP) by extension 'python'
[0.692s] Level 1:colcon.colcon_core.package_identification:_identify(scripts/NewPPP) by extensions ['python_setup_py']
[0.692s] Level 1:colcon.colcon_core.package_identification:_identify(scripts/NewPPP) by extension 'python_setup_py'
[0.692s] Level 1:colcon.colcon_core.package_identification:_identify(scripts/NewPPP/__pycache__) by extensions ['ignore', 'ignore_ament_install']
[0.692s] Level 1:colcon.colcon_core.package_identification:_identify(scripts/NewPPP/__pycache__) by extension 'ignore'
[0.692s] Level 1:colcon.colcon_core.package_identification:_identify(scripts/NewPPP/__pycache__) by extension 'ignore_ament_install'
[0.692s] Level 1:colcon.colcon_core.package_identification:_identify(scripts/NewPPP/__pycache__) by extensions ['colcon_pkg']
[0.692s] Level 1:colcon.colcon_core.package_identification:_identify(scripts/NewPPP/__pycache__) by extension 'colcon_pkg'
[0.693s] Level 1:colcon.colcon_core.package_identification:_identify(scripts/NewPPP/__pycache__) by extensions ['colcon_meta']
[0.693s] Level 1:colcon.colcon_core.package_identification:_identify(scripts/NewPPP/__pycache__) by extension 'colcon_meta'
[0.693s] Level 1:colcon.colcon_core.package_identification:_identify(scripts/NewPPP/__pycache__) by extensions ['ros']
[0.693s] Level 1:colcon.colcon_core.package_identification:_identify(scripts/NewPPP/__pycache__) by extension 'ros'
[0.693s] Level 1:colcon.colcon_core.package_identification:_identify(scripts/NewPPP/__pycache__) by extensions ['cmake', 'python']
[0.693s] Level 1:colcon.colcon_core.package_identification:_identify(scripts/NewPPP/__pycache__) by extension 'cmake'
[0.693s] Level 1:colcon.colcon_core.package_identification:_identify(scripts/NewPPP/__pycache__) by extension 'python'
[0.693s] Level 1:colcon.colcon_core.package_identification:_identify(scripts/NewPPP/__pycache__) by extensions ['python_setup_py']
[0.694s] Level 1:colcon.colcon_core.package_identification:_identify(scripts/NewPPP/__pycache__) by extension 'python_setup_py'
[0.694s] Level 1:colcon.colcon_core.package_identification:_identify(scripts/NewPPP/build) by extensions ['ignore', 'ignore_ament_install']
[0.694s] Level 1:colcon.colcon_core.package_identification:_identify(scripts/NewPPP/build) by extension 'ignore'
[0.694s] Level 1:colcon.colcon_core.package_identification:_identify(scripts/NewPPP/build) ignored
[0.694s] Level 1:colcon.colcon_core.package_identification:_identify(scripts/NewPPP/install) by extensions ['ignore', 'ignore_ament_install']
[0.694s] Level 1:colcon.colcon_core.package_identification:_identify(scripts/NewPPP/install) by extension 'ignore'
[0.694s] Level 1:colcon.colcon_core.package_identification:_identify(scripts/NewPPP/install) ignored
[0.694s] Level 1:colcon.colcon_core.package_identification:_identify(scripts/NewPPP/libraries) by extensions ['ignore', 'ignore_ament_install']
[0.695s] Level 1:colcon.colcon_core.package_identification:_identify(scripts/NewPPP/libraries) by extension 'ignore'
[0.695s] Level 1:colcon.colcon_core.package_identification:_identify(scripts/NewPPP/libraries) by extension 'ignore_ament_install'
[0.695s] Level 1:colcon.colcon_core.package_identification:_identify(scripts/NewPPP/libraries) by extensions ['colcon_pkg']
[0.695s] Level 1:colcon.colcon_core.package_identification:_identify(scripts/NewPPP/libraries) by extension 'colcon_pkg'
[0.695s] Level 1:colcon.colcon_core.package_identification:_identify(scripts/NewPPP/libraries) by extensions ['colcon_meta']
[0.695s] Level 1:colcon.colcon_core.package_identification:_identify(scripts/NewPPP/libraries) by extension 'colcon_meta'
[0.695s] Level 1:colcon.colcon_core.package_identification:_identify(scripts/NewPPP/libraries) by extensions ['ros']
[0.695s] Level 1:colcon.colcon_core.package_identification:_identify(scripts/NewPPP/libraries) by extension 'ros'
[0.695s] Level 1:colcon.colcon_core.package_identification:_identify(scripts/NewPPP/libraries) by extensions ['cmake', 'python']
[0.695s] Level 1:colcon.colcon_core.package_identification:_identify(scripts/NewPPP/libraries) by extension 'cmake'
[0.695s] Level 1:colcon.colcon_core.package_identification:_identify(scripts/NewPPP/libraries) by extension 'python'
[0.695s] Level 1:colcon.colcon_core.package_identification:_identify(scripts/NewPPP/libraries) by extensions ['python_setup_py']
[0.696s] Level 1:colcon.colcon_core.package_identification:_identify(scripts/NewPPP/libraries) by extension 'python_setup_py'
[0.696s] Level 1:colcon.colcon_core.package_identification:_identify(scripts/NewPPP/libraries/__pycache__) by extensions ['ignore', 'ignore_ament_install']
[0.696s] Level 1:colcon.colcon_core.package_identification:_identify(scripts/NewPPP/libraries/__pycache__) by extension 'ignore'
[0.696s] Level 1:colcon.colcon_core.package_identification:_identify(scripts/NewPPP/libraries/__pycache__) by extension 'ignore_ament_install'
[0.696s] Level 1:colcon.colcon_core.package_identification:_identify(scripts/NewPPP/libraries/__pycache__) by extensions ['colcon_pkg']
[0.696s] Level 1:colcon.colcon_core.package_identification:_identify(scripts/NewPPP/libraries/__pycache__) by extension 'colcon_pkg'
[0.696s] Level 1:colcon.colcon_core.package_identification:_identify(scripts/NewPPP/libraries/__pycache__) by extensions ['colcon_meta']
[0.696s] Level 1:colcon.colcon_core.package_identification:_identify(scripts/NewPPP/libraries/__pycache__) by extension 'colcon_meta'
[0.697s] Level 1:colcon.colcon_core.package_identification:_identify(scripts/NewPPP/libraries/__pycache__) by extensions ['ros']
[0.697s] Level 1:colcon.colcon_core.package_identification:_identify(scripts/NewPPP/libraries/__pycache__) by extension 'ros'
[0.697s] Level 1:colcon.colcon_core.package_identification:_identify(scripts/NewPPP/libraries/__pycache__) by extensions ['cmake', 'python']
[0.697s] Level 1:colcon.colcon_core.package_identification:_identify(scripts/NewPPP/libraries/__pycache__) by extension 'cmake'
[0.697s] Level 1:colcon.colcon_core.package_identification:_identify(scripts/NewPPP/libraries/__pycache__) by extension 'python'
[0.697s] Level 1:colcon.colcon_core.package_identification:_identify(scripts/NewPPP/libraries/__pycache__) by extensions ['python_setup_py']
[0.697s] Level 1:colcon.colcon_core.package_identification:_identify(scripts/NewPPP/libraries/__pycache__) by extension 'python_setup_py'
[0.697s] Level 1:colcon.colcon_core.package_identification:_identify(scripts/NewPPP/log) by extensions ['ignore', 'ignore_ament_install']
[0.697s] Level 1:colcon.colcon_core.package_identification:_identify(scripts/NewPPP/log) by extension 'ignore'
[0.698s] Level 1:colcon.colcon_core.package_identification:_identify(scripts/NewPPP/log) ignored
[0.698s] Level 1:colcon.colcon_core.package_identification:_identify(scripts/NotUsed) by extensions ['ignore', 'ignore_ament_install']
[0.698s] Level 1:colcon.colcon_core.package_identification:_identify(scripts/NotUsed) by extension 'ignore'
[0.698s] Level 1:colcon.colcon_core.package_identification:_identify(scripts/NotUsed) by extension 'ignore_ament_install'
[0.698s] Level 1:colcon.colcon_core.package_identification:_identify(scripts/NotUsed) by extensions ['colcon_pkg']
[0.698s] Level 1:colcon.colcon_core.package_identification:_identify(scripts/NotUsed) by extension 'colcon_pkg'
[0.698s] Level 1:colcon.colcon_core.package_identification:_identify(scripts/NotUsed) by extensions ['colcon_meta']
[0.698s] Level 1:colcon.colcon_core.package_identification:_identify(scripts/NotUsed) by extension 'colcon_meta'
[0.699s] Level 1:colcon.colcon_core.package_identification:_identify(scripts/NotUsed) by extensions ['ros']
[0.699s] Level 1:colcon.colcon_core.package_identification:_identify(scripts/NotUsed) by extension 'ros'
[0.699s] Level 1:colcon.colcon_core.package_identification:_identify(scripts/NotUsed) by extensions ['cmake', 'python']
[0.699s] Level 1:colcon.colcon_core.package_identification:_identify(scripts/NotUsed) by extension 'cmake'
[0.699s] Level 1:colcon.colcon_core.package_identification:_identify(scripts/NotUsed) by extension 'python'
[0.699s] Level 1:colcon.colcon_core.package_identification:_identify(scripts/NotUsed) by extensions ['python_setup_py']
[0.699s] Level 1:colcon.colcon_core.package_identification:_identify(scripts/NotUsed) by extension 'python_setup_py'
[0.700s] Level 1:colcon.colcon_core.package_identification:_identify(scripts/Vive) by extensions ['ignore', 'ignore_ament_install']
[0.700s] Level 1:colcon.colcon_core.package_identification:_identify(scripts/Vive) by extension 'ignore'
[0.700s] Level 1:colcon.colcon_core.package_identification:_identify(scripts/Vive) by extension 'ignore_ament_install'
[0.700s] Level 1:colcon.colcon_core.package_identification:_identify(scripts/Vive) by extensions ['colcon_pkg']
[0.700s] Level 1:colcon.colcon_core.package_identification:_identify(scripts/Vive) by extension 'colcon_pkg'
[0.700s] Level 1:colcon.colcon_core.package_identification:_identify(scripts/Vive) by extensions ['colcon_meta']
[0.700s] Level 1:colcon.colcon_core.package_identification:_identify(scripts/Vive) by extension 'colcon_meta'
[0.701s] Level 1:colcon.colcon_core.package_identification:_identify(scripts/Vive) by extensions ['ros']
[0.701s] Level 1:colcon.colcon_core.package_identification:_identify(scripts/Vive) by extension 'ros'
[0.701s] Level 1:colcon.colcon_core.package_identification:_identify(scripts/Vive) by extensions ['cmake', 'python']
[0.701s] Level 1:colcon.colcon_core.package_identification:_identify(scripts/Vive) by extension 'cmake'
[0.701s] Level 1:colcon.colcon_core.package_identification:_identify(scripts/Vive) by extension 'python'
[0.701s] Level 1:colcon.colcon_core.package_identification:_identify(scripts/Vive) by extensions ['python_setup_py']
[0.701s] Level 1:colcon.colcon_core.package_identification:_identify(scripts/Vive) by extension 'python_setup_py'
[0.702s] Level 1:colcon.colcon_core.package_identification:_identify(scripts/Vive/libraries) by extensions ['ignore', 'ignore_ament_install']
[0.702s] Level 1:colcon.colcon_core.package_identification:_identify(scripts/Vive/libraries) by extension 'ignore'
[0.702s] Level 1:colcon.colcon_core.package_identification:_identify(scripts/Vive/libraries) by extension 'ignore_ament_install'
[0.702s] Level 1:colcon.colcon_core.package_identification:_identify(scripts/Vive/libraries) by extensions ['colcon_pkg']
[0.702s] Level 1:colcon.colcon_core.package_identification:_identify(scripts/Vive/libraries) by extension 'colcon_pkg'
[0.702s] Level 1:colcon.colcon_core.package_identification:_identify(scripts/Vive/libraries) by extensions ['colcon_meta']
[0.703s] Level 1:colcon.colcon_core.package_identification:_identify(scripts/Vive/libraries) by extension 'colcon_meta'
[0.703s] Level 1:colcon.colcon_core.package_identification:_identify(scripts/Vive/libraries) by extensions ['ros']
[0.703s] Level 1:colcon.colcon_core.package_identification:_identify(scripts/Vive/libraries) by extension 'ros'
[0.703s] Level 1:colcon.colcon_core.package_identification:_identify(scripts/Vive/libraries) by extensions ['cmake', 'python']
[0.703s] Level 1:colcon.colcon_core.package_identification:_identify(scripts/Vive/libraries) by extension 'cmake'
[0.703s] Level 1:colcon.colcon_core.package_identification:_identify(scripts/Vive/libraries) by extension 'python'
[0.704s] Level 1:colcon.colcon_core.package_identification:_identify(scripts/Vive/libraries) by extensions ['python_setup_py']
[0.704s] Level 1:colcon.colcon_core.package_identification:_identify(scripts/Vive/libraries) by extension 'python_setup_py'
[0.704s] Level 1:colcon.colcon_core.package_identification:_identify(scripts/Vive/libraries/__pycache__) by extensions ['ignore', 'ignore_ament_install']
[0.704s] Level 1:colcon.colcon_core.package_identification:_identify(scripts/Vive/libraries/__pycache__) by extension 'ignore'
[0.704s] Level 1:colcon.colcon_core.package_identification:_identify(scripts/Vive/libraries/__pycache__) by extension 'ignore_ament_install'
[0.704s] Level 1:colcon.colcon_core.package_identification:_identify(scripts/Vive/libraries/__pycache__) by extensions ['colcon_pkg']
[0.704s] Level 1:colcon.colcon_core.package_identification:_identify(scripts/Vive/libraries/__pycache__) by extension 'colcon_pkg'
[0.705s] Level 1:colcon.colcon_core.package_identification:_identify(scripts/Vive/libraries/__pycache__) by extensions ['colcon_meta']
[0.705s] Level 1:colcon.colcon_core.package_identification:_identify(scripts/Vive/libraries/__pycache__) by extension 'colcon_meta'
[0.705s] Level 1:colcon.colcon_core.package_identification:_identify(scripts/Vive/libraries/__pycache__) by extensions ['ros']
[0.705s] Level 1:colcon.colcon_core.package_identification:_identify(scripts/Vive/libraries/__pycache__) by extension 'ros'
[0.705s] Level 1:colcon.colcon_core.package_identification:_identify(scripts/Vive/libraries/__pycache__) by extensions ['cmake', 'python']
[0.705s] Level 1:colcon.colcon_core.package_identification:_identify(scripts/Vive/libraries/__pycache__) by extension 'cmake'
[0.705s] Level 1:colcon.colcon_core.package_identification:_identify(scripts/Vive/libraries/__pycache__) by extension 'python'
[0.705s] Level 1:colcon.colcon_core.package_identification:_identify(scripts/Vive/libraries/__pycache__) by extensions ['python_setup_py']
[0.705s] Level 1:colcon.colcon_core.package_identification:_identify(scripts/Vive/libraries/__pycache__) by extension 'python_setup_py'
[0.706s] Level 1:colcon.colcon_core.package_identification:_identify(techman_robot_get_status) by extensions ['ignore', 'ignore_ament_install']
[0.706s] Level 1:colcon.colcon_core.package_identification:_identify(techman_robot_get_status) by extension 'ignore'
[0.706s] Level 1:colcon.colcon_core.package_identification:_identify(techman_robot_get_status) by extension 'ignore_ament_install'
[0.706s] Level 1:colcon.colcon_core.package_identification:_identify(techman_robot_get_status) by extensions ['colcon_pkg']
[0.706s] Level 1:colcon.colcon_core.package_identification:_identify(techman_robot_get_status) by extension 'colcon_pkg'
[0.706s] Level 1:colcon.colcon_core.package_identification:_identify(techman_robot_get_status) by extensions ['colcon_meta']
[0.706s] Level 1:colcon.colcon_core.package_identification:_identify(techman_robot_get_status) by extension 'colcon_meta'
[0.706s] Level 1:colcon.colcon_core.package_identification:_identify(techman_robot_get_status) by extensions ['ros']
[0.706s] Level 1:colcon.colcon_core.package_identification:_identify(techman_robot_get_status) by extension 'ros'
[0.708s] DEBUG:colcon.colcon_core.package_identification:Package 'techman_robot_get_status' with type 'ros.ament_python' and name 'tm_get_status'
[0.708s] Level 1:colcon.colcon_core.package_identification:_identify(techman_robot_msgs) by extensions ['ignore', 'ignore_ament_install']
[0.709s] Level 1:colcon.colcon_core.package_identification:_identify(techman_robot_msgs) by extension 'ignore'
[0.709s] Level 1:colcon.colcon_core.package_identification:_identify(techman_robot_msgs) by extension 'ignore_ament_install'
[0.709s] Level 1:colcon.colcon_core.package_identification:_identify(techman_robot_msgs) by extensions ['colcon_pkg']
[0.709s] Level 1:colcon.colcon_core.package_identification:_identify(techman_robot_msgs) by extension 'colcon_pkg'
[0.709s] Level 1:colcon.colcon_core.package_identification:_identify(techman_robot_msgs) by extensions ['colcon_meta']
[0.709s] Level 1:colcon.colcon_core.package_identification:_identify(techman_robot_msgs) by extension 'colcon_meta'
[0.710s] Level 1:colcon.colcon_core.package_identification:_identify(techman_robot_msgs) by extensions ['ros']
[0.710s] Level 1:colcon.colcon_core.package_identification:_identify(techman_robot_msgs) by extension 'ros'
[0.711s] DEBUG:colcon.colcon_core.package_identification:Package 'techman_robot_msgs' with type 'ros.ament_cmake' and name 'techman_robot_msgs'
[0.711s] Level 1:colcon.colcon_core.package_identification:_identify(tm_driver) by extensions ['ignore', 'ignore_ament_install']
[0.712s] Level 1:colcon.colcon_core.package_identification:_identify(tm_driver) by extension 'ignore'
[0.712s] Level 1:colcon.colcon_core.package_identification:_identify(tm_driver) by extension 'ignore_ament_install'
[0.712s] Level 1:colcon.colcon_core.package_identification:_identify(tm_driver) by extensions ['colcon_pkg']
[0.712s] Level 1:colcon.colcon_core.package_identification:_identify(tm_driver) by extension 'colcon_pkg'
[0.712s] Level 1:colcon.colcon_core.package_identification:_identify(tm_driver) by extensions ['colcon_meta']
[0.712s] Level 1:colcon.colcon_core.package_identification:_identify(tm_driver) by extension 'colcon_meta'
[0.713s] Level 1:colcon.colcon_core.package_identification:_identify(tm_driver) by extensions ['ros']
[0.713s] Level 1:colcon.colcon_core.package_identification:_identify(tm_driver) by extension 'ros'
[0.714s] DEBUG:colcon.colcon_core.package_identification:Package 'tm_driver' with type 'ros.ament_cmake' and name 'tm_driver'
[0.715s] Level 1:colcon.colcon_core.package_identification:_identify(tm_msgs) by extensions ['ignore', 'ignore_ament_install']
[0.715s] Level 1:colcon.colcon_core.package_identification:_identify(tm_msgs) by extension 'ignore'
[0.716s] Level 1:colcon.colcon_core.package_identification:_identify(tm_msgs) by extension 'ignore_ament_install'
[0.716s] Level 1:colcon.colcon_core.package_identification:_identify(tm_msgs) by extensions ['colcon_pkg']
[0.716s] Level 1:colcon.colcon_core.package_identification:_identify(tm_msgs) by extension 'colcon_pkg'
[0.716s] Level 1:colcon.colcon_core.package_identification:_identify(tm_msgs) by extensions ['colcon_meta']
[0.716s] Level 1:colcon.colcon_core.package_identification:_identify(tm_msgs) by extension 'colcon_meta'
[0.717s] Level 1:colcon.colcon_core.package_identification:_identify(tm_msgs) by extensions ['ros']
[0.717s] Level 1:colcon.colcon_core.package_identification:_identify(tm_msgs) by extension 'ros'
[0.718s] DEBUG:colcon.colcon_core.package_identification:Package 'tm_msgs' with type 'ros.ament_cmake' and name 'tm_msgs'
[0.719s] Level 1:colcon.colcon_core.package_identification:_identify(tmr_description) by extensions ['ignore', 'ignore_ament_install']
[0.719s] Level 1:colcon.colcon_core.package_identification:_identify(tmr_description) by extension 'ignore'
[0.719s] Level 1:colcon.colcon_core.package_identification:_identify(tmr_description) by extension 'ignore_ament_install'
[0.719s] Level 1:colcon.colcon_core.package_identification:_identify(tmr_description) by extensions ['colcon_pkg']
[0.719s] Level 1:colcon.colcon_core.package_identification:_identify(tmr_description) by extension 'colcon_pkg'
[0.719s] Level 1:colcon.colcon_core.package_identification:_identify(tmr_description) by extensions ['colcon_meta']
[0.719s] Level 1:colcon.colcon_core.package_identification:_identify(tmr_description) by extension 'colcon_meta'
[0.719s] Level 1:colcon.colcon_core.package_identification:_identify(tmr_description) by extensions ['ros']
[0.720s] Level 1:colcon.colcon_core.package_identification:_identify(tmr_description) by extension 'ros'
[0.721s] DEBUG:colcon.colcon_core.package_identification:Package 'tmr_description' with type 'ros.ament_cmake' and name 'tmr_description'
[0.721s] Level 1:colcon.colcon_core.package_identification:_identify(tmr_driver) by extensions ['ignore', 'ignore_ament_install']
[0.721s] Level 1:colcon.colcon_core.package_identification:_identify(tmr_driver) by extension 'ignore'
[0.722s] Level 1:colcon.colcon_core.package_identification:_identify(tmr_driver) by extension 'ignore_ament_install'
[0.722s] Level 1:colcon.colcon_core.package_identification:_identify(tmr_driver) by extensions ['colcon_pkg']
[0.722s] Level 1:colcon.colcon_core.package_identification:_identify(tmr_driver) by extension 'colcon_pkg'
[0.722s] Level 1:colcon.colcon_core.package_identification:_identify(tmr_driver) by extensions ['colcon_meta']
[0.722s] Level 1:colcon.colcon_core.package_identification:_identify(tmr_driver) by extension 'colcon_meta'
[0.722s] Level 1:colcon.colcon_core.package_identification:_identify(tmr_driver) by extensions ['ros']
[0.722s] Level 1:colcon.colcon_core.package_identification:_identify(tmr_driver) by extension 'ros'
[0.723s] DEBUG:colcon.colcon_core.package_identification:Package 'tmr_driver' with type 'ros.ament_cmake' and name 'tmr_driver'
[0.724s] Level 1:colcon.colcon_core.package_identification:_identify(tmr_mod_urdf) by extensions ['ignore', 'ignore_ament_install']
[0.724s] Level 1:colcon.colcon_core.package_identification:_identify(tmr_mod_urdf) by extension 'ignore'
[0.724s] Level 1:colcon.colcon_core.package_identification:_identify(tmr_mod_urdf) by extension 'ignore_ament_install'
[0.724s] Level 1:colcon.colcon_core.package_identification:_identify(tmr_mod_urdf) by extensions ['colcon_pkg']
[0.724s] Level 1:colcon.colcon_core.package_identification:_identify(tmr_mod_urdf) by extension 'colcon_pkg'
[0.724s] Level 1:colcon.colcon_core.package_identification:_identify(tmr_mod_urdf) by extensions ['colcon_meta']
[0.724s] Level 1:colcon.colcon_core.package_identification:_identify(tmr_mod_urdf) by extension 'colcon_meta'
[0.725s] Level 1:colcon.colcon_core.package_identification:_identify(tmr_mod_urdf) by extensions ['ros']
[0.725s] Level 1:colcon.colcon_core.package_identification:_identify(tmr_mod_urdf) by extension 'ros'
[0.726s] DEBUG:colcon.colcon_core.package_identification:Package 'tmr_mod_urdf' with type 'ros.ament_python' and name 'tmr_mod_urdf'
[0.726s] Level 1:colcon.colcon_core.package_identification:_identify(tmr_moveit_config_tm5-900) by extensions ['ignore', 'ignore_ament_install']
[0.726s] Level 1:colcon.colcon_core.package_identification:_identify(tmr_moveit_config_tm5-900) by extension 'ignore'
[0.726s] Level 1:colcon.colcon_core.package_identification:_identify(tmr_moveit_config_tm5-900) by extension 'ignore_ament_install'
[0.726s] Level 1:colcon.colcon_core.package_identification:_identify(tmr_moveit_config_tm5-900) by extensions ['colcon_pkg']
[0.727s] Level 1:colcon.colcon_core.package_identification:_identify(tmr_moveit_config_tm5-900) by extension 'colcon_pkg'
[0.727s] Level 1:colcon.colcon_core.package_identification:_identify(tmr_moveit_config_tm5-900) by extensions ['colcon_meta']
[0.727s] Level 1:colcon.colcon_core.package_identification:_identify(tmr_moveit_config_tm5-900) by extension 'colcon_meta'
[0.727s] Level 1:colcon.colcon_core.package_identification:_identify(tmr_moveit_config_tm5-900) by extensions ['ros']
[0.727s] Level 1:colcon.colcon_core.package_identification:_identify(tmr_moveit_config_tm5-900) by extension 'ros'
[0.729s] DEBUG:colcon.colcon_core.package_identification:Package 'tmr_moveit_config_tm5-900' with type 'ros.ament_cmake' and name 'tmr_moveit_config_tm5-900'
[0.729s] Level 1:colcon.colcon_core.package_identification:_identify(tmr_moveit_cpp_demo) by extensions ['ignore', 'ignore_ament_install']
[0.729s] Level 1:colcon.colcon_core.package_identification:_identify(tmr_moveit_cpp_demo) by extension 'ignore'
[0.729s] Level 1:colcon.colcon_core.package_identification:_identify(tmr_moveit_cpp_demo) by extension 'ignore_ament_install'
[0.729s] Level 1:colcon.colcon_core.package_identification:_identify(tmr_moveit_cpp_demo) by extensions ['colcon_pkg']
[0.729s] Level 1:colcon.colcon_core.package_identification:_identify(tmr_moveit_cpp_demo) by extension 'colcon_pkg'
[0.729s] Level 1:colcon.colcon_core.package_identification:_identify(tmr_moveit_cpp_demo) by extensions ['colcon_meta']
[0.729s] Level 1:colcon.colcon_core.package_identification:_identify(tmr_moveit_cpp_demo) by extension 'colcon_meta'
[0.730s] Level 1:colcon.colcon_core.package_identification:_identify(tmr_moveit_cpp_demo) by extensions ['ros']
[0.730s] Level 1:colcon.colcon_core.package_identification:_identify(tmr_moveit_cpp_demo) by extension 'ros'
[0.731s] DEBUG:colcon.colcon_core.package_identification:Package 'tmr_moveit_cpp_demo' with type 'ros.ament_cmake' and name 'tmr_moveit_cpp_demo'
[0.731s] Level 1:colcon.colcon_core.package_identification:_identify(tmr_msgs) by extensions ['ignore', 'ignore_ament_install']
[0.731s] Level 1:colcon.colcon_core.package_identification:_identify(tmr_msgs) by extension 'ignore'
[0.731s] Level 1:colcon.colcon_core.package_identification:_identify(tmr_msgs) by extension 'ignore_ament_install'
[0.731s] Level 1:colcon.colcon_core.package_identification:_identify(tmr_msgs) by extensions ['colcon_pkg']
[0.732s] Level 1:colcon.colcon_core.package_identification:_identify(tmr_msgs) by extension 'colcon_pkg'
[0.732s] Level 1:colcon.colcon_core.package_identification:_identify(tmr_msgs) by extensions ['colcon_meta']
[0.732s] Level 1:colcon.colcon_core.package_identification:_identify(tmr_msgs) by extension 'colcon_meta'
[0.732s] Level 1:colcon.colcon_core.package_identification:_identify(tmr_msgs) by extensions ['ros']
[0.732s] Level 1:colcon.colcon_core.package_identification:_identify(tmr_msgs) by extension 'ros'
[0.733s] DEBUG:colcon.colcon_core.package_identification:Package 'tmr_msgs' with type 'ros.ament_cmake' and name 'tmr_msgs'
[0.733s] Level 1:colcon.colcon_core.package_identification:_identify(tmrlib) by extensions ['ignore', 'ignore_ament_install']
[0.733s] Level 1:colcon.colcon_core.package_identification:_identify(tmrlib) by extension 'ignore'
[0.734s] Level 1:colcon.colcon_core.package_identification:_identify(tmrlib) by extension 'ignore_ament_install'
[0.734s] Level 1:colcon.colcon_core.package_identification:_identify(tmrlib) by extensions ['colcon_pkg']
[0.734s] Level 1:colcon.colcon_core.package_identification:_identify(tmrlib) by extension 'colcon_pkg'
[0.734s] Level 1:colcon.colcon_core.package_identification:_identify(tmrlib) by extensions ['colcon_meta']
[0.734s] Level 1:colcon.colcon_core.package_identification:_identify(tmrlib) by extension 'colcon_meta'
[0.734s] Level 1:colcon.colcon_core.package_identification:_identify(tmrlib) by extensions ['ros']
[0.734s] Level 1:colcon.colcon_core.package_identification:_identify(tmrlib) by extension 'ros'
[0.736s] DEBUG:colcon.colcon_core.package_identification:Package 'tmrlib' with type 'ros.ament_cmake' and name 'tmrlib'
[0.736s] Level 1:colcon.colcon_core.package_identification:_identify(ui_for_debug_and_demo) by extensions ['ignore', 'ignore_ament_install']
[0.736s] Level 1:colcon.colcon_core.package_identification:_identify(ui_for_debug_and_demo) by extension 'ignore'
[0.736s] Level 1:colcon.colcon_core.package_identification:_identify(ui_for_debug_and_demo) by extension 'ignore_ament_install'
[0.736s] Level 1:colcon.colcon_core.package_identification:_identify(ui_for_debug_and_demo) by extensions ['colcon_pkg']
[0.736s] Level 1:colcon.colcon_core.package_identification:_identify(ui_for_debug_and_demo) by extension 'colcon_pkg'
[0.736s] Level 1:colcon.colcon_core.package_identification:_identify(ui_for_debug_and_demo) by extensions ['colcon_meta']
[0.736s] Level 1:colcon.colcon_core.package_identification:_identify(ui_for_debug_and_demo) by extension 'colcon_meta'
[0.737s] Level 1:colcon.colcon_core.package_identification:_identify(ui_for_debug_and_demo) by extensions ['ros']
[0.737s] Level 1:colcon.colcon_core.package_identification:_identify(ui_for_debug_and_demo) by extension 'ros'
[0.738s] DEBUG:colcon.colcon_core.package_identification:Package 'ui_for_debug_and_demo' with type 'ros.ament_cmake' and name 'ui_for_debug_and_demo'
[0.738s] Level 1:colcon.colcon_core.package_discovery:discover_packages(recursive) using defaults
[0.738s] Level 1:colcon.colcon_core.package_discovery:discover_packages(ignore) discover
[0.739s] Level 1:colcon.colcon_core.package_discovery:discover_packages(ignore) using defaults
[0.739s] Level 1:colcon.colcon_core.package_discovery:discover_packages(path) discover
[0.739s] Level 1:colcon.colcon_core.package_discovery:discover_packages(path) using defaults
[0.774s] INFO:colcon.colcon_core.package_selection:Skipping not selected package 'techman_robot_msgs' in 'techman_robot_msgs'
[0.774s] INFO:colcon.colcon_core.package_selection:Skipping not selected package 'tm_get_status' in 'techman_robot_get_status'
[0.775s] INFO:colcon.colcon_core.package_selection:Skipping not selected package 'tm_msgs' in 'tm_msgs'
[0.775s] INFO:colcon.colcon_core.package_selection:Skipping not selected package 'tmr_description' in 'tmr_description'
[0.775s] INFO:colcon.colcon_core.package_selection:Skipping not selected package 'tmr_mod_urdf' in 'tmr_mod_urdf'
[0.775s] INFO:colcon.colcon_core.package_selection:Skipping not selected package 'tmr_moveit_cpp_demo' in 'tmr_moveit_cpp_demo'
[0.775s] INFO:colcon.colcon_core.package_selection:Skipping not selected package 'tmr_msgs' in 'tmr_msgs'
[0.775s] INFO:colcon.colcon_core.package_selection:Skipping not selected package 'tmrlib' in 'tmrlib'
[0.775s] INFO:colcon.colcon_core.package_selection:Skipping not selected package 'custom_package' in 'custom_package'
[0.775s] INFO:colcon.colcon_core.package_selection:Skipping not selected package 'demo' in 'demo'
[0.775s] INFO:colcon.colcon_core.package_selection:Skipping not selected package 'tm_driver' in 'tm_driver'
[0.775s] INFO:colcon.colcon_core.package_selection:Skipping not selected package 'tmr_driver' in 'tmr_driver'
[0.775s] INFO:colcon.colcon_core.package_selection:Skipping not selected package 'tmr_moveit_config_tm5-900' in 'tmr_moveit_config_tm5-900'
[0.775s] INFO:colcon.colcon_core.package_selection:Skipping not selected package 'ui_for_debug_and_demo' in 'ui_for_debug_and_demo'
[0.781s] Level 5:colcon.colcon_core.verb:set package 'pickplace' build argument 'cmake_args' from command line to 'None'
[0.781s] Level 5:colcon.colcon_core.verb:set package 'pickplace' build argument 'cmake_target' from command line to 'None'
[0.781s] Level 5:colcon.colcon_core.verb:set package 'pickplace' build argument 'cmake_target_skip_unavailable' from command line to 'False'
[0.782s] Level 5:colcon.colcon_core.verb:set package 'pickplace' build argument 'cmake_clean_cache' from command line to 'False'
[0.782s] Level 5:colcon.colcon_core.verb:set package 'pickplace' build argument 'cmake_clean_first' from command line to 'False'
[0.782s] Level 5:colcon.colcon_core.verb:set package 'pickplace' build argument 'cmake_force_configure' from command line to 'False'
[0.782s] Level 5:colcon.colcon_core.verb:set package 'pickplace' build argument 'ament_cmake_args' from command line to 'None'
[0.782s] Level 5:colcon.colcon_core.verb:set package 'pickplace' build argument 'catkin_cmake_args' from command line to 'None'
[0.782s] Level 5:colcon.colcon_core.verb:set package 'pickplace' build argument 'catkin_skip_building_tests' from command line to 'False'
[0.782s] DEBUG:colcon.colcon_core.verb:Building package 'pickplace' with the following arguments: {'ament_cmake_args': None, 'build_base': '/home/gy/Omron_TM_ROS2/build/pickplace', 'catkin_cmake_args': None, 'catkin_skip_building_tests': False, 'cmake_args': None, 'cmake_clean_cache': False, 'cmake_clean_first': False, 'cmake_force_configure': False, 'cmake_target': None, 'cmake_target_skip_unavailable': False, 'install_base': '/home/gy/Omron_TM_ROS2/install/pickplace', 'merge_install': False, 'path': '/home/gy/Omron_TM_ROS2/pickplace', 'symlink_install': False, 'test_result_base': None}
[0.783s] INFO:colcon.colcon_core.executor:Executing jobs using 'parallel' executor
[0.787s] DEBUG:colcon.colcon_parallel_executor.executor.parallel:run_until_complete
[0.787s] INFO:colcon.colcon_ros.task.ament_python.build:Building ROS package in '/home/gy/Omron_TM_ROS2/pickplace' with build type 'ament_python'
[0.788s] Level 1:colcon.colcon_core.shell:create_environment_hook('pickplace', 'ament_prefix_path')
[0.796s] INFO:colcon.colcon_core.plugin_system:Skipping extension 'colcon_core.shell.bat': Not used on non-Windows systems
[0.796s] INFO:colcon.colcon_core.shell:Creating environment hook '/home/gy/Omron_TM_ROS2/install/pickplace/share/pickplace/hook/ament_prefix_path.ps1'
[0.798s] INFO:colcon.colcon_core.shell:Creating environment descriptor '/home/gy/Omron_TM_ROS2/install/pickplace/share/pickplace/hook/ament_prefix_path.dsv'
[0.799s] INFO:colcon.colcon_core.shell:Creating environment hook '/home/gy/Omron_TM_ROS2/install/pickplace/share/pickplace/hook/ament_prefix_path.sh'
[0.803s] INFO:colcon.colcon_core.shell:Skip shell extension 'powershell' for command environment: Not usable outside of PowerShell
[0.803s] DEBUG:colcon.colcon_core.shell:Skip shell extension 'dsv' for command environment
[0.810s] DEBUG:colcon.colcon_core.shell:Ignoring prefix path '/opt/ros/foxy'
[1.270s] INFO:colcon.colcon_core.task.python.build:Building Python package in '/home/gy/Omron_TM_ROS2/pickplace'
[1.272s] INFO:colcon.colcon_core.shell:Skip shell extension 'powershell' for command environment: Not usable outside of PowerShell
[1.272s] DEBUG:colcon.colcon_core.shell:Skip shell extension 'dsv' for command environment
[1.278s] DEBUG:colcon.colcon_core.shell:Ignoring prefix path '/opt/ros/foxy'
[1.289s] DEBUG:colcon.colcon_core.event_handler.log_command:Invoking command in '/home/gy/Omron_TM_ROS2/pickplace': PYTHONPATH=/home/gy/Omron_TM_ROS2/install/pickplace/lib/python3.8/site-packages:${PYTHONPATH} /usr/bin/python3 setup.py egg_info --egg-base ../build/pickplace build --build-base /home/gy/Omron_TM_ROS2/build/pickplace/build install --prefix /home/gy/Omron_TM_ROS2/install/pickplace --record /home/gy/Omron_TM_ROS2/build/pickplace/install.log --single-version-externally-managed
[1.873s] DEBUG:colcon.colcon_core.event_handler.log_command:Invoked command in '/home/gy/Omron_TM_ROS2/pickplace' returned '0': PYTHONPATH=/home/gy/Omron_TM_ROS2/install/pickplace/lib/python3.8/site-packages:${PYTHONPATH} /usr/bin/python3 setup.py egg_info --egg-base ../build/pickplace build --build-base /home/gy/Omron_TM_ROS2/build/pickplace/build install --prefix /home/gy/Omron_TM_ROS2/install/pickplace --record /home/gy/Omron_TM_ROS2/build/pickplace/install.log --single-version-externally-managed
[1.881s] Level 1:colcon.colcon_core.environment:checking '/home/gy/Omron_TM_ROS2/install/pickplace' for CMake module files
[1.882s] Level 1:colcon.colcon_core.environment:checking '/home/gy/Omron_TM_ROS2/install/pickplace' for CMake config files
[1.884s] Level 1:colcon.colcon_core.environment:checking '/home/gy/Omron_TM_ROS2/install/pickplace/lib'
[1.884s] Level 1:colcon.colcon_core.environment:checking '/home/gy/Omron_TM_ROS2/install/pickplace/bin'
[1.884s] Level 1:colcon.colcon_core.environment:checking '/home/gy/Omron_TM_ROS2/install/pickplace/lib/pkgconfig/pickplace.pc'
[1.884s] Level 1:colcon.colcon_core.environment:checking '/home/gy/Omron_TM_ROS2/install/pickplace/lib/python3.8/site-packages'
[1.884s] Level 1:colcon.colcon_core.shell:create_environment_hook('pickplace', 'pythonpath')
[1.885s] INFO:colcon.colcon_core.shell:Creating environment hook '/home/gy/Omron_TM_ROS2/install/pickplace/share/pickplace/hook/pythonpath.ps1'
[1.886s] INFO:colcon.colcon_core.shell:Creating environment descriptor '/home/gy/Omron_TM_ROS2/install/pickplace/share/pickplace/hook/pythonpath.dsv'
[1.887s] INFO:colcon.colcon_core.shell:Creating environment hook '/home/gy/Omron_TM_ROS2/install/pickplace/share/pickplace/hook/pythonpath.sh'
[1.888s] Level 1:colcon.colcon_core.environment:create_environment_scripts_only(pickplace)
[1.889s] INFO:colcon.colcon_core.shell:Creating package script '/home/gy/Omron_TM_ROS2/install/pickplace/share/pickplace/package.ps1'
[1.891s] INFO:colcon.colcon_core.shell:Creating package descriptor '/home/gy/Omron_TM_ROS2/install/pickplace/share/pickplace/package.dsv'
[1.892s] INFO:colcon.colcon_core.shell:Creating package script '/home/gy/Omron_TM_ROS2/install/pickplace/share/pickplace/package.sh'
[1.894s] INFO:colcon.colcon_core.shell:Creating package script '/home/gy/Omron_TM_ROS2/install/pickplace/share/pickplace/package.bash'
[1.897s] INFO:colcon.colcon_core.shell:Creating package script '/home/gy/Omron_TM_ROS2/install/pickplace/share/pickplace/package.zsh'
[1.899s] Level 1:colcon.colcon_core.environment:create_file_with_runtime_dependencies(/home/gy/Omron_TM_ROS2/install/pickplace/share/colcon-core/packages/pickplace)
[1.899s] DEBUG:colcon.colcon_parallel_executor.executor.parallel:closing loop
[1.901s] DEBUG:colcon.colcon_parallel_executor.executor.parallel:loop closed
[1.901s] DEBUG:colcon.colcon_parallel_executor.executor.parallel:run_until_complete finished with '0'
[1.901s] DEBUG:colcon.colcon_core.event_reactor:joining thread
[1.910s] INFO:colcon.colcon_core.plugin_system:Skipping extension 'colcon_notification.desktop_notification.terminal_notifier': Not used on non-Darwin systems
[1.911s] INFO:colcon.colcon_core.plugin_system:Skipping extension 'colcon_notification.desktop_notification.win32': Not used on non-Windows systems
[1.911s] INFO:colcon.colcon_notification.desktop_notification:Sending desktop notification using 'notify2'
[1.940s] DEBUG:colcon.colcon_core.event_reactor:joined thread
[1.941s] INFO:colcon.colcon_core.shell:Creating prefix script '/home/gy/Omron_TM_ROS2/install/local_setup.ps1'
[1.943s] INFO:colcon.colcon_core.shell:Creating prefix util module '/home/gy/Omron_TM_ROS2/install/_local_setup_util_ps1.py'
[1.947s] INFO:colcon.colcon_core.shell:Creating prefix chain script '/home/gy/Omron_TM_ROS2/install/setup.ps1'
[1.957s] INFO:colcon.colcon_core.shell:Creating prefix script '/home/gy/Omron_TM_ROS2/install/local_setup.sh'
[1.959s] INFO:colcon.colcon_core.shell:Creating prefix util module '/home/gy/Omron_TM_ROS2/install/_local_setup_util_sh.py'
[1.960s] INFO:colcon.colcon_core.shell:Creating prefix chain script '/home/gy/Omron_TM_ROS2/install/setup.sh'
[1.975s] INFO:colcon.colcon_core.shell:Creating prefix script '/home/gy/Omron_TM_ROS2/install/local_setup.bash'
[1.976s] INFO:colcon.colcon_core.shell:Creating prefix chain script '/home/gy/Omron_TM_ROS2/install/setup.bash'
[1.986s] INFO:colcon.colcon_core.shell:Creating prefix script '/home/gy/Omron_TM_ROS2/install/local_setup.zsh'
[1.988s] INFO:colcon.colcon_core.shell:Creating prefix chain script '/home/gy/Omron_TM_ROS2/install/setup.zsh'
