[0.030s] Invoking command in '/home/gy/Omron_TM_ROS2/build/demo': CMAKE_PREFIX_PATH=/home/gy/Omron_TM_ROS2/install/tm_msgs:/home/gy/Omron_TM_ROS2/install/tmr_mod_urdf:/home/gy/Omron_TM_ROS2/install/tm_get_status:/home/gy/Omron_TM_ROS2/install/rviz_tm:/home/gy/Omron_TM_ROS2/install/pickplace:/opt/ros/foxy:/home/gy/Omron_TM_ROS2/install/tm_models:/home/gy/Omron_TM_ROS2/install/tm_description:/home/gy/Omron_TM_ROS2/install/ui_for_debug_and_demo:/home/gy/Omron_TM_ROS2/install/tmr_driver:/home/gy/Omron_TM_ROS2/install/tmrlib:/home/gy/Omron_TM_ROS2/install/tmr_msgs:/home/gy/Omron_TM_ROS2/install/tmr_moveit_cpp_demo:/home/gy/Omron_TM_ROS2/install/tmr_moveit_config_tm5-900:/home/gy/Omron_TM_ROS2/install/tmr_description:/home/gy/Omron_TM_ROS2/install/tm_driver:/home/gy/Omron_TM_ROS2/install/demo:/home/gy/Omron_TM_ROS2/install/custom_package:/home/gy/Omron_TM_ROS2/install/techman_robot_msgs LD_LIBRARY_PATH=/home/gy/Omron_TM_ROS2/install/tm_msgs/lib:/home/gy/Omron_TM_ROS2/install/tmrlib/lib:/home/gy/Omron_TM_ROS2/install/tmr_msgs/lib:/home/gy/Omron_TM_ROS2/install/techman_robot_msgs/lib:/opt/ros/foxy/opt/yaml_cpp_vendor/lib:/opt/ros/foxy/opt/rviz_ogre_vendor/lib:/opt/ros/foxy/lib/x86_64-linux-gnu:/opt/ros/foxy/lib PYTHONPATH=/home/gy/Omron_TM_ROS2/install/tm_msgs/lib/python3.8/site-packages:/home/gy/Omron_TM_ROS2/install/tmr_msgs/lib/python3.8/site-packages:/home/gy/Omron_TM_ROS2/install/tmr_mod_urdf/lib/python3.8/site-packages:/home/gy/Omron_TM_ROS2/install/tm_get_status/lib/python3.8/site-packages:/home/gy/Omron_TM_ROS2/install/techman_robot_msgs/lib/python3.8/site-packages:/home/gy/Omron_TM_ROS2/build/rviz_tm:/home/gy/Omron_TM_ROS2/install/rviz_tm/lib/python3.8/site-packages:/home/gy/Omron_TM_ROS2/build/pickplace:/home/gy/Omron_TM_ROS2/install/pickplace/lib/python3.8/site-packages:/opt/ros/foxy/lib/python3.8/site-packages /usr/bin/cmake --build /home/gy/Omron_TM_ROS2/build/demo -- -j3 -l3
[0.226s] [  7%] Built target demo_get_svr_response
[0.242s] [ 15%] Built target demo_ask_item
[0.256s] [ 23%] Built target demo_set_positions
[0.378s] [ 30%] Built target demo_get_sta_response
[0.386s] [ 38%] Built target demo_set_io
[0.423s] [ 46%] Built target demo_send_script
[0.493s] [ 53%] Built target demo_ask_sta
[0.548s] [ 61%] Built target demo_get_sct_response
[0.576s] [ 69%] Built target demo_set_event
[0.669s] [ 76%] Built target demo_connect_tm
[0.723s] [ 84%] Built target demo_get_feedback
[0.733s] [ 92%] Built target demo_leave_listen_node
[0.762s] [100%] Built target demo_write_item
[0.833s] Invoked command in '/home/gy/Omron_TM_ROS2/build/demo' returned '0': CMAKE_PREFIX_PATH=/home/gy/Omron_TM_ROS2/install/tm_msgs:/home/gy/Omron_TM_ROS2/install/tmr_mod_urdf:/home/gy/Omron_TM_ROS2/install/tm_get_status:/home/gy/Omron_TM_ROS2/install/rviz_tm:/home/gy/Omron_TM_ROS2/install/pickplace:/opt/ros/foxy:/home/gy/Omron_TM_ROS2/install/tm_models:/home/gy/Omron_TM_ROS2/install/tm_description:/home/gy/Omron_TM_ROS2/install/ui_for_debug_and_demo:/home/gy/Omron_TM_ROS2/install/tmr_driver:/home/gy/Omron_TM_ROS2/install/tmrlib:/home/gy/Omron_TM_ROS2/install/tmr_msgs:/home/gy/Omron_TM_ROS2/install/tmr_moveit_cpp_demo:/home/gy/Omron_TM_ROS2/install/tmr_moveit_config_tm5-900:/home/gy/Omron_TM_ROS2/install/tmr_description:/home/gy/Omron_TM_ROS2/install/tm_driver:/home/gy/Omron_TM_ROS2/install/demo:/home/gy/Omron_TM_ROS2/install/custom_package:/home/gy/Omron_TM_ROS2/install/techman_robot_msgs LD_LIBRARY_PATH=/home/gy/Omron_TM_ROS2/install/tm_msgs/lib:/home/gy/Omron_TM_ROS2/install/tmrlib/lib:/home/gy/Omron_TM_ROS2/install/tmr_msgs/lib:/home/gy/Omron_TM_ROS2/install/techman_robot_msgs/lib:/opt/ros/foxy/opt/yaml_cpp_vendor/lib:/opt/ros/foxy/opt/rviz_ogre_vendor/lib:/opt/ros/foxy/lib/x86_64-linux-gnu:/opt/ros/foxy/lib PYTHONPATH=/home/gy/Omron_TM_ROS2/install/tm_msgs/lib/python3.8/site-packages:/home/gy/Omron_TM_ROS2/install/tmr_msgs/lib/python3.8/site-packages:/home/gy/Omron_TM_ROS2/install/tmr_mod_urdf/lib/python3.8/site-packages:/home/gy/Omron_TM_ROS2/install/tm_get_status/lib/python3.8/site-packages:/home/gy/Omron_TM_ROS2/install/techman_robot_msgs/lib/python3.8/site-packages:/home/gy/Omron_TM_ROS2/build/rviz_tm:/home/gy/Omron_TM_ROS2/install/rviz_tm/lib/python3.8/site-packages:/home/gy/Omron_TM_ROS2/build/pickplace:/home/gy/Omron_TM_ROS2/install/pickplace/lib/python3.8/site-packages:/opt/ros/foxy/lib/python3.8/site-packages /usr/bin/cmake --build /home/gy/Omron_TM_ROS2/build/demo -- -j3 -l3
[1.057s] Invoking command in '/home/gy/Omron_TM_ROS2/build/demo': CMAKE_PREFIX_PATH=/home/gy/Omron_TM_ROS2/install/tm_msgs:/home/gy/Omron_TM_ROS2/install/tmr_mod_urdf:/home/gy/Omron_TM_ROS2/install/tm_get_status:/home/gy/Omron_TM_ROS2/install/rviz_tm:/home/gy/Omron_TM_ROS2/install/pickplace:/opt/ros/foxy:/home/gy/Omron_TM_ROS2/install/tm_models:/home/gy/Omron_TM_ROS2/install/tm_description:/home/gy/Omron_TM_ROS2/install/ui_for_debug_and_demo:/home/gy/Omron_TM_ROS2/install/tmr_driver:/home/gy/Omron_TM_ROS2/install/tmrlib:/home/gy/Omron_TM_ROS2/install/tmr_msgs:/home/gy/Omron_TM_ROS2/install/tmr_moveit_cpp_demo:/home/gy/Omron_TM_ROS2/install/tmr_moveit_config_tm5-900:/home/gy/Omron_TM_ROS2/install/tmr_description:/home/gy/Omron_TM_ROS2/install/tm_driver:/home/gy/Omron_TM_ROS2/install/demo:/home/gy/Omron_TM_ROS2/install/custom_package:/home/gy/Omron_TM_ROS2/install/techman_robot_msgs LD_LIBRARY_PATH=/home/gy/Omron_TM_ROS2/install/tm_msgs/lib:/home/gy/Omron_TM_ROS2/install/tmrlib/lib:/home/gy/Omron_TM_ROS2/install/tmr_msgs/lib:/home/gy/Omron_TM_ROS2/install/techman_robot_msgs/lib:/opt/ros/foxy/opt/yaml_cpp_vendor/lib:/opt/ros/foxy/opt/rviz_ogre_vendor/lib:/opt/ros/foxy/lib/x86_64-linux-gnu:/opt/ros/foxy/lib PYTHONPATH=/home/gy/Omron_TM_ROS2/install/tm_msgs/lib/python3.8/site-packages:/home/gy/Omron_TM_ROS2/install/tmr_msgs/lib/python3.8/site-packages:/home/gy/Omron_TM_ROS2/install/tmr_mod_urdf/lib/python3.8/site-packages:/home/gy/Omron_TM_ROS2/install/tm_get_status/lib/python3.8/site-packages:/home/gy/Omron_TM_ROS2/install/techman_robot_msgs/lib/python3.8/site-packages:/home/gy/Omron_TM_ROS2/build/rviz_tm:/home/gy/Omron_TM_ROS2/install/rviz_tm/lib/python3.8/site-packages:/home/gy/Omron_TM_ROS2/build/pickplace:/home/gy/Omron_TM_ROS2/install/pickplace/lib/python3.8/site-packages:/opt/ros/foxy/lib/python3.8/site-packages /usr/bin/cmake --install /home/gy/Omron_TM_ROS2/build/demo
[1.089s] -- Install configuration: ""
[1.091s] -- Up-to-date: /home/gy/Omron_TM_ROS2/install/demo/lib/demo/demo_send_script
[1.092s] -- Up-to-date: /home/gy/Omron_TM_ROS2/install/demo/lib/demo/demo_ask_sta
[1.092s] -- Up-to-date: /home/gy/Omron_TM_ROS2/install/demo/lib/demo/demo_connect_tm
[1.094s] -- Up-to-date: /home/gy/Omron_TM_ROS2/install/demo/lib/demo/demo_set_event
[1.100s] -- Up-to-date: /home/gy/Omron_TM_ROS2/install/demo/lib/demo/demo_set_io
[1.106s] -- Up-to-date: /home/gy/Omron_TM_ROS2/install/demo/lib/demo/demo_set_positions
[1.106s] -- Up-to-date: /home/gy/Omron_TM_ROS2/install/demo/lib/demo/demo_write_item
[1.106s] -- Up-to-date: /home/gy/Omron_TM_ROS2/install/demo/lib/demo/demo_ask_item
[1.107s] -- Up-to-date: /home/gy/Omron_TM_ROS2/install/demo/lib/demo/demo_get_feedback
[1.107s] -- Up-to-date: /home/gy/Omron_TM_ROS2/install/demo/lib/demo/demo_get_sct_response
[1.107s] -- Up-to-date: /home/gy/Omron_TM_ROS2/install/demo/lib/demo/demo_get_sta_response
[1.107s] -- Up-to-date: /home/gy/Omron_TM_ROS2/install/demo/lib/demo/demo_get_svr_response
[1.108s] -- Up-to-date: /home/gy/Omron_TM_ROS2/install/demo/lib/demo/demo_leave_listen_node
[1.108s] -- Up-to-date: /home/gy/Omron_TM_ROS2/install/demo/share/ament_index/resource_index/package_run_dependencies/demo
[1.108s] -- Up-to-date: /home/gy/Omron_TM_ROS2/install/demo/share/ament_index/resource_index/parent_prefix_path/demo
[1.108s] -- Up-to-date: /home/gy/Omron_TM_ROS2/install/demo/share/demo/environment/ament_prefix_path.sh
[1.108s] -- Up-to-date: /home/gy/Omron_TM_ROS2/install/demo/share/demo/environment/ament_prefix_path.dsv
[1.108s] -- Up-to-date: /home/gy/Omron_TM_ROS2/install/demo/share/demo/environment/path.sh
[1.108s] -- Up-to-date: /home/gy/Omron_TM_ROS2/install/demo/share/demo/environment/path.dsv
[1.109s] -- Up-to-date: /home/gy/Omron_TM_ROS2/install/demo/share/demo/local_setup.bash
[1.109s] -- Up-to-date: /home/gy/Omron_TM_ROS2/install/demo/share/demo/local_setup.sh
[1.109s] -- Up-to-date: /home/gy/Omron_TM_ROS2/install/demo/share/demo/local_setup.zsh
[1.109s] -- Up-to-date: /home/gy/Omron_TM_ROS2/install/demo/share/demo/local_setup.dsv
[1.109s] -- Installing: /home/gy/Omron_TM_ROS2/install/demo/share/demo/package.dsv
[1.109s] -- Up-to-date: /home/gy/Omron_TM_ROS2/install/demo/share/ament_index/resource_index/packages/demo
[1.109s] -- Up-to-date: /home/gy/Omron_TM_ROS2/install/demo/share/demo/cmake/demoConfig.cmake
[1.109s] -- Up-to-date: /home/gy/Omron_TM_ROS2/install/demo/share/demo/cmake/demoConfig-version.cmake
[1.110s] -- Up-to-date: /home/gy/Omron_TM_ROS2/install/demo/share/demo/package.xml
[1.144s] Invoked command in '/home/gy/Omron_TM_ROS2/build/demo' returned '0': CMAKE_PREFIX_PATH=/home/gy/Omron_TM_ROS2/install/tm_msgs:/home/gy/Omron_TM_ROS2/install/tmr_mod_urdf:/home/gy/Omron_TM_ROS2/install/tm_get_status:/home/gy/Omron_TM_ROS2/install/rviz_tm:/home/gy/Omron_TM_ROS2/install/pickplace:/opt/ros/foxy:/home/gy/Omron_TM_ROS2/install/tm_models:/home/gy/Omron_TM_ROS2/install/tm_description:/home/gy/Omron_TM_ROS2/install/ui_for_debug_and_demo:/home/gy/Omron_TM_ROS2/install/tmr_driver:/home/gy/Omron_TM_ROS2/install/tmrlib:/home/gy/Omron_TM_ROS2/install/tmr_msgs:/home/gy/Omron_TM_ROS2/install/tmr_moveit_cpp_demo:/home/gy/Omron_TM_ROS2/install/tmr_moveit_config_tm5-900:/home/gy/Omron_TM_ROS2/install/tmr_description:/home/gy/Omron_TM_ROS2/install/tm_driver:/home/gy/Omron_TM_ROS2/install/demo:/home/gy/Omron_TM_ROS2/install/custom_package:/home/gy/Omron_TM_ROS2/install/techman_robot_msgs LD_LIBRARY_PATH=/home/gy/Omron_TM_ROS2/install/tm_msgs/lib:/home/gy/Omron_TM_ROS2/install/tmrlib/lib:/home/gy/Omron_TM_ROS2/install/tmr_msgs/lib:/home/gy/Omron_TM_ROS2/install/techman_robot_msgs/lib:/opt/ros/foxy/opt/yaml_cpp_vendor/lib:/opt/ros/foxy/opt/rviz_ogre_vendor/lib:/opt/ros/foxy/lib/x86_64-linux-gnu:/opt/ros/foxy/lib PYTHONPATH=/home/gy/Omron_TM_ROS2/install/tm_msgs/lib/python3.8/site-packages:/home/gy/Omron_TM_ROS2/install/tmr_msgs/lib/python3.8/site-packages:/home/gy/Omron_TM_ROS2/install/tmr_mod_urdf/lib/python3.8/site-packages:/home/gy/Omron_TM_ROS2/install/tm_get_status/lib/python3.8/site-packages:/home/gy/Omron_TM_ROS2/install/techman_robot_msgs/lib/python3.8/site-packages:/home/gy/Omron_TM_ROS2/build/rviz_tm:/home/gy/Omron_TM_ROS2/install/rviz_tm/lib/python3.8/site-packages:/home/gy/Omron_TM_ROS2/build/pickplace:/home/gy/Omron_TM_ROS2/install/pickplace/lib/python3.8/site-packages:/opt/ros/foxy/lib/python3.8/site-packages /usr/bin/cmake --install /home/gy/Omron_TM_ROS2/build/demo
