[0.073s] Invoking command in '/home/gy/Omron_TM_ROS2/build/tm_msgs': CMAKE_PREFIX_PATH=/home/gy/Omron_TM_ROS2/install/tmr_mod_urdf:/home/gy/Omron_TM_ROS2/install/tm_get_status:/home/gy/Omron_TM_ROS2/install/rviz_tm:/home/gy/Omron_TM_ROS2/install/pickplace:/opt/ros/foxy:${CMAKE_PREFIX_PATH} /usr/bin/cmake --build /home/gy/Omron_TM_ROS2/build/tm_msgs -- -j3 -l3
[0.224s] [ 12%] Built target tm_msgs__rosidl_generator_c
[0.296s] [ 12%] Built target tm_msgs__cpp
[0.304s] [ 24%] Built target tm_msgs__rosidl_typesupport_c
[0.332s] [ 36%] Built target tm_msgs__rosidl_typesupport_introspection_c
[0.467s] [ 47%] Built target tm_msgs__rosidl_typesupport_fastrtps_cpp
[0.485s] [ 59%] Built target tm_msgs__rosidl_typesupport_introspection_cpp
[0.555s] [ 71%] Built target tm_msgs__rosidl_typesupport_cpp
[0.556s] [ 83%] Built target tm_msgs__rosidl_typesupport_fastrtps_c
[0.639s] [ 83%] Built target tm_msgs
[0.680s] [ 84%] Built target tm_msgs__py
[0.778s] [ 95%] Built target tm_msgs__python
[0.942s] [ 97%] Built target tm_msgs__rosidl_typesupport_introspection_c__pyext
[0.964s] [ 99%] Built target tm_msgs__rosidl_typesupport_fastrtps_c__pyext
[0.964s] [100%] Built target tm_msgs__rosidl_typesupport_c__pyext
[1.042s] Invoked command in '/home/gy/Omron_TM_ROS2/build/tm_msgs' returned '0': CMAKE_PREFIX_PATH=/home/gy/Omron_TM_ROS2/install/tmr_mod_urdf:/home/gy/Omron_TM_ROS2/install/tm_get_status:/home/gy/Omron_TM_ROS2/install/rviz_tm:/home/gy/Omron_TM_ROS2/install/pickplace:/opt/ros/foxy:${CMAKE_PREFIX_PATH} /usr/bin/cmake --build /home/gy/Omron_TM_ROS2/build/tm_msgs -- -j3 -l3
[1.799s] Invoking command in '/home/gy/Omron_TM_ROS2/build/tm_msgs': CMAKE_PREFIX_PATH=/home/gy/Omron_TM_ROS2/install/tmr_mod_urdf:/home/gy/Omron_TM_ROS2/install/tm_get_status:/home/gy/Omron_TM_ROS2/install/rviz_tm:/home/gy/Omron_TM_ROS2/install/pickplace:/opt/ros/foxy:${CMAKE_PREFIX_PATH} /usr/bin/cmake --install /home/gy/Omron_TM_ROS2/build/tm_msgs
[1.847s] -- Install configuration: ""
[1.847s] -- Up-to-date: /home/gy/Omron_TM_ROS2/install/tm_msgs/share/ament_index/resource_index/rosidl_interfaces/tm_msgs
[1.848s] -- Up-to-date: /home/gy/Omron_TM_ROS2/install/tm_msgs/include/tm_msgs
[1.848s] -- Up-to-date: /home/gy/Omron_TM_ROS2/install/tm_msgs/include/tm_msgs/srv
[1.848s] -- Up-to-date: /home/gy/Omron_TM_ROS2/install/tm_msgs/include/tm_msgs/srv/detail
[1.848s] -- Up-to-date: /home/gy/Omron_TM_ROS2/install/tm_msgs/include/tm_msgs/srv/detail/set_io__type_support.h
[1.848s] -- Up-to-date: /home/gy/Omron_TM_ROS2/install/tm_msgs/include/tm_msgs/srv/detail/set_positions__functions.h
[1.848s] -- Up-to-date: /home/gy/Omron_TM_ROS2/install/tm_msgs/include/tm_msgs/srv/detail/ask_sta__functions.h
[1.848s] -- Up-to-date: /home/gy/Omron_TM_ROS2/install/tm_msgs/include/tm_msgs/srv/detail/set_positions__functions.c
[1.849s] -- Up-to-date: /home/gy/Omron_TM_ROS2/install/tm_msgs/include/tm_msgs/srv/detail/set_io__functions.h
[1.849s] -- Up-to-date: /home/gy/Omron_TM_ROS2/install/tm_msgs/include/tm_msgs/srv/detail/send_script__type_support.h
[1.849s] -- Up-to-date: /home/gy/Omron_TM_ROS2/install/tm_msgs/include/tm_msgs/srv/detail/send_script__struct.h
[1.849s] -- Up-to-date: /home/gy/Omron_TM_ROS2/install/tm_msgs/include/tm_msgs/srv/detail/set_event__struct.h
[1.849s] -- Up-to-date: /home/gy/Omron_TM_ROS2/install/tm_msgs/include/tm_msgs/srv/detail/set_event__functions.h
[1.849s] -- Up-to-date: /home/gy/Omron_TM_ROS2/install/tm_msgs/include/tm_msgs/srv/detail/set_event__type_support.h
[1.849s] -- Up-to-date: /home/gy/Omron_TM_ROS2/install/tm_msgs/include/tm_msgs/srv/detail/connect_tm__functions.c
[1.850s] -- Up-to-date: /home/gy/Omron_TM_ROS2/install/tm_msgs/include/tm_msgs/srv/detail/ask_sta__struct.h
[1.850s] -- Up-to-date: /home/gy/Omron_TM_ROS2/install/tm_msgs/include/tm_msgs/srv/detail/set_io__struct.h
[1.850s] -- Up-to-date: /home/gy/Omron_TM_ROS2/install/tm_msgs/include/tm_msgs/srv/detail/send_script__functions.h
[1.850s] -- Up-to-date: /home/gy/Omron_TM_ROS2/install/tm_msgs/include/tm_msgs/srv/detail/set_positions__type_support.h
[1.850s] -- Up-to-date: /home/gy/Omron_TM_ROS2/install/tm_msgs/include/tm_msgs/srv/detail/set_io__functions.c
[1.850s] -- Up-to-date: /home/gy/Omron_TM_ROS2/install/tm_msgs/include/tm_msgs/srv/detail/ask_sta__functions.c
[1.850s] -- Up-to-date: /home/gy/Omron_TM_ROS2/install/tm_msgs/include/tm_msgs/srv/detail/ask_item__functions.c
[1.850s] -- Up-to-date: /home/gy/Omron_TM_ROS2/install/tm_msgs/include/tm_msgs/srv/detail/write_item__functions.h
[1.851s] -- Up-to-date: /home/gy/Omron_TM_ROS2/install/tm_msgs/include/tm_msgs/srv/detail/connect_tm__type_support.h
[1.851s] -- Up-to-date: /home/gy/Omron_TM_ROS2/install/tm_msgs/include/tm_msgs/srv/detail/send_script__functions.c
[1.851s] -- Up-to-date: /home/gy/Omron_TM_ROS2/install/tm_msgs/include/tm_msgs/srv/detail/ask_item__type_support.h
[1.851s] -- Up-to-date: /home/gy/Omron_TM_ROS2/install/tm_msgs/include/tm_msgs/srv/detail/set_positions__struct.h
[1.851s] -- Up-to-date: /home/gy/Omron_TM_ROS2/install/tm_msgs/include/tm_msgs/srv/detail/write_item__functions.c
[1.851s] -- Up-to-date: /home/gy/Omron_TM_ROS2/install/tm_msgs/include/tm_msgs/srv/detail/write_item__struct.h
[1.851s] -- Up-to-date: /home/gy/Omron_TM_ROS2/install/tm_msgs/include/tm_msgs/srv/detail/connect_tm__struct.h
[1.851s] -- Up-to-date: /home/gy/Omron_TM_ROS2/install/tm_msgs/include/tm_msgs/srv/detail/ask_item__functions.h
[1.852s] -- Up-to-date: /home/gy/Omron_TM_ROS2/install/tm_msgs/include/tm_msgs/srv/detail/set_event__functions.c
[1.852s] -- Up-to-date: /home/gy/Omron_TM_ROS2/install/tm_msgs/include/tm_msgs/srv/detail/connect_tm__functions.h
[1.852s] -- Up-to-date: /home/gy/Omron_TM_ROS2/install/tm_msgs/include/tm_msgs/srv/detail/ask_item__struct.h
[1.852s] -- Up-to-date: /home/gy/Omron_TM_ROS2/install/tm_msgs/include/tm_msgs/srv/detail/write_item__type_support.h
[1.852s] -- Up-to-date: /home/gy/Omron_TM_ROS2/install/tm_msgs/include/tm_msgs/srv/detail/ask_sta__type_support.h
[1.852s] -- Up-to-date: /home/gy/Omron_TM_ROS2/install/tm_msgs/include/tm_msgs/srv/connect_tm.h
[1.852s] -- Up-to-date: /home/gy/Omron_TM_ROS2/install/tm_msgs/include/tm_msgs/srv/ask_item.h
[1.853s] -- Up-to-date: /home/gy/Omron_TM_ROS2/install/tm_msgs/include/tm_msgs/srv/write_item.h
[1.853s] -- Up-to-date: /home/gy/Omron_TM_ROS2/install/tm_msgs/include/tm_msgs/srv/set_io.h
[1.853s] -- Up-to-date: /home/gy/Omron_TM_ROS2/install/tm_msgs/include/tm_msgs/srv/set_positions.h
[1.853s] -- Up-to-date: /home/gy/Omron_TM_ROS2/install/tm_msgs/include/tm_msgs/srv/send_script.h
[1.853s] -- Up-to-date: /home/gy/Omron_TM_ROS2/install/tm_msgs/include/tm_msgs/srv/ask_sta.h
[1.853s] -- Up-to-date: /home/gy/Omron_TM_ROS2/install/tm_msgs/include/tm_msgs/srv/set_event.h
[1.853s] -- Up-to-date: /home/gy/Omron_TM_ROS2/install/tm_msgs/include/tm_msgs/msg
[1.853s] -- Up-to-date: /home/gy/Omron_TM_ROS2/install/tm_msgs/include/tm_msgs/msg/detail
[1.853s] -- Up-to-date: /home/gy/Omron_TM_ROS2/install/tm_msgs/include/tm_msgs/msg/detail/feedback_state__type_support.h
[1.854s] -- Up-to-date: /home/gy/Omron_TM_ROS2/install/tm_msgs/include/tm_msgs/msg/detail/feedback_state__functions.h
[1.854s] -- Up-to-date: /home/gy/Omron_TM_ROS2/install/tm_msgs/include/tm_msgs/msg/detail/svr_response__type_support.h
[1.854s] -- Up-to-date: /home/gy/Omron_TM_ROS2/install/tm_msgs/include/tm_msgs/msg/detail/sta_response__functions.c
[1.854s] -- Up-to-date: /home/gy/Omron_TM_ROS2/install/tm_msgs/include/tm_msgs/msg/detail/sta_response__type_support.h
[1.854s] -- Up-to-date: /home/gy/Omron_TM_ROS2/install/tm_msgs/include/tm_msgs/msg/detail/sct_response__functions.c
[1.854s] -- Up-to-date: /home/gy/Omron_TM_ROS2/install/tm_msgs/include/tm_msgs/msg/detail/feedback_state__functions.c
[1.858s] -- Up-to-date: /home/gy/Omron_TM_ROS2/install/tm_msgs/include/tm_msgs/msg/detail/sct_response__type_support.h
[1.858s] -- Up-to-date: /home/gy/Omron_TM_ROS2/install/tm_msgs/include/tm_msgs/msg/detail/svr_response__struct.h
[1.859s] -- Up-to-date: /home/gy/Omron_TM_ROS2/install/tm_msgs/include/tm_msgs/msg/detail/svr_response__functions.h
[1.859s] -- Up-to-date: /home/gy/Omron_TM_ROS2/install/tm_msgs/include/tm_msgs/msg/detail/sct_response__functions.h
[1.859s] -- Up-to-date: /home/gy/Omron_TM_ROS2/install/tm_msgs/include/tm_msgs/msg/detail/feedback_state__struct.h
[1.859s] -- Up-to-date: /home/gy/Omron_TM_ROS2/install/tm_msgs/include/tm_msgs/msg/detail/sta_response__functions.h
[1.859s] -- Up-to-date: /home/gy/Omron_TM_ROS2/install/tm_msgs/include/tm_msgs/msg/detail/svr_response__functions.c
[1.859s] -- Up-to-date: /home/gy/Omron_TM_ROS2/install/tm_msgs/include/tm_msgs/msg/detail/sta_response__struct.h
[1.859s] -- Up-to-date: /home/gy/Omron_TM_ROS2/install/tm_msgs/include/tm_msgs/msg/detail/sct_response__struct.h
[1.859s] -- Up-to-date: /home/gy/Omron_TM_ROS2/install/tm_msgs/include/tm_msgs/msg/svr_response.h
[1.860s] -- Up-to-date: /home/gy/Omron_TM_ROS2/install/tm_msgs/include/tm_msgs/msg/feedback_state.h
[1.860s] -- Up-to-date: /home/gy/Omron_TM_ROS2/install/tm_msgs/include/tm_msgs/msg/sct_response.h
[1.860s] -- Up-to-date: /home/gy/Omron_TM_ROS2/install/tm_msgs/include/tm_msgs/msg/rosidl_generator_c__visibility_control.h
[1.860s] -- Up-to-date: /home/gy/Omron_TM_ROS2/install/tm_msgs/include/tm_msgs/msg/sta_response.h
[1.860s] -- Up-to-date: /home/gy/Omron_TM_ROS2/install/tm_msgs/share/tm_msgs/environment/library_path.sh
[1.860s] -- Up-to-date: /home/gy/Omron_TM_ROS2/install/tm_msgs/share/tm_msgs/environment/library_path.dsv
[1.860s] -- Up-to-date: /home/gy/Omron_TM_ROS2/install/tm_msgs/lib/libtm_msgs__rosidl_generator_c.so
[1.860s] -- Up-to-date: /home/gy/Omron_TM_ROS2/install/tm_msgs/include/tm_msgs
[1.861s] -- Up-to-date: /home/gy/Omron_TM_ROS2/install/tm_msgs/include/tm_msgs/srv
[1.861s] -- Up-to-date: /home/gy/Omron_TM_ROS2/install/tm_msgs/include/tm_msgs/srv/detail
[1.861s] -- Up-to-date: /home/gy/Omron_TM_ROS2/install/tm_msgs/include/tm_msgs/srv/detail/connect_tm__rosidl_typesupport_fastrtps_c.h
[1.861s] -- Up-to-date: /home/gy/Omron_TM_ROS2/install/tm_msgs/include/tm_msgs/srv/detail/set_event__rosidl_typesupport_fastrtps_c.h
[1.861s] -- Up-to-date: /home/gy/Omron_TM_ROS2/install/tm_msgs/include/tm_msgs/srv/detail/set_io__rosidl_typesupport_fastrtps_c.h
[1.876s] -- Up-to-date: /home/gy/Omron_TM_ROS2/install/tm_msgs/include/tm_msgs/srv/detail/ask_sta__rosidl_typesupport_fastrtps_c.h
[1.877s] -- Up-to-date: /home/gy/Omron_TM_ROS2/install/tm_msgs/include/tm_msgs/srv/detail/set_positions__rosidl_typesupport_fastrtps_c.h
[1.877s] -- Up-to-date: /home/gy/Omron_TM_ROS2/install/tm_msgs/include/tm_msgs/srv/detail/send_script__rosidl_typesupport_fastrtps_c.h
[1.877s] -- Up-to-date: /home/gy/Omron_TM_ROS2/install/tm_msgs/include/tm_msgs/srv/detail/ask_item__rosidl_typesupport_fastrtps_c.h
[1.877s] -- Up-to-date: /home/gy/Omron_TM_ROS2/install/tm_msgs/include/tm_msgs/srv/detail/write_item__rosidl_typesupport_fastrtps_c.h
[1.877s] -- Up-to-date: /home/gy/Omron_TM_ROS2/install/tm_msgs/include/tm_msgs/msg
[1.877s] -- Up-to-date: /home/gy/Omron_TM_ROS2/install/tm_msgs/include/tm_msgs/msg/detail
[1.877s] -- Up-to-date: /home/gy/Omron_TM_ROS2/install/tm_msgs/include/tm_msgs/msg/detail/sct_response__rosidl_typesupport_fastrtps_c.h
[1.878s] -- Up-to-date: /home/gy/Omron_TM_ROS2/install/tm_msgs/include/tm_msgs/msg/detail/sta_response__rosidl_typesupport_fastrtps_c.h
[1.878s] -- Up-to-date: /home/gy/Omron_TM_ROS2/install/tm_msgs/include/tm_msgs/msg/detail/feedback_state__rosidl_typesupport_fastrtps_c.h
[1.878s] -- Up-to-date: /home/gy/Omron_TM_ROS2/install/tm_msgs/include/tm_msgs/msg/detail/svr_response__rosidl_typesupport_fastrtps_c.h
[1.878s] -- Up-to-date: /home/gy/Omron_TM_ROS2/install/tm_msgs/include/tm_msgs/msg/rosidl_typesupport_fastrtps_c__visibility_control.h
[1.878s] -- Up-to-date: /home/gy/Omron_TM_ROS2/install/tm_msgs/lib/libtm_msgs__rosidl_typesupport_fastrtps_c.so
[1.878s] -- Up-to-date: /home/gy/Omron_TM_ROS2/install/tm_msgs/include/tm_msgs
[1.878s] -- Up-to-date: /home/gy/Omron_TM_ROS2/install/tm_msgs/include/tm_msgs/srv
[1.878s] -- Up-to-date: /home/gy/Omron_TM_ROS2/install/tm_msgs/include/tm_msgs/srv/detail
[1.879s] -- Up-to-date: /home/gy/Omron_TM_ROS2/install/tm_msgs/include/tm_msgs/srv/detail/connect_tm__rosidl_typesupport_fastrtps_cpp.hpp
[1.879s] -- Up-to-date: /home/gy/Omron_TM_ROS2/install/tm_msgs/include/tm_msgs/srv/detail/set_io__rosidl_typesupport_fastrtps_cpp.hpp
[1.879s] -- Up-to-date: /home/gy/Omron_TM_ROS2/install/tm_msgs/include/tm_msgs/srv/detail/ask_sta__rosidl_typesupport_fastrtps_cpp.hpp
[1.879s] -- Up-to-date: /home/gy/Omron_TM_ROS2/install/tm_msgs/include/tm_msgs/srv/detail/write_item__rosidl_typesupport_fastrtps_cpp.hpp
[1.879s] -- Up-to-date: /home/gy/Omron_TM_ROS2/install/tm_msgs/include/tm_msgs/srv/detail/send_script__rosidl_typesupport_fastrtps_cpp.hpp
[1.879s] -- Up-to-date: /home/gy/Omron_TM_ROS2/install/tm_msgs/include/tm_msgs/srv/detail/set_event__rosidl_typesupport_fastrtps_cpp.hpp
[1.879s] -- Up-to-date: /home/gy/Omron_TM_ROS2/install/tm_msgs/include/tm_msgs/srv/detail/ask_item__rosidl_typesupport_fastrtps_cpp.hpp
[1.880s] -- Up-to-date: /home/gy/Omron_TM_ROS2/install/tm_msgs/include/tm_msgs/srv/detail/dds_fastrtps
[1.880s] -- Up-to-date: /home/gy/Omron_TM_ROS2/install/tm_msgs/include/tm_msgs/srv/detail/set_positions__rosidl_typesupport_fastrtps_cpp.hpp
[1.895s] -- Up-to-date: /home/gy/Omron_TM_ROS2/install/tm_msgs/include/tm_msgs/msg
[1.896s] -- Up-to-date: /home/gy/Omron_TM_ROS2/install/tm_msgs/include/tm_msgs/msg/detail
[1.896s] -- Up-to-date: /home/gy/Omron_TM_ROS2/install/tm_msgs/include/tm_msgs/msg/detail/sct_response__rosidl_typesupport_fastrtps_cpp.hpp
[1.896s] -- Up-to-date: /home/gy/Omron_TM_ROS2/install/tm_msgs/include/tm_msgs/msg/detail/svr_response__rosidl_typesupport_fastrtps_cpp.hpp
[1.896s] -- Up-to-date: /home/gy/Omron_TM_ROS2/install/tm_msgs/include/tm_msgs/msg/detail/sta_response__rosidl_typesupport_fastrtps_cpp.hpp
[1.896s] -- Up-to-date: /home/gy/Omron_TM_ROS2/install/tm_msgs/include/tm_msgs/msg/detail/feedback_state__rosidl_typesupport_fastrtps_cpp.hpp
[1.896s] -- Up-to-date: /home/gy/Omron_TM_ROS2/install/tm_msgs/include/tm_msgs/msg/detail/dds_fastrtps
[1.896s] -- Up-to-date: /home/gy/Omron_TM_ROS2/install/tm_msgs/include/tm_msgs/msg/rosidl_typesupport_fastrtps_cpp__visibility_control.h
[1.897s] -- Up-to-date: /home/gy/Omron_TM_ROS2/install/tm_msgs/lib/libtm_msgs__rosidl_typesupport_fastrtps_cpp.so
[1.897s] -- Up-to-date: /home/gy/Omron_TM_ROS2/install/tm_msgs/include/tm_msgs
[1.897s] -- Up-to-date: /home/gy/Omron_TM_ROS2/install/tm_msgs/include/tm_msgs/srv
[1.897s] -- Up-to-date: /home/gy/Omron_TM_ROS2/install/tm_msgs/include/tm_msgs/srv/detail
[1.897s] -- Up-to-date: /home/gy/Omron_TM_ROS2/install/tm_msgs/include/tm_msgs/srv/detail/write_item__type_support.c
[1.897s] -- Up-to-date: /home/gy/Omron_TM_ROS2/install/tm_msgs/include/tm_msgs/srv/detail/ask_item__rosidl_typesupport_introspection_c.h
[1.897s] -- Up-to-date: /home/gy/Omron_TM_ROS2/install/tm_msgs/include/tm_msgs/srv/detail/set_io__rosidl_typesupport_introspection_c.h
[1.898s] -- Up-to-date: /home/gy/Omron_TM_ROS2/install/tm_msgs/include/tm_msgs/srv/detail/send_script__type_support.c
[1.898s] -- Up-to-date: /home/gy/Omron_TM_ROS2/install/tm_msgs/include/tm_msgs/srv/detail/ask_sta__rosidl_typesupport_introspection_c.h
[1.898s] -- Up-to-date: /home/gy/Omron_TM_ROS2/install/tm_msgs/include/tm_msgs/srv/detail/ask_item__type_support.c
[1.898s] -- Up-to-date: /home/gy/Omron_TM_ROS2/install/tm_msgs/include/tm_msgs/srv/detail/set_positions__type_support.c
[1.898s] -- Up-to-date: /home/gy/Omron_TM_ROS2/install/tm_msgs/include/tm_msgs/srv/detail/send_script__rosidl_typesupport_introspection_c.h
[1.898s] -- Up-to-date: /home/gy/Omron_TM_ROS2/install/tm_msgs/include/tm_msgs/srv/detail/set_positions__rosidl_typesupport_introspection_c.h
[1.898s] -- Up-to-date: /home/gy/Omron_TM_ROS2/install/tm_msgs/include/tm_msgs/srv/detail/connect_tm__type_support.c
[1.898s] -- Up-to-date: /home/gy/Omron_TM_ROS2/install/tm_msgs/include/tm_msgs/srv/detail/connect_tm__rosidl_typesupport_introspection_c.h
[1.899s] -- Up-to-date: /home/gy/Omron_TM_ROS2/install/tm_msgs/include/tm_msgs/srv/detail/set_event__type_support.c
[1.899s] -- Up-to-date: /home/gy/Omron_TM_ROS2/install/tm_msgs/include/tm_msgs/srv/detail/write_item__rosidl_typesupport_introspection_c.h
[1.899s] -- Up-to-date: /home/gy/Omron_TM_ROS2/install/tm_msgs/include/tm_msgs/srv/detail/ask_sta__type_support.c
[1.899s] -- Up-to-date: /home/gy/Omron_TM_ROS2/install/tm_msgs/include/tm_msgs/srv/detail/set_io__type_support.c
[1.899s] -- Up-to-date: /home/gy/Omron_TM_ROS2/install/tm_msgs/include/tm_msgs/srv/detail/set_event__rosidl_typesupport_introspection_c.h
[1.899s] -- Up-to-date: /home/gy/Omron_TM_ROS2/install/tm_msgs/include/tm_msgs/msg
[1.899s] -- Up-to-date: /home/gy/Omron_TM_ROS2/install/tm_msgs/include/tm_msgs/msg/detail
[1.899s] -- Up-to-date: /home/gy/Omron_TM_ROS2/install/tm_msgs/include/tm_msgs/msg/detail/sct_response__type_support.c
[1.900s] -- Up-to-date: /home/gy/Omron_TM_ROS2/install/tm_msgs/include/tm_msgs/msg/detail/feedback_state__rosidl_typesupport_introspection_c.h
[1.900s] -- Up-to-date: /home/gy/Omron_TM_ROS2/install/tm_msgs/include/tm_msgs/msg/detail/svr_response__type_support.c
[1.903s] -- Up-to-date: /home/gy/Omron_TM_ROS2/install/tm_msgs/include/tm_msgs/msg/detail/sct_response__rosidl_typesupport_introspection_c.h
[1.903s] -- Up-to-date: /home/gy/Omron_TM_ROS2/install/tm_msgs/include/tm_msgs/msg/detail/sta_response__type_support.c
[1.903s] -- Up-to-date: /home/gy/Omron_TM_ROS2/install/tm_msgs/include/tm_msgs/msg/detail/svr_response__rosidl_typesupport_introspection_c.h
[1.903s] -- Up-to-date: /home/gy/Omron_TM_ROS2/install/tm_msgs/include/tm_msgs/msg/detail/feedback_state__type_support.c
[1.904s] -- Up-to-date: /home/gy/Omron_TM_ROS2/install/tm_msgs/include/tm_msgs/msg/detail/sta_response__rosidl_typesupport_introspection_c.h
[1.904s] -- Up-to-date: /home/gy/Omron_TM_ROS2/install/tm_msgs/include/tm_msgs/msg/rosidl_typesupport_introspection_c__visibility_control.h
[1.904s] -- Up-to-date: /home/gy/Omron_TM_ROS2/install/tm_msgs/lib/libtm_msgs__rosidl_typesupport_introspection_c.so
[1.904s] -- Up-to-date: /home/gy/Omron_TM_ROS2/install/tm_msgs/lib/libtm_msgs__rosidl_typesupport_c.so
[1.904s] -- Up-to-date: /home/gy/Omron_TM_ROS2/install/tm_msgs/include/tm_msgs
[1.904s] -- Up-to-date: /home/gy/Omron_TM_ROS2/install/tm_msgs/include/tm_msgs/srv
[1.905s] -- Up-to-date: /home/gy/Omron_TM_ROS2/install/tm_msgs/include/tm_msgs/srv/detail
[1.909s] -- Up-to-date: /home/gy/Omron_TM_ROS2/install/tm_msgs/include/tm_msgs/srv/detail/set_positions__struct.hpp
[1.909s] -- Up-to-date: /home/gy/Omron_TM_ROS2/install/tm_msgs/include/tm_msgs/srv/detail/set_positions__traits.hpp
[1.909s] -- Up-to-date: /home/gy/Omron_TM_ROS2/install/tm_msgs/include/tm_msgs/srv/detail/send_script__builder.hpp
[1.909s] -- Up-to-date: /home/gy/Omron_TM_ROS2/install/tm_msgs/include/tm_msgs/srv/detail/connect_tm__struct.hpp
[1.909s] -- Up-to-date: /home/gy/Omron_TM_ROS2/install/tm_msgs/include/tm_msgs/srv/detail/connect_tm__traits.hpp
[1.909s] -- Up-to-date: /home/gy/Omron_TM_ROS2/install/tm_msgs/include/tm_msgs/srv/detail/ask_sta__struct.hpp
[1.909s] -- Up-to-date: /home/gy/Omron_TM_ROS2/install/tm_msgs/include/tm_msgs/srv/detail/write_item__builder.hpp
[1.910s] -- Up-to-date: /home/gy/Omron_TM_ROS2/install/tm_msgs/include/tm_msgs/srv/detail/send_script__struct.hpp
[1.910s] -- Up-to-date: /home/gy/Omron_TM_ROS2/install/tm_msgs/include/tm_msgs/srv/detail/send_script__traits.hpp
[1.910s] -- Up-to-date: /home/gy/Omron_TM_ROS2/install/tm_msgs/include/tm_msgs/srv/detail/write_item__traits.hpp
[1.910s] -- Up-to-date: /home/gy/Omron_TM_ROS2/install/tm_msgs/include/tm_msgs/srv/detail/ask_sta__builder.hpp
[1.910s] -- Up-to-date: /home/gy/Omron_TM_ROS2/install/tm_msgs/include/tm_msgs/srv/detail/set_positions__builder.hpp
[1.910s] -- Up-to-date: /home/gy/Omron_TM_ROS2/install/tm_msgs/include/tm_msgs/srv/detail/connect_tm__builder.hpp
[1.925s] -- Up-to-date: /home/gy/Omron_TM_ROS2/install/tm_msgs/include/tm_msgs/srv/detail/set_io__builder.hpp
[1.925s] -- Up-to-date: /home/gy/Omron_TM_ROS2/install/tm_msgs/include/tm_msgs/srv/detail/ask_item__struct.hpp
[1.925s] -- Up-to-date: /home/gy/Omron_TM_ROS2/install/tm_msgs/include/tm_msgs/srv/detail/set_io__traits.hpp
[1.925s] -- Up-to-date: /home/gy/Omron_TM_ROS2/install/tm_msgs/include/tm_msgs/srv/detail/ask_item__builder.hpp
[1.925s] -- Up-to-date: /home/gy/Omron_TM_ROS2/install/tm_msgs/include/tm_msgs/srv/detail/write_item__struct.hpp
[1.925s] -- Up-to-date: /home/gy/Omron_TM_ROS2/install/tm_msgs/include/tm_msgs/srv/detail/set_event__struct.hpp
[1.926s] -- Up-to-date: /home/gy/Omron_TM_ROS2/install/tm_msgs/include/tm_msgs/srv/detail/set_event__builder.hpp
[1.926s] -- Up-to-date: /home/gy/Omron_TM_ROS2/install/tm_msgs/include/tm_msgs/srv/detail/set_event__traits.hpp
[1.926s] -- Up-to-date: /home/gy/Omron_TM_ROS2/install/tm_msgs/include/tm_msgs/srv/detail/set_io__struct.hpp
[1.926s] -- Up-to-date: /home/gy/Omron_TM_ROS2/install/tm_msgs/include/tm_msgs/srv/detail/ask_sta__traits.hpp
[1.926s] -- Up-to-date: /home/gy/Omron_TM_ROS2/install/tm_msgs/include/tm_msgs/srv/detail/ask_item__traits.hpp
[1.926s] -- Up-to-date: /home/gy/Omron_TM_ROS2/install/tm_msgs/include/tm_msgs/srv/ask_item.hpp
[1.926s] -- Up-to-date: /home/gy/Omron_TM_ROS2/install/tm_msgs/include/tm_msgs/srv/write_item.hpp
[1.926s] -- Up-to-date: /home/gy/Omron_TM_ROS2/install/tm_msgs/include/tm_msgs/srv/send_script.hpp
[1.926s] -- Up-to-date: /home/gy/Omron_TM_ROS2/install/tm_msgs/include/tm_msgs/srv/set_io.hpp
[1.927s] -- Up-to-date: /home/gy/Omron_TM_ROS2/install/tm_msgs/include/tm_msgs/srv/connect_tm.hpp
[1.927s] -- Up-to-date: /home/gy/Omron_TM_ROS2/install/tm_msgs/include/tm_msgs/srv/set_event.hpp
[1.927s] -- Up-to-date: /home/gy/Omron_TM_ROS2/install/tm_msgs/include/tm_msgs/srv/set_positions.hpp
[1.927s] -- Up-to-date: /home/gy/Omron_TM_ROS2/install/tm_msgs/include/tm_msgs/srv/ask_sta.hpp
[1.927s] -- Up-to-date: /home/gy/Omron_TM_ROS2/install/tm_msgs/include/tm_msgs/msg
[1.927s] -- Up-to-date: /home/gy/Omron_TM_ROS2/install/tm_msgs/include/tm_msgs/msg/detail
[1.927s] -- Up-to-date: /home/gy/Omron_TM_ROS2/install/tm_msgs/include/tm_msgs/msg/detail/sct_response__traits.hpp
[1.927s] -- Up-to-date: /home/gy/Omron_TM_ROS2/install/tm_msgs/include/tm_msgs/msg/detail/svr_response__traits.hpp
[1.928s] -- Up-to-date: /home/gy/Omron_TM_ROS2/install/tm_msgs/include/tm_msgs/msg/detail/feedback_state__builder.hpp
[1.928s] -- Up-to-date: /home/gy/Omron_TM_ROS2/install/tm_msgs/include/tm_msgs/msg/detail/sta_response__builder.hpp
[1.928s] -- Up-to-date: /home/gy/Omron_TM_ROS2/install/tm_msgs/include/tm_msgs/msg/detail/feedback_state__struct.hpp
[1.928s] -- Up-to-date: /home/gy/Omron_TM_ROS2/install/tm_msgs/include/tm_msgs/msg/detail/sct_response__struct.hpp
[1.928s] -- Up-to-date: /home/gy/Omron_TM_ROS2/install/tm_msgs/include/tm_msgs/msg/detail/sct_response__builder.hpp
[1.928s] -- Up-to-date: /home/gy/Omron_TM_ROS2/install/tm_msgs/include/tm_msgs/msg/detail/feedback_state__traits.hpp
[1.929s] -- Up-to-date: /home/gy/Omron_TM_ROS2/install/tm_msgs/include/tm_msgs/msg/detail/sta_response__struct.hpp
[1.929s] -- Up-to-date: /home/gy/Omron_TM_ROS2/install/tm_msgs/include/tm_msgs/msg/detail/svr_response__struct.hpp
[1.929s] -- Up-to-date: /home/gy/Omron_TM_ROS2/install/tm_msgs/include/tm_msgs/msg/detail/svr_response__builder.hpp
[1.929s] -- Up-to-date: /home/gy/Omron_TM_ROS2/install/tm_msgs/include/tm_msgs/msg/detail/sta_response__traits.hpp
[1.929s] -- Up-to-date: /home/gy/Omron_TM_ROS2/install/tm_msgs/include/tm_msgs/msg/svr_response.hpp
[1.934s] -- Up-to-date: /home/gy/Omron_TM_ROS2/install/tm_msgs/include/tm_msgs/msg/sta_response.hpp
[1.934s] -- Up-to-date: /home/gy/Omron_TM_ROS2/install/tm_msgs/include/tm_msgs/msg/sct_response.hpp
[1.934s] -- Up-to-date: /home/gy/Omron_TM_ROS2/install/tm_msgs/include/tm_msgs/msg/feedback_state.hpp
[1.934s] -- Up-to-date: /home/gy/Omron_TM_ROS2/install/tm_msgs/include/tm_msgs
[1.934s] -- Up-to-date: /home/gy/Omron_TM_ROS2/install/tm_msgs/include/tm_msgs/srv
[1.935s] -- Up-to-date: /home/gy/Omron_TM_ROS2/install/tm_msgs/include/tm_msgs/srv/detail
[1.935s] -- Up-to-date: /home/gy/Omron_TM_ROS2/install/tm_msgs/include/tm_msgs/srv/detail/send_script__type_support.cpp
[1.935s] -- Up-to-date: /home/gy/Omron_TM_ROS2/install/tm_msgs/include/tm_msgs/srv/detail/set_positions__type_support.cpp
[1.935s] -- Up-to-date: /home/gy/Omron_TM_ROS2/install/tm_msgs/include/tm_msgs/srv/detail/connect_tm__rosidl_typesupport_introspection_cpp.hpp
[1.935s] -- Up-to-date: /home/gy/Omron_TM_ROS2/install/tm_msgs/include/tm_msgs/srv/detail/set_event__rosidl_typesupport_introspection_cpp.hpp
[1.935s] -- Up-to-date: /home/gy/Omron_TM_ROS2/install/tm_msgs/include/tm_msgs/srv/detail/write_item__type_support.cpp
[1.935s] -- Up-to-date: /home/gy/Omron_TM_ROS2/install/tm_msgs/include/tm_msgs/srv/detail/send_script__rosidl_typesupport_introspection_cpp.hpp
[1.935s] -- Up-to-date: /home/gy/Omron_TM_ROS2/install/tm_msgs/include/tm_msgs/srv/detail/ask_item__type_support.cpp
[1.936s] -- Up-to-date: /home/gy/Omron_TM_ROS2/install/tm_msgs/include/tm_msgs/srv/detail/set_io__type_support.cpp
[1.936s] -- Up-to-date: /home/gy/Omron_TM_ROS2/install/tm_msgs/include/tm_msgs/srv/detail/write_item__rosidl_typesupport_introspection_cpp.hpp
[1.936s] -- Up-to-date: /home/gy/Omron_TM_ROS2/install/tm_msgs/include/tm_msgs/srv/detail/set_positions__rosidl_typesupport_introspection_cpp.hpp
[1.936s] -- Up-to-date: /home/gy/Omron_TM_ROS2/install/tm_msgs/include/tm_msgs/srv/detail/set_event__type_support.cpp
[1.936s] -- Up-to-date: /home/gy/Omron_TM_ROS2/install/tm_msgs/include/tm_msgs/srv/detail/ask_sta__rosidl_typesupport_introspection_cpp.hpp
[1.936s] -- Up-to-date: /home/gy/Omron_TM_ROS2/install/tm_msgs/include/tm_msgs/srv/detail/ask_item__rosidl_typesupport_introspection_cpp.hpp
[1.943s] -- Up-to-date: /home/gy/Omron_TM_ROS2/install/tm_msgs/include/tm_msgs/srv/detail/ask_sta__type_support.cpp
[1.944s] -- Up-to-date: /home/gy/Omron_TM_ROS2/install/tm_msgs/include/tm_msgs/srv/detail/set_io__rosidl_typesupport_introspection_cpp.hpp
[1.944s] -- Up-to-date: /home/gy/Omron_TM_ROS2/install/tm_msgs/include/tm_msgs/srv/detail/connect_tm__type_support.cpp
[1.944s] -- Up-to-date: /home/gy/Omron_TM_ROS2/install/tm_msgs/include/tm_msgs/msg
[1.944s] -- Up-to-date: /home/gy/Omron_TM_ROS2/install/tm_msgs/include/tm_msgs/msg/detail
[1.944s] -- Up-to-date: /home/gy/Omron_TM_ROS2/install/tm_msgs/include/tm_msgs/msg/detail/feedback_state__rosidl_typesupport_introspection_cpp.hpp
[1.944s] -- Up-to-date: /home/gy/Omron_TM_ROS2/install/tm_msgs/include/tm_msgs/msg/detail/sct_response__type_support.cpp
[1.945s] -- Up-to-date: /home/gy/Omron_TM_ROS2/install/tm_msgs/include/tm_msgs/msg/detail/feedback_state__type_support.cpp
[1.945s] -- Up-to-date: /home/gy/Omron_TM_ROS2/install/tm_msgs/include/tm_msgs/msg/detail/sta_response__rosidl_typesupport_introspection_cpp.hpp
[1.945s] -- Up-to-date: /home/gy/Omron_TM_ROS2/install/tm_msgs/include/tm_msgs/msg/detail/sct_response__rosidl_typesupport_introspection_cpp.hpp
[1.945s] -- Up-to-date: /home/gy/Omron_TM_ROS2/install/tm_msgs/include/tm_msgs/msg/detail/svr_response__type_support.cpp
[1.946s] -- Up-to-date: /home/gy/Omron_TM_ROS2/install/tm_msgs/include/tm_msgs/msg/detail/svr_response__rosidl_typesupport_introspection_cpp.hpp
[1.946s] -- Up-to-date: /home/gy/Omron_TM_ROS2/install/tm_msgs/include/tm_msgs/msg/detail/sta_response__type_support.cpp
[1.946s] -- Up-to-date: /home/gy/Omron_TM_ROS2/install/tm_msgs/lib/libtm_msgs__rosidl_typesupport_introspection_cpp.so
[1.946s] -- Up-to-date: /home/gy/Omron_TM_ROS2/install/tm_msgs/lib/libtm_msgs__rosidl_typesupport_cpp.so
[1.946s] -- Up-to-date: /home/gy/Omron_TM_ROS2/install/tm_msgs/share/tm_msgs/environment/pythonpath.sh
[1.947s] -- Up-to-date: /home/gy/Omron_TM_ROS2/install/tm_msgs/share/tm_msgs/environment/pythonpath.dsv
[1.947s] -- Up-to-date: /home/gy/Omron_TM_ROS2/install/tm_msgs/lib/python3.8/site-packages/tm_msgs/__init__.py
[2.052s] -- Up-to-date: /home/gy/Omron_TM_ROS2/install/tm_msgs/lib/python3.8/site-packages/tm_msgs/msg
[2.052s] -- Up-to-date: /home/gy/Omron_TM_ROS2/install/tm_msgs/lib/python3.8/site-packages/tm_msgs/msg/_sct_response_s.c
[2.052s] -- Up-to-date: /home/gy/Omron_TM_ROS2/install/tm_msgs/lib/python3.8/site-packages/tm_msgs/msg/_sct_response.py
[2.052s] -- Up-to-date: /home/gy/Omron_TM_ROS2/install/tm_msgs/lib/python3.8/site-packages/tm_msgs/msg/_svr_response_s.c
[2.052s] -- Up-to-date: /home/gy/Omron_TM_ROS2/install/tm_msgs/lib/python3.8/site-packages/tm_msgs/msg/_feedback_state.py
[2.052s] -- Up-to-date: /home/gy/Omron_TM_ROS2/install/tm_msgs/lib/python3.8/site-packages/tm_msgs/msg/_feedback_state_s.c
[2.053s] -- Up-to-date: /home/gy/Omron_TM_ROS2/install/tm_msgs/lib/python3.8/site-packages/tm_msgs/msg/__init__.py
[2.053s] -- Up-to-date: /home/gy/Omron_TM_ROS2/install/tm_msgs/lib/python3.8/site-packages/tm_msgs/msg/_sta_response.py
[2.053s] -- Up-to-date: /home/gy/Omron_TM_ROS2/install/tm_msgs/lib/python3.8/site-packages/tm_msgs/msg/_svr_response.py
[2.053s] -- Up-to-date: /home/gy/Omron_TM_ROS2/install/tm_msgs/lib/python3.8/site-packages/tm_msgs/msg/_sta_response_s.c
[2.053s] -- Up-to-date: /home/gy/Omron_TM_ROS2/install/tm_msgs/lib/python3.8/site-packages/tm_msgs/srv
[2.053s] -- Up-to-date: /home/gy/Omron_TM_ROS2/install/tm_msgs/lib/python3.8/site-packages/tm_msgs/srv/_write_item_s.c
[2.053s] -- Up-to-date: /home/gy/Omron_TM_ROS2/install/tm_msgs/lib/python3.8/site-packages/tm_msgs/srv/_set_event.py
[2.053s] -- Up-to-date: /home/gy/Omron_TM_ROS2/install/tm_msgs/lib/python3.8/site-packages/tm_msgs/srv/_write_item.py
[2.054s] -- Up-to-date: /home/gy/Omron_TM_ROS2/install/tm_msgs/lib/python3.8/site-packages/tm_msgs/srv/_connect_tm.py
[2.054s] -- Up-to-date: /home/gy/Omron_TM_ROS2/install/tm_msgs/lib/python3.8/site-packages/tm_msgs/srv/_send_script_s.c
[2.054s] -- Up-to-date: /home/gy/Omron_TM_ROS2/install/tm_msgs/lib/python3.8/site-packages/tm_msgs/srv/_set_event_s.c
[2.054s] -- Up-to-date: /home/gy/Omron_TM_ROS2/install/tm_msgs/lib/python3.8/site-packages/tm_msgs/srv/_set_positions.py
[2.054s] -- Up-to-date: /home/gy/Omron_TM_ROS2/install/tm_msgs/lib/python3.8/site-packages/tm_msgs/srv/__init__.py
[2.055s] -- Up-to-date: /home/gy/Omron_TM_ROS2/install/tm_msgs/lib/python3.8/site-packages/tm_msgs/srv/_ask_item_s.c
[2.055s] -- Up-to-date: /home/gy/Omron_TM_ROS2/install/tm_msgs/lib/python3.8/site-packages/tm_msgs/srv/_set_io.py
[2.055s] -- Up-to-date: /home/gy/Omron_TM_ROS2/install/tm_msgs/lib/python3.8/site-packages/tm_msgs/srv/_connect_tm_s.c
[2.055s] -- Up-to-date: /home/gy/Omron_TM_ROS2/install/tm_msgs/lib/python3.8/site-packages/tm_msgs/srv/_send_script.py
[2.055s] -- Up-to-date: /home/gy/Omron_TM_ROS2/install/tm_msgs/lib/python3.8/site-packages/tm_msgs/srv/_set_positions_s.c
[2.056s] -- Up-to-date: /home/gy/Omron_TM_ROS2/install/tm_msgs/lib/python3.8/site-packages/tm_msgs/srv/_set_io_s.c
[2.056s] -- Up-to-date: /home/gy/Omron_TM_ROS2/install/tm_msgs/lib/python3.8/site-packages/tm_msgs/srv/_ask_sta.py
[2.056s] -- Up-to-date: /home/gy/Omron_TM_ROS2/install/tm_msgs/lib/python3.8/site-packages/tm_msgs/srv/_ask_sta_s.c
[2.056s] -- Up-to-date: /home/gy/Omron_TM_ROS2/install/tm_msgs/lib/python3.8/site-packages/tm_msgs/srv/_ask_item.py
[2.057s] -- Up-to-date: /home/gy/Omron_TM_ROS2/install/tm_msgs/lib/python3.8/site-packages/tm_msgs/tm_msgs_s__rosidl_typesupport_fastrtps_c.cpython-38-x86_64-linux-gnu.so
[2.057s] -- Up-to-date: /home/gy/Omron_TM_ROS2/install/tm_msgs/lib/python3.8/site-packages/tm_msgs/tm_msgs_s__rosidl_typesupport_introspection_c.cpython-38-x86_64-linux-gnu.so
[2.057s] -- Up-to-date: /home/gy/Omron_TM_ROS2/install/tm_msgs/lib/python3.8/site-packages/tm_msgs/tm_msgs_s__rosidl_typesupport_c.cpython-38-x86_64-linux-gnu.so
[2.057s] -- Up-to-date: /home/gy/Omron_TM_ROS2/install/tm_msgs/lib/libtm_msgs__python.so
[2.058s] -- Up-to-date: /home/gy/Omron_TM_ROS2/install/tm_msgs/share/tm_msgs/msg/FeedbackState.idl
[2.058s] -- Up-to-date: /home/gy/Omron_TM_ROS2/install/tm_msgs/share/tm_msgs/msg/SvrResponse.idl
[2.058s] -- Up-to-date: /home/gy/Omron_TM_ROS2/install/tm_msgs/share/tm_msgs/msg/SctResponse.idl
[2.063s] -- Up-to-date: /home/gy/Omron_TM_ROS2/install/tm_msgs/share/tm_msgs/msg/StaResponse.idl
[2.063s] -- Up-to-date: /home/gy/Omron_TM_ROS2/install/tm_msgs/share/tm_msgs/srv/ConnectTM.idl
[2.063s] -- Up-to-date: /home/gy/Omron_TM_ROS2/install/tm_msgs/share/tm_msgs/srv/WriteItem.idl
[2.071s] -- Up-to-date: /home/gy/Omron_TM_ROS2/install/tm_msgs/share/tm_msgs/srv/AskItem.idl
[2.071s] -- Up-to-date: /home/gy/Omron_TM_ROS2/install/tm_msgs/share/tm_msgs/srv/SendScript.idl
[2.071s] -- Up-to-date: /home/gy/Omron_TM_ROS2/install/tm_msgs/share/tm_msgs/srv/SetEvent.idl
[2.072s] -- Up-to-date: /home/gy/Omron_TM_ROS2/install/tm_msgs/share/tm_msgs/srv/SetIO.idl
[2.072s] -- Up-to-date: /home/gy/Omron_TM_ROS2/install/tm_msgs/share/tm_msgs/srv/SetPositions.idl
[2.072s] -- Up-to-date: /home/gy/Omron_TM_ROS2/install/tm_msgs/share/tm_msgs/srv/AskSta.idl
[2.072s] -- Up-to-date: /home/gy/Omron_TM_ROS2/install/tm_msgs/share/tm_msgs/msg/FeedbackState.msg
[2.072s] -- Up-to-date: /home/gy/Omron_TM_ROS2/install/tm_msgs/share/tm_msgs/msg/SvrResponse.msg
[2.072s] -- Up-to-date: /home/gy/Omron_TM_ROS2/install/tm_msgs/share/tm_msgs/msg/SctResponse.msg
[2.072s] -- Up-to-date: /home/gy/Omron_TM_ROS2/install/tm_msgs/share/tm_msgs/msg/StaResponse.msg
[2.072s] -- Up-to-date: /home/gy/Omron_TM_ROS2/install/tm_msgs/share/tm_msgs/srv/ConnectTM.srv
[2.073s] -- Up-to-date: /home/gy/Omron_TM_ROS2/install/tm_msgs/share/tm_msgs/srv/ConnectTM_Request.msg
[2.073s] -- Up-to-date: /home/gy/Omron_TM_ROS2/install/tm_msgs/share/tm_msgs/srv/ConnectTM_Response.msg
[2.073s] -- Up-to-date: /home/gy/Omron_TM_ROS2/install/tm_msgs/share/tm_msgs/srv/WriteItem.srv
[2.073s] -- Up-to-date: /home/gy/Omron_TM_ROS2/install/tm_msgs/share/tm_msgs/srv/WriteItem_Request.msg
[2.073s] -- Up-to-date: /home/gy/Omron_TM_ROS2/install/tm_msgs/share/tm_msgs/srv/WriteItem_Response.msg
[2.073s] -- Up-to-date: /home/gy/Omron_TM_ROS2/install/tm_msgs/share/tm_msgs/srv/AskItem.srv
[2.074s] -- Up-to-date: /home/gy/Omron_TM_ROS2/install/tm_msgs/share/tm_msgs/srv/AskItem_Request.msg
[2.075s] -- Up-to-date: /home/gy/Omron_TM_ROS2/install/tm_msgs/share/tm_msgs/srv/AskItem_Response.msg
[2.075s] -- Up-to-date: /home/gy/Omron_TM_ROS2/install/tm_msgs/share/tm_msgs/srv/SendScript.srv
[2.075s] -- Up-to-date: /home/gy/Omron_TM_ROS2/install/tm_msgs/share/tm_msgs/srv/SendScript_Request.msg
[2.075s] -- Up-to-date: /home/gy/Omron_TM_ROS2/install/tm_msgs/share/tm_msgs/srv/SendScript_Response.msg
[2.075s] -- Up-to-date: /home/gy/Omron_TM_ROS2/install/tm_msgs/share/tm_msgs/srv/SetEvent.srv
[2.075s] -- Up-to-date: /home/gy/Omron_TM_ROS2/install/tm_msgs/share/tm_msgs/srv/SetEvent_Request.msg
[2.076s] -- Up-to-date: /home/gy/Omron_TM_ROS2/install/tm_msgs/share/tm_msgs/srv/SetEvent_Response.msg
[2.076s] -- Up-to-date: /home/gy/Omron_TM_ROS2/install/tm_msgs/share/tm_msgs/srv/SetIO.srv
[2.076s] -- Up-to-date: /home/gy/Omron_TM_ROS2/install/tm_msgs/share/tm_msgs/srv/SetIO_Request.msg
[2.076s] -- Up-to-date: /home/gy/Omron_TM_ROS2/install/tm_msgs/share/tm_msgs/srv/SetIO_Response.msg
[2.076s] -- Up-to-date: /home/gy/Omron_TM_ROS2/install/tm_msgs/share/tm_msgs/srv/SetPositions.srv
[2.077s] -- Up-to-date: /home/gy/Omron_TM_ROS2/install/tm_msgs/share/tm_msgs/srv/SetPositions_Request.msg
[2.077s] -- Up-to-date: /home/gy/Omron_TM_ROS2/install/tm_msgs/share/tm_msgs/srv/SetPositions_Response.msg
[2.077s] -- Up-to-date: /home/gy/Omron_TM_ROS2/install/tm_msgs/share/tm_msgs/srv/AskSta.srv
[2.077s] -- Up-to-date: /home/gy/Omron_TM_ROS2/install/tm_msgs/share/tm_msgs/srv/AskSta_Request.msg
[2.077s] -- Up-to-date: /home/gy/Omron_TM_ROS2/install/tm_msgs/share/tm_msgs/srv/AskSta_Response.msg
[2.077s] -- Up-to-date: /home/gy/Omron_TM_ROS2/install/tm_msgs/share/ament_index/resource_index/package_run_dependencies/tm_msgs
[2.077s] -- Up-to-date: /home/gy/Omron_TM_ROS2/install/tm_msgs/share/ament_index/resource_index/parent_prefix_path/tm_msgs
[2.078s] -- Up-to-date: /home/gy/Omron_TM_ROS2/install/tm_msgs/share/tm_msgs/environment/ament_prefix_path.sh
[2.078s] -- Up-to-date: /home/gy/Omron_TM_ROS2/install/tm_msgs/share/tm_msgs/environment/ament_prefix_path.dsv
[2.079s] -- Up-to-date: /home/gy/Omron_TM_ROS2/install/tm_msgs/share/tm_msgs/environment/path.sh
[2.079s] -- Up-to-date: /home/gy/Omron_TM_ROS2/install/tm_msgs/share/tm_msgs/environment/path.dsv
[2.079s] -- Up-to-date: /home/gy/Omron_TM_ROS2/install/tm_msgs/share/tm_msgs/local_setup.bash
[2.079s] -- Up-to-date: /home/gy/Omron_TM_ROS2/install/tm_msgs/share/tm_msgs/local_setup.sh
[2.079s] -- Up-to-date: /home/gy/Omron_TM_ROS2/install/tm_msgs/share/tm_msgs/local_setup.zsh
[2.079s] -- Up-to-date: /home/gy/Omron_TM_ROS2/install/tm_msgs/share/tm_msgs/local_setup.dsv
[2.079s] -- Installing: /home/gy/Omron_TM_ROS2/install/tm_msgs/share/tm_msgs/package.dsv
[2.080s] -- Up-to-date: /home/gy/Omron_TM_ROS2/install/tm_msgs/share/ament_index/resource_index/packages/tm_msgs
[2.101s] -- Up-to-date: /home/gy/Omron_TM_ROS2/install/tm_msgs/share/tm_msgs/cmake/tm_msgs__rosidl_generator_cExport.cmake
[2.101s] -- Up-to-date: /home/gy/Omron_TM_ROS2/install/tm_msgs/share/tm_msgs/cmake/tm_msgs__rosidl_generator_cExport-noconfig.cmake
[2.101s] -- Up-to-date: /home/gy/Omron_TM_ROS2/install/tm_msgs/share/tm_msgs/cmake/tm_msgs__rosidl_typesupport_introspection_cExport.cmake
[2.101s] -- Up-to-date: /home/gy/Omron_TM_ROS2/install/tm_msgs/share/tm_msgs/cmake/tm_msgs__rosidl_typesupport_introspection_cExport-noconfig.cmake
[2.102s] -- Up-to-date: /home/gy/Omron_TM_ROS2/install/tm_msgs/share/tm_msgs/cmake/tm_msgs__rosidl_typesupport_cExport.cmake
[2.102s] -- Up-to-date: /home/gy/Omron_TM_ROS2/install/tm_msgs/share/tm_msgs/cmake/tm_msgs__rosidl_typesupport_cExport-noconfig.cmake
[2.102s] -- Up-to-date: /home/gy/Omron_TM_ROS2/install/tm_msgs/share/tm_msgs/cmake/tm_msgs__rosidl_generator_cppExport.cmake
[2.102s] -- Up-to-date: /home/gy/Omron_TM_ROS2/install/tm_msgs/share/tm_msgs/cmake/tm_msgs__rosidl_typesupport_introspection_cppExport.cmake
[2.102s] -- Up-to-date: /home/gy/Omron_TM_ROS2/install/tm_msgs/share/tm_msgs/cmake/tm_msgs__rosidl_typesupport_introspection_cppExport-noconfig.cmake
[2.102s] -- Up-to-date: /home/gy/Omron_TM_ROS2/install/tm_msgs/share/tm_msgs/cmake/tm_msgs__rosidl_typesupport_cppExport.cmake
[2.102s] -- Up-to-date: /home/gy/Omron_TM_ROS2/install/tm_msgs/share/tm_msgs/cmake/tm_msgs__rosidl_typesupport_cppExport-noconfig.cmake
[2.102s] -- Up-to-date: /home/gy/Omron_TM_ROS2/install/tm_msgs/share/tm_msgs/cmake/rosidl_cmake-extras.cmake
[2.103s] -- Up-to-date: /home/gy/Omron_TM_ROS2/install/tm_msgs/share/tm_msgs/cmake/ament_cmake_export_dependencies-extras.cmake
[2.103s] -- Up-to-date: /home/gy/Omron_TM_ROS2/install/tm_msgs/share/tm_msgs/cmake/ament_cmake_export_libraries-extras.cmake
[2.103s] -- Up-to-date: /home/gy/Omron_TM_ROS2/install/tm_msgs/share/tm_msgs/cmake/ament_cmake_export_targets-extras.cmake
[2.103s] -- Up-to-date: /home/gy/Omron_TM_ROS2/install/tm_msgs/share/tm_msgs/cmake/ament_cmake_export_include_directories-extras.cmake
[2.103s] -- Up-to-date: /home/gy/Omron_TM_ROS2/install/tm_msgs/share/tm_msgs/cmake/rosidl_cmake_export_typesupport_libraries-extras.cmake
[2.103s] -- Up-to-date: /home/gy/Omron_TM_ROS2/install/tm_msgs/share/tm_msgs/cmake/rosidl_cmake_export_typesupport_targets-extras.cmake
[2.103s] -- Up-to-date: /home/gy/Omron_TM_ROS2/install/tm_msgs/share/tm_msgs/cmake/tm_msgsConfig.cmake
[2.104s] -- Up-to-date: /home/gy/Omron_TM_ROS2/install/tm_msgs/share/tm_msgs/cmake/tm_msgsConfig-version.cmake
[2.104s] -- Up-to-date: /home/gy/Omron_TM_ROS2/install/tm_msgs/share/tm_msgs/package.xml
[2.106s] Invoked command in '/home/gy/Omron_TM_ROS2/build/tm_msgs' returned '0': CMAKE_PREFIX_PATH=/home/gy/Omron_TM_ROS2/install/tmr_mod_urdf:/home/gy/Omron_TM_ROS2/install/tm_get_status:/home/gy/Omron_TM_ROS2/install/rviz_tm:/home/gy/Omron_TM_ROS2/install/pickplace:/opt/ros/foxy:${CMAKE_PREFIX_PATH} /usr/bin/cmake --install /home/gy/Omron_TM_ROS2/build/tm_msgs
