[0.074s] Invoking command in '/home/gy/tmr_ros2/build/tmr_description': CMAKE_PREFIX_PATH=${CMAKE_PREFIX_PATH}:/home/gy/tmr_ros2/install/tmr_mod_urdf:/home/gy/tmr_ros2/install/tm_get_status:/opt/ros/foxy /usr/bin/cmake --build /home/gy/tmr_ros2/build/tmr_description -- -j3 -l3
[0.213s] Invoked command in '/home/gy/tmr_ros2/build/tmr_description' returned '0': CMAKE_PREFIX_PATH=${CMAKE_PREFIX_PATH}:/home/gy/tmr_ros2/install/tmr_mod_urdf:/home/gy/tmr_ros2/install/tm_get_status:/opt/ros/foxy /usr/bin/cmake --build /home/gy/tmr_ros2/build/tmr_description -- -j3 -l3
[0.447s] Invoking command in '/home/gy/tmr_ros2/build/tmr_description': CMAKE_PREFIX_PATH=${CMAKE_PREFIX_PATH}:/home/gy/tmr_ros2/install/tmr_mod_urdf:/home/gy/tmr_ros2/install/tm_get_status:/opt/ros/foxy /usr/bin/cmake --install /home/gy/tmr_ros2/build/tmr_description
[0.495s] -- Install configuration: ""
[0.496s] -- Up-to-date: /home/gy/tmr_ros2/install/tmr_description/share/ament_index/resource_index/package_run_dependencies/tmr_description
[0.496s] -- Up-to-date: /home/gy/tmr_ros2/install/tmr_description/share/ament_index/resource_index/parent_prefix_path/tmr_description
[0.496s] -- Up-to-date: /home/gy/tmr_ros2/install/tmr_description/share/tmr_description/environment/ament_prefix_path.sh
[0.496s] -- Up-to-date: /home/gy/tmr_ros2/install/tmr_description/share/tmr_description/environment/ament_prefix_path.dsv
[0.496s] -- Up-to-date: /home/gy/tmr_ros2/install/tmr_description/share/tmr_description/environment/path.sh
[0.497s] -- Up-to-date: /home/gy/tmr_ros2/install/tmr_description/share/tmr_description/environment/path.dsv
[0.497s] -- Up-to-date: /home/gy/tmr_ros2/install/tmr_description/share/tmr_description/local_setup.bash
[0.497s] -- Up-to-date: /home/gy/tmr_ros2/install/tmr_description/share/tmr_description/local_setup.sh
[0.497s] -- Up-to-date: /home/gy/tmr_ros2/install/tmr_description/share/tmr_description/local_setup.zsh
[0.497s] -- Up-to-date: /home/gy/tmr_ros2/install/tmr_description/share/tmr_description/local_setup.dsv
[0.497s] -- Up-to-date: /home/gy/tmr_ros2/install/tmr_description/share/tmr_description/package.dsv
[0.497s] -- Up-to-date: /home/gy/tmr_ros2/install/tmr_description/share/ament_index/resource_index/packages/tmr_description
[0.498s] -- Up-to-date: /home/gy/tmr_ros2/install/tmr_description/share/tmr_description/cmake/tmr_descriptionConfig.cmake
[0.501s] -- Up-to-date: /home/gy/tmr_ros2/install/tmr_description/share/tmr_description/cmake/tmr_descriptionConfig-version.cmake
[0.501s] -- Up-to-date: /home/gy/tmr_ros2/install/tmr_description/share/tmr_description/package.xml
[0.501s] -- Up-to-date: /home/gy/tmr_ros2/install/tmr_description/share/tmr_description/meshes
[0.502s] -- Up-to-date: /home/gy/tmr_ros2/install/tmr_description/share/tmr_description/meshes/tm5-900
[0.502s] -- Up-to-date: /home/gy/tmr_ros2/install/tmr_description/share/tmr_description/meshes/tm5-900/visual
[0.502s] -- Up-to-date: /home/gy/tmr_ros2/install/tmr_description/share/tmr_description/meshes/tm5-900/visual/tm5-900_arm2.mtl
[0.502s] -- Up-to-date: /home/gy/tmr_ros2/install/tmr_description/share/tmr_description/meshes/tm5-900/visual/tmr_ee.obj
[0.502s] -- Up-to-date: /home/gy/tmr_ros2/install/tmr_description/share/tmr_description/meshes/tm5-900/visual/tm5_base.obj
[0.502s] -- Up-to-date: /home/gy/tmr_ros2/install/tmr_description/share/tmr_description/meshes/tm5-900/visual/tmr_400w_01.stl
[0.503s] -- Up-to-date: /home/gy/tmr_ros2/install/tmr_description/share/tmr_description/meshes/tm5-900/visual/tm5-900_arm2.obj
[0.503s] -- Up-to-date: /home/gy/tmr_ros2/install/tmr_description/share/tmr_description/meshes/tm5-900/visual/tm5_base.mtl
[0.503s] -- Up-to-date: /home/gy/tmr_ros2/install/tmr_description/share/tmr_description/meshes/tm5-900/visual/tmr_100w_01.obj
[0.503s] -- Up-to-date: /home/gy/tmr_ros2/install/tmr_description/share/tmr_description/meshes/tm5-900/visual/tm5-900_arm1.mtl
[0.503s] -- Up-to-date: /home/gy/tmr_ros2/install/tmr_description/share/tmr_description/meshes/tm5-900/visual/tmr_100w_02.obj
[0.514s] -- Up-to-date: /home/gy/tmr_ros2/install/tmr_description/share/tmr_description/meshes/tm5-900/visual/tm5_base.stl
[0.514s] -- Up-to-date: /home/gy/tmr_ros2/install/tmr_description/share/tmr_description/meshes/tm5-900/visual/tmr_100w_01.mtl
[0.514s] -- Up-to-date: /home/gy/tmr_ros2/install/tmr_description/share/tmr_description/meshes/tm5-900/visual/tmr_400w_01.obj
[0.514s] -- Up-to-date: /home/gy/tmr_ros2/install/tmr_description/share/tmr_description/meshes/tm5-900/visual/tmr_100w_01.stl
[0.514s] -- Up-to-date: /home/gy/tmr_ros2/install/tmr_description/share/tmr_description/meshes/tm5-900/visual/tmr_ee.stl
[0.516s] -- Up-to-date: /home/gy/tmr_ros2/install/tmr_description/share/tmr_description/meshes/tm5-900/visual/tm5-900_arm2.stl
[0.521s] -- Up-to-date: /home/gy/tmr_ros2/install/tmr_description/share/tmr_description/meshes/tm5-900/visual/tmr_400w_01.mtl
[0.522s] -- Up-to-date: /home/gy/tmr_ros2/install/tmr_description/share/tmr_description/meshes/tm5-900/visual/tmr_100w_02.stl
[0.522s] -- Up-to-date: /home/gy/tmr_ros2/install/tmr_description/share/tmr_description/meshes/tm5-900/visual/tm5_base_old.obj
[0.522s] -- Up-to-date: /home/gy/tmr_ros2/install/tmr_description/share/tmr_description/meshes/tm5-900/visual/tm5_base_old.mtl
[0.522s] -- Up-to-date: /home/gy/tmr_ros2/install/tmr_description/share/tmr_description/meshes/tm5-900/visual/tmr_ee.mtl
[0.523s] -- Up-to-date: /home/gy/tmr_ros2/install/tmr_description/share/tmr_description/meshes/tm5-900/visual/tm5-900_arm1.stl
[0.523s] -- Up-to-date: /home/gy/tmr_ros2/install/tmr_description/share/tmr_description/meshes/tm5-900/visual/tmr_100w_02.mtl
[0.523s] -- Up-to-date: /home/gy/tmr_ros2/install/tmr_description/share/tmr_description/meshes/tm5-900/visual/tm5-900_arm1.obj
[0.523s] -- Up-to-date: /home/gy/tmr_ros2/install/tmr_description/share/tmr_description/meshes/tm5-900/collision
[0.529s] -- Up-to-date: /home/gy/tmr_ros2/install/tmr_description/share/tmr_description/meshes/tm5-900/collision/tm5-900_arm2_c.stl
[0.530s] -- Up-to-date: /home/gy/tmr_ros2/install/tmr_description/share/tmr_description/meshes/tm5-900/collision/tm5_base_c.stl
[0.531s] -- Up-to-date: /home/gy/tmr_ros2/install/tmr_description/share/tmr_description/meshes/tm5-900/collision/tmr_ee_c.stl
[0.532s] -- Up-to-date: /home/gy/tmr_ros2/install/tmr_description/share/tmr_description/meshes/tm5-900/collision/tmr_100w_01_c.stl
[0.532s] -- Up-to-date: /home/gy/tmr_ros2/install/tmr_description/share/tmr_description/meshes/tm5-900/collision/tm5-900_arm1_c.stl
[0.532s] -- Up-to-date: /home/gy/tmr_ros2/install/tmr_description/share/tmr_description/meshes/tm5-900/collision/tmr_400w_01_c.stl
[0.535s] -- Up-to-date: /home/gy/tmr_ros2/install/tmr_description/share/tmr_description/meshes/tm5-900/collision/tmr_100w_02_c.stl
[0.535s] -- Up-to-date: /home/gy/tmr_ros2/install/tmr_description/share/tmr_description/urdf
[0.536s] -- Up-to-date: /home/gy/tmr_ros2/install/tmr_description/share/tmr_description/urdf/tm5-900.urdf
[0.536s] -- Up-to-date: /home/gy/tmr_ros2/install/tmr_description/share/tmr_description/xacro
[0.536s] -- Up-to-date: /home/gy/tmr_ros2/install/tmr_description/share/tmr_description/xacro/macro.inertial.xacro
[0.537s] -- Up-to-date: /home/gy/tmr_ros2/install/tmr_description/share/tmr_description/xacro/tm5-900.urdf.xacro
[0.537s] -- Up-to-date: /home/gy/tmr_ros2/install/tmr_description/share/tmr_description/xacro/macro.materials.xacro
[0.537s] -- Up-to-date: /home/gy/tmr_ros2/install/tmr_description/share/tmr_description/xacro/macro.gazebo.xacro
[0.538s] -- Up-to-date: /home/gy/tmr_ros2/install/tmr_description/share/tmr_description/xacro/macro.tm5-900.urdf.xacro
[0.540s] -- Up-to-date: /home/gy/tmr_ros2/install/tmr_description/share/tmr_description/xacro/macro.transmission.xacro
[0.540s] -- Up-to-date: /home/gy/tmr_ros2/install/tmr_description/share/tmr_description/xacro/gripper
[0.540s] -- Up-to-date: /home/gy/tmr_ros2/install/tmr_description/share/tmr_description/xacro/gripper/robotiq_85_gripper.urdf.xacro
[0.540s] -- Up-to-date: /home/gy/tmr_ros2/install/tmr_description/share/tmr_description/xacro/gripper/robotiq_85_gripper.xacro
[0.540s] -- Up-to-date: /home/gy/tmr_ros2/install/tmr_description/share/tmr_description/xacro/gripper/robotiq_85_gripper_sim_base.urdf.xacro
[0.540s] -- Up-to-date: /home/gy/tmr_ros2/install/tmr_description/share/tmr_description/xacro/gripper/robotiq_85_gripper.transmission.xacro
[0.541s] -- Up-to-date: /home/gy/tmr_ros2/install/tmr_description/share/tmr_description/xacro/gripper/robotiq_2f.urdf.xacro
[0.541s] Invoked command in '/home/gy/tmr_ros2/build/tmr_description' returned '0': CMAKE_PREFIX_PATH=${CMAKE_PREFIX_PATH}:/home/gy/tmr_ros2/install/tmr_mod_urdf:/home/gy/tmr_ros2/install/tm_get_status:/opt/ros/foxy /usr/bin/cmake --install /home/gy/tmr_ros2/build/tmr_description
