[0.101s] Invoking command in '/home/gy/Omron_TM_ROS2/build/tmr_msgs': CMAKE_PREFIX_PATH=/opt/ros/foxy /usr/bin/cmake /home/gy/Omron_TM_ROS2/tmr_msgs -DCMAKE_INSTALL_PREFIX=/home/gy/Omron_TM_ROS2/install/tmr_msgs
[0.583s] -- Found ament_cmake: 0.9.8 (/opt/ros/foxy/share/ament_cmake/cmake)
[0.780s] -- Found PythonInterp: /usr/bin/python3 (found suitable version "3.8.5", minimum required is "3") 
[0.781s] -- Using PYTHON_EXECUTABLE: /usr/bin/python3
[1.076s] -- Override CMake install command with custom implementation using symlinks instead of copying resources
[1.190s] -- Found std_msgs: 2.0.4 (/opt/ros/foxy/share/std_msgs/cmake)
[1.814s] -- Using all available rosidl_typesupport_c: rosidl_typesupport_fastrtps_c;rosidl_typesupport_introspection_c
[1.845s] -- Found rosidl_adapter: 1.2.1 (/opt/ros/foxy/share/rosidl_adapter/cmake)
[2.464s] -- Using all available rosidl_typesupport_cpp: rosidl_typesupport_fastrtps_cpp;rosidl_typesupport_introspection_cpp
[2.974s] -- Found rosidl_default_generators: 1.0.1 (/opt/ros/foxy/share/rosidl_default_generators/cmake)
[3.042s] -- Found PythonInterp: /usr/bin/python3 (found version "3.8.5") 
[3.470s] -- Found ament_cmake_ros: 0.9.1 (/opt/ros/foxy/share/ament_cmake_ros/cmake)
[3.732s] -- Using all available rosidl_typesupport_c: rosidl_typesupport_fastrtps_c;rosidl_typesupport_introspection_c
[3.838s] -- Using all available rosidl_typesupport_cpp: rosidl_typesupport_fastrtps_cpp;rosidl_typesupport_introspection_cpp
[3.881s] -- Found PythonInterp: /usr/bin/python3 (found suitable version "3.8.5", minimum required is "3.5") 
[3.887s] -- Found python_cmake_module: 0.8.1 (/opt/ros/foxy/share/python_cmake_module/cmake)
[4.100s] -- Using PYTHON_EXECUTABLE: /usr/bin/python3
[4.101s] -- Using PYTHON_INCLUDE_DIRS: /usr/include/python3.8
[4.101s] -- Using PYTHON_LIBRARIES: /usr/lib/x86_64-linux-gnu/libpython3.8.so
[4.368s] -- Configuring done
[4.550s] -- Generating done
[4.553s] -- Build files have been written to: /home/gy/Omron_TM_ROS2/build/tmr_msgs
[4.562s] Invoked command in '/home/gy/Omron_TM_ROS2/build/tmr_msgs' returned '0': CMAKE_PREFIX_PATH=/opt/ros/foxy /usr/bin/cmake /home/gy/Omron_TM_ROS2/tmr_msgs -DCMAKE_INSTALL_PREFIX=/home/gy/Omron_TM_ROS2/install/tmr_msgs
[4.563s] Invoking command in '/home/gy/Omron_TM_ROS2/build/tmr_msgs': CMAKE_PREFIX_PATH=/opt/ros/foxy /usr/bin/cmake --build /home/gy/Omron_TM_ROS2/build/tmr_msgs -- -j4 -l4
[4.683s] [  0%] Built target tmr_msgs__cpp
[4.789s] [35m[1mScanning dependencies of target tmr_msgs__rosidl_typesupport_introspection_cpp[0m
[4.790s] [35m[1mScanning dependencies of target tmr_msgs__rosidl_typesupport_fastrtps_cpp[0m
[4.792s] [35m[1mScanning dependencies of target tmr_msgs__rosidl_generator_c[0m
[4.878s] [35m[1mScanning dependencies of target tmr_msgs__rosidl_typesupport_cpp[0m
[5.608s] [  1%] [32mBuilding CXX object CMakeFiles/tmr_msgs__rosidl_typesupport_fastrtps_cpp.dir/rosidl_typesupport_fastrtps_cpp/tmr_msgs/msg/detail/dds_fastrtps/feedback_state__type_support.cpp.o[0m
[5.609s] [  2%] [32mBuilding CXX object CMakeFiles/tmr_msgs__rosidl_typesupport_cpp.dir/rosidl_typesupport_cpp/tmr_msgs/msg/feedback_state__type_support.cpp.o[0m
[5.614s] [  2%] [32mBuilding CXX object CMakeFiles/tmr_msgs__rosidl_typesupport_introspection_cpp.dir/rosidl_typesupport_introspection_cpp/tmr_msgs/msg/detail/feedback_state__type_support.cpp.o[0m
[5.670s] [  3%] [32mBuilding C object CMakeFiles/tmr_msgs__rosidl_generator_c.dir/rosidl_generator_c/tmr_msgs/msg/detail/feedback_state__functions.c.o[0m
[10.385s] [  4%] [32mBuilding C object CMakeFiles/tmr_msgs__rosidl_generator_c.dir/rosidl_generator_c/tmr_msgs/msg/detail/svr_response__functions.c.o[0m
[10.574s] [  4%] [32mBuilding C object CMakeFiles/tmr_msgs__rosidl_generator_c.dir/rosidl_generator_c/tmr_msgs/msg/detail/sct_response__functions.c.o[0m
[10.732s] [  5%] [32mBuilding C object CMakeFiles/tmr_msgs__rosidl_generator_c.dir/rosidl_generator_c/tmr_msgs/msg/detail/sta_response__functions.c.o[0m
[10.835s] [  6%] [32mBuilding C object CMakeFiles/tmr_msgs__rosidl_generator_c.dir/rosidl_generator_c/tmr_msgs/srv/detail/connect_tm__functions.c.o[0m
[10.917s] [  7%] [32mBuilding C object CMakeFiles/tmr_msgs__rosidl_generator_c.dir/rosidl_generator_c/tmr_msgs/srv/detail/write_item__functions.c.o[0m
[11.055s] [  8%] [32mBuilding C object CMakeFiles/tmr_msgs__rosidl_generator_c.dir/rosidl_generator_c/tmr_msgs/srv/detail/ask_item__functions.c.o[0m
[11.167s] [  9%] [32mBuilding C object CMakeFiles/tmr_msgs__rosidl_generator_c.dir/rosidl_generator_c/tmr_msgs/srv/detail/send_script__functions.c.o[0m
[11.299s] [ 10%] [32mBuilding C object CMakeFiles/tmr_msgs__rosidl_generator_c.dir/rosidl_generator_c/tmr_msgs/srv/detail/set_event__functions.c.o[0m
[11.482s] [ 10%] [32mBuilding C object CMakeFiles/tmr_msgs__rosidl_generator_c.dir/rosidl_generator_c/tmr_msgs/srv/detail/set_io__functions.c.o[0m
[11.523s] [ 11%] [32mBuilding CXX object CMakeFiles/tmr_msgs__rosidl_typesupport_cpp.dir/rosidl_typesupport_cpp/tmr_msgs/msg/svr_response__type_support.cpp.o[0m
[11.713s] [ 12%] [32mBuilding C object CMakeFiles/tmr_msgs__rosidl_generator_c.dir/rosidl_generator_c/tmr_msgs/srv/detail/set_positions__functions.c.o[0m
[12.000s] [ 13%] [32mBuilding C object CMakeFiles/tmr_msgs__rosidl_generator_c.dir/rosidl_generator_c/tmr_msgs/srv/detail/ask_sta__functions.c.o[0m
[12.000s] [ 14%] [32mBuilding CXX object CMakeFiles/tmr_msgs__rosidl_typesupport_fastrtps_cpp.dir/rosidl_typesupport_fastrtps_cpp/tmr_msgs/msg/detail/dds_fastrtps/svr_response__type_support.cpp.o[0m
[12.032s] [ 15%] [32mBuilding CXX object CMakeFiles/tmr_msgs__rosidl_typesupport_introspection_cpp.dir/rosidl_typesupport_introspection_cpp/tmr_msgs/msg/detail/svr_response__type_support.cpp.o[0m
[12.306s] [ 16%] [32m[1mLinking C shared library libtmr_msgs__rosidl_generator_c.so[0m
[12.595s] [ 17%] Built target tmr_msgs__rosidl_generator_c
[12.729s] [ 18%] [32mBuilding CXX object CMakeFiles/tmr_msgs__rosidl_typesupport_cpp.dir/rosidl_typesupport_cpp/tmr_msgs/msg/sct_response__type_support.cpp.o[0m
[12.938s] [ 19%] [32mBuilding CXX object CMakeFiles/tmr_msgs__rosidl_typesupport_introspection_cpp.dir/rosidl_typesupport_introspection_cpp/tmr_msgs/msg/detail/sct_response__type_support.cpp.o[0m
[13.368s] [ 20%] [32mBuilding CXX object CMakeFiles/tmr_msgs__rosidl_typesupport_fastrtps_cpp.dir/rosidl_typesupport_fastrtps_cpp/tmr_msgs/msg/detail/dds_fastrtps/sct_response__type_support.cpp.o[0m
[13.475s] [ 21%] [32mBuilding CXX object CMakeFiles/tmr_msgs__rosidl_typesupport_cpp.dir/rosidl_typesupport_cpp/tmr_msgs/msg/sta_response__type_support.cpp.o[0m
[13.685s] [ 22%] [32mBuilding CXX object CMakeFiles/tmr_msgs__rosidl_typesupport_introspection_cpp.dir/rosidl_typesupport_introspection_cpp/tmr_msgs/msg/detail/sta_response__type_support.cpp.o[0m
[14.272s] [ 22%] [32mBuilding CXX object CMakeFiles/tmr_msgs__rosidl_typesupport_cpp.dir/rosidl_typesupport_cpp/tmr_msgs/srv/connect_tm__type_support.cpp.o[0m
[14.466s] [ 23%] [32mBuilding CXX object CMakeFiles/tmr_msgs__rosidl_typesupport_fastrtps_cpp.dir/rosidl_typesupport_fastrtps_cpp/tmr_msgs/msg/detail/dds_fastrtps/sta_response__type_support.cpp.o[0m
[14.585s] [ 24%] [32mBuilding CXX object CMakeFiles/tmr_msgs__rosidl_typesupport_introspection_cpp.dir/rosidl_typesupport_introspection_cpp/tmr_msgs/srv/detail/connect_tm__type_support.cpp.o[0m
[15.060s] [ 26%] [32mBuilding CXX object CMakeFiles/tmr_msgs__rosidl_typesupport_introspection_cpp.dir/rosidl_typesupport_introspection_cpp/tmr_msgs/srv/detail/write_item__type_support.cpp.o[0m
[15.061s] [ 25%] [32mBuilding CXX object CMakeFiles/tmr_msgs__rosidl_typesupport_cpp.dir/rosidl_typesupport_cpp/tmr_msgs/srv/write_item__type_support.cpp.o[0m
[15.517s] [ 27%] [32mBuilding CXX object CMakeFiles/tmr_msgs__rosidl_typesupport_fastrtps_cpp.dir/rosidl_typesupport_fastrtps_cpp/tmr_msgs/srv/detail/dds_fastrtps/connect_tm__type_support.cpp.o[0m
[15.727s] [ 28%] [32mBuilding CXX object CMakeFiles/tmr_msgs__rosidl_typesupport_cpp.dir/rosidl_typesupport_cpp/tmr_msgs/srv/ask_item__type_support.cpp.o[0m
[15.761s] [ 28%] [32mBuilding CXX object CMakeFiles/tmr_msgs__rosidl_typesupport_introspection_cpp.dir/rosidl_typesupport_introspection_cpp/tmr_msgs/srv/detail/ask_item__type_support.cpp.o[0m
[16.428s] [ 29%] [32mBuilding CXX object CMakeFiles/tmr_msgs__rosidl_typesupport_introspection_cpp.dir/rosidl_typesupport_introspection_cpp/tmr_msgs/srv/detail/send_script__type_support.cpp.o[0m
[16.554s] [ 30%] [32mBuilding CXX object CMakeFiles/tmr_msgs__rosidl_typesupport_cpp.dir/rosidl_typesupport_cpp/tmr_msgs/srv/send_script__type_support.cpp.o[0m
[16.756s] [ 30%] [32mBuilding CXX object CMakeFiles/tmr_msgs__rosidl_typesupport_fastrtps_cpp.dir/rosidl_typesupport_fastrtps_cpp/tmr_msgs/srv/detail/dds_fastrtps/write_item__type_support.cpp.o[0m
[17.129s] [ 31%] [32mBuilding CXX object CMakeFiles/tmr_msgs__rosidl_typesupport_introspection_cpp.dir/rosidl_typesupport_introspection_cpp/tmr_msgs/srv/detail/set_event__type_support.cpp.o[0m
[17.289s] [ 32%] [32mBuilding CXX object CMakeFiles/tmr_msgs__rosidl_typesupport_cpp.dir/rosidl_typesupport_cpp/tmr_msgs/srv/set_event__type_support.cpp.o[0m
[17.769s] [ 33%] [32mBuilding CXX object CMakeFiles/tmr_msgs__rosidl_typesupport_fastrtps_cpp.dir/rosidl_typesupport_fastrtps_cpp/tmr_msgs/srv/detail/dds_fastrtps/ask_item__type_support.cpp.o[0m
[17.859s] [ 34%] [32mBuilding CXX object CMakeFiles/tmr_msgs__rosidl_typesupport_introspection_cpp.dir/rosidl_typesupport_introspection_cpp/tmr_msgs/srv/detail/set_io__type_support.cpp.o[0m
[18.048s] [ 35%] [32mBuilding CXX object CMakeFiles/tmr_msgs__rosidl_typesupport_cpp.dir/rosidl_typesupport_cpp/tmr_msgs/srv/set_io__type_support.cpp.o[0m
[18.574s] [ 36%] [32mBuilding CXX object CMakeFiles/tmr_msgs__rosidl_typesupport_introspection_cpp.dir/rosidl_typesupport_introspection_cpp/tmr_msgs/srv/detail/set_positions__type_support.cpp.o[0m
[18.787s] [ 36%] [32mBuilding CXX object CMakeFiles/tmr_msgs__rosidl_typesupport_cpp.dir/rosidl_typesupport_cpp/tmr_msgs/srv/set_positions__type_support.cpp.o[0m
[19.012s] [ 37%] [32mBuilding CXX object CMakeFiles/tmr_msgs__rosidl_typesupport_fastrtps_cpp.dir/rosidl_typesupport_fastrtps_cpp/tmr_msgs/srv/detail/dds_fastrtps/send_script__type_support.cpp.o[0m
[19.297s] [ 38%] [32mBuilding CXX object CMakeFiles/tmr_msgs__rosidl_typesupport_introspection_cpp.dir/rosidl_typesupport_introspection_cpp/tmr_msgs/srv/detail/ask_sta__type_support.cpp.o[0m
[19.309s] [ 39%] [32mBuilding CXX object CMakeFiles/tmr_msgs__rosidl_typesupport_cpp.dir/rosidl_typesupport_cpp/tmr_msgs/srv/ask_sta__type_support.cpp.o[0m
[19.962s] [ 40%] [32m[1mLinking CXX shared library libtmr_msgs__rosidl_typesupport_cpp.so[0m
[19.963s] [ 41%] [32m[1mLinking CXX shared library libtmr_msgs__rosidl_typesupport_introspection_cpp.so[0m
[20.040s] [ 42%] [32mBuilding CXX object CMakeFiles/tmr_msgs__rosidl_typesupport_fastrtps_cpp.dir/rosidl_typesupport_fastrtps_cpp/tmr_msgs/srv/detail/dds_fastrtps/set_event__type_support.cpp.o[0m
[20.169s] [ 43%] Built target tmr_msgs__rosidl_typesupport_cpp
[20.208s] [ 44%] Built target tmr_msgs__rosidl_typesupport_introspection_cpp
[20.622s] [ 45%] [32mBuilding CXX object CMakeFiles/tmr_msgs__rosidl_typesupport_fastrtps_cpp.dir/rosidl_typesupport_fastrtps_cpp/tmr_msgs/srv/detail/dds_fastrtps/set_positions__type_support.cpp.o[0m
[21.180s] [ 46%] [32mBuilding CXX object CMakeFiles/tmr_msgs__rosidl_typesupport_fastrtps_cpp.dir/rosidl_typesupport_fastrtps_cpp/tmr_msgs/srv/detail/dds_fastrtps/set_io__type_support.cpp.o[0m
[21.775s] [ 46%] [32mBuilding CXX object CMakeFiles/tmr_msgs__rosidl_typesupport_fastrtps_cpp.dir/rosidl_typesupport_fastrtps_cpp/tmr_msgs/srv/detail/dds_fastrtps/ask_sta__type_support.cpp.o[0m
[22.278s] [ 47%] [32m[1mLinking CXX shared library libtmr_msgs__rosidl_typesupport_fastrtps_cpp.so[0m
[22.463s] [ 47%] Built target tmr_msgs__rosidl_typesupport_fastrtps_cpp
[22.486s] [35m[1mScanning dependencies of target tmr_msgs__rosidl_typesupport_c[0m
[22.511s] [ 48%] [32mBuilding CXX object CMakeFiles/tmr_msgs__rosidl_typesupport_c.dir/rosidl_typesupport_c/tmr_msgs/msg/feedback_state__type_support.cpp.o[0m
[22.573s] [ 48%] [32mBuilding CXX object CMakeFiles/tmr_msgs__rosidl_typesupport_c.dir/rosidl_typesupport_c/tmr_msgs/msg/svr_response__type_support.cpp.o[0m
[22.620s] [ 49%] [32mBuilding CXX object CMakeFiles/tmr_msgs__rosidl_typesupport_c.dir/rosidl_typesupport_c/tmr_msgs/msg/sct_response__type_support.cpp.o[0m
[22.688s] [ 50%] [32mBuilding CXX object CMakeFiles/tmr_msgs__rosidl_typesupport_c.dir/rosidl_typesupport_c/tmr_msgs/msg/sta_response__type_support.cpp.o[0m
[22.744s] [ 51%] [32mBuilding CXX object CMakeFiles/tmr_msgs__rosidl_typesupport_c.dir/rosidl_typesupport_c/tmr_msgs/srv/connect_tm__type_support.cpp.o[0m
[22.803s] [ 52%] [32mBuilding CXX object CMakeFiles/tmr_msgs__rosidl_typesupport_c.dir/rosidl_typesupport_c/tmr_msgs/srv/write_item__type_support.cpp.o[0m
[22.872s] [ 53%] [32mBuilding CXX object CMakeFiles/tmr_msgs__rosidl_typesupport_c.dir/rosidl_typesupport_c/tmr_msgs/srv/ask_item__type_support.cpp.o[0m
[22.945s] [ 53%] [32mBuilding CXX object CMakeFiles/tmr_msgs__rosidl_typesupport_c.dir/rosidl_typesupport_c/tmr_msgs/srv/send_script__type_support.cpp.o[0m
[23.003s] [ 54%] [32mBuilding CXX object CMakeFiles/tmr_msgs__rosidl_typesupport_c.dir/rosidl_typesupport_c/tmr_msgs/srv/set_event__type_support.cpp.o[0m
[23.052s] [ 55%] [32mBuilding CXX object CMakeFiles/tmr_msgs__rosidl_typesupport_c.dir/rosidl_typesupport_c/tmr_msgs/srv/set_io__type_support.cpp.o[0m
[23.088s] [ 56%] [32mBuilding CXX object CMakeFiles/tmr_msgs__rosidl_typesupport_c.dir/rosidl_typesupport_c/tmr_msgs/srv/set_positions__type_support.cpp.o[0m
[23.171s] [ 57%] [32mBuilding CXX object CMakeFiles/tmr_msgs__rosidl_typesupport_c.dir/rosidl_typesupport_c/tmr_msgs/srv/ask_sta__type_support.cpp.o[0m
[23.233s] [ 58%] [32m[1mLinking CXX shared library libtmr_msgs__rosidl_typesupport_c.so[0m
[23.422s] [ 59%] Built target tmr_msgs__rosidl_typesupport_c
[23.472s] [35m[1mScanning dependencies of target tmr_msgs__rosidl_typesupport_fastrtps_c[0m
[23.589s] [ 60%] [32mBuilding CXX object CMakeFiles/tmr_msgs__rosidl_typesupport_fastrtps_c.dir/rosidl_typesupport_fastrtps_c/tmr_msgs/msg/detail/feedback_state__type_support_c.cpp.o[0m
[24.338s] [ 60%] [32mBuilding CXX object CMakeFiles/tmr_msgs__rosidl_typesupport_fastrtps_c.dir/rosidl_typesupport_fastrtps_c/tmr_msgs/msg/detail/sct_response__type_support_c.cpp.o[0m
[24.894s] [ 61%] [32mBuilding CXX object CMakeFiles/tmr_msgs__rosidl_typesupport_fastrtps_c.dir/rosidl_typesupport_fastrtps_c/tmr_msgs/msg/detail/sta_response__type_support_c.cpp.o[0m
[25.341s] [ 62%] [32mBuilding CXX object CMakeFiles/tmr_msgs__rosidl_typesupport_fastrtps_c.dir/rosidl_typesupport_fastrtps_c/tmr_msgs/srv/detail/connect_tm__type_support_c.cpp.o[0m
[25.740s] [ 63%] [32mBuilding CXX object CMakeFiles/tmr_msgs__rosidl_typesupport_fastrtps_c.dir/rosidl_typesupport_fastrtps_c/tmr_msgs/srv/detail/write_item__type_support_c.cpp.o[0m
[26.177s] [ 64%] [32mBuilding CXX object CMakeFiles/tmr_msgs__rosidl_typesupport_fastrtps_c.dir/rosidl_typesupport_fastrtps_c/tmr_msgs/srv/detail/ask_item__type_support_c.cpp.o[0m
[26.582s] [ 65%] [32mBuilding CXX object CMakeFiles/tmr_msgs__rosidl_typesupport_fastrtps_c.dir/rosidl_typesupport_fastrtps_c/tmr_msgs/srv/detail/send_script__type_support_c.cpp.o[0m
[26.977s] [ 65%] [32mBuilding CXX object CMakeFiles/tmr_msgs__rosidl_typesupport_fastrtps_c.dir/rosidl_typesupport_fastrtps_c/tmr_msgs/srv/detail/set_event__type_support_c.cpp.o[0m
[27.367s] [ 66%] [32mBuilding CXX object CMakeFiles/tmr_msgs__rosidl_typesupport_fastrtps_c.dir/rosidl_typesupport_fastrtps_c/tmr_msgs/srv/detail/set_io__type_support_c.cpp.o[0m
[27.748s] [ 67%] [32mBuilding CXX object CMakeFiles/tmr_msgs__rosidl_typesupport_fastrtps_c.dir/rosidl_typesupport_fastrtps_c/tmr_msgs/srv/detail/set_positions__type_support_c.cpp.o[0m
[28.188s] [ 68%] [32mBuilding CXX object CMakeFiles/tmr_msgs__rosidl_typesupport_fastrtps_c.dir/rosidl_typesupport_fastrtps_c/tmr_msgs/srv/detail/ask_sta__type_support_c.cpp.o[0m
[28.592s] [ 69%] [32mBuilding CXX object CMakeFiles/tmr_msgs__rosidl_typesupport_fastrtps_c.dir/rosidl_typesupport_fastrtps_c/tmr_msgs/msg/detail/svr_response__type_support_c.cpp.o[0m
[28.991s] [ 70%] [32m[1mLinking CXX shared library libtmr_msgs__rosidl_typesupport_fastrtps_c.so[0m
[29.462s] [ 71%] Built target tmr_msgs__rosidl_typesupport_fastrtps_c
[29.518s] [35m[1mScanning dependencies of target tmr_msgs__rosidl_typesupport_introspection_c[0m
[29.616s] [ 72%] [32mBuilding C object CMakeFiles/tmr_msgs__rosidl_typesupport_introspection_c.dir/rosidl_typesupport_introspection_c/tmr_msgs/msg/detail/feedback_state__type_support.c.o[0m
[29.718s] [ 72%] [32mBuilding C object CMakeFiles/tmr_msgs__rosidl_typesupport_introspection_c.dir/rosidl_typesupport_introspection_c/tmr_msgs/msg/detail/sta_response__type_support.c.o[0m
[29.776s] [ 73%] [32mBuilding C object CMakeFiles/tmr_msgs__rosidl_typesupport_introspection_c.dir/rosidl_typesupport_introspection_c/tmr_msgs/srv/detail/connect_tm__type_support.c.o[0m
[29.821s] [ 74%] [32mBuilding C object CMakeFiles/tmr_msgs__rosidl_typesupport_introspection_c.dir/rosidl_typesupport_introspection_c/tmr_msgs/srv/detail/write_item__type_support.c.o[0m
[29.865s] [ 75%] [32mBuilding C object CMakeFiles/tmr_msgs__rosidl_typesupport_introspection_c.dir/rosidl_typesupport_introspection_c/tmr_msgs/srv/detail/ask_item__type_support.c.o[0m
[29.907s] [ 76%] [32mBuilding C object CMakeFiles/tmr_msgs__rosidl_typesupport_introspection_c.dir/rosidl_typesupport_introspection_c/tmr_msgs/srv/detail/send_script__type_support.c.o[0m
[29.968s] [ 77%] [32mBuilding C object CMakeFiles/tmr_msgs__rosidl_typesupport_introspection_c.dir/rosidl_typesupport_introspection_c/tmr_msgs/srv/detail/set_event__type_support.c.o[0m
[30.008s] [ 78%] [32mBuilding C object CMakeFiles/tmr_msgs__rosidl_typesupport_introspection_c.dir/rosidl_typesupport_introspection_c/tmr_msgs/srv/detail/set_io__type_support.c.o[0m
[30.056s] [ 78%] [32mBuilding C object CMakeFiles/tmr_msgs__rosidl_typesupport_introspection_c.dir/rosidl_typesupport_introspection_c/tmr_msgs/srv/detail/set_positions__type_support.c.o[0m
[30.098s] [ 79%] [32mBuilding C object CMakeFiles/tmr_msgs__rosidl_typesupport_introspection_c.dir/rosidl_typesupport_introspection_c/tmr_msgs/srv/detail/ask_sta__type_support.c.o[0m
[30.135s] [ 80%] [32mBuilding C object CMakeFiles/tmr_msgs__rosidl_typesupport_introspection_c.dir/rosidl_typesupport_introspection_c/tmr_msgs/msg/detail/sct_response__type_support.c.o[0m
[30.177s] [ 81%] [32mBuilding C object CMakeFiles/tmr_msgs__rosidl_typesupport_introspection_c.dir/rosidl_typesupport_introspection_c/tmr_msgs/msg/detail/svr_response__type_support.c.o[0m
[30.215s] [ 82%] [32m[1mLinking C shared library libtmr_msgs__rosidl_typesupport_introspection_c.so[0m
[30.267s] [ 83%] Built target tmr_msgs__rosidl_typesupport_introspection_c
[30.297s] [ 83%] Built target tmr_msgs
[30.319s] [ 84%] Built target tmr_msgs__py
[30.341s] [35m[1mScanning dependencies of target tmr_msgs__python[0m
[30.388s] [ 85%] [32mBuilding C object CMakeFiles/tmr_msgs__python.dir/rosidl_generator_py/tmr_msgs/msg/_feedback_state_s.c.o[0m
[30.590s] [ 86%] [32mBuilding C object CMakeFiles/tmr_msgs__python.dir/rosidl_generator_py/tmr_msgs/msg/_sta_response_s.c.o[0m
[30.688s] [ 86%] [32mBuilding C object CMakeFiles/tmr_msgs__python.dir/rosidl_generator_py/tmr_msgs/srv/_connect_tm_s.c.o[0m
[30.796s] [ 87%] [32mBuilding C object CMakeFiles/tmr_msgs__python.dir/rosidl_generator_py/tmr_msgs/srv/_write_item_s.c.o[0m
[30.911s] [ 88%] [32mBuilding C object CMakeFiles/tmr_msgs__python.dir/rosidl_generator_py/tmr_msgs/srv/_ask_item_s.c.o[0m
[31.024s] [ 89%] [32mBuilding C object CMakeFiles/tmr_msgs__python.dir/rosidl_generator_py/tmr_msgs/srv/_send_script_s.c.o[0m
[31.131s] [ 90%] [32mBuilding C object CMakeFiles/tmr_msgs__python.dir/rosidl_generator_py/tmr_msgs/srv/_set_event_s.c.o[0m
[31.237s] [ 91%] [32mBuilding C object CMakeFiles/tmr_msgs__python.dir/rosidl_generator_py/tmr_msgs/srv/_set_io_s.c.o[0m
[31.354s] [ 91%] [32mBuilding C object CMakeFiles/tmr_msgs__python.dir/rosidl_generator_py/tmr_msgs/srv/_set_positions_s.c.o[0m
[31.464s] [ 92%] [32mBuilding C object CMakeFiles/tmr_msgs__python.dir/rosidl_generator_py/tmr_msgs/srv/_ask_sta_s.c.o[0m
[31.591s] [ 93%] [32mBuilding C object CMakeFiles/tmr_msgs__python.dir/rosidl_generator_py/tmr_msgs/msg/_sct_response_s.c.o[0m
[31.708s] [ 94%] [32mBuilding C object CMakeFiles/tmr_msgs__python.dir/rosidl_generator_py/tmr_msgs/msg/_svr_response_s.c.o[0m
[31.819s] [ 95%] [32m[1mLinking C shared library rosidl_generator_py/tmr_msgs/libtmr_msgs__python.so[0m
[31.895s] [ 95%] Built target tmr_msgs__python
[31.909s] [35m[1mScanning dependencies of target tmr_msgs__rosidl_typesupport_c__pyext[0m
[31.938s] [ 95%] [32mBuilding C object CMakeFiles/tmr_msgs__rosidl_typesupport_c__pyext.dir/rosidl_generator_py/tmr_msgs/_tmr_msgs_s.ep.rosidl_typesupport_c.c.o[0m
[32.118s] [ 96%] [32m[1mLinking C shared library rosidl_generator_py/tmr_msgs/tmr_msgs_s__rosidl_typesupport_c.cpython-38-x86_64-linux-gnu.so[0m
[32.192s] [ 96%] Built target tmr_msgs__rosidl_typesupport_c__pyext
[32.208s] [35m[1mScanning dependencies of target tmr_msgs__rosidl_typesupport_introspection_c__pyext[0m
[32.233s] [ 97%] [32mBuilding C object CMakeFiles/tmr_msgs__rosidl_typesupport_introspection_c__pyext.dir/rosidl_generator_py/tmr_msgs/_tmr_msgs_s.ep.rosidl_typesupport_introspection_c.c.o[0m
[32.432s] [ 98%] [32m[1mLinking C shared library rosidl_generator_py/tmr_msgs/tmr_msgs_s__rosidl_typesupport_introspection_c.cpython-38-x86_64-linux-gnu.so[0m
[32.480s] [ 98%] Built target tmr_msgs__rosidl_typesupport_introspection_c__pyext
[32.493s] [35m[1mScanning dependencies of target tmr_msgs__rosidl_typesupport_fastrtps_c__pyext[0m
[32.518s] [ 99%] [32mBuilding C object CMakeFiles/tmr_msgs__rosidl_typesupport_fastrtps_c__pyext.dir/rosidl_generator_py/tmr_msgs/_tmr_msgs_s.ep.rosidl_typesupport_fastrtps_c.c.o[0m
[32.687s] [100%] [32m[1mLinking CXX shared library rosidl_generator_py/tmr_msgs/tmr_msgs_s__rosidl_typesupport_fastrtps_c.cpython-38-x86_64-linux-gnu.so[0m
[32.785s] [100%] Built target tmr_msgs__rosidl_typesupport_fastrtps_c__pyext
[32.800s] Invoked command in '/home/gy/Omron_TM_ROS2/build/tmr_msgs' returned '0': CMAKE_PREFIX_PATH=/opt/ros/foxy /usr/bin/cmake --build /home/gy/Omron_TM_ROS2/build/tmr_msgs -- -j4 -l4
[33.164s] Invoking command in '/home/gy/Omron_TM_ROS2/build/tmr_msgs': CMAKE_PREFIX_PATH=/opt/ros/foxy /usr/bin/cmake --install /home/gy/Omron_TM_ROS2/build/tmr_msgs
[33.174s] -- Install configuration: ""
[33.174s] -- Execute custom install script
[33.179s] -- Up-to-date symlink: /home/gy/Omron_TM_ROS2/install/tmr_msgs/share/ament_index/resource_index/rosidl_interfaces/tmr_msgs
[33.179s] -- Up-to-date symlink: /home/gy/Omron_TM_ROS2/install/tmr_msgs/include/tmr_msgs/msg/detail/feedback_state__functions.h
[33.179s] -- Up-to-date symlink: /home/gy/Omron_TM_ROS2/install/tmr_msgs/include/tmr_msgs/msg/detail/feedback_state__struct.h
[33.179s] -- Up-to-date symlink: /home/gy/Omron_TM_ROS2/install/tmr_msgs/include/tmr_msgs/msg/detail/feedback_state__type_support.h
[33.179s] -- Up-to-date symlink: /home/gy/Omron_TM_ROS2/install/tmr_msgs/include/tmr_msgs/msg/detail/sct_response__functions.h
[33.180s] -- Up-to-date symlink: /home/gy/Omron_TM_ROS2/install/tmr_msgs/include/tmr_msgs/msg/detail/sct_response__struct.h
[33.180s] -- Up-to-date symlink: /home/gy/Omron_TM_ROS2/install/tmr_msgs/include/tmr_msgs/msg/detail/sct_response__type_support.h
[33.180s] -- Up-to-date symlink: /home/gy/Omron_TM_ROS2/install/tmr_msgs/include/tmr_msgs/msg/detail/sta_response__functions.h
[33.180s] -- Up-to-date symlink: /home/gy/Omron_TM_ROS2/install/tmr_msgs/include/tmr_msgs/msg/detail/sta_response__struct.h
[33.180s] -- Up-to-date symlink: /home/gy/Omron_TM_ROS2/install/tmr_msgs/include/tmr_msgs/msg/detail/sta_response__type_support.h
[33.180s] -- Up-to-date symlink: /home/gy/Omron_TM_ROS2/install/tmr_msgs/include/tmr_msgs/msg/detail/svr_response__functions.h
[33.180s] -- Up-to-date symlink: /home/gy/Omron_TM_ROS2/install/tmr_msgs/include/tmr_msgs/msg/detail/svr_response__struct.h
[33.180s] -- Up-to-date symlink: /home/gy/Omron_TM_ROS2/install/tmr_msgs/include/tmr_msgs/msg/detail/svr_response__type_support.h
[33.180s] -- Up-to-date symlink: /home/gy/Omron_TM_ROS2/install/tmr_msgs/include/tmr_msgs/msg/feedback_state.h
[33.180s] -- Up-to-date symlink: /home/gy/Omron_TM_ROS2/install/tmr_msgs/include/tmr_msgs/msg/rosidl_generator_c__visibility_control.h
[33.180s] -- Up-to-date symlink: /home/gy/Omron_TM_ROS2/install/tmr_msgs/include/tmr_msgs/msg/sct_response.h
[33.180s] -- Up-to-date symlink: /home/gy/Omron_TM_ROS2/install/tmr_msgs/include/tmr_msgs/msg/sta_response.h
[33.181s] -- Up-to-date symlink: /home/gy/Omron_TM_ROS2/install/tmr_msgs/include/tmr_msgs/msg/svr_response.h
[33.181s] -- Up-to-date symlink: /home/gy/Omron_TM_ROS2/install/tmr_msgs/include/tmr_msgs/srv/ask_item.h
[33.181s] -- Up-to-date symlink: /home/gy/Omron_TM_ROS2/install/tmr_msgs/include/tmr_msgs/srv/ask_sta.h
[33.181s] -- Up-to-date symlink: /home/gy/Omron_TM_ROS2/install/tmr_msgs/include/tmr_msgs/srv/connect_tm.h
[33.181s] -- Up-to-date symlink: /home/gy/Omron_TM_ROS2/install/tmr_msgs/include/tmr_msgs/srv/detail/ask_item__functions.h
[33.181s] -- Up-to-date symlink: /home/gy/Omron_TM_ROS2/install/tmr_msgs/include/tmr_msgs/srv/detail/ask_item__struct.h
[33.181s] -- Up-to-date symlink: /home/gy/Omron_TM_ROS2/install/tmr_msgs/include/tmr_msgs/srv/detail/ask_item__type_support.h
[33.181s] -- Up-to-date symlink: /home/gy/Omron_TM_ROS2/install/tmr_msgs/include/tmr_msgs/srv/detail/ask_sta__functions.h
[33.181s] -- Up-to-date symlink: /home/gy/Omron_TM_ROS2/install/tmr_msgs/include/tmr_msgs/srv/detail/ask_sta__struct.h
[33.181s] -- Up-to-date symlink: /home/gy/Omron_TM_ROS2/install/tmr_msgs/include/tmr_msgs/srv/detail/ask_sta__type_support.h
[33.181s] -- Up-to-date symlink: /home/gy/Omron_TM_ROS2/install/tmr_msgs/include/tmr_msgs/srv/detail/connect_tm__functions.h
[33.181s] -- Up-to-date symlink: /home/gy/Omron_TM_ROS2/install/tmr_msgs/include/tmr_msgs/srv/detail/connect_tm__struct.h
[33.181s] -- Up-to-date symlink: /home/gy/Omron_TM_ROS2/install/tmr_msgs/include/tmr_msgs/srv/detail/connect_tm__type_support.h
[33.182s] -- Up-to-date symlink: /home/gy/Omron_TM_ROS2/install/tmr_msgs/include/tmr_msgs/srv/detail/send_script__functions.h
[33.182s] -- Up-to-date symlink: /home/gy/Omron_TM_ROS2/install/tmr_msgs/include/tmr_msgs/srv/detail/send_script__struct.h
[33.182s] -- Up-to-date symlink: /home/gy/Omron_TM_ROS2/install/tmr_msgs/include/tmr_msgs/srv/detail/send_script__type_support.h
[33.182s] -- Up-to-date symlink: /home/gy/Omron_TM_ROS2/install/tmr_msgs/include/tmr_msgs/srv/detail/set_event__functions.h
[33.182s] -- Up-to-date symlink: /home/gy/Omron_TM_ROS2/install/tmr_msgs/include/tmr_msgs/srv/detail/set_event__struct.h
[33.182s] -- Up-to-date symlink: /home/gy/Omron_TM_ROS2/install/tmr_msgs/include/tmr_msgs/srv/detail/set_event__type_support.h
[33.183s] -- Up-to-date symlink: /home/gy/Omron_TM_ROS2/install/tmr_msgs/include/tmr_msgs/srv/detail/set_io__functions.h
[33.183s] -- Up-to-date symlink: /home/gy/Omron_TM_ROS2/install/tmr_msgs/include/tmr_msgs/srv/detail/set_io__struct.h
[33.183s] -- Up-to-date symlink: /home/gy/Omron_TM_ROS2/install/tmr_msgs/include/tmr_msgs/srv/detail/set_io__type_support.h
[33.184s] -- Up-to-date symlink: /home/gy/Omron_TM_ROS2/install/tmr_msgs/include/tmr_msgs/srv/detail/set_positions__functions.h
[33.184s] -- Up-to-date symlink: /home/gy/Omron_TM_ROS2/install/tmr_msgs/include/tmr_msgs/srv/detail/set_positions__struct.h
[33.184s] -- Up-to-date symlink: /home/gy/Omron_TM_ROS2/install/tmr_msgs/include/tmr_msgs/srv/detail/set_positions__type_support.h
[33.184s] -- Up-to-date symlink: /home/gy/Omron_TM_ROS2/install/tmr_msgs/include/tmr_msgs/srv/detail/write_item__functions.h
[33.184s] -- Up-to-date symlink: /home/gy/Omron_TM_ROS2/install/tmr_msgs/include/tmr_msgs/srv/detail/write_item__struct.h
[33.184s] -- Up-to-date symlink: /home/gy/Omron_TM_ROS2/install/tmr_msgs/include/tmr_msgs/srv/detail/write_item__type_support.h
[33.184s] -- Up-to-date symlink: /home/gy/Omron_TM_ROS2/install/tmr_msgs/include/tmr_msgs/srv/send_script.h
[33.184s] -- Up-to-date symlink: /home/gy/Omron_TM_ROS2/install/tmr_msgs/include/tmr_msgs/srv/set_event.h
[33.184s] -- Up-to-date symlink: /home/gy/Omron_TM_ROS2/install/tmr_msgs/include/tmr_msgs/srv/set_io.h
[33.184s] -- Up-to-date symlink: /home/gy/Omron_TM_ROS2/install/tmr_msgs/include/tmr_msgs/srv/set_positions.h
[33.185s] -- Up-to-date symlink: /home/gy/Omron_TM_ROS2/install/tmr_msgs/include/tmr_msgs/srv/write_item.h
[33.186s] -- Up-to-date symlink: /home/gy/Omron_TM_ROS2/install/tmr_msgs/share/tmr_msgs/environment/library_path.sh
[33.186s] -- Up-to-date symlink: /home/gy/Omron_TM_ROS2/install/tmr_msgs/share/tmr_msgs/environment/library_path.dsv
[33.187s] -- Up-to-date symlink: /home/gy/Omron_TM_ROS2/install/tmr_msgs/include/tmr_msgs/msg/detail/feedback_state__rosidl_typesupport_fastrtps_c.h
[33.187s] -- Up-to-date symlink: /home/gy/Omron_TM_ROS2/install/tmr_msgs/include/tmr_msgs/msg/detail/sct_response__rosidl_typesupport_fastrtps_c.h
[33.187s] -- Up-to-date symlink: /home/gy/Omron_TM_ROS2/install/tmr_msgs/include/tmr_msgs/msg/detail/sta_response__rosidl_typesupport_fastrtps_c.h
[33.187s] -- Up-to-date symlink: /home/gy/Omron_TM_ROS2/install/tmr_msgs/include/tmr_msgs/msg/detail/svr_response__rosidl_typesupport_fastrtps_c.h
[33.188s] -- Up-to-date symlink: /home/gy/Omron_TM_ROS2/install/tmr_msgs/include/tmr_msgs/msg/rosidl_typesupport_fastrtps_c__visibility_control.h
[33.188s] -- Up-to-date symlink: /home/gy/Omron_TM_ROS2/install/tmr_msgs/include/tmr_msgs/srv/detail/ask_item__rosidl_typesupport_fastrtps_c.h
[33.188s] -- Up-to-date symlink: /home/gy/Omron_TM_ROS2/install/tmr_msgs/include/tmr_msgs/srv/detail/ask_sta__rosidl_typesupport_fastrtps_c.h
[33.188s] -- Up-to-date symlink: /home/gy/Omron_TM_ROS2/install/tmr_msgs/include/tmr_msgs/srv/detail/connect_tm__rosidl_typesupport_fastrtps_c.h
[33.188s] -- Up-to-date symlink: /home/gy/Omron_TM_ROS2/install/tmr_msgs/include/tmr_msgs/srv/detail/send_script__rosidl_typesupport_fastrtps_c.h
[33.188s] -- Up-to-date symlink: /home/gy/Omron_TM_ROS2/install/tmr_msgs/include/tmr_msgs/srv/detail/set_event__rosidl_typesupport_fastrtps_c.h
[33.190s] -- Up-to-date symlink: /home/gy/Omron_TM_ROS2/install/tmr_msgs/include/tmr_msgs/srv/detail/set_io__rosidl_typesupport_fastrtps_c.h
[33.190s] -- Up-to-date symlink: /home/gy/Omron_TM_ROS2/install/tmr_msgs/include/tmr_msgs/srv/detail/set_positions__rosidl_typesupport_fastrtps_c.h
[33.190s] -- Up-to-date symlink: /home/gy/Omron_TM_ROS2/install/tmr_msgs/include/tmr_msgs/srv/detail/write_item__rosidl_typesupport_fastrtps_c.h
[33.190s] -- Up-to-date symlink: /home/gy/Omron_TM_ROS2/install/tmr_msgs/lib/libtmr_msgs__rosidl_typesupport_fastrtps_c.so
[33.191s] -- Up-to-date symlink: /home/gy/Omron_TM_ROS2/install/tmr_msgs/include/tmr_msgs/msg/detail/feedback_state__rosidl_typesupport_fastrtps_cpp.hpp
[33.191s] -- Up-to-date symlink: /home/gy/Omron_TM_ROS2/install/tmr_msgs/include/tmr_msgs/msg/detail/sct_response__rosidl_typesupport_fastrtps_cpp.hpp
[33.192s] -- Up-to-date symlink: /home/gy/Omron_TM_ROS2/install/tmr_msgs/include/tmr_msgs/msg/detail/sta_response__rosidl_typesupport_fastrtps_cpp.hpp
[33.193s] -- Up-to-date symlink: /home/gy/Omron_TM_ROS2/install/tmr_msgs/include/tmr_msgs/msg/detail/svr_response__rosidl_typesupport_fastrtps_cpp.hpp
[33.193s] -- Up-to-date symlink: /home/gy/Omron_TM_ROS2/install/tmr_msgs/include/tmr_msgs/msg/rosidl_typesupport_fastrtps_cpp__visibility_control.h
[33.193s] -- Up-to-date symlink: /home/gy/Omron_TM_ROS2/install/tmr_msgs/include/tmr_msgs/srv/detail/ask_item__rosidl_typesupport_fastrtps_cpp.hpp
[33.194s] -- Up-to-date symlink: /home/gy/Omron_TM_ROS2/install/tmr_msgs/include/tmr_msgs/srv/detail/ask_sta__rosidl_typesupport_fastrtps_cpp.hpp
[33.194s] -- Up-to-date symlink: /home/gy/Omron_TM_ROS2/install/tmr_msgs/include/tmr_msgs/srv/detail/connect_tm__rosidl_typesupport_fastrtps_cpp.hpp
[33.194s] -- Up-to-date symlink: /home/gy/Omron_TM_ROS2/install/tmr_msgs/include/tmr_msgs/srv/detail/send_script__rosidl_typesupport_fastrtps_cpp.hpp
[33.194s] -- Up-to-date symlink: /home/gy/Omron_TM_ROS2/install/tmr_msgs/include/tmr_msgs/srv/detail/set_event__rosidl_typesupport_fastrtps_cpp.hpp
[33.194s] -- Up-to-date symlink: /home/gy/Omron_TM_ROS2/install/tmr_msgs/include/tmr_msgs/srv/detail/set_io__rosidl_typesupport_fastrtps_cpp.hpp
[33.194s] -- Up-to-date symlink: /home/gy/Omron_TM_ROS2/install/tmr_msgs/include/tmr_msgs/srv/detail/set_positions__rosidl_typesupport_fastrtps_cpp.hpp
[33.194s] -- Up-to-date symlink: /home/gy/Omron_TM_ROS2/install/tmr_msgs/include/tmr_msgs/srv/detail/write_item__rosidl_typesupport_fastrtps_cpp.hpp
[33.194s] -- Up-to-date symlink: /home/gy/Omron_TM_ROS2/install/tmr_msgs/lib/libtmr_msgs__rosidl_typesupport_fastrtps_cpp.so
[33.195s] -- Up-to-date symlink: /home/gy/Omron_TM_ROS2/install/tmr_msgs/include/tmr_msgs/msg/detail/feedback_state__rosidl_typesupport_introspection_c.h
[33.197s] -- Up-to-date symlink: /home/gy/Omron_TM_ROS2/install/tmr_msgs/include/tmr_msgs/msg/detail/sct_response__rosidl_typesupport_introspection_c.h
[33.197s] -- Up-to-date symlink: /home/gy/Omron_TM_ROS2/install/tmr_msgs/include/tmr_msgs/msg/detail/sta_response__rosidl_typesupport_introspection_c.h
[33.197s] -- Up-to-date symlink: /home/gy/Omron_TM_ROS2/install/tmr_msgs/include/tmr_msgs/msg/detail/svr_response__rosidl_typesupport_introspection_c.h
[33.197s] -- Up-to-date symlink: /home/gy/Omron_TM_ROS2/install/tmr_msgs/include/tmr_msgs/msg/rosidl_typesupport_introspection_c__visibility_control.h
[33.197s] -- Up-to-date symlink: /home/gy/Omron_TM_ROS2/install/tmr_msgs/include/tmr_msgs/srv/detail/ask_item__rosidl_typesupport_introspection_c.h
[33.197s] -- Up-to-date symlink: /home/gy/Omron_TM_ROS2/install/tmr_msgs/include/tmr_msgs/srv/detail/ask_sta__rosidl_typesupport_introspection_c.h
[33.197s] -- Up-to-date symlink: /home/gy/Omron_TM_ROS2/install/tmr_msgs/include/tmr_msgs/srv/detail/connect_tm__rosidl_typesupport_introspection_c.h
[33.197s] -- Up-to-date symlink: /home/gy/Omron_TM_ROS2/install/tmr_msgs/include/tmr_msgs/srv/detail/send_script__rosidl_typesupport_introspection_c.h
[33.199s] -- Up-to-date symlink: /home/gy/Omron_TM_ROS2/install/tmr_msgs/include/tmr_msgs/srv/detail/set_event__rosidl_typesupport_introspection_c.h
[33.199s] -- Up-to-date symlink: /home/gy/Omron_TM_ROS2/install/tmr_msgs/include/tmr_msgs/srv/detail/set_io__rosidl_typesupport_introspection_c.h
[33.199s] -- Up-to-date symlink: /home/gy/Omron_TM_ROS2/install/tmr_msgs/include/tmr_msgs/srv/detail/set_positions__rosidl_typesupport_introspection_c.h
[33.199s] -- Up-to-date symlink: /home/gy/Omron_TM_ROS2/install/tmr_msgs/include/tmr_msgs/srv/detail/write_item__rosidl_typesupport_introspection_c.h
[33.199s] -- Up-to-date symlink: /home/gy/Omron_TM_ROS2/install/tmr_msgs/include/tmr_msgs/msg/detail/feedback_state__builder.hpp
[33.199s] -- Up-to-date symlink: /home/gy/Omron_TM_ROS2/install/tmr_msgs/include/tmr_msgs/msg/detail/feedback_state__struct.hpp
[33.199s] -- Up-to-date symlink: /home/gy/Omron_TM_ROS2/install/tmr_msgs/include/tmr_msgs/msg/detail/feedback_state__traits.hpp
[33.199s] -- Up-to-date symlink: /home/gy/Omron_TM_ROS2/install/tmr_msgs/include/tmr_msgs/msg/detail/sct_response__builder.hpp
[33.199s] -- Up-to-date symlink: /home/gy/Omron_TM_ROS2/install/tmr_msgs/include/tmr_msgs/msg/detail/sct_response__struct.hpp
[33.201s] -- Up-to-date symlink: /home/gy/Omron_TM_ROS2/install/tmr_msgs/include/tmr_msgs/msg/detail/sct_response__traits.hpp
[33.202s] -- Up-to-date symlink: /home/gy/Omron_TM_ROS2/install/tmr_msgs/include/tmr_msgs/msg/detail/sta_response__builder.hpp
[33.203s] -- Up-to-date symlink: /home/gy/Omron_TM_ROS2/install/tmr_msgs/include/tmr_msgs/msg/detail/sta_response__struct.hpp
[33.203s] -- Up-to-date symlink: /home/gy/Omron_TM_ROS2/install/tmr_msgs/include/tmr_msgs/msg/detail/sta_response__traits.hpp
[33.205s] -- Up-to-date symlink: /home/gy/Omron_TM_ROS2/install/tmr_msgs/include/tmr_msgs/msg/detail/svr_response__builder.hpp
[33.205s] -- Up-to-date symlink: /home/gy/Omron_TM_ROS2/install/tmr_msgs/include/tmr_msgs/msg/detail/svr_response__struct.hpp
[33.205s] -- Up-to-date symlink: /home/gy/Omron_TM_ROS2/install/tmr_msgs/include/tmr_msgs/msg/detail/svr_response__traits.hpp
[33.205s] -- Up-to-date symlink: /home/gy/Omron_TM_ROS2/install/tmr_msgs/include/tmr_msgs/msg/feedback_state.hpp
[33.205s] -- Up-to-date symlink: /home/gy/Omron_TM_ROS2/install/tmr_msgs/include/tmr_msgs/msg/sct_response.hpp
[33.205s] -- Up-to-date symlink: /home/gy/Omron_TM_ROS2/install/tmr_msgs/include/tmr_msgs/msg/sta_response.hpp
[33.205s] -- Up-to-date symlink: /home/gy/Omron_TM_ROS2/install/tmr_msgs/include/tmr_msgs/msg/svr_response.hpp
[33.205s] -- Up-to-date symlink: /home/gy/Omron_TM_ROS2/install/tmr_msgs/include/tmr_msgs/srv/ask_item.hpp
[33.205s] -- Up-to-date symlink: /home/gy/Omron_TM_ROS2/install/tmr_msgs/include/tmr_msgs/srv/ask_sta.hpp
[33.205s] -- Up-to-date symlink: /home/gy/Omron_TM_ROS2/install/tmr_msgs/include/tmr_msgs/srv/connect_tm.hpp
[33.205s] -- Up-to-date symlink: /home/gy/Omron_TM_ROS2/install/tmr_msgs/include/tmr_msgs/srv/detail/ask_item__builder.hpp
[33.205s] -- Up-to-date symlink: /home/gy/Omron_TM_ROS2/install/tmr_msgs/include/tmr_msgs/srv/detail/ask_item__struct.hpp
[33.213s] -- Up-to-date symlink: /home/gy/Omron_TM_ROS2/install/tmr_msgs/include/tmr_msgs/srv/detail/ask_item__traits.hpp
[33.213s] -- Up-to-date symlink: /home/gy/Omron_TM_ROS2/install/tmr_msgs/include/tmr_msgs/srv/detail/ask_sta__builder.hpp
[33.213s] -- Up-to-date symlink: /home/gy/Omron_TM_ROS2/install/tmr_msgs/include/tmr_msgs/srv/detail/ask_sta__struct.hpp
[33.213s] -- Up-to-date symlink: /home/gy/Omron_TM_ROS2/install/tmr_msgs/include/tmr_msgs/srv/detail/ask_sta__traits.hpp
[33.214s] -- Up-to-date symlink: /home/gy/Omron_TM_ROS2/install/tmr_msgs/include/tmr_msgs/srv/detail/connect_tm__builder.hpp
[33.214s] -- Up-to-date symlink: /home/gy/Omron_TM_ROS2/install/tmr_msgs/include/tmr_msgs/srv/detail/connect_tm__struct.hpp
[33.214s] -- Up-to-date symlink: /home/gy/Omron_TM_ROS2/install/tmr_msgs/include/tmr_msgs/srv/detail/connect_tm__traits.hpp
[33.214s] -- Up-to-date symlink: /home/gy/Omron_TM_ROS2/install/tmr_msgs/include/tmr_msgs/srv/detail/send_script__builder.hpp
[33.214s] -- Up-to-date symlink: /home/gy/Omron_TM_ROS2/install/tmr_msgs/include/tmr_msgs/srv/detail/send_script__struct.hpp
[33.214s] -- Up-to-date symlink: /home/gy/Omron_TM_ROS2/install/tmr_msgs/include/tmr_msgs/srv/detail/send_script__traits.hpp
[33.214s] -- Up-to-date symlink: /home/gy/Omron_TM_ROS2/install/tmr_msgs/include/tmr_msgs/srv/detail/set_event__builder.hpp
[33.214s] -- Up-to-date symlink: /home/gy/Omron_TM_ROS2/install/tmr_msgs/include/tmr_msgs/srv/detail/set_event__struct.hpp
[33.215s] -- Up-to-date symlink: /home/gy/Omron_TM_ROS2/install/tmr_msgs/include/tmr_msgs/srv/detail/set_event__traits.hpp
[33.215s] -- Up-to-date symlink: /home/gy/Omron_TM_ROS2/install/tmr_msgs/include/tmr_msgs/srv/detail/set_io__builder.hpp
[33.215s] -- Up-to-date symlink: /home/gy/Omron_TM_ROS2/install/tmr_msgs/include/tmr_msgs/srv/detail/set_io__struct.hpp
[33.215s] -- Up-to-date symlink: /home/gy/Omron_TM_ROS2/install/tmr_msgs/include/tmr_msgs/srv/detail/set_io__traits.hpp
[33.215s] -- Up-to-date symlink: /home/gy/Omron_TM_ROS2/install/tmr_msgs/include/tmr_msgs/srv/detail/set_positions__builder.hpp
[33.215s] -- Up-to-date symlink: /home/gy/Omron_TM_ROS2/install/tmr_msgs/include/tmr_msgs/srv/detail/set_positions__struct.hpp
[33.215s] -- Up-to-date symlink: /home/gy/Omron_TM_ROS2/install/tmr_msgs/include/tmr_msgs/srv/detail/set_positions__traits.hpp
[33.215s] -- Up-to-date symlink: /home/gy/Omron_TM_ROS2/install/tmr_msgs/include/tmr_msgs/srv/detail/write_item__builder.hpp
[33.216s] -- Up-to-date symlink: /home/gy/Omron_TM_ROS2/install/tmr_msgs/include/tmr_msgs/srv/detail/write_item__struct.hpp
[33.216s] -- Up-to-date symlink: /home/gy/Omron_TM_ROS2/install/tmr_msgs/include/tmr_msgs/srv/detail/write_item__traits.hpp
[33.216s] -- Up-to-date symlink: /home/gy/Omron_TM_ROS2/install/tmr_msgs/include/tmr_msgs/srv/send_script.hpp
[33.216s] -- Up-to-date symlink: /home/gy/Omron_TM_ROS2/install/tmr_msgs/include/tmr_msgs/srv/set_event.hpp
[33.216s] -- Up-to-date symlink: /home/gy/Omron_TM_ROS2/install/tmr_msgs/include/tmr_msgs/srv/set_io.hpp
[33.216s] -- Up-to-date symlink: /home/gy/Omron_TM_ROS2/install/tmr_msgs/include/tmr_msgs/srv/set_positions.hpp
[33.216s] -- Up-to-date symlink: /home/gy/Omron_TM_ROS2/install/tmr_msgs/include/tmr_msgs/srv/write_item.hpp
[33.216s] -- Up-to-date symlink: /home/gy/Omron_TM_ROS2/install/tmr_msgs/include/tmr_msgs/msg/detail/feedback_state__rosidl_typesupport_introspection_cpp.hpp
[33.217s] -- Up-to-date symlink: /home/gy/Omron_TM_ROS2/install/tmr_msgs/include/tmr_msgs/msg/detail/sct_response__rosidl_typesupport_introspection_cpp.hpp
[33.217s] -- Up-to-date symlink: /home/gy/Omron_TM_ROS2/install/tmr_msgs/include/tmr_msgs/msg/detail/sta_response__rosidl_typesupport_introspection_cpp.hpp
[33.217s] -- Up-to-date symlink: /home/gy/Omron_TM_ROS2/install/tmr_msgs/include/tmr_msgs/msg/detail/svr_response__rosidl_typesupport_introspection_cpp.hpp
[33.217s] -- Up-to-date symlink: /home/gy/Omron_TM_ROS2/install/tmr_msgs/include/tmr_msgs/srv/detail/ask_item__rosidl_typesupport_introspection_cpp.hpp
[33.217s] -- Up-to-date symlink: /home/gy/Omron_TM_ROS2/install/tmr_msgs/include/tmr_msgs/srv/detail/ask_sta__rosidl_typesupport_introspection_cpp.hpp
[33.217s] -- Up-to-date symlink: /home/gy/Omron_TM_ROS2/install/tmr_msgs/include/tmr_msgs/srv/detail/connect_tm__rosidl_typesupport_introspection_cpp.hpp
[33.217s] -- Up-to-date symlink: /home/gy/Omron_TM_ROS2/install/tmr_msgs/include/tmr_msgs/srv/detail/send_script__rosidl_typesupport_introspection_cpp.hpp
[33.217s] -- Up-to-date symlink: /home/gy/Omron_TM_ROS2/install/tmr_msgs/include/tmr_msgs/srv/detail/set_event__rosidl_typesupport_introspection_cpp.hpp
[33.217s] -- Up-to-date symlink: /home/gy/Omron_TM_ROS2/install/tmr_msgs/include/tmr_msgs/srv/detail/set_io__rosidl_typesupport_introspection_cpp.hpp
[33.217s] -- Up-to-date symlink: /home/gy/Omron_TM_ROS2/install/tmr_msgs/include/tmr_msgs/srv/detail/set_positions__rosidl_typesupport_introspection_cpp.hpp
[33.217s] -- Up-to-date symlink: /home/gy/Omron_TM_ROS2/install/tmr_msgs/include/tmr_msgs/srv/detail/write_item__rosidl_typesupport_introspection_cpp.hpp
[33.217s] -- Up-to-date symlink: /home/gy/Omron_TM_ROS2/install/tmr_msgs/share/tmr_msgs/environment/pythonpath.sh
[33.217s] -- Up-to-date symlink: /home/gy/Omron_TM_ROS2/install/tmr_msgs/share/tmr_msgs/environment/pythonpath.dsv
[33.218s] -- Up-to-date symlink: /home/gy/Omron_TM_ROS2/install/tmr_msgs/lib/python3.8/site-packages/tmr_msgs/__init__.py
[33.218s] -- Up-to-date symlink: /home/gy/Omron_TM_ROS2/install/tmr_msgs/lib/python3.8/site-packages/tmr_msgs/msg/__init__.py
[33.218s] -- Up-to-date symlink: /home/gy/Omron_TM_ROS2/install/tmr_msgs/lib/python3.8/site-packages/tmr_msgs/msg/_feedback_state.py
[33.218s] -- Up-to-date symlink: /home/gy/Omron_TM_ROS2/install/tmr_msgs/lib/python3.8/site-packages/tmr_msgs/msg/_sct_response.py
[33.218s] -- Up-to-date symlink: /home/gy/Omron_TM_ROS2/install/tmr_msgs/lib/python3.8/site-packages/tmr_msgs/msg/_sta_response.py
[33.218s] -- Up-to-date symlink: /home/gy/Omron_TM_ROS2/install/tmr_msgs/lib/python3.8/site-packages/tmr_msgs/msg/_svr_response.py
[33.218s] -- Up-to-date symlink: /home/gy/Omron_TM_ROS2/install/tmr_msgs/lib/python3.8/site-packages/tmr_msgs/srv/__init__.py
[33.218s] -- Up-to-date symlink: /home/gy/Omron_TM_ROS2/install/tmr_msgs/lib/python3.8/site-packages/tmr_msgs/srv/_ask_item.py
[33.218s] -- Up-to-date symlink: /home/gy/Omron_TM_ROS2/install/tmr_msgs/lib/python3.8/site-packages/tmr_msgs/srv/_ask_sta.py
[33.218s] -- Up-to-date symlink: /home/gy/Omron_TM_ROS2/install/tmr_msgs/lib/python3.8/site-packages/tmr_msgs/srv/_connect_tm.py
[33.218s] -- Up-to-date symlink: /home/gy/Omron_TM_ROS2/install/tmr_msgs/lib/python3.8/site-packages/tmr_msgs/srv/_send_script.py
[33.218s] -- Up-to-date symlink: /home/gy/Omron_TM_ROS2/install/tmr_msgs/lib/python3.8/site-packages/tmr_msgs/srv/_set_event.py
[33.218s] -- Up-to-date symlink: /home/gy/Omron_TM_ROS2/install/tmr_msgs/lib/python3.8/site-packages/tmr_msgs/srv/_set_io.py
[33.219s] -- Up-to-date symlink: /home/gy/Omron_TM_ROS2/install/tmr_msgs/lib/python3.8/site-packages/tmr_msgs/srv/_set_positions.py
[33.219s] -- Up-to-date symlink: /home/gy/Omron_TM_ROS2/install/tmr_msgs/lib/python3.8/site-packages/tmr_msgs/srv/_write_item.py
[33.219s] -- Up-to-date symlink: /home/gy/Omron_TM_ROS2/install/tmr_msgs/lib/python3.8/site-packages/tmr_msgs/tmr_msgs_s__rosidl_typesupport_fastrtps_c.cpython-38-x86_64-linux-gnu.so
[33.220s] -- Up-to-date symlink: /home/gy/Omron_TM_ROS2/install/tmr_msgs/lib/python3.8/site-packages/tmr_msgs/tmr_msgs_s__rosidl_typesupport_introspection_c.cpython-38-x86_64-linux-gnu.so
[33.220s] -- Up-to-date symlink: /home/gy/Omron_TM_ROS2/install/tmr_msgs/lib/python3.8/site-packages/tmr_msgs/tmr_msgs_s__rosidl_typesupport_c.cpython-38-x86_64-linux-gnu.so
[33.220s] -- Up-to-date symlink: /home/gy/Omron_TM_ROS2/install/tmr_msgs/lib/libtmr_msgs__python.so
[33.220s] -- Up-to-date symlink: /home/gy/Omron_TM_ROS2/install/tmr_msgs/share/tmr_msgs/msg/FeedbackState.idl
[33.220s] -- Up-to-date symlink: /home/gy/Omron_TM_ROS2/install/tmr_msgs/share/tmr_msgs/msg/SvrResponse.idl
[33.220s] -- Up-to-date symlink: /home/gy/Omron_TM_ROS2/install/tmr_msgs/share/tmr_msgs/msg/SctResponse.idl
[33.220s] -- Up-to-date symlink: /home/gy/Omron_TM_ROS2/install/tmr_msgs/share/tmr_msgs/msg/StaResponse.idl
[33.220s] -- Up-to-date symlink: /home/gy/Omron_TM_ROS2/install/tmr_msgs/share/tmr_msgs/srv/ConnectTM.idl
[33.220s] -- Up-to-date symlink: /home/gy/Omron_TM_ROS2/install/tmr_msgs/share/tmr_msgs/srv/WriteItem.idl
[33.221s] -- Up-to-date symlink: /home/gy/Omron_TM_ROS2/install/tmr_msgs/share/tmr_msgs/srv/AskItem.idl
[33.221s] -- Up-to-date symlink: /home/gy/Omron_TM_ROS2/install/tmr_msgs/share/tmr_msgs/srv/SendScript.idl
[33.221s] -- Up-to-date symlink: /home/gy/Omron_TM_ROS2/install/tmr_msgs/share/tmr_msgs/srv/SetEvent.idl
[33.222s] -- Up-to-date symlink: /home/gy/Omron_TM_ROS2/install/tmr_msgs/share/tmr_msgs/srv/SetIO.idl
[33.223s] -- Up-to-date symlink: /home/gy/Omron_TM_ROS2/install/tmr_msgs/share/tmr_msgs/srv/SetPositions.idl
[33.224s] -- Up-to-date symlink: /home/gy/Omron_TM_ROS2/install/tmr_msgs/share/tmr_msgs/srv/AskSta.idl
[33.224s] -- Up-to-date symlink: /home/gy/Omron_TM_ROS2/install/tmr_msgs/share/tmr_msgs/msg/FeedbackState.msg
[33.224s] -- Up-to-date symlink: /home/gy/Omron_TM_ROS2/install/tmr_msgs/share/tmr_msgs/msg/SvrResponse.msg
[33.224s] -- Up-to-date symlink: /home/gy/Omron_TM_ROS2/install/tmr_msgs/share/tmr_msgs/msg/SctResponse.msg
[33.224s] -- Up-to-date symlink: /home/gy/Omron_TM_ROS2/install/tmr_msgs/share/tmr_msgs/msg/StaResponse.msg
[33.224s] -- Up-to-date symlink: /home/gy/Omron_TM_ROS2/install/tmr_msgs/share/tmr_msgs/srv/ConnectTM.srv
[33.229s] -- Up-to-date symlink: /home/gy/Omron_TM_ROS2/install/tmr_msgs/share/tmr_msgs/srv/ConnectTM_Request.msg
[33.230s] -- Up-to-date symlink: /home/gy/Omron_TM_ROS2/install/tmr_msgs/share/tmr_msgs/srv/ConnectTM_Response.msg
[33.230s] -- Up-to-date symlink: /home/gy/Omron_TM_ROS2/install/tmr_msgs/share/tmr_msgs/srv/WriteItem.srv
[33.230s] -- Up-to-date symlink: /home/gy/Omron_TM_ROS2/install/tmr_msgs/share/tmr_msgs/srv/WriteItem_Request.msg
[33.230s] -- Up-to-date symlink: /home/gy/Omron_TM_ROS2/install/tmr_msgs/share/tmr_msgs/srv/WriteItem_Response.msg
[33.230s] -- Up-to-date symlink: /home/gy/Omron_TM_ROS2/install/tmr_msgs/share/tmr_msgs/srv/AskItem.srv
[33.231s] -- Up-to-date symlink: /home/gy/Omron_TM_ROS2/install/tmr_msgs/share/tmr_msgs/srv/AskItem_Request.msg
[33.231s] -- Up-to-date symlink: /home/gy/Omron_TM_ROS2/install/tmr_msgs/share/tmr_msgs/srv/AskItem_Response.msg
[33.231s] -- Up-to-date symlink: /home/gy/Omron_TM_ROS2/install/tmr_msgs/share/tmr_msgs/srv/SendScript.srv
[33.231s] -- Up-to-date symlink: /home/gy/Omron_TM_ROS2/install/tmr_msgs/share/tmr_msgs/srv/SendScript_Request.msg
[33.231s] -- Up-to-date symlink: /home/gy/Omron_TM_ROS2/install/tmr_msgs/share/tmr_msgs/srv/SendScript_Response.msg
[33.231s] -- Up-to-date symlink: /home/gy/Omron_TM_ROS2/install/tmr_msgs/share/tmr_msgs/srv/SetEvent.srv
[33.231s] -- Up-to-date symlink: /home/gy/Omron_TM_ROS2/install/tmr_msgs/share/tmr_msgs/srv/SetEvent_Request.msg
[33.231s] -- Up-to-date symlink: /home/gy/Omron_TM_ROS2/install/tmr_msgs/share/tmr_msgs/srv/SetEvent_Response.msg
[33.231s] -- Up-to-date symlink: /home/gy/Omron_TM_ROS2/install/tmr_msgs/share/tmr_msgs/srv/SetIO.srv
[33.231s] -- Up-to-date symlink: /home/gy/Omron_TM_ROS2/install/tmr_msgs/share/tmr_msgs/srv/SetIO_Request.msg
[33.231s] -- Up-to-date symlink: /home/gy/Omron_TM_ROS2/install/tmr_msgs/share/tmr_msgs/srv/SetIO_Response.msg
[33.231s] -- Up-to-date symlink: /home/gy/Omron_TM_ROS2/install/tmr_msgs/share/tmr_msgs/srv/SetPositions.srv
[33.231s] -- Up-to-date symlink: /home/gy/Omron_TM_ROS2/install/tmr_msgs/share/tmr_msgs/srv/SetPositions_Request.msg
[33.231s] -- Up-to-date symlink: /home/gy/Omron_TM_ROS2/install/tmr_msgs/share/tmr_msgs/srv/SetPositions_Response.msg
[33.232s] -- Up-to-date symlink: /home/gy/Omron_TM_ROS2/install/tmr_msgs/share/tmr_msgs/srv/AskSta.srv
[33.233s] -- Up-to-date symlink: /home/gy/Omron_TM_ROS2/install/tmr_msgs/share/tmr_msgs/srv/AskSta_Request.msg
[33.234s] -- Up-to-date symlink: /home/gy/Omron_TM_ROS2/install/tmr_msgs/share/tmr_msgs/srv/AskSta_Response.msg
[33.234s] -- Up-to-date symlink: /home/gy/Omron_TM_ROS2/install/tmr_msgs/share/ament_index/resource_index/package_run_dependencies/tmr_msgs
[33.239s] -- Up-to-date symlink: /home/gy/Omron_TM_ROS2/install/tmr_msgs/share/ament_index/resource_index/parent_prefix_path/tmr_msgs
[33.239s] -- Up-to-date symlink: /home/gy/Omron_TM_ROS2/install/tmr_msgs/share/tmr_msgs/environment/ament_prefix_path.sh
[33.240s] -- Up-to-date symlink: /home/gy/Omron_TM_ROS2/install/tmr_msgs/share/tmr_msgs/environment/ament_prefix_path.dsv
[33.240s] -- Up-to-date symlink: /home/gy/Omron_TM_ROS2/install/tmr_msgs/share/tmr_msgs/environment/path.sh
[33.241s] -- Up-to-date symlink: /home/gy/Omron_TM_ROS2/install/tmr_msgs/share/tmr_msgs/environment/path.dsv
[33.243s] -- Up-to-date symlink: /home/gy/Omron_TM_ROS2/install/tmr_msgs/share/tmr_msgs/local_setup.bash
[33.243s] -- Up-to-date symlink: /home/gy/Omron_TM_ROS2/install/tmr_msgs/share/tmr_msgs/local_setup.sh
[33.243s] -- Up-to-date symlink: /home/gy/Omron_TM_ROS2/install/tmr_msgs/share/tmr_msgs/local_setup.zsh
[33.243s] -- Up-to-date symlink: /home/gy/Omron_TM_ROS2/install/tmr_msgs/share/tmr_msgs/local_setup.dsv
[33.243s] -- Symlinking: /home/gy/Omron_TM_ROS2/install/tmr_msgs/share/tmr_msgs/package.dsv
[33.251s] -- Up-to-date symlink: /home/gy/Omron_TM_ROS2/install/tmr_msgs/share/ament_index/resource_index/packages/tmr_msgs
[33.251s] -- Up-to-date symlink: /home/gy/Omron_TM_ROS2/install/tmr_msgs/share/tmr_msgs/cmake/rosidl_cmake-extras.cmake
[33.252s] -- Up-to-date symlink: /home/gy/Omron_TM_ROS2/install/tmr_msgs/share/tmr_msgs/cmake/ament_cmake_export_dependencies-extras.cmake
[33.252s] -- Up-to-date symlink: /home/gy/Omron_TM_ROS2/install/tmr_msgs/share/tmr_msgs/cmake/ament_cmake_export_libraries-extras.cmake
[33.252s] -- Up-to-date symlink: /home/gy/Omron_TM_ROS2/install/tmr_msgs/share/tmr_msgs/cmake/ament_cmake_export_targets-extras.cmake
[33.252s] -- Up-to-date symlink: /home/gy/Omron_TM_ROS2/install/tmr_msgs/share/tmr_msgs/cmake/ament_cmake_export_include_directories-extras.cmake
[33.252s] -- Up-to-date symlink: /home/gy/Omron_TM_ROS2/install/tmr_msgs/share/tmr_msgs/cmake/rosidl_cmake_export_typesupport_libraries-extras.cmake
[33.252s] -- Up-to-date symlink: /home/gy/Omron_TM_ROS2/install/tmr_msgs/share/tmr_msgs/cmake/rosidl_cmake_export_typesupport_targets-extras.cmake
[33.259s] -- Up-to-date symlink: /home/gy/Omron_TM_ROS2/install/tmr_msgs/share/tmr_msgs/cmake/tmr_msgsConfig.cmake
[33.259s] -- Up-to-date symlink: /home/gy/Omron_TM_ROS2/install/tmr_msgs/share/tmr_msgs/cmake/tmr_msgsConfig-version.cmake
[33.259s] -- Up-to-date symlink: /home/gy/Omron_TM_ROS2/install/tmr_msgs/share/tmr_msgs/package.xml
[33.259s] -- Installing: /home/gy/Omron_TM_ROS2/install/tmr_msgs/lib/libtmr_msgs__rosidl_generator_c.so
[33.260s] -- Set runtime path of "/home/gy/Omron_TM_ROS2/install/tmr_msgs/lib/libtmr_msgs__rosidl_generator_c.so" to ""
[33.260s] -- Installing: /home/gy/Omron_TM_ROS2/install/tmr_msgs/lib/libtmr_msgs__rosidl_typesupport_introspection_c.so
[33.260s] -- Set runtime path of "/home/gy/Omron_TM_ROS2/install/tmr_msgs/lib/libtmr_msgs__rosidl_typesupport_introspection_c.so" to ""
[33.260s] -- Installing: /home/gy/Omron_TM_ROS2/install/tmr_msgs/lib/libtmr_msgs__rosidl_typesupport_c.so
[33.260s] -- Set runtime path of "/home/gy/Omron_TM_ROS2/install/tmr_msgs/lib/libtmr_msgs__rosidl_typesupport_c.so" to ""
[33.260s] -- Installing: /home/gy/Omron_TM_ROS2/install/tmr_msgs/lib/libtmr_msgs__rosidl_typesupport_introspection_cpp.so
[33.260s] -- Set runtime path of "/home/gy/Omron_TM_ROS2/install/tmr_msgs/lib/libtmr_msgs__rosidl_typesupport_introspection_cpp.so" to ""
[33.260s] -- Installing: /home/gy/Omron_TM_ROS2/install/tmr_msgs/lib/libtmr_msgs__rosidl_typesupport_cpp.so
[33.260s] -- Set runtime path of "/home/gy/Omron_TM_ROS2/install/tmr_msgs/lib/libtmr_msgs__rosidl_typesupport_cpp.so" to ""
[33.303s] Compiling '/home/gy/Omron_TM_ROS2/install/tmr_msgs/lib/python3.8/site-packages/tmr_msgs/__init__.py'...
[33.308s] -- Up-to-date: /home/gy/Omron_TM_ROS2/install/tmr_msgs/share/tmr_msgs/cmake/tmr_msgs__rosidl_generator_cExport.cmake
[33.309s] -- Installing: /home/gy/Omron_TM_ROS2/install/tmr_msgs/share/tmr_msgs/cmake/tmr_msgs__rosidl_generator_cExport-noconfig.cmake
[33.309s] -- Up-to-date: /home/gy/Omron_TM_ROS2/install/tmr_msgs/share/tmr_msgs/cmake/tmr_msgs__rosidl_typesupport_introspection_cExport.cmake
[33.309s] -- Installing: /home/gy/Omron_TM_ROS2/install/tmr_msgs/share/tmr_msgs/cmake/tmr_msgs__rosidl_typesupport_introspection_cExport-noconfig.cmake
[33.309s] -- Up-to-date: /home/gy/Omron_TM_ROS2/install/tmr_msgs/share/tmr_msgs/cmake/tmr_msgs__rosidl_typesupport_cExport.cmake
[33.309s] -- Installing: /home/gy/Omron_TM_ROS2/install/tmr_msgs/share/tmr_msgs/cmake/tmr_msgs__rosidl_typesupport_cExport-noconfig.cmake
[33.310s] -- Up-to-date: /home/gy/Omron_TM_ROS2/install/tmr_msgs/share/tmr_msgs/cmake/tmr_msgs__rosidl_generator_cppExport.cmake
[33.310s] -- Up-to-date: /home/gy/Omron_TM_ROS2/install/tmr_msgs/share/tmr_msgs/cmake/tmr_msgs__rosidl_typesupport_introspection_cppExport.cmake
[33.310s] -- Installing: /home/gy/Omron_TM_ROS2/install/tmr_msgs/share/tmr_msgs/cmake/tmr_msgs__rosidl_typesupport_introspection_cppExport-noconfig.cmake
[33.311s] -- Up-to-date: /home/gy/Omron_TM_ROS2/install/tmr_msgs/share/tmr_msgs/cmake/tmr_msgs__rosidl_typesupport_cppExport.cmake
[33.312s] -- Installing: /home/gy/Omron_TM_ROS2/install/tmr_msgs/share/tmr_msgs/cmake/tmr_msgs__rosidl_typesupport_cppExport-noconfig.cmake
[33.320s] Invoked command in '/home/gy/Omron_TM_ROS2/build/tmr_msgs' returned '0': CMAKE_PREFIX_PATH=/opt/ros/foxy /usr/bin/cmake --install /home/gy/Omron_TM_ROS2/build/tmr_msgs
