[0.065s] Invoking command in '/home/gy/Omron_TM_ROS2/build/tmr_description': CMAKE_PREFIX_PATH=/home/gy/Omron_TM_ROS2/install/tmr_mod_urdf:/home/gy/Omron_TM_ROS2/install/tm_get_status:/home/gy/Omron_TM_ROS2/install/rviz_tm:/home/gy/Omron_TM_ROS2/install/pickplace:/opt/ros/foxy:${CMAKE_PREFIX_PATH} /usr/bin/cmake --build /home/gy/Omron_TM_ROS2/build/tmr_description -- -j3 -l3
[0.204s] Invoked command in '/home/gy/Omron_TM_ROS2/build/tmr_description' returned '0': CMAKE_PREFIX_PATH=/home/gy/Omron_TM_ROS2/install/tmr_mod_urdf:/home/gy/Omron_TM_ROS2/install/tm_get_status:/home/gy/Omron_TM_ROS2/install/rviz_tm:/home/gy/Omron_TM_ROS2/install/pickplace:/opt/ros/foxy:${CMAKE_PREFIX_PATH} /usr/bin/cmake --build /home/gy/Omron_TM_ROS2/build/tmr_description -- -j3 -l3
[0.403s] Invoking command in '/home/gy/Omron_TM_ROS2/build/tmr_description': CMAKE_PREFIX_PATH=/home/gy/Omron_TM_ROS2/install/tmr_mod_urdf:/home/gy/Omron_TM_ROS2/install/tm_get_status:/home/gy/Omron_TM_ROS2/install/rviz_tm:/home/gy/Omron_TM_ROS2/install/pickplace:/opt/ros/foxy:${CMAKE_PREFIX_PATH} /usr/bin/cmake --install /home/gy/Omron_TM_ROS2/build/tmr_description
[0.424s] -- Install configuration: ""
[0.425s] -- Up-to-date: /home/gy/Omron_TM_ROS2/install/tmr_description/share/ament_index/resource_index/package_run_dependencies/tmr_description
[0.426s] -- Up-to-date: /home/gy/Omron_TM_ROS2/install/tmr_description/share/ament_index/resource_index/parent_prefix_path/tmr_description
[0.427s] -- Up-to-date: /home/gy/Omron_TM_ROS2/install/tmr_description/share/tmr_description/environment/ament_prefix_path.sh
[0.447s] -- Up-to-date: /home/gy/Omron_TM_ROS2/install/tmr_description/share/tmr_description/environment/ament_prefix_path.dsv
[0.447s] -- Up-to-date: /home/gy/Omron_TM_ROS2/install/tmr_description/share/tmr_description/environment/path.sh
[0.455s] -- Up-to-date: /home/gy/Omron_TM_ROS2/install/tmr_description/share/tmr_description/environment/path.dsv
[0.456s] -- Up-to-date: /home/gy/Omron_TM_ROS2/install/tmr_description/share/tmr_description/local_setup.bash
[0.456s] -- Up-to-date: /home/gy/Omron_TM_ROS2/install/tmr_description/share/tmr_description/local_setup.sh
[0.457s] -- Up-to-date: /home/gy/Omron_TM_ROS2/install/tmr_description/share/tmr_description/local_setup.zsh
[0.457s] -- Up-to-date: /home/gy/Omron_TM_ROS2/install/tmr_description/share/tmr_description/local_setup.dsv
[0.457s] -- Installing: /home/gy/Omron_TM_ROS2/install/tmr_description/share/tmr_description/package.dsv
[0.457s] -- Up-to-date: /home/gy/Omron_TM_ROS2/install/tmr_description/share/ament_index/resource_index/packages/tmr_description
[0.458s] -- Up-to-date: /home/gy/Omron_TM_ROS2/install/tmr_description/share/tmr_description/cmake/tmr_descriptionConfig.cmake
[0.458s] -- Up-to-date: /home/gy/Omron_TM_ROS2/install/tmr_description/share/tmr_description/cmake/tmr_descriptionConfig-version.cmake
[0.458s] -- Up-to-date: /home/gy/Omron_TM_ROS2/install/tmr_description/share/tmr_description/package.xml
[0.458s] -- Up-to-date: /home/gy/Omron_TM_ROS2/install/tmr_description/share/tmr_description/meshes
[0.463s] -- Up-to-date: /home/gy/Omron_TM_ROS2/install/tmr_description/share/tmr_description/meshes/tm5-900
[0.463s] -- Up-to-date: /home/gy/Omron_TM_ROS2/install/tmr_description/share/tmr_description/meshes/tm5-900/visual
[0.463s] -- Up-to-date: /home/gy/Omron_TM_ROS2/install/tmr_description/share/tmr_description/meshes/tm5-900/visual/tm5-900_arm2.mtl
[0.463s] -- Up-to-date: /home/gy/Omron_TM_ROS2/install/tmr_description/share/tmr_description/meshes/tm5-900/visual/tmr_ee.obj
[0.463s] -- Up-to-date: /home/gy/Omron_TM_ROS2/install/tmr_description/share/tmr_description/meshes/tm5-900/visual/tm5_base.obj
[0.464s] -- Up-to-date: /home/gy/Omron_TM_ROS2/install/tmr_description/share/tmr_description/meshes/tm5-900/visual/tmr_400w_01.stl
[0.464s] -- Up-to-date: /home/gy/Omron_TM_ROS2/install/tmr_description/share/tmr_description/meshes/tm5-900/visual/tm5-900_arm2.obj
[0.464s] -- Up-to-date: /home/gy/Omron_TM_ROS2/install/tmr_description/share/tmr_description/meshes/tm5-900/visual/tm5_base.mtl
[0.464s] -- Up-to-date: /home/gy/Omron_TM_ROS2/install/tmr_description/share/tmr_description/meshes/tm5-900/visual/tmr_100w_01.obj
[0.465s] -- Up-to-date: /home/gy/Omron_TM_ROS2/install/tmr_description/share/tmr_description/meshes/tm5-900/visual/tm5-900_arm1.mtl
[0.465s] -- Up-to-date: /home/gy/Omron_TM_ROS2/install/tmr_description/share/tmr_description/meshes/tm5-900/visual/tmr_100w_02.obj
[0.465s] -- Up-to-date: /home/gy/Omron_TM_ROS2/install/tmr_description/share/tmr_description/meshes/tm5-900/visual/tm5_base.stl
[0.465s] -- Up-to-date: /home/gy/Omron_TM_ROS2/install/tmr_description/share/tmr_description/meshes/tm5-900/visual/tmr_100w_01.mtl
[0.465s] -- Up-to-date: /home/gy/Omron_TM_ROS2/install/tmr_description/share/tmr_description/meshes/tm5-900/visual/tmr_400w_01.obj
[0.465s] -- Up-to-date: /home/gy/Omron_TM_ROS2/install/tmr_description/share/tmr_description/meshes/tm5-900/visual/tmr_100w_01.stl
[0.465s] -- Up-to-date: /home/gy/Omron_TM_ROS2/install/tmr_description/share/tmr_description/meshes/tm5-900/visual/tmr_ee.stl
[0.466s] -- Up-to-date: /home/gy/Omron_TM_ROS2/install/tmr_description/share/tmr_description/meshes/tm5-900/visual/tm5-900_arm2.stl
[0.472s] -- Up-to-date: /home/gy/Omron_TM_ROS2/install/tmr_description/share/tmr_description/meshes/tm5-900/visual/tmr_400w_01.mtl
[0.472s] -- Up-to-date: /home/gy/Omron_TM_ROS2/install/tmr_description/share/tmr_description/meshes/tm5-900/visual/tmr_100w_02.stl
[0.472s] -- Up-to-date: /home/gy/Omron_TM_ROS2/install/tmr_description/share/tmr_description/meshes/tm5-900/visual/tm5_base_old.obj
[0.473s] -- Up-to-date: /home/gy/Omron_TM_ROS2/install/tmr_description/share/tmr_description/meshes/tm5-900/visual/tm5_base_old.mtl
[0.473s] -- Up-to-date: /home/gy/Omron_TM_ROS2/install/tmr_description/share/tmr_description/meshes/tm5-900/visual/tmr_ee.mtl
[0.473s] -- Up-to-date: /home/gy/Omron_TM_ROS2/install/tmr_description/share/tmr_description/meshes/tm5-900/visual/tm5-900_arm1.stl
[0.473s] -- Up-to-date: /home/gy/Omron_TM_ROS2/install/tmr_description/share/tmr_description/meshes/tm5-900/visual/tmr_100w_02.mtl
[0.473s] -- Up-to-date: /home/gy/Omron_TM_ROS2/install/tmr_description/share/tmr_description/meshes/tm5-900/visual/tm5-900_arm1.obj
[0.473s] -- Up-to-date: /home/gy/Omron_TM_ROS2/install/tmr_description/share/tmr_description/meshes/tm5-900/tm5-700
[0.473s] -- Up-to-date: /home/gy/Omron_TM_ROS2/install/tmr_description/share/tmr_description/meshes/tm5-900/collision
[0.474s] -- Up-to-date: /home/gy/Omron_TM_ROS2/install/tmr_description/share/tmr_description/meshes/tm5-900/collision/tm5-900_arm2_c.stl
[0.474s] -- Up-to-date: /home/gy/Omron_TM_ROS2/install/tmr_description/share/tmr_description/meshes/tm5-900/collision/tm5_base_c.stl
[0.474s] -- Up-to-date: /home/gy/Omron_TM_ROS2/install/tmr_description/share/tmr_description/meshes/tm5-900/collision/tmr_ee_c.stl
[0.474s] -- Up-to-date: /home/gy/Omron_TM_ROS2/install/tmr_description/share/tmr_description/meshes/tm5-900/collision/tmr_100w_01_c.stl
[0.474s] -- Up-to-date: /home/gy/Omron_TM_ROS2/install/tmr_description/share/tmr_description/meshes/tm5-900/collision/tm5-900_arm1_c.stl
[0.474s] -- Up-to-date: /home/gy/Omron_TM_ROS2/install/tmr_description/share/tmr_description/meshes/tm5-900/collision/tmr_400w_01_c.stl
[0.474s] -- Up-to-date: /home/gy/Omron_TM_ROS2/install/tmr_description/share/tmr_description/meshes/tm5-900/collision/tmr_100w_02_c.stl
[0.475s] -- Up-to-date: /home/gy/Omron_TM_ROS2/install/tmr_description/share/tmr_description/urdf
[0.475s] -- Up-to-date: /home/gy/Omron_TM_ROS2/install/tmr_description/share/tmr_description/urdf/tm5-900.urdf
[0.475s] -- Up-to-date: /home/gy/Omron_TM_ROS2/install/tmr_description/share/tmr_description/xacro
[0.475s] -- Up-to-date: /home/gy/Omron_TM_ROS2/install/tmr_description/share/tmr_description/xacro/macro.inertial.xacro
[0.481s] -- Up-to-date: /home/gy/Omron_TM_ROS2/install/tmr_description/share/tmr_description/xacro/tm5-900.urdf.xacro
[0.482s] -- Up-to-date: /home/gy/Omron_TM_ROS2/install/tmr_description/share/tmr_description/xacro/macro.materials.xacro
[0.484s] -- Up-to-date: /home/gy/Omron_TM_ROS2/install/tmr_description/share/tmr_description/xacro/macro.gazebo.xacro
[0.484s] -- Up-to-date: /home/gy/Omron_TM_ROS2/install/tmr_description/share/tmr_description/xacro/macro.tm5-900.urdf.xacro
[0.484s] -- Up-to-date: /home/gy/Omron_TM_ROS2/install/tmr_description/share/tmr_description/xacro/macro.transmission.xacro
[0.485s] -- Up-to-date: /home/gy/Omron_TM_ROS2/install/tmr_description/share/tmr_description/xacro/gripper
[0.485s] -- Up-to-date: /home/gy/Omron_TM_ROS2/install/tmr_description/share/tmr_description/xacro/gripper/robotiq_85_gripper.urdf.xacro
[0.485s] -- Up-to-date: /home/gy/Omron_TM_ROS2/install/tmr_description/share/tmr_description/xacro/gripper/robotiq_85_gripper.xacro
[0.485s] -- Up-to-date: /home/gy/Omron_TM_ROS2/install/tmr_description/share/tmr_description/xacro/gripper/robotiq_85_gripper_sim_base.urdf.xacro
[0.486s] -- Up-to-date: /home/gy/Omron_TM_ROS2/install/tmr_description/share/tmr_description/xacro/gripper/robotiq_85_gripper.transmission.xacro
[0.486s] -- Up-to-date: /home/gy/Omron_TM_ROS2/install/tmr_description/share/tmr_description/xacro/gripper/robotiq_2f.urdf.xacro
[0.487s] Invoked command in '/home/gy/Omron_TM_ROS2/build/tmr_description' returned '0': CMAKE_PREFIX_PATH=/home/gy/Omron_TM_ROS2/install/tmr_mod_urdf:/home/gy/Omron_TM_ROS2/install/tm_get_status:/home/gy/Omron_TM_ROS2/install/rviz_tm:/home/gy/Omron_TM_ROS2/install/pickplace:/opt/ros/foxy:${CMAKE_PREFIX_PATH} /usr/bin/cmake --install /home/gy/Omron_TM_ROS2/build/tmr_description
