[0.472s] Invoking command in '/home/gy/Omron_TM_ROS2/build/pickplace': PYTHONPATH=/home/gy/Omron_TM_ROS2/install/pickplace/lib/python3.8/site-packages:${PYTHONPATH} /usr/bin/python3 setup.py develop --prefix /home/gy/Omron_TM_ROS2/install/pickplace --editable --build-directory /home/gy/Omron_TM_ROS2/build/pickplace/build --no-deps install_data --install-dir /home/gy/Omron_TM_ROS2/install/pickplace
[0.931s] running develop
[1.164s] running egg_info
[1.164s] writing pickplace.egg-info/PKG-INFO
[1.164s] writing dependency_links to pickplace.egg-info/dependency_links.txt
[1.165s] writing entry points to pickplace.egg-info/entry_points.txt
[1.165s] writing requirements to pickplace.egg-info/requires.txt
[1.165s] writing top-level names to pickplace.egg-info/top_level.txt
[1.255s] reading manifest file 'pickplace.egg-info/SOURCES.txt'
[1.256s] writing manifest file 'pickplace.egg-info/SOURCES.txt'
[1.310s] running build_ext
[1.310s] Creating /home/gy/Omron_TM_ROS2/install/pickplace/lib/python3.8/site-packages/pickplace.egg-link (link to .)
[1.312s] Installing object_publisher script to /home/gy/Omron_TM_ROS2/install/pickplace/lib/pickplace
[1.312s] Installing pickplace script to /home/gy/Omron_TM_ROS2/install/pickplace/lib/pickplace
[1.312s] Installing teach_setup script to /home/gy/Omron_TM_ROS2/install/pickplace/lib/pickplace
[1.313s] Installing test script to /home/gy/Omron_TM_ROS2/install/pickplace/lib/pickplace
[1.313s] 
[1.313s] Installed /home/gy/Omron_TM_ROS2/build/pickplace
[1.313s] running install_data
[1.356s] Invoked command in '/home/gy/Omron_TM_ROS2/build/pickplace' returned '0': PYTHONPATH=/home/gy/Omron_TM_ROS2/install/pickplace/lib/python3.8/site-packages:${PYTHONPATH} /usr/bin/python3 setup.py develop --prefix /home/gy/Omron_TM_ROS2/install/pickplace --editable --build-directory /home/gy/Omron_TM_ROS2/build/pickplace/build --no-deps install_data --install-dir /home/gy/Omron_TM_ROS2/install/pickplace
