[0.052s] Invoking command in '/home/gy/tmr_ros2/build/tmr_moveit_cpp_demo': CMAKE_PREFIX_PATH=${CMAKE_PREFIX_PATH}:/home/gy/tmdriver_ws/install/tmr_mod_urdf:/home/gy/tmdriver_ws/install/tm_get_status:/opt/ros/foxy /usr/bin/cmake /home/gy/tmr_ros2/tmr_moveit_cpp_demo -DCMAKE_INSTALL_PREFIX=/home/gy/tmr_ros2/install/tmr_moveit_cpp_demo
[0.222s] -- The C compiler identification is GNU 9.3.0
[0.341s] -- The CXX compiler identification is GNU 9.3.0
[0.352s] -- Check for working C compiler: /usr/bin/cc
[0.484s] -- Check for working C compiler: /usr/bin/cc -- works
[0.486s] -- Detecting C compiler ABI info
[0.599s] -- Detecting C compiler ABI info - done
[0.663s] -- Detecting C compile features
[0.663s] -- Detecting C compile features - done
[0.672s] -- Check for working CXX compiler: /usr/bin/c++
[0.875s] -- Check for working CXX compiler: /usr/bin/c++ -- works
[0.877s] -- Detecting CXX compiler ABI info
[1.062s] -- Detecting CXX compiler ABI info - done
[1.127s] -- Detecting CXX compile features
[1.128s] -- Detecting CXX compile features - done
[1.137s] -- Found ament_cmake: 0.9.8 (/opt/ros/foxy/share/ament_cmake/cmake)
[1.201s] -- Found PythonInterp: /usr/bin/python3 (found suitable version "3.8.5", minimum required is "3") 
[1.201s] -- Using PYTHON_EXECUTABLE: /usr/bin/python3
[1.654s] -- Found rosidl_default_runtime: 1.0.0 (/opt/ros/foxy/share/rosidl_default_runtime/cmake)
[1.707s] -- Using all available rosidl_typesupport_c: rosidl_typesupport_fastrtps_c;rosidl_typesupport_introspection_c
[1.728s] -- Found rosidl_adapter: 1.2.0 (/opt/ros/foxy/share/rosidl_adapter/cmake)
[1.876s] -- Found OpenSSL: /usr/lib/x86_64-linux-gnu/libcrypto.so (found version "1.1.1f")  
[1.948s] -- Found FastRTPS: /opt/ros/foxy/include  
[2.141s] -- Using all available rosidl_typesupport_cpp: rosidl_typesupport_fastrtps_cpp;rosidl_typesupport_introspection_cpp
[2.449s] -- Found Boost: /usr/lib/x86_64-linux-gnu/cmake/Boost-1.71.0/BoostConfig.cmake (found version "1.71.0") found components: system 
[2.633s] -- Configuring done
[2.647s] -- Generating done
[2.651s] -- Build files have been written to: /home/gy/tmr_ros2/build/tmr_moveit_cpp_demo
[2.670s] Invoked command in '/home/gy/tmr_ros2/build/tmr_moveit_cpp_demo' returned '0': CMAKE_PREFIX_PATH=${CMAKE_PREFIX_PATH}:/home/gy/tmdriver_ws/install/tmr_mod_urdf:/home/gy/tmdriver_ws/install/tm_get_status:/opt/ros/foxy /usr/bin/cmake /home/gy/tmr_ros2/tmr_moveit_cpp_demo -DCMAKE_INSTALL_PREFIX=/home/gy/tmr_ros2/install/tmr_moveit_cpp_demo
[2.672s] Invoking command in '/home/gy/tmr_ros2/build/tmr_moveit_cpp_demo': CMAKE_PREFIX_PATH=${CMAKE_PREFIX_PATH}:/home/gy/tmdriver_ws/install/tmr_mod_urdf:/home/gy/tmdriver_ws/install/tm_get_status:/opt/ros/foxy /usr/bin/cmake --build /home/gy/tmr_ros2/build/tmr_moveit_cpp_demo -- -j3 -l3
[2.744s] Invoked command in '/home/gy/tmr_ros2/build/tmr_moveit_cpp_demo' returned '0': CMAKE_PREFIX_PATH=${CMAKE_PREFIX_PATH}:/home/gy/tmdriver_ws/install/tmr_mod_urdf:/home/gy/tmdriver_ws/install/tm_get_status:/opt/ros/foxy /usr/bin/cmake --build /home/gy/tmr_ros2/build/tmr_moveit_cpp_demo -- -j3 -l3
[2.790s] Invoking command in '/home/gy/tmr_ros2/build/tmr_moveit_cpp_demo': CMAKE_PREFIX_PATH=${CMAKE_PREFIX_PATH}:/home/gy/tmdriver_ws/install/tmr_mod_urdf:/home/gy/tmdriver_ws/install/tm_get_status:/opt/ros/foxy /usr/bin/cmake --install /home/gy/tmr_ros2/build/tmr_moveit_cpp_demo
[2.806s] -- Install configuration: ""
[2.810s] -- Installing: /home/gy/tmr_ros2/install/tmr_moveit_cpp_demo/share/tmr_moveit_cpp_demo/launch
[2.810s] -- Installing: /home/gy/tmr_ros2/install/tmr_moveit_cpp_demo/share/tmr_moveit_cpp_demo/launch/run_moveit_cpp.rviz
[2.810s] -- Installing: /home/gy/tmr_ros2/install/tmr_moveit_cpp_demo/share/tmr_moveit_cpp_demo/launch/run_moveit_cpp.launch.py
[2.812s] -- Installing: /home/gy/tmr_ros2/install/tmr_moveit_cpp_demo/share/tmr_moveit_cpp_demo/config
[2.812s] -- Installing: /home/gy/tmr_ros2/install/tmr_moveit_cpp_demo/share/tmr_moveit_cpp_demo/config/moveit_cpp.yaml
[2.822s] -- Installing: /home/gy/tmr_ros2/install/tmr_moveit_cpp_demo/share/tmr_moveit_cpp_demo/config/controllers.yaml
[2.822s] -- Installing: /home/gy/tmr_ros2/install/tmr_moveit_cpp_demo/share/ament_index/resource_index/package_run_dependencies/tmr_moveit_cpp_demo
[2.822s] -- Installing: /home/gy/tmr_ros2/install/tmr_moveit_cpp_demo/share/ament_index/resource_index/parent_prefix_path/tmr_moveit_cpp_demo
[2.822s] -- Installing: /home/gy/tmr_ros2/install/tmr_moveit_cpp_demo/share/tmr_moveit_cpp_demo/environment/ament_prefix_path.sh
[2.824s] -- Installing: /home/gy/tmr_ros2/install/tmr_moveit_cpp_demo/share/tmr_moveit_cpp_demo/environment/ament_prefix_path.dsv
[2.824s] -- Installing: /home/gy/tmr_ros2/install/tmr_moveit_cpp_demo/share/tmr_moveit_cpp_demo/environment/path.sh
[2.834s] -- Installing: /home/gy/tmr_ros2/install/tmr_moveit_cpp_demo/share/tmr_moveit_cpp_demo/environment/path.dsv
[2.837s] -- Installing: /home/gy/tmr_ros2/install/tmr_moveit_cpp_demo/share/tmr_moveit_cpp_demo/local_setup.bash
[2.843s] -- Installing: /home/gy/tmr_ros2/install/tmr_moveit_cpp_demo/share/tmr_moveit_cpp_demo/local_setup.sh
[2.843s] -- Installing: /home/gy/tmr_ros2/install/tmr_moveit_cpp_demo/share/tmr_moveit_cpp_demo/local_setup.zsh
[2.844s] -- Installing: /home/gy/tmr_ros2/install/tmr_moveit_cpp_demo/share/tmr_moveit_cpp_demo/local_setup.dsv
[2.844s] -- Installing: /home/gy/tmr_ros2/install/tmr_moveit_cpp_demo/share/tmr_moveit_cpp_demo/package.dsv
[2.847s] -- Installing: /home/gy/tmr_ros2/install/tmr_moveit_cpp_demo/share/ament_index/resource_index/packages/tmr_moveit_cpp_demo
[2.847s] -- Installing: /home/gy/tmr_ros2/install/tmr_moveit_cpp_demo/share/tmr_moveit_cpp_demo/cmake/tmr_moveit_cpp_demoConfig.cmake
[2.847s] -- Installing: /home/gy/tmr_ros2/install/tmr_moveit_cpp_demo/share/tmr_moveit_cpp_demo/cmake/tmr_moveit_cpp_demoConfig-version.cmake
[2.851s] -- Installing: /home/gy/tmr_ros2/install/tmr_moveit_cpp_demo/share/tmr_moveit_cpp_demo/package.xml
[2.869s] Invoked command in '/home/gy/tmr_ros2/build/tmr_moveit_cpp_demo' returned '0': CMAKE_PREFIX_PATH=${CMAKE_PREFIX_PATH}:/home/gy/tmdriver_ws/install/tmr_mod_urdf:/home/gy/tmdriver_ws/install/tm_get_status:/opt/ros/foxy /usr/bin/cmake --install /home/gy/tmr_ros2/build/tmr_moveit_cpp_demo
