running develop
running egg_info
writing pickplace.egg-info/PKG-INFO
writing dependency_links to pickplace.egg-info/dependency_links.txt
writing entry points to pickplace.egg-info/entry_points.txt
writing requirements to pickplace.egg-info/requires.txt
writing top-level names to pickplace.egg-info/top_level.txt
reading manifest file 'pickplace.egg-info/SOURCES.txt'
writing manifest file 'pickplace.egg-info/SOURCES.txt'
running build_ext
Creating /home/gy/Omron_TM_ROS2/install/pickplace/lib/python3.8/site-packages/site.py
Creating /home/gy/Omron_TM_ROS2/install/pickplace/lib/python3.8/site-packages/pickplace.egg-link (link to .)
Installing initialise script to /home/gy/Omron_TM_ROS2/install/pickplace/lib/pickplace
Installing pickplace script to /home/gy/Omron_TM_ROS2/install/pickplace/lib/pickplace

Installed /home/gy/Omron_TM_ROS2/build/pickplace
running install_data
creating /home/gy/Omron_TM_ROS2/install/pickplace/share/ament_index
creating /home/gy/Omron_TM_ROS2/install/pickplace/share/ament_index/resource_index
creating /home/gy/Omron_TM_ROS2/install/pickplace/share/ament_index/resource_index/packages
copying resource/pickplace -> /home/gy/Omron_TM_ROS2/install/pickplace/share/ament_index/resource_index/packages
copying package.xml -> /home/gy/Omron_TM_ROS2/install/pickplace/share/pickplace
creating /home/gy/Omron_TM_ROS2/install/pickplace/share/pickplace/pp_library
error: can't copy 'pp_library/__pycache__': doesn't exist or not a regular file
