[0.063s] Invoking command in '/home/gy/Omron_TM_ROS2/build/custom_package': CMAKE_PREFIX_PATH=/home/gy/Omron_TM_ROS2/install/techman_robot_msgs:/home/gy/Omron_TM_ROS2/install/ui_for_debug_and_demo:/home/gy/Omron_TM_ROS2/install/tmr_driver:/home/gy/Omron_TM_ROS2/install/tmrlib:/home/gy/Omron_TM_ROS2/install/tmr_msgs:/home/gy/Omron_TM_ROS2/install/tmr_moveit_cpp_demo:/home/gy/Omron_TM_ROS2/install/tmr_moveit_config_tm5-900:/home/gy/Omron_TM_ROS2/install/tmr_description:/home/gy/Omron_TM_ROS2/install/tm_driver:/home/gy/Omron_TM_ROS2/install/demo:/home/gy/Omron_TM_ROS2/install/tm_msgs:/home/gy/Omron_TM_ROS2/install/custom_package:/home/gy/Omron_TM_ROS2/install/rviz_tm:/home/gy/Omron_TM_ROS2/install/tmr_mod_urdf:/home/gy/Omron_TM_ROS2/install/tm_get_status:/home/gy/Omron_TM_ROS2/install/pickplace:/opt/ros/foxy LD_LIBRARY_PATH=/home/gy/Omron_TM_ROS2/install/techman_robot_msgs/lib:/home/gy/Omron_TM_ROS2/install/tmrlib/lib:/home/gy/Omron_TM_ROS2/install/tmr_msgs/lib:/home/gy/Omron_TM_ROS2/install/tm_msgs/lib:/opt/ros/foxy/opt/yaml_cpp_vendor/lib:/opt/ros/foxy/opt/rviz_ogre_vendor/lib:/opt/ros/foxy/lib/x86_64-linux-gnu:/opt/ros/foxy/lib PYTHONPATH=/home/gy/Omron_TM_ROS2/install/techman_robot_msgs/lib/python3.8/site-packages:/home/gy/Omron_TM_ROS2/build/rviz_tm:/home/gy/Omron_TM_ROS2/install/rviz_tm/lib/python3.8/site-packages:/home/gy/Omron_TM_ROS2/install/tmr_msgs/lib/python3.8/site-packages:/home/gy/Omron_TM_ROS2/install/tmr_mod_urdf/lib/python3.8/site-packages:/home/gy/Omron_TM_ROS2/install/tm_msgs/lib/python3.8/site-packages:/home/gy/Omron_TM_ROS2/install/tm_get_status/lib/python3.8/site-packages:/home/gy/Omron_TM_ROS2/install/pickplace/lib/python3.8/site-packages:/opt/ros/foxy/lib/python3.8/site-packages /usr/bin/cmake /home/gy/Omron_TM_ROS2/custom_package -DCMAKE_INSTALL_PREFIX=/home/gy/Omron_TM_ROS2/install/custom_package
[0.233s] -- The C compiler identification is GNU 9.3.0
[0.435s] -- The CXX compiler identification is GNU 9.3.0
[0.457s] -- Check for working C compiler: /usr/bin/cc
[0.777s] -- Check for working C compiler: /usr/bin/cc -- works
[0.777s] -- Detecting C compiler ABI info
[1.008s] -- Detecting C compiler ABI info - done
[1.051s] -- Detecting C compile features
[1.058s] -- Detecting C compile features - done
[1.068s] -- Check for working CXX compiler: /usr/bin/c++
[1.303s] -- Check for working CXX compiler: /usr/bin/c++ -- works
[1.303s] -- Detecting CXX compiler ABI info
[1.551s] -- Detecting CXX compiler ABI info - done
[1.617s] -- Detecting CXX compile features
[1.620s] -- Detecting CXX compile features - done
[1.628s] -- Found ament_cmake: 0.9.8 (/opt/ros/foxy/share/ament_cmake/cmake)
[1.738s] -- Found PythonInterp: /usr/bin/python3 (found suitable version "3.8.5", minimum required is "3") 
[1.738s] -- Using PYTHON_EXECUTABLE: /usr/bin/python3
[2.336s] -- Found rclcpp: 2.3.0 (/opt/ros/foxy/share/rclcpp/cmake)
[2.472s] -- Using all available rosidl_typesupport_c: rosidl_typesupport_fastrtps_c;rosidl_typesupport_introspection_c
[2.500s] -- Found rosidl_adapter: 1.2.0 (/opt/ros/foxy/share/rosidl_adapter/cmake)
[2.784s] -- Found OpenSSL: /usr/lib/x86_64-linux-gnu/libcrypto.so (found version "1.1.1f")  
[2.871s] -- Found FastRTPS: /opt/ros/foxy/include  
[3.133s] -- Using all available rosidl_typesupport_cpp: rosidl_typesupport_fastrtps_cpp;rosidl_typesupport_introspection_cpp
[3.321s] -- Found rmw_implementation_cmake: 1.0.2 (/opt/ros/foxy/share/rmw_implementation_cmake/cmake)
[3.332s] -- Using RMW implementation 'rmw_fastrtps_cpp' as default
[3.335s] -- Looking for pthread.h
[3.516s] -- Looking for pthread.h - found
[3.520s] -- Performing Test CMAKE_HAVE_LIBC_PTHREAD
[3.728s] -- Performing Test CMAKE_HAVE_LIBC_PTHREAD - Failed
[3.728s] -- Looking for pthread_create in pthreads
[3.873s] -- Looking for pthread_create in pthreads - not found
[3.879s] -- Looking for pthread_create in pthread
[4.040s] -- Looking for pthread_create in pthread - found
[4.044s] -- Found Threads: TRUE  
[4.550s] -- Found rclcpp_components: 2.3.0 (/opt/ros/foxy/share/rclcpp_components/cmake)
[4.690s] -- Found sensor_msgs: 2.0.3 (/opt/ros/foxy/share/sensor_msgs/cmake)
[5.014s] -- Found OpenCV: /usr (found version "4.2.0") 
[5.015s] -- Found techman_robot_msgs: 0.0.0 (/home/gy/Omron_TM_ROS2/install/techman_robot_msgs/share/techman_robot_msgs/cmake)
[5.040s] -- Found ament_lint_auto: 0.9.6 (/opt/ros/foxy/share/ament_lint_auto/cmake)
[5.235s] -- Added test 'copyright' to check source files copyright and LICENSE
[5.238s] -- Added test 'cppcheck' to perform static code analysis on C / C++ code
[5.239s] -- Configured cppcheck include dirs: 
[5.239s] -- Configured cppcheck exclude dirs and/or files: 
[5.241s] -- Added test 'cpplint' to check C / C++ code against the Google style
[5.241s] -- Configured cpplint exclude dirs and/or files: 
[5.243s] -- Added test 'lint_cmake' to check CMake code style
[5.245s] -- Added test 'uncrustify' to check C / C++ code style
[5.245s] -- Configured uncrustify additional arguments: 
[5.247s] -- Added test 'xmllint' to check XML markup files
[5.252s] -- Configuring done
[5.310s] -- Generating done
[5.315s] -- Build files have been written to: /home/gy/Omron_TM_ROS2/build/custom_package
