[0.704s] Invoking command in '/home/gy/Omron_TM_ROS2/build/rviz_tm': PYTHONPATH=/home/gy/Omron_TM_ROS2/install/rviz_tm/lib/python3.8/site-packages:${PYTHONPATH} /usr/bin/python3 setup.py develop --prefix /home/gy/Omron_TM_ROS2/install/rviz_tm --uninstall --editable --build-directory /home/gy/Omron_TM_ROS2/build/rviz_tm/build
[1.390s] running develop
[2.255s] Invoked command in '/home/gy/Omron_TM_ROS2/build/rviz_tm' returned '0': PYTHONPATH=/home/gy/Omron_TM_ROS2/install/rviz_tm/lib/python3.8/site-packages:${PYTHONPATH} /usr/bin/python3 setup.py develop --prefix /home/gy/Omron_TM_ROS2/install/rviz_tm --uninstall --editable --build-directory /home/gy/Omron_TM_ROS2/build/rviz_tm/build
[2.256s] Invoking command in '/home/gy/Omron_TM_ROS2/rviz_tm': PYTHONPATH=/home/gy/Omron_TM_ROS2/install/rviz_tm/lib/python3.8/site-packages:${PYTHONPATH} /usr/bin/python3 setup.py egg_info --egg-base ../build/rviz_tm build --build-base /home/gy/Omron_TM_ROS2/build/rviz_tm/build install --prefix /home/gy/Omron_TM_ROS2/install/rviz_tm --record /home/gy/Omron_TM_ROS2/build/rviz_tm/install.log --single-version-externally-managed
[2.947s] running egg_info
[2.948s] writing ../build/rviz_tm/rviz_tm.egg-info/PKG-INFO
[2.949s] writing dependency_links to ../build/rviz_tm/rviz_tm.egg-info/dependency_links.txt
[2.949s] writing entry points to ../build/rviz_tm/rviz_tm.egg-info/entry_points.txt
[2.949s] writing requirements to ../build/rviz_tm/rviz_tm.egg-info/requires.txt
[2.950s] writing top-level names to ../build/rviz_tm/rviz_tm.egg-info/top_level.txt
[3.113s] reading manifest file '../build/rviz_tm/rviz_tm.egg-info/SOURCES.txt'
[3.119s] writing manifest file '../build/rviz_tm/rviz_tm.egg-info/SOURCES.txt'
[3.119s] running build
[3.120s] running build_py
[3.120s] running install
[3.121s] running install_lib
[3.137s] running install_data
[3.137s] running install_egg_info
[3.142s] removing '/home/gy/Omron_TM_ROS2/install/rviz_tm/lib/python3.8/site-packages/rviz_tm-0.0.0-py3.8.egg-info' (and everything under it)
[3.142s] Copying ../build/rviz_tm/rviz_tm.egg-info to /home/gy/Omron_TM_ROS2/install/rviz_tm/lib/python3.8/site-packages/rviz_tm-0.0.0-py3.8.egg-info
[3.144s] running install_scripts
[3.224s] writing list of installed files to '/home/gy/Omron_TM_ROS2/build/rviz_tm/install.log'
[3.350s] Invoked command in '/home/gy/Omron_TM_ROS2/rviz_tm' returned '0': PYTHONPATH=/home/gy/Omron_TM_ROS2/install/rviz_tm/lib/python3.8/site-packages:${PYTHONPATH} /usr/bin/python3 setup.py egg_info --egg-base ../build/rviz_tm build --build-base /home/gy/Omron_TM_ROS2/build/rviz_tm/build install --prefix /home/gy/Omron_TM_ROS2/install/rviz_tm --record /home/gy/Omron_TM_ROS2/build/rviz_tm/install.log --single-version-externally-managed
