[0.523s] Invoking command in '/home/gy/Omron_TM_ROS2/src/pickplace': PYTHONPATH=/home/gy/Omron_TM_ROS2/src/install/pickplace/lib/python3.8/site-packages:${PYTHONPATH} /usr/bin/python3 setup.py egg_info --egg-base ../build/pickplace build --build-base /home/gy/Omron_TM_ROS2/src/build/pickplace/build install --prefix /home/gy/Omron_TM_ROS2/src/install/pickplace --record /home/gy/Omron_TM_ROS2/src/build/pickplace/install.log --single-version-externally-managed
[0.964s] running egg_info
[0.967s] writing ../build/pickplace/pickplace.egg-info/PKG-INFO
[0.968s] writing dependency_links to ../build/pickplace/pickplace.egg-info/dependency_links.txt
[0.969s] writing entry points to ../build/pickplace/pickplace.egg-info/entry_points.txt
[0.969s] writing requirements to ../build/pickplace/pickplace.egg-info/requires.txt
[0.969s] writing top-level names to ../build/pickplace/pickplace.egg-info/top_level.txt
[1.040s] reading manifest file '../build/pickplace/pickplace.egg-info/SOURCES.txt'
[1.043s] writing manifest file '../build/pickplace/pickplace.egg-info/SOURCES.txt'
[1.043s] running build
[1.043s] running build_py
[1.044s] copying pickplace/pickplace_program.py -> /home/gy/Omron_TM_ROS2/src/build/pickplace/build/lib/pickplace
[1.044s] running install
[1.047s] running install_lib
[1.050s] copying /home/gy/Omron_TM_ROS2/src/build/pickplace/build/lib/pickplace/pickplace_program.py -> /home/gy/Omron_TM_ROS2/src/install/pickplace/lib/python3.8/site-packages/pickplace
[1.052s] byte-compiling /home/gy/Omron_TM_ROS2/src/install/pickplace/lib/python3.8/site-packages/pickplace/pickplace_program.py to pickplace_program.cpython-38.pyc
[1.056s] running install_data
[1.058s] running install_egg_info
[1.061s] removing '/home/gy/Omron_TM_ROS2/src/install/pickplace/lib/python3.8/site-packages/pickplace-0.0.0-py3.8.egg-info' (and everything under it)
[1.062s] Copying ../build/pickplace/pickplace.egg-info to /home/gy/Omron_TM_ROS2/src/install/pickplace/lib/python3.8/site-packages/pickplace-0.0.0-py3.8.egg-info
[1.064s] running install_scripts
[1.099s] Installing initialise script to /home/gy/Omron_TM_ROS2/src/install/pickplace/lib/pickplace
[1.099s] Installing pickplace script to /home/gy/Omron_TM_ROS2/src/install/pickplace/lib/pickplace
[1.100s] writing list of installed files to '/home/gy/Omron_TM_ROS2/src/build/pickplace/install.log'
[1.138s] Invoked command in '/home/gy/Omron_TM_ROS2/src/pickplace' returned '0': PYTHONPATH=/home/gy/Omron_TM_ROS2/src/install/pickplace/lib/python3.8/site-packages:${PYTHONPATH} /usr/bin/python3 setup.py egg_info --egg-base ../build/pickplace build --build-base /home/gy/Omron_TM_ROS2/src/build/pickplace/build install --prefix /home/gy/Omron_TM_ROS2/src/install/pickplace --record /home/gy/Omron_TM_ROS2/src/build/pickplace/install.log --single-version-externally-managed
