[0.532s] Invoking command in '/home/gy/Omron_TM_ROS2/build/tm_models': CMAKE_PREFIX_PATH=${CMAKE_PREFIX_PATH}:/home/gy/Omron_TM_ROS2/install/tmr_mod_urdf:/home/gy/Omron_TM_ROS2/install/tm_get_status:/home/gy/Omron_TM_ROS2/install/rviz_tm:/home/gy/Omron_TM_ROS2/install/pickplace:/opt/ros/foxy /usr/bin/cmake --build /home/gy/Omron_TM_ROS2/build/tm_models -- -j3 -l3
[0.627s] Invoked command in '/home/gy/Omron_TM_ROS2/build/tm_models' returned '0': CMAKE_PREFIX_PATH=${CMAKE_PREFIX_PATH}:/home/gy/Omron_TM_ROS2/install/tmr_mod_urdf:/home/gy/Omron_TM_ROS2/install/tm_get_status:/home/gy/Omron_TM_ROS2/install/rviz_tm:/home/gy/Omron_TM_ROS2/install/pickplace:/opt/ros/foxy /usr/bin/cmake --build /home/gy/Omron_TM_ROS2/build/tm_models -- -j3 -l3
[0.745s] Invoking command in '/home/gy/Omron_TM_ROS2/build/tm_models': CMAKE_PREFIX_PATH=${CMAKE_PREFIX_PATH}:/home/gy/Omron_TM_ROS2/install/tmr_mod_urdf:/home/gy/Omron_TM_ROS2/install/tm_get_status:/home/gy/Omron_TM_ROS2/install/rviz_tm:/home/gy/Omron_TM_ROS2/install/pickplace:/opt/ros/foxy /usr/bin/cmake --install /home/gy/Omron_TM_ROS2/build/tm_models
[0.780s] -- Install configuration: ""
[0.780s] -- Execute custom install script
[0.781s] -- Up-to-date symlink: /home/gy/Omron_TM_ROS2/install/tm_models/share/ament_index/resource_index/package_run_dependencies/tm_models
[0.781s] -- Up-to-date symlink: /home/gy/Omron_TM_ROS2/install/tm_models/share/ament_index/resource_index/parent_prefix_path/tm_models
[0.781s] -- Up-to-date symlink: /home/gy/Omron_TM_ROS2/install/tm_models/share/tm_models/environment/ament_prefix_path.sh
[0.781s] -- Up-to-date symlink: /home/gy/Omron_TM_ROS2/install/tm_models/share/tm_models/environment/ament_prefix_path.dsv
[0.781s] -- Up-to-date symlink: /home/gy/Omron_TM_ROS2/install/tm_models/share/tm_models/environment/path.sh
[0.788s] -- Up-to-date symlink: /home/gy/Omron_TM_ROS2/install/tm_models/share/tm_models/environment/path.dsv
[0.788s] -- Up-to-date symlink: /home/gy/Omron_TM_ROS2/install/tm_models/share/tm_models/local_setup.bash
[0.789s] -- Up-to-date symlink: /home/gy/Omron_TM_ROS2/install/tm_models/share/tm_models/local_setup.sh
[0.789s] -- Up-to-date symlink: /home/gy/Omron_TM_ROS2/install/tm_models/share/tm_models/local_setup.zsh
[0.789s] -- Up-to-date symlink: /home/gy/Omron_TM_ROS2/install/tm_models/share/tm_models/local_setup.dsv
[0.789s] -- Symlinking: /home/gy/Omron_TM_ROS2/install/tm_models/share/tm_models/package.dsv
[0.823s] -- Up-to-date symlink: /home/gy/Omron_TM_ROS2/install/tm_models/share/ament_index/resource_index/packages/tm_models
[0.823s] -- Up-to-date symlink: /home/gy/Omron_TM_ROS2/install/tm_models/share/tm_models/cmake/tm_modelsConfig.cmake
[0.823s] -- Up-to-date symlink: /home/gy/Omron_TM_ROS2/install/tm_models/share/tm_models/cmake/tm_modelsConfig-version.cmake
[0.823s] -- Up-to-date symlink: /home/gy/Omron_TM_ROS2/install/tm_models/share/tm_models/package.xml
[0.825s] CMake Warning (dev) at ament_cmake_symlink_install/ament_cmake_symlink_install.cmake:62 (file):
[0.825s] -- Up-to-date symlink: /home/gy/Omron_TM_ROS2/install/tm_models/share/tm_models/launch/tm12_upload.launch
[0.825s] -- Up-to-date symlink: /home/gy/Omron_TM_ROS2/install/tm_models/share/tm_models/launch/view_robot.rviz
[0.826s] -- Up-to-date symlink: /home/gy/Omron_TM_ROS2/install/tm_models/share/tm_models/launch/view_tm12.launch
[0.826s]   Policy CMP0009 is not set: FILE GLOB_RECURSE calls should not follow
[0.827s]   symlinks by default.  Run "cmake --help-policy CMP0009" for policy details.
[0.827s]   Use the cmake_policy command to set the policy and suppress this warning.
[0.827s] Call Stack (most recent call first):
[0.827s]   ament_cmake_symlink_install/ament_cmake_symlink_install.cmake:359 (ament_cmake_symlink_install_directory)
[0.827s]   cmake_install.cmake:41 (include)
[0.827s] This warning is for project developers.  Use -Wno-dev to suppress it.
[0.827s] 
[0.828s] -- Up-to-date symlink: /home/gy/Omron_TM_ROS2/install/tm_models/share/tm_models/urdf/build/.built_by
[0.828s] -- Up-to-date symlink: /home/gy/Omron_TM_ROS2/install/tm_models/share/tm_models/urdf/build/COLCON_IGNORE
[0.828s] -- Up-to-date symlink: /home/gy/Omron_TM_ROS2/install/tm_models/share/tm_models/urdf/common.gazebo.xacro
[0.834s] -- Up-to-date symlink: /home/gy/Omron_TM_ROS2/install/tm_models/share/tm_models/urdf/install/.colcon_install_layout
[0.836s] -- Up-to-date symlink: /home/gy/Omron_TM_ROS2/install/tm_models/share/tm_models/urdf/install/COLCON_IGNORE
[0.839s] -- Up-to-date symlink: /home/gy/Omron_TM_ROS2/install/tm_models/share/tm_models/urdf/install/_local_setup_util_ps1.py
[0.839s] -- Up-to-date symlink: /home/gy/Omron_TM_ROS2/install/tm_models/share/tm_models/urdf/install/_local_setup_util_sh.py
[0.840s] -- Up-to-date symlink: /home/gy/Omron_TM_ROS2/install/tm_models/share/tm_models/urdf/install/local_setup.bash
[0.840s] -- Up-to-date symlink: /home/gy/Omron_TM_ROS2/install/tm_models/share/tm_models/urdf/install/local_setup.ps1
[0.840s] -- Up-to-date symlink: /home/gy/Omron_TM_ROS2/install/tm_models/share/tm_models/urdf/install/local_setup.sh
[0.840s] -- Up-to-date symlink: /home/gy/Omron_TM_ROS2/install/tm_models/share/tm_models/urdf/install/local_setup.zsh
[0.840s] -- Up-to-date symlink: /home/gy/Omron_TM_ROS2/install/tm_models/share/tm_models/urdf/install/setup.bash
[0.840s] -- Up-to-date symlink: /home/gy/Omron_TM_ROS2/install/tm_models/share/tm_models/urdf/install/setup.ps1
[0.841s] -- Up-to-date symlink: /home/gy/Omron_TM_ROS2/install/tm_models/share/tm_models/urdf/install/setup.sh
[0.841s] -- Up-to-date symlink: /home/gy/Omron_TM_ROS2/install/tm_models/share/tm_models/urdf/install/setup.zsh
[0.841s] -- Up-to-date symlink: /home/gy/Omron_TM_ROS2/install/tm_models/share/tm_models/urdf/log/COLCON_IGNORE
[0.841s] -- Up-to-date symlink: /home/gy/Omron_TM_ROS2/install/tm_models/share/tm_models/urdf/log/build_2021-04-20_09-21-56/events.log
[0.841s] -- Up-to-date symlink: /home/gy/Omron_TM_ROS2/install/tm_models/share/tm_models/urdf/log/build_2021-04-20_09-21-56/logger_all.log
[0.841s] -- Up-to-date symlink: /home/gy/Omron_TM_ROS2/install/tm_models/share/tm_models/urdf/log/build_2021-04-20_14-45-09/events.log
[0.842s] -- Up-to-date symlink: /home/gy/Omron_TM_ROS2/install/tm_models/share/tm_models/urdf/log/build_2021-04-20_14-45-09/logger_all.log
[0.842s] -- Up-to-date symlink: /home/gy/Omron_TM_ROS2/install/tm_models/share/tm_models/urdf/log/build_2021-04-20_16-49-20/events.log
[0.849s] -- Up-to-date symlink: /home/gy/Omron_TM_ROS2/install/tm_models/share/tm_models/urdf/log/build_2021-04-20_16-49-20/logger_all.log
[0.849s] -- Up-to-date symlink: /home/gy/Omron_TM_ROS2/install/tm_models/share/tm_models/urdf/log/latest/events.log
[0.849s] -- Up-to-date symlink: /home/gy/Omron_TM_ROS2/install/tm_models/share/tm_models/urdf/log/latest/logger_all.log
[0.849s] -- Up-to-date symlink: /home/gy/Omron_TM_ROS2/install/tm_models/share/tm_models/urdf/log/latest_build/events.log
[0.849s] -- Up-to-date symlink: /home/gy/Omron_TM_ROS2/install/tm_models/share/tm_models/urdf/log/latest_build/logger_all.log
[0.849s] -- Up-to-date symlink: /home/gy/Omron_TM_ROS2/install/tm_models/share/tm_models/urdf/tm.gazebo.xacro
[0.849s] -- Up-to-date symlink: /home/gy/Omron_TM_ROS2/install/tm_models/share/tm_models/urdf/tm.transmission.xacro
[0.850s] -- Up-to-date symlink: /home/gy/Omron_TM_ROS2/install/tm_models/share/tm_models/urdf/tm12.urdf
[0.850s] -- Up-to-date symlink: /home/gy/Omron_TM_ROS2/install/tm_models/share/tm_models/urdf/tm12.urdf.xacro
[0.860s] -- Up-to-date symlink: /home/gy/Omron_TM_ROS2/install/tm_models/share/tm_models/urdf/tm12_robot.urdf.xacro
[0.860s] -- Up-to-date symlink: /home/gy/Omron_TM_ROS2/install/tm_models/share/tm_models/urdf/tm5_700.urdf.xacro
[0.860s] -- Up-to-date symlink: /home/gy/Omron_TM_ROS2/install/tm_models/share/tm_models/urdf/tm5_700_robot.urdf.xacro
[0.861s] -- Up-to-date symlink: /home/gy/Omron_TM_ROS2/install/tm_models/share/tm_models/urdf/tm5_900.urdf.xacro
[0.861s] -- Up-to-date symlink: /home/gy/Omron_TM_ROS2/install/tm_models/share/tm_models/urdf/tm5_900_robot.urdf.xacro
[0.861s] -- Up-to-date symlink: /home/gy/Omron_TM_ROS2/install/tm_models/share/tm_models/urdf/tm5_900_simple.urdf
[0.861s] -- Up-to-date symlink: /home/gy/Omron_TM_ROS2/install/tm_models/share/tm_models/meshes/tm12_1300/collision/tm12_arm1_c.STL
[0.861s] -- Up-to-date symlink: /home/gy/Omron_TM_ROS2/install/tm_models/share/tm_models/meshes/tm12_1300/collision/tm12_arm2_c.STL
[0.861s] -- Up-to-date symlink: /home/gy/Omron_TM_ROS2/install/tm_models/share/tm_models/meshes/tm12_1300/collision/tm12_base_c.STL
[0.861s] -- Up-to-date symlink: /home/gy/Omron_TM_ROS2/install/tm_models/share/tm_models/meshes/tm12_1300/collision/tm_100w_01_c.STL
[0.861s] -- Up-to-date symlink: /home/gy/Omron_TM_ROS2/install/tm_models/share/tm_models/meshes/tm12_1300/collision/tm_100w_02_c.STL
[0.862s] -- Up-to-date symlink: /home/gy/Omron_TM_ROS2/install/tm_models/share/tm_models/meshes/tm12_1300/collision/tm_100w_02_c.stl
[0.862s] -- Up-to-date symlink: /home/gy/Omron_TM_ROS2/install/tm_models/share/tm_models/meshes/tm12_1300/collision/tm_400w_01_c.STL
[0.862s] -- Up-to-date symlink: /home/gy/Omron_TM_ROS2/install/tm_models/share/tm_models/meshes/tm12_1300/collision/tm_750w_01_c.STL
[0.862s] -- Up-to-date symlink: /home/gy/Omron_TM_ROS2/install/tm_models/share/tm_models/meshes/tm12_1300/collision/tm_ee_c.stl
[0.862s] -- Up-to-date symlink: /home/gy/Omron_TM_ROS2/install/tm_models/share/tm_models/meshes/tm12_1300/visual/tm12_arm1.mtl
[0.862s] -- Up-to-date symlink: /home/gy/Omron_TM_ROS2/install/tm_models/share/tm_models/meshes/tm12_1300/visual/tm12_arm1.obj
[0.862s] -- Up-to-date symlink: /home/gy/Omron_TM_ROS2/install/tm_models/share/tm_models/meshes/tm12_1300/visual/tm12_arm1.stl
[0.862s] -- Up-to-date symlink: /home/gy/Omron_TM_ROS2/install/tm_models/share/tm_models/meshes/tm12_1300/visual/tm12_arm2.mtl
[0.870s] -- Up-to-date symlink: /home/gy/Omron_TM_ROS2/install/tm_models/share/tm_models/meshes/tm12_1300/visual/tm12_arm2.obj
[0.870s] -- Up-to-date symlink: /home/gy/Omron_TM_ROS2/install/tm_models/share/tm_models/meshes/tm12_1300/visual/tm12_arm2.stl
[0.871s] -- Up-to-date symlink: /home/gy/Omron_TM_ROS2/install/tm_models/share/tm_models/meshes/tm12_1300/visual/tm12_base.mtl
[0.871s] -- Up-to-date symlink: /home/gy/Omron_TM_ROS2/install/tm_models/share/tm_models/meshes/tm12_1300/visual/tm12_base.obj
[0.871s] -- Up-to-date symlink: /home/gy/Omron_TM_ROS2/install/tm_models/share/tm_models/meshes/tm12_1300/visual/tm12_base.stl
[0.871s] -- Up-to-date symlink: /home/gy/Omron_TM_ROS2/install/tm_models/share/tm_models/meshes/tm12_1300/visual/tm_100w_01.mtl
[0.871s] -- Up-to-date symlink: /home/gy/Omron_TM_ROS2/install/tm_models/share/tm_models/meshes/tm12_1300/visual/tm_100w_01.obj
[0.872s] -- Up-to-date symlink: /home/gy/Omron_TM_ROS2/install/tm_models/share/tm_models/meshes/tm12_1300/visual/tm_100w_01.stl
[0.872s] -- Up-to-date symlink: /home/gy/Omron_TM_ROS2/install/tm_models/share/tm_models/meshes/tm12_1300/visual/tm_100w_02.mtl
[0.872s] -- Up-to-date symlink: /home/gy/Omron_TM_ROS2/install/tm_models/share/tm_models/meshes/tm12_1300/visual/tm_100w_02.obj
[0.872s] -- Up-to-date symlink: /home/gy/Omron_TM_ROS2/install/tm_models/share/tm_models/meshes/tm12_1300/visual/tm_100w_02.stl
[0.872s] -- Up-to-date symlink: /home/gy/Omron_TM_ROS2/install/tm_models/share/tm_models/meshes/tm12_1300/visual/tm_750w_01.mtl
[0.872s] -- Up-to-date symlink: /home/gy/Omron_TM_ROS2/install/tm_models/share/tm_models/meshes/tm12_1300/visual/tm_750w_01.obj
[0.873s] -- Up-to-date symlink: /home/gy/Omron_TM_ROS2/install/tm_models/share/tm_models/meshes/tm12_1300/visual/tm_750w_01.stl
[0.873s] -- Up-to-date symlink: /home/gy/Omron_TM_ROS2/install/tm_models/share/tm_models/meshes/tm12_1300/visual/tm_ee.mtl
[0.873s] -- Up-to-date symlink: /home/gy/Omron_TM_ROS2/install/tm_models/share/tm_models/meshes/tm12_1300/visual/tm_ee.obj
[0.880s] -- Up-to-date symlink: /home/gy/Omron_TM_ROS2/install/tm_models/share/tm_models/meshes/tm12_1300/visual/tm_ee.stl
[0.880s] -- Up-to-date symlink: /home/gy/Omron_TM_ROS2/install/tm_models/share/tm_models/meshes/tm5_700/collision/tm5_700_arm1_c.STL
[0.880s] -- Up-to-date symlink: /home/gy/Omron_TM_ROS2/install/tm_models/share/tm_models/meshes/tm5_700/collision/tm5_700_arm2_c.STL
[0.881s] -- Up-to-date symlink: /home/gy/Omron_TM_ROS2/install/tm_models/share/tm_models/meshes/tm5_700/visual/tm5_700_arm1.mtl
[0.881s] -- Up-to-date symlink: /home/gy/Omron_TM_ROS2/install/tm_models/share/tm_models/meshes/tm5_700/visual/tm5_700_arm1.obj
[0.881s] -- Up-to-date symlink: /home/gy/Omron_TM_ROS2/install/tm_models/share/tm_models/meshes/tm5_700/visual/tm5_700_arm1.stl
[0.881s] -- Up-to-date symlink: /home/gy/Omron_TM_ROS2/install/tm_models/share/tm_models/meshes/tm5_700/visual/tm5_700_arm2.mtl
[0.881s] -- Up-to-date symlink: /home/gy/Omron_TM_ROS2/install/tm_models/share/tm_models/meshes/tm5_700/visual/tm5_700_arm2.obj
[0.881s] -- Up-to-date symlink: /home/gy/Omron_TM_ROS2/install/tm_models/share/tm_models/meshes/tm5_700/visual/tm5_700_arm2.stl
[0.881s] -- Up-to-date symlink: /home/gy/Omron_TM_ROS2/install/tm_models/share/tm_models/meshes/tm5_900/collision/tm5_900_arm1_c.STL
[0.881s] -- Up-to-date symlink: /home/gy/Omron_TM_ROS2/install/tm_models/share/tm_models/meshes/tm5_900/collision/tm5_900_arm2_c.STL
[0.882s] -- Up-to-date symlink: /home/gy/Omron_TM_ROS2/install/tm_models/share/tm_models/meshes/tm5_900/collision/tm5_base_c.STL
[0.882s] -- Up-to-date symlink: /home/gy/Omron_TM_ROS2/install/tm_models/share/tm_models/meshes/tm5_900/collision/tm_100w_01_c.STL
[0.882s] -- Up-to-date symlink: /home/gy/Omron_TM_ROS2/install/tm_models/share/tm_models/meshes/tm5_900/collision/tm_100w_02_c.STL
[0.882s] -- Up-to-date symlink: /home/gy/Omron_TM_ROS2/install/tm_models/share/tm_models/meshes/tm5_900/collision/tm_100w_02_c.stl
[0.882s] -- Up-to-date symlink: /home/gy/Omron_TM_ROS2/install/tm_models/share/tm_models/meshes/tm5_900/collision/tm_400w_01_c.STL
[0.884s] -- Up-to-date symlink: /home/gy/Omron_TM_ROS2/install/tm_models/share/tm_models/meshes/tm5_900/collision/tm_ee_c.stl
[0.900s] -- Up-to-date symlink: /home/gy/Omron_TM_ROS2/install/tm_models/share/tm_models/meshes/tm5_900/visual/tm5_900_arm1.mtl
[0.900s] -- Up-to-date symlink: /home/gy/Omron_TM_ROS2/install/tm_models/share/tm_models/meshes/tm5_900/visual/tm5_900_arm1.obj
[0.901s] -- Up-to-date symlink: /home/gy/Omron_TM_ROS2/install/tm_models/share/tm_models/meshes/tm5_900/visual/tm5_900_arm1.stl
[0.901s] -- Up-to-date symlink: /home/gy/Omron_TM_ROS2/install/tm_models/share/tm_models/meshes/tm5_900/visual/tm5_900_arm2.mtl
[0.901s] -- Up-to-date symlink: /home/gy/Omron_TM_ROS2/install/tm_models/share/tm_models/meshes/tm5_900/visual/tm5_900_arm2.obj
[0.902s] -- Up-to-date symlink: /home/gy/Omron_TM_ROS2/install/tm_models/share/tm_models/meshes/tm5_900/visual/tm5_900_arm2.stl
[0.902s] -- Up-to-date symlink: /home/gy/Omron_TM_ROS2/install/tm_models/share/tm_models/meshes/tm5_900/visual/tm5_base.mtl
[0.902s] -- Up-to-date symlink: /home/gy/Omron_TM_ROS2/install/tm_models/share/tm_models/meshes/tm5_900/visual/tm5_base.obj
[0.902s] -- Up-to-date symlink: /home/gy/Omron_TM_ROS2/install/tm_models/share/tm_models/meshes/tm5_900/visual/tm5_base.stl
[0.911s] -- Up-to-date symlink: /home/gy/Omron_TM_ROS2/install/tm_models/share/tm_models/meshes/tm5_900/visual/tm_100w_01.mtl
[0.911s] -- Up-to-date symlink: /home/gy/Omron_TM_ROS2/install/tm_models/share/tm_models/meshes/tm5_900/visual/tm_100w_01.obj
[0.911s] -- Up-to-date symlink: /home/gy/Omron_TM_ROS2/install/tm_models/share/tm_models/meshes/tm5_900/visual/tm_100w_01.stl
[0.911s] -- Up-to-date symlink: /home/gy/Omron_TM_ROS2/install/tm_models/share/tm_models/meshes/tm5_900/visual/tm_100w_02.mtl
[0.911s] -- Up-to-date symlink: /home/gy/Omron_TM_ROS2/install/tm_models/share/tm_models/meshes/tm5_900/visual/tm_100w_02.obj
[0.911s] -- Up-to-date symlink: /home/gy/Omron_TM_ROS2/install/tm_models/share/tm_models/meshes/tm5_900/visual/tm_100w_02.stl
[0.911s] -- Up-to-date symlink: /home/gy/Omron_TM_ROS2/install/tm_models/share/tm_models/meshes/tm5_900/visual/tm_400w_01.mtl
[0.912s] -- Up-to-date symlink: /home/gy/Omron_TM_ROS2/install/tm_models/share/tm_models/meshes/tm5_900/visual/tm_400w_01.obj
[0.912s] -- Up-to-date symlink: /home/gy/Omron_TM_ROS2/install/tm_models/share/tm_models/meshes/tm5_900/visual/tm_400w_01.stl
[0.912s] -- Up-to-date symlink: /home/gy/Omron_TM_ROS2/install/tm_models/share/tm_models/meshes/tm5_900/visual/tm_ee.mtl
[0.912s] -- Up-to-date symlink: /home/gy/Omron_TM_ROS2/install/tm_models/share/tm_models/meshes/tm5_900/visual/tm_ee.obj
[0.912s] -- Up-to-date symlink: /home/gy/Omron_TM_ROS2/install/tm_models/share/tm_models/meshes/tm5_900/visual/tm_ee.stl
[0.940s] Invoked command in '/home/gy/Omron_TM_ROS2/build/tm_models' returned '0': CMAKE_PREFIX_PATH=${CMAKE_PREFIX_PATH}:/home/gy/Omron_TM_ROS2/install/tmr_mod_urdf:/home/gy/Omron_TM_ROS2/install/tm_get_status:/home/gy/Omron_TM_ROS2/install/rviz_tm:/home/gy/Omron_TM_ROS2/install/pickplace:/opt/ros/foxy /usr/bin/cmake --install /home/gy/Omron_TM_ROS2/build/tm_models
