[0.044s] Invoking command in '/home/gy/Omron_TM_ROS2/build/tm_models': CMAKE_PREFIX_PATH=/home/gy/Omron_TM_ROS2/install/tmr_mod_urdf:/home/gy/Omron_TM_ROS2/install/tm_get_status:/home/gy/Omron_TM_ROS2/install/rviz_tm:/home/gy/Omron_TM_ROS2/install/pickplace:/opt/ros/foxy:${CMAKE_PREFIX_PATH} /usr/bin/cmake --build /home/gy/Omron_TM_ROS2/build/tm_models -- -j3 -l3
[0.179s] Invoked command in '/home/gy/Omron_TM_ROS2/build/tm_models' returned '0': CMAKE_PREFIX_PATH=/home/gy/Omron_TM_ROS2/install/tmr_mod_urdf:/home/gy/Omron_TM_ROS2/install/tm_get_status:/home/gy/Omron_TM_ROS2/install/rviz_tm:/home/gy/Omron_TM_ROS2/install/pickplace:/opt/ros/foxy:${CMAKE_PREFIX_PATH} /usr/bin/cmake --build /home/gy/Omron_TM_ROS2/build/tm_models -- -j3 -l3
[0.287s] Invoking command in '/home/gy/Omron_TM_ROS2/build/tm_models': CMAKE_PREFIX_PATH=/home/gy/Omron_TM_ROS2/install/tmr_mod_urdf:/home/gy/Omron_TM_ROS2/install/tm_get_status:/home/gy/Omron_TM_ROS2/install/rviz_tm:/home/gy/Omron_TM_ROS2/install/pickplace:/opt/ros/foxy:${CMAKE_PREFIX_PATH} /usr/bin/cmake --install /home/gy/Omron_TM_ROS2/build/tm_models
[0.335s] -- Install configuration: ""
[0.336s] -- Up-to-date: /home/gy/Omron_TM_ROS2/install/tm_models/share/ament_index/resource_index/package_run_dependencies/tm_models
[0.340s] -- Up-to-date: /home/gy/Omron_TM_ROS2/install/tm_models/share/ament_index/resource_index/parent_prefix_path/tm_models
[0.341s] -- Up-to-date: /home/gy/Omron_TM_ROS2/install/tm_models/share/tm_models/environment/ament_prefix_path.sh
[0.341s] -- Up-to-date: /home/gy/Omron_TM_ROS2/install/tm_models/share/tm_models/environment/ament_prefix_path.dsv
[0.341s] -- Up-to-date: /home/gy/Omron_TM_ROS2/install/tm_models/share/tm_models/environment/path.sh
[0.341s] -- Up-to-date: /home/gy/Omron_TM_ROS2/install/tm_models/share/tm_models/environment/path.dsv
[0.341s] -- Up-to-date: /home/gy/Omron_TM_ROS2/install/tm_models/share/tm_models/local_setup.bash
[0.342s] -- Up-to-date: /home/gy/Omron_TM_ROS2/install/tm_models/share/tm_models/local_setup.sh
[0.342s] -- Up-to-date: /home/gy/Omron_TM_ROS2/install/tm_models/share/tm_models/local_setup.zsh
[0.342s] -- Up-to-date: /home/gy/Omron_TM_ROS2/install/tm_models/share/tm_models/local_setup.dsv
[0.342s] -- Installing: /home/gy/Omron_TM_ROS2/install/tm_models/share/tm_models/package.dsv
[0.352s] -- Up-to-date: /home/gy/Omron_TM_ROS2/install/tm_models/share/ament_index/resource_index/packages/tm_models
[0.352s] -- Up-to-date: /home/gy/Omron_TM_ROS2/install/tm_models/share/tm_models/cmake/tm_modelsConfig.cmake
[0.352s] -- Up-to-date: /home/gy/Omron_TM_ROS2/install/tm_models/share/tm_models/cmake/tm_modelsConfig-version.cmake
[0.352s] -- Up-to-date: /home/gy/Omron_TM_ROS2/install/tm_models/share/tm_models/package.xml
[0.352s] -- Up-to-date: /home/gy/Omron_TM_ROS2/install/tm_models/share/tm_models/launch
[0.353s] -- Up-to-date: /home/gy/Omron_TM_ROS2/install/tm_models/share/tm_models/launch/view_robot.rviz
[0.356s] -- Up-to-date: /home/gy/Omron_TM_ROS2/install/tm_models/share/tm_models/launch/view_tm12.launch
[0.356s] -- Up-to-date: /home/gy/Omron_TM_ROS2/install/tm_models/share/tm_models/launch/tm12_upload.launch
[0.356s] -- Up-to-date: /home/gy/Omron_TM_ROS2/install/tm_models/share/tm_models/urdf
[0.356s] -- Up-to-date: /home/gy/Omron_TM_ROS2/install/tm_models/share/tm_models/urdf/log
[0.356s] -- Up-to-date: /home/gy/Omron_TM_ROS2/install/tm_models/share/tm_models/urdf/log/build_2021-04-20_14-45-09
[0.357s] -- Up-to-date: /home/gy/Omron_TM_ROS2/install/tm_models/share/tm_models/urdf/log/build_2021-04-20_14-45-09/events.log
[0.357s] -- Up-to-date: /home/gy/Omron_TM_ROS2/install/tm_models/share/tm_models/urdf/log/build_2021-04-20_14-45-09/logger_all.log
[0.357s] -- Up-to-date: /home/gy/Omron_TM_ROS2/install/tm_models/share/tm_models/urdf/log/build_2021-04-20_09-21-56
[0.357s] -- Up-to-date: /home/gy/Omron_TM_ROS2/install/tm_models/share/tm_models/urdf/log/build_2021-04-20_09-21-56/events.log
[0.357s] -- Up-to-date: /home/gy/Omron_TM_ROS2/install/tm_models/share/tm_models/urdf/log/build_2021-04-20_09-21-56/logger_all.log
[0.357s] -- Up-to-date: /home/gy/Omron_TM_ROS2/install/tm_models/share/tm_models/urdf/log/COLCON_IGNORE
[0.358s] -- Up-to-date: /home/gy/Omron_TM_ROS2/install/tm_models/share/tm_models/urdf/log/build_2021-04-20_16-49-20
[0.358s] -- Up-to-date: /home/gy/Omron_TM_ROS2/install/tm_models/share/tm_models/urdf/log/build_2021-04-20_16-49-20/events.log
[0.358s] -- Up-to-date: /home/gy/Omron_TM_ROS2/install/tm_models/share/tm_models/urdf/log/build_2021-04-20_16-49-20/logger_all.log
[0.358s] -- Up-to-date: /home/gy/Omron_TM_ROS2/install/tm_models/share/tm_models/urdf/log/latest
[0.358s] -- Up-to-date: /home/gy/Omron_TM_ROS2/install/tm_models/share/tm_models/urdf/log/latest_build
[0.361s] -- Up-to-date: /home/gy/Omron_TM_ROS2/install/tm_models/share/tm_models/urdf/tm5_700_robot.urdf.xacro
[0.361s] -- Up-to-date: /home/gy/Omron_TM_ROS2/install/tm_models/share/tm_models/urdf/tm.transmission.xacro
[0.362s] -- Up-to-date: /home/gy/Omron_TM_ROS2/install/tm_models/share/tm_models/urdf/tm12.urdf.xacro
[0.362s] -- Up-to-date: /home/gy/Omron_TM_ROS2/install/tm_models/share/tm_models/urdf/common.gazebo.xacro
[0.367s] -- Up-to-date: /home/gy/Omron_TM_ROS2/install/tm_models/share/tm_models/urdf/tm5_900_simple.urdf
[0.367s] -- Up-to-date: /home/gy/Omron_TM_ROS2/install/tm_models/share/tm_models/urdf/tm5_700.urdf.xacro
[0.367s] -- Installing: /home/gy/Omron_TM_ROS2/install/tm_models/share/tm_models/urdf/tm12_robot.urdf.xacro
[0.368s] -- Up-to-date: /home/gy/Omron_TM_ROS2/install/tm_models/share/tm_models/urdf/install
[0.368s] -- Up-to-date: /home/gy/Omron_TM_ROS2/install/tm_models/share/tm_models/urdf/install/local_setup.bash
[0.368s] -- Up-to-date: /home/gy/Omron_TM_ROS2/install/tm_models/share/tm_models/urdf/install/setup.zsh
[0.369s] -- Up-to-date: /home/gy/Omron_TM_ROS2/install/tm_models/share/tm_models/urdf/install/setup.ps1
[0.369s] -- Up-to-date: /home/gy/Omron_TM_ROS2/install/tm_models/share/tm_models/urdf/install/.colcon_install_layout
[0.369s] -- Up-to-date: /home/gy/Omron_TM_ROS2/install/tm_models/share/tm_models/urdf/install/_local_setup_util_sh.py
[0.370s] -- Up-to-date: /home/gy/Omron_TM_ROS2/install/tm_models/share/tm_models/urdf/install/_local_setup_util_ps1.py
[0.372s] -- Up-to-date: /home/gy/Omron_TM_ROS2/install/tm_models/share/tm_models/urdf/install/local_setup.ps1
[0.372s] -- Up-to-date: /home/gy/Omron_TM_ROS2/install/tm_models/share/tm_models/urdf/install/local_setup.sh
[0.373s] -- Up-to-date: /home/gy/Omron_TM_ROS2/install/tm_models/share/tm_models/urdf/install/COLCON_IGNORE
[0.374s] -- Up-to-date: /home/gy/Omron_TM_ROS2/install/tm_models/share/tm_models/urdf/install/setup.sh
[0.374s] -- Up-to-date: /home/gy/Omron_TM_ROS2/install/tm_models/share/tm_models/urdf/install/setup.bash
[0.374s] -- Up-to-date: /home/gy/Omron_TM_ROS2/install/tm_models/share/tm_models/urdf/install/local_setup.zsh
[0.375s] -- Up-to-date: /home/gy/Omron_TM_ROS2/install/tm_models/share/tm_models/urdf/tm5_900.urdf.xacro
[0.375s] -- Up-to-date: /home/gy/Omron_TM_ROS2/install/tm_models/share/tm_models/urdf/tm.gazebo.xacro
[0.375s] -- Up-to-date: /home/gy/Omron_TM_ROS2/install/tm_models/share/tm_models/urdf/build
[0.375s] -- Up-to-date: /home/gy/Omron_TM_ROS2/install/tm_models/share/tm_models/urdf/build/.built_by
[0.375s] -- Up-to-date: /home/gy/Omron_TM_ROS2/install/tm_models/share/tm_models/urdf/build/COLCON_IGNORE
[0.376s] -- Installing: /home/gy/Omron_TM_ROS2/install/tm_models/share/tm_models/urdf/tm12.urdf
[0.376s] -- Up-to-date: /home/gy/Omron_TM_ROS2/install/tm_models/share/tm_models/urdf/tm5_900_robot.urdf.xacro
[0.376s] -- Up-to-date: /home/gy/Omron_TM_ROS2/install/tm_models/share/tm_models/meshes
[0.376s] -- Up-to-date: /home/gy/Omron_TM_ROS2/install/tm_models/share/tm_models/meshes/tm12_1300
[0.377s] -- Up-to-date: /home/gy/Omron_TM_ROS2/install/tm_models/share/tm_models/meshes/tm12_1300/visual
[0.377s] -- Up-to-date: /home/gy/Omron_TM_ROS2/install/tm_models/share/tm_models/meshes/tm12_1300/visual/tm12_arm2.obj
[0.379s] -- Up-to-date: /home/gy/Omron_TM_ROS2/install/tm_models/share/tm_models/meshes/tm12_1300/visual/tm12_base.stl
[0.379s] -- Up-to-date: /home/gy/Omron_TM_ROS2/install/tm_models/share/tm_models/meshes/tm12_1300/visual/tm_100w_02.mtl
[0.379s] -- Up-to-date: /home/gy/Omron_TM_ROS2/install/tm_models/share/tm_models/meshes/tm12_1300/visual/tm12_arm2.stl
[0.379s] -- Up-to-date: /home/gy/Omron_TM_ROS2/install/tm_models/share/tm_models/meshes/tm12_1300/visual/tm_100w_01.mtl
[0.379s] -- Up-to-date: /home/gy/Omron_TM_ROS2/install/tm_models/share/tm_models/meshes/tm12_1300/visual/tm_750w_01.stl
[0.379s] -- Up-to-date: /home/gy/Omron_TM_ROS2/install/tm_models/share/tm_models/meshes/tm12_1300/visual/tm_100w_02.stl
[0.380s] -- Up-to-date: /home/gy/Omron_TM_ROS2/install/tm_models/share/tm_models/meshes/tm12_1300/visual/tm12_arm1.mtl
[0.380s] -- Up-to-date: /home/gy/Omron_TM_ROS2/install/tm_models/share/tm_models/meshes/tm12_1300/visual/tm12_arm2.mtl
[0.380s] -- Up-to-date: /home/gy/Omron_TM_ROS2/install/tm_models/share/tm_models/meshes/tm12_1300/visual/tm_100w_01.obj
[0.380s] -- Up-to-date: /home/gy/Omron_TM_ROS2/install/tm_models/share/tm_models/meshes/tm12_1300/visual/tm_100w_02.obj
[0.380s] -- Up-to-date: /home/gy/Omron_TM_ROS2/install/tm_models/share/tm_models/meshes/tm12_1300/visual/tm_ee.stl
[0.380s] -- Up-to-date: /home/gy/Omron_TM_ROS2/install/tm_models/share/tm_models/meshes/tm12_1300/visual/tm_750w_01.obj
[0.380s] -- Up-to-date: /home/gy/Omron_TM_ROS2/install/tm_models/share/tm_models/meshes/tm12_1300/visual/tm_ee.mtl
[0.380s] -- Up-to-date: /home/gy/Omron_TM_ROS2/install/tm_models/share/tm_models/meshes/tm12_1300/visual/tm_750w_01.mtl
[0.381s] -- Up-to-date: /home/gy/Omron_TM_ROS2/install/tm_models/share/tm_models/meshes/tm12_1300/visual/tm_100w_01.stl
[0.381s] -- Up-to-date: /home/gy/Omron_TM_ROS2/install/tm_models/share/tm_models/meshes/tm12_1300/visual/tm12_base.obj
[0.381s] -- Up-to-date: /home/gy/Omron_TM_ROS2/install/tm_models/share/tm_models/meshes/tm12_1300/visual/tm_ee.obj
[0.381s] -- Up-to-date: /home/gy/Omron_TM_ROS2/install/tm_models/share/tm_models/meshes/tm12_1300/visual/tm12_base.mtl
[0.381s] -- Up-to-date: /home/gy/Omron_TM_ROS2/install/tm_models/share/tm_models/meshes/tm12_1300/visual/tm12_arm1.stl
[0.381s] -- Up-to-date: /home/gy/Omron_TM_ROS2/install/tm_models/share/tm_models/meshes/tm12_1300/visual/tm12_arm1.obj
[0.381s] -- Up-to-date: /home/gy/Omron_TM_ROS2/install/tm_models/share/tm_models/meshes/tm12_1300/collision
[0.382s] -- Up-to-date: /home/gy/Omron_TM_ROS2/install/tm_models/share/tm_models/meshes/tm12_1300/collision/tm_100w_02_c.STL
[0.382s] -- Up-to-date: /home/gy/Omron_TM_ROS2/install/tm_models/share/tm_models/meshes/tm12_1300/collision/tm_400w_01_c.STL
[0.382s] -- Up-to-date: /home/gy/Omron_TM_ROS2/install/tm_models/share/tm_models/meshes/tm12_1300/collision/tm12_arm1_c.STL
[0.382s] -- Up-to-date: /home/gy/Omron_TM_ROS2/install/tm_models/share/tm_models/meshes/tm12_1300/collision/tm_100w_02_c.stl
[0.382s] -- Up-to-date: /home/gy/Omron_TM_ROS2/install/tm_models/share/tm_models/meshes/tm12_1300/collision/tm_750w_01_c.STL
[0.382s] -- Up-to-date: /home/gy/Omron_TM_ROS2/install/tm_models/share/tm_models/meshes/tm12_1300/collision/tm_100w_01_c.STL
[0.382s] -- Up-to-date: /home/gy/Omron_TM_ROS2/install/tm_models/share/tm_models/meshes/tm12_1300/collision/tm_ee_c.stl
[0.382s] -- Up-to-date: /home/gy/Omron_TM_ROS2/install/tm_models/share/tm_models/meshes/tm12_1300/collision/tm12_arm2_c.STL
[0.383s] -- Up-to-date: /home/gy/Omron_TM_ROS2/install/tm_models/share/tm_models/meshes/tm12_1300/collision/tm12_base_c.STL
[0.383s] -- Up-to-date: /home/gy/Omron_TM_ROS2/install/tm_models/share/tm_models/meshes/tm5_700
[0.383s] -- Up-to-date: /home/gy/Omron_TM_ROS2/install/tm_models/share/tm_models/meshes/tm5_700/visual
[0.383s] -- Up-to-date: /home/gy/Omron_TM_ROS2/install/tm_models/share/tm_models/meshes/tm5_700/visual/tm5_700_arm1.obj
[0.399s] -- Up-to-date: /home/gy/Omron_TM_ROS2/install/tm_models/share/tm_models/meshes/tm5_700/visual/tm5_700_arm1.mtl
[0.399s] -- Up-to-date: /home/gy/Omron_TM_ROS2/install/tm_models/share/tm_models/meshes/tm5_700/visual/tm5_700_arm2.obj
[0.399s] -- Up-to-date: /home/gy/Omron_TM_ROS2/install/tm_models/share/tm_models/meshes/tm5_700/visual/tm5_700_arm2.mtl
[0.400s] -- Up-to-date: /home/gy/Omron_TM_ROS2/install/tm_models/share/tm_models/meshes/tm5_700/visual/tm5_700_arm1.stl
[0.400s] -- Up-to-date: /home/gy/Omron_TM_ROS2/install/tm_models/share/tm_models/meshes/tm5_700/visual/tm5_700_arm2.stl
[0.400s] -- Up-to-date: /home/gy/Omron_TM_ROS2/install/tm_models/share/tm_models/meshes/tm5_700/collision
[0.400s] -- Up-to-date: /home/gy/Omron_TM_ROS2/install/tm_models/share/tm_models/meshes/tm5_700/collision/tm5_700_arm1_c.STL
[0.400s] -- Up-to-date: /home/gy/Omron_TM_ROS2/install/tm_models/share/tm_models/meshes/tm5_700/collision/tm5_700_arm2_c.STL
[0.400s] -- Up-to-date: /home/gy/Omron_TM_ROS2/install/tm_models/share/tm_models/meshes/tm5_900
[0.400s] -- Up-to-date: /home/gy/Omron_TM_ROS2/install/tm_models/share/tm_models/meshes/tm5_900/visual
[0.401s] -- Up-to-date: /home/gy/Omron_TM_ROS2/install/tm_models/share/tm_models/meshes/tm5_900/visual/tm5_900_arm1.obj
[0.401s] -- Up-to-date: /home/gy/Omron_TM_ROS2/install/tm_models/share/tm_models/meshes/tm5_900/visual/tm_100w_02.mtl
[0.401s] -- Up-to-date: /home/gy/Omron_TM_ROS2/install/tm_models/share/tm_models/meshes/tm5_900/visual/tm5_base.obj
[0.401s] -- Up-to-date: /home/gy/Omron_TM_ROS2/install/tm_models/share/tm_models/meshes/tm5_900/visual/tm_100w_01.mtl
[0.401s] -- Up-to-date: /home/gy/Omron_TM_ROS2/install/tm_models/share/tm_models/meshes/tm5_900/visual/tm_100w_02.stl
[0.401s] -- Up-to-date: /home/gy/Omron_TM_ROS2/install/tm_models/share/tm_models/meshes/tm5_900/visual/tm5_900_arm1.mtl
[0.401s] -- Up-to-date: /home/gy/Omron_TM_ROS2/install/tm_models/share/tm_models/meshes/tm5_900/visual/tm5_900_arm2.obj
[0.401s] -- Up-to-date: /home/gy/Omron_TM_ROS2/install/tm_models/share/tm_models/meshes/tm5_900/visual/tm5_900_arm2.stl
[0.402s] -- Up-to-date: /home/gy/Omron_TM_ROS2/install/tm_models/share/tm_models/meshes/tm5_900/visual/tm_100w_01.obj
[0.402s] -- Up-to-date: /home/gy/Omron_TM_ROS2/install/tm_models/share/tm_models/meshes/tm5_900/visual/tm5_base.mtl
[0.402s] -- Up-to-date: /home/gy/Omron_TM_ROS2/install/tm_models/share/tm_models/meshes/tm5_900/visual/tm5_base.stl
[0.402s] -- Up-to-date: /home/gy/Omron_TM_ROS2/install/tm_models/share/tm_models/meshes/tm5_900/visual/tm5_900_arm1.stl
[0.402s] -- Up-to-date: /home/gy/Omron_TM_ROS2/install/tm_models/share/tm_models/meshes/tm5_900/visual/tm_100w_02.obj
[0.402s] -- Up-to-date: /home/gy/Omron_TM_ROS2/install/tm_models/share/tm_models/meshes/tm5_900/visual/tm_ee.stl
[0.402s] -- Up-to-date: /home/gy/Omron_TM_ROS2/install/tm_models/share/tm_models/meshes/tm5_900/visual/tm_400w_01.stl
[0.403s] -- Up-to-date: /home/gy/Omron_TM_ROS2/install/tm_models/share/tm_models/meshes/tm5_900/visual/tm_400w_01.obj
[0.403s] -- Up-to-date: /home/gy/Omron_TM_ROS2/install/tm_models/share/tm_models/meshes/tm5_900/visual/tm_400w_01.mtl
[0.403s] -- Up-to-date: /home/gy/Omron_TM_ROS2/install/tm_models/share/tm_models/meshes/tm5_900/visual/tm_ee.mtl
[0.403s] -- Up-to-date: /home/gy/Omron_TM_ROS2/install/tm_models/share/tm_models/meshes/tm5_900/visual/tm_100w_01.stl
[0.408s] -- Up-to-date: /home/gy/Omron_TM_ROS2/install/tm_models/share/tm_models/meshes/tm5_900/visual/tm_ee.obj
[0.408s] -- Up-to-date: /home/gy/Omron_TM_ROS2/install/tm_models/share/tm_models/meshes/tm5_900/visual/tm5_900_arm2.mtl
[0.408s] -- Up-to-date: /home/gy/Omron_TM_ROS2/install/tm_models/share/tm_models/meshes/tm5_900/collision
[0.408s] -- Up-to-date: /home/gy/Omron_TM_ROS2/install/tm_models/share/tm_models/meshes/tm5_900/collision/tm_100w_02_c.STL
[0.408s] -- Up-to-date: /home/gy/Omron_TM_ROS2/install/tm_models/share/tm_models/meshes/tm5_900/collision/tm_400w_01_c.STL
[0.408s] -- Up-to-date: /home/gy/Omron_TM_ROS2/install/tm_models/share/tm_models/meshes/tm5_900/collision/tm_100w_02_c.stl
[0.408s] -- Up-to-date: /home/gy/Omron_TM_ROS2/install/tm_models/share/tm_models/meshes/tm5_900/collision/tm_100w_01_c.STL
[0.409s] -- Up-to-date: /home/gy/Omron_TM_ROS2/install/tm_models/share/tm_models/meshes/tm5_900/collision/tm5_900_arm2_c.STL
[0.409s] -- Up-to-date: /home/gy/Omron_TM_ROS2/install/tm_models/share/tm_models/meshes/tm5_900/collision/tm_ee_c.stl
[0.409s] -- Up-to-date: /home/gy/Omron_TM_ROS2/install/tm_models/share/tm_models/meshes/tm5_900/collision/tm5_900_arm1_c.STL
[0.409s] -- Up-to-date: /home/gy/Omron_TM_ROS2/install/tm_models/share/tm_models/meshes/tm5_900/collision/tm5_base_c.STL
[0.409s] Invoked command in '/home/gy/Omron_TM_ROS2/build/tm_models' returned '0': CMAKE_PREFIX_PATH=/home/gy/Omron_TM_ROS2/install/tmr_mod_urdf:/home/gy/Omron_TM_ROS2/install/tm_get_status:/home/gy/Omron_TM_ROS2/install/rviz_tm:/home/gy/Omron_TM_ROS2/install/pickplace:/opt/ros/foxy:${CMAKE_PREFIX_PATH} /usr/bin/cmake --install /home/gy/Omron_TM_ROS2/build/tm_models
