running egg_info
creating ../build/rviz_tm/rviz_tm.egg-info
writing ../build/rviz_tm/rviz_tm.egg-info/PKG-INFO
writing dependency_links to ../build/rviz_tm/rviz_tm.egg-info/dependency_links.txt
writing entry points to ../build/rviz_tm/rviz_tm.egg-info/entry_points.txt
writing requirements to ../build/rviz_tm/rviz_tm.egg-info/requires.txt
writing top-level names to ../build/rviz_tm/rviz_tm.egg-info/top_level.txt
writing manifest file '../build/rviz_tm/rviz_tm.egg-info/SOURCES.txt'
reading manifest file '../build/rviz_tm/rviz_tm.egg-info/SOURCES.txt'
writing manifest file '../build/rviz_tm/rviz_tm.egg-info/SOURCES.txt'
running build
running build_py
creating /home/omron/Omron_TM_ROS2/build/rviz_tm/build
creating /home/omron/Omron_TM_ROS2/build/rviz_tm/build/lib
creating /home/omron/Omron_TM_ROS2/build/rviz_tm/build/lib/rviz_tm
copying rviz_tm/__init__.py -> /home/omron/Omron_TM_ROS2/build/rviz_tm/build/lib/rviz_tm
running install
running install_lib
creating /home/omron/Omron_TM_ROS2/install/rviz_tm/lib/python3.8/site-packages/rviz_tm
copying /home/omron/Omron_TM_ROS2/build/rviz_tm/build/lib/rviz_tm/__init__.py -> /home/omron/Omron_TM_ROS2/install/rviz_tm/lib/python3.8/site-packages/rviz_tm
byte-compiling /home/omron/Omron_TM_ROS2/install/rviz_tm/lib/python3.8/site-packages/rviz_tm/__init__.py to __init__.cpython-38.pyc
running install_data
creating /home/omron/Omron_TM_ROS2/install/rviz_tm/share/ament_index
creating /home/omron/Omron_TM_ROS2/install/rviz_tm/share/ament_index/resource_index
creating /home/omron/Omron_TM_ROS2/install/rviz_tm/share/ament_index/resource_index/packages
copying resource/rviz_tm -> /home/omron/Omron_TM_ROS2/install/rviz_tm/share/ament_index/resource_index/packages
copying package.xml -> /home/omron/Omron_TM_ROS2/install/rviz_tm/share/rviz_tm
copying launch/rviz_tm.launch.py -> /home/omron/Omron_TM_ROS2/install/rviz_tm/share/rviz_tm
copying urdf/tm5-900.urdf -> /home/omron/Omron_TM_ROS2/install/rviz_tm/share/rviz_tm
copying urdf/rviz_tm.rviz -> /home/omron/Omron_TM_ROS2/install/rviz_tm/share/rviz_tm
running install_egg_info
Copying ../build/rviz_tm/rviz_tm.egg-info to /home/omron/Omron_TM_ROS2/install/rviz_tm/lib/python3.8/site-packages/rviz_tm-0.0.0-py3.8.egg-info
running install_scripts
writing list of installed files to '/home/omron/Omron_TM_ROS2/build/rviz_tm/install.log'
