[0.604s] Invoking command in '/home/gy/Omron_TM_ROS2/pickplace': PYTHONPATH=/home/gy/Omron_TM_ROS2/install/pickplace/lib/python3.8/site-packages:${PYTHONPATH} /usr/bin/python3 setup.py egg_info --egg-base ../build/pickplace build --build-base /home/gy/Omron_TM_ROS2/build/pickplace/build install --prefix /home/gy/Omron_TM_ROS2/install/pickplace --record /home/gy/Omron_TM_ROS2/build/pickplace/install.log --single-version-externally-managed
[1.157s] running egg_info
[1.159s] writing ../build/pickplace/pickplace.egg-info/PKG-INFO
[1.160s] writing dependency_links to ../build/pickplace/pickplace.egg-info/dependency_links.txt
[1.161s] writing entry points to ../build/pickplace/pickplace.egg-info/entry_points.txt
[1.162s] writing requirements to ../build/pickplace/pickplace.egg-info/requires.txt
[1.163s] writing top-level names to ../build/pickplace/pickplace.egg-info/top_level.txt
[1.246s] reading manifest file '../build/pickplace/pickplace.egg-info/SOURCES.txt'
[1.249s] writing manifest file '../build/pickplace/pickplace.egg-info/SOURCES.txt'
[1.249s] running build
[1.250s] running build_py
[1.251s] running install
[1.253s] running install_lib
[1.257s] running install_data
[1.259s] running install_egg_info
[1.264s] removing '/home/gy/Omron_TM_ROS2/install/pickplace/lib/python3.8/site-packages/pickplace-0.0.0-py3.8.egg-info' (and everything under it)
[1.265s] Copying ../build/pickplace/pickplace.egg-info to /home/gy/Omron_TM_ROS2/install/pickplace/lib/python3.8/site-packages/pickplace-0.0.0-py3.8.egg-info
[1.267s] running install_scripts
[1.301s] Installing initialise script to /home/gy/Omron_TM_ROS2/install/pickplace/lib/pickplace
[1.303s] Installing pickplace script to /home/gy/Omron_TM_ROS2/install/pickplace/lib/pickplace
[1.304s] writing list of installed files to '/home/gy/Omron_TM_ROS2/build/pickplace/install.log'
[1.345s] Invoked command in '/home/gy/Omron_TM_ROS2/pickplace' returned '0': PYTHONPATH=/home/gy/Omron_TM_ROS2/install/pickplace/lib/python3.8/site-packages:${PYTHONPATH} /usr/bin/python3 setup.py egg_info --egg-base ../build/pickplace build --build-base /home/gy/Omron_TM_ROS2/build/pickplace/build install --prefix /home/gy/Omron_TM_ROS2/install/pickplace --record /home/gy/Omron_TM_ROS2/build/pickplace/install.log --single-version-externally-managed
