[0.048s] Invoking command in '/home/gy/Omron_TM_ROS2/build/demo': CMAKE_PREFIX_PATH=/home/gy/Omron_TM_ROS2/install/tm_msgs:/home/gy/Omron_TM_ROS2/install/ui_for_debug_and_demo:/home/gy/Omron_TM_ROS2/install/tmr_driver:/home/gy/Omron_TM_ROS2/install/tmrlib:/home/gy/Omron_TM_ROS2/install/tmr_msgs:/home/gy/Omron_TM_ROS2/install/tmr_moveit_cpp_demo:/home/gy/Omron_TM_ROS2/install/tmr_moveit_config_tm5-900:/home/gy/Omron_TM_ROS2/install/tmr_description:/home/gy/Omron_TM_ROS2/install/tm_driver:/home/gy/Omron_TM_ROS2/install/demo:/home/gy/Omron_TM_ROS2/install/tm_models:/home/gy/Omron_TM_ROS2/install/custom_package:/home/gy/Omron_TM_ROS2/install/techman_robot_msgs:/home/gy/Omron_TM_ROS2/install/tmr_mod_urdf:/home/gy/Omron_TM_ROS2/install/tm_get_status:/home/gy/Omron_TM_ROS2/install/rviz_tm:/home/gy/Omron_TM_ROS2/install/pickplace:/opt/ros/foxy LD_LIBRARY_PATH=/home/gy/Omron_TM_ROS2/install/tm_msgs/lib:/home/gy/Omron_TM_ROS2/install/tmrlib/lib:/home/gy/Omron_TM_ROS2/install/tmr_msgs/lib:/home/gy/Omron_TM_ROS2/install/techman_robot_msgs/lib:/opt/ros/foxy/opt/yaml_cpp_vendor/lib:/opt/ros/foxy/opt/rviz_ogre_vendor/lib:/opt/ros/foxy/lib/x86_64-linux-gnu:/opt/ros/foxy/lib PYTHONPATH=/home/gy/Omron_TM_ROS2/install/tm_msgs/lib/python3.8/site-packages:/home/gy/Omron_TM_ROS2/install/tmr_msgs/lib/python3.8/site-packages:/home/gy/Omron_TM_ROS2/install/tmr_mod_urdf/lib/python3.8/site-packages:/home/gy/Omron_TM_ROS2/install/tm_get_status/lib/python3.8/site-packages:/home/gy/Omron_TM_ROS2/install/techman_robot_msgs/lib/python3.8/site-packages:/home/gy/Omron_TM_ROS2/install/rviz_tm/lib/python3.8/site-packages:/home/gy/Omron_TM_ROS2/install/pickplace/lib/python3.8/site-packages:/opt/ros/foxy/lib/python3.8/site-packages /usr/bin/cmake /home/gy/Omron_TM_ROS2/demo -DCMAKE_INSTALL_PREFIX=/home/gy/Omron_TM_ROS2/install/demo
[0.325s] -- The C compiler identification is GNU 9.3.0
[0.505s] -- The CXX compiler identification is GNU 9.3.0
[0.528s] -- Check for working C compiler: /usr/bin/cc
[0.745s] -- Check for working C compiler: /usr/bin/cc -- works
[0.745s] -- Detecting C compiler ABI info
[1.073s] -- Detecting C compiler ABI info - done
[1.137s] -- Detecting C compile features
[1.137s] -- Detecting C compile features - done
[1.153s] -- Check for working CXX compiler: /usr/bin/c++
[1.472s] -- Check for working CXX compiler: /usr/bin/c++ -- works
[1.475s] -- Detecting CXX compiler ABI info
[1.672s] -- Detecting CXX compiler ABI info - done
[1.733s] -- Detecting CXX compile features
[1.733s] -- Detecting CXX compile features - done
[1.747s] -- Found ament_cmake: 0.9.8 (/opt/ros/foxy/share/ament_cmake/cmake)
[1.832s] -- Found PythonInterp: /usr/bin/python3 (found suitable version "3.8.5", minimum required is "3") 
[1.832s] -- Using PYTHON_EXECUTABLE: /usr/bin/python3
[2.538s] -- Found rclcpp: 2.3.1 (/opt/ros/foxy/share/rclcpp/cmake)
[2.685s] -- Using all available rosidl_typesupport_c: rosidl_typesupport_fastrtps_c;rosidl_typesupport_introspection_c
[2.718s] -- Found rosidl_adapter: 1.2.1 (/opt/ros/foxy/share/rosidl_adapter/cmake)
[2.990s] -- Found OpenSSL: /usr/lib/x86_64-linux-gnu/libcrypto.so (found version "1.1.1f")  
[3.152s] -- Found FastRTPS: /opt/ros/foxy/include  
[3.425s] -- Using all available rosidl_typesupport_cpp: rosidl_typesupport_fastrtps_cpp;rosidl_typesupport_introspection_cpp
[3.665s] -- Found rmw_implementation_cmake: 1.0.3 (/opt/ros/foxy/share/rmw_implementation_cmake/cmake)
[3.677s] -- Using RMW implementation 'rmw_fastrtps_cpp' as default
[3.678s] -- Looking for pthread.h
[3.865s] -- Looking for pthread.h - found
[3.865s] -- Performing Test CMAKE_HAVE_LIBC_PTHREAD
[4.221s] -- Performing Test CMAKE_HAVE_LIBC_PTHREAD - Failed
[4.221s] -- Looking for pthread_create in pthreads
[4.381s] -- Looking for pthread_create in pthreads - not found
[4.381s] -- Looking for pthread_create in pthread
[4.571s] -- Looking for pthread_create in pthread - found
[4.572s] -- Found Threads: TRUE  
[5.065s] -- Found sensor_msgs: 2.0.4 (/opt/ros/foxy/share/sensor_msgs/cmake)
[5.421s] -- Found tm_msgs: 1.0.0 (/home/gy/Omron_TM_ROS2/install/tm_msgs/share/tm_msgs/cmake)
[5.533s] -- Found ament_lint_auto: 0.9.6 (/opt/ros/foxy/share/ament_lint_auto/cmake)
[5.826s] -- Added test 'copyright' to check source files copyright and LICENSE
[5.826s] -- Added test 'cppcheck' to perform static code analysis on C / C++ code
[5.829s] -- Configured cppcheck include dirs: /home/gy/Omron_TM_ROS2/demo/include
[5.829s] -- Configured cppcheck exclude dirs and/or files: 
[5.829s] -- Added test 'cpplint' to check C / C++ code against the Google style
[5.829s] -- Configured cpplint exclude dirs and/or files: 
[5.836s] -- Added test 'lint_cmake' to check CMake code style
[5.836s] -- Added test 'uncrustify' to check C / C++ code style
[5.836s] -- Configured uncrustify additional arguments: 
[5.836s] -- Added test 'xmllint' to check XML markup files
[5.849s] -- Configuring done
[6.040s] -- Generating done
[6.045s] -- Build files have been written to: /home/gy/Omron_TM_ROS2/build/demo
[6.121s] Invoked command in '/home/gy/Omron_TM_ROS2/build/demo' returned '0': CMAKE_PREFIX_PATH=/home/gy/Omron_TM_ROS2/install/tm_msgs:/home/gy/Omron_TM_ROS2/install/ui_for_debug_and_demo:/home/gy/Omron_TM_ROS2/install/tmr_driver:/home/gy/Omron_TM_ROS2/install/tmrlib:/home/gy/Omron_TM_ROS2/install/tmr_msgs:/home/gy/Omron_TM_ROS2/install/tmr_moveit_cpp_demo:/home/gy/Omron_TM_ROS2/install/tmr_moveit_config_tm5-900:/home/gy/Omron_TM_ROS2/install/tmr_description:/home/gy/Omron_TM_ROS2/install/tm_driver:/home/gy/Omron_TM_ROS2/install/demo:/home/gy/Omron_TM_ROS2/install/tm_models:/home/gy/Omron_TM_ROS2/install/custom_package:/home/gy/Omron_TM_ROS2/install/techman_robot_msgs:/home/gy/Omron_TM_ROS2/install/tmr_mod_urdf:/home/gy/Omron_TM_ROS2/install/tm_get_status:/home/gy/Omron_TM_ROS2/install/rviz_tm:/home/gy/Omron_TM_ROS2/install/pickplace:/opt/ros/foxy LD_LIBRARY_PATH=/home/gy/Omron_TM_ROS2/install/tm_msgs/lib:/home/gy/Omron_TM_ROS2/install/tmrlib/lib:/home/gy/Omron_TM_ROS2/install/tmr_msgs/lib:/home/gy/Omron_TM_ROS2/install/techman_robot_msgs/lib:/opt/ros/foxy/opt/yaml_cpp_vendor/lib:/opt/ros/foxy/opt/rviz_ogre_vendor/lib:/opt/ros/foxy/lib/x86_64-linux-gnu:/opt/ros/foxy/lib PYTHONPATH=/home/gy/Omron_TM_ROS2/install/tm_msgs/lib/python3.8/site-packages:/home/gy/Omron_TM_ROS2/install/tmr_msgs/lib/python3.8/site-packages:/home/gy/Omron_TM_ROS2/install/tmr_mod_urdf/lib/python3.8/site-packages:/home/gy/Omron_TM_ROS2/install/tm_get_status/lib/python3.8/site-packages:/home/gy/Omron_TM_ROS2/install/techman_robot_msgs/lib/python3.8/site-packages:/home/gy/Omron_TM_ROS2/install/rviz_tm/lib/python3.8/site-packages:/home/gy/Omron_TM_ROS2/install/pickplace/lib/python3.8/site-packages:/opt/ros/foxy/lib/python3.8/site-packages /usr/bin/cmake /home/gy/Omron_TM_ROS2/demo -DCMAKE_INSTALL_PREFIX=/home/gy/Omron_TM_ROS2/install/demo
[6.122s] Invoking command in '/home/gy/Omron_TM_ROS2/build/demo': CMAKE_PREFIX_PATH=/home/gy/Omron_TM_ROS2/install/tm_msgs:/home/gy/Omron_TM_ROS2/install/ui_for_debug_and_demo:/home/gy/Omron_TM_ROS2/install/tmr_driver:/home/gy/Omron_TM_ROS2/install/tmrlib:/home/gy/Omron_TM_ROS2/install/tmr_msgs:/home/gy/Omron_TM_ROS2/install/tmr_moveit_cpp_demo:/home/gy/Omron_TM_ROS2/install/tmr_moveit_config_tm5-900:/home/gy/Omron_TM_ROS2/install/tmr_description:/home/gy/Omron_TM_ROS2/install/tm_driver:/home/gy/Omron_TM_ROS2/install/demo:/home/gy/Omron_TM_ROS2/install/tm_models:/home/gy/Omron_TM_ROS2/install/custom_package:/home/gy/Omron_TM_ROS2/install/techman_robot_msgs:/home/gy/Omron_TM_ROS2/install/tmr_mod_urdf:/home/gy/Omron_TM_ROS2/install/tm_get_status:/home/gy/Omron_TM_ROS2/install/rviz_tm:/home/gy/Omron_TM_ROS2/install/pickplace:/opt/ros/foxy LD_LIBRARY_PATH=/home/gy/Omron_TM_ROS2/install/tm_msgs/lib:/home/gy/Omron_TM_ROS2/install/tmrlib/lib:/home/gy/Omron_TM_ROS2/install/tmr_msgs/lib:/home/gy/Omron_TM_ROS2/install/techman_robot_msgs/lib:/opt/ros/foxy/opt/yaml_cpp_vendor/lib:/opt/ros/foxy/opt/rviz_ogre_vendor/lib:/opt/ros/foxy/lib/x86_64-linux-gnu:/opt/ros/foxy/lib PYTHONPATH=/home/gy/Omron_TM_ROS2/install/tm_msgs/lib/python3.8/site-packages:/home/gy/Omron_TM_ROS2/install/tmr_msgs/lib/python3.8/site-packages:/home/gy/Omron_TM_ROS2/install/tmr_mod_urdf/lib/python3.8/site-packages:/home/gy/Omron_TM_ROS2/install/tm_get_status/lib/python3.8/site-packages:/home/gy/Omron_TM_ROS2/install/techman_robot_msgs/lib/python3.8/site-packages:/home/gy/Omron_TM_ROS2/install/rviz_tm/lib/python3.8/site-packages:/home/gy/Omron_TM_ROS2/install/pickplace/lib/python3.8/site-packages:/opt/ros/foxy/lib/python3.8/site-packages /usr/bin/cmake --build /home/gy/Omron_TM_ROS2/build/demo -- -j3 -l3
[6.268s] [35m[1mScanning dependencies of target demo_get_svr_response[0m
[6.411s] [  3%] [32mBuilding CXX object CMakeFiles/demo_get_svr_response.dir/get_status_demo_src/demo_get_svr_response.cpp.o[0m
[20.550s] [  7%] [32m[1mLinking CXX executable demo_get_svr_response[0m
[21.427s] [  7%] Built target demo_get_svr_response
[21.521s] [35m[1mScanning dependencies of target demo_set_positions[0m
[21.692s] [ 11%] [32mBuilding CXX object CMakeFiles/demo_set_positions.dir/src/demo_set_positions.cpp.o[0m
[28.420s] [ 15%] [32m[1mLinking CXX executable demo_set_positions[0m
[28.966s] [ 15%] Built target demo_set_positions
[29.004s] [35m[1mScanning dependencies of target demo_get_sta_response[0m
[29.172s] [ 19%] [32mBuilding CXX object CMakeFiles/demo_get_sta_response.dir/get_status_demo_src/demo_get_sta_response.cpp.o[0m
[43.801s] [ 23%] [32m[1mLinking CXX executable demo_get_sta_response[0m
[44.585s] [ 23%] Built target demo_get_sta_response
[44.629s] [35m[1mScanning dependencies of target demo_set_io[0m
[44.767s] [ 26%] [32mBuilding CXX object CMakeFiles/demo_set_io.dir/src/demo_set_io.cpp.o[0m
[52.530s] [ 30%] [32m[1mLinking CXX executable demo_set_io[0m
[52.985s] [ 30%] Built target demo_set_io
[53.031s] [35m[1mScanning dependencies of target demo_send_script[0m
[53.189s] [ 34%] [32mBuilding CXX object CMakeFiles/demo_send_script.dir/src/demo_send_script.cpp.o[0m
[59.970s] [ 38%] [32m[1mLinking CXX executable demo_send_script[0m
[60.520s] [ 38%] Built target demo_send_script
[60.575s] [35m[1mScanning dependencies of target demo_ask_sta[0m
[60.735s] [ 42%] [32mBuilding CXX object CMakeFiles/demo_ask_sta.dir/src/demo_ask_sta.cpp.o[0m
[66.712s] [ 46%] [32m[1mLinking CXX executable demo_ask_sta[0m
[67.038s] [ 46%] Built target demo_ask_sta
[67.055s] [35m[1mScanning dependencies of target demo_get_sct_response[0m
[67.166s] [ 50%] [32mBuilding CXX object CMakeFiles/demo_get_sct_response.dir/get_status_demo_src/demo_get_sct_response.cpp.o[0m
[75.934s] [ 53%] [32m[1mLinking CXX executable demo_get_sct_response[0m
[76.447s] [ 53%] Built target demo_get_sct_response
[76.463s] [35m[1mScanning dependencies of target demo_set_event[0m
[76.552s] [ 57%] [32mBuilding CXX object CMakeFiles/demo_set_event.dir/src/demo_set_event.cpp.o[0m
[81.076s] [ 61%] [32m[1mLinking CXX executable demo_set_event[0m
[81.395s] [ 61%] Built target demo_set_event
[81.434s] [35m[1mScanning dependencies of target demo_connect_tm[0m
[81.583s] [ 65%] [32mBuilding CXX object CMakeFiles/demo_connect_tm.dir/src/demo_connect_tm.cpp.o[0m
[86.416s] [ 69%] [32m[1mLinking CXX executable demo_connect_tm[0m
[86.676s] [ 69%] Built target demo_connect_tm
[86.718s] [35m[1mScanning dependencies of target demo_get_feedback[0m
[86.851s] [ 73%] [32mBuilding CXX object CMakeFiles/demo_get_feedback.dir/get_status_demo_src/demo_get_feedback.cpp.o[0m
[96.886s] [ 76%] [32m[1mLinking CXX executable demo_get_feedback[0m
[97.658s] [ 76%] Built target demo_get_feedback
[97.693s] [35m[1mScanning dependencies of target demo_leave_listen_node[0m
[97.791s] [ 80%] [32mBuilding CXX object CMakeFiles/demo_leave_listen_node.dir/src/demo_leave_listen_node.cpp.o[0m
[102.796s] [ 84%] [32m[1mLinking CXX executable demo_leave_listen_node[0m
[103.096s] [ 84%] Built target demo_leave_listen_node
[103.122s] [35m[1mScanning dependencies of target demo_write_item[0m
[103.207s] [ 88%] [32mBuilding CXX object CMakeFiles/demo_write_item.dir/src/demo_write_item.cpp.o[0m
[107.961s] [ 92%] [32m[1mLinking CXX executable demo_write_item[0m
[108.296s] [ 92%] Built target demo_write_item
[108.327s] [35m[1mScanning dependencies of target demo_ask_item[0m
[108.455s] [ 96%] [32mBuilding CXX object CMakeFiles/demo_ask_item.dir/src/demo_ask_item.cpp.o[0m
[113.763s] [100%] [32m[1mLinking CXX executable demo_ask_item[0m
[114.099s] [100%] Built target demo_ask_item
[114.126s] Invoked command in '/home/gy/Omron_TM_ROS2/build/demo' returned '0': CMAKE_PREFIX_PATH=/home/gy/Omron_TM_ROS2/install/tm_msgs:/home/gy/Omron_TM_ROS2/install/ui_for_debug_and_demo:/home/gy/Omron_TM_ROS2/install/tmr_driver:/home/gy/Omron_TM_ROS2/install/tmrlib:/home/gy/Omron_TM_ROS2/install/tmr_msgs:/home/gy/Omron_TM_ROS2/install/tmr_moveit_cpp_demo:/home/gy/Omron_TM_ROS2/install/tmr_moveit_config_tm5-900:/home/gy/Omron_TM_ROS2/install/tmr_description:/home/gy/Omron_TM_ROS2/install/tm_driver:/home/gy/Omron_TM_ROS2/install/demo:/home/gy/Omron_TM_ROS2/install/tm_models:/home/gy/Omron_TM_ROS2/install/custom_package:/home/gy/Omron_TM_ROS2/install/techman_robot_msgs:/home/gy/Omron_TM_ROS2/install/tmr_mod_urdf:/home/gy/Omron_TM_ROS2/install/tm_get_status:/home/gy/Omron_TM_ROS2/install/rviz_tm:/home/gy/Omron_TM_ROS2/install/pickplace:/opt/ros/foxy LD_LIBRARY_PATH=/home/gy/Omron_TM_ROS2/install/tm_msgs/lib:/home/gy/Omron_TM_ROS2/install/tmrlib/lib:/home/gy/Omron_TM_ROS2/install/tmr_msgs/lib:/home/gy/Omron_TM_ROS2/install/techman_robot_msgs/lib:/opt/ros/foxy/opt/yaml_cpp_vendor/lib:/opt/ros/foxy/opt/rviz_ogre_vendor/lib:/opt/ros/foxy/lib/x86_64-linux-gnu:/opt/ros/foxy/lib PYTHONPATH=/home/gy/Omron_TM_ROS2/install/tm_msgs/lib/python3.8/site-packages:/home/gy/Omron_TM_ROS2/install/tmr_msgs/lib/python3.8/site-packages:/home/gy/Omron_TM_ROS2/install/tmr_mod_urdf/lib/python3.8/site-packages:/home/gy/Omron_TM_ROS2/install/tm_get_status/lib/python3.8/site-packages:/home/gy/Omron_TM_ROS2/install/techman_robot_msgs/lib/python3.8/site-packages:/home/gy/Omron_TM_ROS2/install/rviz_tm/lib/python3.8/site-packages:/home/gy/Omron_TM_ROS2/install/pickplace/lib/python3.8/site-packages:/opt/ros/foxy/lib/python3.8/site-packages /usr/bin/cmake --build /home/gy/Omron_TM_ROS2/build/demo -- -j3 -l3
[114.358s] Invoking command in '/home/gy/Omron_TM_ROS2/build/demo': CMAKE_PREFIX_PATH=/home/gy/Omron_TM_ROS2/install/tm_msgs:/home/gy/Omron_TM_ROS2/install/ui_for_debug_and_demo:/home/gy/Omron_TM_ROS2/install/tmr_driver:/home/gy/Omron_TM_ROS2/install/tmrlib:/home/gy/Omron_TM_ROS2/install/tmr_msgs:/home/gy/Omron_TM_ROS2/install/tmr_moveit_cpp_demo:/home/gy/Omron_TM_ROS2/install/tmr_moveit_config_tm5-900:/home/gy/Omron_TM_ROS2/install/tmr_description:/home/gy/Omron_TM_ROS2/install/tm_driver:/home/gy/Omron_TM_ROS2/install/demo:/home/gy/Omron_TM_ROS2/install/tm_models:/home/gy/Omron_TM_ROS2/install/custom_package:/home/gy/Omron_TM_ROS2/install/techman_robot_msgs:/home/gy/Omron_TM_ROS2/install/tmr_mod_urdf:/home/gy/Omron_TM_ROS2/install/tm_get_status:/home/gy/Omron_TM_ROS2/install/rviz_tm:/home/gy/Omron_TM_ROS2/install/pickplace:/opt/ros/foxy LD_LIBRARY_PATH=/home/gy/Omron_TM_ROS2/install/tm_msgs/lib:/home/gy/Omron_TM_ROS2/install/tmrlib/lib:/home/gy/Omron_TM_ROS2/install/tmr_msgs/lib:/home/gy/Omron_TM_ROS2/install/techman_robot_msgs/lib:/opt/ros/foxy/opt/yaml_cpp_vendor/lib:/opt/ros/foxy/opt/rviz_ogre_vendor/lib:/opt/ros/foxy/lib/x86_64-linux-gnu:/opt/ros/foxy/lib PYTHONPATH=/home/gy/Omron_TM_ROS2/install/tm_msgs/lib/python3.8/site-packages:/home/gy/Omron_TM_ROS2/install/tmr_msgs/lib/python3.8/site-packages:/home/gy/Omron_TM_ROS2/install/tmr_mod_urdf/lib/python3.8/site-packages:/home/gy/Omron_TM_ROS2/install/tm_get_status/lib/python3.8/site-packages:/home/gy/Omron_TM_ROS2/install/techman_robot_msgs/lib/python3.8/site-packages:/home/gy/Omron_TM_ROS2/install/rviz_tm/lib/python3.8/site-packages:/home/gy/Omron_TM_ROS2/install/pickplace/lib/python3.8/site-packages:/opt/ros/foxy/lib/python3.8/site-packages /usr/bin/cmake --install /home/gy/Omron_TM_ROS2/build/demo
[114.394s] -- Install configuration: ""
[114.394s] -- Installing: /home/gy/Omron_TM_ROS2/install/demo/lib/demo/demo_send_script
[114.394s] -- Set runtime path of "/home/gy/Omron_TM_ROS2/install/demo/lib/demo/demo_send_script" to ""
[114.394s] -- Installing: /home/gy/Omron_TM_ROS2/install/demo/lib/demo/demo_ask_sta
[114.394s] -- Set runtime path of "/home/gy/Omron_TM_ROS2/install/demo/lib/demo/demo_ask_sta" to ""
[114.394s] -- Installing: /home/gy/Omron_TM_ROS2/install/demo/lib/demo/demo_connect_tm
[114.402s] -- Set runtime path of "/home/gy/Omron_TM_ROS2/install/demo/lib/demo/demo_connect_tm" to ""
[114.402s] -- Installing: /home/gy/Omron_TM_ROS2/install/demo/lib/demo/demo_set_event
[114.403s] -- Set runtime path of "/home/gy/Omron_TM_ROS2/install/demo/lib/demo/demo_set_event" to ""
[114.404s] -- Installing: /home/gy/Omron_TM_ROS2/install/demo/lib/demo/demo_set_io
[114.405s] -- Set runtime path of "/home/gy/Omron_TM_ROS2/install/demo/lib/demo/demo_set_io" to ""
[114.408s] -- Installing: /home/gy/Omron_TM_ROS2/install/demo/lib/demo/demo_set_positions
[114.417s] -- Set runtime path of "/home/gy/Omron_TM_ROS2/install/demo/lib/demo/demo_set_positions" to ""
[114.417s] -- Installing: /home/gy/Omron_TM_ROS2/install/demo/lib/demo/demo_write_item
[114.420s] -- Set runtime path of "/home/gy/Omron_TM_ROS2/install/demo/lib/demo/demo_write_item" to ""
[114.420s] -- Installing: /home/gy/Omron_TM_ROS2/install/demo/lib/demo/demo_ask_item
[114.420s] -- Set runtime path of "/home/gy/Omron_TM_ROS2/install/demo/lib/demo/demo_ask_item" to ""
[114.420s] -- Installing: /home/gy/Omron_TM_ROS2/install/demo/lib/demo/demo_get_feedback
[114.430s] -- Set runtime path of "/home/gy/Omron_TM_ROS2/install/demo/lib/demo/demo_get_feedback" to ""
[114.430s] -- Installing: /home/gy/Omron_TM_ROS2/install/demo/lib/demo/demo_get_sct_response
[114.433s] -- Set runtime path of "/home/gy/Omron_TM_ROS2/install/demo/lib/demo/demo_get_sct_response" to ""
[114.433s] -- Installing: /home/gy/Omron_TM_ROS2/install/demo/lib/demo/demo_get_sta_response
[114.447s] -- Set runtime path of "/home/gy/Omron_TM_ROS2/install/demo/lib/demo/demo_get_sta_response" to ""
[114.447s] -- Installing: /home/gy/Omron_TM_ROS2/install/demo/lib/demo/demo_get_svr_response
[114.462s] -- Set runtime path of "/home/gy/Omron_TM_ROS2/install/demo/lib/demo/demo_get_svr_response" to ""
[114.465s] -- Installing: /home/gy/Omron_TM_ROS2/install/demo/lib/demo/demo_leave_listen_node
[114.469s] -- Set runtime path of "/home/gy/Omron_TM_ROS2/install/demo/lib/demo/demo_leave_listen_node" to ""
[114.469s] -- Installing: /home/gy/Omron_TM_ROS2/install/demo/share/ament_index/resource_index/package_run_dependencies/demo
[114.469s] -- Installing: /home/gy/Omron_TM_ROS2/install/demo/share/ament_index/resource_index/parent_prefix_path/demo
[114.469s] -- Installing: /home/gy/Omron_TM_ROS2/install/demo/share/demo/environment/ament_prefix_path.sh
[114.469s] -- Installing: /home/gy/Omron_TM_ROS2/install/demo/share/demo/environment/ament_prefix_path.dsv
[114.469s] -- Installing: /home/gy/Omron_TM_ROS2/install/demo/share/demo/environment/path.sh
[114.478s] -- Installing: /home/gy/Omron_TM_ROS2/install/demo/share/demo/environment/path.dsv
[114.478s] -- Installing: /home/gy/Omron_TM_ROS2/install/demo/share/demo/local_setup.bash
[114.478s] -- Installing: /home/gy/Omron_TM_ROS2/install/demo/share/demo/local_setup.sh
[114.479s] -- Installing: /home/gy/Omron_TM_ROS2/install/demo/share/demo/local_setup.zsh
[114.479s] -- Installing: /home/gy/Omron_TM_ROS2/install/demo/share/demo/local_setup.dsv
[114.480s] -- Installing: /home/gy/Omron_TM_ROS2/install/demo/share/demo/package.dsv
[114.480s] -- Installing: /home/gy/Omron_TM_ROS2/install/demo/share/ament_index/resource_index/packages/demo
[114.480s] -- Installing: /home/gy/Omron_TM_ROS2/install/demo/share/demo/cmake/demoConfig.cmake
[114.480s] -- Installing: /home/gy/Omron_TM_ROS2/install/demo/share/demo/cmake/demoConfig-version.cmake
[114.480s] -- Installing: /home/gy/Omron_TM_ROS2/install/demo/share/demo/package.xml
[114.491s] Invoked command in '/home/gy/Omron_TM_ROS2/build/demo' returned '0': CMAKE_PREFIX_PATH=/home/gy/Omron_TM_ROS2/install/tm_msgs:/home/gy/Omron_TM_ROS2/install/ui_for_debug_and_demo:/home/gy/Omron_TM_ROS2/install/tmr_driver:/home/gy/Omron_TM_ROS2/install/tmrlib:/home/gy/Omron_TM_ROS2/install/tmr_msgs:/home/gy/Omron_TM_ROS2/install/tmr_moveit_cpp_demo:/home/gy/Omron_TM_ROS2/install/tmr_moveit_config_tm5-900:/home/gy/Omron_TM_ROS2/install/tmr_description:/home/gy/Omron_TM_ROS2/install/tm_driver:/home/gy/Omron_TM_ROS2/install/demo:/home/gy/Omron_TM_ROS2/install/tm_models:/home/gy/Omron_TM_ROS2/install/custom_package:/home/gy/Omron_TM_ROS2/install/techman_robot_msgs:/home/gy/Omron_TM_ROS2/install/tmr_mod_urdf:/home/gy/Omron_TM_ROS2/install/tm_get_status:/home/gy/Omron_TM_ROS2/install/rviz_tm:/home/gy/Omron_TM_ROS2/install/pickplace:/opt/ros/foxy LD_LIBRARY_PATH=/home/gy/Omron_TM_ROS2/install/tm_msgs/lib:/home/gy/Omron_TM_ROS2/install/tmrlib/lib:/home/gy/Omron_TM_ROS2/install/tmr_msgs/lib:/home/gy/Omron_TM_ROS2/install/techman_robot_msgs/lib:/opt/ros/foxy/opt/yaml_cpp_vendor/lib:/opt/ros/foxy/opt/rviz_ogre_vendor/lib:/opt/ros/foxy/lib/x86_64-linux-gnu:/opt/ros/foxy/lib PYTHONPATH=/home/gy/Omron_TM_ROS2/install/tm_msgs/lib/python3.8/site-packages:/home/gy/Omron_TM_ROS2/install/tmr_msgs/lib/python3.8/site-packages:/home/gy/Omron_TM_ROS2/install/tmr_mod_urdf/lib/python3.8/site-packages:/home/gy/Omron_TM_ROS2/install/tm_get_status/lib/python3.8/site-packages:/home/gy/Omron_TM_ROS2/install/techman_robot_msgs/lib/python3.8/site-packages:/home/gy/Omron_TM_ROS2/install/rviz_tm/lib/python3.8/site-packages:/home/gy/Omron_TM_ROS2/install/pickplace/lib/python3.8/site-packages:/opt/ros/foxy/lib/python3.8/site-packages /usr/bin/cmake --install /home/gy/Omron_TM_ROS2/build/demo
