[0.060s] Invoking command in '/home/omron/Omron_TM_ROS2/build/tmr_moveit_config_tm5-900': AMENT_PREFIX_PATH=/home/omron/Omron_TM_ROS2/install/tmr_description:${AMENT_PREFIX_PATH} CMAKE_PREFIX_PATH=/home/omron/Omron_TM_ROS2/install/tmr_description:/opt/ros/foxy /usr/bin/cmake /home/omron/Omron_TM_ROS2/tmr_moveit_config_tm5-900 -DCMAKE_INSTALL_PREFIX=/home/omron/Omron_TM_ROS2/install/tmr_moveit_config_tm5-900
[0.298s] -- The C compiler identification is GNU 9.3.0
[0.502s] -- The CXX compiler identification is GNU 9.3.0
[0.521s] -- Check for working C compiler: /usr/bin/cc
[0.886s] -- Check for working C compiler: /usr/bin/cc -- works
[0.888s] -- Detecting C compiler ABI info
[1.277s] -- Detecting C compiler ABI info - done
[1.333s] -- Detecting C compile features
[1.334s] -- Detecting C compile features - done
[1.353s] -- Check for working CXX compiler: /usr/bin/c++
[1.744s] -- Check for working CXX compiler: /usr/bin/c++ -- works
[1.745s] -- Detecting CXX compiler ABI info
[2.264s] -- Detecting CXX compiler ABI info - done
[2.298s] -- Detecting CXX compile features
[2.299s] -- Detecting CXX compile features - done
[2.315s] -- Found ament_cmake: 0.9.8 (/opt/ros/foxy/share/ament_cmake/cmake)
[2.401s] -- Found PythonInterp: /usr/bin/python3 (found suitable version "3.8.5", minimum required is "3") 
[2.401s] -- Using PYTHON_EXECUTABLE: /usr/bin/python3
[3.191s] -- Configuring done
[3.194s] -- Generating done
[3.195s] -- Build files have been written to: /home/omron/Omron_TM_ROS2/build/tmr_moveit_config_tm5-900
[3.202s] Invoked command in '/home/omron/Omron_TM_ROS2/build/tmr_moveit_config_tm5-900' returned '0': AMENT_PREFIX_PATH=/home/omron/Omron_TM_ROS2/install/tmr_description:${AMENT_PREFIX_PATH} CMAKE_PREFIX_PATH=/home/omron/Omron_TM_ROS2/install/tmr_description:/opt/ros/foxy /usr/bin/cmake /home/omron/Omron_TM_ROS2/tmr_moveit_config_tm5-900 -DCMAKE_INSTALL_PREFIX=/home/omron/Omron_TM_ROS2/install/tmr_moveit_config_tm5-900
[3.203s] Invoking command in '/home/omron/Omron_TM_ROS2/build/tmr_moveit_config_tm5-900': AMENT_PREFIX_PATH=/home/omron/Omron_TM_ROS2/install/tmr_description:${AMENT_PREFIX_PATH} CMAKE_PREFIX_PATH=/home/omron/Omron_TM_ROS2/install/tmr_description:/opt/ros/foxy /usr/bin/cmake --build /home/omron/Omron_TM_ROS2/build/tmr_moveit_config_tm5-900 -- -j8 -l8
[3.387s] Invoked command in '/home/omron/Omron_TM_ROS2/build/tmr_moveit_config_tm5-900' returned '0': AMENT_PREFIX_PATH=/home/omron/Omron_TM_ROS2/install/tmr_description:${AMENT_PREFIX_PATH} CMAKE_PREFIX_PATH=/home/omron/Omron_TM_ROS2/install/tmr_description:/opt/ros/foxy /usr/bin/cmake --build /home/omron/Omron_TM_ROS2/build/tmr_moveit_config_tm5-900 -- -j8 -l8
[3.564s] Invoking command in '/home/omron/Omron_TM_ROS2/build/tmr_moveit_config_tm5-900': AMENT_PREFIX_PATH=/home/omron/Omron_TM_ROS2/install/tmr_description:${AMENT_PREFIX_PATH} CMAKE_PREFIX_PATH=/home/omron/Omron_TM_ROS2/install/tmr_description:/opt/ros/foxy /usr/bin/cmake --install /home/omron/Omron_TM_ROS2/build/tmr_moveit_config_tm5-900
[3.574s] -- Install configuration: ""
[3.574s] -- Installing: /home/omron/Omron_TM_ROS2/install/tmr_moveit_config_tm5-900/share/ament_index/resource_index/package_run_dependencies/tmr_moveit_config_tm5-900
[3.574s] -- Installing: /home/omron/Omron_TM_ROS2/install/tmr_moveit_config_tm5-900/share/ament_index/resource_index/parent_prefix_path/tmr_moveit_config_tm5-900
[3.574s] -- Installing: /home/omron/Omron_TM_ROS2/install/tmr_moveit_config_tm5-900/share/tmr_moveit_config_tm5-900/environment/ament_prefix_path.sh
[3.575s] -- Installing: /home/omron/Omron_TM_ROS2/install/tmr_moveit_config_tm5-900/share/tmr_moveit_config_tm5-900/environment/ament_prefix_path.dsv
[3.575s] -- Installing: /home/omron/Omron_TM_ROS2/install/tmr_moveit_config_tm5-900/share/tmr_moveit_config_tm5-900/environment/path.sh
[3.575s] -- Installing: /home/omron/Omron_TM_ROS2/install/tmr_moveit_config_tm5-900/share/tmr_moveit_config_tm5-900/environment/path.dsv
[3.575s] -- Installing: /home/omron/Omron_TM_ROS2/install/tmr_moveit_config_tm5-900/share/tmr_moveit_config_tm5-900/local_setup.bash
[3.575s] -- Installing: /home/omron/Omron_TM_ROS2/install/tmr_moveit_config_tm5-900/share/tmr_moveit_config_tm5-900/local_setup.sh
[3.576s] -- Installing: /home/omron/Omron_TM_ROS2/install/tmr_moveit_config_tm5-900/share/tmr_moveit_config_tm5-900/local_setup.zsh
[3.576s] -- Installing: /home/omron/Omron_TM_ROS2/install/tmr_moveit_config_tm5-900/share/tmr_moveit_config_tm5-900/local_setup.dsv
[3.576s] -- Installing: /home/omron/Omron_TM_ROS2/install/tmr_moveit_config_tm5-900/share/tmr_moveit_config_tm5-900/package.dsv
[3.576s] -- Installing: /home/omron/Omron_TM_ROS2/install/tmr_moveit_config_tm5-900/share/ament_index/resource_index/packages/tmr_moveit_config_tm5-900
[3.576s] -- Installing: /home/omron/Omron_TM_ROS2/install/tmr_moveit_config_tm5-900/share/tmr_moveit_config_tm5-900/cmake/tmr_moveit_config_tm5-900Config.cmake
[3.577s] -- Installing: /home/omron/Omron_TM_ROS2/install/tmr_moveit_config_tm5-900/share/tmr_moveit_config_tm5-900/cmake/tmr_moveit_config_tm5-900Config-version.cmake
[3.577s] -- Installing: /home/omron/Omron_TM_ROS2/install/tmr_moveit_config_tm5-900/share/tmr_moveit_config_tm5-900/package.xml
[3.577s] -- Installing: /home/omron/Omron_TM_ROS2/install/tmr_moveit_config_tm5-900/share/tmr_moveit_config_tm5-900/config
[3.577s] -- Installing: /home/omron/Omron_TM_ROS2/install/tmr_moveit_config_tm5-900/share/tmr_moveit_config_tm5-900/config/chomp_planning.yaml
[3.578s] -- Installing: /home/omron/Omron_TM_ROS2/install/tmr_moveit_config_tm5-900/share/tmr_moveit_config_tm5-900/config/tm5-900.srdf
[3.578s] -- Installing: /home/omron/Omron_TM_ROS2/install/tmr_moveit_config_tm5-900/share/tmr_moveit_config_tm5-900/config/sensors_3d.yaml
[3.578s] -- Installing: /home/omron/Omron_TM_ROS2/install/tmr_moveit_config_tm5-900/share/tmr_moveit_config_tm5-900/config/ompl_planning.yaml
[3.579s] -- Installing: /home/omron/Omron_TM_ROS2/install/tmr_moveit_config_tm5-900/share/tmr_moveit_config_tm5-900/config/stomp_planning.yaml
[3.579s] -- Installing: /home/omron/Omron_TM_ROS2/install/tmr_moveit_config_tm5-900/share/tmr_moveit_config_tm5-900/config/ros_controllers.yaml
[3.579s] -- Installing: /home/omron/Omron_TM_ROS2/install/tmr_moveit_config_tm5-900/share/tmr_moveit_config_tm5-900/config/joint_limits.yaml
[3.580s] -- Installing: /home/omron/Omron_TM_ROS2/install/tmr_moveit_config_tm5-900/share/tmr_moveit_config_tm5-900/config/fake_controllers.yaml
[3.580s] -- Installing: /home/omron/Omron_TM_ROS2/install/tmr_moveit_config_tm5-900/share/tmr_moveit_config_tm5-900/config/kinematics.yaml
[3.583s] Invoked command in '/home/omron/Omron_TM_ROS2/build/tmr_moveit_config_tm5-900' returned '0': AMENT_PREFIX_PATH=/home/omron/Omron_TM_ROS2/install/tmr_description:${AMENT_PREFIX_PATH} CMAKE_PREFIX_PATH=/home/omron/Omron_TM_ROS2/install/tmr_description:/opt/ros/foxy /usr/bin/cmake --install /home/omron/Omron_TM_ROS2/build/tmr_moveit_config_tm5-900
