[0.917s] Invoking command in '/home/gy/Omron_TM_ROS2/build/pickplace': PYTHONPATH=/home/gy/Omron_TM_ROS2/install/pickplace/lib/python3.8/site-packages:${PYTHONPATH} /usr/bin/python3 setup.py develop --prefix /home/gy/Omron_TM_ROS2/install/pickplace --editable --build-directory /home/gy/Omron_TM_ROS2/build/pickplace/build --no-deps install_data --install-dir /home/gy/Omron_TM_ROS2/install/pickplace
[2.087s] running develop
[2.590s] running egg_info
[2.591s] writing pickplace.egg-info/PKG-INFO
[2.591s] writing dependency_links to pickplace.egg-info/dependency_links.txt
[2.592s] writing entry points to pickplace.egg-info/entry_points.txt
[2.592s] writing requirements to pickplace.egg-info/requires.txt
[2.592s] writing top-level names to pickplace.egg-info/top_level.txt
[2.888s] reading manifest file 'pickplace.egg-info/SOURCES.txt'
[2.905s] writing manifest file 'pickplace.egg-info/SOURCES.txt'
[3.432s] running build_ext
[3.455s] Creating /home/gy/Omron_TM_ROS2/install/pickplace/lib/python3.8/site-packages/pickplace.egg-link (link to .)
[3.457s] Installing destination_publisher script to /home/gy/Omron_TM_ROS2/install/pickplace/lib/pickplace
[3.470s] Installing pickplace script to /home/gy/Omron_TM_ROS2/install/pickplace/lib/pickplace
[3.470s] Installing teach_setup script to /home/gy/Omron_TM_ROS2/install/pickplace/lib/pickplace
[3.471s] Installing test script to /home/gy/Omron_TM_ROS2/install/pickplace/lib/pickplace
[3.472s] 
[3.472s] Installed /home/gy/Omron_TM_ROS2/build/pickplace
[3.473s] running install_data
[3.474s] copying launch/pickplace.launch.py -> /home/gy/Omron_TM_ROS2/install/pickplace/share/pickplace
[3.525s] Invoked command in '/home/gy/Omron_TM_ROS2/build/pickplace' returned '0': PYTHONPATH=/home/gy/Omron_TM_ROS2/install/pickplace/lib/python3.8/site-packages:${PYTHONPATH} /usr/bin/python3 setup.py develop --prefix /home/gy/Omron_TM_ROS2/install/pickplace --editable --build-directory /home/gy/Omron_TM_ROS2/build/pickplace/build --no-deps install_data --install-dir /home/gy/Omron_TM_ROS2/install/pickplace
