[0.982s] Invoking command in '/home/gy/Omron_TM_ROS2/build/tm_get_status': PYTHONPATH=/home/gy/Omron_TM_ROS2/install/tm_get_status/lib/python3.8/site-packages:${PYTHONPATH} /usr/bin/python3 setup.py develop --prefix /home/gy/Omron_TM_ROS2/install/tm_get_status --editable --build-directory /home/gy/Omron_TM_ROS2/build/tm_get_status/build --no-deps install_data --install-dir /home/gy/Omron_TM_ROS2/install/tm_get_status
[1.853s] running develop
[2.275s] running egg_info
[2.275s] creating tm_get_status.egg-info
[2.276s] writing tm_get_status.egg-info/PKG-INFO
[2.276s] writing dependency_links to tm_get_status.egg-info/dependency_links.txt
[2.276s] writing entry points to tm_get_status.egg-info/entry_points.txt
[2.276s] writing requirements to tm_get_status.egg-info/requires.txt
[2.276s] writing top-level names to tm_get_status.egg-info/top_level.txt
[2.289s] writing manifest file 'tm_get_status.egg-info/SOURCES.txt'
[2.389s] reading manifest file 'tm_get_status.egg-info/SOURCES.txt'
[2.392s] writing manifest file 'tm_get_status.egg-info/SOURCES.txt'
[2.541s] running build_ext
[2.549s] Creating /home/gy/Omron_TM_ROS2/install/tm_get_status/lib/python3.8/site-packages/site.py
[2.553s] Creating /home/gy/Omron_TM_ROS2/install/tm_get_status/lib/python3.8/site-packages/tm-get-status.egg-link (link to .)
[2.556s] Installing image_talker script to /home/gy/Omron_TM_ROS2/install/tm_get_status/lib/tm_get_status
[2.557s] Installing status_talker script to /home/gy/Omron_TM_ROS2/install/tm_get_status/lib/tm_get_status
[2.557s] 
[2.558s] Installed /home/gy/Omron_TM_ROS2/build/tm_get_status
[2.558s] running install_data
[2.558s] creating /home/gy/Omron_TM_ROS2/install/tm_get_status/share/ament_index
[2.559s] creating /home/gy/Omron_TM_ROS2/install/tm_get_status/share/ament_index/resource_index
[2.559s] creating /home/gy/Omron_TM_ROS2/install/tm_get_status/share/ament_index/resource_index/packages
[2.559s] copying resource/tm_get_status -> /home/gy/Omron_TM_ROS2/install/tm_get_status/share/ament_index/resource_index/packages
[2.560s] copying package.xml -> /home/gy/Omron_TM_ROS2/install/tm_get_status/share/tm_get_status
[2.682s] Invoked command in '/home/gy/Omron_TM_ROS2/build/tm_get_status' returned '0': PYTHONPATH=/home/gy/Omron_TM_ROS2/install/tm_get_status/lib/python3.8/site-packages:${PYTHONPATH} /usr/bin/python3 setup.py develop --prefix /home/gy/Omron_TM_ROS2/install/tm_get_status --editable --build-directory /home/gy/Omron_TM_ROS2/build/tm_get_status/build --no-deps install_data --install-dir /home/gy/Omron_TM_ROS2/install/tm_get_status
