[0.485s] Invoking command in '/home/gy/Omron_TM_ROS2/build/pickplace': PYTHONPATH=/home/gy/Omron_TM_ROS2/install/pickplace/lib/python3.8/site-packages:${PYTHONPATH} /usr/bin/python3 setup.py develop --prefix /home/gy/Omron_TM_ROS2/install/pickplace --editable --build-directory /home/gy/Omron_TM_ROS2/build/pickplace/build --no-deps install_data --install-dir /home/gy/Omron_TM_ROS2/install/pickplace
[0.959s] running develop
[1.193s] running egg_info
[1.193s] writing pickplace.egg-info/PKG-INFO
[1.194s] writing dependency_links to pickplace.egg-info/dependency_links.txt
[1.194s] writing entry points to pickplace.egg-info/entry_points.txt
[1.195s] writing requirements to pickplace.egg-info/requires.txt
[1.195s] writing top-level names to pickplace.egg-info/top_level.txt
[1.265s] reading manifest file 'pickplace.egg-info/SOURCES.txt'
[1.268s] writing manifest file 'pickplace.egg-info/SOURCES.txt'
[1.347s] running build_ext
[1.348s] Creating /home/gy/Omron_TM_ROS2/install/pickplace/lib/python3.8/site-packages/pickplace.egg-link (link to .)
[1.350s] Installing destination_publisher script to /home/gy/Omron_TM_ROS2/install/pickplace/lib/pickplace
[1.350s] Installing pickplace script to /home/gy/Omron_TM_ROS2/install/pickplace/lib/pickplace
[1.350s] Installing teach_setup script to /home/gy/Omron_TM_ROS2/install/pickplace/lib/pickplace
[1.351s] Installing test script to /home/gy/Omron_TM_ROS2/install/pickplace/lib/pickplace
[1.351s] 
[1.351s] Installed /home/gy/Omron_TM_ROS2/build/pickplace
[1.351s] running install_data
[1.396s] Invoked command in '/home/gy/Omron_TM_ROS2/build/pickplace' returned '0': PYTHONPATH=/home/gy/Omron_TM_ROS2/install/pickplace/lib/python3.8/site-packages:${PYTHONPATH} /usr/bin/python3 setup.py develop --prefix /home/gy/Omron_TM_ROS2/install/pickplace --editable --build-directory /home/gy/Omron_TM_ROS2/build/pickplace/build --no-deps install_data --install-dir /home/gy/Omron_TM_ROS2/install/pickplace
